{"op_code": 0, "worker_id": "d02e07b9-6d92-4b4b-884d-e8127d966411-47279818202944", "study_name": "ANN", "directions": [1]}
{"op_code": 4, "worker_id": "d02e07b9-6d92-4b4b-884d-e8127d966411-47280521058048", "study_id": 0, "datetime_start": "2023-11-07T17:12:21.843788"}
{"op_code": 5, "worker_id": "d02e07b9-6d92-4b4b-884d-e8127d966411-47280521058048", "trial_id": 0, "param_name": "learning_rate_init", "param_value_internal": 0.09974089576434778, "distribution": "{\"name\": \"FloatDistribution\", \"attributes\": {\"step\": null, \"low\": 0.001, \"high\": 0.1, \"log\": false}}"}
{"op_code": 5, "worker_id": "d02e07b9-6d92-4b4b-884d-e8127d966411-47280521058048", "trial_id": 0, "param_name": "hidden_layer_sizes", "param_value_internal": 7, "distribution": "{\"name\": \"CategoricalDistribution\", \"attributes\": {\"choices\": [[5], [10], [20], [50], [5, 5], [10, 10], [20, 20], [50, 50], [5, 5, 5], [10, 10, 10], [50, 50, 50]]}}"}
{"op_code": 6, "worker_id": "d02e07b9-6d92-4b4b-884d-e8127d966411-47280521058048", "trial_id": 0, "state": 1, "values": [2.314678992777019], "datetime_complete": "2023-11-07T17:12:22.879609"}
{"op_code": 0, "worker_id": "654769b9-f876-4ea0-b294-90411a22c83a-47279818202944", "study_name": "ANN", "directions": [1]}
{"op_code": 4, "worker_id": "654769b9-f876-4ea0-b294-90411a22c83a-47280521058048", "study_id": 0, "datetime_start": "2023-11-07T17:19:08.476978"}
{"op_code": 5, "worker_id": "654769b9-f876-4ea0-b294-90411a22c83a-47280521058048", "trial_id": 1, "param_name": "learning_rate_init", "param_value_internal": 0.07027965462967402, "distribution": "{\"name\": \"FloatDistribution\", \"attributes\": {\"step\": null, \"low\": 0.001, \"high\": 0.1, \"log\": false}}"}
{"op_code": 5, "worker_id": "654769b9-f876-4ea0-b294-90411a22c83a-47280521058048", "trial_id": 1, "param_name": "hidden_layer_sizes", "param_value_internal": 2, "distribution": "{\"name\": \"CategoricalDistribution\", \"attributes\": {\"choices\": [[5], [10], [20], [50], [5, 5], [10, 10], [20, 20], [50, 50], [5, 5, 5], [10, 10, 10], [50, 50, 50]]}}"}
{"op_code": 6, "worker_id": "654769b9-f876-4ea0-b294-90411a22c83a-47280521058048", "trial_id": 1, "state": 1, "values": [1.8815188902624185], "datetime_complete": "2023-11-07T17:19:09.691483"}
{"op_code": 0, "worker_id": "87d7ad01-5775-4457-9d9e-7086179993dd-47279818202944", "study_name": "ANN", "directions": [1]}
{"op_code": 4, "worker_id": "87d7ad01-5775-4457-9d9e-7086179993dd-47280521058048", "study_id": 0, "datetime_start": "2023-11-07T17:25:57.391392"}
{"op_code": 5, "worker_id": "87d7ad01-5775-4457-9d9e-7086179993dd-47280521058048", "trial_id": 2, "param_name": "learning_rate_init", "param_value_internal": 0.07196262677479875, "distribution": "{\"name\": \"FloatDistribution\", \"attributes\": {\"step\": null, \"low\": 0.001, \"high\": 0.1, \"log\": false}}"}
{"op_code": 5, "worker_id": "87d7ad01-5775-4457-9d9e-7086179993dd-47280521058048", "trial_id": 2, "param_name": "hidden_layer_sizes", "param_value_internal": 6, "distribution": "{\"name\": \"CategoricalDistribution\", \"attributes\": {\"choices\": [[5], [10], [20], [50], [5, 5], [10, 10], [20, 20], [50, 50], [5, 5, 5], [10, 10, 10], [50, 50, 50]]}}"}
{"op_code": 6, "worker_id": "87d7ad01-5775-4457-9d9e-7086179993dd-47280521058048", "trial_id": 2, "state": 1, "values": [1.7380743162995156], "datetime_complete": "2023-11-07T17:25:58.717321"}
{"op_code": 0, "worker_id": "1d30cb44-4b7a-4ce8-8daa-33de34d22f17-47279818202944", "study_name": "ANN", "directions": [1]}
{"op_code": 4, "worker_id": "1d30cb44-4b7a-4ce8-8daa-33de34d22f17-47280521058048", "study_id": 0, "datetime_start": "2023-11-07T17:32:43.900182"}
{"op_code": 5, "worker_id": "1d30cb44-4b7a-4ce8-8daa-33de34d22f17-47280521058048", "trial_id": 3, "param_name": "learning_rate_init", "param_value_internal": 0.059179443068004746, "distribution": "{\"name\": \"FloatDistribution\", \"attributes\": {\"step\": null, \"low\": 0.001, \"high\": 0.1, \"log\": false}}"}
{"op_code": 5, "worker_id": "1d30cb44-4b7a-4ce8-8daa-33de34d22f17-47280521058048", "trial_id": 3, "param_name": "hidden_layer_sizes", "param_value_internal": 5, "distribution": "{\"name\": \"CategoricalDistribution\", \"attributes\": {\"choices\": [[5], [10], [20], [50], [5, 5], [10, 10], [20, 20], [50, 50], [5, 5, 5], [10, 10, 10], [50, 50, 50]]}}"}
{"op_code": 6, "worker_id": "1d30cb44-4b7a-4ce8-8daa-33de34d22f17-47280521058048", "trial_id": 3, "state": 1, "values": [1.6943843711377908], "datetime_complete": "2023-11-07T17:32:45.579713"}
{"op_code": 0, "worker_id": "1f15b37b-c270-478d-acbb-f327deccc67e-4812", "study_name": "ANN", "directions": [1]}
{"op_code": 4, "worker_id": "1f15b37b-c270-478d-acbb-f327deccc67e-8492", "study_id": 0, "datetime_start": "2023-11-13T20:41:38.639627"}
{"op_code": 5, "worker_id": "1f15b37b-c270-478d-acbb-f327deccc67e-8492", "trial_id": 4, "param_name": "learning_rate_init", "param_value_internal": 0.019557120238270224, "distribution": "{\"name\": \"FloatDistribution\", \"attributes\": {\"step\": null, \"low\": 0.001, \"high\": 0.1, \"log\": false}}"}
{"op_code": 5, "worker_id": "1f15b37b-c270-478d-acbb-f327deccc67e-8492", "trial_id": 4, "param_name": "hidden_layer_sizes", "param_value_internal": 3, "distribution": "{\"name\": \"CategoricalDistribution\", \"attributes\": {\"choices\": [[5], [10], [20], [50], [5, 5], [10, 10], [20, 20], [50, 50], [5, 5, 5], [10, 10, 10], [50, 50, 50]]}}"}
{"op_code": 6, "worker_id": "1f15b37b-c270-478d-acbb-f327deccc67e-8492", "trial_id": 4, "state": 1, "values": [3.13368439242083], "datetime_complete": "2023-11-13T20:41:39.028834"}
{"op_code": 0, "worker_id": "301a29ce-2a93-4e9c-ba52-5128decf00f6-9840", "study_name": "ANN", "directions": [1]}
{"op_code": 4, "worker_id": "301a29ce-2a93-4e9c-ba52-5128decf00f6-17876", "study_id": 0, "datetime_start": "2023-11-13T20:41:39.866169"}
{"op_code": 5, "worker_id": "301a29ce-2a93-4e9c-ba52-5128decf00f6-17876", "trial_id": 5, "param_name": "learning_rate_init", "param_value_internal": 0.06072874003026586, "distribution": "{\"name\": \"FloatDistribution\", \"attributes\": {\"step\": null, \"low\": 0.001, \"high\": 0.1, \"log\": false}}"}
{"op_code": 5, "worker_id": "301a29ce-2a93-4e9c-ba52-5128decf00f6-17876", "trial_id": 5, "param_name": "hidden_layer_sizes", "param_value_internal": 4, "distribution": "{\"name\": \"CategoricalDistribution\", \"attributes\": {\"choices\": [[5], [10], [20], [50], [5, 5], [10, 10], [20, 20], [50, 50], [5, 5, 5], [10, 10, 10], [50, 50, 50]]}}"}
{"op_code": 6, "worker_id": "301a29ce-2a93-4e9c-ba52-5128decf00f6-17876", "trial_id": 5, "state": 1, "values": [1.7103781370791575], "datetime_complete": "2023-11-13T20:41:40.518426"}
{"op_code": 0, "worker_id": "6c2bcb82-441f-4002-9e00-437391c022ed-6556", "study_name": "ANN", "directions": [1]}
{"op_code": 0, "worker_id": "07d534f4-c39b-4f47-9d2f-eaf61bfe4783-6556", "study_name": "ANN", "directions": [1]}
{"op_code": 0, "worker_id": "24832a1e-c0d2-460a-b696-6104667e9e3f-6556", "study_name": "ANN", "directions": [1]}
{"op_code": 0, "worker_id": "3ee748fe-c82c-4725-b063-9c6b1523bf84-6556", "study_name": "ANN", "directions": [1]}
{"op_code": 0, "worker_id": "8d85aa05-0b01-4f94-b264-a5cf9d0c173d-6556", "study_name": "ANN", "directions": [1]}
{"op_code": 0, "worker_id": "7f71b4ca-f76e-47dd-baa4-d2f22cae9d8a-2012", "study_name": "ANN", "directions": [1]}
{"op_code": 0, "worker_id": "96d7d0df-7f97-4343-965f-5be8dc670b69-2012", "study_name": "ANN", "directions": [1]}
{"op_code": 0, "worker_id": "f5a68410-a0b8-4ec9-b365-731b34beef00-2012", "study_name": "ANN", "directions": [1]}
{"op_code": 0, "worker_id": "0f04af6f-efd1-448f-a781-266ec783aeeb-2012", "study_name": "ANN", "directions": [1]}
{"op_code": 0, "worker_id": "e2619995-a237-4de1-a063-67787a5171ab-2012", "study_name": "ANN", "directions": [1]}
{"op_code": 0, "worker_id": "90dbb4dd-8275-4fbb-8501-517626e10632-2012", "study_name": "ANN", "directions": [1]}
{"op_code": 4, "worker_id": "7f71b4ca-f76e-47dd-baa4-d2f22cae9d8a-13764", "study_id": 0, "datetime_start": "2023-11-14T13:25:38.936497"}
{"op_code": 5, "worker_id": "7f71b4ca-f76e-47dd-baa4-d2f22cae9d8a-13764", "trial_id": 6, "param_name": "learning_rate_init", "param_value_internal": 0.04843158604991486, "distribution": "{\"name\": \"FloatDistribution\", \"attributes\": {\"step\": null, \"low\": 0.001, \"high\": 0.1, \"log\": false}}"}
{"op_code": 5, "worker_id": "7f71b4ca-f76e-47dd-baa4-d2f22cae9d8a-13764", "trial_id": 6, "param_name": "hidden_layer_sizes", "param_value_internal": 10, "distribution": "{\"name\": \"CategoricalDistribution\", \"attributes\": {\"choices\": [[5], [10], [20], [50], [5, 5], [10, 10], [20, 20], [50, 50], [5, 5, 5], [10, 10, 10], [50, 50, 50]]}}"}
{"op_code": 6, "worker_id": "7f71b4ca-f76e-47dd-baa4-d2f22cae9d8a-13764", "trial_id": 6, "state": 1, "values": [2.0869423463391414], "datetime_complete": "2023-11-14T13:25:48.355470"}
{"op_code": 4, "worker_id": "96d7d0df-7f97-4343-965f-5be8dc670b69-17016", "study_id": 0, "datetime_start": "2023-11-14T13:27:24.397649"}
{"op_code": 5, "worker_id": "96d7d0df-7f97-4343-965f-5be8dc670b69-17016", "trial_id": 7, "param_name": "learning_rate_init", "param_value_internal": 0.014049492728372834, "distribution": "{\"name\": \"FloatDistribution\", \"attributes\": {\"step\": null, \"low\": 0.001, \"high\": 0.1, \"log\": false}}"}
{"op_code": 5, "worker_id": "96d7d0df-7f97-4343-965f-5be8dc670b69-17016", "trial_id": 7, "param_name": "hidden_layer_sizes", "param_value_internal": 8, "distribution": "{\"name\": \"CategoricalDistribution\", \"attributes\": {\"choices\": [[5], [10], [20], [50], [5, 5], [10, 10], [20, 20], [50, 50], [5, 5, 5], [10, 10, 10], [50, 50, 50]]}}"}
{"op_code": 6, "worker_id": "96d7d0df-7f97-4343-965f-5be8dc670b69-17016", "trial_id": 7, "state": 1, "values": [2.3325405447132717], "datetime_complete": "2023-11-14T13:27:31.888510"}
{"op_code": 0, "worker_id": "632cbade-b681-4992-b41c-125c9736f884-4160", "study_name": "ANN", "directions": [1]}
{"op_code": 0, "worker_id": "98e5fedc-2b62-430e-9302-be4a627b5b31-4160", "study_name": "ANN", "directions": [1]}
{"op_code": 0, "worker_id": "d2e5fe3f-70e5-4273-870e-9ce6e35db6f0-4160", "study_name": "ANN", "directions": [1]}
{"op_code": 0, "worker_id": "d104e47b-d410-4eac-8c55-7b10f8145f03-4160", "study_name": "ANN", "directions": [1]}
{"op_code": 0, "worker_id": "d4b39cf8-273d-4e4a-a402-0ac65db0ae42-4160", "study_name": "ANN", "directions": [1]}
{"op_code": 0, "worker_id": "4495cea4-b8f0-4e99-a421-a53b83f951e9-4160", "study_name": "ANN", "directions": [1]}
{"op_code": 0, "worker_id": "9b763ec3-c52e-4d31-bba2-ad67a75dc3fb-4160", "study_name": "ANN", "directions": [1]}
{"op_code": 0, "worker_id": "964193c3-2817-4a71-ad5f-54432ef3f092-4160", "study_name": "ANN", "directions": [1]}
{"op_code": 0, "worker_id": "89ace52b-8b67-41d8-9b5f-0f8da8a42c69-4160", "study_name": "ANN", "directions": [1]}
{"op_code": 0, "worker_id": "28db424a-e617-46ab-9bac-c8df69ae1728-4160", "study_name": "ANN", "directions": [1]}
{"op_code": 0, "worker_id": "54828579-a775-4a49-856e-cb9e62cdba81-4160", "study_name": "ANN", "directions": [1]}
{"op_code": 0, "worker_id": "78ebf7c2-6e56-4e59-9508-4292ba8d98b0-4160", "study_name": "ANN", "directions": [1]}
{"op_code": 0, "worker_id": "e8fc1395-51ea-490e-b829-fc3bbe1396d0-4160", "study_name": "ANN", "directions": [1]}
{"op_code": 0, "worker_id": "2d291b6c-09f8-42b5-8a3d-09aaa9822085-4160", "study_name": "ANN", "directions": [1]}
{"op_code": 0, "worker_id": "316bc9d3-0e91-44ac-9937-6b495ffcd7e0-4160", "study_name": "ANN", "directions": [1]}
{"op_code": 0, "worker_id": "d3217e79-4edb-4a6a-a65f-bad6318d6d39-4160", "study_name": "ANN", "directions": [1]}
{"op_code": 0, "worker_id": "7d46ef57-6b92-4557-82d3-78e6a8a21ea9-4160", "study_name": "ANN", "directions": [1]}
{"op_code": 0, "worker_id": "6120b1f2-75ad-46f4-94b2-894b3eec64a5-4160", "study_name": "ANN", "directions": [1]}
{"op_code": 0, "worker_id": "89a8c398-f079-4719-8ed4-bd70c63fd80e-4160", "study_name": "ANN", "directions": [1]}
{"op_code": 0, "worker_id": "7cffeb7e-3d2e-4f65-8dca-c14b2f1553bf-4160", "study_name": "ANN", "directions": [1]}
{"op_code": 0, "worker_id": "3de55a43-7db6-462a-a9c8-6c79412722ba-4160", "study_name": "ANN", "directions": [1]}
{"op_code": 0, "worker_id": "950a568c-abf6-4f26-9934-99c77e84d11f-4160", "study_name": "ANN", "directions": [1]}
{"op_code": 0, "worker_id": "ff82c7f7-29fb-450c-90b2-5e7d3199c236-4160", "study_name": "ANN", "directions": [1]}
{"op_code": 0, "worker_id": "d2d00c9b-3dca-4a5a-ae14-752bca88d1ed-4160", "study_name": "ANN", "directions": [1]}
{"op_code": 0, "worker_id": "7fdc1602-90ce-4dec-83e2-64d108a5ef18-4160", "study_name": "ANN", "directions": [1]}
{"op_code": 0, "worker_id": "bc04779a-2164-4dbd-914f-5f0f6937dbda-4160", "study_name": "ANN", "directions": [1]}
{"op_code": 0, "worker_id": "d25892b1-8c24-4f72-a694-376b5dbf1665-4160", "study_name": "ANN", "directions": [1]}
{"op_code": 0, "worker_id": "8f8c57c9-2584-488f-92fd-5e382878c58a-4160", "study_name": "ANN", "directions": [1]}
{"op_code": 0, "worker_id": "5c8354cd-0b15-407c-9bae-0276dc39c0b8-4160", "study_name": "ANN", "directions": [1]}
{"op_code": 0, "worker_id": "738331ef-e134-44a4-a273-4cfbdf3df844-4160", "study_name": "ANN", "directions": [1]}
{"op_code": 0, "worker_id": "84c05fbf-0c36-4129-804b-c68881d497b5-4160", "study_name": "ANN", "directions": [1]}
{"op_code": 0, "worker_id": "917d5f20-0fe9-4cf3-9381-53aa9766f3b7-4160", "study_name": "ANN", "directions": [1]}
{"op_code": 0, "worker_id": "08b58e55-4ce2-45e6-856c-1f1be079c538-4160", "study_name": "ANN", "directions": [1]}
{"op_code": 0, "worker_id": "53cf2de7-3a26-427d-9f17-b7a93317f878-4160", "study_name": "ANN", "directions": [1]}
{"op_code": 0, "worker_id": "0bc9149b-785c-4b73-9cd2-efdb5d369892-4160", "study_name": "ANN", "directions": [1]}
{"op_code": 0, "worker_id": "a2c9f70b-37b7-415c-9749-8aee69493b7e-4160", "study_name": "ANN", "directions": [1]}
{"op_code": 0, "worker_id": "0eeb78bc-3c33-4d5a-b4ac-b354f6e717f2-4160", "study_name": "ANN", "directions": [1]}
{"op_code": 0, "worker_id": "6a9b5963-ff9f-482e-91c2-6822de519249-4160", "study_name": "ANN", "directions": [1]}
{"op_code": 0, "worker_id": "b224c113-9b34-48fc-afdd-80bf960b021d-4160", "study_name": "ANN", "directions": [1]}
{"op_code": 0, "worker_id": "3cbd0deb-87f7-4328-adea-9541638cc7ac-4160", "study_name": "ANN", "directions": [1]}
{"op_code": 0, "worker_id": "38395072-e7c1-410b-855a-fffe599c1274-4160", "study_name": "ANN", "directions": [1]}
{"op_code": 0, "worker_id": "88f3f4d8-98e3-4001-a030-96a772529b8a-4160", "study_name": "ANN", "directions": [1]}
{"op_code": 0, "worker_id": "6456c7f9-6910-471f-b597-10d8e5b51b9c-4160", "study_name": "ANN", "directions": [1]}
{"op_code": 0, "worker_id": "45d6330d-860e-44df-baba-346473208373-4160", "study_name": "ANN", "directions": [1]}
{"op_code": 0, "worker_id": "f4f020a5-fdc1-4732-a551-5db1cba8506b-4160", "study_name": "ANN", "directions": [1]}
{"op_code": 0, "worker_id": "c9afad6b-d8cb-4125-9665-315b3e72ed2f-4160", "study_name": "ANN", "directions": [1]}
{"op_code": 0, "worker_id": "82fd740c-de92-4483-b8ee-521c9dc961ea-4160", "study_name": "ANN", "directions": [1]}
{"op_code": 0, "worker_id": "e6284385-bf74-4f04-8656-476622f1571c-4160", "study_name": "ANN", "directions": [1]}
{"op_code": 0, "worker_id": "2732a6a6-b229-47fe-9c9c-314f355f56e5-4160", "study_name": "ANN", "directions": [1]}
{"op_code": 0, "worker_id": "263bb19d-2291-4662-b184-a250b97dc1a9-4160", "study_name": "ANN", "directions": [1]}
{"op_code": 0, "worker_id": "f2dacdd3-d717-4fdd-b556-0caaf549a169-4160", "study_name": "ANN", "directions": [1]}
{"op_code": 0, "worker_id": "e8c9adac-6b52-4ad6-8db5-a0483161a822-4160", "study_name": "ANN", "directions": [1]}
{"op_code": 0, "worker_id": "73c6b409-d969-499a-98c9-cc6bd96f2df0-4160", "study_name": "ANN", "directions": [1]}
{"op_code": 0, "worker_id": "e247862e-3e89-4a94-b414-41c939a5760e-4160", "study_name": "ANN", "directions": [1]}
{"op_code": 0, "worker_id": "28ba1b52-8fc1-4021-871d-b9d56a4d1116-4160", "study_name": "ANN", "directions": [1]}
{"op_code": 0, "worker_id": "9c4a200d-a138-42f6-8b99-78de43b9016d-4160", "study_name": "ANN", "directions": [1]}
{"op_code": 0, "worker_id": "d24619b3-cd22-4578-a01d-3cae87a15f6d-4160", "study_name": "ANN", "directions": [1]}
{"op_code": 0, "worker_id": "64476316-b2d6-476c-b794-612eb042e31f-4160", "study_name": "ANN", "directions": [1]}
{"op_code": 0, "worker_id": "71cfa052-60c1-474a-b31e-c2f2083bc99c-4160", "study_name": "ANN", "directions": [1]}
{"op_code": 0, "worker_id": "6180bcbc-5aba-4885-821f-014786bb609b-4160", "study_name": "ANN", "directions": [1]}
{"op_code": 0, "worker_id": "dbf503e6-f69f-4602-8ad2-d11e621a90f1-4160", "study_name": "ANN", "directions": [1]}
{"op_code": 0, "worker_id": "0b4e4c88-dde9-4047-99fc-d967bd2de9ac-4160", "study_name": "ANN", "directions": [1]}
{"op_code": 0, "worker_id": "3146ee10-9104-45ed-997b-c839db2def90-4160", "study_name": "ANN", "directions": [1]}
{"op_code": 0, "worker_id": "6e479664-99b8-46db-8f12-f7fe74e7be4d-4160", "study_name": "ANN", "directions": [1]}
{"op_code": 0, "worker_id": "de2fc9a9-eaf6-4fbd-baff-f5f5b9f0992f-4160", "study_name": "ANN", "directions": [1]}
{"op_code": 0, "worker_id": "489b116f-106b-4fe8-8e5a-d965142f30d8-4160", "study_name": "ANN", "directions": [1]}
{"op_code": 0, "worker_id": "b4d50a5a-5f63-4d26-9545-76421d063296-4160", "study_name": "ANN", "directions": [1]}
{"op_code": 0, "worker_id": "05de566a-91e2-4286-8e13-220f1555c88d-4160", "study_name": "ANN", "directions": [1]}
{"op_code": 0, "worker_id": "9899da05-0683-4d3d-ae31-a401f8339021-4160", "study_name": "ANN", "directions": [1]}
{"op_code": 0, "worker_id": "4ebdbb96-09e4-411b-8ade-ffd6c466d4d5-4160", "study_name": "ANN", "directions": [1]}
{"op_code": 0, "worker_id": "d9ff8b11-8a88-40a1-89fe-dda9f867ec21-4160", "study_name": "ANN", "directions": [1]}
{"op_code": 0, "worker_id": "9a1673c1-756a-48c7-a714-d7891ec91152-4160", "study_name": "ANN", "directions": [1]}
{"op_code": 0, "worker_id": "a54d6eb0-083b-4d18-bcbe-d214fa04bbda-4160", "study_name": "ANN", "directions": [1]}
{"op_code": 0, "worker_id": "5f4baf51-82f9-4efb-b29a-8d96a8b75b7b-4160", "study_name": "ANN", "directions": [1]}
{"op_code": 0, "worker_id": "251adaf7-cfab-465b-b0f5-20162428d6ba-4160", "study_name": "ANN", "directions": [1]}
{"op_code": 0, "worker_id": "b1abad6d-967f-438a-bc23-88e6db4aa84e-4160", "study_name": "ANN", "directions": [1]}
{"op_code": 0, "worker_id": "352d73c3-f5c0-4ff4-bbb9-81ce64bf3cdf-4160", "study_name": "ANN", "directions": [1]}
{"op_code": 0, "worker_id": "ed5ad42d-e6a0-447d-92f3-739c6b11425d-4160", "study_name": "ANN", "directions": [1]}
{"op_code": 0, "worker_id": "930036f3-94c6-46c5-86aa-ff90615b57da-4160", "study_name": "ANN", "directions": [1]}
{"op_code": 0, "worker_id": "5b94305b-b36e-48cf-997a-37c4a75ee3ab-4160", "study_name": "ANN", "directions": [1]}
{"op_code": 0, "worker_id": "9bf81bd4-22bf-4be7-a2a8-27398db9263e-4160", "study_name": "ANN", "directions": [1]}
{"op_code": 0, "worker_id": "b8c6088e-b444-48c0-9ecc-90674a732367-4160", "study_name": "ANN", "directions": [1]}
{"op_code": 0, "worker_id": "cf23b884-5b80-446e-b243-afe9d933b989-4160", "study_name": "ANN", "directions": [1]}
{"op_code": 0, "worker_id": "4986b85d-230e-41b0-ad63-ea7043abe759-4160", "study_name": "ANN", "directions": [1]}
{"op_code": 0, "worker_id": "35a6f71a-6045-4ad7-aaa8-89d7efa6d0b2-4160", "study_name": "ANN", "directions": [1]}
{"op_code": 0, "worker_id": "cf6d514a-c210-4539-956f-96173b639f8d-4160", "study_name": "ANN", "directions": [1]}
{"op_code": 0, "worker_id": "dbc1aa5b-7444-4abe-9b4d-259393bbf466-4160", "study_name": "ANN", "directions": [1]}
{"op_code": 0, "worker_id": "1acb0361-234c-4759-aeda-b3e303193d2a-4160", "study_name": "ANN", "directions": [1]}
{"op_code": 0, "worker_id": "79c67c3e-a72f-4d22-9469-b94b417113ba-4160", "study_name": "ANN", "directions": [1]}
{"op_code": 0, "worker_id": "371725cf-eac0-4bf7-b7cc-25579a397104-4160", "study_name": "ANN", "directions": [1]}
{"op_code": 0, "worker_id": "9040b364-d392-4d04-80e7-8bc0c894b1fa-4160", "study_name": "ANN", "directions": [1]}
{"op_code": 0, "worker_id": "59c1e2c3-5db5-4620-b62a-cf8951397fec-4160", "study_name": "ANN", "directions": [1]}
{"op_code": 0, "worker_id": "c2f208ef-805b-44a6-a4f0-9015e95c112c-4160", "study_name": "ANN", "directions": [1]}
{"op_code": 0, "worker_id": "772d5534-ef59-4e91-92b6-1a8b7f14c51c-4160", "study_name": "ANN", "directions": [1]}
{"op_code": 0, "worker_id": "ed5692a3-1efd-4e22-a7a4-4d723a53b370-4160", "study_name": "ANN", "directions": [1]}
{"op_code": 0, "worker_id": "3b3e38a1-b3cf-4be0-81e2-997bf439aaf7-4160", "study_name": "ANN", "directions": [1]}
{"op_code": 0, "worker_id": "7c1aea42-b4d2-4c25-b8ee-bbfe0d7a3352-4160", "study_name": "ANN", "directions": [1]}
{"op_code": 0, "worker_id": "8876215d-0816-450f-b292-f3edbfab238c-4160", "study_name": "ANN", "directions": [1]}
{"op_code": 0, "worker_id": "205f513f-a5f2-406f-b833-c04b8d741cad-4160", "study_name": "ANN", "directions": [1]}
{"op_code": 0, "worker_id": "f5512751-5457-4bd6-8298-08b4f85ad2c9-4160", "study_name": "ANN", "directions": [1]}
{"op_code": 0, "worker_id": "87007d10-e605-4a47-8aee-6786ed25964b-4160", "study_name": "ANN", "directions": [1]}
{"op_code": 0, "worker_id": "0154c709-6943-42d5-b810-53d606c4b7e8-4160", "study_name": "ANN", "directions": [1]}
{"op_code": 0, "worker_id": "4be6b5e6-6386-4ff8-a67a-0ddfd9230cbf-4160", "study_name": "ANN", "directions": [1]}
{"op_code": 0, "worker_id": "563558c7-0a9a-49ac-b60c-c7f36d91c3e7-4160", "study_name": "ANN", "directions": [1]}
{"op_code": 0, "worker_id": "90b3cf9f-e037-44e7-83a2-f3c8bb0dd00c-4160", "study_name": "ANN", "directions": [1]}
{"op_code": 0, "worker_id": "ca1e4191-1982-4fa6-9553-2b60b095c46f-4160", "study_name": "ANN", "directions": [1]}
{"op_code": 0, "worker_id": "41d8b523-a657-4488-b0e6-e5dd75e57db6-4160", "study_name": "ANN", "directions": [1]}
{"op_code": 0, "worker_id": "8f8f0b1e-14d6-4bed-9844-8d66d51b02df-4160", "study_name": "ANN", "directions": [1]}
{"op_code": 0, "worker_id": "e1c6420e-40f8-447d-9393-fca0c962e0de-4160", "study_name": "ANN", "directions": [1]}
{"op_code": 0, "worker_id": "a52e301a-d15e-4abb-b925-ec9118f801b5-4160", "study_name": "ANN", "directions": [1]}
{"op_code": 0, "worker_id": "f134130d-5352-4fe7-862a-8895b11cf200-4160", "study_name": "ANN", "directions": [1]}
{"op_code": 0, "worker_id": "07f6e1ec-3b56-4122-9b01-1f884ba78e2a-4160", "study_name": "ANN", "directions": [1]}
{"op_code": 0, "worker_id": "3ec47444-36d1-4a47-9435-2114d87d2811-4160", "study_name": "ANN", "directions": [1]}
{"op_code": 0, "worker_id": "ae8c8b6b-172e-44f3-8118-119ef5532c2e-4160", "study_name": "ANN", "directions": [1]}
{"op_code": 0, "worker_id": "bdd7b744-cc66-4f89-9534-fdf9f9d5419e-4160", "study_name": "ANN", "directions": [1]}
{"op_code": 0, "worker_id": "13dbd53c-b214-4440-abe8-a1cb89581931-4160", "study_name": "ANN", "directions": [1]}
{"op_code": 0, "worker_id": "4e1d7781-b782-4d92-a1be-b999ba9ac22e-4160", "study_name": "ANN", "directions": [1]}
{"op_code": 0, "worker_id": "641e5f7f-3fe1-419b-9ce2-d4d043fa8fdf-4160", "study_name": "ANN", "directions": [1]}
{"op_code": 0, "worker_id": "2a310b74-2f80-49fd-9c7f-dcf732c1caf7-4160", "study_name": "ANN", "directions": [1]}
{"op_code": 0, "worker_id": "af8c5324-42b1-46aa-9b69-9e08baaa9519-4160", "study_name": "ANN", "directions": [1]}
{"op_code": 0, "worker_id": "9ff6fbe5-20f0-42c8-8a40-65700b70324e-4160", "study_name": "ANN", "directions": [1]}
{"op_code": 0, "worker_id": "52e8d644-b1b4-4223-a6e2-a09777034dc4-4160", "study_name": "ANN", "directions": [1]}
{"op_code": 0, "worker_id": "3ebc8c9d-0800-43ae-b6cb-551456581214-4160", "study_name": "ANN", "directions": [1]}
{"op_code": 0, "worker_id": "4f14e230-2a8f-4910-8645-08779fcbba93-4160", "study_name": "ANN", "directions": [1]}
{"op_code": 0, "worker_id": "5b80444e-5e3e-44cf-91ce-8e1fccbc6ca5-4160", "study_name": "ANN", "directions": [1]}
{"op_code": 0, "worker_id": "579e4641-4b8c-4628-811b-97e57a6ca778-4160", "study_name": "ANN", "directions": [1]}
{"op_code": 0, "worker_id": "dd02fcd9-80fa-4bab-9e91-e4a8853818b1-4160", "study_name": "ANN", "directions": [1]}
{"op_code": 0, "worker_id": "708cf957-3fd6-4ab6-8595-6d13e9ddae72-4160", "study_name": "ANN", "directions": [1]}
{"op_code": 0, "worker_id": "551a937b-857d-4e9a-bc2c-a04a55ed904a-4160", "study_name": "ANN", "directions": [1]}
{"op_code": 0, "worker_id": "e56fb494-691e-430f-a39b-7b2a5b1d2ab3-4160", "study_name": "ANN", "directions": [1]}
{"op_code": 0, "worker_id": "b058155b-60e5-4f12-a2ee-e023deff9633-4160", "study_name": "ANN", "directions": [1]}
{"op_code": 0, "worker_id": "74c2de1e-7a3a-4ed1-8114-f9b5979841b0-4160", "study_name": "ANN", "directions": [1]}
{"op_code": 0, "worker_id": "45e89264-37e2-4414-90e5-91c9a3fab3fb-4160", "study_name": "ANN", "directions": [1]}
{"op_code": 0, "worker_id": "2f5ea037-699f-4b23-b29e-9f9fcf4fe6a0-4160", "study_name": "ANN", "directions": [1]}
{"op_code": 0, "worker_id": "d31c8bdb-5fcd-473a-9723-abfb8e1a1683-4160", "study_name": "ANN", "directions": [1]}
{"op_code": 0, "worker_id": "d200ec80-a29a-4ab4-94dd-4452117891f0-4160", "study_name": "ANN", "directions": [1]}
{"op_code": 0, "worker_id": "5b98ddcd-18f7-4cec-91eb-4246ece564a0-4160", "study_name": "ANN", "directions": [1]}
{"op_code": 0, "worker_id": "60f5d065-aefe-4443-9a1c-6d7907233efa-4160", "study_name": "ANN", "directions": [1]}
{"op_code": 0, "worker_id": "d61c821f-e3be-4c58-892f-adf1579d5be9-4160", "study_name": "ANN", "directions": [1]}
{"op_code": 0, "worker_id": "1f8b1fb8-ef95-417e-9295-9154e238d75c-4160", "study_name": "ANN", "directions": [1]}
{"op_code": 0, "worker_id": "2f835622-7224-43cf-a377-083ddbb5e37b-4160", "study_name": "ANN", "directions": [1]}
{"op_code": 0, "worker_id": "f687bd9b-ef1e-4c69-801e-adbf0f984285-4160", "study_name": "ANN", "directions": [1]}
{"op_code": 0, "worker_id": "b62acadb-3da7-4499-a9fb-ebdb2192b408-4160", "study_name": "ANN", "directions": [1]}
{"op_code": 0, "worker_id": "99cfd170-4aa1-485d-a78a-1fd3eb17d95b-4160", "study_name": "ANN", "directions": [1]}
{"op_code": 0, "worker_id": "a7290aba-3766-493e-adf5-27325a96e8e6-4160", "study_name": "ANN", "directions": [1]}
{"op_code": 0, "worker_id": "626b25b3-fe57-4624-ae0e-5c42b70b8f51-4160", "study_name": "ANN", "directions": [1]}
{"op_code": 0, "worker_id": "bc0c726b-fc2f-494b-9ab1-b35d0597fd78-4160", "study_name": "ANN", "directions": [1]}
{"op_code": 0, "worker_id": "e958155f-2eeb-463b-8278-88654ec5b983-4160", "study_name": "ANN", "directions": [1]}
{"op_code": 0, "worker_id": "6b8aad49-444e-4758-abeb-b5943f6120e5-4160", "study_name": "ANN", "directions": [1]}
{"op_code": 0, "worker_id": "cb669946-8193-4a5c-8e9f-0b13bc1d0ef8-4160", "study_name": "ANN", "directions": [1]}
{"op_code": 0, "worker_id": "24d3e5be-894e-4990-9bfb-ecae31238ed5-4160", "study_name": "ANN", "directions": [1]}
{"op_code": 0, "worker_id": "2d6acdac-9aa4-48af-97c5-2792420c0cc0-4160", "study_name": "ANN", "directions": [1]}
{"op_code": 0, "worker_id": "388d8c95-4330-489c-a4cc-83b69ebc8bf1-4160", "study_name": "ANN", "directions": [1]}
{"op_code": 0, "worker_id": "d521ec76-c24f-4ab2-a1e5-5165d43d5cb7-4160", "study_name": "ANN", "directions": [1]}
{"op_code": 0, "worker_id": "3e68f507-7965-47ff-80bc-d1e9f324322c-4160", "study_name": "ANN", "directions": [1]}
{"op_code": 0, "worker_id": "7c43fcbe-6a97-4fec-96ba-d0aacf5ccc56-4160", "study_name": "ANN", "directions": [1]}
{"op_code": 0, "worker_id": "57bd39ff-4d64-461f-a9eb-2f2f12a8978c-4160", "study_name": "ANN", "directions": [1]}
{"op_code": 0, "worker_id": "796f5d5b-e19d-484e-a32d-d3a27577bb24-4160", "study_name": "ANN", "directions": [1]}
{"op_code": 0, "worker_id": "c7fbcfe2-e2ae-43e7-b42c-734cbadbb39e-4160", "study_name": "ANN", "directions": [1]}
{"op_code": 0, "worker_id": "c20317d9-de86-4d0f-9132-4a1d5b78616d-4160", "study_name": "ANN", "directions": [1]}
{"op_code": 0, "worker_id": "ae449dfd-7dec-411f-8280-d74f21650a2f-4160", "study_name": "ANN", "directions": [1]}
{"op_code": 0, "worker_id": "c5d7fd22-7b71-4c28-a815-bb5fdcc2fbcf-4160", "study_name": "ANN", "directions": [1]}
{"op_code": 0, "worker_id": "25831daf-c6d7-425e-8f69-99a7aa6ac3c7-4160", "study_name": "ANN", "directions": [1]}
{"op_code": 0, "worker_id": "365e8a85-32c8-41c8-abe6-d76c4d8e78f9-4160", "study_name": "ANN", "directions": [1]}
{"op_code": 0, "worker_id": "2d5f718d-0e28-419c-b050-ad972818d3d4-4160", "study_name": "ANN", "directions": [1]}
{"op_code": 0, "worker_id": "f91a93f7-1d3f-426f-aa04-bcf92dc857db-4160", "study_name": "ANN", "directions": [1]}
{"op_code": 0, "worker_id": "390f00ad-f439-44fa-a9c3-298e0755abd6-4160", "study_name": "ANN", "directions": [1]}
{"op_code": 0, "worker_id": "1db00a0c-1d32-4fa9-943f-fb7f83807434-4160", "study_name": "ANN", "directions": [1]}
{"op_code": 0, "worker_id": "2275141c-c244-4f03-9b8b-23e8d298ada1-4160", "study_name": "ANN", "directions": [1]}
{"op_code": 0, "worker_id": "e36b61e0-4fa4-454d-957f-f52f56adefcc-4160", "study_name": "ANN", "directions": [1]}
{"op_code": 0, "worker_id": "265f676f-dff8-4120-8b04-6346bb21d73c-4160", "study_name": "ANN", "directions": [1]}
{"op_code": 0, "worker_id": "ee0d1f0c-997e-4a4b-bb83-f058385d0429-4160", "study_name": "ANN", "directions": [1]}
{"op_code": 0, "worker_id": "1191b51d-637e-4651-bb89-58200e274a6f-4160", "study_name": "ANN", "directions": [1]}
{"op_code": 0, "worker_id": "dcc83285-385e-4296-8fd8-360132d10ab8-4160", "study_name": "ANN", "directions": [1]}
{"op_code": 0, "worker_id": "8c201ddb-dba5-4876-b43a-002e61a24168-4160", "study_name": "ANN", "directions": [1]}
{"op_code": 0, "worker_id": "2fbb1971-9598-4c81-a6d8-4fe7c06ce8c6-4160", "study_name": "ANN", "directions": [1]}
{"op_code": 0, "worker_id": "48e0b27d-4d45-4f25-8552-d5789962c646-4160", "study_name": "ANN", "directions": [1]}
{"op_code": 0, "worker_id": "dfebf197-7d7c-4977-a348-51aa356ceed5-4160", "study_name": "ANN", "directions": [1]}
{"op_code": 0, "worker_id": "68fea96b-3bce-4775-9831-4290d81e3505-4160", "study_name": "ANN", "directions": [1]}
{"op_code": 0, "worker_id": "b6133d1b-cbb6-469e-b7d7-384c723ee0cc-4160", "study_name": "ANN", "directions": [1]}
{"op_code": 0, "worker_id": "d60c63fa-9c59-46b0-8002-b909236a6348-4160", "study_name": "ANN", "directions": [1]}
{"op_code": 0, "worker_id": "340d9c65-911c-46f1-8cad-104e8a060b3a-4160", "study_name": "ANN", "directions": [1]}
{"op_code": 0, "worker_id": "4449c9bb-7a24-458c-9fb4-c8ca1a1ba41a-4160", "study_name": "ANN", "directions": [1]}
{"op_code": 0, "worker_id": "b03a4595-05bb-44e2-afd6-2a434faba4ba-4160", "study_name": "ANN", "directions": [1]}
{"op_code": 0, "worker_id": "e9c4e6b2-7a6c-4dfb-a7ca-6fce718635c0-4160", "study_name": "ANN", "directions": [1]}
{"op_code": 0, "worker_id": "a6da463d-d166-49ed-848b-aa588147f12d-4160", "study_name": "ANN", "directions": [1]}
{"op_code": 0, "worker_id": "3ba1fcdc-4de4-47bd-b355-f81a1ac50891-4160", "study_name": "ANN", "directions": [1]}
{"op_code": 0, "worker_id": "a58e582e-7a8c-4daa-aec1-534d1b8a9951-4160", "study_name": "ANN", "directions": [1]}
{"op_code": 0, "worker_id": "32b5e831-f5ce-4a36-bedb-2c33313616d9-4160", "study_name": "ANN", "directions": [1]}
{"op_code": 0, "worker_id": "548103a1-4f07-4807-b60e-d5a3cdd4cd9f-4160", "study_name": "ANN", "directions": [1]}
{"op_code": 0, "worker_id": "07c8ea05-7c6c-486a-9401-4f5d0bb989a8-4160", "study_name": "ANN", "directions": [1]}
{"op_code": 0, "worker_id": "a7787570-54f6-48f7-b89b-8caedc702231-4160", "study_name": "ANN", "directions": [1]}
{"op_code": 0, "worker_id": "8581f0e4-8890-4b86-9d4e-ef9c1522e00e-4160", "study_name": "ANN", "directions": [1]}
{"op_code": 0, "worker_id": "4c2222db-7a2e-40c3-8130-bc7a1562fda1-4160", "study_name": "ANN", "directions": [1]}
{"op_code": 0, "worker_id": "278f4e75-1080-4729-9d70-12b3589ca700-4160", "study_name": "ANN", "directions": [1]}
{"op_code": 0, "worker_id": "9626249d-ac56-4bf5-8ddc-ea61072a2342-4160", "study_name": "ANN", "directions": [1]}
{"op_code": 0, "worker_id": "3b6e525b-0c7b-42c1-b4cd-1c65ded5fac3-4160", "study_name": "ANN", "directions": [1]}
{"op_code": 0, "worker_id": "73af434a-5784-4298-b673-6708b709d415-4160", "study_name": "ANN", "directions": [1]}
{"op_code": 0, "worker_id": "9fc4fd8f-e2f1-450d-94c3-0a5a05efadc6-4160", "study_name": "ANN", "directions": [1]}
{"op_code": 0, "worker_id": "f0836411-eba0-464d-a30e-a2578ce1e649-4160", "study_name": "ANN", "directions": [1]}
{"op_code": 0, "worker_id": "e2f5feeb-1fc6-4ff9-bae5-ac1d85ceff7c-4160", "study_name": "ANN", "directions": [1]}
{"op_code": 0, "worker_id": "c451f244-46b3-4249-b39c-bdba7fc73b69-4160", "study_name": "ANN", "directions": [1]}
{"op_code": 0, "worker_id": "48b89746-702c-42e9-b700-36fb78b1e39e-4160", "study_name": "ANN", "directions": [1]}
{"op_code": 0, "worker_id": "e8a1322d-99f8-42d2-8f87-2d2ba26ee0a2-4160", "study_name": "ANN", "directions": [1]}
{"op_code": 0, "worker_id": "11826708-6a51-497f-88d9-879d802ae2d4-4160", "study_name": "ANN", "directions": [1]}
{"op_code": 0, "worker_id": "6b7cc9e2-4ac5-46db-87d4-c2b93677d43a-4160", "study_name": "ANN", "directions": [1]}
{"op_code": 0, "worker_id": "068dde84-64d6-4bfc-ac99-ba726ce97dd2-4160", "study_name": "ANN", "directions": [1]}
{"op_code": 0, "worker_id": "0d8be485-34a8-46be-85f2-d338b77a0f30-4160", "study_name": "ANN", "directions": [1]}
{"op_code": 0, "worker_id": "f50d9b62-05fb-451d-a046-a3fdcbe31cf6-4160", "study_name": "ANN", "directions": [1]}
{"op_code": 0, "worker_id": "6cb36456-3cd8-41b8-a985-5d393c587fe2-4160", "study_name": "ANN", "directions": [1]}
{"op_code": 0, "worker_id": "a6c7c5cb-1bd3-4c29-95c8-82342180c267-4160", "study_name": "ANN", "directions": [1]}
{"op_code": 0, "worker_id": "50a51a11-0e62-4ba8-b2b9-5263742a908d-4160", "study_name": "ANN", "directions": [1]}
{"op_code": 0, "worker_id": "194a897e-8cf2-4db1-b7db-f5b5a77c5905-4160", "study_name": "ANN", "directions": [1]}
{"op_code": 0, "worker_id": "adc70319-fbea-44ee-b8d5-acfaa0a57586-4160", "study_name": "ANN", "directions": [1]}
{"op_code": 0, "worker_id": "28893ed7-6591-439d-bed1-ab937bca9f5d-4160", "study_name": "ANN", "directions": [1]}
{"op_code": 0, "worker_id": "165f4056-3f7d-4027-8739-8aef2a86dc91-4160", "study_name": "ANN", "directions": [1]}
{"op_code": 0, "worker_id": "5f0e6b55-ec67-4972-b58a-144e69d00768-4160", "study_name": "ANN", "directions": [1]}
{"op_code": 0, "worker_id": "c2e92f54-51a0-45ca-8edd-f248a18da928-4160", "study_name": "ANN", "directions": [1]}
{"op_code": 0, "worker_id": "08dc8af5-360d-406e-83ea-a5da95ed9f97-4160", "study_name": "ANN", "directions": [1]}
{"op_code": 0, "worker_id": "d905ae65-0d43-421e-a4a1-09abaee34c3b-4160", "study_name": "ANN", "directions": [1]}
{"op_code": 0, "worker_id": "2e9b7bb3-d934-4edc-85c8-4cdb11890d34-4160", "study_name": "ANN", "directions": [1]}
{"op_code": 0, "worker_id": "b2ae1bbe-9484-404a-a5ac-01b0d494494d-4160", "study_name": "ANN", "directions": [1]}
{"op_code": 0, "worker_id": "faabf7de-c4a9-4e5f-a27d-11f7f57d950f-4160", "study_name": "ANN", "directions": [1]}
{"op_code": 0, "worker_id": "1f9b6243-fc17-4db7-a842-28fc874b5565-4160", "study_name": "ANN", "directions": [1]}
{"op_code": 0, "worker_id": "0c2fa547-355b-407b-9d11-5311add062a3-4160", "study_name": "ANN", "directions": [1]}
{"op_code": 0, "worker_id": "95a6df58-9f75-484e-a70b-1433e8f30e84-4160", "study_name": "ANN", "directions": [1]}
{"op_code": 0, "worker_id": "9d75473e-e7a3-409b-87d6-bbaa5f775bb8-4160", "study_name": "ANN", "directions": [1]}
{"op_code": 0, "worker_id": "2ee9b2d3-0c2c-4473-b0aa-4cda0003c9b9-4160", "study_name": "ANN", "directions": [1]}
{"op_code": 0, "worker_id": "37879b44-0f26-4648-b7c4-4a6b0bcb72e4-4160", "study_name": "ANN", "directions": [1]}
{"op_code": 0, "worker_id": "44beb99e-c15c-471b-a3d7-3a97ec3b1979-4160", "study_name": "ANN", "directions": [1]}
{"op_code": 0, "worker_id": "0899d4ea-f2a7-4283-914c-c87ea0c4d475-4160", "study_name": "ANN", "directions": [1]}
{"op_code": 0, "worker_id": "35596c91-485d-41a8-b1cf-c3a38b67b1eb-4160", "study_name": "ANN", "directions": [1]}
{"op_code": 0, "worker_id": "96421008-40ee-4d62-bf19-ff04e9cd3563-4160", "study_name": "ANN", "directions": [1]}
{"op_code": 0, "worker_id": "60ecd5d9-2747-4ba5-9b95-40cb55db058f-4160", "study_name": "ANN", "directions": [1]}
{"op_code": 0, "worker_id": "e7d807a7-ed8b-4e49-94cd-d3f4318bd8dc-4160", "study_name": "ANN", "directions": [1]}
{"op_code": 0, "worker_id": "f90d5730-fd7b-412d-a8e8-86dae405241b-4160", "study_name": "ANN", "directions": [1]}
{"op_code": 0, "worker_id": "16e0339b-75df-401e-97b1-5f9c59218cea-4160", "study_name": "ANN", "directions": [1]}
{"op_code": 0, "worker_id": "d8a33e89-aa21-4583-bf09-8036301e7afe-4160", "study_name": "ANN", "directions": [1]}
{"op_code": 0, "worker_id": "e0ff746e-211e-43c2-990e-7618b2726cc3-4160", "study_name": "ANN", "directions": [1]}
{"op_code": 0, "worker_id": "9210bd3d-e46f-4a41-9dda-ec628153ec2f-4160", "study_name": "ANN", "directions": [1]}
{"op_code": 0, "worker_id": "1f032f1a-9204-4c82-864d-9c80ad5d169a-4160", "study_name": "ANN", "directions": [1]}
{"op_code": 0, "worker_id": "25aec580-66aa-42f2-8db6-29c4b783e216-4160", "study_name": "ANN", "directions": [1]}
{"op_code": 0, "worker_id": "3a298472-0abc-4935-98dd-244717e3fa94-4160", "study_name": "ANN", "directions": [1]}
{"op_code": 0, "worker_id": "b8eb96c6-7a06-4ff6-816f-dbc0cd4ccc0f-4160", "study_name": "ANN", "directions": [1]}
{"op_code": 0, "worker_id": "716edd3e-cc6b-455a-932e-a06fe2607d51-4160", "study_name": "ANN", "directions": [1]}
{"op_code": 0, "worker_id": "72d6279a-673e-4301-8a41-ae59aa841153-4160", "study_name": "ANN", "directions": [1]}
{"op_code": 0, "worker_id": "e5d8c6a3-df5e-44ed-b594-58eb11adbe66-4160", "study_name": "ANN", "directions": [1]}
{"op_code": 0, "worker_id": "4fe9a384-c2ce-4cb6-bef4-17fedb2c3dc2-4160", "study_name": "ANN", "directions": [1]}
{"op_code": 0, "worker_id": "a7e14e72-431a-44a0-829c-1f3d26389ec6-4160", "study_name": "ANN", "directions": [1]}
{"op_code": 0, "worker_id": "3fab626c-5cf0-445b-9aeb-9cd89f1c83da-4160", "study_name": "ANN", "directions": [1]}
{"op_code": 0, "worker_id": "fca97ef7-4729-4566-9757-7b4cd08418fa-4160", "study_name": "ANN", "directions": [1]}
{"op_code": 0, "worker_id": "15e12494-4905-4ac2-a705-21c965055022-4160", "study_name": "ANN", "directions": [1]}
{"op_code": 0, "worker_id": "7e34ad46-9a88-4b29-b488-2be2ff5eb1fc-4160", "study_name": "ANN", "directions": [1]}
{"op_code": 0, "worker_id": "8311a85d-b80d-45fb-8463-68552bb0ee8f-4160", "study_name": "ANN", "directions": [1]}
{"op_code": 0, "worker_id": "0dd519d1-e45c-47f3-823d-1ed99e31db35-4160", "study_name": "ANN", "directions": [1]}
{"op_code": 0, "worker_id": "ec63c548-6d63-4464-a52f-96bd0e84bb96-4160", "study_name": "ANN", "directions": [1]}
{"op_code": 0, "worker_id": "f046271f-a710-4583-a702-352cd03da3b7-4160", "study_name": "ANN", "directions": [1]}
{"op_code": 0, "worker_id": "de82017a-bc47-4fc8-8f19-e816b75865e5-4160", "study_name": "ANN", "directions": [1]}
{"op_code": 0, "worker_id": "954feed0-1b18-49f2-8d9e-6f932d959e68-4160", "study_name": "ANN", "directions": [1]}
{"op_code": 0, "worker_id": "fa2a7263-dbb4-427f-a4ba-517ec61b0fed-4160", "study_name": "ANN", "directions": [1]}
{"op_code": 0, "worker_id": "1f9fc884-cd51-444c-99d6-f2c20d745bfc-4160", "study_name": "ANN", "directions": [1]}
{"op_code": 0, "worker_id": "9d995aba-1d07-4048-b878-0ed53ef8ec05-4160", "study_name": "ANN", "directions": [1]}
{"op_code": 0, "worker_id": "fc929844-f33c-4565-a0d9-7ae05ce380d2-4160", "study_name": "ANN", "directions": [1]}
{"op_code": 0, "worker_id": "d2eb4680-c423-4dd9-84d2-e1715f354a0f-4160", "study_name": "ANN", "directions": [1]}
{"op_code": 0, "worker_id": "dbbc30d7-467b-462d-a09f-39d575eea1a2-4160", "study_name": "ANN", "directions": [1]}
{"op_code": 0, "worker_id": "9c738a10-74f9-4f7e-a9dc-78c9c4bc3da7-4160", "study_name": "ANN", "directions": [1]}
{"op_code": 0, "worker_id": "f783ef46-04e4-44bd-8b67-63b3c89fb52f-4160", "study_name": "ANN", "directions": [1]}
{"op_code": 0, "worker_id": "112865d0-61ce-4fcf-a5d5-bccd295b967f-4160", "study_name": "ANN", "directions": [1]}
{"op_code": 0, "worker_id": "085ae730-93a3-4456-9885-4c71ae08d6a5-4160", "study_name": "ANN", "directions": [1]}
{"op_code": 0, "worker_id": "257ef10d-3104-4439-a556-6bdb499a2cc2-4160", "study_name": "ANN", "directions": [1]}
{"op_code": 0, "worker_id": "255b4c72-c31b-4d8f-97aa-bb8c3031ced6-4160", "study_name": "ANN", "directions": [1]}
{"op_code": 0, "worker_id": "109cab3d-7e03-4980-ba14-dd5957bdaef3-4160", "study_name": "ANN", "directions": [1]}
{"op_code": 0, "worker_id": "2623aee0-5545-4bf2-83bd-23d49c1fce4c-4160", "study_name": "ANN", "directions": [1]}
{"op_code": 0, "worker_id": "6c56eeff-1f01-4fae-8370-404956ed03f3-4160", "study_name": "ANN", "directions": [1]}
{"op_code": 0, "worker_id": "08596f6c-8126-4195-8a80-44d850f04ad3-4160", "study_name": "ANN", "directions": [1]}
{"op_code": 0, "worker_id": "e27a607c-e0fd-4e34-858e-949abbc94bed-4160", "study_name": "ANN", "directions": [1]}
{"op_code": 0, "worker_id": "e3b09601-0ebb-4457-b8aa-19e4418bd41a-4160", "study_name": "ANN", "directions": [1]}
{"op_code": 0, "worker_id": "8d86649a-fce6-4b16-ab92-d1b7b4c9c52a-4160", "study_name": "ANN", "directions": [1]}
{"op_code": 0, "worker_id": "32f217dd-e69f-4886-9b30-67a6dcf273de-4160", "study_name": "ANN", "directions": [1]}
{"op_code": 0, "worker_id": "65145a3f-93e5-461d-adcc-dc3fbda8bf00-4160", "study_name": "ANN", "directions": [1]}
{"op_code": 0, "worker_id": "a0d6d98e-dae9-4f1b-bf7a-31ab44e2de23-4160", "study_name": "ANN", "directions": [1]}
{"op_code": 0, "worker_id": "8117b11a-9641-44e3-bb92-980727f06720-4160", "study_name": "ANN", "directions": [1]}
{"op_code": 0, "worker_id": "8120281e-57cc-430b-861a-4c93d2ff6d54-4160", "study_name": "ANN", "directions": [1]}
{"op_code": 0, "worker_id": "c1351528-a8cb-4dbc-96f6-e0736c4f3c6f-4160", "study_name": "ANN", "directions": [1]}
{"op_code": 0, "worker_id": "8123092a-3158-4802-a7a1-02dde5b31608-4160", "study_name": "ANN", "directions": [1]}
{"op_code": 0, "worker_id": "2a9123d3-a299-4d30-b911-4137650f3280-4160", "study_name": "ANN", "directions": [1]}
{"op_code": 0, "worker_id": "5858e852-7499-44da-95cc-c525f2ad7b24-4160", "study_name": "ANN", "directions": [1]}
{"op_code": 0, "worker_id": "e91825c1-54a6-41bd-8907-f2fd6660b25e-4160", "study_name": "ANN", "directions": [1]}
{"op_code": 0, "worker_id": "742c213d-345d-44ca-b1a8-c28622fa777c-4160", "study_name": "ANN", "directions": [1]}
{"op_code": 0, "worker_id": "bda88d08-c5d0-4811-bd13-24a5b3eb363c-4160", "study_name": "ANN", "directions": [1]}
{"op_code": 0, "worker_id": "60d2218b-6cba-4a3d-992a-195416c0c090-4160", "study_name": "ANN", "directions": [1]}
{"op_code": 0, "worker_id": "8f8a8a59-0ffe-40b4-b6a1-665699cc545a-4160", "study_name": "ANN", "directions": [1]}
{"op_code": 0, "worker_id": "4be337e1-95be-4f9e-8755-34320a61f1b8-4160", "study_name": "ANN", "directions": [1]}
{"op_code": 0, "worker_id": "47fe50cc-e549-4480-a3b1-61276f94f617-4160", "study_name": "ANN", "directions": [1]}
{"op_code": 0, "worker_id": "08fa7c4d-4e86-4ddd-a5cc-39cc5f04b7f6-4160", "study_name": "ANN", "directions": [1]}
{"op_code": 0, "worker_id": "cc5f106e-9b19-4154-a176-4cd317ded240-4160", "study_name": "ANN", "directions": [1]}
