{"op_code": 0, "worker_id": "3d88d2dd-e1e8-4797-b7d6-d8e2d2b3e1c2-47279818202944", "study_name": "GB", "directions": [1]}
{"op_code": 4, "worker_id": "3d88d2dd-e1e8-4797-b7d6-d8e2d2b3e1c2-47280521058048", "study_id": 0, "datetime_start": "2023-11-07T17:12:17.967848"}
{"op_code": 5, "worker_id": "3d88d2dd-e1e8-4797-b7d6-d8e2d2b3e1c2-47280521058048", "trial_id": 0, "param_name": "n_estimators", "param_value_internal": 2, "distribution": "{\"name\": \"CategoricalDistribution\", \"attributes\": {\"choices\": [10, 20, 50, 200, 500]}}"}
{"op_code": 5, "worker_id": "3d88d2dd-e1e8-4797-b7d6-d8e2d2b3e1c2-47280521058048", "trial_id": 0, "param_name": "learning_rate", "param_value_internal": 0.2794913975031061, "distribution": "{\"name\": \"FloatDistribution\", \"attributes\": {\"step\": null, \"low\": 0.005, \"high\": 1.0, \"log\": false}}"}
{"op_code": 5, "worker_id": "3d88d2dd-e1e8-4797-b7d6-d8e2d2b3e1c2-47280521058048", "trial_id": 0, "param_name": "max_depth", "param_value_internal": 0, "distribution": "{\"name\": \"CategoricalDistribution\", \"attributes\": {\"choices\": [1, 2, 3, 4, 5]}}"}
{"op_code": 6, "worker_id": "3d88d2dd-e1e8-4797-b7d6-d8e2d2b3e1c2-47280521058048", "trial_id": 0, "state": 1, "values": [0.3169929810497198], "datetime_complete": "2023-11-07T17:12:19.205734"}
{"op_code": 0, "worker_id": "0c86e767-562c-4ded-92f8-686f848fcf25-47279818202944", "study_name": "GB", "directions": [1]}
{"op_code": 4, "worker_id": "0c86e767-562c-4ded-92f8-686f848fcf25-47280521058048", "study_id": 0, "datetime_start": "2023-11-07T17:19:04.598236"}
{"op_code": 5, "worker_id": "0c86e767-562c-4ded-92f8-686f848fcf25-47280521058048", "trial_id": 1, "param_name": "n_estimators", "param_value_internal": 3, "distribution": "{\"name\": \"CategoricalDistribution\", \"attributes\": {\"choices\": [10, 20, 50, 200, 500]}}"}
{"op_code": 5, "worker_id": "0c86e767-562c-4ded-92f8-686f848fcf25-47280521058048", "trial_id": 1, "param_name": "learning_rate", "param_value_internal": 0.4669208421515074, "distribution": "{\"name\": \"FloatDistribution\", \"attributes\": {\"step\": null, \"low\": 0.005, \"high\": 1.0, \"log\": false}}"}
{"op_code": 5, "worker_id": "0c86e767-562c-4ded-92f8-686f848fcf25-47280521058048", "trial_id": 1, "param_name": "max_depth", "param_value_internal": 2, "distribution": "{\"name\": \"CategoricalDistribution\", \"attributes\": {\"choices\": [1, 2, 3, 4, 5]}}"}
{"op_code": 6, "worker_id": "0c86e767-562c-4ded-92f8-686f848fcf25-47280521058048", "trial_id": 1, "state": 1, "values": [0.32300502195910946], "datetime_complete": "2023-11-07T17:19:05.836890"}
{"op_code": 0, "worker_id": "55645bc8-f424-405b-b3b6-0dbe679d3b05-47279818202944", "study_name": "GB", "directions": [1]}
{"op_code": 4, "worker_id": "55645bc8-f424-405b-b3b6-0dbe679d3b05-47280521058048", "study_id": 0, "datetime_start": "2023-11-07T17:25:53.475814"}
{"op_code": 5, "worker_id": "55645bc8-f424-405b-b3b6-0dbe679d3b05-47280521058048", "trial_id": 2, "param_name": "n_estimators", "param_value_internal": 4, "distribution": "{\"name\": \"CategoricalDistribution\", \"attributes\": {\"choices\": [10, 20, 50, 200, 500]}}"}
{"op_code": 5, "worker_id": "55645bc8-f424-405b-b3b6-0dbe679d3b05-47280521058048", "trial_id": 2, "param_name": "learning_rate", "param_value_internal": 0.5439734049262454, "distribution": "{\"name\": \"FloatDistribution\", \"attributes\": {\"step\": null, \"low\": 0.005, \"high\": 1.0, \"log\": false}}"}
{"op_code": 5, "worker_id": "55645bc8-f424-405b-b3b6-0dbe679d3b05-47280521058048", "trial_id": 2, "param_name": "max_depth", "param_value_internal": 3, "distribution": "{\"name\": \"CategoricalDistribution\", \"attributes\": {\"choices\": [1, 2, 3, 4, 5]}}"}
{"op_code": 6, "worker_id": "55645bc8-f424-405b-b3b6-0dbe679d3b05-47280521058048", "trial_id": 2, "state": 1, "values": [0.309660024546424], "datetime_complete": "2023-11-07T17:25:54.723350"}
{"op_code": 0, "worker_id": "e29580b2-c774-4d1c-8eb5-195026a4e5f1-47279818202944", "study_name": "GB", "directions": [1]}
{"op_code": 4, "worker_id": "e29580b2-c774-4d1c-8eb5-195026a4e5f1-47280521058048", "study_id": 0, "datetime_start": "2023-11-07T17:32:39.998202"}
{"op_code": 5, "worker_id": "e29580b2-c774-4d1c-8eb5-195026a4e5f1-47280521058048", "trial_id": 3, "param_name": "n_estimators", "param_value_internal": 2, "distribution": "{\"name\": \"CategoricalDistribution\", \"attributes\": {\"choices\": [10, 20, 50, 200, 500]}}"}
{"op_code": 5, "worker_id": "e29580b2-c774-4d1c-8eb5-195026a4e5f1-47280521058048", "trial_id": 3, "param_name": "learning_rate", "param_value_internal": 0.26968333516140663, "distribution": "{\"name\": \"FloatDistribution\", \"attributes\": {\"step\": null, \"low\": 0.005, \"high\": 1.0, \"log\": false}}"}
{"op_code": 5, "worker_id": "e29580b2-c774-4d1c-8eb5-195026a4e5f1-47280521058048", "trial_id": 3, "param_name": "max_depth", "param_value_internal": 4, "distribution": "{\"name\": \"CategoricalDistribution\", \"attributes\": {\"choices\": [1, 2, 3, 4, 5]}}"}
{"op_code": 6, "worker_id": "e29580b2-c774-4d1c-8eb5-195026a4e5f1-47280521058048", "trial_id": 3, "state": 1, "values": [0.3109995510540728], "datetime_complete": "2023-11-07T17:32:41.244802"}
