{"op_code": 0, "worker_id": "c34a78ff-f93b-4734-b993-762011c44285-47279818202944", "study_name": "KRR", "directions": [1]}
{"op_code": 4, "worker_id": "c34a78ff-f93b-4734-b993-762011c44285-47280521058048", "study_id": 0, "datetime_start": "2023-11-07T17:12:17.919926"}
{"op_code": 5, "worker_id": "c34a78ff-f93b-4734-b993-762011c44285-47280521058048", "trial_id": 0, "param_name": "alpha", "param_value_internal": 0.5442834909151862, "distribution": "{\"name\": \"FloatDistribution\", \"attributes\": {\"step\": null, \"low\": 0.0001, \"high\": 1.0, \"log\": false}}"}
{"op_code": 5, "worker_id": "c34a78ff-f93b-4734-b993-762011c44285-47280521058048", "trial_id": 0, "param_name": "gamma", "param_value_internal": 9.136277093616027e-15, "distribution": "{\"name\": \"FloatDistribution\", \"attributes\": {\"step\": null, \"low\": 0.0, \"high\": 1e-14, \"log\": false}}"}
{"op_code": 5, "worker_id": "c34a78ff-f93b-4734-b993-762011c44285-47280521058048", "trial_id": 0, "param_name": "kernel", "param_value_internal": 0, "distribution": "{\"name\": \"CategoricalDistribution\", \"attributes\": {\"choices\": [\"linear\", \"laplacian\", \"rbf\"]}}"}
{"op_code": 6, "worker_id": "c34a78ff-f93b-4734-b993-762011c44285-47280521058048", "trial_id": 0, "state": 1, "values": [0.3191788888241646], "datetime_complete": "2023-11-07T17:12:17.959427"}
{"op_code": 0, "worker_id": "011f2a06-f5ca-448e-b72b-0b0513f811fd-47279818202944", "study_name": "KRR", "directions": [1]}
{"op_code": 4, "worker_id": "011f2a06-f5ca-448e-b72b-0b0513f811fd-47280521058048", "study_id": 0, "datetime_start": "2023-11-07T17:19:04.548720"}
{"op_code": 5, "worker_id": "011f2a06-f5ca-448e-b72b-0b0513f811fd-47280521058048", "trial_id": 1, "param_name": "alpha", "param_value_internal": 0.13963565725179944, "distribution": "{\"name\": \"FloatDistribution\", \"attributes\": {\"step\": null, \"low\": 0.0001, \"high\": 1.0, \"log\": false}}"}
{"op_code": 5, "worker_id": "011f2a06-f5ca-448e-b72b-0b0513f811fd-47280521058048", "trial_id": 1, "param_name": "gamma", "param_value_internal": 2.550459444877071e-15, "distribution": "{\"name\": \"FloatDistribution\", \"attributes\": {\"step\": null, \"low\": 0.0, \"high\": 1e-14, \"log\": false}}"}
{"op_code": 5, "worker_id": "011f2a06-f5ca-448e-b72b-0b0513f811fd-47280521058048", "trial_id": 1, "param_name": "kernel", "param_value_internal": 2, "distribution": "{\"name\": \"CategoricalDistribution\", \"attributes\": {\"choices\": [\"linear\", \"laplacian\", \"rbf\"]}}"}
{"op_code": 6, "worker_id": "011f2a06-f5ca-448e-b72b-0b0513f811fd-47280521058048", "trial_id": 1, "state": 1, "values": [0.3187320810627488], "datetime_complete": "2023-11-07T17:19:04.588684"}
{"op_code": 0, "worker_id": "ccfef874-edfa-4861-a395-5ad27160b318-47279818202944", "study_name": "KRR", "directions": [1]}
{"op_code": 4, "worker_id": "ccfef874-edfa-4861-a395-5ad27160b318-47280521058048", "study_id": 0, "datetime_start": "2023-11-07T17:25:53.425315"}
{"op_code": 5, "worker_id": "ccfef874-edfa-4861-a395-5ad27160b318-47280521058048", "trial_id": 2, "param_name": "alpha", "param_value_internal": 0.5693730899386199, "distribution": "{\"name\": \"FloatDistribution\", \"attributes\": {\"step\": null, \"low\": 0.0001, \"high\": 1.0, \"log\": false}}"}
{"op_code": 5, "worker_id": "ccfef874-edfa-4861-a395-5ad27160b318-47280521058048", "trial_id": 2, "param_name": "gamma", "param_value_internal": 5.607698821622879e-15, "distribution": "{\"name\": \"FloatDistribution\", \"attributes\": {\"step\": null, \"low\": 0.0, \"high\": 1e-14, \"log\": false}}"}
{"op_code": 5, "worker_id": "ccfef874-edfa-4861-a395-5ad27160b318-47280521058048", "trial_id": 2, "param_name": "kernel", "param_value_internal": 2, "distribution": "{\"name\": \"CategoricalDistribution\", \"attributes\": {\"choices\": [\"linear\", \"laplacian\", \"rbf\"]}}"}
{"op_code": 6, "worker_id": "ccfef874-edfa-4861-a395-5ad27160b318-47280521058048", "trial_id": 2, "state": 1, "values": [0.31957325149618504], "datetime_complete": "2023-11-07T17:25:53.466158"}
{"op_code": 0, "worker_id": "c3a83fa9-1a73-425d-a7ba-8aee4b76d9cd-47279818202944", "study_name": "KRR", "directions": [1]}
{"op_code": 4, "worker_id": "c3a83fa9-1a73-425d-a7ba-8aee4b76d9cd-47280521058048", "study_id": 0, "datetime_start": "2023-11-07T17:32:39.948416"}
{"op_code": 5, "worker_id": "c3a83fa9-1a73-425d-a7ba-8aee4b76d9cd-47280521058048", "trial_id": 3, "param_name": "alpha", "param_value_internal": 0.5661325127018967, "distribution": "{\"name\": \"FloatDistribution\", \"attributes\": {\"step\": null, \"low\": 0.0001, \"high\": 1.0, \"log\": false}}"}
{"op_code": 5, "worker_id": "c3a83fa9-1a73-425d-a7ba-8aee4b76d9cd-47280521058048", "trial_id": 3, "param_name": "gamma", "param_value_internal": 5.926411450070147e-15, "distribution": "{\"name\": \"FloatDistribution\", \"attributes\": {\"step\": null, \"low\": 0.0, \"high\": 1e-14, \"log\": false}}"}
{"op_code": 5, "worker_id": "c3a83fa9-1a73-425d-a7ba-8aee4b76d9cd-47280521058048", "trial_id": 3, "param_name": "kernel", "param_value_internal": 0, "distribution": "{\"name\": \"CategoricalDistribution\", \"attributes\": {\"choices\": [\"linear\", \"laplacian\", \"rbf\"]}}"}
{"op_code": 6, "worker_id": "c3a83fa9-1a73-425d-a7ba-8aee4b76d9cd-47280521058048", "trial_id": 3, "state": 1, "values": [0.32172548328621026], "datetime_complete": "2023-11-07T17:32:39.988331"}
{"op_code": 0, "worker_id": "3583cc83-23f3-496f-b922-95f435cc86de-47817365380928", "study_name": "KRR", "directions": [1]}
{"op_code": 4, "worker_id": "3583cc83-23f3-496f-b922-95f435cc86de-47818068719360", "study_id": 0, "datetime_start": "2023-11-14T15:00:25.006871"}
{"op_code": 5, "worker_id": "3583cc83-23f3-496f-b922-95f435cc86de-47818068719360", "trial_id": 4, "param_name": "alpha", "param_value_internal": 0.06536151669604469, "distribution": "{\"name\": \"FloatDistribution\", \"attributes\": {\"step\": null, \"low\": 0.0001, \"high\": 1.0, \"log\": false}}"}
{"op_code": 5, "worker_id": "3583cc83-23f3-496f-b922-95f435cc86de-47818068719360", "trial_id": 4, "param_name": "gamma", "param_value_internal": 1.1281834480434361e-15, "distribution": "{\"name\": \"FloatDistribution\", \"attributes\": {\"step\": null, \"low\": 0.0, \"high\": 1e-14, \"log\": false}}"}
{"op_code": 5, "worker_id": "3583cc83-23f3-496f-b922-95f435cc86de-47818068719360", "trial_id": 4, "param_name": "kernel", "param_value_internal": 1, "distribution": "{\"name\": \"CategoricalDistribution\", \"attributes\": {\"choices\": [\"linear\", \"laplacian\", \"rbf\"]}}"}
{"op_code": 6, "worker_id": "3583cc83-23f3-496f-b922-95f435cc86de-47818068719360", "trial_id": 4, "state": 1, "values": [0.31873376081650334], "datetime_complete": "2023-11-14T15:00:25.046248"}
{"op_code": 0, "worker_id": "facc6e3d-f613-4e7b-abef-5ceb191fcf0f-47817365380928", "study_name": "KRR", "directions": [1]}
{"op_code": 4, "worker_id": "facc6e3d-f613-4e7b-abef-5ceb191fcf0f-47818068719360", "study_id": 0, "datetime_start": "2023-11-14T15:06:57.121526"}
{"op_code": 5, "worker_id": "facc6e3d-f613-4e7b-abef-5ceb191fcf0f-47818068719360", "trial_id": 5, "param_name": "alpha", "param_value_internal": 0.992353212883447, "distribution": "{\"name\": \"FloatDistribution\", \"attributes\": {\"step\": null, \"low\": 0.0001, \"high\": 1.0, \"log\": false}}"}
{"op_code": 5, "worker_id": "facc6e3d-f613-4e7b-abef-5ceb191fcf0f-47818068719360", "trial_id": 5, "param_name": "gamma", "param_value_internal": 2.233449960872295e-15, "distribution": "{\"name\": \"FloatDistribution\", \"attributes\": {\"step\": null, \"low\": 0.0, \"high\": 1e-14, \"log\": false}}"}
{"op_code": 5, "worker_id": "facc6e3d-f613-4e7b-abef-5ceb191fcf0f-47818068719360", "trial_id": 5, "param_name": "kernel", "param_value_internal": 1, "distribution": "{\"name\": \"CategoricalDistribution\", \"attributes\": {\"choices\": [\"linear\", \"laplacian\", \"rbf\"]}}"}
{"op_code": 6, "worker_id": "facc6e3d-f613-4e7b-abef-5ceb191fcf0f-47818068719360", "trial_id": 5, "state": 1, "values": [0.3197069794028134], "datetime_complete": "2023-11-14T15:06:57.161725"}
{"op_code": 0, "worker_id": "21e0f790-83fb-4e6d-8918-02134e9b2c2e-47817365380928", "study_name": "KRR", "directions": [1]}
{"op_code": 4, "worker_id": "21e0f790-83fb-4e6d-8918-02134e9b2c2e-47818068719360", "study_id": 0, "datetime_start": "2023-11-14T15:13:33.030181"}
{"op_code": 5, "worker_id": "21e0f790-83fb-4e6d-8918-02134e9b2c2e-47818068719360", "trial_id": 6, "param_name": "alpha", "param_value_internal": 0.9701904754470384, "distribution": "{\"name\": \"FloatDistribution\", \"attributes\": {\"step\": null, \"low\": 0.0001, \"high\": 1.0, \"log\": false}}"}
{"op_code": 5, "worker_id": "21e0f790-83fb-4e6d-8918-02134e9b2c2e-47818068719360", "trial_id": 6, "param_name": "gamma", "param_value_internal": 7.330273172766876e-15, "distribution": "{\"name\": \"FloatDistribution\", \"attributes\": {\"step\": null, \"low\": 0.0, \"high\": 1e-14, \"log\": false}}"}
{"op_code": 5, "worker_id": "21e0f790-83fb-4e6d-8918-02134e9b2c2e-47818068719360", "trial_id": 6, "param_name": "kernel", "param_value_internal": 0, "distribution": "{\"name\": \"CategoricalDistribution\", \"attributes\": {\"choices\": [\"linear\", \"laplacian\", \"rbf\"]}}"}
{"op_code": 6, "worker_id": "21e0f790-83fb-4e6d-8918-02134e9b2c2e-47818068719360", "trial_id": 6, "state": 1, "values": [0.3176497965343687], "datetime_complete": "2023-11-14T15:13:33.074214"}
{"op_code": 0, "worker_id": "fe26181a-31a6-4592-a0a4-726564153b60-47817365380928", "study_name": "KRR", "directions": [1]}
{"op_code": 4, "worker_id": "fe26181a-31a6-4592-a0a4-726564153b60-47818068719360", "study_id": 0, "datetime_start": "2023-11-14T15:20:11.921498"}
{"op_code": 5, "worker_id": "fe26181a-31a6-4592-a0a4-726564153b60-47818068719360", "trial_id": 7, "param_name": "alpha", "param_value_internal": 0.6564740751741225, "distribution": "{\"name\": \"FloatDistribution\", \"attributes\": {\"step\": null, \"low\": 0.0001, \"high\": 1.0, \"log\": false}}"}
{"op_code": 5, "worker_id": "fe26181a-31a6-4592-a0a4-726564153b60-47818068719360", "trial_id": 7, "param_name": "gamma", "param_value_internal": 2.676165254124513e-15, "distribution": "{\"name\": \"FloatDistribution\", \"attributes\": {\"step\": null, \"low\": 0.0, \"high\": 1e-14, \"log\": false}}"}
{"op_code": 5, "worker_id": "fe26181a-31a6-4592-a0a4-726564153b60-47818068719360", "trial_id": 7, "param_name": "kernel", "param_value_internal": 1, "distribution": "{\"name\": \"CategoricalDistribution\", \"attributes\": {\"choices\": [\"linear\", \"laplacian\", \"rbf\"]}}"}
{"op_code": 6, "worker_id": "fe26181a-31a6-4592-a0a4-726564153b60-47818068719360", "trial_id": 7, "state": 1, "values": [0.31924836631222636], "datetime_complete": "2023-11-14T15:20:11.964467"}
