{"op_code": 0, "worker_id": "a8672ad4-20a7-435f-a90b-4e2732f01327-47279818202944", "study_name": "linear", "directions": [1]}
{"op_code": 4, "worker_id": "a8672ad4-20a7-435f-a90b-4e2732f01327-47280521058048", "study_id": 0, "datetime_start": "2023-11-07T17:12:17.882586"}
{"op_code": 8, "worker_id": "a8672ad4-20a7-435f-a90b-4e2732f01327-47280521058048", "trial_id": 0, "user_attr": {"fit_intercept": true}}
{"op_code": 5, "worker_id": "a8672ad4-20a7-435f-a90b-4e2732f01327-47280521058048", "trial_id": 0, "param_name": "alpha", "param_value_internal": 0.049760448320556386, "distribution": "{\"name\": \"FloatDistribution\", \"attributes\": {\"step\": null, \"low\": 1e-05, \"high\": 0.1, \"log\": false}}"}
{"op_code": 5, "worker_id": "a8672ad4-20a7-435f-a90b-4e2732f01327-47280521058048", "trial_id": 0, "param_name": "l1_ratio", "param_value_internal": 0.22857207966289983, "distribution": "{\"name\": \"FloatDistribution\", \"attributes\": {\"step\": null, \"low\": 0.0, \"high\": 1.0, \"log\": false}}"}
{"op_code": 6, "worker_id": "a8672ad4-20a7-435f-a90b-4e2732f01327-47280521058048", "trial_id": 0, "state": 1, "values": [0.3084181628485548], "datetime_complete": "2023-11-07T17:12:17.910560"}
{"op_code": 0, "worker_id": "99d3497b-169b-42d1-afe2-e0703d5da40b-47279818202944", "study_name": "linear", "directions": [1]}
{"op_code": 4, "worker_id": "99d3497b-169b-42d1-afe2-e0703d5da40b-47280521058048", "study_id": 0, "datetime_start": "2023-11-07T17:19:04.511688"}
{"op_code": 8, "worker_id": "99d3497b-169b-42d1-afe2-e0703d5da40b-47280521058048", "trial_id": 1, "user_attr": {"fit_intercept": true}}
{"op_code": 5, "worker_id": "99d3497b-169b-42d1-afe2-e0703d5da40b-47280521058048", "trial_id": 1, "param_name": "alpha", "param_value_internal": 0.0820958620627756, "distribution": "{\"name\": \"FloatDistribution\", \"attributes\": {\"step\": null, \"low\": 1e-05, \"high\": 0.1, \"log\": false}}"}
{"op_code": 5, "worker_id": "99d3497b-169b-42d1-afe2-e0703d5da40b-47280521058048", "trial_id": 1, "param_name": "l1_ratio", "param_value_internal": 0.34039746924413505, "distribution": "{\"name\": \"FloatDistribution\", \"attributes\": {\"step\": null, \"low\": 0.0, \"high\": 1.0, \"log\": false}}"}
{"op_code": 6, "worker_id": "99d3497b-169b-42d1-afe2-e0703d5da40b-47280521058048", "trial_id": 1, "state": 1, "values": [0.30783185529211], "datetime_complete": "2023-11-07T17:19:04.540009"}
{"op_code": 0, "worker_id": "d2ff77f7-0e52-472a-b3c8-2a180e301c11-47279818202944", "study_name": "linear", "directions": [1]}
{"op_code": 4, "worker_id": "d2ff77f7-0e52-472a-b3c8-2a180e301c11-47280521058048", "study_id": 0, "datetime_start": "2023-11-07T17:25:53.387658"}
{"op_code": 8, "worker_id": "d2ff77f7-0e52-472a-b3c8-2a180e301c11-47280521058048", "trial_id": 2, "user_attr": {"fit_intercept": true}}
{"op_code": 5, "worker_id": "d2ff77f7-0e52-472a-b3c8-2a180e301c11-47280521058048", "trial_id": 2, "param_name": "alpha", "param_value_internal": 0.07547428046985118, "distribution": "{\"name\": \"FloatDistribution\", \"attributes\": {\"step\": null, \"low\": 1e-05, \"high\": 0.1, \"log\": false}}"}
{"op_code": 5, "worker_id": "d2ff77f7-0e52-472a-b3c8-2a180e301c11-47280521058048", "trial_id": 2, "param_name": "l1_ratio", "param_value_internal": 0.8868682760328718, "distribution": "{\"name\": \"FloatDistribution\", \"attributes\": {\"step\": null, \"low\": 0.0, \"high\": 1.0, \"log\": false}}"}
{"op_code": 6, "worker_id": "d2ff77f7-0e52-472a-b3c8-2a180e301c11-47280521058048", "trial_id": 2, "state": 1, "values": [0.30944971661079856], "datetime_complete": "2023-11-07T17:25:53.415788"}
{"op_code": 0, "worker_id": "1e45b9d1-1721-45f6-90ac-ccd3e693c2f9-47279818202944", "study_name": "linear", "directions": [1]}
{"op_code": 4, "worker_id": "1e45b9d1-1721-45f6-90ac-ccd3e693c2f9-47280521058048", "study_id": 0, "datetime_start": "2023-11-07T17:32:39.892830"}
{"op_code": 8, "worker_id": "1e45b9d1-1721-45f6-90ac-ccd3e693c2f9-47280521058048", "trial_id": 3, "user_attr": {"fit_intercept": true}}
{"op_code": 5, "worker_id": "1e45b9d1-1721-45f6-90ac-ccd3e693c2f9-47280521058048", "trial_id": 3, "param_name": "alpha", "param_value_internal": 0.02482800857632663, "distribution": "{\"name\": \"FloatDistribution\", \"attributes\": {\"step\": null, \"low\": 1e-05, \"high\": 0.1, \"log\": false}}"}
{"op_code": 5, "worker_id": "1e45b9d1-1721-45f6-90ac-ccd3e693c2f9-47280521058048", "trial_id": 3, "param_name": "l1_ratio", "param_value_internal": 0.922812157006719, "distribution": "{\"name\": \"FloatDistribution\", \"attributes\": {\"step\": null, \"low\": 0.0, \"high\": 1.0, \"log\": false}}"}
{"op_code": 6, "worker_id": "1e45b9d1-1721-45f6-90ac-ccd3e693c2f9-47280521058048", "trial_id": 3, "state": 1, "values": [0.30739827997312225], "datetime_complete": "2023-11-07T17:32:39.938489"}
{"op_code": 0, "worker_id": "caf9b2ac-5db2-4cc5-a35b-17f4578e2924-47817365380928", "study_name": "linear", "directions": [1]}
{"op_code": 4, "worker_id": "caf9b2ac-5db2-4cc5-a35b-17f4578e2924-47818068719360", "study_id": 0, "datetime_start": "2023-11-14T15:00:24.966289"}
{"op_code": 8, "worker_id": "caf9b2ac-5db2-4cc5-a35b-17f4578e2924-47818068719360", "trial_id": 4, "user_attr": {"fit_intercept": true}}
{"op_code": 5, "worker_id": "caf9b2ac-5db2-4cc5-a35b-17f4578e2924-47818068719360", "trial_id": 4, "param_name": "alpha", "param_value_internal": 0.05924190969689921, "distribution": "{\"name\": \"FloatDistribution\", \"attributes\": {\"step\": null, \"low\": 1e-05, \"high\": 0.1, \"log\": false}}"}
{"op_code": 5, "worker_id": "caf9b2ac-5db2-4cc5-a35b-17f4578e2924-47818068719360", "trial_id": 4, "param_name": "l1_ratio", "param_value_internal": 0.7820339496503762, "distribution": "{\"name\": \"FloatDistribution\", \"attributes\": {\"step\": null, \"low\": 0.0, \"high\": 1.0, \"log\": false}}"}
{"op_code": 6, "worker_id": "caf9b2ac-5db2-4cc5-a35b-17f4578e2924-47818068719360", "trial_id": 4, "state": 1, "values": [0.3106335749916791], "datetime_complete": "2023-11-14T15:00:24.995771"}
{"op_code": 0, "worker_id": "b6013f92-9075-44d2-9d5a-0d87c2fa1d03-47817365380928", "study_name": "linear", "directions": [1]}
{"op_code": 4, "worker_id": "b6013f92-9075-44d2-9d5a-0d87c2fa1d03-47818068719360", "study_id": 0, "datetime_start": "2023-11-14T15:06:57.080757"}
{"op_code": 8, "worker_id": "b6013f92-9075-44d2-9d5a-0d87c2fa1d03-47818068719360", "trial_id": 5, "user_attr": {"fit_intercept": true}}
{"op_code": 5, "worker_id": "b6013f92-9075-44d2-9d5a-0d87c2fa1d03-47818068719360", "trial_id": 5, "param_name": "alpha", "param_value_internal": 0.05515243477403143, "distribution": "{\"name\": \"FloatDistribution\", \"attributes\": {\"step\": null, \"low\": 1e-05, \"high\": 0.1, \"log\": false}}"}
{"op_code": 5, "worker_id": "b6013f92-9075-44d2-9d5a-0d87c2fa1d03-47818068719360", "trial_id": 5, "param_name": "l1_ratio", "param_value_internal": 0.6714367842598171, "distribution": "{\"name\": \"FloatDistribution\", \"attributes\": {\"step\": null, \"low\": 0.0, \"high\": 1.0, \"log\": false}}"}
{"op_code": 6, "worker_id": "b6013f92-9075-44d2-9d5a-0d87c2fa1d03-47818068719360", "trial_id": 5, "state": 1, "values": [0.3076418597385378], "datetime_complete": "2023-11-14T15:06:57.110972"}
{"op_code": 0, "worker_id": "c56c6c88-676d-43f5-b571-700dc8e0a0bb-47817365380928", "study_name": "linear", "directions": [1]}
{"op_code": 4, "worker_id": "c56c6c88-676d-43f5-b571-700dc8e0a0bb-47818068719360", "study_id": 0, "datetime_start": "2023-11-14T15:13:32.987762"}
{"op_code": 8, "worker_id": "c56c6c88-676d-43f5-b571-700dc8e0a0bb-47818068719360", "trial_id": 6, "user_attr": {"fit_intercept": true}}
{"op_code": 5, "worker_id": "c56c6c88-676d-43f5-b571-700dc8e0a0bb-47818068719360", "trial_id": 6, "param_name": "alpha", "param_value_internal": 0.09569347897313202, "distribution": "{\"name\": \"FloatDistribution\", \"attributes\": {\"step\": null, \"low\": 1e-05, \"high\": 0.1, \"log\": false}}"}
{"op_code": 5, "worker_id": "c56c6c88-676d-43f5-b571-700dc8e0a0bb-47818068719360", "trial_id": 6, "param_name": "l1_ratio", "param_value_internal": 0.1629415432794541, "distribution": "{\"name\": \"FloatDistribution\", \"attributes\": {\"step\": null, \"low\": 0.0, \"high\": 1.0, \"log\": false}}"}
{"op_code": 6, "worker_id": "c56c6c88-676d-43f5-b571-700dc8e0a0bb-47818068719360", "trial_id": 6, "state": 1, "values": [0.3107001252038668], "datetime_complete": "2023-11-14T15:13:33.018253"}
{"op_code": 0, "worker_id": "1ca5f89a-492e-4ff3-92f5-cc86d8af9ed5-47817365380928", "study_name": "linear", "directions": [1]}
{"op_code": 4, "worker_id": "1ca5f89a-492e-4ff3-92f5-cc86d8af9ed5-47818068719360", "study_id": 0, "datetime_start": "2023-11-14T15:20:11.879436"}
{"op_code": 8, "worker_id": "1ca5f89a-492e-4ff3-92f5-cc86d8af9ed5-47818068719360", "trial_id": 7, "user_attr": {"fit_intercept": true}}
{"op_code": 5, "worker_id": "1ca5f89a-492e-4ff3-92f5-cc86d8af9ed5-47818068719360", "trial_id": 7, "param_name": "alpha", "param_value_internal": 0.07406448102804451, "distribution": "{\"name\": \"FloatDistribution\", \"attributes\": {\"step\": null, \"low\": 1e-05, \"high\": 0.1, \"log\": false}}"}
{"op_code": 5, "worker_id": "1ca5f89a-492e-4ff3-92f5-cc86d8af9ed5-47818068719360", "trial_id": 7, "param_name": "l1_ratio", "param_value_internal": 0.6708932025806924, "distribution": "{\"name\": \"FloatDistribution\", \"attributes\": {\"step\": null, \"low\": 0.0, \"high\": 1.0, \"log\": false}}"}
{"op_code": 6, "worker_id": "1ca5f89a-492e-4ff3-92f5-cc86d8af9ed5-47818068719360", "trial_id": 7, "state": 1, "values": [0.3115384034257343], "datetime_complete": "2023-11-14T15:20:11.910461"}
