{"op_code": 0, "worker_id": "a59daab1-39f3-4e2f-8fc0-1ec9c16290b8-47279818202944", "study_name": "RF", "directions": [1]}
{"op_code": 4, "worker_id": "a59daab1-39f3-4e2f-8fc0-1ec9c16290b8-47280521058048", "study_id": 0, "datetime_start": "2023-11-07T17:12:19.217362"}
{"op_code": 5, "worker_id": "a59daab1-39f3-4e2f-8fc0-1ec9c16290b8-47280521058048", "trial_id": 0, "param_name": "n_estimators", "param_value_internal": 2, "distribution": "{\"name\": \"CategoricalDistribution\", \"attributes\": {\"choices\": [10, 20, 50, 200, 500]}}"}
{"op_code": 5, "worker_id": "a59daab1-39f3-4e2f-8fc0-1ec9c16290b8-47280521058048", "trial_id": 0, "param_name": "max_features", "param_value_internal": 2, "distribution": "{\"name\": \"CategoricalDistribution\", \"attributes\": {\"choices\": [\"auto\", \"sqrt\", \"log2\"]}}"}
{"op_code": 5, "worker_id": "a59daab1-39f3-4e2f-8fc0-1ec9c16290b8-47280521058048", "trial_id": 0, "param_name": "max_depth", "param_value_internal": 0, "distribution": "{\"name\": \"CategoricalDistribution\", \"attributes\": {\"choices\": [null, 2, 3, 4, 5, 10]}}"}
{"op_code": 6, "worker_id": "a59daab1-39f3-4e2f-8fc0-1ec9c16290b8-47280521058048", "trial_id": 0, "state": 1, "values": [0.29976977459959686], "datetime_complete": "2023-11-07T17:12:21.832885"}
{"op_code": 0, "worker_id": "6a55b841-8229-4bfa-ab4d-5fb66f8cc526-47279818202944", "study_name": "RF", "directions": [1]}
{"op_code": 4, "worker_id": "6a55b841-8229-4bfa-ab4d-5fb66f8cc526-47280521058048", "study_id": 0, "datetime_start": "2023-11-07T17:19:05.848365"}
{"op_code": 5, "worker_id": "6a55b841-8229-4bfa-ab4d-5fb66f8cc526-47280521058048", "trial_id": 1, "param_name": "n_estimators", "param_value_internal": 2, "distribution": "{\"name\": \"CategoricalDistribution\", \"attributes\": {\"choices\": [10, 20, 50, 200, 500]}}"}
{"op_code": 5, "worker_id": "6a55b841-8229-4bfa-ab4d-5fb66f8cc526-47280521058048", "trial_id": 1, "param_name": "max_features", "param_value_internal": 1, "distribution": "{\"name\": \"CategoricalDistribution\", \"attributes\": {\"choices\": [\"auto\", \"sqrt\", \"log2\"]}}"}
{"op_code": 5, "worker_id": "6a55b841-8229-4bfa-ab4d-5fb66f8cc526-47280521058048", "trial_id": 1, "param_name": "max_depth", "param_value_internal": 3, "distribution": "{\"name\": \"CategoricalDistribution\", \"attributes\": {\"choices\": [null, 2, 3, 4, 5, 10]}}"}
{"op_code": 6, "worker_id": "6a55b841-8229-4bfa-ab4d-5fb66f8cc526-47280521058048", "trial_id": 1, "state": 1, "values": [0.29294834929574587], "datetime_complete": "2023-11-07T17:19:08.465851"}
{"op_code": 0, "worker_id": "bc19a48b-7756-4337-a17a-1e90d5412f9b-47279818202944", "study_name": "RF", "directions": [1]}
{"op_code": 4, "worker_id": "bc19a48b-7756-4337-a17a-1e90d5412f9b-47280521058048", "study_id": 0, "datetime_start": "2023-11-07T17:25:54.734773"}
{"op_code": 5, "worker_id": "bc19a48b-7756-4337-a17a-1e90d5412f9b-47280521058048", "trial_id": 2, "param_name": "n_estimators", "param_value_internal": 2, "distribution": "{\"name\": \"CategoricalDistribution\", \"attributes\": {\"choices\": [10, 20, 50, 200, 500]}}"}
{"op_code": 5, "worker_id": "bc19a48b-7756-4337-a17a-1e90d5412f9b-47280521058048", "trial_id": 2, "param_name": "max_features", "param_value_internal": 0, "distribution": "{\"name\": \"CategoricalDistribution\", \"attributes\": {\"choices\": [\"auto\", \"sqrt\", \"log2\"]}}"}
{"op_code": 5, "worker_id": "bc19a48b-7756-4337-a17a-1e90d5412f9b-47280521058048", "trial_id": 2, "param_name": "max_depth", "param_value_internal": 5, "distribution": "{\"name\": \"CategoricalDistribution\", \"attributes\": {\"choices\": [null, 2, 3, 4, 5, 10]}}"}
{"op_code": 6, "worker_id": "bc19a48b-7756-4337-a17a-1e90d5412f9b-47280521058048", "trial_id": 2, "state": 1, "values": [0.2948505881546421], "datetime_complete": "2023-11-07T17:25:57.380390"}
{"op_code": 0, "worker_id": "cf6b00da-48ee-428c-be88-e1464d9b091b-47279818202944", "study_name": "RF", "directions": [1]}
{"op_code": 4, "worker_id": "cf6b00da-48ee-428c-be88-e1464d9b091b-47280521058048", "study_id": 0, "datetime_start": "2023-11-07T17:32:41.256374"}
{"op_code": 5, "worker_id": "cf6b00da-48ee-428c-be88-e1464d9b091b-47280521058048", "trial_id": 3, "param_name": "n_estimators", "param_value_internal": 0, "distribution": "{\"name\": \"CategoricalDistribution\", \"attributes\": {\"choices\": [10, 20, 50, 200, 500]}}"}
{"op_code": 5, "worker_id": "cf6b00da-48ee-428c-be88-e1464d9b091b-47280521058048", "trial_id": 3, "param_name": "max_features", "param_value_internal": 2, "distribution": "{\"name\": \"CategoricalDistribution\", \"attributes\": {\"choices\": [\"auto\", \"sqrt\", \"log2\"]}}"}
{"op_code": 5, "worker_id": "cf6b00da-48ee-428c-be88-e1464d9b091b-47280521058048", "trial_id": 3, "param_name": "max_depth", "param_value_internal": 0, "distribution": "{\"name\": \"CategoricalDistribution\", \"attributes\": {\"choices\": [null, 2, 3, 4, 5, 10]}}"}
{"op_code": 6, "worker_id": "cf6b00da-48ee-428c-be88-e1464d9b091b-47280521058048", "trial_id": 3, "state": 1, "values": [0.29494063849672175], "datetime_complete": "2023-11-07T17:32:43.889048"}
{"op_code": 0, "worker_id": "48eed722-8e3d-44cc-bd1b-8a5fefd583d5-47817365380928", "study_name": "RF", "directions": [1]}
{"op_code": 4, "worker_id": "48eed722-8e3d-44cc-bd1b-8a5fefd583d5-47818068719360", "study_id": 0, "datetime_start": "2023-11-14T15:00:26.317487"}
{"op_code": 5, "worker_id": "48eed722-8e3d-44cc-bd1b-8a5fefd583d5-47818068719360", "trial_id": 4, "param_name": "n_estimators", "param_value_internal": 1, "distribution": "{\"name\": \"CategoricalDistribution\", \"attributes\": {\"choices\": [10, 20, 50, 200, 500]}}"}
{"op_code": 5, "worker_id": "48eed722-8e3d-44cc-bd1b-8a5fefd583d5-47818068719360", "trial_id": 4, "param_name": "max_features", "param_value_internal": 2, "distribution": "{\"name\": \"CategoricalDistribution\", \"attributes\": {\"choices\": [\"auto\", \"sqrt\", \"log2\"]}}"}
{"op_code": 5, "worker_id": "48eed722-8e3d-44cc-bd1b-8a5fefd583d5-47818068719360", "trial_id": 4, "param_name": "max_depth", "param_value_internal": 3, "distribution": "{\"name\": \"CategoricalDistribution\", \"attributes\": {\"choices\": [null, 2, 3, 4, 5, 10]}}"}
{"op_code": 6, "worker_id": "48eed722-8e3d-44cc-bd1b-8a5fefd583d5-47818068719360", "trial_id": 4, "state": 1, "values": [0.2924939903349042], "datetime_complete": "2023-11-14T15:00:28.965232"}
{"op_code": 0, "worker_id": "859b717d-766a-432a-a25c-0322912f2c57-47817365380928", "study_name": "RF", "directions": [1]}
{"op_code": 4, "worker_id": "859b717d-766a-432a-a25c-0322912f2c57-47818068719360", "study_id": 0, "datetime_start": "2023-11-14T15:06:58.439469"}
{"op_code": 5, "worker_id": "859b717d-766a-432a-a25c-0322912f2c57-47818068719360", "trial_id": 5, "param_name": "n_estimators", "param_value_internal": 3, "distribution": "{\"name\": \"CategoricalDistribution\", \"attributes\": {\"choices\": [10, 20, 50, 200, 500]}}"}
{"op_code": 5, "worker_id": "859b717d-766a-432a-a25c-0322912f2c57-47818068719360", "trial_id": 5, "param_name": "max_features", "param_value_internal": 0, "distribution": "{\"name\": \"CategoricalDistribution\", \"attributes\": {\"choices\": [\"auto\", \"sqrt\", \"log2\"]}}"}
{"op_code": 5, "worker_id": "859b717d-766a-432a-a25c-0322912f2c57-47818068719360", "trial_id": 5, "param_name": "max_depth", "param_value_internal": 2, "distribution": "{\"name\": \"CategoricalDistribution\", \"attributes\": {\"choices\": [null, 2, 3, 4, 5, 10]}}"}
{"op_code": 6, "worker_id": "859b717d-766a-432a-a25c-0322912f2c57-47818068719360", "trial_id": 5, "state": 1, "values": [0.2910375148328734], "datetime_complete": "2023-11-14T15:07:01.095145"}
{"op_code": 0, "worker_id": "c87f9314-f781-43b0-8adb-c826ef8b8d5e-47817365380928", "study_name": "RF", "directions": [1]}
{"op_code": 4, "worker_id": "c87f9314-f781-43b0-8adb-c826ef8b8d5e-47818068719360", "study_id": 0, "datetime_start": "2023-11-14T15:13:34.348932"}
{"op_code": 5, "worker_id": "c87f9314-f781-43b0-8adb-c826ef8b8d5e-47818068719360", "trial_id": 6, "param_name": "n_estimators", "param_value_internal": 0, "distribution": "{\"name\": \"CategoricalDistribution\", \"attributes\": {\"choices\": [10, 20, 50, 200, 500]}}"}
{"op_code": 5, "worker_id": "c87f9314-f781-43b0-8adb-c826ef8b8d5e-47818068719360", "trial_id": 6, "param_name": "max_features", "param_value_internal": 1, "distribution": "{\"name\": \"CategoricalDistribution\", \"attributes\": {\"choices\": [\"auto\", \"sqrt\", \"log2\"]}}"}
{"op_code": 5, "worker_id": "c87f9314-f781-43b0-8adb-c826ef8b8d5e-47818068719360", "trial_id": 6, "param_name": "max_depth", "param_value_internal": 2, "distribution": "{\"name\": \"CategoricalDistribution\", \"attributes\": {\"choices\": [null, 2, 3, 4, 5, 10]}}"}
{"op_code": 6, "worker_id": "c87f9314-f781-43b0-8adb-c826ef8b8d5e-47818068719360", "trial_id": 6, "state": 1, "values": [0.29465846489242037], "datetime_complete": "2023-11-14T15:13:36.999990"}
{"op_code": 0, "worker_id": "51d5ee53-70a8-4240-8e9e-0b28defeffa2-47817365380928", "study_name": "RF", "directions": [1]}
{"op_code": 4, "worker_id": "51d5ee53-70a8-4240-8e9e-0b28defeffa2-47818068719360", "study_id": 0, "datetime_start": "2023-11-14T15:20:13.332120"}
{"op_code": 5, "worker_id": "51d5ee53-70a8-4240-8e9e-0b28defeffa2-47818068719360", "trial_id": 7, "param_name": "n_estimators", "param_value_internal": 1, "distribution": "{\"name\": \"CategoricalDistribution\", \"attributes\": {\"choices\": [10, 20, 50, 200, 500]}}"}
{"op_code": 5, "worker_id": "51d5ee53-70a8-4240-8e9e-0b28defeffa2-47818068719360", "trial_id": 7, "param_name": "max_features", "param_value_internal": 0, "distribution": "{\"name\": \"CategoricalDistribution\", \"attributes\": {\"choices\": [\"auto\", \"sqrt\", \"log2\"]}}"}
{"op_code": 5, "worker_id": "51d5ee53-70a8-4240-8e9e-0b28defeffa2-47818068719360", "trial_id": 7, "param_name": "max_depth", "param_value_internal": 4, "distribution": "{\"name\": \"CategoricalDistribution\", \"attributes\": {\"choices\": [null, 2, 3, 4, 5, 10]}}"}
{"op_code": 6, "worker_id": "51d5ee53-70a8-4240-8e9e-0b28defeffa2-47818068719360", "trial_id": 7, "state": 1, "values": [0.2910695876829454], "datetime_complete": "2023-11-14T15:20:15.979848"}
