{"op_code": 0, "worker_id": "cdb79e92-4daf-44b6-87f7-524ab9ac69f8-9760", "study_name": "ANN", "directions": [2]}
{"op_code": 4, "worker_id": "cdb79e92-4daf-44b6-87f7-524ab9ac69f8-7100", "study_id": 0, "datetime_start": "2024-03-19T11:14:26.752449"}
{"op_code": 5, "worker_id": "cdb79e92-4daf-44b6-87f7-524ab9ac69f8-7100", "trial_id": 0, "param_name": "learning_rate_init", "param_value_internal": 0.05648726906656717, "distribution": "{\"name\": \"FloatDistribution\", \"attributes\": {\"step\": null, \"low\": 0.05, \"high\": 0.15, \"log\": false}}"}
{"op_code": 5, "worker_id": "cdb79e92-4daf-44b6-87f7-524ab9ac69f8-7100", "trial_id": 0, "param_name": "hidden_layer_sizes", "param_value_internal": 2, "distribution": "{\"name\": \"CategoricalDistribution\", \"attributes\": {\"choices\": [[5, 5, 5], [5, 5, 5, 5, 5], [10, 10, 10]]}}"}
{"op_code": 7, "worker_id": "cdb79e92-4daf-44b6-87f7-524ab9ac69f8-7100", "trial_id": 0, "step": 0, "intermediate_value": 0.2064295801577948}
{"op_code": 7, "worker_id": "cdb79e92-4daf-44b6-87f7-524ab9ac69f8-7100", "trial_id": 0, "step": 1, "intermediate_value": 0.12493296848751394}
{"op_code": 7, "worker_id": "cdb79e92-4daf-44b6-87f7-524ab9ac69f8-7100", "trial_id": 0, "step": 2, "intermediate_value": 0.2826774425330928}
{"op_code": 6, "worker_id": "cdb79e92-4daf-44b6-87f7-524ab9ac69f8-7100", "trial_id": 0, "state": 1, "values": [0.20467999705946718], "datetime_complete": "2024-03-19T11:16:33.952231"}
{"op_code": 4, "worker_id": "cdb79e92-4daf-44b6-87f7-524ab9ac69f8-7100", "study_id": 0, "datetime_start": "2024-03-19T11:16:34.126039"}
{"op_code": 5, "worker_id": "cdb79e92-4daf-44b6-87f7-524ab9ac69f8-7100", "trial_id": 1, "param_name": "learning_rate_init", "param_value_internal": 0.05171625392623573, "distribution": "{\"name\": \"FloatDistribution\", \"attributes\": {\"step\": null, \"low\": 0.05, \"high\": 0.15, \"log\": false}}"}
{"op_code": 5, "worker_id": "cdb79e92-4daf-44b6-87f7-524ab9ac69f8-7100", "trial_id": 1, "param_name": "hidden_layer_sizes", "param_value_internal": 2, "distribution": "{\"name\": \"CategoricalDistribution\", \"attributes\": {\"choices\": [[5, 5, 5], [5, 5, 5, 5, 5], [10, 10, 10]]}}"}
{"op_code": 7, "worker_id": "cdb79e92-4daf-44b6-87f7-524ab9ac69f8-7100", "trial_id": 1, "step": 0, "intermediate_value": 0.28186784342173493}
{"op_code": 7, "worker_id": "cdb79e92-4daf-44b6-87f7-524ab9ac69f8-7100", "trial_id": 1, "step": 1, "intermediate_value": 0.12093905897142639}
{"op_code": 7, "worker_id": "cdb79e92-4daf-44b6-87f7-524ab9ac69f8-7100", "trial_id": 1, "step": 2, "intermediate_value": 0.24897901660022576}
{"op_code": 6, "worker_id": "cdb79e92-4daf-44b6-87f7-524ab9ac69f8-7100", "trial_id": 1, "state": 1, "values": [0.21726197299779568], "datetime_complete": "2024-03-19T11:18:17.296715"}
{"op_code": 4, "worker_id": "cdb79e92-4daf-44b6-87f7-524ab9ac69f8-7100", "study_id": 0, "datetime_start": "2024-03-19T11:18:17.545341"}
{"op_code": 5, "worker_id": "cdb79e92-4daf-44b6-87f7-524ab9ac69f8-7100", "trial_id": 2, "param_name": "learning_rate_init", "param_value_internal": 0.0510735169694549, "distribution": "{\"name\": \"FloatDistribution\", \"attributes\": {\"step\": null, \"low\": 0.05, \"high\": 0.15, \"log\": false}}"}
{"op_code": 5, "worker_id": "cdb79e92-4daf-44b6-87f7-524ab9ac69f8-7100", "trial_id": 2, "param_name": "hidden_layer_sizes", "param_value_internal": 1, "distribution": "{\"name\": \"CategoricalDistribution\", \"attributes\": {\"choices\": [[5, 5, 5], [5, 5, 5, 5, 5], [10, 10, 10]]}}"}
{"op_code": 7, "worker_id": "cdb79e92-4daf-44b6-87f7-524ab9ac69f8-7100", "trial_id": 2, "step": 0, "intermediate_value": 0.13948199520059745}
{"op_code": 7, "worker_id": "cdb79e92-4daf-44b6-87f7-524ab9ac69f8-7100", "trial_id": 2, "step": 1, "intermediate_value": 0.11293907603442037}
{"op_code": 7, "worker_id": "cdb79e92-4daf-44b6-87f7-524ab9ac69f8-7100", "trial_id": 2, "step": 2, "intermediate_value": 0.20900847170914258}
{"op_code": 6, "worker_id": "cdb79e92-4daf-44b6-87f7-524ab9ac69f8-7100", "trial_id": 2, "state": 1, "values": [0.15380984764805347], "datetime_complete": "2024-03-19T11:18:53.114261"}
{"op_code": 4, "worker_id": "cdb79e92-4daf-44b6-87f7-524ab9ac69f8-7100", "study_id": 0, "datetime_start": "2024-03-19T11:18:53.334102"}
{"op_code": 5, "worker_id": "cdb79e92-4daf-44b6-87f7-524ab9ac69f8-7100", "trial_id": 3, "param_name": "learning_rate_init", "param_value_internal": 0.13779910790973862, "distribution": "{\"name\": \"FloatDistribution\", \"attributes\": {\"step\": null, \"low\": 0.05, \"high\": 0.15, \"log\": false}}"}
{"op_code": 5, "worker_id": "cdb79e92-4daf-44b6-87f7-524ab9ac69f8-7100", "trial_id": 3, "param_name": "hidden_layer_sizes", "param_value_internal": 2, "distribution": "{\"name\": \"CategoricalDistribution\", \"attributes\": {\"choices\": [[5, 5, 5], [5, 5, 5, 5, 5], [10, 10, 10]]}}"}
{"op_code": 7, "worker_id": "cdb79e92-4daf-44b6-87f7-524ab9ac69f8-7100", "trial_id": 3, "step": 0, "intermediate_value": 0.0424038905347711}
{"op_code": 7, "worker_id": "cdb79e92-4daf-44b6-87f7-524ab9ac69f8-7100", "trial_id": 3, "step": 1, "intermediate_value": 0.061352701578761555}
{"op_code": 9, "worker_id": "cdb79e92-4daf-44b6-87f7-524ab9ac69f8-7100", "trial_id": 3, "system_attr": {"completed_rung_0": 0.061352701578761555}}
{"op_code": 7, "worker_id": "cdb79e92-4daf-44b6-87f7-524ab9ac69f8-7100", "trial_id": 3, "step": 2, "intermediate_value": 0.217336426613054}
{"op_code": 6, "worker_id": "cdb79e92-4daf-44b6-87f7-524ab9ac69f8-7100", "trial_id": 3, "state": 1, "values": [0.10703100624219557], "datetime_complete": "2024-03-19T11:20:34.089442"}
{"op_code": 4, "worker_id": "cdb79e92-4daf-44b6-87f7-524ab9ac69f8-7100", "study_id": 0, "datetime_start": "2024-03-19T11:20:34.292286"}
{"op_code": 5, "worker_id": "cdb79e92-4daf-44b6-87f7-524ab9ac69f8-7100", "trial_id": 4, "param_name": "learning_rate_init", "param_value_internal": 0.10055997808844432, "distribution": "{\"name\": \"FloatDistribution\", \"attributes\": {\"step\": null, \"low\": 0.05, \"high\": 0.15, \"log\": false}}"}
{"op_code": 5, "worker_id": "cdb79e92-4daf-44b6-87f7-524ab9ac69f8-7100", "trial_id": 4, "param_name": "hidden_layer_sizes", "param_value_internal": 0, "distribution": "{\"name\": \"CategoricalDistribution\", \"attributes\": {\"choices\": [[5, 5, 5], [5, 5, 5, 5, 5], [10, 10, 10]]}}"}
{"op_code": 7, "worker_id": "cdb79e92-4daf-44b6-87f7-524ab9ac69f8-7100", "trial_id": 4, "step": 0, "intermediate_value": 0.02396089390679168}
{"op_code": 7, "worker_id": "cdb79e92-4daf-44b6-87f7-524ab9ac69f8-7100", "trial_id": 4, "step": 1, "intermediate_value": 0.1666741204277807}
{"op_code": 9, "worker_id": "cdb79e92-4daf-44b6-87f7-524ab9ac69f8-7100", "trial_id": 4, "system_attr": {"completed_rung_0": 0.1666741204277807}}
{"op_code": 7, "worker_id": "cdb79e92-4daf-44b6-87f7-524ab9ac69f8-7100", "trial_id": 4, "step": 2, "intermediate_value": 0.21577635641532508}
{"op_code": 6, "worker_id": "cdb79e92-4daf-44b6-87f7-524ab9ac69f8-7100", "trial_id": 4, "state": 1, "values": [0.13547045691663248], "datetime_complete": "2024-03-19T11:21:30.262138"}
{"op_code": 4, "worker_id": "cdb79e92-4daf-44b6-87f7-524ab9ac69f8-7100", "study_id": 0, "datetime_start": "2024-03-19T11:21:30.420978"}
{"op_code": 5, "worker_id": "cdb79e92-4daf-44b6-87f7-524ab9ac69f8-7100", "trial_id": 5, "param_name": "learning_rate_init", "param_value_internal": 0.08020133469363401, "distribution": "{\"name\": \"FloatDistribution\", \"attributes\": {\"step\": null, \"low\": 0.05, \"high\": 0.15, \"log\": false}}"}
{"op_code": 5, "worker_id": "cdb79e92-4daf-44b6-87f7-524ab9ac69f8-7100", "trial_id": 5, "param_name": "hidden_layer_sizes", "param_value_internal": 2, "distribution": "{\"name\": \"CategoricalDistribution\", \"attributes\": {\"choices\": [[5, 5, 5], [5, 5, 5, 5, 5], [10, 10, 10]]}}"}
{"op_code": 7, "worker_id": "cdb79e92-4daf-44b6-87f7-524ab9ac69f8-7100", "trial_id": 5, "step": 0, "intermediate_value": 0.16069177867569054}
{"op_code": 7, "worker_id": "cdb79e92-4daf-44b6-87f7-524ab9ac69f8-7100", "trial_id": 5, "step": 1, "intermediate_value": 0.14932426571270638}
{"op_code": 9, "worker_id": "cdb79e92-4daf-44b6-87f7-524ab9ac69f8-7100", "trial_id": 5, "system_attr": {"completed_rung_0": 0.14932426571270638}}
{"op_code": 6, "worker_id": "cdb79e92-4daf-44b6-87f7-524ab9ac69f8-7100", "trial_id": 5, "state": 2, "values": [0.14932426571270638], "datetime_complete": "2024-03-19T11:22:43.616655"}
{"op_code": 4, "worker_id": "cdb79e92-4daf-44b6-87f7-524ab9ac69f8-7100", "study_id": 0, "datetime_start": "2024-03-19T11:22:44.015089"}
{"op_code": 5, "worker_id": "cdb79e92-4daf-44b6-87f7-524ab9ac69f8-7100", "trial_id": 6, "param_name": "learning_rate_init", "param_value_internal": 0.0852381951905963, "distribution": "{\"name\": \"FloatDistribution\", \"attributes\": {\"step\": null, \"low\": 0.05, \"high\": 0.15, \"log\": false}}"}
{"op_code": 5, "worker_id": "cdb79e92-4daf-44b6-87f7-524ab9ac69f8-7100", "trial_id": 6, "param_name": "hidden_layer_sizes", "param_value_internal": 1, "distribution": "{\"name\": \"CategoricalDistribution\", \"attributes\": {\"choices\": [[5, 5, 5], [5, 5, 5, 5, 5], [10, 10, 10]]}}"}
{"op_code": 7, "worker_id": "cdb79e92-4daf-44b6-87f7-524ab9ac69f8-7100", "trial_id": 6, "step": 0, "intermediate_value": 0.2134567185119964}
{"op_code": 7, "worker_id": "cdb79e92-4daf-44b6-87f7-524ab9ac69f8-7100", "trial_id": 6, "step": 1, "intermediate_value": 0.1047748602766263}
{"op_code": 9, "worker_id": "cdb79e92-4daf-44b6-87f7-524ab9ac69f8-7100", "trial_id": 6, "system_attr": {"completed_rung_0": 0.1047748602766263}}
{"op_code": 6, "worker_id": "cdb79e92-4daf-44b6-87f7-524ab9ac69f8-7100", "trial_id": 6, "state": 2, "values": [0.1047748602766263], "datetime_complete": "2024-03-19T11:23:13.402755"}
{"op_code": 4, "worker_id": "cdb79e92-4daf-44b6-87f7-524ab9ac69f8-7100", "study_id": 0, "datetime_start": "2024-03-19T11:23:14.150106"}
{"op_code": 5, "worker_id": "cdb79e92-4daf-44b6-87f7-524ab9ac69f8-7100", "trial_id": 7, "param_name": "learning_rate_init", "param_value_internal": 0.053713317859127814, "distribution": "{\"name\": \"FloatDistribution\", \"attributes\": {\"step\": null, \"low\": 0.05, \"high\": 0.15, \"log\": false}}"}
{"op_code": 5, "worker_id": "cdb79e92-4daf-44b6-87f7-524ab9ac69f8-7100", "trial_id": 7, "param_name": "hidden_layer_sizes", "param_value_internal": 0, "distribution": "{\"name\": \"CategoricalDistribution\", \"attributes\": {\"choices\": [[5, 5, 5], [5, 5, 5, 5, 5], [10, 10, 10]]}}"}
{"op_code": 7, "worker_id": "cdb79e92-4daf-44b6-87f7-524ab9ac69f8-7100", "trial_id": 7, "step": 0, "intermediate_value": 0.14052166847585282}
{"op_code": 7, "worker_id": "cdb79e92-4daf-44b6-87f7-524ab9ac69f8-7100", "trial_id": 7, "step": 1, "intermediate_value": 0.14052166847585282}
{"op_code": 9, "worker_id": "cdb79e92-4daf-44b6-87f7-524ab9ac69f8-7100", "trial_id": 7, "system_attr": {"completed_rung_0": 0.14052166847585282}}
{"op_code": 6, "worker_id": "cdb79e92-4daf-44b6-87f7-524ab9ac69f8-7100", "trial_id": 7, "state": 2, "values": [0.14052166847585282], "datetime_complete": "2024-03-19T11:23:17.042235"}
{"op_code": 4, "worker_id": "cdb79e92-4daf-44b6-87f7-524ab9ac69f8-7100", "study_id": 0, "datetime_start": "2024-03-19T11:23:17.058298"}
{"op_code": 5, "worker_id": "cdb79e92-4daf-44b6-87f7-524ab9ac69f8-7100", "trial_id": 8, "param_name": "learning_rate_init", "param_value_internal": 0.11556082156914915, "distribution": "{\"name\": \"FloatDistribution\", \"attributes\": {\"step\": null, \"low\": 0.05, \"high\": 0.15, \"log\": false}}"}
{"op_code": 5, "worker_id": "cdb79e92-4daf-44b6-87f7-524ab9ac69f8-7100", "trial_id": 8, "param_name": "hidden_layer_sizes", "param_value_internal": 2, "distribution": "{\"name\": \"CategoricalDistribution\", \"attributes\": {\"choices\": [[5, 5, 5], [5, 5, 5, 5, 5], [10, 10, 10]]}}"}
{"op_code": 7, "worker_id": "cdb79e92-4daf-44b6-87f7-524ab9ac69f8-7100", "trial_id": 8, "step": 0, "intermediate_value": 0.33001624899945525}
{"op_code": 7, "worker_id": "cdb79e92-4daf-44b6-87f7-524ab9ac69f8-7100", "trial_id": 8, "step": 1, "intermediate_value": 0.27625977766721677}
{"op_code": 9, "worker_id": "cdb79e92-4daf-44b6-87f7-524ab9ac69f8-7100", "trial_id": 8, "system_attr": {"completed_rung_0": 0.27625977766721677}}
{"op_code": 7, "worker_id": "cdb79e92-4daf-44b6-87f7-524ab9ac69f8-7100", "trial_id": 8, "step": 2, "intermediate_value": 0.05696302961036933}
{"op_code": 6, "worker_id": "cdb79e92-4daf-44b6-87f7-524ab9ac69f8-7100", "trial_id": 8, "state": 1, "values": [0.22107968542568046], "datetime_complete": "2024-03-19T11:26:00.931923"}
{"op_code": 4, "worker_id": "cdb79e92-4daf-44b6-87f7-524ab9ac69f8-7100", "study_id": 0, "datetime_start": "2024-03-19T11:26:01.310339"}
{"op_code": 5, "worker_id": "cdb79e92-4daf-44b6-87f7-524ab9ac69f8-7100", "trial_id": 9, "param_name": "learning_rate_init", "param_value_internal": 0.12908544786276993, "distribution": "{\"name\": \"FloatDistribution\", \"attributes\": {\"step\": null, \"low\": 0.05, \"high\": 0.15, \"log\": false}}"}
{"op_code": 5, "worker_id": "cdb79e92-4daf-44b6-87f7-524ab9ac69f8-7100", "trial_id": 9, "param_name": "hidden_layer_sizes", "param_value_internal": 2, "distribution": "{\"name\": \"CategoricalDistribution\", \"attributes\": {\"choices\": [[5, 5, 5], [5, 5, 5, 5, 5], [10, 10, 10]]}}"}
{"op_code": 7, "worker_id": "cdb79e92-4daf-44b6-87f7-524ab9ac69f8-7100", "trial_id": 9, "step": 0, "intermediate_value": 0.11061488982147734}
{"op_code": 7, "worker_id": "cdb79e92-4daf-44b6-87f7-524ab9ac69f8-7100", "trial_id": 9, "step": 1, "intermediate_value": 0.19695090292144782}
{"op_code": 9, "worker_id": "cdb79e92-4daf-44b6-87f7-524ab9ac69f8-7100", "trial_id": 9, "system_attr": {"completed_rung_0": 0.19695090292144782}}
{"op_code": 7, "worker_id": "cdb79e92-4daf-44b6-87f7-524ab9ac69f8-7100", "trial_id": 9, "step": 2, "intermediate_value": 0.20962704181669692}
{"op_code": 6, "worker_id": "cdb79e92-4daf-44b6-87f7-524ab9ac69f8-7100", "trial_id": 9, "state": 1, "values": [0.172397611519874], "datetime_complete": "2024-03-19T11:28:05.103533"}
{"op_code": 4, "worker_id": "cdb79e92-4daf-44b6-87f7-524ab9ac69f8-7100", "study_id": 0, "datetime_start": "2024-03-19T11:28:05.335796"}
{"op_code": 5, "worker_id": "cdb79e92-4daf-44b6-87f7-524ab9ac69f8-7100", "trial_id": 10, "param_name": "learning_rate_init", "param_value_internal": 0.14850090195506116, "distribution": "{\"name\": \"FloatDistribution\", \"attributes\": {\"step\": null, \"low\": 0.05, \"high\": 0.15, \"log\": false}}"}
{"op_code": 5, "worker_id": "cdb79e92-4daf-44b6-87f7-524ab9ac69f8-7100", "trial_id": 10, "param_name": "hidden_layer_sizes", "param_value_internal": 1, "distribution": "{\"name\": \"CategoricalDistribution\", \"attributes\": {\"choices\": [[5, 5, 5], [5, 5, 5, 5, 5], [10, 10, 10]]}}"}
{"op_code": 7, "worker_id": "cdb79e92-4daf-44b6-87f7-524ab9ac69f8-7100", "trial_id": 10, "step": 0, "intermediate_value": 0.07049425071311995}
{"op_code": 7, "worker_id": "cdb79e92-4daf-44b6-87f7-524ab9ac69f8-7100", "trial_id": 10, "step": 1, "intermediate_value": 0.2206157578450147}
{"op_code": 9, "worker_id": "cdb79e92-4daf-44b6-87f7-524ab9ac69f8-7100", "trial_id": 10, "system_attr": {"completed_rung_0": 0.2206157578450147}}
{"op_code": 7, "worker_id": "cdb79e92-4daf-44b6-87f7-524ab9ac69f8-7100", "trial_id": 10, "step": 2, "intermediate_value": 0.19579563227939786}
{"op_code": 6, "worker_id": "cdb79e92-4daf-44b6-87f7-524ab9ac69f8-7100", "trial_id": 10, "state": 1, "values": [0.1623018802791775], "datetime_complete": "2024-03-19T11:28:38.524193"}
{"op_code": 4, "worker_id": "cdb79e92-4daf-44b6-87f7-524ab9ac69f8-7100", "study_id": 0, "datetime_start": "2024-03-19T11:28:38.675445"}
{"op_code": 5, "worker_id": "cdb79e92-4daf-44b6-87f7-524ab9ac69f8-7100", "trial_id": 11, "param_name": "learning_rate_init", "param_value_internal": 0.11519198568355508, "distribution": "{\"name\": \"FloatDistribution\", \"attributes\": {\"step\": null, \"low\": 0.05, \"high\": 0.15, \"log\": false}}"}
{"op_code": 5, "worker_id": "cdb79e92-4daf-44b6-87f7-524ab9ac69f8-7100", "trial_id": 11, "param_name": "hidden_layer_sizes", "param_value_internal": 2, "distribution": "{\"name\": \"CategoricalDistribution\", \"attributes\": {\"choices\": [[5, 5, 5], [5, 5, 5, 5, 5], [10, 10, 10]]}}"}
