{"op_code": 0, "worker_id": "3297f2d7-5b39-4a10-bda5-64e86c74ac75-9760", "study_name": "GB", "directions": [2]}
{"op_code": 4, "worker_id": "3297f2d7-5b39-4a10-bda5-64e86c74ac75-5336", "study_id": 0, "datetime_start": "2024-03-19T11:14:06.903646"}
{"op_code": 5, "worker_id": "3297f2d7-5b39-4a10-bda5-64e86c74ac75-5336", "trial_id": 0, "param_name": "n_estimators", "param_value_internal": 0, "distribution": "{\"name\": \"CategoricalDistribution\", \"attributes\": {\"choices\": [5, 10, 20, 50]}}"}
{"op_code": 5, "worker_id": "3297f2d7-5b39-4a10-bda5-64e86c74ac75-5336", "trial_id": 0, "param_name": "learning_rate", "param_value_internal": 0.10914278432554796, "distribution": "{\"name\": \"FloatDistribution\", \"attributes\": {\"step\": null, \"low\": 0.05, \"high\": 0.175, \"log\": false}}"}
{"op_code": 5, "worker_id": "3297f2d7-5b39-4a10-bda5-64e86c74ac75-5336", "trial_id": 0, "param_name": "max_depth", "param_value_internal": 0, "distribution": "{\"name\": \"CategoricalDistribution\", \"attributes\": {\"choices\": [1, 2, 3]}}"}
{"op_code": 7, "worker_id": "3297f2d7-5b39-4a10-bda5-64e86c74ac75-5336", "trial_id": 0, "step": 0, "intermediate_value": 0.2694777272100579}
{"op_code": 7, "worker_id": "3297f2d7-5b39-4a10-bda5-64e86c74ac75-5336", "trial_id": 0, "step": 1, "intermediate_value": 0.2694777272100579}
{"op_code": 7, "worker_id": "3297f2d7-5b39-4a10-bda5-64e86c74ac75-5336", "trial_id": 0, "step": 2, "intermediate_value": 0.2694777272100579}
{"op_code": 6, "worker_id": "3297f2d7-5b39-4a10-bda5-64e86c74ac75-5336", "trial_id": 0, "state": 1, "values": [0.2694777272100579], "datetime_complete": "2024-03-19T11:14:09.655528"}
{"op_code": 4, "worker_id": "3297f2d7-5b39-4a10-bda5-64e86c74ac75-5336", "study_id": 0, "datetime_start": "2024-03-19T11:14:10.110300"}
{"op_code": 5, "worker_id": "3297f2d7-5b39-4a10-bda5-64e86c74ac75-5336", "trial_id": 1, "param_name": "n_estimators", "param_value_internal": 0, "distribution": "{\"name\": \"CategoricalDistribution\", \"attributes\": {\"choices\": [5, 10, 20, 50]}}"}
{"op_code": 5, "worker_id": "3297f2d7-5b39-4a10-bda5-64e86c74ac75-5336", "trial_id": 1, "param_name": "learning_rate", "param_value_internal": 0.11345075316642528, "distribution": "{\"name\": \"FloatDistribution\", \"attributes\": {\"step\": null, \"low\": 0.05, \"high\": 0.175, \"log\": false}}"}
{"op_code": 5, "worker_id": "3297f2d7-5b39-4a10-bda5-64e86c74ac75-5336", "trial_id": 1, "param_name": "max_depth", "param_value_internal": 0, "distribution": "{\"name\": \"CategoricalDistribution\", \"attributes\": {\"choices\": [1, 2, 3]}}"}
{"op_code": 7, "worker_id": "3297f2d7-5b39-4a10-bda5-64e86c74ac75-5336", "trial_id": 1, "step": 0, "intermediate_value": 0.2694777272100579}
{"op_code": 7, "worker_id": "3297f2d7-5b39-4a10-bda5-64e86c74ac75-5336", "trial_id": 1, "step": 1, "intermediate_value": 0.2694777272100579}
{"op_code": 7, "worker_id": "3297f2d7-5b39-4a10-bda5-64e86c74ac75-5336", "trial_id": 1, "step": 2, "intermediate_value": 0.2694777272100579}
{"op_code": 6, "worker_id": "3297f2d7-5b39-4a10-bda5-64e86c74ac75-5336", "trial_id": 1, "state": 1, "values": [0.2694777272100579], "datetime_complete": "2024-03-19T11:14:12.826958"}
{"op_code": 4, "worker_id": "3297f2d7-5b39-4a10-bda5-64e86c74ac75-5336", "study_id": 0, "datetime_start": "2024-03-19T11:14:13.430032"}
{"op_code": 5, "worker_id": "3297f2d7-5b39-4a10-bda5-64e86c74ac75-5336", "trial_id": 2, "param_name": "n_estimators", "param_value_internal": 1, "distribution": "{\"name\": \"CategoricalDistribution\", \"attributes\": {\"choices\": [5, 10, 20, 50]}}"}
{"op_code": 5, "worker_id": "3297f2d7-5b39-4a10-bda5-64e86c74ac75-5336", "trial_id": 2, "param_name": "learning_rate", "param_value_internal": 0.06494916581199817, "distribution": "{\"name\": \"FloatDistribution\", \"attributes\": {\"step\": null, \"low\": 0.05, \"high\": 0.175, \"log\": false}}"}
{"op_code": 5, "worker_id": "3297f2d7-5b39-4a10-bda5-64e86c74ac75-5336", "trial_id": 2, "param_name": "max_depth", "param_value_internal": 1, "distribution": "{\"name\": \"CategoricalDistribution\", \"attributes\": {\"choices\": [1, 2, 3]}}"}
{"op_code": 7, "worker_id": "3297f2d7-5b39-4a10-bda5-64e86c74ac75-5336", "trial_id": 2, "step": 0, "intermediate_value": 0.3556658989158278}
{"op_code": 7, "worker_id": "3297f2d7-5b39-4a10-bda5-64e86c74ac75-5336", "trial_id": 2, "step": 1, "intermediate_value": 0.3556658989158278}
{"op_code": 9, "worker_id": "3297f2d7-5b39-4a10-bda5-64e86c74ac75-5336", "trial_id": 2, "system_attr": {"completed_rung_0": 0.3556658989158278}}
{"op_code": 7, "worker_id": "3297f2d7-5b39-4a10-bda5-64e86c74ac75-5336", "trial_id": 2, "step": 2, "intermediate_value": 0.3556658989158278}
{"op_code": 6, "worker_id": "3297f2d7-5b39-4a10-bda5-64e86c74ac75-5336", "trial_id": 2, "state": 1, "values": [0.35566589891582784], "datetime_complete": "2024-03-19T11:14:18.464681"}
{"op_code": 4, "worker_id": "3297f2d7-5b39-4a10-bda5-64e86c74ac75-5336", "study_id": 0, "datetime_start": "2024-03-19T11:14:18.641747"}
{"op_code": 5, "worker_id": "3297f2d7-5b39-4a10-bda5-64e86c74ac75-5336", "trial_id": 3, "param_name": "n_estimators", "param_value_internal": 1, "distribution": "{\"name\": \"CategoricalDistribution\", \"attributes\": {\"choices\": [5, 10, 20, 50]}}"}
{"op_code": 5, "worker_id": "3297f2d7-5b39-4a10-bda5-64e86c74ac75-5336", "trial_id": 3, "param_name": "learning_rate", "param_value_internal": 0.06231610339654133, "distribution": "{\"name\": \"FloatDistribution\", \"attributes\": {\"step\": null, \"low\": 0.05, \"high\": 0.175, \"log\": false}}"}
{"op_code": 5, "worker_id": "3297f2d7-5b39-4a10-bda5-64e86c74ac75-5336", "trial_id": 3, "param_name": "max_depth", "param_value_internal": 1, "distribution": "{\"name\": \"CategoricalDistribution\", \"attributes\": {\"choices\": [1, 2, 3]}}"}
{"op_code": 7, "worker_id": "3297f2d7-5b39-4a10-bda5-64e86c74ac75-5336", "trial_id": 3, "step": 0, "intermediate_value": 0.26178606031358354}
{"op_code": 7, "worker_id": "3297f2d7-5b39-4a10-bda5-64e86c74ac75-5336", "trial_id": 3, "step": 1, "intermediate_value": 0.26178606031358354}
{"op_code": 9, "worker_id": "3297f2d7-5b39-4a10-bda5-64e86c74ac75-5336", "trial_id": 3, "system_attr": {"completed_rung_0": 0.26178606031358354}}
{"op_code": 6, "worker_id": "3297f2d7-5b39-4a10-bda5-64e86c74ac75-5336", "trial_id": 3, "state": 2, "values": [0.26178606031358354], "datetime_complete": "2024-03-19T11:14:22.115179"}
{"op_code": 4, "worker_id": "3297f2d7-5b39-4a10-bda5-64e86c74ac75-5336", "study_id": 0, "datetime_start": "2024-03-19T11:14:22.336733"}
{"op_code": 5, "worker_id": "3297f2d7-5b39-4a10-bda5-64e86c74ac75-5336", "trial_id": 4, "param_name": "n_estimators", "param_value_internal": 1, "distribution": "{\"name\": \"CategoricalDistribution\", \"attributes\": {\"choices\": [5, 10, 20, 50]}}"}
{"op_code": 5, "worker_id": "3297f2d7-5b39-4a10-bda5-64e86c74ac75-5336", "trial_id": 4, "param_name": "learning_rate", "param_value_internal": 0.1742907582211849, "distribution": "{\"name\": \"FloatDistribution\", \"attributes\": {\"step\": null, \"low\": 0.05, \"high\": 0.175, \"log\": false}}"}
{"op_code": 5, "worker_id": "3297f2d7-5b39-4a10-bda5-64e86c74ac75-5336", "trial_id": 4, "param_name": "max_depth", "param_value_internal": 1, "distribution": "{\"name\": \"CategoricalDistribution\", \"attributes\": {\"choices\": [1, 2, 3]}}"}
{"op_code": 7, "worker_id": "3297f2d7-5b39-4a10-bda5-64e86c74ac75-5336", "trial_id": 4, "step": 0, "intermediate_value": 0.31172410189744193}
{"op_code": 7, "worker_id": "3297f2d7-5b39-4a10-bda5-64e86c74ac75-5336", "trial_id": 4, "step": 1, "intermediate_value": 0.31172410189744193}
{"op_code": 7, "worker_id": "3297f2d7-5b39-4a10-bda5-64e86c74ac75-5336", "trial_id": 4, "step": 2, "intermediate_value": 0.31172410189744193}
{"op_code": 6, "worker_id": "3297f2d7-5b39-4a10-bda5-64e86c74ac75-5336", "trial_id": 4, "state": 1, "values": [0.31172410189744193], "datetime_complete": "2024-03-19T11:14:27.390274"}
{"op_code": 4, "worker_id": "3297f2d7-5b39-4a10-bda5-64e86c74ac75-5336", "study_id": 0, "datetime_start": "2024-03-19T11:14:27.789845"}
{"op_code": 5, "worker_id": "3297f2d7-5b39-4a10-bda5-64e86c74ac75-5336", "trial_id": 5, "param_name": "n_estimators", "param_value_internal": 3, "distribution": "{\"name\": \"CategoricalDistribution\", \"attributes\": {\"choices\": [5, 10, 20, 50]}}"}
{"op_code": 5, "worker_id": "3297f2d7-5b39-4a10-bda5-64e86c74ac75-5336", "trial_id": 5, "param_name": "learning_rate", "param_value_internal": 0.050620664595064514, "distribution": "{\"name\": \"FloatDistribution\", \"attributes\": {\"step\": null, \"low\": 0.05, \"high\": 0.175, \"log\": false}}"}
{"op_code": 5, "worker_id": "3297f2d7-5b39-4a10-bda5-64e86c74ac75-5336", "trial_id": 5, "param_name": "max_depth", "param_value_internal": 2, "distribution": "{\"name\": \"CategoricalDistribution\", \"attributes\": {\"choices\": [1, 2, 3]}}"}
{"op_code": 7, "worker_id": "3297f2d7-5b39-4a10-bda5-64e86c74ac75-5336", "trial_id": 5, "step": 0, "intermediate_value": 0.24659535186034026}
{"op_code": 7, "worker_id": "3297f2d7-5b39-4a10-bda5-64e86c74ac75-5336", "trial_id": 5, "step": 1, "intermediate_value": 0.24659535186034026}
{"op_code": 7, "worker_id": "3297f2d7-5b39-4a10-bda5-64e86c74ac75-5336", "trial_id": 5, "step": 2, "intermediate_value": 0.24659535186034026}
{"op_code": 6, "worker_id": "3297f2d7-5b39-4a10-bda5-64e86c74ac75-5336", "trial_id": 5, "state": 1, "values": [0.24659535186034023], "datetime_complete": "2024-03-19T11:14:41.813594"}
{"op_code": 4, "worker_id": "3297f2d7-5b39-4a10-bda5-64e86c74ac75-5336", "study_id": 0, "datetime_start": "2024-03-19T11:14:42.010116"}
{"op_code": 5, "worker_id": "3297f2d7-5b39-4a10-bda5-64e86c74ac75-5336", "trial_id": 6, "param_name": "n_estimators", "param_value_internal": 2, "distribution": "{\"name\": \"CategoricalDistribution\", \"attributes\": {\"choices\": [5, 10, 20, 50]}}"}
{"op_code": 5, "worker_id": "3297f2d7-5b39-4a10-bda5-64e86c74ac75-5336", "trial_id": 6, "param_name": "learning_rate", "param_value_internal": 0.08360184773101043, "distribution": "{\"name\": \"FloatDistribution\", \"attributes\": {\"step\": null, \"low\": 0.05, \"high\": 0.175, \"log\": false}}"}
{"op_code": 5, "worker_id": "3297f2d7-5b39-4a10-bda5-64e86c74ac75-5336", "trial_id": 6, "param_name": "max_depth", "param_value_internal": 1, "distribution": "{\"name\": \"CategoricalDistribution\", \"attributes\": {\"choices\": [1, 2, 3]}}"}
{"op_code": 7, "worker_id": "3297f2d7-5b39-4a10-bda5-64e86c74ac75-5336", "trial_id": 6, "step": 0, "intermediate_value": 0.2932544034422307}
{"op_code": 7, "worker_id": "3297f2d7-5b39-4a10-bda5-64e86c74ac75-5336", "trial_id": 6, "step": 1, "intermediate_value": 0.2932544034422307}
{"op_code": 7, "worker_id": "3297f2d7-5b39-4a10-bda5-64e86c74ac75-5336", "trial_id": 6, "step": 2, "intermediate_value": 0.2932544034422307}
{"op_code": 6, "worker_id": "3297f2d7-5b39-4a10-bda5-64e86c74ac75-5336", "trial_id": 6, "state": 1, "values": [0.2932544034422307], "datetime_complete": "2024-03-19T11:14:48.499244"}
{"op_code": 4, "worker_id": "3297f2d7-5b39-4a10-bda5-64e86c74ac75-5336", "study_id": 0, "datetime_start": "2024-03-19T11:14:48.773150"}
{"op_code": 5, "worker_id": "3297f2d7-5b39-4a10-bda5-64e86c74ac75-5336", "trial_id": 7, "param_name": "n_estimators", "param_value_internal": 1, "distribution": "{\"name\": \"CategoricalDistribution\", \"attributes\": {\"choices\": [5, 10, 20, 50]}}"}
{"op_code": 5, "worker_id": "3297f2d7-5b39-4a10-bda5-64e86c74ac75-5336", "trial_id": 7, "param_name": "learning_rate", "param_value_internal": 0.08063797971450316, "distribution": "{\"name\": \"FloatDistribution\", \"attributes\": {\"step\": null, \"low\": 0.05, \"high\": 0.175, \"log\": false}}"}
{"op_code": 5, "worker_id": "3297f2d7-5b39-4a10-bda5-64e86c74ac75-5336", "trial_id": 7, "param_name": "max_depth", "param_value_internal": 2, "distribution": "{\"name\": \"CategoricalDistribution\", \"attributes\": {\"choices\": [1, 2, 3]}}"}
{"op_code": 7, "worker_id": "3297f2d7-5b39-4a10-bda5-64e86c74ac75-5336", "trial_id": 7, "step": 0, "intermediate_value": 0.3283446801649609}
{"op_code": 7, "worker_id": "3297f2d7-5b39-4a10-bda5-64e86c74ac75-5336", "trial_id": 7, "step": 1, "intermediate_value": 0.3283446801649609}
{"op_code": 9, "worker_id": "3297f2d7-5b39-4a10-bda5-64e86c74ac75-5336", "trial_id": 7, "system_attr": {"completed_rung_0": 0.3283446801649609}}
{"op_code": 6, "worker_id": "3297f2d7-5b39-4a10-bda5-64e86c74ac75-5336", "trial_id": 7, "state": 2, "values": [0.3283446801649609], "datetime_complete": "2024-03-19T11:14:52.411425"}
{"op_code": 4, "worker_id": "3297f2d7-5b39-4a10-bda5-64e86c74ac75-5336", "study_id": 0, "datetime_start": "2024-03-19T11:14:52.736264"}
{"op_code": 5, "worker_id": "3297f2d7-5b39-4a10-bda5-64e86c74ac75-5336", "trial_id": 8, "param_name": "n_estimators", "param_value_internal": 2, "distribution": "{\"name\": \"CategoricalDistribution\", \"attributes\": {\"choices\": [5, 10, 20, 50]}}"}
{"op_code": 5, "worker_id": "3297f2d7-5b39-4a10-bda5-64e86c74ac75-5336", "trial_id": 8, "param_name": "learning_rate", "param_value_internal": 0.05573577356204689, "distribution": "{\"name\": \"FloatDistribution\", \"attributes\": {\"step\": null, \"low\": 0.05, \"high\": 0.175, \"log\": false}}"}
{"op_code": 5, "worker_id": "3297f2d7-5b39-4a10-bda5-64e86c74ac75-5336", "trial_id": 8, "param_name": "max_depth", "param_value_internal": 1, "distribution": "{\"name\": \"CategoricalDistribution\", \"attributes\": {\"choices\": [1, 2, 3]}}"}
{"op_code": 7, "worker_id": "3297f2d7-5b39-4a10-bda5-64e86c74ac75-5336", "trial_id": 8, "step": 0, "intermediate_value": 0.18350670587233953}
{"op_code": 7, "worker_id": "3297f2d7-5b39-4a10-bda5-64e86c74ac75-5336", "trial_id": 8, "step": 1, "intermediate_value": 0.18350670587233953}
{"op_code": 9, "worker_id": "3297f2d7-5b39-4a10-bda5-64e86c74ac75-5336", "trial_id": 8, "system_attr": {"completed_rung_0": 0.18350670587233953}}
{"op_code": 6, "worker_id": "3297f2d7-5b39-4a10-bda5-64e86c74ac75-5336", "trial_id": 8, "state": 2, "values": [0.18350670587233953], "datetime_complete": "2024-03-19T11:14:57.107851"}
{"op_code": 4, "worker_id": "3297f2d7-5b39-4a10-bda5-64e86c74ac75-5336", "study_id": 0, "datetime_start": "2024-03-19T11:14:57.263150"}
{"op_code": 5, "worker_id": "3297f2d7-5b39-4a10-bda5-64e86c74ac75-5336", "trial_id": 9, "param_name": "n_estimators", "param_value_internal": 3, "distribution": "{\"name\": \"CategoricalDistribution\", \"attributes\": {\"choices\": [5, 10, 20, 50]}}"}
{"op_code": 5, "worker_id": "3297f2d7-5b39-4a10-bda5-64e86c74ac75-5336", "trial_id": 9, "param_name": "learning_rate", "param_value_internal": 0.10676235584256828, "distribution": "{\"name\": \"FloatDistribution\", \"attributes\": {\"step\": null, \"low\": 0.05, \"high\": 0.175, \"log\": false}}"}
{"op_code": 5, "worker_id": "3297f2d7-5b39-4a10-bda5-64e86c74ac75-5336", "trial_id": 9, "param_name": "max_depth", "param_value_internal": 1, "distribution": "{\"name\": \"CategoricalDistribution\", \"attributes\": {\"choices\": [1, 2, 3]}}"}
{"op_code": 7, "worker_id": "3297f2d7-5b39-4a10-bda5-64e86c74ac75-5336", "trial_id": 9, "step": 0, "intermediate_value": 0.26703816288385046}
{"op_code": 7, "worker_id": "3297f2d7-5b39-4a10-bda5-64e86c74ac75-5336", "trial_id": 9, "step": 1, "intermediate_value": 0.26703816288385046}
{"op_code": 9, "worker_id": "3297f2d7-5b39-4a10-bda5-64e86c74ac75-5336", "trial_id": 9, "system_attr": {"completed_rung_0": 0.26703816288385046}}
{"op_code": 6, "worker_id": "3297f2d7-5b39-4a10-bda5-64e86c74ac75-5336", "trial_id": 9, "state": 2, "values": [0.26703816288385046], "datetime_complete": "2024-03-19T11:15:05.609910"}
{"op_code": 4, "worker_id": "3297f2d7-5b39-4a10-bda5-64e86c74ac75-5336", "study_id": 0, "datetime_start": "2024-03-19T11:15:05.979251"}
{"op_code": 5, "worker_id": "3297f2d7-5b39-4a10-bda5-64e86c74ac75-5336", "trial_id": 10, "param_name": "n_estimators", "param_value_internal": 1, "distribution": "{\"name\": \"CategoricalDistribution\", \"attributes\": {\"choices\": [5, 10, 20, 50]}}"}
{"op_code": 5, "worker_id": "3297f2d7-5b39-4a10-bda5-64e86c74ac75-5336", "trial_id": 10, "param_name": "learning_rate", "param_value_internal": 0.08547176208304214, "distribution": "{\"name\": \"FloatDistribution\", \"attributes\": {\"step\": null, \"low\": 0.05, \"high\": 0.175, \"log\": false}}"}
{"op_code": 5, "worker_id": "3297f2d7-5b39-4a10-bda5-64e86c74ac75-5336", "trial_id": 10, "param_name": "max_depth", "param_value_internal": 0, "distribution": "{\"name\": \"CategoricalDistribution\", \"attributes\": {\"choices\": [1, 2, 3]}}"}
{"op_code": 7, "worker_id": "3297f2d7-5b39-4a10-bda5-64e86c74ac75-5336", "trial_id": 10, "step": 0, "intermediate_value": 0.27851989957858825}
{"op_code": 7, "worker_id": "3297f2d7-5b39-4a10-bda5-64e86c74ac75-5336", "trial_id": 10, "step": 1, "intermediate_value": 0.27851989957858825}
{"op_code": 9, "worker_id": "3297f2d7-5b39-4a10-bda5-64e86c74ac75-5336", "trial_id": 10, "system_attr": {"completed_rung_0": 0.27851989957858825}}
{"op_code": 6, "worker_id": "3297f2d7-5b39-4a10-bda5-64e86c74ac75-5336", "trial_id": 10, "state": 2, "values": [0.27851989957858825], "datetime_complete": "2024-03-19T11:15:07.842907"}
{"op_code": 4, "worker_id": "3297f2d7-5b39-4a10-bda5-64e86c74ac75-5336", "study_id": 0, "datetime_start": "2024-03-19T11:15:08.196214"}
{"op_code": 5, "worker_id": "3297f2d7-5b39-4a10-bda5-64e86c74ac75-5336", "trial_id": 11, "param_name": "n_estimators", "param_value_internal": 1, "distribution": "{\"name\": \"CategoricalDistribution\", \"attributes\": {\"choices\": [5, 10, 20, 50]}}"}
{"op_code": 5, "worker_id": "3297f2d7-5b39-4a10-bda5-64e86c74ac75-5336", "trial_id": 11, "param_name": "learning_rate", "param_value_internal": 0.16805449536894054, "distribution": "{\"name\": \"FloatDistribution\", \"attributes\": {\"step\": null, \"low\": 0.05, \"high\": 0.175, \"log\": false}}"}
{"op_code": 5, "worker_id": "3297f2d7-5b39-4a10-bda5-64e86c74ac75-5336", "trial_id": 11, "param_name": "max_depth", "param_value_internal": 1, "distribution": "{\"name\": \"CategoricalDistribution\", \"attributes\": {\"choices\": [1, 2, 3]}}"}
{"op_code": 7, "worker_id": "3297f2d7-5b39-4a10-bda5-64e86c74ac75-5336", "trial_id": 11, "step": 0, "intermediate_value": 0.13261814872912597}
{"op_code": 7, "worker_id": "3297f2d7-5b39-4a10-bda5-64e86c74ac75-5336", "trial_id": 11, "step": 1, "intermediate_value": 0.13261814872912597}
{"op_code": 7, "worker_id": "3297f2d7-5b39-4a10-bda5-64e86c74ac75-5336", "trial_id": 11, "step": 2, "intermediate_value": 0.13261814872912597}
{"op_code": 6, "worker_id": "3297f2d7-5b39-4a10-bda5-64e86c74ac75-5336", "trial_id": 11, "state": 1, "values": [0.13261814872912597], "datetime_complete": "2024-03-19T11:15:10.551543"}
{"op_code": 4, "worker_id": "3297f2d7-5b39-4a10-bda5-64e86c74ac75-5336", "study_id": 0, "datetime_start": "2024-03-19T11:15:10.758307"}
{"op_code": 5, "worker_id": "3297f2d7-5b39-4a10-bda5-64e86c74ac75-5336", "trial_id": 12, "param_name": "n_estimators", "param_value_internal": 1, "distribution": "{\"name\": \"CategoricalDistribution\", \"attributes\": {\"choices\": [5, 10, 20, 50]}}"}
{"op_code": 5, "worker_id": "3297f2d7-5b39-4a10-bda5-64e86c74ac75-5336", "trial_id": 12, "param_name": "learning_rate", "param_value_internal": 0.166994286298323, "distribution": "{\"name\": \"FloatDistribution\", \"attributes\": {\"step\": null, \"low\": 0.05, \"high\": 0.175, \"log\": false}}"}
{"op_code": 5, "worker_id": "3297f2d7-5b39-4a10-bda5-64e86c74ac75-5336", "trial_id": 12, "param_name": "max_depth", "param_value_internal": 1, "distribution": "{\"name\": \"CategoricalDistribution\", \"attributes\": {\"choices\": [1, 2, 3]}}"}
{"op_code": 7, "worker_id": "3297f2d7-5b39-4a10-bda5-64e86c74ac75-5336", "trial_id": 12, "step": 0, "intermediate_value": 0.16248127624791714}
{"op_code": 7, "worker_id": "3297f2d7-5b39-4a10-bda5-64e86c74ac75-5336", "trial_id": 12, "step": 1, "intermediate_value": 0.16248127624791714}
{"op_code": 9, "worker_id": "3297f2d7-5b39-4a10-bda5-64e86c74ac75-5336", "trial_id": 12, "system_attr": {"completed_rung_0": 0.16248127624791714}}
{"op_code": 6, "worker_id": "3297f2d7-5b39-4a10-bda5-64e86c74ac75-5336", "trial_id": 12, "state": 2, "values": [0.16248127624791714], "datetime_complete": "2024-03-19T11:15:14.343019"}
{"op_code": 4, "worker_id": "3297f2d7-5b39-4a10-bda5-64e86c74ac75-5336", "study_id": 0, "datetime_start": "2024-03-19T11:15:14.549019"}
{"op_code": 5, "worker_id": "3297f2d7-5b39-4a10-bda5-64e86c74ac75-5336", "trial_id": 13, "param_name": "n_estimators", "param_value_internal": 1, "distribution": "{\"name\": \"CategoricalDistribution\", \"attributes\": {\"choices\": [5, 10, 20, 50]}}"}
{"op_code": 5, "worker_id": "3297f2d7-5b39-4a10-bda5-64e86c74ac75-5336", "trial_id": 13, "param_name": "learning_rate", "param_value_internal": 0.14546473497129075, "distribution": "{\"name\": \"FloatDistribution\", \"attributes\": {\"step\": null, \"low\": 0.05, \"high\": 0.175, \"log\": false}}"}
{"op_code": 5, "worker_id": "3297f2d7-5b39-4a10-bda5-64e86c74ac75-5336", "trial_id": 13, "param_name": "max_depth", "param_value_internal": 1, "distribution": "{\"name\": \"CategoricalDistribution\", \"attributes\": {\"choices\": [1, 2, 3]}}"}
{"op_code": 7, "worker_id": "3297f2d7-5b39-4a10-bda5-64e86c74ac75-5336", "trial_id": 13, "step": 0, "intermediate_value": 0.3292643668206157}
{"op_code": 7, "worker_id": "3297f2d7-5b39-4a10-bda5-64e86c74ac75-5336", "trial_id": 13, "step": 1, "intermediate_value": 0.3292643668206157}
{"op_code": 9, "worker_id": "3297f2d7-5b39-4a10-bda5-64e86c74ac75-5336", "trial_id": 13, "system_attr": {"completed_rung_0": 0.3292643668206157}}
{"op_code": 7, "worker_id": "3297f2d7-5b39-4a10-bda5-64e86c74ac75-5336", "trial_id": 13, "step": 2, "intermediate_value": 0.3292643668206157}
{"op_code": 6, "worker_id": "3297f2d7-5b39-4a10-bda5-64e86c74ac75-5336", "trial_id": 13, "state": 1, "values": [0.3292643668206157], "datetime_complete": "2024-03-19T11:15:18.775428"}
{"op_code": 4, "worker_id": "3297f2d7-5b39-4a10-bda5-64e86c74ac75-5336", "study_id": 0, "datetime_start": "2024-03-19T11:15:19.067372"}
{"op_code": 5, "worker_id": "3297f2d7-5b39-4a10-bda5-64e86c74ac75-5336", "trial_id": 14, "param_name": "n_estimators", "param_value_internal": 1, "distribution": "{\"name\": \"CategoricalDistribution\", \"attributes\": {\"choices\": [5, 10, 20, 50]}}"}
{"op_code": 5, "worker_id": "3297f2d7-5b39-4a10-bda5-64e86c74ac75-5336", "trial_id": 14, "param_name": "learning_rate", "param_value_internal": 0.14182247660482056, "distribution": "{\"name\": \"FloatDistribution\", \"attributes\": {\"step\": null, \"low\": 0.05, \"high\": 0.175, \"log\": false}}"}
{"op_code": 5, "worker_id": "3297f2d7-5b39-4a10-bda5-64e86c74ac75-5336", "trial_id": 14, "param_name": "max_depth", "param_value_internal": 2, "distribution": "{\"name\": \"CategoricalDistribution\", \"attributes\": {\"choices\": [1, 2, 3]}}"}
{"op_code": 7, "worker_id": "3297f2d7-5b39-4a10-bda5-64e86c74ac75-5336", "trial_id": 14, "step": 0, "intermediate_value": 0.2716447630554674}
{"op_code": 7, "worker_id": "3297f2d7-5b39-4a10-bda5-64e86c74ac75-5336", "trial_id": 14, "step": 1, "intermediate_value": 0.2716447630554674}
{"op_code": 9, "worker_id": "3297f2d7-5b39-4a10-bda5-64e86c74ac75-5336", "trial_id": 14, "system_attr": {"completed_rung_0": 0.2716447630554674}}
{"op_code": 6, "worker_id": "3297f2d7-5b39-4a10-bda5-64e86c74ac75-5336", "trial_id": 14, "state": 2, "values": [0.2716447630554674], "datetime_complete": "2024-03-19T11:15:21.701055"}
{"op_code": 4, "worker_id": "3297f2d7-5b39-4a10-bda5-64e86c74ac75-5336", "study_id": 0, "datetime_start": "2024-03-19T11:15:21.991485"}
{"op_code": 5, "worker_id": "3297f2d7-5b39-4a10-bda5-64e86c74ac75-5336", "trial_id": 15, "param_name": "n_estimators", "param_value_internal": 1, "distribution": "{\"name\": \"CategoricalDistribution\", \"attributes\": {\"choices\": [5, 10, 20, 50]}}"}
{"op_code": 5, "worker_id": "3297f2d7-5b39-4a10-bda5-64e86c74ac75-5336", "trial_id": 15, "param_name": "learning_rate", "param_value_internal": 0.13854808283763245, "distribution": "{\"name\": \"FloatDistribution\", \"attributes\": {\"step\": null, \"low\": 0.05, \"high\": 0.175, \"log\": false}}"}
{"op_code": 5, "worker_id": "3297f2d7-5b39-4a10-bda5-64e86c74ac75-5336", "trial_id": 15, "param_name": "max_depth", "param_value_internal": 1, "distribution": "{\"name\": \"CategoricalDistribution\", \"attributes\": {\"choices\": [1, 2, 3]}}"}
{"op_code": 7, "worker_id": "3297f2d7-5b39-4a10-bda5-64e86c74ac75-5336", "trial_id": 15, "step": 0, "intermediate_value": 0.16604710689602928}
{"op_code": 7, "worker_id": "3297f2d7-5b39-4a10-bda5-64e86c74ac75-5336", "trial_id": 15, "step": 1, "intermediate_value": 0.16604710689602928}
{"op_code": 9, "worker_id": "3297f2d7-5b39-4a10-bda5-64e86c74ac75-5336", "trial_id": 15, "system_attr": {"completed_rung_0": 0.16604710689602928}}
{"op_code": 6, "worker_id": "3297f2d7-5b39-4a10-bda5-64e86c74ac75-5336", "trial_id": 15, "state": 2, "values": [0.16604710689602928], "datetime_complete": "2024-03-19T11:15:24.942353"}
{"op_code": 4, "worker_id": "3297f2d7-5b39-4a10-bda5-64e86c74ac75-5336", "study_id": 0, "datetime_start": "2024-03-19T11:15:24.959905"}
{"op_code": 5, "worker_id": "3297f2d7-5b39-4a10-bda5-64e86c74ac75-5336", "trial_id": 16, "param_name": "n_estimators", "param_value_internal": 0, "distribution": "{\"name\": \"CategoricalDistribution\", \"attributes\": {\"choices\": [5, 10, 20, 50]}}"}
{"op_code": 5, "worker_id": "3297f2d7-5b39-4a10-bda5-64e86c74ac75-5336", "trial_id": 16, "param_name": "learning_rate", "param_value_internal": 0.13516926267760404, "distribution": "{\"name\": \"FloatDistribution\", \"attributes\": {\"step\": null, \"low\": 0.05, \"high\": 0.175, \"log\": false}}"}
{"op_code": 5, "worker_id": "3297f2d7-5b39-4a10-bda5-64e86c74ac75-5336", "trial_id": 16, "param_name": "max_depth", "param_value_internal": 1, "distribution": "{\"name\": \"CategoricalDistribution\", \"attributes\": {\"choices\": [1, 2, 3]}}"}
{"op_code": 7, "worker_id": "3297f2d7-5b39-4a10-bda5-64e86c74ac75-5336", "trial_id": 16, "step": 0, "intermediate_value": 0.25668379425989296}
{"op_code": 7, "worker_id": "3297f2d7-5b39-4a10-bda5-64e86c74ac75-5336", "trial_id": 16, "step": 1, "intermediate_value": 0.25668379425989296}
{"op_code": 7, "worker_id": "3297f2d7-5b39-4a10-bda5-64e86c74ac75-5336", "trial_id": 16, "step": 2, "intermediate_value": 0.25668379425989296}
{"op_code": 6, "worker_id": "3297f2d7-5b39-4a10-bda5-64e86c74ac75-5336", "trial_id": 16, "state": 1, "values": [0.25668379425989296], "datetime_complete": "2024-03-19T11:15:27.116115"}
{"op_code": 4, "worker_id": "3297f2d7-5b39-4a10-bda5-64e86c74ac75-5336", "study_id": 0, "datetime_start": "2024-03-19T11:15:27.528282"}
{"op_code": 5, "worker_id": "3297f2d7-5b39-4a10-bda5-64e86c74ac75-5336", "trial_id": 17, "param_name": "n_estimators", "param_value_internal": 2, "distribution": "{\"name\": \"CategoricalDistribution\", \"attributes\": {\"choices\": [5, 10, 20, 50]}}"}
{"op_code": 5, "worker_id": "3297f2d7-5b39-4a10-bda5-64e86c74ac75-5336", "trial_id": 17, "param_name": "learning_rate", "param_value_internal": 0.06539696840157447, "distribution": "{\"name\": \"FloatDistribution\", \"attributes\": {\"step\": null, \"low\": 0.05, \"high\": 0.175, \"log\": false}}"}
{"op_code": 5, "worker_id": "3297f2d7-5b39-4a10-bda5-64e86c74ac75-5336", "trial_id": 17, "param_name": "max_depth", "param_value_internal": 1, "distribution": "{\"name\": \"CategoricalDistribution\", \"attributes\": {\"choices\": [1, 2, 3]}}"}
{"op_code": 7, "worker_id": "3297f2d7-5b39-4a10-bda5-64e86c74ac75-5336", "trial_id": 17, "step": 0, "intermediate_value": 0.31014834062967905}
{"op_code": 7, "worker_id": "3297f2d7-5b39-4a10-bda5-64e86c74ac75-5336", "trial_id": 17, "step": 1, "intermediate_value": 0.31014834062967905}
{"op_code": 7, "worker_id": "3297f2d7-5b39-4a10-bda5-64e86c74ac75-5336", "trial_id": 17, "step": 2, "intermediate_value": 0.31014834062967905}
{"op_code": 6, "worker_id": "3297f2d7-5b39-4a10-bda5-64e86c74ac75-5336", "trial_id": 17, "state": 1, "values": [0.31014834062967905], "datetime_complete": "2024-03-19T11:15:32.658248"}
{"op_code": 4, "worker_id": "3297f2d7-5b39-4a10-bda5-64e86c74ac75-5336", "study_id": 0, "datetime_start": "2024-03-19T11:15:32.935952"}
{"op_code": 5, "worker_id": "3297f2d7-5b39-4a10-bda5-64e86c74ac75-5336", "trial_id": 18, "param_name": "n_estimators", "param_value_internal": 3, "distribution": "{\"name\": \"CategoricalDistribution\", \"attributes\": {\"choices\": [5, 10, 20, 50]}}"}
{"op_code": 5, "worker_id": "3297f2d7-5b39-4a10-bda5-64e86c74ac75-5336", "trial_id": 18, "param_name": "learning_rate", "param_value_internal": 0.07469778301281221, "distribution": "{\"name\": \"FloatDistribution\", \"attributes\": {\"step\": null, \"low\": 0.05, \"high\": 0.175, \"log\": false}}"}
{"op_code": 5, "worker_id": "3297f2d7-5b39-4a10-bda5-64e86c74ac75-5336", "trial_id": 18, "param_name": "max_depth", "param_value_internal": 0, "distribution": "{\"name\": \"CategoricalDistribution\", \"attributes\": {\"choices\": [1, 2, 3]}}"}
{"op_code": 7, "worker_id": "3297f2d7-5b39-4a10-bda5-64e86c74ac75-5336", "trial_id": 18, "step": 0, "intermediate_value": 0.2587806717162617}
{"op_code": 7, "worker_id": "3297f2d7-5b39-4a10-bda5-64e86c74ac75-5336", "trial_id": 18, "step": 1, "intermediate_value": 0.2587806717162617}
{"op_code": 9, "worker_id": "3297f2d7-5b39-4a10-bda5-64e86c74ac75-5336", "trial_id": 18, "system_attr": {"completed_rung_0": 0.2587806717162617}}
{"op_code": 6, "worker_id": "3297f2d7-5b39-4a10-bda5-64e86c74ac75-5336", "trial_id": 18, "state": 2, "values": [0.2587806717162617], "datetime_complete": "2024-03-19T11:15:38.988808"}
{"op_code": 4, "worker_id": "3297f2d7-5b39-4a10-bda5-64e86c74ac75-5336", "study_id": 0, "datetime_start": "2024-03-19T11:15:39.244629"}
{"op_code": 5, "worker_id": "3297f2d7-5b39-4a10-bda5-64e86c74ac75-5336", "trial_id": 19, "param_name": "n_estimators", "param_value_internal": 1, "distribution": "{\"name\": \"CategoricalDistribution\", \"attributes\": {\"choices\": [5, 10, 20, 50]}}"}
{"op_code": 5, "worker_id": "3297f2d7-5b39-4a10-bda5-64e86c74ac75-5336", "trial_id": 19, "param_name": "learning_rate", "param_value_internal": 0.09695470471374705, "distribution": "{\"name\": \"FloatDistribution\", \"attributes\": {\"step\": null, \"low\": 0.05, \"high\": 0.175, \"log\": false}}"}
{"op_code": 5, "worker_id": "3297f2d7-5b39-4a10-bda5-64e86c74ac75-5336", "trial_id": 19, "param_name": "max_depth", "param_value_internal": 2, "distribution": "{\"name\": \"CategoricalDistribution\", \"attributes\": {\"choices\": [1, 2, 3]}}"}
{"op_code": 7, "worker_id": "3297f2d7-5b39-4a10-bda5-64e86c74ac75-5336", "trial_id": 19, "step": 0, "intermediate_value": 0.2865038563562649}
{"op_code": 7, "worker_id": "3297f2d7-5b39-4a10-bda5-64e86c74ac75-5336", "trial_id": 19, "step": 1, "intermediate_value": 0.2865038563562649}
{"op_code": 7, "worker_id": "3297f2d7-5b39-4a10-bda5-64e86c74ac75-5336", "trial_id": 19, "step": 2, "intermediate_value": 0.2865038563562649}
{"op_code": 6, "worker_id": "3297f2d7-5b39-4a10-bda5-64e86c74ac75-5336", "trial_id": 19, "state": 1, "values": [0.2865038563562649], "datetime_complete": "2024-03-19T11:15:42.515417"}
