{"op_code": 0, "worker_id": "81c9ef30-4732-419b-a956-4ac2059213dc-9760", "study_name": "KRR", "directions": [2]}
{"op_code": 4, "worker_id": "81c9ef30-4732-419b-a956-4ac2059213dc-556", "study_id": 0, "datetime_start": "2024-03-19T11:13:54.394092"}
{"op_code": 5, "worker_id": "81c9ef30-4732-419b-a956-4ac2059213dc-556", "trial_id": 0, "param_name": "alpha", "param_value_internal": 0.9038122856509254, "distribution": "{\"name\": \"FloatDistribution\", \"attributes\": {\"step\": null, \"low\": 0.3, \"high\": 1.0, \"log\": false}}"}
{"op_code": 5, "worker_id": "81c9ef30-4732-419b-a956-4ac2059213dc-556", "trial_id": 0, "param_name": "gamma", "param_value_internal": 0.2701079735033723, "distribution": "{\"name\": \"FloatDistribution\", \"attributes\": {\"step\": null, \"low\": 0.1, \"high\": 0.3, \"log\": false}}"}
{"op_code": 5, "worker_id": "81c9ef30-4732-419b-a956-4ac2059213dc-556", "trial_id": 0, "param_name": "kernel", "param_value_internal": 0, "distribution": "{\"name\": \"CategoricalDistribution\", \"attributes\": {\"choices\": [\"laplacian\", \"rbf\"]}}"}
{"op_code": 7, "worker_id": "81c9ef30-4732-419b-a956-4ac2059213dc-556", "trial_id": 0, "step": 0, "intermediate_value": 0.10517511152269086}
{"op_code": 7, "worker_id": "81c9ef30-4732-419b-a956-4ac2059213dc-556", "trial_id": 0, "step": 1, "intermediate_value": 0.10517511152269086}
{"op_code": 7, "worker_id": "81c9ef30-4732-419b-a956-4ac2059213dc-556", "trial_id": 0, "step": 2, "intermediate_value": 0.10517511152269086}
{"op_code": 6, "worker_id": "81c9ef30-4732-419b-a956-4ac2059213dc-556", "trial_id": 0, "state": 1, "values": [0.10517511152269086], "datetime_complete": "2024-03-19T11:13:56.501366"}
{"op_code": 4, "worker_id": "81c9ef30-4732-419b-a956-4ac2059213dc-556", "study_id": 0, "datetime_start": "2024-03-19T11:13:56.738427"}
{"op_code": 5, "worker_id": "81c9ef30-4732-419b-a956-4ac2059213dc-556", "trial_id": 1, "param_name": "alpha", "param_value_internal": 0.9443278322027739, "distribution": "{\"name\": \"FloatDistribution\", \"attributes\": {\"step\": null, \"low\": 0.3, \"high\": 1.0, \"log\": false}}"}
{"op_code": 5, "worker_id": "81c9ef30-4732-419b-a956-4ac2059213dc-556", "trial_id": 1, "param_name": "gamma", "param_value_internal": 0.2810062219255997, "distribution": "{\"name\": \"FloatDistribution\", \"attributes\": {\"step\": null, \"low\": 0.1, \"high\": 0.3, \"log\": false}}"}
{"op_code": 5, "worker_id": "81c9ef30-4732-419b-a956-4ac2059213dc-556", "trial_id": 1, "param_name": "kernel", "param_value_internal": 0, "distribution": "{\"name\": \"CategoricalDistribution\", \"attributes\": {\"choices\": [\"laplacian\", \"rbf\"]}}"}
{"op_code": 7, "worker_id": "81c9ef30-4732-419b-a956-4ac2059213dc-556", "trial_id": 1, "step": 0, "intermediate_value": 0.11480843128592642}
{"op_code": 7, "worker_id": "81c9ef30-4732-419b-a956-4ac2059213dc-556", "trial_id": 1, "step": 1, "intermediate_value": 0.11480843128592642}
{"op_code": 9, "worker_id": "81c9ef30-4732-419b-a956-4ac2059213dc-556", "trial_id": 1, "system_attr": {"completed_rung_0": 0.11480843128592642}}
{"op_code": 7, "worker_id": "81c9ef30-4732-419b-a956-4ac2059213dc-556", "trial_id": 1, "step": 2, "intermediate_value": 0.11480843128592642}
{"op_code": 6, "worker_id": "81c9ef30-4732-419b-a956-4ac2059213dc-556", "trial_id": 1, "state": 1, "values": [0.11480843128592642], "datetime_complete": "2024-03-19T11:13:59.326595"}
{"op_code": 4, "worker_id": "81c9ef30-4732-419b-a956-4ac2059213dc-556", "study_id": 0, "datetime_start": "2024-03-19T11:13:59.524224"}
{"op_code": 5, "worker_id": "81c9ef30-4732-419b-a956-4ac2059213dc-556", "trial_id": 2, "param_name": "alpha", "param_value_internal": 0.9540026426087885, "distribution": "{\"name\": \"FloatDistribution\", \"attributes\": {\"step\": null, \"low\": 0.3, \"high\": 1.0, \"log\": false}}"}
{"op_code": 5, "worker_id": "81c9ef30-4732-419b-a956-4ac2059213dc-556", "trial_id": 2, "param_name": "gamma", "param_value_internal": 0.2999873742217038, "distribution": "{\"name\": \"FloatDistribution\", \"attributes\": {\"step\": null, \"low\": 0.1, \"high\": 0.3, \"log\": false}}"}
{"op_code": 5, "worker_id": "81c9ef30-4732-419b-a956-4ac2059213dc-556", "trial_id": 2, "param_name": "kernel", "param_value_internal": 1, "distribution": "{\"name\": \"CategoricalDistribution\", \"attributes\": {\"choices\": [\"laplacian\", \"rbf\"]}}"}
{"op_code": 7, "worker_id": "81c9ef30-4732-419b-a956-4ac2059213dc-556", "trial_id": 2, "step": 0, "intermediate_value": 0.15438327324055942}
{"op_code": 7, "worker_id": "81c9ef30-4732-419b-a956-4ac2059213dc-556", "trial_id": 2, "step": 1, "intermediate_value": 0.15438327324055942}
{"op_code": 9, "worker_id": "81c9ef30-4732-419b-a956-4ac2059213dc-556", "trial_id": 2, "system_attr": {"completed_rung_0": 0.15438327324055942}}
{"op_code": 7, "worker_id": "81c9ef30-4732-419b-a956-4ac2059213dc-556", "trial_id": 2, "step": 2, "intermediate_value": 0.15438327324055942}
{"op_code": 6, "worker_id": "81c9ef30-4732-419b-a956-4ac2059213dc-556", "trial_id": 2, "state": 1, "values": [0.15438327324055942], "datetime_complete": "2024-03-19T11:14:03.551506"}
{"op_code": 4, "worker_id": "81c9ef30-4732-419b-a956-4ac2059213dc-556", "study_id": 0, "datetime_start": "2024-03-19T11:14:04.057317"}
{"op_code": 5, "worker_id": "81c9ef30-4732-419b-a956-4ac2059213dc-556", "trial_id": 3, "param_name": "alpha", "param_value_internal": 0.41910105263822794, "distribution": "{\"name\": \"FloatDistribution\", \"attributes\": {\"step\": null, \"low\": 0.3, \"high\": 1.0, \"log\": false}}"}
{"op_code": 5, "worker_id": "81c9ef30-4732-419b-a956-4ac2059213dc-556", "trial_id": 3, "param_name": "gamma", "param_value_internal": 0.14262451693220904, "distribution": "{\"name\": \"FloatDistribution\", \"attributes\": {\"step\": null, \"low\": 0.1, \"high\": 0.3, \"log\": false}}"}
{"op_code": 5, "worker_id": "81c9ef30-4732-419b-a956-4ac2059213dc-556", "trial_id": 3, "param_name": "kernel", "param_value_internal": 1, "distribution": "{\"name\": \"CategoricalDistribution\", \"attributes\": {\"choices\": [\"laplacian\", \"rbf\"]}}"}
{"op_code": 7, "worker_id": "81c9ef30-4732-419b-a956-4ac2059213dc-556", "trial_id": 3, "step": 0, "intermediate_value": 0.11916116358687848}
{"op_code": 7, "worker_id": "81c9ef30-4732-419b-a956-4ac2059213dc-556", "trial_id": 3, "step": 1, "intermediate_value": 0.11916116358687848}
{"op_code": 9, "worker_id": "81c9ef30-4732-419b-a956-4ac2059213dc-556", "trial_id": 3, "system_attr": {"completed_rung_0": 0.11916116358687848}}
{"op_code": 6, "worker_id": "81c9ef30-4732-419b-a956-4ac2059213dc-556", "trial_id": 3, "state": 2, "values": [0.11916116358687848], "datetime_complete": "2024-03-19T11:14:06.870533"}
{"op_code": 4, "worker_id": "81c9ef30-4732-419b-a956-4ac2059213dc-556", "study_id": 0, "datetime_start": "2024-03-19T11:14:07.148198"}
{"op_code": 5, "worker_id": "81c9ef30-4732-419b-a956-4ac2059213dc-556", "trial_id": 4, "param_name": "alpha", "param_value_internal": 0.7190253538489406, "distribution": "{\"name\": \"FloatDistribution\", \"attributes\": {\"step\": null, \"low\": 0.3, \"high\": 1.0, \"log\": false}}"}
{"op_code": 5, "worker_id": "81c9ef30-4732-419b-a956-4ac2059213dc-556", "trial_id": 4, "param_name": "gamma", "param_value_internal": 0.29983796793057, "distribution": "{\"name\": \"FloatDistribution\", \"attributes\": {\"step\": null, \"low\": 0.1, \"high\": 0.3, \"log\": false}}"}
{"op_code": 5, "worker_id": "81c9ef30-4732-419b-a956-4ac2059213dc-556", "trial_id": 4, "param_name": "kernel", "param_value_internal": 1, "distribution": "{\"name\": \"CategoricalDistribution\", \"attributes\": {\"choices\": [\"laplacian\", \"rbf\"]}}"}
{"op_code": 7, "worker_id": "81c9ef30-4732-419b-a956-4ac2059213dc-556", "trial_id": 4, "step": 0, "intermediate_value": 0.14772909627473618}
{"op_code": 7, "worker_id": "81c9ef30-4732-419b-a956-4ac2059213dc-556", "trial_id": 4, "step": 1, "intermediate_value": 0.14772909627473618}
{"op_code": 7, "worker_id": "81c9ef30-4732-419b-a956-4ac2059213dc-556", "trial_id": 4, "step": 2, "intermediate_value": 0.14772909627473618}
{"op_code": 6, "worker_id": "81c9ef30-4732-419b-a956-4ac2059213dc-556", "trial_id": 4, "state": 1, "values": [0.14772909627473618], "datetime_complete": "2024-03-19T11:14:11.032723"}
{"op_code": 4, "worker_id": "81c9ef30-4732-419b-a956-4ac2059213dc-556", "study_id": 0, "datetime_start": "2024-03-19T11:14:11.451391"}
{"op_code": 5, "worker_id": "81c9ef30-4732-419b-a956-4ac2059213dc-556", "trial_id": 5, "param_name": "alpha", "param_value_internal": 0.9704937843552355, "distribution": "{\"name\": \"FloatDistribution\", \"attributes\": {\"step\": null, \"low\": 0.3, \"high\": 1.0, \"log\": false}}"}
{"op_code": 5, "worker_id": "81c9ef30-4732-419b-a956-4ac2059213dc-556", "trial_id": 5, "param_name": "gamma", "param_value_internal": 0.2099569280131844, "distribution": "{\"name\": \"FloatDistribution\", \"attributes\": {\"step\": null, \"low\": 0.1, \"high\": 0.3, \"log\": false}}"}
{"op_code": 5, "worker_id": "81c9ef30-4732-419b-a956-4ac2059213dc-556", "trial_id": 5, "param_name": "kernel", "param_value_internal": 1, "distribution": "{\"name\": \"CategoricalDistribution\", \"attributes\": {\"choices\": [\"laplacian\", \"rbf\"]}}"}
{"op_code": 7, "worker_id": "81c9ef30-4732-419b-a956-4ac2059213dc-556", "trial_id": 5, "step": 0, "intermediate_value": 0.1471014295479531}
{"op_code": 7, "worker_id": "81c9ef30-4732-419b-a956-4ac2059213dc-556", "trial_id": 5, "step": 1, "intermediate_value": 0.1471014295479531}
{"op_code": 9, "worker_id": "81c9ef30-4732-419b-a956-4ac2059213dc-556", "trial_id": 5, "system_attr": {"completed_rung_0": 0.1471014295479531}}
{"op_code": 6, "worker_id": "81c9ef30-4732-419b-a956-4ac2059213dc-556", "trial_id": 5, "state": 2, "values": [0.1471014295479531], "datetime_complete": "2024-03-19T11:14:13.692924"}
{"op_code": 4, "worker_id": "81c9ef30-4732-419b-a956-4ac2059213dc-556", "study_id": 0, "datetime_start": "2024-03-19T11:14:14.121820"}
{"op_code": 5, "worker_id": "81c9ef30-4732-419b-a956-4ac2059213dc-556", "trial_id": 6, "param_name": "alpha", "param_value_internal": 0.7089558012743438, "distribution": "{\"name\": \"FloatDistribution\", \"attributes\": {\"step\": null, \"low\": 0.3, \"high\": 1.0, \"log\": false}}"}
{"op_code": 5, "worker_id": "81c9ef30-4732-419b-a956-4ac2059213dc-556", "trial_id": 6, "param_name": "gamma", "param_value_internal": 0.2189547647121179, "distribution": "{\"name\": \"FloatDistribution\", \"attributes\": {\"step\": null, \"low\": 0.1, \"high\": 0.3, \"log\": false}}"}
{"op_code": 5, "worker_id": "81c9ef30-4732-419b-a956-4ac2059213dc-556", "trial_id": 6, "param_name": "kernel", "param_value_internal": 1, "distribution": "{\"name\": \"CategoricalDistribution\", \"attributes\": {\"choices\": [\"laplacian\", \"rbf\"]}}"}
{"op_code": 7, "worker_id": "81c9ef30-4732-419b-a956-4ac2059213dc-556", "trial_id": 6, "step": 0, "intermediate_value": 0.12594724153151846}
{"op_code": 7, "worker_id": "81c9ef30-4732-419b-a956-4ac2059213dc-556", "trial_id": 6, "step": 1, "intermediate_value": 0.12594724153151846}
{"op_code": 9, "worker_id": "81c9ef30-4732-419b-a956-4ac2059213dc-556", "trial_id": 6, "system_attr": {"completed_rung_0": 0.12594724153151846}}
{"op_code": 6, "worker_id": "81c9ef30-4732-419b-a956-4ac2059213dc-556", "trial_id": 6, "state": 2, "values": [0.12594724153151846], "datetime_complete": "2024-03-19T11:14:15.786468"}
{"op_code": 4, "worker_id": "81c9ef30-4732-419b-a956-4ac2059213dc-556", "study_id": 0, "datetime_start": "2024-03-19T11:14:16.101456"}
{"op_code": 5, "worker_id": "81c9ef30-4732-419b-a956-4ac2059213dc-556", "trial_id": 7, "param_name": "alpha", "param_value_internal": 0.5070404083453094, "distribution": "{\"name\": \"FloatDistribution\", \"attributes\": {\"step\": null, \"low\": 0.3, \"high\": 1.0, \"log\": false}}"}
{"op_code": 5, "worker_id": "81c9ef30-4732-419b-a956-4ac2059213dc-556", "trial_id": 7, "param_name": "gamma", "param_value_internal": 0.1051913134625447, "distribution": "{\"name\": \"FloatDistribution\", \"attributes\": {\"step\": null, \"low\": 0.1, \"high\": 0.3, \"log\": false}}"}
{"op_code": 5, "worker_id": "81c9ef30-4732-419b-a956-4ac2059213dc-556", "trial_id": 7, "param_name": "kernel", "param_value_internal": 1, "distribution": "{\"name\": \"CategoricalDistribution\", \"attributes\": {\"choices\": [\"laplacian\", \"rbf\"]}}"}
{"op_code": 7, "worker_id": "81c9ef30-4732-419b-a956-4ac2059213dc-556", "trial_id": 7, "step": 0, "intermediate_value": 0.12565614971619876}
{"op_code": 7, "worker_id": "81c9ef30-4732-419b-a956-4ac2059213dc-556", "trial_id": 7, "step": 1, "intermediate_value": 0.12565614971619876}
{"op_code": 9, "worker_id": "81c9ef30-4732-419b-a956-4ac2059213dc-556", "trial_id": 7, "system_attr": {"completed_rung_0": 0.12565614971619876}}
{"op_code": 6, "worker_id": "81c9ef30-4732-419b-a956-4ac2059213dc-556", "trial_id": 7, "state": 2, "values": [0.12565614971619876], "datetime_complete": "2024-03-19T11:14:19.276556"}
{"op_code": 4, "worker_id": "81c9ef30-4732-419b-a956-4ac2059213dc-556", "study_id": 0, "datetime_start": "2024-03-19T11:14:19.651880"}
{"op_code": 5, "worker_id": "81c9ef30-4732-419b-a956-4ac2059213dc-556", "trial_id": 8, "param_name": "alpha", "param_value_internal": 0.8188764317373535, "distribution": "{\"name\": \"FloatDistribution\", \"attributes\": {\"step\": null, \"low\": 0.3, \"high\": 1.0, \"log\": false}}"}
{"op_code": 5, "worker_id": "81c9ef30-4732-419b-a956-4ac2059213dc-556", "trial_id": 8, "param_name": "gamma", "param_value_internal": 0.23865895087302835, "distribution": "{\"name\": \"FloatDistribution\", \"attributes\": {\"step\": null, \"low\": 0.1, \"high\": 0.3, \"log\": false}}"}
{"op_code": 5, "worker_id": "81c9ef30-4732-419b-a956-4ac2059213dc-556", "trial_id": 8, "param_name": "kernel", "param_value_internal": 0, "distribution": "{\"name\": \"CategoricalDistribution\", \"attributes\": {\"choices\": [\"laplacian\", \"rbf\"]}}"}
{"op_code": 7, "worker_id": "81c9ef30-4732-419b-a956-4ac2059213dc-556", "trial_id": 8, "step": 0, "intermediate_value": 0.09050226470673338}
{"op_code": 7, "worker_id": "81c9ef30-4732-419b-a956-4ac2059213dc-556", "trial_id": 8, "step": 1, "intermediate_value": 0.09050226470673338}
{"op_code": 7, "worker_id": "81c9ef30-4732-419b-a956-4ac2059213dc-556", "trial_id": 8, "step": 2, "intermediate_value": 0.09050226470673338}
{"op_code": 6, "worker_id": "81c9ef30-4732-419b-a956-4ac2059213dc-556", "trial_id": 8, "state": 1, "values": [0.09050226470673338], "datetime_complete": "2024-03-19T11:14:22.288977"}
{"op_code": 4, "worker_id": "81c9ef30-4732-419b-a956-4ac2059213dc-556", "study_id": 0, "datetime_start": "2024-03-19T11:14:22.427672"}
{"op_code": 5, "worker_id": "81c9ef30-4732-419b-a956-4ac2059213dc-556", "trial_id": 9, "param_name": "alpha", "param_value_internal": 0.5961529094503333, "distribution": "{\"name\": \"FloatDistribution\", \"attributes\": {\"step\": null, \"low\": 0.3, \"high\": 1.0, \"log\": false}}"}
{"op_code": 5, "worker_id": "81c9ef30-4732-419b-a956-4ac2059213dc-556", "trial_id": 9, "param_name": "gamma", "param_value_internal": 0.25135404818806306, "distribution": "{\"name\": \"FloatDistribution\", \"attributes\": {\"step\": null, \"low\": 0.1, \"high\": 0.3, \"log\": false}}"}
{"op_code": 5, "worker_id": "81c9ef30-4732-419b-a956-4ac2059213dc-556", "trial_id": 9, "param_name": "kernel", "param_value_internal": 1, "distribution": "{\"name\": \"CategoricalDistribution\", \"attributes\": {\"choices\": [\"laplacian\", \"rbf\"]}}"}
{"op_code": 7, "worker_id": "81c9ef30-4732-419b-a956-4ac2059213dc-556", "trial_id": 9, "step": 0, "intermediate_value": 0.12608823912956393}
{"op_code": 7, "worker_id": "81c9ef30-4732-419b-a956-4ac2059213dc-556", "trial_id": 9, "step": 1, "intermediate_value": 0.12608823912956393}
{"op_code": 7, "worker_id": "81c9ef30-4732-419b-a956-4ac2059213dc-556", "trial_id": 9, "step": 2, "intermediate_value": 0.12608823912956393}
{"op_code": 6, "worker_id": "81c9ef30-4732-419b-a956-4ac2059213dc-556", "trial_id": 9, "state": 1, "values": [0.12608823912956393], "datetime_complete": "2024-03-19T11:14:25.881064"}
{"op_code": 4, "worker_id": "81c9ef30-4732-419b-a956-4ac2059213dc-556", "study_id": 0, "datetime_start": "2024-03-19T11:14:26.280607"}
{"op_code": 5, "worker_id": "81c9ef30-4732-419b-a956-4ac2059213dc-556", "trial_id": 10, "param_name": "alpha", "param_value_internal": 0.8069711856896479, "distribution": "{\"name\": \"FloatDistribution\", \"attributes\": {\"step\": null, \"low\": 0.3, \"high\": 1.0, \"log\": false}}"}
{"op_code": 5, "worker_id": "81c9ef30-4732-419b-a956-4ac2059213dc-556", "trial_id": 10, "param_name": "gamma", "param_value_internal": 0.18951940460802907, "distribution": "{\"name\": \"FloatDistribution\", \"attributes\": {\"step\": null, \"low\": 0.1, \"high\": 0.3, \"log\": false}}"}
{"op_code": 5, "worker_id": "81c9ef30-4732-419b-a956-4ac2059213dc-556", "trial_id": 10, "param_name": "kernel", "param_value_internal": 0, "distribution": "{\"name\": \"CategoricalDistribution\", \"attributes\": {\"choices\": [\"laplacian\", \"rbf\"]}}"}
{"op_code": 7, "worker_id": "81c9ef30-4732-419b-a956-4ac2059213dc-556", "trial_id": 10, "step": 0, "intermediate_value": 0.051878019461503715}
{"op_code": 7, "worker_id": "81c9ef30-4732-419b-a956-4ac2059213dc-556", "trial_id": 10, "step": 1, "intermediate_value": 0.051878019461503715}
{"op_code": 7, "worker_id": "81c9ef30-4732-419b-a956-4ac2059213dc-556", "trial_id": 10, "step": 2, "intermediate_value": 0.051878019461503715}
{"op_code": 6, "worker_id": "81c9ef30-4732-419b-a956-4ac2059213dc-556", "trial_id": 10, "state": 1, "values": [0.051878019461503715], "datetime_complete": "2024-03-19T11:14:28.991281"}
{"op_code": 4, "worker_id": "81c9ef30-4732-419b-a956-4ac2059213dc-556", "study_id": 0, "datetime_start": "2024-03-19T11:14:29.313326"}
{"op_code": 5, "worker_id": "81c9ef30-4732-419b-a956-4ac2059213dc-556", "trial_id": 11, "param_name": "alpha", "param_value_internal": 0.6930177248821598, "distribution": "{\"name\": \"FloatDistribution\", \"attributes\": {\"step\": null, \"low\": 0.3, \"high\": 1.0, \"log\": false}}"}
{"op_code": 5, "worker_id": "81c9ef30-4732-419b-a956-4ac2059213dc-556", "trial_id": 11, "param_name": "gamma", "param_value_internal": 0.2855126299941105, "distribution": "{\"name\": \"FloatDistribution\", \"attributes\": {\"step\": null, \"low\": 0.1, \"high\": 0.3, \"log\": false}}"}
{"op_code": 5, "worker_id": "81c9ef30-4732-419b-a956-4ac2059213dc-556", "trial_id": 11, "param_name": "kernel", "param_value_internal": 1, "distribution": "{\"name\": \"CategoricalDistribution\", \"attributes\": {\"choices\": [\"laplacian\", \"rbf\"]}}"}
{"op_code": 7, "worker_id": "81c9ef30-4732-419b-a956-4ac2059213dc-556", "trial_id": 11, "step": 0, "intermediate_value": 0.1436992939564044}
{"op_code": 7, "worker_id": "81c9ef30-4732-419b-a956-4ac2059213dc-556", "trial_id": 11, "step": 1, "intermediate_value": 0.1436992939564044}
{"op_code": 7, "worker_id": "81c9ef30-4732-419b-a956-4ac2059213dc-556", "trial_id": 11, "step": 2, "intermediate_value": 0.1436992939564044}
{"op_code": 6, "worker_id": "81c9ef30-4732-419b-a956-4ac2059213dc-556", "trial_id": 11, "state": 1, "values": [0.1436992939564044], "datetime_complete": "2024-03-19T11:14:32.310618"}
{"op_code": 4, "worker_id": "81c9ef30-4732-419b-a956-4ac2059213dc-556", "study_id": 0, "datetime_start": "2024-03-19T11:14:32.522655"}
{"op_code": 5, "worker_id": "81c9ef30-4732-419b-a956-4ac2059213dc-556", "trial_id": 12, "param_name": "alpha", "param_value_internal": 0.7907357458636273, "distribution": "{\"name\": \"FloatDistribution\", \"attributes\": {\"step\": null, \"low\": 0.3, \"high\": 1.0, \"log\": false}}"}
{"op_code": 5, "worker_id": "81c9ef30-4732-419b-a956-4ac2059213dc-556", "trial_id": 12, "param_name": "gamma", "param_value_internal": 0.2970336209693689, "distribution": "{\"name\": \"FloatDistribution\", \"attributes\": {\"step\": null, \"low\": 0.1, \"high\": 0.3, \"log\": false}}"}
{"op_code": 5, "worker_id": "81c9ef30-4732-419b-a956-4ac2059213dc-556", "trial_id": 12, "param_name": "kernel", "param_value_internal": 1, "distribution": "{\"name\": \"CategoricalDistribution\", \"attributes\": {\"choices\": [\"laplacian\", \"rbf\"]}}"}
{"op_code": 7, "worker_id": "81c9ef30-4732-419b-a956-4ac2059213dc-556", "trial_id": 12, "step": 0, "intermediate_value": 0.1521636981487469}
{"op_code": 7, "worker_id": "81c9ef30-4732-419b-a956-4ac2059213dc-556", "trial_id": 12, "step": 1, "intermediate_value": 0.1521636981487469}
{"op_code": 7, "worker_id": "81c9ef30-4732-419b-a956-4ac2059213dc-556", "trial_id": 12, "step": 2, "intermediate_value": 0.1521636981487469}
{"op_code": 6, "worker_id": "81c9ef30-4732-419b-a956-4ac2059213dc-556", "trial_id": 12, "state": 1, "values": [0.1521636981487469], "datetime_complete": "2024-03-19T11:14:35.724713"}
{"op_code": 4, "worker_id": "81c9ef30-4732-419b-a956-4ac2059213dc-556", "study_id": 0, "datetime_start": "2024-03-19T11:14:35.847335"}
{"op_code": 5, "worker_id": "81c9ef30-4732-419b-a956-4ac2059213dc-556", "trial_id": 13, "param_name": "alpha", "param_value_internal": 0.8370858318242912, "distribution": "{\"name\": \"FloatDistribution\", \"attributes\": {\"step\": null, \"low\": 0.3, \"high\": 1.0, \"log\": false}}"}
{"op_code": 5, "worker_id": "81c9ef30-4732-419b-a956-4ac2059213dc-556", "trial_id": 13, "param_name": "gamma", "param_value_internal": 0.2983581147104614, "distribution": "{\"name\": \"FloatDistribution\", \"attributes\": {\"step\": null, \"low\": 0.1, \"high\": 0.3, \"log\": false}}"}
{"op_code": 5, "worker_id": "81c9ef30-4732-419b-a956-4ac2059213dc-556", "trial_id": 13, "param_name": "kernel", "param_value_internal": 1, "distribution": "{\"name\": \"CategoricalDistribution\", \"attributes\": {\"choices\": [\"laplacian\", \"rbf\"]}}"}
{"op_code": 7, "worker_id": "81c9ef30-4732-419b-a956-4ac2059213dc-556", "trial_id": 13, "step": 0, "intermediate_value": 0.15389660411182182}
{"op_code": 7, "worker_id": "81c9ef30-4732-419b-a956-4ac2059213dc-556", "trial_id": 13, "step": 1, "intermediate_value": 0.15389660411182182}
{"op_code": 9, "worker_id": "81c9ef30-4732-419b-a956-4ac2059213dc-556", "trial_id": 13, "system_attr": {"completed_rung_0": 0.15389660411182182}}
{"op_code": 7, "worker_id": "81c9ef30-4732-419b-a956-4ac2059213dc-556", "trial_id": 13, "step": 2, "intermediate_value": 0.15389660411182182}
{"op_code": 6, "worker_id": "81c9ef30-4732-419b-a956-4ac2059213dc-556", "trial_id": 13, "state": 1, "values": [0.15389660411182182], "datetime_complete": "2024-03-19T11:14:38.833153"}
{"op_code": 4, "worker_id": "81c9ef30-4732-419b-a956-4ac2059213dc-556", "study_id": 0, "datetime_start": "2024-03-19T11:14:39.116241"}
{"op_code": 5, "worker_id": "81c9ef30-4732-419b-a956-4ac2059213dc-556", "trial_id": 14, "param_name": "alpha", "param_value_internal": 0.9981762079275232, "distribution": "{\"name\": \"FloatDistribution\", \"attributes\": {\"step\": null, \"low\": 0.3, \"high\": 1.0, \"log\": false}}"}
{"op_code": 5, "worker_id": "81c9ef30-4732-419b-a956-4ac2059213dc-556", "trial_id": 14, "param_name": "gamma", "param_value_internal": 0.25532399589524946, "distribution": "{\"name\": \"FloatDistribution\", \"attributes\": {\"step\": null, \"low\": 0.1, \"high\": 0.3, \"log\": false}}"}
{"op_code": 5, "worker_id": "81c9ef30-4732-419b-a956-4ac2059213dc-556", "trial_id": 14, "param_name": "kernel", "param_value_internal": 1, "distribution": "{\"name\": \"CategoricalDistribution\", \"attributes\": {\"choices\": [\"laplacian\", \"rbf\"]}}"}
{"op_code": 7, "worker_id": "81c9ef30-4732-419b-a956-4ac2059213dc-556", "trial_id": 14, "step": 0, "intermediate_value": 0.15261398080056948}
{"op_code": 7, "worker_id": "81c9ef30-4732-419b-a956-4ac2059213dc-556", "trial_id": 14, "step": 1, "intermediate_value": 0.15261398080056948}
{"op_code": 7, "worker_id": "81c9ef30-4732-419b-a956-4ac2059213dc-556", "trial_id": 14, "step": 2, "intermediate_value": 0.15261398080056948}
{"op_code": 6, "worker_id": "81c9ef30-4732-419b-a956-4ac2059213dc-556", "trial_id": 14, "state": 1, "values": [0.15261398080056948], "datetime_complete": "2024-03-19T11:14:42.002014"}
{"op_code": 4, "worker_id": "81c9ef30-4732-419b-a956-4ac2059213dc-556", "study_id": 0, "datetime_start": "2024-03-19T11:14:42.122333"}
{"op_code": 5, "worker_id": "81c9ef30-4732-419b-a956-4ac2059213dc-556", "trial_id": 15, "param_name": "alpha", "param_value_internal": 0.8777967838429878, "distribution": "{\"name\": \"FloatDistribution\", \"attributes\": {\"step\": null, \"low\": 0.3, \"high\": 1.0, \"log\": false}}"}
{"op_code": 5, "worker_id": "81c9ef30-4732-419b-a956-4ac2059213dc-556", "trial_id": 15, "param_name": "gamma", "param_value_internal": 0.26685451524381476, "distribution": "{\"name\": \"FloatDistribution\", \"attributes\": {\"step\": null, \"low\": 0.1, \"high\": 0.3, \"log\": false}}"}
{"op_code": 5, "worker_id": "81c9ef30-4732-419b-a956-4ac2059213dc-556", "trial_id": 15, "param_name": "kernel", "param_value_internal": 1, "distribution": "{\"name\": \"CategoricalDistribution\", \"attributes\": {\"choices\": [\"laplacian\", \"rbf\"]}}"}
{"op_code": 7, "worker_id": "81c9ef30-4732-419b-a956-4ac2059213dc-556", "trial_id": 15, "step": 0, "intermediate_value": 0.15093565455286698}
{"op_code": 7, "worker_id": "81c9ef30-4732-419b-a956-4ac2059213dc-556", "trial_id": 15, "step": 1, "intermediate_value": 0.15093565455286698}
{"op_code": 7, "worker_id": "81c9ef30-4732-419b-a956-4ac2059213dc-556", "trial_id": 15, "step": 2, "intermediate_value": 0.15093565455286698}
{"op_code": 6, "worker_id": "81c9ef30-4732-419b-a956-4ac2059213dc-556", "trial_id": 15, "state": 1, "values": [0.15093565455286698], "datetime_complete": "2024-03-19T11:14:44.841249"}
{"op_code": 4, "worker_id": "81c9ef30-4732-419b-a956-4ac2059213dc-556", "study_id": 0, "datetime_start": "2024-03-19T11:14:44.966476"}
{"op_code": 5, "worker_id": "81c9ef30-4732-419b-a956-4ac2059213dc-556", "trial_id": 16, "param_name": "alpha", "param_value_internal": 0.8730851981345154, "distribution": "{\"name\": \"FloatDistribution\", \"attributes\": {\"step\": null, \"low\": 0.3, \"high\": 1.0, \"log\": false}}"}
{"op_code": 5, "worker_id": "81c9ef30-4732-419b-a956-4ac2059213dc-556", "trial_id": 16, "param_name": "gamma", "param_value_internal": 0.29856786975485916, "distribution": "{\"name\": \"FloatDistribution\", \"attributes\": {\"step\": null, \"low\": 0.1, \"high\": 0.3, \"log\": false}}"}
{"op_code": 5, "worker_id": "81c9ef30-4732-419b-a956-4ac2059213dc-556", "trial_id": 16, "param_name": "kernel", "param_value_internal": 1, "distribution": "{\"name\": \"CategoricalDistribution\", \"attributes\": {\"choices\": [\"laplacian\", \"rbf\"]}}"}
{"op_code": 7, "worker_id": "81c9ef30-4732-419b-a956-4ac2059213dc-556", "trial_id": 16, "step": 0, "intermediate_value": 0.15527019361536157}
{"op_code": 7, "worker_id": "81c9ef30-4732-419b-a956-4ac2059213dc-556", "trial_id": 16, "step": 1, "intermediate_value": 0.15527019361536157}
{"op_code": 9, "worker_id": "81c9ef30-4732-419b-a956-4ac2059213dc-556", "trial_id": 16, "system_attr": {"completed_rung_0": 0.15527019361536157}}
{"op_code": 7, "worker_id": "81c9ef30-4732-419b-a956-4ac2059213dc-556", "trial_id": 16, "step": 2, "intermediate_value": 0.15527019361536157}
{"op_code": 6, "worker_id": "81c9ef30-4732-419b-a956-4ac2059213dc-556", "trial_id": 16, "state": 1, "values": [0.15527019361536157], "datetime_complete": "2024-03-19T11:14:48.399445"}
{"op_code": 4, "worker_id": "81c9ef30-4732-419b-a956-4ac2059213dc-556", "study_id": 0, "datetime_start": "2024-03-19T11:14:48.707165"}
{"op_code": 5, "worker_id": "81c9ef30-4732-419b-a956-4ac2059213dc-556", "trial_id": 17, "param_name": "alpha", "param_value_internal": 0.9312865858719686, "distribution": "{\"name\": \"FloatDistribution\", \"attributes\": {\"step\": null, \"low\": 0.3, \"high\": 1.0, \"log\": false}}"}
{"op_code": 5, "worker_id": "81c9ef30-4732-419b-a956-4ac2059213dc-556", "trial_id": 17, "param_name": "gamma", "param_value_internal": 0.23525785381330905, "distribution": "{\"name\": \"FloatDistribution\", \"attributes\": {\"step\": null, \"low\": 0.1, \"high\": 0.3, \"log\": false}}"}
{"op_code": 5, "worker_id": "81c9ef30-4732-419b-a956-4ac2059213dc-556", "trial_id": 17, "param_name": "kernel", "param_value_internal": 1, "distribution": "{\"name\": \"CategoricalDistribution\", \"attributes\": {\"choices\": [\"laplacian\", \"rbf\"]}}"}
{"op_code": 7, "worker_id": "81c9ef30-4732-419b-a956-4ac2059213dc-556", "trial_id": 17, "step": 0, "intermediate_value": 0.14909358915904716}
{"op_code": 7, "worker_id": "81c9ef30-4732-419b-a956-4ac2059213dc-556", "trial_id": 17, "step": 1, "intermediate_value": 0.14909358915904716}
{"op_code": 7, "worker_id": "81c9ef30-4732-419b-a956-4ac2059213dc-556", "trial_id": 17, "step": 2, "intermediate_value": 0.14909358915904716}
{"op_code": 6, "worker_id": "81c9ef30-4732-419b-a956-4ac2059213dc-556", "trial_id": 17, "state": 1, "values": [0.14909358915904716], "datetime_complete": "2024-03-19T11:14:51.297173"}
{"op_code": 4, "worker_id": "81c9ef30-4732-419b-a956-4ac2059213dc-556", "study_id": 0, "datetime_start": "2024-03-19T11:14:51.549850"}
{"op_code": 5, "worker_id": "81c9ef30-4732-419b-a956-4ac2059213dc-556", "trial_id": 18, "param_name": "alpha", "param_value_internal": 0.9919352592322953, "distribution": "{\"name\": \"FloatDistribution\", \"attributes\": {\"step\": null, \"low\": 0.3, \"high\": 1.0, \"log\": false}}"}
{"op_code": 5, "worker_id": "81c9ef30-4732-419b-a956-4ac2059213dc-556", "trial_id": 18, "param_name": "gamma", "param_value_internal": 0.2734556675368849, "distribution": "{\"name\": \"FloatDistribution\", \"attributes\": {\"step\": null, \"low\": 0.1, \"high\": 0.3, \"log\": false}}"}
{"op_code": 5, "worker_id": "81c9ef30-4732-419b-a956-4ac2059213dc-556", "trial_id": 18, "param_name": "kernel", "param_value_internal": 0, "distribution": "{\"name\": \"CategoricalDistribution\", \"attributes\": {\"choices\": [\"laplacian\", \"rbf\"]}}"}
{"op_code": 7, "worker_id": "81c9ef30-4732-419b-a956-4ac2059213dc-556", "trial_id": 18, "step": 0, "intermediate_value": 0.11128349133478971}
{"op_code": 7, "worker_id": "81c9ef30-4732-419b-a956-4ac2059213dc-556", "trial_id": 18, "step": 1, "intermediate_value": 0.11128349133478971}
{"op_code": 9, "worker_id": "81c9ef30-4732-419b-a956-4ac2059213dc-556", "trial_id": 18, "system_attr": {"completed_rung_0": 0.11128349133478971}}
{"op_code": 6, "worker_id": "81c9ef30-4732-419b-a956-4ac2059213dc-556", "trial_id": 18, "state": 2, "values": [0.11128349133478971], "datetime_complete": "2024-03-19T11:14:53.596368"}
{"op_code": 4, "worker_id": "81c9ef30-4732-419b-a956-4ac2059213dc-556", "study_id": 0, "datetime_start": "2024-03-19T11:14:54.026680"}
{"op_code": 5, "worker_id": "81c9ef30-4732-419b-a956-4ac2059213dc-556", "trial_id": 19, "param_name": "alpha", "param_value_internal": 0.8940795391233178, "distribution": "{\"name\": \"FloatDistribution\", \"attributes\": {\"step\": null, \"low\": 0.3, \"high\": 1.0, \"log\": false}}"}
{"op_code": 5, "worker_id": "81c9ef30-4732-419b-a956-4ac2059213dc-556", "trial_id": 19, "param_name": "gamma", "param_value_internal": 0.25795017928738434, "distribution": "{\"name\": \"FloatDistribution\", \"attributes\": {\"step\": null, \"low\": 0.1, \"high\": 0.3, \"log\": false}}"}
{"op_code": 5, "worker_id": "81c9ef30-4732-419b-a956-4ac2059213dc-556", "trial_id": 19, "param_name": "kernel", "param_value_internal": 1, "distribution": "{\"name\": \"CategoricalDistribution\", \"attributes\": {\"choices\": [\"laplacian\", \"rbf\"]}}"}
{"op_code": 7, "worker_id": "81c9ef30-4732-419b-a956-4ac2059213dc-556", "trial_id": 19, "step": 0, "intermediate_value": 0.15069004583369103}
{"op_code": 7, "worker_id": "81c9ef30-4732-419b-a956-4ac2059213dc-556", "trial_id": 19, "step": 1, "intermediate_value": 0.15069004583369103}
{"op_code": 7, "worker_id": "81c9ef30-4732-419b-a956-4ac2059213dc-556", "trial_id": 19, "step": 2, "intermediate_value": 0.15069004583369103}
{"op_code": 6, "worker_id": "81c9ef30-4732-419b-a956-4ac2059213dc-556", "trial_id": 19, "state": 1, "values": [0.15069004583369103], "datetime_complete": "2024-03-19T11:14:57.819524"}
