{"op_code": 0, "worker_id": "d7e5276e-eb5e-4037-82da-875c37f8f9df-9760", "study_name": "linear", "directions": [2]}
{"op_code": 4, "worker_id": "d7e5276e-eb5e-4037-82da-875c37f8f9df-5336", "study_id": 0, "datetime_start": "2024-03-19T11:13:50.592162"}
{"op_code": 5, "worker_id": "d7e5276e-eb5e-4037-82da-875c37f8f9df-5336", "trial_id": 0, "param_name": "alpha", "param_value_internal": 0.05665774750405776, "distribution": "{\"name\": \"FloatDistribution\", \"attributes\": {\"step\": null, \"low\": 0.005, \"high\": 0.1, \"log\": false}}"}
{"op_code": 5, "worker_id": "d7e5276e-eb5e-4037-82da-875c37f8f9df-5336", "trial_id": 0, "param_name": "l1_ratio", "param_value_internal": 0.002213791460251569, "distribution": "{\"name\": \"FloatDistribution\", \"attributes\": {\"step\": null, \"low\": 0.0, \"high\": 0.05, \"log\": false}}"}
{"op_code": 7, "worker_id": "d7e5276e-eb5e-4037-82da-875c37f8f9df-5336", "trial_id": 0, "step": 0, "intermediate_value": 0.2794663359453476}
{"op_code": 7, "worker_id": "d7e5276e-eb5e-4037-82da-875c37f8f9df-5336", "trial_id": 0, "step": 1, "intermediate_value": 0.2794663359453476}
{"op_code": 7, "worker_id": "d7e5276e-eb5e-4037-82da-875c37f8f9df-5336", "trial_id": 0, "step": 2, "intermediate_value": 0.2794663359453476}
{"op_code": 6, "worker_id": "d7e5276e-eb5e-4037-82da-875c37f8f9df-5336", "trial_id": 0, "state": 1, "values": [0.2794663359453476], "datetime_complete": "2024-03-19T11:13:50.787857"}
{"op_code": 4, "worker_id": "d7e5276e-eb5e-4037-82da-875c37f8f9df-5336", "study_id": 0, "datetime_start": "2024-03-19T11:13:50.836456"}
{"op_code": 5, "worker_id": "d7e5276e-eb5e-4037-82da-875c37f8f9df-5336", "trial_id": 1, "param_name": "alpha", "param_value_internal": 0.056177955668807976, "distribution": "{\"name\": \"FloatDistribution\", \"attributes\": {\"step\": null, \"low\": 0.005, \"high\": 0.1, \"log\": false}}"}
{"op_code": 5, "worker_id": "d7e5276e-eb5e-4037-82da-875c37f8f9df-5336", "trial_id": 1, "param_name": "l1_ratio", "param_value_internal": 0.0011009677556714195, "distribution": "{\"name\": \"FloatDistribution\", \"attributes\": {\"step\": null, \"low\": 0.0, \"high\": 0.05, \"log\": false}}"}
{"op_code": 7, "worker_id": "d7e5276e-eb5e-4037-82da-875c37f8f9df-5336", "trial_id": 1, "step": 0, "intermediate_value": 0.27929804848961587}
{"op_code": 7, "worker_id": "d7e5276e-eb5e-4037-82da-875c37f8f9df-5336", "trial_id": 1, "step": 1, "intermediate_value": 0.27929804848961587}
{"op_code": 7, "worker_id": "d7e5276e-eb5e-4037-82da-875c37f8f9df-5336", "trial_id": 1, "step": 2, "intermediate_value": 0.27929804848961587}
{"op_code": 6, "worker_id": "d7e5276e-eb5e-4037-82da-875c37f8f9df-5336", "trial_id": 1, "state": 1, "values": [0.27929804848961587], "datetime_complete": "2024-03-19T11:13:51.113003"}
{"op_code": 4, "worker_id": "d7e5276e-eb5e-4037-82da-875c37f8f9df-5336", "study_id": 0, "datetime_start": "2024-03-19T11:13:51.129885"}
{"op_code": 5, "worker_id": "d7e5276e-eb5e-4037-82da-875c37f8f9df-5336", "trial_id": 2, "param_name": "alpha", "param_value_internal": 0.09398815347000922, "distribution": "{\"name\": \"FloatDistribution\", \"attributes\": {\"step\": null, \"low\": 0.005, \"high\": 0.1, \"log\": false}}"}
{"op_code": 5, "worker_id": "d7e5276e-eb5e-4037-82da-875c37f8f9df-5336", "trial_id": 2, "param_name": "l1_ratio", "param_value_internal": 0.01664736595173996, "distribution": "{\"name\": \"FloatDistribution\", \"attributes\": {\"step\": null, \"low\": 0.0, \"high\": 0.05, \"log\": false}}"}
{"op_code": 7, "worker_id": "d7e5276e-eb5e-4037-82da-875c37f8f9df-5336", "trial_id": 2, "step": 0, "intermediate_value": 0.2603315973976932}
{"op_code": 7, "worker_id": "d7e5276e-eb5e-4037-82da-875c37f8f9df-5336", "trial_id": 2, "step": 1, "intermediate_value": 0.2603315973976932}
{"op_code": 7, "worker_id": "d7e5276e-eb5e-4037-82da-875c37f8f9df-5336", "trial_id": 2, "step": 2, "intermediate_value": 0.2603315973976932}
{"op_code": 6, "worker_id": "d7e5276e-eb5e-4037-82da-875c37f8f9df-5336", "trial_id": 2, "state": 1, "values": [0.2603315973976932], "datetime_complete": "2024-03-19T11:13:51.503407"}
{"op_code": 4, "worker_id": "d7e5276e-eb5e-4037-82da-875c37f8f9df-5336", "study_id": 0, "datetime_start": "2024-03-19T11:13:51.519409"}
{"op_code": 5, "worker_id": "d7e5276e-eb5e-4037-82da-875c37f8f9df-5336", "trial_id": 3, "param_name": "alpha", "param_value_internal": 0.009952320385602752, "distribution": "{\"name\": \"FloatDistribution\", \"attributes\": {\"step\": null, \"low\": 0.005, \"high\": 0.1, \"log\": false}}"}
{"op_code": 5, "worker_id": "d7e5276e-eb5e-4037-82da-875c37f8f9df-5336", "trial_id": 3, "param_name": "l1_ratio", "param_value_internal": 0.04124529490333971, "distribution": "{\"name\": \"FloatDistribution\", \"attributes\": {\"step\": null, \"low\": 0.0, \"high\": 0.05, \"log\": false}}"}
{"op_code": 7, "worker_id": "d7e5276e-eb5e-4037-82da-875c37f8f9df-5336", "trial_id": 3, "step": 0, "intermediate_value": 0.3101492326038873}
{"op_code": 7, "worker_id": "d7e5276e-eb5e-4037-82da-875c37f8f9df-5336", "trial_id": 3, "step": 1, "intermediate_value": 0.3101492326038873}
{"op_code": 9, "worker_id": "d7e5276e-eb5e-4037-82da-875c37f8f9df-5336", "trial_id": 3, "system_attr": {"completed_rung_0": 0.3101492326038873}}
{"op_code": 7, "worker_id": "d7e5276e-eb5e-4037-82da-875c37f8f9df-5336", "trial_id": 3, "step": 2, "intermediate_value": 0.3101492326038873}
{"op_code": 6, "worker_id": "d7e5276e-eb5e-4037-82da-875c37f8f9df-5336", "trial_id": 3, "state": 1, "values": [0.3101492326038873], "datetime_complete": "2024-03-19T11:13:51.675843"}
{"op_code": 4, "worker_id": "d7e5276e-eb5e-4037-82da-875c37f8f9df-5336", "study_id": 0, "datetime_start": "2024-03-19T11:13:51.690834"}
{"op_code": 5, "worker_id": "d7e5276e-eb5e-4037-82da-875c37f8f9df-5336", "trial_id": 4, "param_name": "alpha", "param_value_internal": 0.01413007467224279, "distribution": "{\"name\": \"FloatDistribution\", \"attributes\": {\"step\": null, \"low\": 0.005, \"high\": 0.1, \"log\": false}}"}
{"op_code": 5, "worker_id": "d7e5276e-eb5e-4037-82da-875c37f8f9df-5336", "trial_id": 4, "param_name": "l1_ratio", "param_value_internal": 0.04853188022237647, "distribution": "{\"name\": \"FloatDistribution\", \"attributes\": {\"step\": null, \"low\": 0.0, \"high\": 0.05, \"log\": false}}"}
{"op_code": 7, "worker_id": "d7e5276e-eb5e-4037-82da-875c37f8f9df-5336", "trial_id": 4, "step": 0, "intermediate_value": 0.3090894764637391}
{"op_code": 7, "worker_id": "d7e5276e-eb5e-4037-82da-875c37f8f9df-5336", "trial_id": 4, "step": 1, "intermediate_value": 0.3090894764637391}
{"op_code": 9, "worker_id": "d7e5276e-eb5e-4037-82da-875c37f8f9df-5336", "trial_id": 4, "system_attr": {"completed_rung_0": 0.3090894764637391}}
{"op_code": 6, "worker_id": "d7e5276e-eb5e-4037-82da-875c37f8f9df-5336", "trial_id": 4, "state": 2, "values": [0.3090894764637391], "datetime_complete": "2024-03-19T11:13:51.945631"}
{"op_code": 4, "worker_id": "d7e5276e-eb5e-4037-82da-875c37f8f9df-5336", "study_id": 0, "datetime_start": "2024-03-19T11:13:51.962287"}
{"op_code": 5, "worker_id": "d7e5276e-eb5e-4037-82da-875c37f8f9df-5336", "trial_id": 5, "param_name": "alpha", "param_value_internal": 0.006277415231957507, "distribution": "{\"name\": \"FloatDistribution\", \"attributes\": {\"step\": null, \"low\": 0.005, \"high\": 0.1, \"log\": false}}"}
{"op_code": 5, "worker_id": "d7e5276e-eb5e-4037-82da-875c37f8f9df-5336", "trial_id": 5, "param_name": "l1_ratio", "param_value_internal": 0.043342454638975826, "distribution": "{\"name\": \"FloatDistribution\", \"attributes\": {\"step\": null, \"low\": 0.0, \"high\": 0.05, \"log\": false}}"}
{"op_code": 7, "worker_id": "d7e5276e-eb5e-4037-82da-875c37f8f9df-5336", "trial_id": 5, "step": 0, "intermediate_value": 0.3168989240716123}
{"op_code": 7, "worker_id": "d7e5276e-eb5e-4037-82da-875c37f8f9df-5336", "trial_id": 5, "step": 1, "intermediate_value": 0.3168989240716123}
{"op_code": 7, "worker_id": "d7e5276e-eb5e-4037-82da-875c37f8f9df-5336", "trial_id": 5, "step": 2, "intermediate_value": 0.3168989240716123}
{"op_code": 6, "worker_id": "d7e5276e-eb5e-4037-82da-875c37f8f9df-5336", "trial_id": 5, "state": 1, "values": [0.3168989240716123], "datetime_complete": "2024-03-19T11:13:52.101398"}
{"op_code": 4, "worker_id": "d7e5276e-eb5e-4037-82da-875c37f8f9df-5336", "study_id": 0, "datetime_start": "2024-03-19T11:13:52.117598"}
{"op_code": 5, "worker_id": "d7e5276e-eb5e-4037-82da-875c37f8f9df-5336", "trial_id": 6, "param_name": "alpha", "param_value_internal": 0.006542914353922971, "distribution": "{\"name\": \"FloatDistribution\", \"attributes\": {\"step\": null, \"low\": 0.005, \"high\": 0.1, \"log\": false}}"}
{"op_code": 5, "worker_id": "d7e5276e-eb5e-4037-82da-875c37f8f9df-5336", "trial_id": 6, "param_name": "l1_ratio", "param_value_internal": 0.036498286785154835, "distribution": "{\"name\": \"FloatDistribution\", \"attributes\": {\"step\": null, \"low\": 0.0, \"high\": 0.05, \"log\": false}}"}
{"op_code": 7, "worker_id": "d7e5276e-eb5e-4037-82da-875c37f8f9df-5336", "trial_id": 6, "step": 0, "intermediate_value": 0.3169262139292985}
{"op_code": 7, "worker_id": "d7e5276e-eb5e-4037-82da-875c37f8f9df-5336", "trial_id": 6, "step": 1, "intermediate_value": 0.3169262139292985}
{"op_code": 9, "worker_id": "d7e5276e-eb5e-4037-82da-875c37f8f9df-5336", "trial_id": 6, "system_attr": {"completed_rung_0": 0.3169262139292985}}
{"op_code": 7, "worker_id": "d7e5276e-eb5e-4037-82da-875c37f8f9df-5336", "trial_id": 6, "step": 2, "intermediate_value": 0.3169262139292985}
{"op_code": 6, "worker_id": "d7e5276e-eb5e-4037-82da-875c37f8f9df-5336", "trial_id": 6, "state": 1, "values": [0.3169262139292985], "datetime_complete": "2024-03-19T11:13:52.476810"}
{"op_code": 4, "worker_id": "d7e5276e-eb5e-4037-82da-875c37f8f9df-5336", "study_id": 0, "datetime_start": "2024-03-19T11:13:52.484833"}
{"op_code": 5, "worker_id": "d7e5276e-eb5e-4037-82da-875c37f8f9df-5336", "trial_id": 7, "param_name": "alpha", "param_value_internal": 0.033076922907466014, "distribution": "{\"name\": \"FloatDistribution\", \"attributes\": {\"step\": null, \"low\": 0.005, \"high\": 0.1, \"log\": false}}"}
{"op_code": 5, "worker_id": "d7e5276e-eb5e-4037-82da-875c37f8f9df-5336", "trial_id": 7, "param_name": "l1_ratio", "param_value_internal": 0.03198179512095469, "distribution": "{\"name\": \"FloatDistribution\", \"attributes\": {\"step\": null, \"low\": 0.0, \"high\": 0.05, \"log\": false}}"}
{"op_code": 7, "worker_id": "d7e5276e-eb5e-4037-82da-875c37f8f9df-5336", "trial_id": 7, "step": 0, "intermediate_value": 0.2808399254488873}
{"op_code": 7, "worker_id": "d7e5276e-eb5e-4037-82da-875c37f8f9df-5336", "trial_id": 7, "step": 1, "intermediate_value": 0.2808399254488873}
{"op_code": 9, "worker_id": "d7e5276e-eb5e-4037-82da-875c37f8f9df-5336", "trial_id": 7, "system_attr": {"completed_rung_0": 0.2808399254488873}}
{"op_code": 6, "worker_id": "d7e5276e-eb5e-4037-82da-875c37f8f9df-5336", "trial_id": 7, "state": 2, "values": [0.2808399254488873], "datetime_complete": "2024-03-19T11:13:52.624347"}
{"op_code": 4, "worker_id": "d7e5276e-eb5e-4037-82da-875c37f8f9df-5336", "study_id": 0, "datetime_start": "2024-03-19T11:13:52.640386"}
{"op_code": 5, "worker_id": "d7e5276e-eb5e-4037-82da-875c37f8f9df-5336", "trial_id": 8, "param_name": "alpha", "param_value_internal": 0.03344945338030391, "distribution": "{\"name\": \"FloatDistribution\", \"attributes\": {\"step\": null, \"low\": 0.005, \"high\": 0.1, \"log\": false}}"}
{"op_code": 5, "worker_id": "d7e5276e-eb5e-4037-82da-875c37f8f9df-5336", "trial_id": 8, "param_name": "l1_ratio", "param_value_internal": 0.028858002417804056, "distribution": "{\"name\": \"FloatDistribution\", \"attributes\": {\"step\": null, \"low\": 0.0, \"high\": 0.05, \"log\": false}}"}
{"op_code": 7, "worker_id": "d7e5276e-eb5e-4037-82da-875c37f8f9df-5336", "trial_id": 8, "step": 0, "intermediate_value": 0.2808399254488873}
{"op_code": 7, "worker_id": "d7e5276e-eb5e-4037-82da-875c37f8f9df-5336", "trial_id": 8, "step": 1, "intermediate_value": 0.2808399254488873}
{"op_code": 9, "worker_id": "d7e5276e-eb5e-4037-82da-875c37f8f9df-5336", "trial_id": 8, "system_attr": {"completed_rung_0": 0.2808399254488873}}
{"op_code": 6, "worker_id": "d7e5276e-eb5e-4037-82da-875c37f8f9df-5336", "trial_id": 8, "state": 2, "values": [0.2808399254488873], "datetime_complete": "2024-03-19T11:13:52.778727"}
{"op_code": 4, "worker_id": "d7e5276e-eb5e-4037-82da-875c37f8f9df-5336", "study_id": 0, "datetime_start": "2024-03-19T11:13:52.794735"}
{"op_code": 5, "worker_id": "d7e5276e-eb5e-4037-82da-875c37f8f9df-5336", "trial_id": 9, "param_name": "alpha", "param_value_internal": 0.030303953449105293, "distribution": "{\"name\": \"FloatDistribution\", \"attributes\": {\"step\": null, \"low\": 0.005, \"high\": 0.1, \"log\": false}}"}
{"op_code": 5, "worker_id": "d7e5276e-eb5e-4037-82da-875c37f8f9df-5336", "trial_id": 9, "param_name": "l1_ratio", "param_value_internal": 0.03564647997300049, "distribution": "{\"name\": \"FloatDistribution\", \"attributes\": {\"step\": null, \"low\": 0.0, \"high\": 0.05, \"log\": false}}"}
{"op_code": 7, "worker_id": "d7e5276e-eb5e-4037-82da-875c37f8f9df-5336", "trial_id": 9, "step": 0, "intermediate_value": 0.28198155116209417}
{"op_code": 7, "worker_id": "d7e5276e-eb5e-4037-82da-875c37f8f9df-5336", "trial_id": 9, "step": 1, "intermediate_value": 0.28198155116209417}
{"op_code": 7, "worker_id": "d7e5276e-eb5e-4037-82da-875c37f8f9df-5336", "trial_id": 9, "step": 2, "intermediate_value": 0.28198155116209417}
{"op_code": 6, "worker_id": "d7e5276e-eb5e-4037-82da-875c37f8f9df-5336", "trial_id": 9, "state": 1, "values": [0.28198155116209417], "datetime_complete": "2024-03-19T11:13:52.974112"}
{"op_code": 4, "worker_id": "d7e5276e-eb5e-4037-82da-875c37f8f9df-5336", "study_id": 0, "datetime_start": "2024-03-19T11:13:53.014440"}
{"op_code": 5, "worker_id": "d7e5276e-eb5e-4037-82da-875c37f8f9df-5336", "trial_id": 10, "param_name": "alpha", "param_value_internal": 0.07766929230082219, "distribution": "{\"name\": \"FloatDistribution\", \"attributes\": {\"step\": null, \"low\": 0.005, \"high\": 0.1, \"log\": false}}"}
{"op_code": 5, "worker_id": "d7e5276e-eb5e-4037-82da-875c37f8f9df-5336", "trial_id": 10, "param_name": "l1_ratio", "param_value_internal": 0.020918174078774072, "distribution": "{\"name\": \"FloatDistribution\", \"attributes\": {\"step\": null, \"low\": 0.0, \"high\": 0.05, \"log\": false}}"}
{"op_code": 7, "worker_id": "d7e5276e-eb5e-4037-82da-875c37f8f9df-5336", "trial_id": 10, "step": 0, "intermediate_value": 0.2611457448186654}
{"op_code": 7, "worker_id": "d7e5276e-eb5e-4037-82da-875c37f8f9df-5336", "trial_id": 10, "step": 1, "intermediate_value": 0.2611457448186654}
{"op_code": 9, "worker_id": "d7e5276e-eb5e-4037-82da-875c37f8f9df-5336", "trial_id": 10, "system_attr": {"completed_rung_0": 0.2611457448186654}}
{"op_code": 6, "worker_id": "d7e5276e-eb5e-4037-82da-875c37f8f9df-5336", "trial_id": 10, "state": 2, "values": [0.2611457448186654], "datetime_complete": "2024-03-19T11:13:53.146600"}
{"op_code": 4, "worker_id": "d7e5276e-eb5e-4037-82da-875c37f8f9df-5336", "study_id": 0, "datetime_start": "2024-03-19T11:13:53.164329"}
{"op_code": 5, "worker_id": "d7e5276e-eb5e-4037-82da-875c37f8f9df-5336", "trial_id": 11, "param_name": "alpha", "param_value_internal": 0.005092597945005405, "distribution": "{\"name\": \"FloatDistribution\", \"attributes\": {\"step\": null, \"low\": 0.005, \"high\": 0.1, \"log\": false}}"}
{"op_code": 5, "worker_id": "d7e5276e-eb5e-4037-82da-875c37f8f9df-5336", "trial_id": 11, "param_name": "l1_ratio", "param_value_internal": 0.04907751870569852, "distribution": "{\"name\": \"FloatDistribution\", \"attributes\": {\"step\": null, \"low\": 0.0, \"high\": 0.05, \"log\": false}}"}
{"op_code": 7, "worker_id": "d7e5276e-eb5e-4037-82da-875c37f8f9df-5336", "trial_id": 11, "step": 0, "intermediate_value": 0.3207786321726699}
{"op_code": 7, "worker_id": "d7e5276e-eb5e-4037-82da-875c37f8f9df-5336", "trial_id": 11, "step": 1, "intermediate_value": 0.3207786321726699}
{"op_code": 9, "worker_id": "d7e5276e-eb5e-4037-82da-875c37f8f9df-5336", "trial_id": 11, "system_attr": {"completed_rung_0": 0.3207786321726699}}
{"op_code": 7, "worker_id": "d7e5276e-eb5e-4037-82da-875c37f8f9df-5336", "trial_id": 11, "step": 2, "intermediate_value": 0.3207786321726699}
{"op_code": 6, "worker_id": "d7e5276e-eb5e-4037-82da-875c37f8f9df-5336", "trial_id": 11, "state": 1, "values": [0.3207786321726699], "datetime_complete": "2024-03-19T11:13:53.325909"}
{"op_code": 4, "worker_id": "d7e5276e-eb5e-4037-82da-875c37f8f9df-5336", "study_id": 0, "datetime_start": "2024-03-19T11:13:53.343310"}
{"op_code": 5, "worker_id": "d7e5276e-eb5e-4037-82da-875c37f8f9df-5336", "trial_id": 12, "param_name": "alpha", "param_value_internal": 0.0199705746688717, "distribution": "{\"name\": \"FloatDistribution\", \"attributes\": {\"step\": null, \"low\": 0.005, \"high\": 0.1, \"log\": false}}"}
{"op_code": 5, "worker_id": "d7e5276e-eb5e-4037-82da-875c37f8f9df-5336", "trial_id": 12, "param_name": "l1_ratio", "param_value_internal": 0.04929765443368244, "distribution": "{\"name\": \"FloatDistribution\", \"attributes\": {\"step\": null, \"low\": 0.0, \"high\": 0.05, \"log\": false}}"}
{"op_code": 7, "worker_id": "d7e5276e-eb5e-4037-82da-875c37f8f9df-5336", "trial_id": 12, "step": 0, "intermediate_value": 0.29646336897424813}
{"op_code": 7, "worker_id": "d7e5276e-eb5e-4037-82da-875c37f8f9df-5336", "trial_id": 12, "step": 1, "intermediate_value": 0.29646336897424813}
{"op_code": 7, "worker_id": "d7e5276e-eb5e-4037-82da-875c37f8f9df-5336", "trial_id": 12, "step": 2, "intermediate_value": 0.29646336897424813}
{"op_code": 6, "worker_id": "d7e5276e-eb5e-4037-82da-875c37f8f9df-5336", "trial_id": 12, "state": 1, "values": [0.29646336897424813], "datetime_complete": "2024-03-19T11:13:53.489151"}
{"op_code": 4, "worker_id": "d7e5276e-eb5e-4037-82da-875c37f8f9df-5336", "study_id": 0, "datetime_start": "2024-03-19T11:13:53.664483"}
{"op_code": 5, "worker_id": "d7e5276e-eb5e-4037-82da-875c37f8f9df-5336", "trial_id": 13, "param_name": "alpha", "param_value_internal": 0.005088373955627325, "distribution": "{\"name\": \"FloatDistribution\", \"attributes\": {\"step\": null, \"low\": 0.005, \"high\": 0.1, \"log\": false}}"}
{"op_code": 5, "worker_id": "d7e5276e-eb5e-4037-82da-875c37f8f9df-5336", "trial_id": 13, "param_name": "l1_ratio", "param_value_internal": 0.03849345459943011, "distribution": "{\"name\": \"FloatDistribution\", \"attributes\": {\"step\": null, \"low\": 0.0, \"high\": 0.05, \"log\": false}}"}
{"op_code": 7, "worker_id": "d7e5276e-eb5e-4037-82da-875c37f8f9df-5336", "trial_id": 13, "step": 0, "intermediate_value": 0.32278898502222136}
{"op_code": 7, "worker_id": "d7e5276e-eb5e-4037-82da-875c37f8f9df-5336", "trial_id": 13, "step": 1, "intermediate_value": 0.32278898502222136}
{"op_code": 7, "worker_id": "d7e5276e-eb5e-4037-82da-875c37f8f9df-5336", "trial_id": 13, "step": 2, "intermediate_value": 0.32278898502222136}
{"op_code": 6, "worker_id": "d7e5276e-eb5e-4037-82da-875c37f8f9df-5336", "trial_id": 13, "state": 1, "values": [0.32278898502222136], "datetime_complete": "2024-03-19T11:13:54.999183"}
{"op_code": 4, "worker_id": "d7e5276e-eb5e-4037-82da-875c37f8f9df-5336", "study_id": 0, "datetime_start": "2024-03-19T11:13:55.187479"}
{"op_code": 5, "worker_id": "d7e5276e-eb5e-4037-82da-875c37f8f9df-5336", "trial_id": 14, "param_name": "alpha", "param_value_internal": 0.023343590414683313, "distribution": "{\"name\": \"FloatDistribution\", \"attributes\": {\"step\": null, \"low\": 0.005, \"high\": 0.1, \"log\": false}}"}
{"op_code": 5, "worker_id": "d7e5276e-eb5e-4037-82da-875c37f8f9df-5336", "trial_id": 14, "param_name": "l1_ratio", "param_value_internal": 0.0424815498040224, "distribution": "{\"name\": \"FloatDistribution\", \"attributes\": {\"step\": null, \"low\": 0.0, \"high\": 0.05, \"log\": false}}"}
{"op_code": 7, "worker_id": "d7e5276e-eb5e-4037-82da-875c37f8f9df-5336", "trial_id": 14, "step": 0, "intermediate_value": 0.2913556172773106}
{"op_code": 7, "worker_id": "d7e5276e-eb5e-4037-82da-875c37f8f9df-5336", "trial_id": 14, "step": 1, "intermediate_value": 0.2913556172773106}
{"op_code": 9, "worker_id": "d7e5276e-eb5e-4037-82da-875c37f8f9df-5336", "trial_id": 14, "system_attr": {"completed_rung_0": 0.2913556172773106}}
{"op_code": 6, "worker_id": "d7e5276e-eb5e-4037-82da-875c37f8f9df-5336", "trial_id": 14, "state": 2, "values": [0.2913556172773106], "datetime_complete": "2024-03-19T11:13:56.875415"}
{"op_code": 4, "worker_id": "d7e5276e-eb5e-4037-82da-875c37f8f9df-5336", "study_id": 0, "datetime_start": "2024-03-19T11:13:57.185727"}
{"op_code": 5, "worker_id": "d7e5276e-eb5e-4037-82da-875c37f8f9df-5336", "trial_id": 15, "param_name": "alpha", "param_value_internal": 0.04392964006619247, "distribution": "{\"name\": \"FloatDistribution\", \"attributes\": {\"step\": null, \"low\": 0.005, \"high\": 0.1, \"log\": false}}"}
{"op_code": 5, "worker_id": "d7e5276e-eb5e-4037-82da-875c37f8f9df-5336", "trial_id": 15, "param_name": "l1_ratio", "param_value_internal": 0.04898823305416827, "distribution": "{\"name\": \"FloatDistribution\", \"attributes\": {\"step\": null, \"low\": 0.0, \"high\": 0.05, \"log\": false}}"}
{"op_code": 7, "worker_id": "d7e5276e-eb5e-4037-82da-875c37f8f9df-5336", "trial_id": 15, "step": 0, "intermediate_value": 0.26970111520329526}
{"op_code": 7, "worker_id": "d7e5276e-eb5e-4037-82da-875c37f8f9df-5336", "trial_id": 15, "step": 1, "intermediate_value": 0.26970111520329526}
{"op_code": 9, "worker_id": "d7e5276e-eb5e-4037-82da-875c37f8f9df-5336", "trial_id": 15, "system_attr": {"completed_rung_0": 0.26970111520329526}}
{"op_code": 6, "worker_id": "d7e5276e-eb5e-4037-82da-875c37f8f9df-5336", "trial_id": 15, "state": 2, "values": [0.26970111520329526], "datetime_complete": "2024-03-19T11:13:58.624920"}
{"op_code": 4, "worker_id": "d7e5276e-eb5e-4037-82da-875c37f8f9df-5336", "study_id": 0, "datetime_start": "2024-03-19T11:13:58.926217"}
{"op_code": 5, "worker_id": "d7e5276e-eb5e-4037-82da-875c37f8f9df-5336", "trial_id": 16, "param_name": "alpha", "param_value_internal": 0.02066618902541966, "distribution": "{\"name\": \"FloatDistribution\", \"attributes\": {\"step\": null, \"low\": 0.005, \"high\": 0.1, \"log\": false}}"}
{"op_code": 5, "worker_id": "d7e5276e-eb5e-4037-82da-875c37f8f9df-5336", "trial_id": 16, "param_name": "l1_ratio", "param_value_internal": 0.03838813343454145, "distribution": "{\"name\": \"FloatDistribution\", \"attributes\": {\"step\": null, \"low\": 0.0, \"high\": 0.05, \"log\": false}}"}
{"op_code": 7, "worker_id": "d7e5276e-eb5e-4037-82da-875c37f8f9df-5336", "trial_id": 16, "step": 0, "intermediate_value": 0.2985464947776295}
{"op_code": 7, "worker_id": "d7e5276e-eb5e-4037-82da-875c37f8f9df-5336", "trial_id": 16, "step": 1, "intermediate_value": 0.2985464947776295}
{"op_code": 9, "worker_id": "d7e5276e-eb5e-4037-82da-875c37f8f9df-5336", "trial_id": 16, "system_attr": {"completed_rung_0": 0.2985464947776295}}
{"op_code": 6, "worker_id": "d7e5276e-eb5e-4037-82da-875c37f8f9df-5336", "trial_id": 16, "state": 2, "values": [0.2985464947776295], "datetime_complete": "2024-03-19T11:14:00.817096"}
{"op_code": 4, "worker_id": "d7e5276e-eb5e-4037-82da-875c37f8f9df-5336", "study_id": 0, "datetime_start": "2024-03-19T11:14:01.139994"}
{"op_code": 5, "worker_id": "d7e5276e-eb5e-4037-82da-875c37f8f9df-5336", "trial_id": 17, "param_name": "alpha", "param_value_internal": 0.008807743983013677, "distribution": "{\"name\": \"FloatDistribution\", \"attributes\": {\"step\": null, \"low\": 0.005, \"high\": 0.1, \"log\": false}}"}
{"op_code": 5, "worker_id": "d7e5276e-eb5e-4037-82da-875c37f8f9df-5336", "trial_id": 17, "param_name": "l1_ratio", "param_value_internal": 0.04416609433951894, "distribution": "{\"name\": \"FloatDistribution\", \"attributes\": {\"step\": null, \"low\": 0.0, \"high\": 0.05, \"log\": false}}"}
{"op_code": 7, "worker_id": "d7e5276e-eb5e-4037-82da-875c37f8f9df-5336", "trial_id": 17, "step": 0, "intermediate_value": 0.309739884738594}
{"op_code": 7, "worker_id": "d7e5276e-eb5e-4037-82da-875c37f8f9df-5336", "trial_id": 17, "step": 1, "intermediate_value": 0.309739884738594}
{"op_code": 9, "worker_id": "d7e5276e-eb5e-4037-82da-875c37f8f9df-5336", "trial_id": 17, "system_attr": {"completed_rung_0": 0.309739884738594}}
{"op_code": 6, "worker_id": "d7e5276e-eb5e-4037-82da-875c37f8f9df-5336", "trial_id": 17, "state": 2, "values": [0.309739884738594], "datetime_complete": "2024-03-19T11:14:03.102004"}
{"op_code": 4, "worker_id": "d7e5276e-eb5e-4037-82da-875c37f8f9df-5336", "study_id": 0, "datetime_start": "2024-03-19T11:14:03.584390"}
{"op_code": 5, "worker_id": "d7e5276e-eb5e-4037-82da-875c37f8f9df-5336", "trial_id": 18, "param_name": "alpha", "param_value_internal": 0.018435495638188797, "distribution": "{\"name\": \"FloatDistribution\", \"attributes\": {\"step\": null, \"low\": 0.005, \"high\": 0.1, \"log\": false}}"}
{"op_code": 5, "worker_id": "d7e5276e-eb5e-4037-82da-875c37f8f9df-5336", "trial_id": 18, "param_name": "l1_ratio", "param_value_internal": 0.032504208956822336, "distribution": "{\"name\": \"FloatDistribution\", \"attributes\": {\"step\": null, \"low\": 0.0, \"high\": 0.05, \"log\": false}}"}
{"op_code": 7, "worker_id": "d7e5276e-eb5e-4037-82da-875c37f8f9df-5336", "trial_id": 18, "step": 0, "intermediate_value": 0.3048550002127607}
{"op_code": 7, "worker_id": "d7e5276e-eb5e-4037-82da-875c37f8f9df-5336", "trial_id": 18, "step": 1, "intermediate_value": 0.3048550002127607}
{"op_code": 7, "worker_id": "d7e5276e-eb5e-4037-82da-875c37f8f9df-5336", "trial_id": 18, "step": 2, "intermediate_value": 0.3048550002127607}
{"op_code": 6, "worker_id": "d7e5276e-eb5e-4037-82da-875c37f8f9df-5336", "trial_id": 18, "state": 1, "values": [0.3048550002127607], "datetime_complete": "2024-03-19T11:14:04.970091"}
{"op_code": 4, "worker_id": "d7e5276e-eb5e-4037-82da-875c37f8f9df-5336", "study_id": 0, "datetime_start": "2024-03-19T11:14:05.151304"}
{"op_code": 5, "worker_id": "d7e5276e-eb5e-4037-82da-875c37f8f9df-5336", "trial_id": 19, "param_name": "alpha", "param_value_internal": 0.04537381348702591, "distribution": "{\"name\": \"FloatDistribution\", \"attributes\": {\"step\": null, \"low\": 0.005, \"high\": 0.1, \"log\": false}}"}
{"op_code": 5, "worker_id": "d7e5276e-eb5e-4037-82da-875c37f8f9df-5336", "trial_id": 19, "param_name": "l1_ratio", "param_value_internal": 0.04475559525008741, "distribution": "{\"name\": \"FloatDistribution\", \"attributes\": {\"step\": null, \"low\": 0.0, \"high\": 0.05, \"log\": false}}"}
{"op_code": 7, "worker_id": "d7e5276e-eb5e-4037-82da-875c37f8f9df-5336", "trial_id": 19, "step": 0, "intermediate_value": 0.2711474776606649}
{"op_code": 7, "worker_id": "d7e5276e-eb5e-4037-82da-875c37f8f9df-5336", "trial_id": 19, "step": 1, "intermediate_value": 0.2711474776606649}
{"op_code": 9, "worker_id": "d7e5276e-eb5e-4037-82da-875c37f8f9df-5336", "trial_id": 19, "system_attr": {"completed_rung_0": 0.2711474776606649}}
{"op_code": 6, "worker_id": "d7e5276e-eb5e-4037-82da-875c37f8f9df-5336", "trial_id": 19, "state": 2, "values": [0.2711474776606649], "datetime_complete": "2024-03-19T11:14:06.642974"}
