{"op_code": 0, "worker_id": "b38d372e-e235-44d2-ae8c-a3bd468bf2e7-9760", "study_name": "RF", "directions": [2]}
{"op_code": 4, "worker_id": "b38d372e-e235-44d2-ae8c-a3bd468bf2e7-17496", "study_id": 0, "datetime_start": "2024-03-19T11:14:26.010443"}
{"op_code": 5, "worker_id": "b38d372e-e235-44d2-ae8c-a3bd468bf2e7-17496", "trial_id": 0, "param_name": "n_estimators", "param_value_internal": 1, "distribution": "{\"name\": \"CategoricalDistribution\", \"attributes\": {\"choices\": [500, 750, 1000]}}"}
{"op_code": 5, "worker_id": "b38d372e-e235-44d2-ae8c-a3bd468bf2e7-17496", "trial_id": 0, "param_name": "max_features", "param_value_internal": 1, "distribution": "{\"name\": \"CategoricalDistribution\", \"attributes\": {\"choices\": [\"sqrt\", \"log2\"]}}"}
{"op_code": 5, "worker_id": "b38d372e-e235-44d2-ae8c-a3bd468bf2e7-17496", "trial_id": 0, "param_name": "max_depth", "param_value_internal": 4, "distribution": "{\"name\": \"CategoricalDistribution\", \"attributes\": {\"choices\": [null, 2, 5, 10, 20]}}"}
{"op_code": 7, "worker_id": "b38d372e-e235-44d2-ae8c-a3bd468bf2e7-17496", "trial_id": 0, "step": 0, "intermediate_value": 0.3424149410082277}
{"op_code": 7, "worker_id": "b38d372e-e235-44d2-ae8c-a3bd468bf2e7-17496", "trial_id": 0, "step": 1, "intermediate_value": 0.3470996999110288}
{"op_code": 7, "worker_id": "b38d372e-e235-44d2-ae8c-a3bd468bf2e7-17496", "trial_id": 0, "step": 2, "intermediate_value": 0.35600983844557954}
{"op_code": 6, "worker_id": "b38d372e-e235-44d2-ae8c-a3bd468bf2e7-17496", "trial_id": 0, "state": 1, "values": [0.3485081597882787], "datetime_complete": "2024-03-19T11:18:12.487588"}
{"op_code": 4, "worker_id": "b38d372e-e235-44d2-ae8c-a3bd468bf2e7-17496", "study_id": 0, "datetime_start": "2024-03-19T11:18:12.819673"}
{"op_code": 5, "worker_id": "b38d372e-e235-44d2-ae8c-a3bd468bf2e7-17496", "trial_id": 1, "param_name": "n_estimators", "param_value_internal": 1, "distribution": "{\"name\": \"CategoricalDistribution\", \"attributes\": {\"choices\": [500, 750, 1000]}}"}
{"op_code": 5, "worker_id": "b38d372e-e235-44d2-ae8c-a3bd468bf2e7-17496", "trial_id": 1, "param_name": "max_features", "param_value_internal": 1, "distribution": "{\"name\": \"CategoricalDistribution\", \"attributes\": {\"choices\": [\"sqrt\", \"log2\"]}}"}
{"op_code": 5, "worker_id": "b38d372e-e235-44d2-ae8c-a3bd468bf2e7-17496", "trial_id": 1, "param_name": "max_depth", "param_value_internal": 4, "distribution": "{\"name\": \"CategoricalDistribution\", \"attributes\": {\"choices\": [null, 2, 5, 10, 20]}}"}
{"op_code": 7, "worker_id": "b38d372e-e235-44d2-ae8c-a3bd468bf2e7-17496", "trial_id": 1, "step": 0, "intermediate_value": 0.37166057182862655}
{"op_code": 7, "worker_id": "b38d372e-e235-44d2-ae8c-a3bd468bf2e7-17496", "trial_id": 1, "step": 1, "intermediate_value": 0.34692686414568275}
{"op_code": 9, "worker_id": "b38d372e-e235-44d2-ae8c-a3bd468bf2e7-17496", "trial_id": 1, "system_attr": {"completed_rung_0": 0.34692686414568275}}
{"op_code": 7, "worker_id": "b38d372e-e235-44d2-ae8c-a3bd468bf2e7-17496", "trial_id": 1, "step": 2, "intermediate_value": 0.3489872484009924}
{"op_code": 6, "worker_id": "b38d372e-e235-44d2-ae8c-a3bd468bf2e7-17496", "trial_id": 1, "state": 1, "values": [0.3558582281251006], "datetime_complete": "2024-03-19T11:21:43.187224"}
{"op_code": 4, "worker_id": "b38d372e-e235-44d2-ae8c-a3bd468bf2e7-17496", "study_id": 0, "datetime_start": "2024-03-19T11:21:43.571309"}
{"op_code": 5, "worker_id": "b38d372e-e235-44d2-ae8c-a3bd468bf2e7-17496", "trial_id": 2, "param_name": "n_estimators", "param_value_internal": 1, "distribution": "{\"name\": \"CategoricalDistribution\", \"attributes\": {\"choices\": [500, 750, 1000]}}"}
{"op_code": 5, "worker_id": "b38d372e-e235-44d2-ae8c-a3bd468bf2e7-17496", "trial_id": 2, "param_name": "max_features", "param_value_internal": 1, "distribution": "{\"name\": \"CategoricalDistribution\", \"attributes\": {\"choices\": [\"sqrt\", \"log2\"]}}"}
{"op_code": 5, "worker_id": "b38d372e-e235-44d2-ae8c-a3bd468bf2e7-17496", "trial_id": 2, "param_name": "max_depth", "param_value_internal": 4, "distribution": "{\"name\": \"CategoricalDistribution\", \"attributes\": {\"choices\": [null, 2, 5, 10, 20]}}"}
{"op_code": 7, "worker_id": "b38d372e-e235-44d2-ae8c-a3bd468bf2e7-17496", "trial_id": 2, "step": 0, "intermediate_value": 0.34526218282682336}
{"op_code": 7, "worker_id": "b38d372e-e235-44d2-ae8c-a3bd468bf2e7-17496", "trial_id": 2, "step": 1, "intermediate_value": 0.3510703742043738}
{"op_code": 9, "worker_id": "b38d372e-e235-44d2-ae8c-a3bd468bf2e7-17496", "trial_id": 2, "system_attr": {"completed_rung_0": 0.3510703742043738}}
{"op_code": 7, "worker_id": "b38d372e-e235-44d2-ae8c-a3bd468bf2e7-17496", "trial_id": 2, "step": 2, "intermediate_value": 0.3497240745585203}
{"op_code": 6, "worker_id": "b38d372e-e235-44d2-ae8c-a3bd468bf2e7-17496", "trial_id": 2, "state": 1, "values": [0.3486855438632392], "datetime_complete": "2024-03-19T11:25:26.781029"}
{"op_code": 4, "worker_id": "b38d372e-e235-44d2-ae8c-a3bd468bf2e7-17496", "study_id": 0, "datetime_start": "2024-03-19T11:25:26.969890"}
{"op_code": 5, "worker_id": "b38d372e-e235-44d2-ae8c-a3bd468bf2e7-17496", "trial_id": 3, "param_name": "n_estimators", "param_value_internal": 2, "distribution": "{\"name\": \"CategoricalDistribution\", \"attributes\": {\"choices\": [500, 750, 1000]}}"}
{"op_code": 5, "worker_id": "b38d372e-e235-44d2-ae8c-a3bd468bf2e7-17496", "trial_id": 3, "param_name": "max_features", "param_value_internal": 0, "distribution": "{\"name\": \"CategoricalDistribution\", \"attributes\": {\"choices\": [\"sqrt\", \"log2\"]}}"}
{"op_code": 5, "worker_id": "b38d372e-e235-44d2-ae8c-a3bd468bf2e7-17496", "trial_id": 3, "param_name": "max_depth", "param_value_internal": 0, "distribution": "{\"name\": \"CategoricalDistribution\", \"attributes\": {\"choices\": [null, 2, 5, 10, 20]}}"}
{"op_code": 7, "worker_id": "b38d372e-e235-44d2-ae8c-a3bd468bf2e7-17496", "trial_id": 3, "step": 0, "intermediate_value": 0.3438840450136693}
