{"op_code": 0, "worker_id": "b4c39c35-0560-4d18-aa56-ea085070515c-47614746832704", "study_name": "ANN", "directions": [1]}
{"op_code": 4, "worker_id": "b4c39c35-0560-4d18-aa56-ea085070515c-47615450679040", "study_id": 0, "datetime_start": "2023-11-07T07:04:00.589164"}
{"op_code": 5, "worker_id": "b4c39c35-0560-4d18-aa56-ea085070515c-47615450679040", "trial_id": 0, "param_name": "learning_rate_init", "param_value_internal": 0.08804284056601855, "distribution": "{\"name\": \"FloatDistribution\", \"attributes\": {\"step\": null, \"low\": 0.001, \"high\": 0.1, \"log\": false}}"}
{"op_code": 5, "worker_id": "b4c39c35-0560-4d18-aa56-ea085070515c-47615450679040", "trial_id": 0, "param_name": "hidden_layer_sizes", "param_value_internal": 7, "distribution": "{\"name\": \"CategoricalDistribution\", \"attributes\": {\"choices\": [[5], [10], [20], [50], [5, 5], [10, 10], [20, 20], [50, 50], [5, 5, 5], [10, 10, 10], [50, 50, 50]]}}"}
{"op_code": 6, "worker_id": "b4c39c35-0560-4d18-aa56-ea085070515c-47615450679040", "trial_id": 0, "state": 1, "values": [0.32675560518790286], "datetime_complete": "2023-11-07T07:04:04.222218"}
{"op_code": 0, "worker_id": "193de392-7832-4beb-abea-575c9d364f86-47279818202944", "study_name": "ANN", "directions": [1]}
{"op_code": 4, "worker_id": "193de392-7832-4beb-abea-575c9d364f86-47280521058048", "study_id": 0, "datetime_start": "2023-11-07T17:11:30.947496"}
{"op_code": 5, "worker_id": "193de392-7832-4beb-abea-575c9d364f86-47280521058048", "trial_id": 1, "param_name": "learning_rate_init", "param_value_internal": 0.08899576366554132, "distribution": "{\"name\": \"FloatDistribution\", \"attributes\": {\"step\": null, \"low\": 0.001, \"high\": 0.1, \"log\": false}}"}
{"op_code": 5, "worker_id": "193de392-7832-4beb-abea-575c9d364f86-47280521058048", "trial_id": 1, "param_name": "hidden_layer_sizes", "param_value_internal": 1, "distribution": "{\"name\": \"CategoricalDistribution\", \"attributes\": {\"choices\": [[5], [10], [20], [50], [5, 5], [10, 10], [20, 20], [50, 50], [5, 5, 5], [10, 10, 10], [50, 50, 50]]}}"}
{"op_code": 6, "worker_id": "193de392-7832-4beb-abea-575c9d364f86-47280521058048", "trial_id": 1, "state": 1, "values": [0.34131694728478923], "datetime_complete": "2023-11-07T17:11:34.981205"}
{"op_code": 0, "worker_id": "77d9b2f6-1291-4587-9a26-ef7a28504396-47279818202944", "study_name": "ANN", "directions": [1]}
{"op_code": 4, "worker_id": "77d9b2f6-1291-4587-9a26-ef7a28504396-47280521058048", "study_id": 0, "datetime_start": "2023-11-07T17:18:20.743304"}
{"op_code": 5, "worker_id": "77d9b2f6-1291-4587-9a26-ef7a28504396-47280521058048", "trial_id": 2, "param_name": "learning_rate_init", "param_value_internal": 0.01962755325619256, "distribution": "{\"name\": \"FloatDistribution\", \"attributes\": {\"step\": null, \"low\": 0.001, \"high\": 0.1, \"log\": false}}"}
{"op_code": 5, "worker_id": "77d9b2f6-1291-4587-9a26-ef7a28504396-47280521058048", "trial_id": 2, "param_name": "hidden_layer_sizes", "param_value_internal": 4, "distribution": "{\"name\": \"CategoricalDistribution\", \"attributes\": {\"choices\": [[5], [10], [20], [50], [5, 5], [10, 10], [20, 20], [50, 50], [5, 5, 5], [10, 10, 10], [50, 50, 50]]}}"}
{"op_code": 6, "worker_id": "77d9b2f6-1291-4587-9a26-ef7a28504396-47280521058048", "trial_id": 2, "state": 1, "values": [0.3190149049954781], "datetime_complete": "2023-11-07T17:18:23.901524"}
{"op_code": 0, "worker_id": "80d8b19a-9ae1-4b97-9318-271742023e0a-47279818202944", "study_name": "ANN", "directions": [1]}
{"op_code": 4, "worker_id": "80d8b19a-9ae1-4b97-9318-271742023e0a-47280521058048", "study_id": 0, "datetime_start": "2023-11-07T17:25:08.410787"}
{"op_code": 5, "worker_id": "80d8b19a-9ae1-4b97-9318-271742023e0a-47280521058048", "trial_id": 3, "param_name": "learning_rate_init", "param_value_internal": 0.03246566337420127, "distribution": "{\"name\": \"FloatDistribution\", \"attributes\": {\"step\": null, \"low\": 0.001, \"high\": 0.1, \"log\": false}}"}
{"op_code": 5, "worker_id": "80d8b19a-9ae1-4b97-9318-271742023e0a-47280521058048", "trial_id": 3, "param_name": "hidden_layer_sizes", "param_value_internal": 5, "distribution": "{\"name\": \"CategoricalDistribution\", \"attributes\": {\"choices\": [[5], [10], [20], [50], [5, 5], [10, 10], [20, 20], [50, 50], [5, 5, 5], [10, 10, 10], [50, 50, 50]]}}"}
{"op_code": 6, "worker_id": "80d8b19a-9ae1-4b97-9318-271742023e0a-47280521058048", "trial_id": 3, "state": 1, "values": [0.337747707804619], "datetime_complete": "2023-11-07T17:25:11.661103"}
{"op_code": 0, "worker_id": "e81d5644-5d66-4b35-9a41-63bb9474ef87-47279818202944", "study_name": "ANN", "directions": [1]}
{"op_code": 4, "worker_id": "e81d5644-5d66-4b35-9a41-63bb9474ef87-47280521058048", "study_id": 0, "datetime_start": "2023-11-07T17:31:56.705891"}
{"op_code": 5, "worker_id": "e81d5644-5d66-4b35-9a41-63bb9474ef87-47280521058048", "trial_id": 4, "param_name": "learning_rate_init", "param_value_internal": 0.011880530281835111, "distribution": "{\"name\": \"FloatDistribution\", \"attributes\": {\"step\": null, \"low\": 0.001, \"high\": 0.1, \"log\": false}}"}
{"op_code": 5, "worker_id": "e81d5644-5d66-4b35-9a41-63bb9474ef87-47280521058048", "trial_id": 4, "param_name": "hidden_layer_sizes", "param_value_internal": 9, "distribution": "{\"name\": \"CategoricalDistribution\", \"attributes\": {\"choices\": [[5], [10], [20], [50], [5, 5], [10, 10], [20, 20], [50, 50], [5, 5, 5], [10, 10, 10], [50, 50, 50]]}}"}
{"op_code": 6, "worker_id": "e81d5644-5d66-4b35-9a41-63bb9474ef87-47280521058048", "trial_id": 4, "state": 1, "values": [0.33882822090847214], "datetime_complete": "2023-11-07T17:31:59.898812"}
