{"op_code": 0, "worker_id": "0a8a32b9-a13c-4940-af45-cde09f82491c-47614746832704", "study_name": "GB", "directions": [1]}
{"op_code": 4, "worker_id": "0a8a32b9-a13c-4940-af45-cde09f82491c-47615450679040", "study_id": 0, "datetime_start": "2023-11-07T07:03:54.355143"}
{"op_code": 5, "worker_id": "0a8a32b9-a13c-4940-af45-cde09f82491c-47615450679040", "trial_id": 0, "param_name": "n_estimators", "param_value_internal": 3, "distribution": "{\"name\": \"CategoricalDistribution\", \"attributes\": {\"choices\": [10, 20, 50, 200, 500]}}"}
{"op_code": 5, "worker_id": "0a8a32b9-a13c-4940-af45-cde09f82491c-47615450679040", "trial_id": 0, "param_name": "learning_rate", "param_value_internal": 0.5747152672328988, "distribution": "{\"name\": \"FloatDistribution\", \"attributes\": {\"step\": null, \"low\": 0.005, \"high\": 1.0, \"log\": false}}"}
{"op_code": 5, "worker_id": "0a8a32b9-a13c-4940-af45-cde09f82491c-47615450679040", "trial_id": 0, "param_name": "max_depth", "param_value_internal": 3, "distribution": "{\"name\": \"CategoricalDistribution\", \"attributes\": {\"choices\": [1, 2, 3, 4, 5]}}"}
{"op_code": 6, "worker_id": "0a8a32b9-a13c-4940-af45-cde09f82491c-47615450679040", "trial_id": 0, "state": 1, "values": [0.28797931051867637], "datetime_complete": "2023-11-07T07:03:56.223908"}
{"op_code": 0, "worker_id": "5eb9ae17-c1ca-4e9a-a439-89e4cbd8ea92-47279818202944", "study_name": "GB", "directions": [1]}
{"op_code": 4, "worker_id": "5eb9ae17-c1ca-4e9a-a439-89e4cbd8ea92-47280521058048", "study_id": 0, "datetime_start": "2023-11-07T17:11:24.756038"}
{"op_code": 5, "worker_id": "5eb9ae17-c1ca-4e9a-a439-89e4cbd8ea92-47280521058048", "trial_id": 1, "param_name": "n_estimators", "param_value_internal": 4, "distribution": "{\"name\": \"CategoricalDistribution\", \"attributes\": {\"choices\": [10, 20, 50, 200, 500]}}"}
{"op_code": 5, "worker_id": "5eb9ae17-c1ca-4e9a-a439-89e4cbd8ea92-47280521058048", "trial_id": 1, "param_name": "learning_rate", "param_value_internal": 0.5554388435170868, "distribution": "{\"name\": \"FloatDistribution\", \"attributes\": {\"step\": null, \"low\": 0.005, \"high\": 1.0, \"log\": false}}"}
{"op_code": 5, "worker_id": "5eb9ae17-c1ca-4e9a-a439-89e4cbd8ea92-47280521058048", "trial_id": 1, "param_name": "max_depth", "param_value_internal": 0, "distribution": "{\"name\": \"CategoricalDistribution\", \"attributes\": {\"choices\": [1, 2, 3, 4, 5]}}"}
{"op_code": 6, "worker_id": "5eb9ae17-c1ca-4e9a-a439-89e4cbd8ea92-47280521058048", "trial_id": 1, "state": 1, "values": [0.28265874413547687], "datetime_complete": "2023-11-07T17:11:26.618331"}
{"op_code": 0, "worker_id": "3094d85c-f9e2-46fa-bae1-292e4576ac52-47279818202944", "study_name": "GB", "directions": [1]}
{"op_code": 4, "worker_id": "3094d85c-f9e2-46fa-bae1-292e4576ac52-47280521058048", "study_id": 0, "datetime_start": "2023-11-07T17:18:14.577410"}
{"op_code": 5, "worker_id": "3094d85c-f9e2-46fa-bae1-292e4576ac52-47280521058048", "trial_id": 2, "param_name": "n_estimators", "param_value_internal": 4, "distribution": "{\"name\": \"CategoricalDistribution\", \"attributes\": {\"choices\": [10, 20, 50, 200, 500]}}"}
{"op_code": 5, "worker_id": "3094d85c-f9e2-46fa-bae1-292e4576ac52-47280521058048", "trial_id": 2, "param_name": "learning_rate", "param_value_internal": 0.38276223993283764, "distribution": "{\"name\": \"FloatDistribution\", \"attributes\": {\"step\": null, \"low\": 0.005, \"high\": 1.0, \"log\": false}}"}
{"op_code": 5, "worker_id": "3094d85c-f9e2-46fa-bae1-292e4576ac52-47280521058048", "trial_id": 2, "param_name": "max_depth", "param_value_internal": 3, "distribution": "{\"name\": \"CategoricalDistribution\", \"attributes\": {\"choices\": [1, 2, 3, 4, 5]}}"}
{"op_code": 6, "worker_id": "3094d85c-f9e2-46fa-bae1-292e4576ac52-47280521058048", "trial_id": 2, "state": 1, "values": [0.29989704843340675], "datetime_complete": "2023-11-07T17:18:16.436041"}
{"op_code": 0, "worker_id": "ccb0b92b-6ea6-4476-bbcb-cb557cb07beb-47279818202944", "study_name": "GB", "directions": [1]}
{"op_code": 4, "worker_id": "ccb0b92b-6ea6-4476-bbcb-cb557cb07beb-47280521058048", "study_id": 0, "datetime_start": "2023-11-07T17:25:02.229546"}
{"op_code": 5, "worker_id": "ccb0b92b-6ea6-4476-bbcb-cb557cb07beb-47280521058048", "trial_id": 3, "param_name": "n_estimators", "param_value_internal": 3, "distribution": "{\"name\": \"CategoricalDistribution\", \"attributes\": {\"choices\": [10, 20, 50, 200, 500]}}"}
{"op_code": 5, "worker_id": "ccb0b92b-6ea6-4476-bbcb-cb557cb07beb-47280521058048", "trial_id": 3, "param_name": "learning_rate", "param_value_internal": 0.21475691571084815, "distribution": "{\"name\": \"FloatDistribution\", \"attributes\": {\"step\": null, \"low\": 0.005, \"high\": 1.0, \"log\": false}}"}
{"op_code": 5, "worker_id": "ccb0b92b-6ea6-4476-bbcb-cb557cb07beb-47280521058048", "trial_id": 3, "param_name": "max_depth", "param_value_internal": 4, "distribution": "{\"name\": \"CategoricalDistribution\", \"attributes\": {\"choices\": [1, 2, 3, 4, 5]}}"}
{"op_code": 6, "worker_id": "ccb0b92b-6ea6-4476-bbcb-cb557cb07beb-47280521058048", "trial_id": 3, "state": 1, "values": [0.2791749969975384], "datetime_complete": "2023-11-07T17:25:04.087065"}
{"op_code": 0, "worker_id": "b39480e1-affe-4e58-91b1-5b47b3696903-47279818202944", "study_name": "GB", "directions": [1]}
{"op_code": 4, "worker_id": "b39480e1-affe-4e58-91b1-5b47b3696903-47280521058048", "study_id": 0, "datetime_start": "2023-11-07T17:31:50.494741"}
{"op_code": 5, "worker_id": "b39480e1-affe-4e58-91b1-5b47b3696903-47280521058048", "trial_id": 4, "param_name": "n_estimators", "param_value_internal": 2, "distribution": "{\"name\": \"CategoricalDistribution\", \"attributes\": {\"choices\": [10, 20, 50, 200, 500]}}"}
{"op_code": 5, "worker_id": "b39480e1-affe-4e58-91b1-5b47b3696903-47280521058048", "trial_id": 4, "param_name": "learning_rate", "param_value_internal": 0.5941312192933793, "distribution": "{\"name\": \"FloatDistribution\", \"attributes\": {\"step\": null, \"low\": 0.005, \"high\": 1.0, \"log\": false}}"}
{"op_code": 5, "worker_id": "b39480e1-affe-4e58-91b1-5b47b3696903-47280521058048", "trial_id": 4, "param_name": "max_depth", "param_value_internal": 2, "distribution": "{\"name\": \"CategoricalDistribution\", \"attributes\": {\"choices\": [1, 2, 3, 4, 5]}}"}
{"op_code": 6, "worker_id": "b39480e1-affe-4e58-91b1-5b47b3696903-47280521058048", "trial_id": 4, "state": 1, "values": [0.2855224310340681], "datetime_complete": "2023-11-07T17:31:52.357194"}
{"op_code": 0, "worker_id": "bec90618-651d-446e-8bbc-fd97d772f69e-47817365380928", "study_name": "GB", "directions": [1]}
{"op_code": 4, "worker_id": "bec90618-651d-446e-8bbc-fd97d772f69e-47818068719360", "study_id": 0, "datetime_start": "2023-11-14T14:59:36.664923"}
{"op_code": 5, "worker_id": "bec90618-651d-446e-8bbc-fd97d772f69e-47818068719360", "trial_id": 5, "param_name": "n_estimators", "param_value_internal": 2, "distribution": "{\"name\": \"CategoricalDistribution\", \"attributes\": {\"choices\": [10, 20, 50, 200, 500]}}"}
{"op_code": 5, "worker_id": "bec90618-651d-446e-8bbc-fd97d772f69e-47818068719360", "trial_id": 5, "param_name": "learning_rate", "param_value_internal": 0.889987601439468, "distribution": "{\"name\": \"FloatDistribution\", \"attributes\": {\"step\": null, \"low\": 0.005, \"high\": 1.0, \"log\": false}}"}
{"op_code": 5, "worker_id": "bec90618-651d-446e-8bbc-fd97d772f69e-47818068719360", "trial_id": 5, "param_name": "max_depth", "param_value_internal": 3, "distribution": "{\"name\": \"CategoricalDistribution\", \"attributes\": {\"choices\": [1, 2, 3, 4, 5]}}"}
{"op_code": 6, "worker_id": "bec90618-651d-446e-8bbc-fd97d772f69e-47818068719360", "trial_id": 5, "state": 1, "values": [0.2824011271032827], "datetime_complete": "2023-11-14T14:59:38.524122"}
{"op_code": 0, "worker_id": "ee226e04-e5ef-4cad-8634-b46bb6d8d079-47817365380928", "study_name": "GB", "directions": [1]}
{"op_code": 4, "worker_id": "ee226e04-e5ef-4cad-8634-b46bb6d8d079-47818068719360", "study_id": 0, "datetime_start": "2023-11-14T15:06:06.399976"}
{"op_code": 5, "worker_id": "ee226e04-e5ef-4cad-8634-b46bb6d8d079-47818068719360", "trial_id": 6, "param_name": "n_estimators", "param_value_internal": 3, "distribution": "{\"name\": \"CategoricalDistribution\", \"attributes\": {\"choices\": [10, 20, 50, 200, 500]}}"}
{"op_code": 5, "worker_id": "ee226e04-e5ef-4cad-8634-b46bb6d8d079-47818068719360", "trial_id": 6, "param_name": "learning_rate", "param_value_internal": 0.9487548638706185, "distribution": "{\"name\": \"FloatDistribution\", \"attributes\": {\"step\": null, \"low\": 0.005, \"high\": 1.0, \"log\": false}}"}
{"op_code": 5, "worker_id": "ee226e04-e5ef-4cad-8634-b46bb6d8d079-47818068719360", "trial_id": 6, "param_name": "max_depth", "param_value_internal": 2, "distribution": "{\"name\": \"CategoricalDistribution\", \"attributes\": {\"choices\": [1, 2, 3, 4, 5]}}"}
{"op_code": 6, "worker_id": "ee226e04-e5ef-4cad-8634-b46bb6d8d079-47818068719360", "trial_id": 6, "state": 1, "values": [0.2850833725152427], "datetime_complete": "2023-11-14T15:06:08.333979"}
{"op_code": 0, "worker_id": "b58ae247-fe6b-4512-823d-fc5cddaa4d18-47817365380928", "study_name": "GB", "directions": [1]}
{"op_code": 4, "worker_id": "b58ae247-fe6b-4512-823d-fc5cddaa4d18-47818068719360", "study_id": 0, "datetime_start": "2023-11-14T15:12:41.983225"}
{"op_code": 5, "worker_id": "b58ae247-fe6b-4512-823d-fc5cddaa4d18-47818068719360", "trial_id": 7, "param_name": "n_estimators", "param_value_internal": 2, "distribution": "{\"name\": \"CategoricalDistribution\", \"attributes\": {\"choices\": [10, 20, 50, 200, 500]}}"}
{"op_code": 5, "worker_id": "b58ae247-fe6b-4512-823d-fc5cddaa4d18-47818068719360", "trial_id": 7, "param_name": "learning_rate", "param_value_internal": 0.8493189258198038, "distribution": "{\"name\": \"FloatDistribution\", \"attributes\": {\"step\": null, \"low\": 0.005, \"high\": 1.0, \"log\": false}}"}
{"op_code": 5, "worker_id": "b58ae247-fe6b-4512-823d-fc5cddaa4d18-47818068719360", "trial_id": 7, "param_name": "max_depth", "param_value_internal": 1, "distribution": "{\"name\": \"CategoricalDistribution\", \"attributes\": {\"choices\": [1, 2, 3, 4, 5]}}"}
{"op_code": 6, "worker_id": "b58ae247-fe6b-4512-823d-fc5cddaa4d18-47818068719360", "trial_id": 7, "state": 1, "values": [0.28966898218817677], "datetime_complete": "2023-11-14T15:12:43.853169"}
{"op_code": 0, "worker_id": "4558543d-1ef8-4295-9ce0-06d7c2d5373f-47817365380928", "study_name": "GB", "directions": [1]}
{"op_code": 4, "worker_id": "4558543d-1ef8-4295-9ce0-06d7c2d5373f-47818068719360", "study_id": 0, "datetime_start": "2023-11-14T15:19:20.977943"}
{"op_code": 5, "worker_id": "4558543d-1ef8-4295-9ce0-06d7c2d5373f-47818068719360", "trial_id": 8, "param_name": "n_estimators", "param_value_internal": 3, "distribution": "{\"name\": \"CategoricalDistribution\", \"attributes\": {\"choices\": [10, 20, 50, 200, 500]}}"}
{"op_code": 5, "worker_id": "4558543d-1ef8-4295-9ce0-06d7c2d5373f-47818068719360", "trial_id": 8, "param_name": "learning_rate", "param_value_internal": 0.06908670375639683, "distribution": "{\"name\": \"FloatDistribution\", \"attributes\": {\"step\": null, \"low\": 0.005, \"high\": 1.0, \"log\": false}}"}
{"op_code": 5, "worker_id": "4558543d-1ef8-4295-9ce0-06d7c2d5373f-47818068719360", "trial_id": 8, "param_name": "max_depth", "param_value_internal": 2, "distribution": "{\"name\": \"CategoricalDistribution\", \"attributes\": {\"choices\": [1, 2, 3, 4, 5]}}"}
{"op_code": 6, "worker_id": "4558543d-1ef8-4295-9ce0-06d7c2d5373f-47818068719360", "trial_id": 8, "state": 1, "values": [0.27989311390366317], "datetime_complete": "2023-11-14T15:19:22.834837"}
