{"op_code": 0, "worker_id": "5ab7a640-bec3-4361-b80b-69907b941210-47614746832704", "study_name": "KRR", "directions": [1]}
{"op_code": 4, "worker_id": "5ab7a640-bec3-4361-b80b-69907b941210-47615450679040", "study_id": 0, "datetime_start": "2023-11-07T07:03:54.289945"}
{"op_code": 5, "worker_id": "5ab7a640-bec3-4361-b80b-69907b941210-47615450679040", "trial_id": 0, "param_name": "alpha", "param_value_internal": 0.3597587776864995, "distribution": "{\"name\": \"FloatDistribution\", \"attributes\": {\"step\": null, \"low\": 0.0001, \"high\": 1.0, \"log\": false}}"}
{"op_code": 5, "worker_id": "5ab7a640-bec3-4361-b80b-69907b941210-47615450679040", "trial_id": 0, "param_name": "gamma", "param_value_internal": 7.236312156383353e-15, "distribution": "{\"name\": \"FloatDistribution\", \"attributes\": {\"step\": null, \"low\": 0.0, \"high\": 1e-14, \"log\": false}}"}
{"op_code": 5, "worker_id": "5ab7a640-bec3-4361-b80b-69907b941210-47615450679040", "trial_id": 0, "param_name": "kernel", "param_value_internal": 0, "distribution": "{\"name\": \"CategoricalDistribution\", \"attributes\": {\"choices\": [\"linear\", \"laplacian\", \"rbf\"]}}"}
{"op_code": 6, "worker_id": "5ab7a640-bec3-4361-b80b-69907b941210-47615450679040", "trial_id": 0, "state": 1, "values": [0.3490277183368873], "datetime_complete": "2023-11-07T07:03:54.342924"}
{"op_code": 0, "worker_id": "324943c4-ac36-4561-a2f3-6cdca7ceb06e-47279818202944", "study_name": "KRR", "directions": [1]}
{"op_code": 4, "worker_id": "324943c4-ac36-4561-a2f3-6cdca7ceb06e-47280521058048", "study_id": 0, "datetime_start": "2023-11-07T17:11:24.698496"}
{"op_code": 5, "worker_id": "324943c4-ac36-4561-a2f3-6cdca7ceb06e-47280521058048", "trial_id": 1, "param_name": "alpha", "param_value_internal": 0.5392683376842816, "distribution": "{\"name\": \"FloatDistribution\", \"attributes\": {\"step\": null, \"low\": 0.0001, \"high\": 1.0, \"log\": false}}"}
{"op_code": 5, "worker_id": "324943c4-ac36-4561-a2f3-6cdca7ceb06e-47280521058048", "trial_id": 1, "param_name": "gamma", "param_value_internal": 9.933201273289516e-16, "distribution": "{\"name\": \"FloatDistribution\", \"attributes\": {\"step\": null, \"low\": 0.0, \"high\": 1e-14, \"log\": false}}"}
{"op_code": 5, "worker_id": "324943c4-ac36-4561-a2f3-6cdca7ceb06e-47280521058048", "trial_id": 1, "param_name": "kernel", "param_value_internal": 2, "distribution": "{\"name\": \"CategoricalDistribution\", \"attributes\": {\"choices\": [\"linear\", \"laplacian\", \"rbf\"]}}"}
{"op_code": 6, "worker_id": "324943c4-ac36-4561-a2f3-6cdca7ceb06e-47280521058048", "trial_id": 1, "state": 1, "values": [0.35253880489970557], "datetime_complete": "2023-11-07T17:11:24.745614"}
{"op_code": 0, "worker_id": "fbcd94ad-6ee1-4f9d-9d45-ddcccc3d6f65-47279818202944", "study_name": "KRR", "directions": [1]}
{"op_code": 4, "worker_id": "fbcd94ad-6ee1-4f9d-9d45-ddcccc3d6f65-47280521058048", "study_id": 0, "datetime_start": "2023-11-07T17:18:14.518910"}
{"op_code": 5, "worker_id": "fbcd94ad-6ee1-4f9d-9d45-ddcccc3d6f65-47280521058048", "trial_id": 2, "param_name": "alpha", "param_value_internal": 0.6435131404104366, "distribution": "{\"name\": \"FloatDistribution\", \"attributes\": {\"step\": null, \"low\": 0.0001, \"high\": 1.0, \"log\": false}}"}
{"op_code": 5, "worker_id": "fbcd94ad-6ee1-4f9d-9d45-ddcccc3d6f65-47280521058048", "trial_id": 2, "param_name": "gamma", "param_value_internal": 4.761278591021556e-15, "distribution": "{\"name\": \"FloatDistribution\", \"attributes\": {\"step\": null, \"low\": 0.0, \"high\": 1e-14, \"log\": false}}"}
{"op_code": 5, "worker_id": "fbcd94ad-6ee1-4f9d-9d45-ddcccc3d6f65-47280521058048", "trial_id": 2, "param_name": "kernel", "param_value_internal": 2, "distribution": "{\"name\": \"CategoricalDistribution\", \"attributes\": {\"choices\": [\"linear\", \"laplacian\", \"rbf\"]}}"}
{"op_code": 6, "worker_id": "fbcd94ad-6ee1-4f9d-9d45-ddcccc3d6f65-47280521058048", "trial_id": 2, "state": 1, "values": [0.3595604308716273], "datetime_complete": "2023-11-07T17:18:14.567850"}
{"op_code": 0, "worker_id": "dca8b0cc-3a86-4341-9814-d8dc7bf15f76-47279818202944", "study_name": "KRR", "directions": [1]}
{"op_code": 4, "worker_id": "dca8b0cc-3a86-4341-9814-d8dc7bf15f76-47280521058048", "study_id": 0, "datetime_start": "2023-11-07T17:25:02.171726"}
{"op_code": 5, "worker_id": "dca8b0cc-3a86-4341-9814-d8dc7bf15f76-47280521058048", "trial_id": 3, "param_name": "alpha", "param_value_internal": 0.029576678731260946, "distribution": "{\"name\": \"FloatDistribution\", \"attributes\": {\"step\": null, \"low\": 0.0001, \"high\": 1.0, \"log\": false}}"}
{"op_code": 5, "worker_id": "dca8b0cc-3a86-4341-9814-d8dc7bf15f76-47280521058048", "trial_id": 3, "param_name": "gamma", "param_value_internal": 7.740877337734852e-15, "distribution": "{\"name\": \"FloatDistribution\", \"attributes\": {\"step\": null, \"low\": 0.0, \"high\": 1e-14, \"log\": false}}"}
{"op_code": 5, "worker_id": "dca8b0cc-3a86-4341-9814-d8dc7bf15f76-47280521058048", "trial_id": 3, "param_name": "kernel", "param_value_internal": 1, "distribution": "{\"name\": \"CategoricalDistribution\", \"attributes\": {\"choices\": [\"linear\", \"laplacian\", \"rbf\"]}}"}
{"op_code": 6, "worker_id": "dca8b0cc-3a86-4341-9814-d8dc7bf15f76-47280521058048", "trial_id": 3, "state": 1, "values": [0.34279261400939265], "datetime_complete": "2023-11-07T17:25:02.220212"}
{"op_code": 0, "worker_id": "b0621c36-8fba-432e-835b-a4a2d4c8f5cf-47279818202944", "study_name": "KRR", "directions": [1]}
{"op_code": 4, "worker_id": "b0621c36-8fba-432e-835b-a4a2d4c8f5cf-47280521058048", "study_id": 0, "datetime_start": "2023-11-07T17:31:50.429400"}
{"op_code": 5, "worker_id": "b0621c36-8fba-432e-835b-a4a2d4c8f5cf-47280521058048", "trial_id": 4, "param_name": "alpha", "param_value_internal": 0.5472972479315257, "distribution": "{\"name\": \"FloatDistribution\", \"attributes\": {\"step\": null, \"low\": 0.0001, \"high\": 1.0, \"log\": false}}"}
{"op_code": 5, "worker_id": "b0621c36-8fba-432e-835b-a4a2d4c8f5cf-47280521058048", "trial_id": 4, "param_name": "gamma", "param_value_internal": 7.589002924260395e-15, "distribution": "{\"name\": \"FloatDistribution\", \"attributes\": {\"step\": null, \"low\": 0.0, \"high\": 1e-14, \"log\": false}}"}
{"op_code": 5, "worker_id": "b0621c36-8fba-432e-835b-a4a2d4c8f5cf-47280521058048", "trial_id": 4, "param_name": "kernel", "param_value_internal": 2, "distribution": "{\"name\": \"CategoricalDistribution\", \"attributes\": {\"choices\": [\"linear\", \"laplacian\", \"rbf\"]}}"}
{"op_code": 6, "worker_id": "b0621c36-8fba-432e-835b-a4a2d4c8f5cf-47280521058048", "trial_id": 4, "state": 1, "values": [0.3506357310298775], "datetime_complete": "2023-11-07T17:31:50.482848"}
{"op_code": 0, "worker_id": "7b69b814-78e5-41da-9596-93044f2f9854-47817365380928", "study_name": "KRR", "directions": [1]}
{"op_code": 4, "worker_id": "7b69b814-78e5-41da-9596-93044f2f9854-47818068719360", "study_id": 0, "datetime_start": "2023-11-14T14:59:36.605361"}
{"op_code": 5, "worker_id": "7b69b814-78e5-41da-9596-93044f2f9854-47818068719360", "trial_id": 5, "param_name": "alpha", "param_value_internal": 0.8321405793148615, "distribution": "{\"name\": \"FloatDistribution\", \"attributes\": {\"step\": null, \"low\": 0.0001, \"high\": 1.0, \"log\": false}}"}
{"op_code": 5, "worker_id": "7b69b814-78e5-41da-9596-93044f2f9854-47818068719360", "trial_id": 5, "param_name": "gamma", "param_value_internal": 3.184443166617513e-15, "distribution": "{\"name\": \"FloatDistribution\", \"attributes\": {\"step\": null, \"low\": 0.0, \"high\": 1e-14, \"log\": false}}"}
{"op_code": 5, "worker_id": "7b69b814-78e5-41da-9596-93044f2f9854-47818068719360", "trial_id": 5, "param_name": "kernel", "param_value_internal": 0, "distribution": "{\"name\": \"CategoricalDistribution\", \"attributes\": {\"choices\": [\"linear\", \"laplacian\", \"rbf\"]}}"}
{"op_code": 6, "worker_id": "7b69b814-78e5-41da-9596-93044f2f9854-47818068719360", "trial_id": 5, "state": 1, "values": [0.3347228543897953], "datetime_complete": "2023-11-14T14:59:36.653746"}
{"op_code": 0, "worker_id": "56b359c7-982c-4471-96c7-c236f52694f5-47817365380928", "study_name": "KRR", "directions": [1]}
{"op_code": 4, "worker_id": "56b359c7-982c-4471-96c7-c236f52694f5-47818068719360", "study_id": 0, "datetime_start": "2023-11-14T15:06:06.295903"}
{"op_code": 5, "worker_id": "56b359c7-982c-4471-96c7-c236f52694f5-47818068719360", "trial_id": 6, "param_name": "alpha", "param_value_internal": 0.08037307147183502, "distribution": "{\"name\": \"FloatDistribution\", \"attributes\": {\"step\": null, \"low\": 0.0001, \"high\": 1.0, \"log\": false}}"}
{"op_code": 5, "worker_id": "56b359c7-982c-4471-96c7-c236f52694f5-47818068719360", "trial_id": 6, "param_name": "gamma", "param_value_internal": 3.3749820178374667e-15, "distribution": "{\"name\": \"FloatDistribution\", \"attributes\": {\"step\": null, \"low\": 0.0, \"high\": 1e-14, \"log\": false}}"}
{"op_code": 5, "worker_id": "56b359c7-982c-4471-96c7-c236f52694f5-47818068719360", "trial_id": 6, "param_name": "kernel", "param_value_internal": 1, "distribution": "{\"name\": \"CategoricalDistribution\", \"attributes\": {\"choices\": [\"linear\", \"laplacian\", \"rbf\"]}}"}
{"op_code": 6, "worker_id": "56b359c7-982c-4471-96c7-c236f52694f5-47818068719360", "trial_id": 6, "state": 1, "values": [0.3283360090799228], "datetime_complete": "2023-11-14T15:06:06.378524"}
{"op_code": 0, "worker_id": "7caeac60-cbfa-4b66-a360-59b1175e169f-47817365380928", "study_name": "KRR", "directions": [1]}
{"op_code": 4, "worker_id": "7caeac60-cbfa-4b66-a360-59b1175e169f-47818068719360", "study_id": 0, "datetime_start": "2023-11-14T15:12:41.915460"}
{"op_code": 5, "worker_id": "7caeac60-cbfa-4b66-a360-59b1175e169f-47818068719360", "trial_id": 7, "param_name": "alpha", "param_value_internal": 0.9546014546443508, "distribution": "{\"name\": \"FloatDistribution\", \"attributes\": {\"step\": null, \"low\": 0.0001, \"high\": 1.0, \"log\": false}}"}
{"op_code": 5, "worker_id": "7caeac60-cbfa-4b66-a360-59b1175e169f-47818068719360", "trial_id": 7, "param_name": "gamma", "param_value_internal": 7.95500911681062e-15, "distribution": "{\"name\": \"FloatDistribution\", \"attributes\": {\"step\": null, \"low\": 0.0, \"high\": 1e-14, \"log\": false}}"}
{"op_code": 5, "worker_id": "7caeac60-cbfa-4b66-a360-59b1175e169f-47818068719360", "trial_id": 7, "param_name": "kernel", "param_value_internal": 2, "distribution": "{\"name\": \"CategoricalDistribution\", \"attributes\": {\"choices\": [\"linear\", \"laplacian\", \"rbf\"]}}"}
{"op_code": 6, "worker_id": "7caeac60-cbfa-4b66-a360-59b1175e169f-47818068719360", "trial_id": 7, "state": 1, "values": [0.3336298767643144], "datetime_complete": "2023-11-14T15:12:41.963525"}
{"op_code": 0, "worker_id": "5bf4fed3-797b-44f6-bddc-0a55ae7650d1-47817365380928", "study_name": "KRR", "directions": [1]}
{"op_code": 4, "worker_id": "5bf4fed3-797b-44f6-bddc-0a55ae7650d1-47818068719360", "study_id": 0, "datetime_start": "2023-11-14T15:19:20.918304"}
{"op_code": 5, "worker_id": "5bf4fed3-797b-44f6-bddc-0a55ae7650d1-47818068719360", "trial_id": 8, "param_name": "alpha", "param_value_internal": 0.6238439008703015, "distribution": "{\"name\": \"FloatDistribution\", \"attributes\": {\"step\": null, \"low\": 0.0001, \"high\": 1.0, \"log\": false}}"}
{"op_code": 5, "worker_id": "5bf4fed3-797b-44f6-bddc-0a55ae7650d1-47818068719360", "trial_id": 8, "param_name": "gamma", "param_value_internal": 7.88991411792136e-15, "distribution": "{\"name\": \"FloatDistribution\", \"attributes\": {\"step\": null, \"low\": 0.0, \"high\": 1e-14, \"log\": false}}"}
{"op_code": 5, "worker_id": "5bf4fed3-797b-44f6-bddc-0a55ae7650d1-47818068719360", "trial_id": 8, "param_name": "kernel", "param_value_internal": 2, "distribution": "{\"name\": \"CategoricalDistribution\", \"attributes\": {\"choices\": [\"linear\", \"laplacian\", \"rbf\"]}}"}
{"op_code": 6, "worker_id": "5bf4fed3-797b-44f6-bddc-0a55ae7650d1-47818068719360", "trial_id": 8, "state": 1, "values": [0.34240989633275754], "datetime_complete": "2023-11-14T15:19:20.966696"}
