{"op_code": 0, "worker_id": "c3bb0dd6-7af2-488d-9eac-e0e60a2656cb-47614746832704", "study_name": "linear", "directions": [1]}
{"op_code": 4, "worker_id": "c3bb0dd6-7af2-488d-9eac-e0e60a2656cb-47615450679040", "study_id": 0, "datetime_start": "2023-11-07T07:03:54.243987"}
{"op_code": 8, "worker_id": "c3bb0dd6-7af2-488d-9eac-e0e60a2656cb-47615450679040", "trial_id": 0, "user_attr": {"fit_intercept": true}}
{"op_code": 5, "worker_id": "c3bb0dd6-7af2-488d-9eac-e0e60a2656cb-47615450679040", "trial_id": 0, "param_name": "alpha", "param_value_internal": 0.016476210370494754, "distribution": "{\"name\": \"FloatDistribution\", \"attributes\": {\"step\": null, \"low\": 1e-05, \"high\": 0.1, \"log\": false}}"}
{"op_code": 5, "worker_id": "c3bb0dd6-7af2-488d-9eac-e0e60a2656cb-47615450679040", "trial_id": 0, "param_name": "l1_ratio", "param_value_internal": 0.8405427338876187, "distribution": "{\"name\": \"FloatDistribution\", \"attributes\": {\"step\": null, \"low\": 0.0, \"high\": 1.0, \"log\": false}}"}
{"op_code": 6, "worker_id": "c3bb0dd6-7af2-488d-9eac-e0e60a2656cb-47615450679040", "trial_id": 0, "state": 1, "values": [0.3127190433529298], "datetime_complete": "2023-11-07T07:03:54.277833"}
{"op_code": 0, "worker_id": "111c403c-4090-41f5-a09f-ab346e5259a3-47279818202944", "study_name": "linear", "directions": [1]}
{"op_code": 4, "worker_id": "111c403c-4090-41f5-a09f-ab346e5259a3-47280521058048", "study_id": 0, "datetime_start": "2023-11-07T17:11:24.658398"}
{"op_code": 8, "worker_id": "111c403c-4090-41f5-a09f-ab346e5259a3-47280521058048", "trial_id": 1, "user_attr": {"fit_intercept": true}}
{"op_code": 5, "worker_id": "111c403c-4090-41f5-a09f-ab346e5259a3-47280521058048", "trial_id": 1, "param_name": "alpha", "param_value_internal": 0.04937982444593594, "distribution": "{\"name\": \"FloatDistribution\", \"attributes\": {\"step\": null, \"low\": 1e-05, \"high\": 0.1, \"log\": false}}"}
{"op_code": 5, "worker_id": "111c403c-4090-41f5-a09f-ab346e5259a3-47280521058048", "trial_id": 1, "param_name": "l1_ratio", "param_value_internal": 0.1556347173217656, "distribution": "{\"name\": \"FloatDistribution\", \"attributes\": {\"step\": null, \"low\": 0.0, \"high\": 1.0, \"log\": false}}"}
{"op_code": 6, "worker_id": "111c403c-4090-41f5-a09f-ab346e5259a3-47280521058048", "trial_id": 1, "state": 1, "values": [0.31280515378624024], "datetime_complete": "2023-11-07T17:11:24.688736"}
{"op_code": 0, "worker_id": "313115fb-d503-47e8-a715-628f803504d8-47279818202944", "study_name": "linear", "directions": [1]}
{"op_code": 4, "worker_id": "313115fb-d503-47e8-a715-628f803504d8-47280521058048", "study_id": 0, "datetime_start": "2023-11-07T17:18:14.479652"}
{"op_code": 8, "worker_id": "313115fb-d503-47e8-a715-628f803504d8-47280521058048", "trial_id": 2, "user_attr": {"fit_intercept": true}}
{"op_code": 5, "worker_id": "313115fb-d503-47e8-a715-628f803504d8-47280521058048", "trial_id": 2, "param_name": "alpha", "param_value_internal": 0.08393140645110597, "distribution": "{\"name\": \"FloatDistribution\", \"attributes\": {\"step\": null, \"low\": 1e-05, \"high\": 0.1, \"log\": false}}"}
{"op_code": 5, "worker_id": "313115fb-d503-47e8-a715-628f803504d8-47280521058048", "trial_id": 2, "param_name": "l1_ratio", "param_value_internal": 0.5243188603259078, "distribution": "{\"name\": \"FloatDistribution\", \"attributes\": {\"step\": null, \"low\": 0.0, \"high\": 1.0, \"log\": false}}"}
{"op_code": 6, "worker_id": "313115fb-d503-47e8-a715-628f803504d8-47280521058048", "trial_id": 2, "state": 1, "values": [0.3123010278266924], "datetime_complete": "2023-11-07T17:18:14.509997"}
{"op_code": 0, "worker_id": "f565a279-9dfa-4cbc-8f47-bf4c3426cf70-47279818202944", "study_name": "linear", "directions": [1]}
{"op_code": 4, "worker_id": "f565a279-9dfa-4cbc-8f47-bf4c3426cf70-47280521058048", "study_id": 0, "datetime_start": "2023-11-07T17:25:02.131719"}
{"op_code": 8, "worker_id": "f565a279-9dfa-4cbc-8f47-bf4c3426cf70-47280521058048", "trial_id": 3, "user_attr": {"fit_intercept": true}}
{"op_code": 5, "worker_id": "f565a279-9dfa-4cbc-8f47-bf4c3426cf70-47280521058048", "trial_id": 3, "param_name": "alpha", "param_value_internal": 0.05840291436919084, "distribution": "{\"name\": \"FloatDistribution\", \"attributes\": {\"step\": null, \"low\": 1e-05, \"high\": 0.1, \"log\": false}}"}
{"op_code": 5, "worker_id": "f565a279-9dfa-4cbc-8f47-bf4c3426cf70-47280521058048", "trial_id": 3, "param_name": "l1_ratio", "param_value_internal": 0.21226107710884556, "distribution": "{\"name\": \"FloatDistribution\", \"attributes\": {\"step\": null, \"low\": 0.0, \"high\": 1.0, \"log\": false}}"}
{"op_code": 6, "worker_id": "f565a279-9dfa-4cbc-8f47-bf4c3426cf70-47280521058048", "trial_id": 3, "state": 1, "values": [0.3125972375263178], "datetime_complete": "2023-11-07T17:25:02.162361"}
{"op_code": 0, "worker_id": "60e91d8e-4f7a-4691-80f8-ad3c8e5eb55b-47279818202944", "study_name": "linear", "directions": [1]}
{"op_code": 4, "worker_id": "60e91d8e-4f7a-4691-80f8-ad3c8e5eb55b-47280521058048", "study_id": 0, "datetime_start": "2023-11-07T17:31:50.382721"}
{"op_code": 8, "worker_id": "60e91d8e-4f7a-4691-80f8-ad3c8e5eb55b-47280521058048", "trial_id": 4, "user_attr": {"fit_intercept": true}}
{"op_code": 5, "worker_id": "60e91d8e-4f7a-4691-80f8-ad3c8e5eb55b-47280521058048", "trial_id": 4, "param_name": "alpha", "param_value_internal": 0.06524195825388958, "distribution": "{\"name\": \"FloatDistribution\", \"attributes\": {\"step\": null, \"low\": 1e-05, \"high\": 0.1, \"log\": false}}"}
{"op_code": 5, "worker_id": "60e91d8e-4f7a-4691-80f8-ad3c8e5eb55b-47280521058048", "trial_id": 4, "param_name": "l1_ratio", "param_value_internal": 0.9132706027239662, "distribution": "{\"name\": \"FloatDistribution\", \"attributes\": {\"step\": null, \"low\": 0.0, \"high\": 1.0, \"log\": false}}"}
{"op_code": 6, "worker_id": "60e91d8e-4f7a-4691-80f8-ad3c8e5eb55b-47280521058048", "trial_id": 4, "state": 1, "values": [0.31246310770998953], "datetime_complete": "2023-11-07T17:31:50.417608"}
{"op_code": 0, "worker_id": "df38fa5d-e03c-4556-93e8-f67267b6f99e-47817365380928", "study_name": "linear", "directions": [1]}
{"op_code": 4, "worker_id": "df38fa5d-e03c-4556-93e8-f67267b6f99e-47818068719360", "study_id": 0, "datetime_start": "2023-11-14T14:59:36.550222"}
{"op_code": 8, "worker_id": "df38fa5d-e03c-4556-93e8-f67267b6f99e-47818068719360", "trial_id": 5, "user_attr": {"fit_intercept": true}}
{"op_code": 5, "worker_id": "df38fa5d-e03c-4556-93e8-f67267b6f99e-47818068719360", "trial_id": 5, "param_name": "alpha", "param_value_internal": 0.026566101819667388, "distribution": "{\"name\": \"FloatDistribution\", \"attributes\": {\"step\": null, \"low\": 1e-05, \"high\": 0.1, \"log\": false}}"}
{"op_code": 5, "worker_id": "df38fa5d-e03c-4556-93e8-f67267b6f99e-47818068719360", "trial_id": 5, "param_name": "l1_ratio", "param_value_internal": 0.9321067868738276, "distribution": "{\"name\": \"FloatDistribution\", \"attributes\": {\"step\": null, \"low\": 0.0, \"high\": 1.0, \"log\": false}}"}
{"op_code": 6, "worker_id": "df38fa5d-e03c-4556-93e8-f67267b6f99e-47818068719360", "trial_id": 5, "state": 1, "values": [0.31227209532371697], "datetime_complete": "2023-11-14T14:59:36.581773"}
{"op_code": 0, "worker_id": "5d993a80-68c5-460b-923a-eb0cc0512913-47817365380928", "study_name": "linear", "directions": [1]}
{"op_code": 4, "worker_id": "5d993a80-68c5-460b-923a-eb0cc0512913-47818068719360", "study_id": 0, "datetime_start": "2023-11-14T15:06:06.239660"}
{"op_code": 8, "worker_id": "5d993a80-68c5-460b-923a-eb0cc0512913-47818068719360", "trial_id": 6, "user_attr": {"fit_intercept": true}}
{"op_code": 5, "worker_id": "5d993a80-68c5-460b-923a-eb0cc0512913-47818068719360", "trial_id": 6, "param_name": "alpha", "param_value_internal": 0.08306297023335844, "distribution": "{\"name\": \"FloatDistribution\", \"attributes\": {\"step\": null, \"low\": 1e-05, \"high\": 0.1, \"log\": false}}"}
{"op_code": 5, "worker_id": "5d993a80-68c5-460b-923a-eb0cc0512913-47818068719360", "trial_id": 6, "param_name": "l1_ratio", "param_value_internal": 0.9946690694003841, "distribution": "{\"name\": \"FloatDistribution\", \"attributes\": {\"step\": null, \"low\": 0.0, \"high\": 1.0, \"log\": false}}"}
{"op_code": 6, "worker_id": "5d993a80-68c5-460b-923a-eb0cc0512913-47818068719360", "trial_id": 6, "state": 1, "values": [0.3124801499908347], "datetime_complete": "2023-11-14T15:06:06.274970"}
{"op_code": 0, "worker_id": "ab85b639-807e-492e-9114-130f47bddc85-47817365380928", "study_name": "linear", "directions": [1]}
{"op_code": 4, "worker_id": "ab85b639-807e-492e-9114-130f47bddc85-47818068719360", "study_id": 0, "datetime_start": "2023-11-14T15:12:41.873079"}
{"op_code": 8, "worker_id": "ab85b639-807e-492e-9114-130f47bddc85-47818068719360", "trial_id": 7, "user_attr": {"fit_intercept": true}}
{"op_code": 5, "worker_id": "ab85b639-807e-492e-9114-130f47bddc85-47818068719360", "trial_id": 7, "param_name": "alpha", "param_value_internal": 0.07868847773479234, "distribution": "{\"name\": \"FloatDistribution\", \"attributes\": {\"step\": null, \"low\": 1e-05, \"high\": 0.1, \"log\": false}}"}
{"op_code": 5, "worker_id": "ab85b639-807e-492e-9114-130f47bddc85-47818068719360", "trial_id": 7, "param_name": "l1_ratio", "param_value_internal": 0.011789918551695311, "distribution": "{\"name\": \"FloatDistribution\", \"attributes\": {\"step\": null, \"low\": 0.0, \"high\": 1.0, \"log\": false}}"}
{"op_code": 6, "worker_id": "ab85b639-807e-492e-9114-130f47bddc85-47818068719360", "trial_id": 7, "state": 1, "values": [0.3122704419046863], "datetime_complete": "2023-11-14T15:12:41.904569"}
{"op_code": 0, "worker_id": "fc29ceee-c86c-4bcf-9e6f-45d7663c4ab5-47817365380928", "study_name": "linear", "directions": [1]}
{"op_code": 4, "worker_id": "fc29ceee-c86c-4bcf-9e6f-45d7663c4ab5-47818068719360", "study_id": 0, "datetime_start": "2023-11-14T15:19:20.874988"}
{"op_code": 8, "worker_id": "fc29ceee-c86c-4bcf-9e6f-45d7663c4ab5-47818068719360", "trial_id": 8, "user_attr": {"fit_intercept": true}}
{"op_code": 5, "worker_id": "fc29ceee-c86c-4bcf-9e6f-45d7663c4ab5-47818068719360", "trial_id": 8, "param_name": "alpha", "param_value_internal": 0.03574019961610724, "distribution": "{\"name\": \"FloatDistribution\", \"attributes\": {\"step\": null, \"low\": 1e-05, \"high\": 0.1, \"log\": false}}"}
{"op_code": 5, "worker_id": "fc29ceee-c86c-4bcf-9e6f-45d7663c4ab5-47818068719360", "trial_id": 8, "param_name": "l1_ratio", "param_value_internal": 0.66069382553433, "distribution": "{\"name\": \"FloatDistribution\", \"attributes\": {\"step\": null, \"low\": 0.0, \"high\": 1.0, \"log\": false}}"}
{"op_code": 6, "worker_id": "fc29ceee-c86c-4bcf-9e6f-45d7663c4ab5-47818068719360", "trial_id": 8, "state": 1, "values": [0.3123536341029893], "datetime_complete": "2023-11-14T15:19:20.907225"}
