{"op_code": 0, "worker_id": "c2b17602-23ac-4ace-8cdc-8e8155baeb9c-47614746832704", "study_name": "RF", "directions": [1]}
{"op_code": 4, "worker_id": "c2b17602-23ac-4ace-8cdc-8e8155baeb9c-47615450679040", "study_id": 0, "datetime_start": "2023-11-07T07:03:56.239212"}
{"op_code": 5, "worker_id": "c2b17602-23ac-4ace-8cdc-8e8155baeb9c-47615450679040", "trial_id": 0, "param_name": "n_estimators", "param_value_internal": 4, "distribution": "{\"name\": \"CategoricalDistribution\", \"attributes\": {\"choices\": [10, 20, 50, 200, 500]}}"}
{"op_code": 5, "worker_id": "c2b17602-23ac-4ace-8cdc-8e8155baeb9c-47615450679040", "trial_id": 0, "param_name": "max_features", "param_value_internal": 2, "distribution": "{\"name\": \"CategoricalDistribution\", \"attributes\": {\"choices\": [\"auto\", \"sqrt\", \"log2\"]}}"}
{"op_code": 5, "worker_id": "c2b17602-23ac-4ace-8cdc-8e8155baeb9c-47615450679040", "trial_id": 0, "param_name": "max_depth", "param_value_internal": 4, "distribution": "{\"name\": \"CategoricalDistribution\", \"attributes\": {\"choices\": [null, 2, 3, 4, 5, 10]}}"}
{"op_code": 6, "worker_id": "c2b17602-23ac-4ace-8cdc-8e8155baeb9c-47615450679040", "trial_id": 0, "state": 1, "values": [0.2761349382232521], "datetime_complete": "2023-11-07T07:04:00.574369"}
{"op_code": 0, "worker_id": "3032971b-8e84-4dd1-8474-60f8c40b027d-47279818202944", "study_name": "RF", "directions": [1]}
{"op_code": 4, "worker_id": "3032971b-8e84-4dd1-8474-60f8c40b027d-47280521058048", "study_id": 0, "datetime_start": "2023-11-07T17:11:26.629627"}
{"op_code": 5, "worker_id": "3032971b-8e84-4dd1-8474-60f8c40b027d-47280521058048", "trial_id": 1, "param_name": "n_estimators", "param_value_internal": 0, "distribution": "{\"name\": \"CategoricalDistribution\", \"attributes\": {\"choices\": [10, 20, 50, 200, 500]}}"}
{"op_code": 5, "worker_id": "3032971b-8e84-4dd1-8474-60f8c40b027d-47280521058048", "trial_id": 1, "param_name": "max_features", "param_value_internal": 1, "distribution": "{\"name\": \"CategoricalDistribution\", \"attributes\": {\"choices\": [\"auto\", \"sqrt\", \"log2\"]}}"}
{"op_code": 5, "worker_id": "3032971b-8e84-4dd1-8474-60f8c40b027d-47280521058048", "trial_id": 1, "param_name": "max_depth", "param_value_internal": 4, "distribution": "{\"name\": \"CategoricalDistribution\", \"attributes\": {\"choices\": [null, 2, 3, 4, 5, 10]}}"}
{"op_code": 6, "worker_id": "3032971b-8e84-4dd1-8474-60f8c40b027d-47280521058048", "trial_id": 1, "state": 1, "values": [0.28012407509771164], "datetime_complete": "2023-11-07T17:11:30.936453"}
{"op_code": 0, "worker_id": "b89ac544-59f9-4017-9699-699928a4997b-47279818202944", "study_name": "RF", "directions": [1]}
{"op_code": 4, "worker_id": "b89ac544-59f9-4017-9699-699928a4997b-47280521058048", "study_id": 0, "datetime_start": "2023-11-07T17:18:16.450238"}
{"op_code": 5, "worker_id": "b89ac544-59f9-4017-9699-699928a4997b-47280521058048", "trial_id": 2, "param_name": "n_estimators", "param_value_internal": 1, "distribution": "{\"name\": \"CategoricalDistribution\", \"attributes\": {\"choices\": [10, 20, 50, 200, 500]}}"}
{"op_code": 5, "worker_id": "b89ac544-59f9-4017-9699-699928a4997b-47280521058048", "trial_id": 2, "param_name": "max_features", "param_value_internal": 0, "distribution": "{\"name\": \"CategoricalDistribution\", \"attributes\": {\"choices\": [\"auto\", \"sqrt\", \"log2\"]}}"}
{"op_code": 5, "worker_id": "b89ac544-59f9-4017-9699-699928a4997b-47280521058048", "trial_id": 2, "param_name": "max_depth", "param_value_internal": 2, "distribution": "{\"name\": \"CategoricalDistribution\", \"attributes\": {\"choices\": [null, 2, 3, 4, 5, 10]}}"}
{"op_code": 6, "worker_id": "b89ac544-59f9-4017-9699-699928a4997b-47280521058048", "trial_id": 2, "state": 1, "values": [0.279566581392785], "datetime_complete": "2023-11-07T17:18:20.731597"}
{"op_code": 0, "worker_id": "91ff6c30-2d1d-4940-a290-837c50c551fb-47279818202944", "study_name": "RF", "directions": [1]}
{"op_code": 4, "worker_id": "91ff6c30-2d1d-4940-a290-837c50c551fb-47280521058048", "study_id": 0, "datetime_start": "2023-11-07T17:25:04.098522"}
{"op_code": 5, "worker_id": "91ff6c30-2d1d-4940-a290-837c50c551fb-47280521058048", "trial_id": 3, "param_name": "n_estimators", "param_value_internal": 1, "distribution": "{\"name\": \"CategoricalDistribution\", \"attributes\": {\"choices\": [10, 20, 50, 200, 500]}}"}
{"op_code": 5, "worker_id": "91ff6c30-2d1d-4940-a290-837c50c551fb-47280521058048", "trial_id": 3, "param_name": "max_features", "param_value_internal": 0, "distribution": "{\"name\": \"CategoricalDistribution\", \"attributes\": {\"choices\": [\"auto\", \"sqrt\", \"log2\"]}}"}
{"op_code": 5, "worker_id": "91ff6c30-2d1d-4940-a290-837c50c551fb-47280521058048", "trial_id": 3, "param_name": "max_depth", "param_value_internal": 5, "distribution": "{\"name\": \"CategoricalDistribution\", \"attributes\": {\"choices\": [null, 2, 3, 4, 5, 10]}}"}
{"op_code": 6, "worker_id": "91ff6c30-2d1d-4940-a290-837c50c551fb-47280521058048", "trial_id": 3, "state": 1, "values": [0.2817971283957954], "datetime_complete": "2023-11-07T17:25:08.399347"}
{"op_code": 0, "worker_id": "c38adaad-a6c2-42c7-855d-2683f1a25616-47279818202944", "study_name": "RF", "directions": [1]}
{"op_code": 4, "worker_id": "c38adaad-a6c2-42c7-855d-2683f1a25616-47280521058048", "study_id": 0, "datetime_start": "2023-11-07T17:31:52.371418"}
{"op_code": 5, "worker_id": "c38adaad-a6c2-42c7-855d-2683f1a25616-47280521058048", "trial_id": 4, "param_name": "n_estimators", "param_value_internal": 0, "distribution": "{\"name\": \"CategoricalDistribution\", \"attributes\": {\"choices\": [10, 20, 50, 200, 500]}}"}
{"op_code": 5, "worker_id": "c38adaad-a6c2-42c7-855d-2683f1a25616-47280521058048", "trial_id": 4, "param_name": "max_features", "param_value_internal": 0, "distribution": "{\"name\": \"CategoricalDistribution\", \"attributes\": {\"choices\": [\"auto\", \"sqrt\", \"log2\"]}}"}
{"op_code": 5, "worker_id": "c38adaad-a6c2-42c7-855d-2683f1a25616-47280521058048", "trial_id": 4, "param_name": "max_depth", "param_value_internal": 0, "distribution": "{\"name\": \"CategoricalDistribution\", \"attributes\": {\"choices\": [null, 2, 3, 4, 5, 10]}}"}
{"op_code": 6, "worker_id": "c38adaad-a6c2-42c7-855d-2683f1a25616-47280521058048", "trial_id": 4, "state": 1, "values": [0.2761133784705266], "datetime_complete": "2023-11-07T17:31:56.692605"}
