{"op_code": 0, "worker_id": "5ae00bee-0fc0-439d-abce-295d4ecedc60-47279818202944", "study_name": "ANN", "directions": [1]}
{"op_code": 4, "worker_id": "5ae00bee-0fc0-439d-abce-295d4ecedc60-47280521058048", "study_id": 0, "datetime_start": "2023-11-07T17:13:38.547108"}
{"op_code": 5, "worker_id": "5ae00bee-0fc0-439d-abce-295d4ecedc60-47280521058048", "trial_id": 0, "param_name": "learning_rate_init", "param_value_internal": 0.013376060431261102, "distribution": "{\"name\": \"FloatDistribution\", \"attributes\": {\"step\": null, \"low\": 0.001, \"high\": 0.1, \"log\": false}}"}
{"op_code": 5, "worker_id": "5ae00bee-0fc0-439d-abce-295d4ecedc60-47280521058048", "trial_id": 0, "param_name": "hidden_layer_sizes", "param_value_internal": 9, "distribution": "{\"name\": \"CategoricalDistribution\", \"attributes\": {\"choices\": [[5], [10], [20], [50], [5, 5], [10, 10], [20, 20], [50, 50], [5, 5, 5], [10, 10, 10], [50, 50, 50]]}}"}
{"op_code": 6, "worker_id": "5ae00bee-0fc0-439d-abce-295d4ecedc60-47280521058048", "trial_id": 0, "state": 1, "values": [0.25923632429646043], "datetime_complete": "2023-11-07T17:13:51.474574"}
{"op_code": 0, "worker_id": "31feb892-8e48-41bb-8693-1cf15bc1a37d-47279818202944", "study_name": "ANN", "directions": [1]}
{"op_code": 4, "worker_id": "31feb892-8e48-41bb-8693-1cf15bc1a37d-47280521058048", "study_id": 0, "datetime_start": "2023-11-07T17:20:24.169934"}
{"op_code": 5, "worker_id": "31feb892-8e48-41bb-8693-1cf15bc1a37d-47280521058048", "trial_id": 1, "param_name": "learning_rate_init", "param_value_internal": 0.036551584005610434, "distribution": "{\"name\": \"FloatDistribution\", \"attributes\": {\"step\": null, \"low\": 0.001, \"high\": 0.1, \"log\": false}}"}
{"op_code": 5, "worker_id": "31feb892-8e48-41bb-8693-1cf15bc1a37d-47280521058048", "trial_id": 1, "param_name": "hidden_layer_sizes", "param_value_internal": 0, "distribution": "{\"name\": \"CategoricalDistribution\", \"attributes\": {\"choices\": [[5], [10], [20], [50], [5, 5], [10, 10], [20, 20], [50, 50], [5, 5, 5], [10, 10, 10], [50, 50, 50]]}}"}
{"op_code": 6, "worker_id": "31feb892-8e48-41bb-8693-1cf15bc1a37d-47280521058048", "trial_id": 1, "state": 1, "values": [0.26215355921092215], "datetime_complete": "2023-11-07T17:20:37.113055"}
{"op_code": 0, "worker_id": "4eec022a-6dce-4937-95a2-0969d9c594a4-47279818202944", "study_name": "ANN", "directions": [1]}
{"op_code": 4, "worker_id": "4eec022a-6dce-4937-95a2-0969d9c594a4-47280521058048", "study_id": 0, "datetime_start": "2023-11-07T17:27:13.450339"}
{"op_code": 5, "worker_id": "4eec022a-6dce-4937-95a2-0969d9c594a4-47280521058048", "trial_id": 2, "param_name": "learning_rate_init", "param_value_internal": 0.06637591263804488, "distribution": "{\"name\": \"FloatDistribution\", \"attributes\": {\"step\": null, \"low\": 0.001, \"high\": 0.1, \"log\": false}}"}
{"op_code": 5, "worker_id": "4eec022a-6dce-4937-95a2-0969d9c594a4-47280521058048", "trial_id": 2, "param_name": "hidden_layer_sizes", "param_value_internal": 10, "distribution": "{\"name\": \"CategoricalDistribution\", \"attributes\": {\"choices\": [[5], [10], [20], [50], [5, 5], [10, 10], [20, 20], [50, 50], [5, 5, 5], [10, 10, 10], [50, 50, 50]]}}"}
{"op_code": 6, "worker_id": "4eec022a-6dce-4937-95a2-0969d9c594a4-47280521058048", "trial_id": 2, "state": 1, "values": [0.2606811587256888], "datetime_complete": "2023-11-07T17:27:26.943059"}
{"op_code": 0, "worker_id": "14f5f72e-850d-4396-9d20-8476c15b930a-47279818202944", "study_name": "ANN", "directions": [1]}
{"op_code": 4, "worker_id": "14f5f72e-850d-4396-9d20-8476c15b930a-47280521058048", "study_id": 0, "datetime_start": "2023-11-07T17:34:02.370167"}
{"op_code": 5, "worker_id": "14f5f72e-850d-4396-9d20-8476c15b930a-47280521058048", "trial_id": 3, "param_name": "learning_rate_init", "param_value_internal": 0.03392026077777218, "distribution": "{\"name\": \"FloatDistribution\", \"attributes\": {\"step\": null, \"low\": 0.001, \"high\": 0.1, \"log\": false}}"}
{"op_code": 5, "worker_id": "14f5f72e-850d-4396-9d20-8476c15b930a-47280521058048", "trial_id": 3, "param_name": "hidden_layer_sizes", "param_value_internal": 7, "distribution": "{\"name\": \"CategoricalDistribution\", \"attributes\": {\"choices\": [[5], [10], [20], [50], [5, 5], [10, 10], [20, 20], [50, 50], [5, 5, 5], [10, 10, 10], [50, 50, 50]]}}"}
{"op_code": 6, "worker_id": "14f5f72e-850d-4396-9d20-8476c15b930a-47280521058048", "trial_id": 3, "state": 1, "values": [0.2623131893389352], "datetime_complete": "2023-11-07T17:34:14.842572"}
{"op_code": 0, "worker_id": "c928e5d0-4d2f-406d-bf37-5b10a3072e31-6556", "study_name": "ANN", "directions": [1]}
{"op_code": 0, "worker_id": "05f14915-dbcd-4c74-84cd-2f2522957f75-6556", "study_name": "ANN", "directions": [1]}
{"op_code": 0, "worker_id": "71c6c71d-6b46-4d00-ae5c-2d3edd94f841-6556", "study_name": "ANN", "directions": [1]}
{"op_code": 0, "worker_id": "1ab8d74e-bc1e-4811-ae9c-04ad37ba22c0-6556", "study_name": "ANN", "directions": [1]}
{"op_code": 0, "worker_id": "970dd17d-90e5-4c3d-956f-4093083c9c51-2012", "study_name": "ANN", "directions": [1]}
{"op_code": 0, "worker_id": "5e3b15c3-e5f3-4a7a-a461-1502f0bf25e9-2012", "study_name": "ANN", "directions": [1]}
{"op_code": 0, "worker_id": "d0df2ee2-3bfe-4572-9925-3a6b39db6efc-2012", "study_name": "ANN", "directions": [1]}
{"op_code": 0, "worker_id": "cbf01111-6c3c-4696-bd67-5830ce6998c6-2012", "study_name": "ANN", "directions": [1]}
{"op_code": 0, "worker_id": "2a224ad8-2f16-46eb-9edf-ce4ace09fdaa-2012", "study_name": "ANN", "directions": [1]}
{"op_code": 4, "worker_id": "970dd17d-90e5-4c3d-956f-4093083c9c51-11236", "study_id": 0, "datetime_start": "2023-11-14T13:26:05.534706"}
{"op_code": 5, "worker_id": "970dd17d-90e5-4c3d-956f-4093083c9c51-11236", "trial_id": 4, "param_name": "learning_rate_init", "param_value_internal": 0.033327359132221374, "distribution": "{\"name\": \"FloatDistribution\", \"attributes\": {\"step\": null, \"low\": 0.001, \"high\": 0.1, \"log\": false}}"}
{"op_code": 5, "worker_id": "970dd17d-90e5-4c3d-956f-4093083c9c51-11236", "trial_id": 4, "param_name": "hidden_layer_sizes", "param_value_internal": 3, "distribution": "{\"name\": \"CategoricalDistribution\", \"attributes\": {\"choices\": [[5], [10], [20], [50], [5, 5], [10, 10], [20, 20], [50, 50], [5, 5, 5], [10, 10, 10], [50, 50, 50]]}}"}
{"op_code": 0, "worker_id": "0b58b15b-8fbc-49bf-9389-d11c580c136d-4160", "study_name": "ANN", "directions": [1]}
{"op_code": 0, "worker_id": "b0ef2855-10ce-4b41-b642-9745307753fc-4160", "study_name": "ANN", "directions": [1]}
{"op_code": 0, "worker_id": "5acad45d-6d30-457c-8e46-bf1f19a76763-4160", "study_name": "ANN", "directions": [1]}
{"op_code": 0, "worker_id": "04b5c817-aae1-4e0d-8617-629f2bd0facf-4160", "study_name": "ANN", "directions": [1]}
{"op_code": 0, "worker_id": "2ac7e1df-4eec-408a-80e0-bf4f81edf108-4160", "study_name": "ANN", "directions": [1]}
{"op_code": 0, "worker_id": "b52d678c-b75b-4b9c-b285-6284fe78d310-4160", "study_name": "ANN", "directions": [1]}
{"op_code": 0, "worker_id": "25c735e4-7742-4d97-bfb0-b3cc8375368e-4160", "study_name": "ANN", "directions": [1]}
{"op_code": 0, "worker_id": "d318c17b-dd4b-4fb7-beaa-c7de490d2aef-4160", "study_name": "ANN", "directions": [1]}
{"op_code": 0, "worker_id": "3129ae5e-2519-4f66-9e24-97b98bd24770-4160", "study_name": "ANN", "directions": [1]}
{"op_code": 0, "worker_id": "ccc7630a-f9a7-4e63-b3bb-981fe01cfff8-4160", "study_name": "ANN", "directions": [1]}
{"op_code": 0, "worker_id": "d3a48338-c21e-4957-ba35-08525be3ad27-4160", "study_name": "ANN", "directions": [1]}
{"op_code": 0, "worker_id": "0343da57-7678-43a4-813f-011ad4cf09fd-4160", "study_name": "ANN", "directions": [1]}
{"op_code": 0, "worker_id": "d4e42bf3-1d6d-4671-b2e4-308bd4a1140a-4160", "study_name": "ANN", "directions": [1]}
{"op_code": 0, "worker_id": "fdd9da95-7c9b-46be-a9e5-e4dfdb870db8-4160", "study_name": "ANN", "directions": [1]}
{"op_code": 0, "worker_id": "4f8eaf47-f307-4b55-833c-0fd35b4f0558-4160", "study_name": "ANN", "directions": [1]}
{"op_code": 0, "worker_id": "89591454-3b05-4abf-9b16-9fe43044dded-4160", "study_name": "ANN", "directions": [1]}
{"op_code": 0, "worker_id": "078b5e70-4192-46ad-b399-b272440c2f97-4160", "study_name": "ANN", "directions": [1]}
{"op_code": 0, "worker_id": "bdba2fab-de1d-4273-84e5-dabda1d1dafe-4160", "study_name": "ANN", "directions": [1]}
{"op_code": 0, "worker_id": "547936ce-173c-4c03-a7ee-b0086348dd37-4160", "study_name": "ANN", "directions": [1]}
{"op_code": 0, "worker_id": "cf3a11f4-2a38-4cbe-9ca3-23c3c6c322ab-4160", "study_name": "ANN", "directions": [1]}
{"op_code": 0, "worker_id": "f8aeb1d0-a85a-42e9-a878-6d9128f8ffc9-4160", "study_name": "ANN", "directions": [1]}
{"op_code": 0, "worker_id": "295bbdf0-549a-44e6-91a8-a4cdbce499e1-4160", "study_name": "ANN", "directions": [1]}
{"op_code": 0, "worker_id": "1a8a48d3-5569-41d0-ac19-8e717b080513-4160", "study_name": "ANN", "directions": [1]}
{"op_code": 0, "worker_id": "0a46a908-8dbd-4173-89cb-152fd5f46fb2-4160", "study_name": "ANN", "directions": [1]}
{"op_code": 0, "worker_id": "3920577a-2b92-4838-ba17-aefeb21e75bb-4160", "study_name": "ANN", "directions": [1]}
{"op_code": 0, "worker_id": "8b6815ee-d0ee-4f23-aac1-91dd8e8ee2d6-4160", "study_name": "ANN", "directions": [1]}
{"op_code": 0, "worker_id": "52895313-3942-42d8-8c48-6b70cab43b10-4160", "study_name": "ANN", "directions": [1]}
{"op_code": 0, "worker_id": "0a4e3153-f891-442a-94bf-239b0f197d46-4160", "study_name": "ANN", "directions": [1]}
{"op_code": 0, "worker_id": "89638de2-e4d9-417f-9844-be56d2960195-4160", "study_name": "ANN", "directions": [1]}
{"op_code": 0, "worker_id": "78b4f8ea-87a3-4140-811a-0436d4a5356d-4160", "study_name": "ANN", "directions": [1]}
{"op_code": 0, "worker_id": "6667e4d5-4952-4f43-9749-e80a3491b41a-4160", "study_name": "ANN", "directions": [1]}
{"op_code": 0, "worker_id": "6f1356f0-5fb7-4379-8b87-758491e034e0-4160", "study_name": "ANN", "directions": [1]}
{"op_code": 0, "worker_id": "a6256cbd-4c64-4831-aaf8-f03e4a630e6d-4160", "study_name": "ANN", "directions": [1]}
{"op_code": 0, "worker_id": "b0aa2f56-2e72-4420-84be-18b5ac89f3ce-4160", "study_name": "ANN", "directions": [1]}
{"op_code": 0, "worker_id": "b4f287e3-10b2-4269-aeb0-d8616f5c47f4-4160", "study_name": "ANN", "directions": [1]}
{"op_code": 0, "worker_id": "61071c9e-f96a-45aa-8eda-0c2fc1ef0824-4160", "study_name": "ANN", "directions": [1]}
{"op_code": 0, "worker_id": "66842975-9d08-4fab-8719-30847fcc8d20-4160", "study_name": "ANN", "directions": [1]}
{"op_code": 0, "worker_id": "e82a1dc1-fb7f-4958-8c2f-4874b87762f6-4160", "study_name": "ANN", "directions": [1]}
{"op_code": 0, "worker_id": "fd7094ed-311c-42e1-921c-1ea75be8428a-4160", "study_name": "ANN", "directions": [1]}
{"op_code": 0, "worker_id": "dc1e772e-afe3-45eb-b106-6b756d8498cc-4160", "study_name": "ANN", "directions": [1]}
{"op_code": 0, "worker_id": "a01c40f5-d328-41a4-abf6-841daae7022c-4160", "study_name": "ANN", "directions": [1]}
{"op_code": 0, "worker_id": "9c37bb36-a124-4067-9238-d5024f065dd5-4160", "study_name": "ANN", "directions": [1]}
{"op_code": 0, "worker_id": "52b10ce1-74b7-4d46-b0b6-f1654071837e-4160", "study_name": "ANN", "directions": [1]}
{"op_code": 0, "worker_id": "39d43910-6444-43ca-a657-7dadb5f7ced7-4160", "study_name": "ANN", "directions": [1]}
{"op_code": 0, "worker_id": "f78c1781-cbc6-458d-a50b-2a1648240e0a-4160", "study_name": "ANN", "directions": [1]}
{"op_code": 0, "worker_id": "6b0605ff-1bf7-402a-a310-4c40578f2654-4160", "study_name": "ANN", "directions": [1]}
{"op_code": 0, "worker_id": "ed1d6b8c-fb25-41ce-bf59-04bd5e3d2ec7-4160", "study_name": "ANN", "directions": [1]}
{"op_code": 0, "worker_id": "48f25476-ec1e-40be-8c87-c54baa8d322d-4160", "study_name": "ANN", "directions": [1]}
{"op_code": 0, "worker_id": "9fa1f4fb-ddc7-4a81-b863-c74a8df99636-4160", "study_name": "ANN", "directions": [1]}
{"op_code": 0, "worker_id": "89db9f91-ef2b-48a4-bee9-72ffd39bc970-4160", "study_name": "ANN", "directions": [1]}
{"op_code": 0, "worker_id": "6234a06d-262f-4f52-9266-7147a0be27e5-4160", "study_name": "ANN", "directions": [1]}
{"op_code": 0, "worker_id": "125907c2-5d59-4e4d-9ac7-624186ad99c4-4160", "study_name": "ANN", "directions": [1]}
{"op_code": 0, "worker_id": "9d6ff353-d073-4412-8719-096af685e4f8-4160", "study_name": "ANN", "directions": [1]}
{"op_code": 0, "worker_id": "5dde6039-8fdf-45f9-9335-b1d52a941ffa-4160", "study_name": "ANN", "directions": [1]}
{"op_code": 0, "worker_id": "a4690413-547c-4cc8-a41d-7f803d0c9431-4160", "study_name": "ANN", "directions": [1]}
{"op_code": 0, "worker_id": "84560bc1-9b0d-465c-a5af-abaa2176e5e2-4160", "study_name": "ANN", "directions": [1]}
{"op_code": 0, "worker_id": "d2b1f7f8-fd6c-41e2-977c-78d950df84ba-4160", "study_name": "ANN", "directions": [1]}
{"op_code": 0, "worker_id": "98906579-4878-4a1b-a82b-f6bd669e2e9f-4160", "study_name": "ANN", "directions": [1]}
{"op_code": 0, "worker_id": "c5637845-4189-40ca-8052-4f880dec0d2d-4160", "study_name": "ANN", "directions": [1]}
{"op_code": 0, "worker_id": "6950fd39-0737-4d7f-b34c-7f2f5ecb0f38-4160", "study_name": "ANN", "directions": [1]}
{"op_code": 0, "worker_id": "81320605-acc4-4e08-8802-e2c82f7f6eb5-4160", "study_name": "ANN", "directions": [1]}
{"op_code": 0, "worker_id": "98af1574-94d3-454f-83b3-46e224e86282-4160", "study_name": "ANN", "directions": [1]}
{"op_code": 0, "worker_id": "37e1b727-2c96-4204-938d-bede651c7f74-4160", "study_name": "ANN", "directions": [1]}
{"op_code": 0, "worker_id": "b03dda94-4c5d-40b0-9920-e64998b8abb2-4160", "study_name": "ANN", "directions": [1]}
{"op_code": 0, "worker_id": "0784b259-2cfe-477e-beec-bea6a1c390a8-4160", "study_name": "ANN", "directions": [1]}
{"op_code": 0, "worker_id": "430cfb23-f3a2-4395-9a4c-859c24e6d884-4160", "study_name": "ANN", "directions": [1]}
{"op_code": 0, "worker_id": "71d0651a-a931-439b-b214-54fbc1dcbc7c-4160", "study_name": "ANN", "directions": [1]}
{"op_code": 0, "worker_id": "3f9422a0-8255-4924-98a7-0cf7a8bcb311-4160", "study_name": "ANN", "directions": [1]}
{"op_code": 0, "worker_id": "5f71e69e-72bb-4c63-9363-7b2145a52383-4160", "study_name": "ANN", "directions": [1]}
{"op_code": 0, "worker_id": "b78c3929-7573-4ed0-a28c-3076d872a16c-4160", "study_name": "ANN", "directions": [1]}
{"op_code": 0, "worker_id": "135355c8-b6e6-4a6e-aa18-f88c0854561d-4160", "study_name": "ANN", "directions": [1]}
{"op_code": 0, "worker_id": "b3eb43fc-2bd1-47d7-8733-553c3e5fb1ac-4160", "study_name": "ANN", "directions": [1]}
{"op_code": 0, "worker_id": "fab85665-7acc-43d6-8789-c73fec6443f2-4160", "study_name": "ANN", "directions": [1]}
{"op_code": 0, "worker_id": "941847cb-8fdc-4307-8702-534c08ed93f5-4160", "study_name": "ANN", "directions": [1]}
{"op_code": 0, "worker_id": "a6e5833f-b3d9-4651-832d-4ac7d86f62c3-4160", "study_name": "ANN", "directions": [1]}
{"op_code": 0, "worker_id": "46455f05-e9a5-4aa1-87a6-873e25946e75-4160", "study_name": "ANN", "directions": [1]}
{"op_code": 0, "worker_id": "301bddaa-7d44-483a-b768-3202cf74144f-4160", "study_name": "ANN", "directions": [1]}
{"op_code": 0, "worker_id": "489df207-2e20-44cd-a8ad-dff0459825be-4160", "study_name": "ANN", "directions": [1]}
{"op_code": 0, "worker_id": "41937adf-b8b1-4030-973b-b6247983c925-4160", "study_name": "ANN", "directions": [1]}
{"op_code": 0, "worker_id": "cf271877-f481-457f-9536-c11719265e20-4160", "study_name": "ANN", "directions": [1]}
{"op_code": 0, "worker_id": "0bedca0e-5b02-4796-9f8b-018a354a8c33-4160", "study_name": "ANN", "directions": [1]}
{"op_code": 0, "worker_id": "fa8530e6-42e1-4785-9e07-eecb9ad64402-4160", "study_name": "ANN", "directions": [1]}
{"op_code": 0, "worker_id": "f262befc-202c-4dc6-86e0-5ff60cfd5bda-4160", "study_name": "ANN", "directions": [1]}
{"op_code": 0, "worker_id": "37883ba9-cb26-4c80-9795-3a74a85274bc-4160", "study_name": "ANN", "directions": [1]}
{"op_code": 0, "worker_id": "b6833342-443b-447b-b6cc-c3db10ce5bf1-4160", "study_name": "ANN", "directions": [1]}
{"op_code": 0, "worker_id": "f0fd5fea-d7c9-4bde-9b51-0a3aa4316de3-4160", "study_name": "ANN", "directions": [1]}
{"op_code": 0, "worker_id": "dcb6d254-db15-4a3c-836d-1fc3d9f78f3a-4160", "study_name": "ANN", "directions": [1]}
{"op_code": 0, "worker_id": "91f1c414-c870-46af-9c66-3ad5d3bc19c2-4160", "study_name": "ANN", "directions": [1]}
{"op_code": 0, "worker_id": "90998397-50b8-4a47-bcc7-b7feb92090de-4160", "study_name": "ANN", "directions": [1]}
{"op_code": 0, "worker_id": "fb24e7d7-c177-46d6-870a-8970cbf17283-4160", "study_name": "ANN", "directions": [1]}
{"op_code": 0, "worker_id": "c3e40d81-2576-4918-ace9-145f1a58ae37-4160", "study_name": "ANN", "directions": [1]}
{"op_code": 0, "worker_id": "5b9835f1-1bcc-41cf-9c1e-c36f0e405a63-4160", "study_name": "ANN", "directions": [1]}
{"op_code": 0, "worker_id": "9dce947f-9c13-4846-abd8-65a3feffe8a8-4160", "study_name": "ANN", "directions": [1]}
{"op_code": 0, "worker_id": "e541e8a6-4c2c-4c57-bffa-2adfc306ac30-4160", "study_name": "ANN", "directions": [1]}
{"op_code": 0, "worker_id": "7c6f04f1-b9d1-4fe2-9e6d-5bb552c26691-4160", "study_name": "ANN", "directions": [1]}
{"op_code": 0, "worker_id": "3333b795-3f45-4ffc-a4fe-0bdbf3bd331d-4160", "study_name": "ANN", "directions": [1]}
{"op_code": 0, "worker_id": "644aa4f5-8e8a-4610-8357-4db2c4a5688c-4160", "study_name": "ANN", "directions": [1]}
{"op_code": 0, "worker_id": "25f82954-552c-4939-9519-8a5373564c18-4160", "study_name": "ANN", "directions": [1]}
{"op_code": 0, "worker_id": "e18e4032-dbf5-4828-ae57-9b2b556f220b-4160", "study_name": "ANN", "directions": [1]}
{"op_code": 0, "worker_id": "49db69c0-a382-473b-88e2-b38f0ec45de7-4160", "study_name": "ANN", "directions": [1]}
{"op_code": 0, "worker_id": "4bb76f6a-7c33-4a49-a23c-a6ee381c9157-4160", "study_name": "ANN", "directions": [1]}
{"op_code": 0, "worker_id": "226adb4b-5d1d-41be-9eb7-15b72b5e5570-4160", "study_name": "ANN", "directions": [1]}
{"op_code": 0, "worker_id": "1b2ecc9c-0b74-4b4b-bc49-a4cfda2e2e61-4160", "study_name": "ANN", "directions": [1]}
{"op_code": 0, "worker_id": "3e8c4887-a59f-4ba9-80ae-8def99b38548-4160", "study_name": "ANN", "directions": [1]}
{"op_code": 0, "worker_id": "20773dc5-7813-4f16-8cc1-f22ac5ac25e8-4160", "study_name": "ANN", "directions": [1]}
{"op_code": 0, "worker_id": "a0bb4ad4-1dfc-4456-be3a-726ce3f65700-4160", "study_name": "ANN", "directions": [1]}
{"op_code": 0, "worker_id": "f1ed38d9-9be5-4bf6-aa9b-672e40326fb8-4160", "study_name": "ANN", "directions": [1]}
{"op_code": 0, "worker_id": "b6d94145-fa84-473a-ad62-0408dc810c74-4160", "study_name": "ANN", "directions": [1]}
{"op_code": 0, "worker_id": "ffd25b2d-011e-46d4-8c4f-ce451a48ddc3-4160", "study_name": "ANN", "directions": [1]}
{"op_code": 0, "worker_id": "e0dfe51b-8921-4c27-9f49-d83657b06f62-4160", "study_name": "ANN", "directions": [1]}
{"op_code": 0, "worker_id": "2628d861-0378-498a-82f8-7fac8efe9541-4160", "study_name": "ANN", "directions": [1]}
{"op_code": 0, "worker_id": "df8b9b24-0bf4-430f-bccc-e86c5160917b-4160", "study_name": "ANN", "directions": [1]}
{"op_code": 0, "worker_id": "41c98d7f-27a7-4505-b18f-f12afd60080e-4160", "study_name": "ANN", "directions": [1]}
{"op_code": 0, "worker_id": "7656f0aa-44fd-40fc-93ca-c0963e3490f1-4160", "study_name": "ANN", "directions": [1]}
{"op_code": 0, "worker_id": "218810e3-8fb1-4ef7-bd70-9d9acf4c4a4d-4160", "study_name": "ANN", "directions": [1]}
{"op_code": 0, "worker_id": "7d3f9034-d7a9-4757-aa02-9d17587b3250-4160", "study_name": "ANN", "directions": [1]}
{"op_code": 0, "worker_id": "c1386f58-7694-4380-9fc1-1348fc591ee3-4160", "study_name": "ANN", "directions": [1]}
{"op_code": 0, "worker_id": "5304c63a-3e0e-4133-a60d-686b3233d1ed-4160", "study_name": "ANN", "directions": [1]}
{"op_code": 0, "worker_id": "64dd9cfd-24b3-4a6d-880a-41960b1b01aa-4160", "study_name": "ANN", "directions": [1]}
{"op_code": 0, "worker_id": "d5a2144d-4527-42ee-b65f-abad7a0d40bc-4160", "study_name": "ANN", "directions": [1]}
{"op_code": 0, "worker_id": "8ec2b4a0-5f1e-47fd-a48f-7047b2e5e5b7-4160", "study_name": "ANN", "directions": [1]}
{"op_code": 0, "worker_id": "531501aa-bd2c-43a9-a418-363514e827d6-4160", "study_name": "ANN", "directions": [1]}
{"op_code": 0, "worker_id": "41eb289e-fbf1-4be2-9fc3-06fefd20f8ed-4160", "study_name": "ANN", "directions": [1]}
{"op_code": 0, "worker_id": "6ad73c71-d433-4e2a-bf0c-758eb9d207e6-4160", "study_name": "ANN", "directions": [1]}
{"op_code": 0, "worker_id": "57e07d22-7453-4dae-aa9f-20303dc4849e-4160", "study_name": "ANN", "directions": [1]}
{"op_code": 0, "worker_id": "149deefa-4279-4862-8c2c-faec76f08d5f-4160", "study_name": "ANN", "directions": [1]}
{"op_code": 0, "worker_id": "f8d1f7a4-b71c-432d-b77c-da94dacdd4b2-4160", "study_name": "ANN", "directions": [1]}
{"op_code": 0, "worker_id": "cb2cecd3-9f27-4c96-9540-01117a72395b-4160", "study_name": "ANN", "directions": [1]}
{"op_code": 0, "worker_id": "1666883f-53b8-4023-8d9a-b74308e456ce-4160", "study_name": "ANN", "directions": [1]}
{"op_code": 0, "worker_id": "386b2c73-8ccc-440b-a920-faf33082caa5-4160", "study_name": "ANN", "directions": [1]}
{"op_code": 0, "worker_id": "e19a7bbd-7ffb-48d0-b7d8-6cfc5f8181b0-4160", "study_name": "ANN", "directions": [1]}
{"op_code": 0, "worker_id": "33e1932a-59b5-4107-a553-08e32a6ff1e4-4160", "study_name": "ANN", "directions": [1]}
{"op_code": 0, "worker_id": "f9b5d438-3375-414f-acc4-2bae6d7db739-4160", "study_name": "ANN", "directions": [1]}
{"op_code": 0, "worker_id": "620791eb-48ea-46c5-bbb5-d57a7283cd1d-4160", "study_name": "ANN", "directions": [1]}
{"op_code": 0, "worker_id": "0f418e07-36bb-41f3-ba8d-a69779854275-4160", "study_name": "ANN", "directions": [1]}
{"op_code": 0, "worker_id": "2b41346f-cf84-4b2d-b233-5d70f1c74647-4160", "study_name": "ANN", "directions": [1]}
{"op_code": 0, "worker_id": "3f17cf20-509f-49f5-bcf7-67fbd7b6aa63-4160", "study_name": "ANN", "directions": [1]}
{"op_code": 0, "worker_id": "c592883f-f075-4a41-a241-f8ce2c2bcdc1-4160", "study_name": "ANN", "directions": [1]}
{"op_code": 0, "worker_id": "d1416113-6b52-43d8-9ec1-edf13045de5a-4160", "study_name": "ANN", "directions": [1]}
{"op_code": 0, "worker_id": "f85d95af-0aca-460c-bb40-61bcfbb79891-4160", "study_name": "ANN", "directions": [1]}
{"op_code": 0, "worker_id": "3edeccbf-6ef2-4e53-a93f-149e82acc2ae-4160", "study_name": "ANN", "directions": [1]}
{"op_code": 0, "worker_id": "65208d98-43ed-424e-9ff9-3d6dab8772f0-4160", "study_name": "ANN", "directions": [1]}
{"op_code": 0, "worker_id": "ada12e59-b0b1-4a6b-b788-956e52648e3d-4160", "study_name": "ANN", "directions": [1]}
{"op_code": 0, "worker_id": "5acd2e29-44c3-417b-837c-45185eb4da7a-4160", "study_name": "ANN", "directions": [1]}
{"op_code": 0, "worker_id": "6aa7db92-f701-4f68-9621-3f832d7c0447-4160", "study_name": "ANN", "directions": [1]}
{"op_code": 0, "worker_id": "21c6f5f7-8931-4c48-97ee-56bd1ea803d2-4160", "study_name": "ANN", "directions": [1]}
{"op_code": 0, "worker_id": "e8fc97ff-7685-4c71-a4df-b05e8c936e28-4160", "study_name": "ANN", "directions": [1]}
{"op_code": 0, "worker_id": "0b082e52-b233-4b1f-8421-14c441c28dfc-4160", "study_name": "ANN", "directions": [1]}
{"op_code": 0, "worker_id": "1f3d2600-42d4-4cdd-a044-681d7f128064-4160", "study_name": "ANN", "directions": [1]}
{"op_code": 0, "worker_id": "ff788ea3-f1e7-409b-a01d-716175e7aee9-4160", "study_name": "ANN", "directions": [1]}
{"op_code": 0, "worker_id": "225536b0-713c-4227-b16b-247ebfa33d29-4160", "study_name": "ANN", "directions": [1]}
{"op_code": 0, "worker_id": "da558053-19cd-4aaf-89a6-2bc594ae4023-4160", "study_name": "ANN", "directions": [1]}
{"op_code": 0, "worker_id": "f68f614d-70c0-4bc4-85da-b89ee82b37dc-4160", "study_name": "ANN", "directions": [1]}
{"op_code": 0, "worker_id": "4b612b9b-696c-4828-ae79-742c447aaba7-4160", "study_name": "ANN", "directions": [1]}
{"op_code": 0, "worker_id": "5f7ed440-dddc-4a6f-a000-f1493a331fed-4160", "study_name": "ANN", "directions": [1]}
{"op_code": 0, "worker_id": "0de7dd19-0e31-4187-80e7-11e09b18a7b4-4160", "study_name": "ANN", "directions": [1]}
{"op_code": 0, "worker_id": "018bcf6f-e059-4454-90ce-e803071c1e8d-4160", "study_name": "ANN", "directions": [1]}
{"op_code": 0, "worker_id": "91a1f421-d3cd-4233-98b0-e3164e5fde9c-4160", "study_name": "ANN", "directions": [1]}
{"op_code": 0, "worker_id": "7fbbc9cd-eee4-4ea3-a200-0418a39dd916-4160", "study_name": "ANN", "directions": [1]}
{"op_code": 0, "worker_id": "52a081ac-5c6d-4dac-a126-66a2c566bed1-4160", "study_name": "ANN", "directions": [1]}
{"op_code": 0, "worker_id": "4ac0273a-3fa1-46bd-9c79-9cb6f7455ab2-4160", "study_name": "ANN", "directions": [1]}
{"op_code": 0, "worker_id": "40094625-1f38-4262-bd1e-5068a031822c-4160", "study_name": "ANN", "directions": [1]}
{"op_code": 0, "worker_id": "7676b2e3-9328-463a-b89d-201e883d99c2-4160", "study_name": "ANN", "directions": [1]}
{"op_code": 0, "worker_id": "f6a58248-405b-468c-99e7-106a9186ce20-4160", "study_name": "ANN", "directions": [1]}
{"op_code": 0, "worker_id": "de489035-75a2-42f2-8597-fa56276568ea-4160", "study_name": "ANN", "directions": [1]}
{"op_code": 0, "worker_id": "b328970c-6349-4622-834e-5aa02bd1e31f-4160", "study_name": "ANN", "directions": [1]}
{"op_code": 0, "worker_id": "001fc83f-307c-483a-9457-f0a3de7c40bb-4160", "study_name": "ANN", "directions": [1]}
{"op_code": 0, "worker_id": "9a19d46a-3b67-4fb5-b43d-598a34f40ade-4160", "study_name": "ANN", "directions": [1]}
{"op_code": 0, "worker_id": "99588c34-bc43-431e-b339-3ee683cb0ccd-4160", "study_name": "ANN", "directions": [1]}
{"op_code": 0, "worker_id": "a68c1890-5430-4069-ad69-e2ecc6264b2d-4160", "study_name": "ANN", "directions": [1]}
{"op_code": 0, "worker_id": "720232a1-4b2d-472a-a6a7-311555a14ad2-4160", "study_name": "ANN", "directions": [1]}
{"op_code": 0, "worker_id": "2e2ce33b-ee2c-4de1-82b1-7250a5498c7e-4160", "study_name": "ANN", "directions": [1]}
{"op_code": 0, "worker_id": "99e38ec6-b9c0-4d20-affb-236e18a4348c-4160", "study_name": "ANN", "directions": [1]}
{"op_code": 0, "worker_id": "035e3e30-f473-4681-9536-c9434a98c459-4160", "study_name": "ANN", "directions": [1]}
{"op_code": 0, "worker_id": "4fc48df0-8d55-4abd-8d3b-c418eda80444-4160", "study_name": "ANN", "directions": [1]}
{"op_code": 0, "worker_id": "75d32795-82a5-4ad9-8bd1-53ef6344abc8-4160", "study_name": "ANN", "directions": [1]}
{"op_code": 0, "worker_id": "f754b53f-378d-41d0-9b38-a5ff0a87d598-4160", "study_name": "ANN", "directions": [1]}
{"op_code": 0, "worker_id": "e3a3a9e1-2090-417c-8c44-1ad89070a3a3-4160", "study_name": "ANN", "directions": [1]}
{"op_code": 0, "worker_id": "7b26b8cc-4a1e-4dcf-ac8f-774215d76950-4160", "study_name": "ANN", "directions": [1]}
{"op_code": 0, "worker_id": "2c99eaa8-74c8-4621-ba62-336469626063-4160", "study_name": "ANN", "directions": [1]}
{"op_code": 0, "worker_id": "4e1b9aa5-2938-4214-9c1c-598ed073ea89-4160", "study_name": "ANN", "directions": [1]}
{"op_code": 0, "worker_id": "2fe23ea4-c5e7-4f9b-bed5-9bc7373c3362-4160", "study_name": "ANN", "directions": [1]}
{"op_code": 0, "worker_id": "64a86367-8919-4baf-aa9b-fb4778fe9ba3-4160", "study_name": "ANN", "directions": [1]}
{"op_code": 0, "worker_id": "375e058c-5501-427c-9abc-e41e9be33740-4160", "study_name": "ANN", "directions": [1]}
{"op_code": 0, "worker_id": "f86457e6-280d-4e91-a7c0-97d0c76e19d6-4160", "study_name": "ANN", "directions": [1]}
{"op_code": 0, "worker_id": "961db22e-98b6-457a-abef-e8e27dc2c1a4-4160", "study_name": "ANN", "directions": [1]}
{"op_code": 0, "worker_id": "28769f3b-8a28-4bb8-bda2-56803457c8c3-4160", "study_name": "ANN", "directions": [1]}
{"op_code": 0, "worker_id": "b1dfb1cc-1956-47e3-806a-7027f426ae9a-4160", "study_name": "ANN", "directions": [1]}
{"op_code": 0, "worker_id": "db9aeea7-3820-4aaf-a871-653c53a2eec9-4160", "study_name": "ANN", "directions": [1]}
{"op_code": 0, "worker_id": "964f8ced-5066-47df-9bbe-0056eda9c2e5-4160", "study_name": "ANN", "directions": [1]}
{"op_code": 0, "worker_id": "549cfc35-af61-4ab0-b4df-31074e36a8d6-4160", "study_name": "ANN", "directions": [1]}
{"op_code": 0, "worker_id": "89f98f47-b918-44cb-86d3-8163fefcd39e-4160", "study_name": "ANN", "directions": [1]}
{"op_code": 0, "worker_id": "92a3e88c-a28a-47d2-9e01-5a618dc848bb-4160", "study_name": "ANN", "directions": [1]}
{"op_code": 0, "worker_id": "e4faf68e-1b9f-453f-b6cc-22f5b49c07db-4160", "study_name": "ANN", "directions": [1]}
{"op_code": 0, "worker_id": "6299de95-eb82-4fee-9b51-78833f24cc25-4160", "study_name": "ANN", "directions": [1]}
{"op_code": 0, "worker_id": "c4db4aba-2bae-4e95-af13-0d55ddda7263-4160", "study_name": "ANN", "directions": [1]}
{"op_code": 0, "worker_id": "91dfea43-311e-47b9-9769-724f85beda23-4160", "study_name": "ANN", "directions": [1]}
{"op_code": 0, "worker_id": "1c460937-362e-4019-ba8c-f0f843e20838-4160", "study_name": "ANN", "directions": [1]}
{"op_code": 0, "worker_id": "474fd221-00ee-4307-b267-2823af401de4-4160", "study_name": "ANN", "directions": [1]}
{"op_code": 0, "worker_id": "7810abb6-cb84-4220-916c-a3c0c5ecd6d1-4160", "study_name": "ANN", "directions": [1]}
{"op_code": 0, "worker_id": "543ed338-45b9-48eb-a2b1-268a7c5f2d92-4160", "study_name": "ANN", "directions": [1]}
{"op_code": 0, "worker_id": "664c73da-e972-49cd-8c4c-f26fe7b0ffca-4160", "study_name": "ANN", "directions": [1]}
{"op_code": 0, "worker_id": "69471040-efcc-468c-a7b5-e708f1f545c0-4160", "study_name": "ANN", "directions": [1]}
{"op_code": 0, "worker_id": "42b1e940-b2da-4fa1-9209-2db698b7d613-4160", "study_name": "ANN", "directions": [1]}
{"op_code": 0, "worker_id": "87d79fe8-02fd-4b18-a031-6df76dd790d6-4160", "study_name": "ANN", "directions": [1]}
{"op_code": 0, "worker_id": "fd84f092-0287-4f16-b925-87f54009a7c8-4160", "study_name": "ANN", "directions": [1]}
{"op_code": 0, "worker_id": "732dc300-708b-4eae-965b-4cc258c444f4-4160", "study_name": "ANN", "directions": [1]}
{"op_code": 0, "worker_id": "c610448f-03bc-4c6b-ab73-2249bbe4e9c8-4160", "study_name": "ANN", "directions": [1]}
{"op_code": 0, "worker_id": "f2ebcf05-3667-4122-9e5e-35570ef4b93d-4160", "study_name": "ANN", "directions": [1]}
{"op_code": 0, "worker_id": "0597d5d5-59b8-448b-b25d-708a9f9d542d-4160", "study_name": "ANN", "directions": [1]}
{"op_code": 0, "worker_id": "abedfa5e-1ac7-45ea-bc8c-bc2f3ba9f638-4160", "study_name": "ANN", "directions": [1]}
{"op_code": 0, "worker_id": "7ff2a06a-ed9c-4c40-91c8-a866058e30c5-4160", "study_name": "ANN", "directions": [1]}
{"op_code": 0, "worker_id": "ae82989f-f22a-47e0-86e4-6592bc4c836c-4160", "study_name": "ANN", "directions": [1]}
{"op_code": 0, "worker_id": "5ed34fe1-b5d7-4872-85b3-2814f01e2d91-4160", "study_name": "ANN", "directions": [1]}
{"op_code": 0, "worker_id": "00067be0-9b77-4c2f-a418-4c96e66a4cf6-4160", "study_name": "ANN", "directions": [1]}
{"op_code": 0, "worker_id": "7701dd38-02a9-4e5b-8041-4e9991163786-4160", "study_name": "ANN", "directions": [1]}
{"op_code": 0, "worker_id": "aeb65ba6-dbdd-4fcf-9f13-5493d0e20e30-4160", "study_name": "ANN", "directions": [1]}
{"op_code": 0, "worker_id": "100df02d-e623-4e8c-b1b7-21e7c9a19c9d-4160", "study_name": "ANN", "directions": [1]}
{"op_code": 0, "worker_id": "2cd2e4a8-8b1b-4c2f-839c-817d1075e008-4160", "study_name": "ANN", "directions": [1]}
{"op_code": 0, "worker_id": "49a07f7c-1a58-4f50-aee0-929251a84708-4160", "study_name": "ANN", "directions": [1]}
{"op_code": 0, "worker_id": "e3bde19a-c31f-41f9-9eb0-384e7852bced-4160", "study_name": "ANN", "directions": [1]}
{"op_code": 0, "worker_id": "b163fb83-69b1-4aa1-a380-4a41ffffaa6f-4160", "study_name": "ANN", "directions": [1]}
{"op_code": 0, "worker_id": "231d2d33-a175-40eb-9ee1-237324db604c-4160", "study_name": "ANN", "directions": [1]}
{"op_code": 0, "worker_id": "1cd8594f-f1f3-4b6f-838f-1654f268a0d1-4160", "study_name": "ANN", "directions": [1]}
{"op_code": 0, "worker_id": "b61de3a2-5dfb-40e3-bba6-f93543fb1ad6-4160", "study_name": "ANN", "directions": [1]}
{"op_code": 0, "worker_id": "0d908848-4f41-428c-b425-5f86133bb98b-4160", "study_name": "ANN", "directions": [1]}
{"op_code": 0, "worker_id": "32831719-0a0c-4547-94b4-9946f0b5fd92-4160", "study_name": "ANN", "directions": [1]}
{"op_code": 0, "worker_id": "b0d47ebe-a6c1-428c-8227-c293e25b2c89-4160", "study_name": "ANN", "directions": [1]}
{"op_code": 0, "worker_id": "23c26c64-7c50-4e6b-8646-f13c44022263-4160", "study_name": "ANN", "directions": [1]}
{"op_code": 0, "worker_id": "493ed81a-ffbd-4f44-be5c-487efb552a69-4160", "study_name": "ANN", "directions": [1]}
{"op_code": 0, "worker_id": "8ba45d95-a824-4e6a-83b8-f0c5f5fb5d94-4160", "study_name": "ANN", "directions": [1]}
{"op_code": 0, "worker_id": "2fb045be-93de-44bd-82e7-476eb6ab9678-4160", "study_name": "ANN", "directions": [1]}
{"op_code": 0, "worker_id": "c287ace0-9917-4be2-a9e6-7e75ed2e4c48-4160", "study_name": "ANN", "directions": [1]}
{"op_code": 0, "worker_id": "db4c1d69-0121-4175-8a47-3912a378ef94-4160", "study_name": "ANN", "directions": [1]}
{"op_code": 0, "worker_id": "ac2dfe90-1d50-4c3c-9665-f5e9dd1f1c5a-4160", "study_name": "ANN", "directions": [1]}
{"op_code": 0, "worker_id": "45d322c8-3eda-42bb-ab0c-21d2f6d49eb6-4160", "study_name": "ANN", "directions": [1]}
{"op_code": 0, "worker_id": "17da817f-cb8b-495b-ba39-7d2760e64e61-4160", "study_name": "ANN", "directions": [1]}
{"op_code": 0, "worker_id": "f26b9282-8ad7-4694-b580-5b6c3265625d-4160", "study_name": "ANN", "directions": [1]}
{"op_code": 0, "worker_id": "eebd8152-c49d-4b6d-85df-6dfe8a11037d-4160", "study_name": "ANN", "directions": [1]}
{"op_code": 0, "worker_id": "825a4a07-6c62-4505-9b3e-f80f103d91ab-4160", "study_name": "ANN", "directions": [1]}
{"op_code": 0, "worker_id": "fc5f4bbe-c433-454d-88fc-7cca35268788-4160", "study_name": "ANN", "directions": [1]}
{"op_code": 0, "worker_id": "4113f99a-75dd-4fd0-8f10-12fc19479a30-4160", "study_name": "ANN", "directions": [1]}
{"op_code": 0, "worker_id": "dc8b9108-19cc-4403-af9f-2d4d851e4f3a-4160", "study_name": "ANN", "directions": [1]}
{"op_code": 0, "worker_id": "01fc7f49-9d68-4911-aedd-4446a102a8b2-4160", "study_name": "ANN", "directions": [1]}
{"op_code": 0, "worker_id": "7d4a9799-364a-40a8-94bb-75c27fa3bab1-4160", "study_name": "ANN", "directions": [1]}
{"op_code": 0, "worker_id": "e6232b83-6629-4236-8828-b9ce258f2b22-4160", "study_name": "ANN", "directions": [1]}
{"op_code": 0, "worker_id": "d59166b1-40b5-488b-8fa7-be35bdc0e64c-4160", "study_name": "ANN", "directions": [1]}
{"op_code": 0, "worker_id": "824f59d3-074f-484c-b9ac-7ddabd3d1479-4160", "study_name": "ANN", "directions": [1]}
{"op_code": 0, "worker_id": "4711295e-eca9-44af-ad83-c472df881e8c-4160", "study_name": "ANN", "directions": [1]}
{"op_code": 0, "worker_id": "11b99eb1-224d-4299-8e76-e5ec7f8b4a53-4160", "study_name": "ANN", "directions": [1]}
{"op_code": 0, "worker_id": "7fa55f72-d53f-4d1c-832a-4915284e3ead-4160", "study_name": "ANN", "directions": [1]}
{"op_code": 0, "worker_id": "24885506-af5f-4f7f-91b0-c8c809a05e36-4160", "study_name": "ANN", "directions": [1]}
{"op_code": 0, "worker_id": "231a449f-b744-4edc-8992-de4f89ce88e2-4160", "study_name": "ANN", "directions": [1]}
{"op_code": 0, "worker_id": "99984f51-cdc5-4e08-a4f4-480589f69d3a-4160", "study_name": "ANN", "directions": [1]}
{"op_code": 0, "worker_id": "9fbb6bb6-0763-4996-abc6-de14d3d3b96a-4160", "study_name": "ANN", "directions": [1]}
{"op_code": 0, "worker_id": "700275ab-38de-49d7-aad8-080b6c2fe7ed-4160", "study_name": "ANN", "directions": [1]}
{"op_code": 0, "worker_id": "aaf7fe5c-cfd9-4669-ba09-d1391a537aa9-4160", "study_name": "ANN", "directions": [1]}
{"op_code": 0, "worker_id": "dc132cec-5a1e-43d7-8641-2184613e562f-4160", "study_name": "ANN", "directions": [1]}
{"op_code": 0, "worker_id": "a203244e-5dfa-4de2-9cbc-68d4176c73f0-4160", "study_name": "ANN", "directions": [1]}
{"op_code": 0, "worker_id": "73c7b0a1-35c9-4f6e-8d6d-f20d348bb638-4160", "study_name": "ANN", "directions": [1]}
{"op_code": 0, "worker_id": "135132e3-6714-4319-a3d6-afc89070c8e1-4160", "study_name": "ANN", "directions": [1]}
{"op_code": 0, "worker_id": "1e1a35e4-59f9-4283-9bbc-5bf027a80718-4160", "study_name": "ANN", "directions": [1]}
{"op_code": 0, "worker_id": "c36951cc-46f6-43e2-b174-012358d3b37b-4160", "study_name": "ANN", "directions": [1]}
{"op_code": 0, "worker_id": "d3526d37-5529-4db3-8525-511757bd10d5-4160", "study_name": "ANN", "directions": [1]}
{"op_code": 0, "worker_id": "1688b899-78e6-4f65-b03c-4fb6d91eef35-4160", "study_name": "ANN", "directions": [1]}
{"op_code": 0, "worker_id": "d62b88f5-5593-447d-a5f6-a18fca4bf29f-4160", "study_name": "ANN", "directions": [1]}
{"op_code": 0, "worker_id": "27972822-da7e-4caa-8138-5c47f3555173-4160", "study_name": "ANN", "directions": [1]}
{"op_code": 0, "worker_id": "aa63a312-5685-4980-bab8-6340eaa8871b-4160", "study_name": "ANN", "directions": [1]}
{"op_code": 0, "worker_id": "34d4a428-c9c1-4a89-91e5-6c8cde2cb063-4160", "study_name": "ANN", "directions": [1]}
{"op_code": 0, "worker_id": "91850e39-3bb8-4d65-8a0e-fc5c076971b8-4160", "study_name": "ANN", "directions": [1]}
{"op_code": 0, "worker_id": "681e08d1-277b-416a-9f9a-3a4d5409f76c-4160", "study_name": "ANN", "directions": [1]}
{"op_code": 0, "worker_id": "ce3f1e93-f3e7-4a9c-a42c-fa79662d36cf-4160", "study_name": "ANN", "directions": [1]}
{"op_code": 0, "worker_id": "99c4e4e3-510b-4579-bb50-8af317f6b8ac-4160", "study_name": "ANN", "directions": [1]}
{"op_code": 0, "worker_id": "04593618-d85b-476b-a863-12debaff6854-4160", "study_name": "ANN", "directions": [1]}
{"op_code": 0, "worker_id": "d03edf4a-6c7b-47b3-8e75-3c3dd77714ce-4160", "study_name": "ANN", "directions": [1]}
{"op_code": 0, "worker_id": "bb377b4e-28a0-4a47-92d6-7a443e7633a6-4160", "study_name": "ANN", "directions": [1]}
{"op_code": 0, "worker_id": "c2254619-82e0-4bb7-ac1f-3bf71333d1bc-4160", "study_name": "ANN", "directions": [1]}
{"op_code": 0, "worker_id": "b46f00db-f822-41e6-9295-7dcd7a1cb345-4160", "study_name": "ANN", "directions": [1]}
{"op_code": 0, "worker_id": "177b844d-9b6b-435a-ae96-cd7ed3b7634b-4160", "study_name": "ANN", "directions": [1]}
{"op_code": 0, "worker_id": "48383410-60d3-4ef1-afb5-b6257a98e622-4160", "study_name": "ANN", "directions": [1]}
{"op_code": 0, "worker_id": "4ba626a5-0243-48da-bd19-fb0a13b8a113-4160", "study_name": "ANN", "directions": [1]}
{"op_code": 0, "worker_id": "d375b10e-a39b-44a2-9c83-7d82264fcb41-4160", "study_name": "ANN", "directions": [1]}
{"op_code": 0, "worker_id": "6de92be4-2590-4459-8497-d107934651ae-4160", "study_name": "ANN", "directions": [1]}
{"op_code": 0, "worker_id": "be6be548-f75b-41be-a564-6c74b97407b4-4160", "study_name": "ANN", "directions": [1]}
{"op_code": 0, "worker_id": "979de25e-b0f2-4ccb-a84c-285a67e0c011-4160", "study_name": "ANN", "directions": [1]}
{"op_code": 0, "worker_id": "83415e0a-f372-4ec4-b123-63cff411cbc3-4160", "study_name": "ANN", "directions": [1]}
{"op_code": 0, "worker_id": "66d5528e-7a9d-4c27-86a0-f60b2987ab3f-4160", "study_name": "ANN", "directions": [1]}
{"op_code": 0, "worker_id": "692e77c9-35cd-49aa-8541-1ad541751fea-4160", "study_name": "ANN", "directions": [1]}
{"op_code": 0, "worker_id": "8ae56429-3354-4136-9d6d-d0556ac38faf-4160", "study_name": "ANN", "directions": [1]}
{"op_code": 0, "worker_id": "e5d459e5-2722-4d8b-9434-11c4fdabeb4e-4160", "study_name": "ANN", "directions": [1]}
{"op_code": 0, "worker_id": "39c2ef49-4604-4a7b-b28b-a1396325f771-4160", "study_name": "ANN", "directions": [1]}
{"op_code": 0, "worker_id": "e9fbdd5a-aaa3-4026-860e-31ce52477d45-4160", "study_name": "ANN", "directions": [1]}
{"op_code": 0, "worker_id": "6fd689c1-9c01-4bb5-9137-e4c16aada4a1-4160", "study_name": "ANN", "directions": [1]}
{"op_code": 0, "worker_id": "66cd9821-ca57-4ee6-93ca-fda0a2c7ee3c-4160", "study_name": "ANN", "directions": [1]}
{"op_code": 0, "worker_id": "61315989-b3cd-450e-aa6a-0e9d129806d8-4160", "study_name": "ANN", "directions": [1]}
