{"op_code": 0, "worker_id": "613a8594-362c-43a5-8ea0-ba4e85b06ae3-47279818202944", "study_name": "GB", "directions": [1]}
{"op_code": 4, "worker_id": "613a8594-362c-43a5-8ea0-ba4e85b06ae3-47280521058048", "study_id": 0, "datetime_start": "2023-11-07T17:13:14.429651"}
{"op_code": 5, "worker_id": "613a8594-362c-43a5-8ea0-ba4e85b06ae3-47280521058048", "trial_id": 0, "param_name": "n_estimators", "param_value_internal": 3, "distribution": "{\"name\": \"CategoricalDistribution\", \"attributes\": {\"choices\": [10, 20, 50, 200, 500]}}"}
{"op_code": 5, "worker_id": "613a8594-362c-43a5-8ea0-ba4e85b06ae3-47280521058048", "trial_id": 0, "param_name": "learning_rate", "param_value_internal": 0.7660083851839258, "distribution": "{\"name\": \"FloatDistribution\", \"attributes\": {\"step\": null, \"low\": 0.005, \"high\": 1.0, \"log\": false}}"}
{"op_code": 5, "worker_id": "613a8594-362c-43a5-8ea0-ba4e85b06ae3-47280521058048", "trial_id": 0, "param_name": "max_depth", "param_value_internal": 1, "distribution": "{\"name\": \"CategoricalDistribution\", \"attributes\": {\"choices\": [1, 2, 3, 4, 5]}}"}
{"op_code": 6, "worker_id": "613a8594-362c-43a5-8ea0-ba4e85b06ae3-47280521058048", "trial_id": 0, "state": 1, "values": [0.24672625219284874], "datetime_complete": "2023-11-07T17:13:21.641610"}
{"op_code": 0, "worker_id": "72706f10-e012-4981-a8cd-dc737e2e4006-47279818202944", "study_name": "GB", "directions": [1]}
{"op_code": 4, "worker_id": "72706f10-e012-4981-a8cd-dc737e2e4006-47280521058048", "study_id": 0, "datetime_start": "2023-11-07T17:20:00.039737"}
{"op_code": 5, "worker_id": "72706f10-e012-4981-a8cd-dc737e2e4006-47280521058048", "trial_id": 1, "param_name": "n_estimators", "param_value_internal": 4, "distribution": "{\"name\": \"CategoricalDistribution\", \"attributes\": {\"choices\": [10, 20, 50, 200, 500]}}"}
{"op_code": 5, "worker_id": "72706f10-e012-4981-a8cd-dc737e2e4006-47280521058048", "trial_id": 1, "param_name": "learning_rate", "param_value_internal": 0.5665454316153853, "distribution": "{\"name\": \"FloatDistribution\", \"attributes\": {\"step\": null, \"low\": 0.005, \"high\": 1.0, \"log\": false}}"}
{"op_code": 5, "worker_id": "72706f10-e012-4981-a8cd-dc737e2e4006-47280521058048", "trial_id": 1, "param_name": "max_depth", "param_value_internal": 3, "distribution": "{\"name\": \"CategoricalDistribution\", \"attributes\": {\"choices\": [1, 2, 3, 4, 5]}}"}
{"op_code": 6, "worker_id": "72706f10-e012-4981-a8cd-dc737e2e4006-47280521058048", "trial_id": 1, "state": 1, "values": [0.2472876120573936], "datetime_complete": "2023-11-07T17:20:07.275405"}
{"op_code": 0, "worker_id": "2d5877e8-4ec9-4286-bc12-a9f066caca02-47279818202944", "study_name": "GB", "directions": [1]}
{"op_code": 4, "worker_id": "2d5877e8-4ec9-4286-bc12-a9f066caca02-47280521058048", "study_id": 0, "datetime_start": "2023-11-07T17:26:49.357520"}
{"op_code": 5, "worker_id": "2d5877e8-4ec9-4286-bc12-a9f066caca02-47280521058048", "trial_id": 2, "param_name": "n_estimators", "param_value_internal": 3, "distribution": "{\"name\": \"CategoricalDistribution\", \"attributes\": {\"choices\": [10, 20, 50, 200, 500]}}"}
{"op_code": 5, "worker_id": "2d5877e8-4ec9-4286-bc12-a9f066caca02-47280521058048", "trial_id": 2, "param_name": "learning_rate", "param_value_internal": 0.9541977913550788, "distribution": "{\"name\": \"FloatDistribution\", \"attributes\": {\"step\": null, \"low\": 0.005, \"high\": 1.0, \"log\": false}}"}
{"op_code": 5, "worker_id": "2d5877e8-4ec9-4286-bc12-a9f066caca02-47280521058048", "trial_id": 2, "param_name": "max_depth", "param_value_internal": 3, "distribution": "{\"name\": \"CategoricalDistribution\", \"attributes\": {\"choices\": [1, 2, 3, 4, 5]}}"}
{"op_code": 6, "worker_id": "2d5877e8-4ec9-4286-bc12-a9f066caca02-47280521058048", "trial_id": 2, "state": 1, "values": [0.2474531746381172], "datetime_complete": "2023-11-07T17:26:56.550865"}
{"op_code": 0, "worker_id": "15fd4094-a3df-43db-ac79-b826ad238b5f-47279818202944", "study_name": "GB", "directions": [1]}
{"op_code": 4, "worker_id": "15fd4094-a3df-43db-ac79-b826ad238b5f-47280521058048", "study_id": 0, "datetime_start": "2023-11-07T17:33:38.127795"}
{"op_code": 5, "worker_id": "15fd4094-a3df-43db-ac79-b826ad238b5f-47280521058048", "trial_id": 3, "param_name": "n_estimators", "param_value_internal": 3, "distribution": "{\"name\": \"CategoricalDistribution\", \"attributes\": {\"choices\": [10, 20, 50, 200, 500]}}"}
{"op_code": 5, "worker_id": "15fd4094-a3df-43db-ac79-b826ad238b5f-47280521058048", "trial_id": 3, "param_name": "learning_rate", "param_value_internal": 0.05683047247985523, "distribution": "{\"name\": \"FloatDistribution\", \"attributes\": {\"step\": null, \"low\": 0.005, \"high\": 1.0, \"log\": false}}"}
{"op_code": 5, "worker_id": "15fd4094-a3df-43db-ac79-b826ad238b5f-47280521058048", "trial_id": 3, "param_name": "max_depth", "param_value_internal": 1, "distribution": "{\"name\": \"CategoricalDistribution\", \"attributes\": {\"choices\": [1, 2, 3, 4, 5]}}"}
{"op_code": 6, "worker_id": "15fd4094-a3df-43db-ac79-b826ad238b5f-47280521058048", "trial_id": 3, "state": 1, "values": [0.246420959556766], "datetime_complete": "2023-11-07T17:33:45.403662"}
{"op_code": 0, "worker_id": "b5c5b2cd-e162-43c7-8262-2756cd5b007d-47817365380928", "study_name": "GB", "directions": [1]}
{"op_code": 4, "worker_id": "b5c5b2cd-e162-43c7-8262-2756cd5b007d-47818068719360", "study_id": 0, "datetime_start": "2023-11-14T15:01:19.157598"}
{"op_code": 5, "worker_id": "b5c5b2cd-e162-43c7-8262-2756cd5b007d-47818068719360", "trial_id": 4, "param_name": "n_estimators", "param_value_internal": 0, "distribution": "{\"name\": \"CategoricalDistribution\", \"attributes\": {\"choices\": [10, 20, 50, 200, 500]}}"}
{"op_code": 5, "worker_id": "b5c5b2cd-e162-43c7-8262-2756cd5b007d-47818068719360", "trial_id": 4, "param_name": "learning_rate", "param_value_internal": 0.8015759844523278, "distribution": "{\"name\": \"FloatDistribution\", \"attributes\": {\"step\": null, \"low\": 0.005, \"high\": 1.0, \"log\": false}}"}
{"op_code": 5, "worker_id": "b5c5b2cd-e162-43c7-8262-2756cd5b007d-47818068719360", "trial_id": 4, "param_name": "max_depth", "param_value_internal": 0, "distribution": "{\"name\": \"CategoricalDistribution\", \"attributes\": {\"choices\": [1, 2, 3, 4, 5]}}"}
{"op_code": 6, "worker_id": "b5c5b2cd-e162-43c7-8262-2756cd5b007d-47818068719360", "trial_id": 4, "state": 1, "values": [0.2480153051743199], "datetime_complete": "2023-11-14T15:01:26.362179"}
{"op_code": 0, "worker_id": "ca14af6d-688e-4c49-acda-e45b92727efe-47817365380928", "study_name": "GB", "directions": [1]}
{"op_code": 4, "worker_id": "ca14af6d-688e-4c49-acda-e45b92727efe-47818068719360", "study_id": 0, "datetime_start": "2023-11-14T15:07:52.338059"}
{"op_code": 5, "worker_id": "ca14af6d-688e-4c49-acda-e45b92727efe-47818068719360", "trial_id": 5, "param_name": "n_estimators", "param_value_internal": 0, "distribution": "{\"name\": \"CategoricalDistribution\", \"attributes\": {\"choices\": [10, 20, 50, 200, 500]}}"}
{"op_code": 5, "worker_id": "ca14af6d-688e-4c49-acda-e45b92727efe-47818068719360", "trial_id": 5, "param_name": "learning_rate", "param_value_internal": 0.27406469345904233, "distribution": "{\"name\": \"FloatDistribution\", \"attributes\": {\"step\": null, \"low\": 0.005, \"high\": 1.0, \"log\": false}}"}
{"op_code": 5, "worker_id": "ca14af6d-688e-4c49-acda-e45b92727efe-47818068719360", "trial_id": 5, "param_name": "max_depth", "param_value_internal": 2, "distribution": "{\"name\": \"CategoricalDistribution\", \"attributes\": {\"choices\": [1, 2, 3, 4, 5]}}"}
{"op_code": 6, "worker_id": "ca14af6d-688e-4c49-acda-e45b92727efe-47818068719360", "trial_id": 5, "state": 1, "values": [0.24732961625130326], "datetime_complete": "2023-11-14T15:07:59.536451"}
{"op_code": 0, "worker_id": "663ec189-10cf-47f1-aa2c-daca3f9464fc-47817365380928", "study_name": "GB", "directions": [1]}
{"op_code": 4, "worker_id": "663ec189-10cf-47f1-aa2c-daca3f9464fc-47818068719360", "study_id": 0, "datetime_start": "2023-11-14T15:14:27.887437"}
{"op_code": 5, "worker_id": "663ec189-10cf-47f1-aa2c-daca3f9464fc-47818068719360", "trial_id": 6, "param_name": "n_estimators", "param_value_internal": 1, "distribution": "{\"name\": \"CategoricalDistribution\", \"attributes\": {\"choices\": [10, 20, 50, 200, 500]}}"}
{"op_code": 5, "worker_id": "663ec189-10cf-47f1-aa2c-daca3f9464fc-47818068719360", "trial_id": 6, "param_name": "learning_rate", "param_value_internal": 0.43885437551362383, "distribution": "{\"name\": \"FloatDistribution\", \"attributes\": {\"step\": null, \"low\": 0.005, \"high\": 1.0, \"log\": false}}"}
{"op_code": 5, "worker_id": "663ec189-10cf-47f1-aa2c-daca3f9464fc-47818068719360", "trial_id": 6, "param_name": "max_depth", "param_value_internal": 3, "distribution": "{\"name\": \"CategoricalDistribution\", \"attributes\": {\"choices\": [1, 2, 3, 4, 5]}}"}
{"op_code": 6, "worker_id": "663ec189-10cf-47f1-aa2c-daca3f9464fc-47818068719360", "trial_id": 6, "state": 1, "values": [0.2482454074864874], "datetime_complete": "2023-11-14T15:14:35.094712"}
{"op_code": 0, "worker_id": "101176b7-3afa-4c02-9183-37728d297723-47817365380928", "study_name": "GB", "directions": [1]}
{"op_code": 4, "worker_id": "101176b7-3afa-4c02-9183-37728d297723-47818068719360", "study_id": 0, "datetime_start": "2023-11-14T15:21:05.289264"}
{"op_code": 5, "worker_id": "101176b7-3afa-4c02-9183-37728d297723-47818068719360", "trial_id": 7, "param_name": "n_estimators", "param_value_internal": 0, "distribution": "{\"name\": \"CategoricalDistribution\", \"attributes\": {\"choices\": [10, 20, 50, 200, 500]}}"}
{"op_code": 5, "worker_id": "101176b7-3afa-4c02-9183-37728d297723-47818068719360", "trial_id": 7, "param_name": "learning_rate", "param_value_internal": 0.45086166100561703, "distribution": "{\"name\": \"FloatDistribution\", \"attributes\": {\"step\": null, \"low\": 0.005, \"high\": 1.0, \"log\": false}}"}
{"op_code": 5, "worker_id": "101176b7-3afa-4c02-9183-37728d297723-47818068719360", "trial_id": 7, "param_name": "max_depth", "param_value_internal": 3, "distribution": "{\"name\": \"CategoricalDistribution\", \"attributes\": {\"choices\": [1, 2, 3, 4, 5]}}"}
{"op_code": 6, "worker_id": "101176b7-3afa-4c02-9183-37728d297723-47818068719360", "trial_id": 7, "state": 1, "values": [0.24716888069736784], "datetime_complete": "2023-11-14T15:21:12.768823"}
