{"op_code": 0, "worker_id": "72920c4b-a381-42f6-b886-5321d4978e6e-47279818202944", "study_name": "KRR", "directions": [1]}
{"op_code": 4, "worker_id": "72920c4b-a381-42f6-b886-5321d4978e6e-47280521058048", "study_id": 0, "datetime_start": "2023-11-07T17:13:13.586548"}
{"op_code": 5, "worker_id": "72920c4b-a381-42f6-b886-5321d4978e6e-47280521058048", "trial_id": 0, "param_name": "alpha", "param_value_internal": 0.4903821590647229, "distribution": "{\"name\": \"FloatDistribution\", \"attributes\": {\"step\": null, \"low\": 0.0001, \"high\": 1.0, \"log\": false}}"}
{"op_code": 5, "worker_id": "72920c4b-a381-42f6-b886-5321d4978e6e-47280521058048", "trial_id": 0, "param_name": "gamma", "param_value_internal": 3.1238461951248353e-16, "distribution": "{\"name\": \"FloatDistribution\", \"attributes\": {\"step\": null, \"low\": 0.0, \"high\": 1e-14, \"log\": false}}"}
{"op_code": 5, "worker_id": "72920c4b-a381-42f6-b886-5321d4978e6e-47280521058048", "trial_id": 0, "param_name": "kernel", "param_value_internal": 0, "distribution": "{\"name\": \"CategoricalDistribution\", \"attributes\": {\"choices\": [\"linear\", \"laplacian\", \"rbf\"]}}"}
{"op_code": 6, "worker_id": "72920c4b-a381-42f6-b886-5321d4978e6e-47280521058048", "trial_id": 0, "state": 1, "values": [0.24991403801892834], "datetime_complete": "2023-11-07T17:13:14.413951"}
{"op_code": 0, "worker_id": "143096d8-757f-42b8-b146-54c033c55b38-47279818202944", "study_name": "KRR", "directions": [1]}
{"op_code": 4, "worker_id": "143096d8-757f-42b8-b146-54c033c55b38-47280521058048", "study_id": 0, "datetime_start": "2023-11-07T17:19:59.181683"}
{"op_code": 5, "worker_id": "143096d8-757f-42b8-b146-54c033c55b38-47280521058048", "trial_id": 1, "param_name": "alpha", "param_value_internal": 0.5495141186336086, "distribution": "{\"name\": \"FloatDistribution\", \"attributes\": {\"step\": null, \"low\": 0.0001, \"high\": 1.0, \"log\": false}}"}
{"op_code": 5, "worker_id": "143096d8-757f-42b8-b146-54c033c55b38-47280521058048", "trial_id": 1, "param_name": "gamma", "param_value_internal": 1.5186774917822509e-15, "distribution": "{\"name\": \"FloatDistribution\", \"attributes\": {\"step\": null, \"low\": 0.0, \"high\": 1e-14, \"log\": false}}"}
{"op_code": 5, "worker_id": "143096d8-757f-42b8-b146-54c033c55b38-47280521058048", "trial_id": 1, "param_name": "kernel", "param_value_internal": 0, "distribution": "{\"name\": \"CategoricalDistribution\", \"attributes\": {\"choices\": [\"linear\", \"laplacian\", \"rbf\"]}}"}
{"op_code": 6, "worker_id": "143096d8-757f-42b8-b146-54c033c55b38-47280521058048", "trial_id": 1, "state": 1, "values": [0.2501594990875768], "datetime_complete": "2023-11-07T17:20:00.024700"}
{"op_code": 0, "worker_id": "986ffe31-1573-4072-b4d8-d2ad143e1f1e-47279818202944", "study_name": "KRR", "directions": [1]}
{"op_code": 4, "worker_id": "986ffe31-1573-4072-b4d8-d2ad143e1f1e-47280521058048", "study_id": 0, "datetime_start": "2023-11-07T17:26:48.489540"}
{"op_code": 5, "worker_id": "986ffe31-1573-4072-b4d8-d2ad143e1f1e-47280521058048", "trial_id": 2, "param_name": "alpha", "param_value_internal": 0.33253571277231586, "distribution": "{\"name\": \"FloatDistribution\", \"attributes\": {\"step\": null, \"low\": 0.0001, \"high\": 1.0, \"log\": false}}"}
{"op_code": 5, "worker_id": "986ffe31-1573-4072-b4d8-d2ad143e1f1e-47280521058048", "trial_id": 2, "param_name": "gamma", "param_value_internal": 4.29188624612981e-15, "distribution": "{\"name\": \"FloatDistribution\", \"attributes\": {\"step\": null, \"low\": 0.0, \"high\": 1e-14, \"log\": false}}"}
{"op_code": 5, "worker_id": "986ffe31-1573-4072-b4d8-d2ad143e1f1e-47280521058048", "trial_id": 2, "param_name": "kernel", "param_value_internal": 1, "distribution": "{\"name\": \"CategoricalDistribution\", \"attributes\": {\"choices\": [\"linear\", \"laplacian\", \"rbf\"]}}"}
{"op_code": 6, "worker_id": "986ffe31-1573-4072-b4d8-d2ad143e1f1e-47280521058048", "trial_id": 2, "state": 1, "values": [0.25015149365447426], "datetime_complete": "2023-11-07T17:26:49.346939"}
{"op_code": 0, "worker_id": "8a1f2b1b-0fb0-41c9-9d53-3090095be383-47279818202944", "study_name": "KRR", "directions": [1]}
{"op_code": 4, "worker_id": "8a1f2b1b-0fb0-41c9-9d53-3090095be383-47280521058048", "study_id": 0, "datetime_start": "2023-11-07T17:33:36.545650"}
{"op_code": 5, "worker_id": "8a1f2b1b-0fb0-41c9-9d53-3090095be383-47280521058048", "trial_id": 3, "param_name": "alpha", "param_value_internal": 0.6123770193079472, "distribution": "{\"name\": \"FloatDistribution\", \"attributes\": {\"step\": null, \"low\": 0.0001, \"high\": 1.0, \"log\": false}}"}
{"op_code": 5, "worker_id": "8a1f2b1b-0fb0-41c9-9d53-3090095be383-47280521058048", "trial_id": 3, "param_name": "gamma", "param_value_internal": 3.077462766816964e-15, "distribution": "{\"name\": \"FloatDistribution\", \"attributes\": {\"step\": null, \"low\": 0.0, \"high\": 1e-14, \"log\": false}}"}
{"op_code": 5, "worker_id": "8a1f2b1b-0fb0-41c9-9d53-3090095be383-47280521058048", "trial_id": 3, "param_name": "kernel", "param_value_internal": 1, "distribution": "{\"name\": \"CategoricalDistribution\", \"attributes\": {\"choices\": [\"linear\", \"laplacian\", \"rbf\"]}}"}
{"op_code": 6, "worker_id": "8a1f2b1b-0fb0-41c9-9d53-3090095be383-47280521058048", "trial_id": 3, "state": 1, "values": [0.24966823113825587], "datetime_complete": "2023-11-07T17:33:38.114020"}
{"op_code": 0, "worker_id": "97165610-8a24-4a26-9053-79dfc625a62d-6556", "study_name": "KRR", "directions": [1]}
{"op_code": 0, "worker_id": "1f9f00c9-0f5f-48ea-a7c6-33522b2e167c-6556", "study_name": "KRR", "directions": [1]}
{"op_code": 0, "worker_id": "569c5e3d-262a-4831-88e4-45fe95ea3f68-6556", "study_name": "KRR", "directions": [1]}
{"op_code": 0, "worker_id": "aa95e3af-5ed3-461c-94e9-157840f652cb-6556", "study_name": "KRR", "directions": [1]}
{"op_code": 0, "worker_id": "47cc6f98-a471-416c-9fc0-8d98f95baf7f-6556", "study_name": "KRR", "directions": [1]}
{"op_code": 0, "worker_id": "4a390d8c-2d7e-4996-baca-87bce8a2a839-2012", "study_name": "KRR", "directions": [1]}
{"op_code": 0, "worker_id": "3cc8a4f8-7ee4-4f34-a23c-0ef5a13983c6-2012", "study_name": "KRR", "directions": [1]}
{"op_code": 0, "worker_id": "3b79ebbd-55f3-4367-87ee-9e9ad6b505e1-2012", "study_name": "KRR", "directions": [1]}
{"op_code": 0, "worker_id": "14770663-4918-4270-9ee6-93af5dd60041-2012", "study_name": "KRR", "directions": [1]}
{"op_code": 0, "worker_id": "e90f9631-aa39-410a-942d-f5c151e39932-2012", "study_name": "KRR", "directions": [1]}
{"op_code": 4, "worker_id": "4a390d8c-2d7e-4996-baca-87bce8a2a839-15632", "study_id": 0, "datetime_start": "2023-11-14T13:26:04.387753"}
{"op_code": 5, "worker_id": "4a390d8c-2d7e-4996-baca-87bce8a2a839-15632", "trial_id": 4, "param_name": "alpha", "param_value_internal": 0.5423871138806077, "distribution": "{\"name\": \"FloatDistribution\", \"attributes\": {\"step\": null, \"low\": 0.0001, \"high\": 1.0, \"log\": false}}"}
{"op_code": 5, "worker_id": "4a390d8c-2d7e-4996-baca-87bce8a2a839-15632", "trial_id": 4, "param_name": "gamma", "param_value_internal": 5.047144716247665e-15, "distribution": "{\"name\": \"FloatDistribution\", \"attributes\": {\"step\": null, \"low\": 0.0, \"high\": 1e-14, \"log\": false}}"}
{"op_code": 5, "worker_id": "4a390d8c-2d7e-4996-baca-87bce8a2a839-15632", "trial_id": 4, "param_name": "kernel", "param_value_internal": 0, "distribution": "{\"name\": \"CategoricalDistribution\", \"attributes\": {\"choices\": [\"linear\", \"laplacian\", \"rbf\"]}}"}
{"op_code": 6, "worker_id": "4a390d8c-2d7e-4996-baca-87bce8a2a839-15632", "trial_id": 4, "state": 1, "values": [0.24991251599392475], "datetime_complete": "2023-11-14T13:26:05.213049"}
{"op_code": 0, "worker_id": "9f20f142-7b60-4de0-81e0-deed734b7d76-4160", "study_name": "KRR", "directions": [1]}
{"op_code": 0, "worker_id": "9503c559-fb29-49f2-8152-0d543034b237-4160", "study_name": "KRR", "directions": [1]}
{"op_code": 0, "worker_id": "457c5d36-0b5e-434d-9d12-1f656006361f-4160", "study_name": "KRR", "directions": [1]}
{"op_code": 0, "worker_id": "fc5b5428-23c9-4849-b541-2ec554c45c87-4160", "study_name": "KRR", "directions": [1]}
{"op_code": 0, "worker_id": "3a20c63d-8269-4356-a648-415e6a2bbbec-4160", "study_name": "KRR", "directions": [1]}
{"op_code": 0, "worker_id": "a86f1990-9737-4959-959c-34db4e453385-4160", "study_name": "KRR", "directions": [1]}
{"op_code": 0, "worker_id": "3819975d-aae2-4833-9f05-0e66524992e3-4160", "study_name": "KRR", "directions": [1]}
{"op_code": 0, "worker_id": "f331c2b9-ff27-4a5f-a48b-ed5728109752-4160", "study_name": "KRR", "directions": [1]}
{"op_code": 0, "worker_id": "d6d415a2-f682-4846-b5bc-30b793d5762f-4160", "study_name": "KRR", "directions": [1]}
{"op_code": 0, "worker_id": "4cbc721f-404a-4f9a-bb46-f24e09473036-4160", "study_name": "KRR", "directions": [1]}
{"op_code": 0, "worker_id": "fe0a80a0-053e-4271-8e24-9e2eb4f96705-4160", "study_name": "KRR", "directions": [1]}
{"op_code": 0, "worker_id": "82d13a6c-0f6d-4fbf-ad51-1a4c42c64e4f-4160", "study_name": "KRR", "directions": [1]}
{"op_code": 0, "worker_id": "612eb061-02d8-4324-b024-5e2e8198b7f0-4160", "study_name": "KRR", "directions": [1]}
{"op_code": 0, "worker_id": "559ebc5f-860f-46cf-bae2-11e0c2fc82a0-4160", "study_name": "KRR", "directions": [1]}
{"op_code": 0, "worker_id": "ad67c2de-66ef-44f3-a6fc-7ab3d55e7d2d-4160", "study_name": "KRR", "directions": [1]}
{"op_code": 0, "worker_id": "2873e99e-5763-45a4-a95c-891d57ac1ef2-4160", "study_name": "KRR", "directions": [1]}
{"op_code": 0, "worker_id": "b1fd4162-7dc4-4a78-b5da-fd9a402bc9c4-4160", "study_name": "KRR", "directions": [1]}
{"op_code": 0, "worker_id": "2f08ecf2-2da9-436c-b104-1c6249822680-4160", "study_name": "KRR", "directions": [1]}
{"op_code": 0, "worker_id": "9cc2ef3a-a852-4e32-ae28-29850d240e67-4160", "study_name": "KRR", "directions": [1]}
{"op_code": 0, "worker_id": "fedcf8e3-1e05-42da-9aa0-95292f737fed-4160", "study_name": "KRR", "directions": [1]}
{"op_code": 0, "worker_id": "ba6c4947-2d47-4796-875e-85bd2d510d8d-4160", "study_name": "KRR", "directions": [1]}
{"op_code": 0, "worker_id": "df446e70-5bb1-4e2c-89a7-ad75cddf4da4-4160", "study_name": "KRR", "directions": [1]}
{"op_code": 0, "worker_id": "6ecafe33-3a44-48e7-9d7f-ea16b8d3217e-4160", "study_name": "KRR", "directions": [1]}
{"op_code": 0, "worker_id": "c8b12a04-a0f3-418e-aa98-c86069e34880-4160", "study_name": "KRR", "directions": [1]}
{"op_code": 0, "worker_id": "5d726e18-a088-486b-a7de-d5c413c5ee59-4160", "study_name": "KRR", "directions": [1]}
{"op_code": 0, "worker_id": "41a52b60-052b-4311-b73c-26bfdbbb7922-4160", "study_name": "KRR", "directions": [1]}
{"op_code": 0, "worker_id": "49f8a86a-04aa-4d66-af56-59aff49a62ca-4160", "study_name": "KRR", "directions": [1]}
{"op_code": 0, "worker_id": "b5ab7724-4d91-4ebe-9fb2-215294e3b101-4160", "study_name": "KRR", "directions": [1]}
{"op_code": 0, "worker_id": "8cdd1831-fedd-44a3-b1e9-22e927d0f626-4160", "study_name": "KRR", "directions": [1]}
{"op_code": 0, "worker_id": "605e352b-0733-425e-9ab1-a83602c12a5a-4160", "study_name": "KRR", "directions": [1]}
{"op_code": 0, "worker_id": "85f19f41-8612-47ac-947d-cecd0ceb254e-4160", "study_name": "KRR", "directions": [1]}
{"op_code": 0, "worker_id": "8a117ec4-2081-4679-bb45-107223819518-4160", "study_name": "KRR", "directions": [1]}
{"op_code": 0, "worker_id": "c6202464-79d3-49bf-baf4-ef48d6152604-4160", "study_name": "KRR", "directions": [1]}
{"op_code": 0, "worker_id": "c7a2f1f1-52f0-4fb3-a19e-42f2f2aed624-4160", "study_name": "KRR", "directions": [1]}
{"op_code": 0, "worker_id": "082390d6-0352-4e88-8730-97de7ba9e402-4160", "study_name": "KRR", "directions": [1]}
{"op_code": 0, "worker_id": "61da99ed-a87a-4f09-ba7b-8442bef8b77f-4160", "study_name": "KRR", "directions": [1]}
{"op_code": 0, "worker_id": "2ecd114e-b321-43c1-b30d-00b0a9339c5a-4160", "study_name": "KRR", "directions": [1]}
{"op_code": 0, "worker_id": "d3eef7ee-c405-4f42-a178-40c662b1837a-4160", "study_name": "KRR", "directions": [1]}
{"op_code": 0, "worker_id": "a9dc3244-db22-4741-97e5-d7522de66220-4160", "study_name": "KRR", "directions": [1]}
{"op_code": 0, "worker_id": "1a98de93-206c-45e2-bbda-9b46a33b5135-4160", "study_name": "KRR", "directions": [1]}
{"op_code": 0, "worker_id": "82be8328-8e0d-4885-8494-b59202bfa9b3-4160", "study_name": "KRR", "directions": [1]}
{"op_code": 0, "worker_id": "1880a5d1-d603-43cf-8450-1ee5d727cd4c-4160", "study_name": "KRR", "directions": [1]}
{"op_code": 0, "worker_id": "30913f9f-8172-442a-aedb-b4345c40e0c9-4160", "study_name": "KRR", "directions": [1]}
{"op_code": 0, "worker_id": "44961a3e-f2dc-4dda-b1f5-8f6b7022b855-4160", "study_name": "KRR", "directions": [1]}
{"op_code": 0, "worker_id": "c5b2a1bd-34a6-48a7-9e3f-1f903e4e0920-4160", "study_name": "KRR", "directions": [1]}
{"op_code": 0, "worker_id": "a1c2ac66-448e-44f1-bb64-6f7d0eaa5abb-4160", "study_name": "KRR", "directions": [1]}
{"op_code": 0, "worker_id": "dce42326-f9fe-4968-b7fa-127b48352246-4160", "study_name": "KRR", "directions": [1]}
{"op_code": 0, "worker_id": "58a1da9c-9c82-45d4-bff4-ddf79ecd20c4-4160", "study_name": "KRR", "directions": [1]}
{"op_code": 0, "worker_id": "414e4dd5-687a-4d23-b2e7-73d26dc00314-4160", "study_name": "KRR", "directions": [1]}
{"op_code": 0, "worker_id": "d3452051-352d-4dab-97f9-93e3b3215e6b-4160", "study_name": "KRR", "directions": [1]}
{"op_code": 0, "worker_id": "6d012686-191e-4d57-be87-ef089acae651-4160", "study_name": "KRR", "directions": [1]}
{"op_code": 0, "worker_id": "f68b0bea-7b63-40f1-a8bc-dcd0b98610d5-4160", "study_name": "KRR", "directions": [1]}
{"op_code": 0, "worker_id": "95cdc499-2843-4689-a847-07d7f4c00822-4160", "study_name": "KRR", "directions": [1]}
{"op_code": 0, "worker_id": "52441066-c076-4693-a364-8054f021797f-4160", "study_name": "KRR", "directions": [1]}
{"op_code": 0, "worker_id": "7e66c462-cc11-4ba6-aa0b-802f002c1245-4160", "study_name": "KRR", "directions": [1]}
{"op_code": 0, "worker_id": "693edcd7-f1aa-4bfb-bd91-4fb3ccba6988-4160", "study_name": "KRR", "directions": [1]}
{"op_code": 0, "worker_id": "106f8e51-f999-4e40-b53e-bbee1b74912d-4160", "study_name": "KRR", "directions": [1]}
{"op_code": 0, "worker_id": "bfe4d262-a61e-4a7b-98e2-1fce8b8e91da-4160", "study_name": "KRR", "directions": [1]}
{"op_code": 0, "worker_id": "b077ae8c-606b-49e7-b841-0ca72a995180-4160", "study_name": "KRR", "directions": [1]}
{"op_code": 0, "worker_id": "66452c39-4561-4e18-a12c-5debb39c76ff-4160", "study_name": "KRR", "directions": [1]}
{"op_code": 0, "worker_id": "f0536add-8f61-483c-ae14-3e7854f889a6-4160", "study_name": "KRR", "directions": [1]}
{"op_code": 0, "worker_id": "28134e7f-5a16-4ab0-8655-5aa0cc4d0b02-4160", "study_name": "KRR", "directions": [1]}
{"op_code": 0, "worker_id": "48bf5d36-0673-4403-aa41-fcb00905ed46-4160", "study_name": "KRR", "directions": [1]}
{"op_code": 0, "worker_id": "0e5f199e-0d3f-430a-b29d-622348c2fb53-4160", "study_name": "KRR", "directions": [1]}
{"op_code": 0, "worker_id": "750bab0c-0745-4c2b-9274-bd57db6516cc-4160", "study_name": "KRR", "directions": [1]}
{"op_code": 0, "worker_id": "11781dd5-fb7d-4549-8aa5-af9df0a69277-4160", "study_name": "KRR", "directions": [1]}
{"op_code": 0, "worker_id": "c3b19cd0-ed70-4626-9c86-a7350e55f4e1-4160", "study_name": "KRR", "directions": [1]}
{"op_code": 0, "worker_id": "1712982d-5740-4cf1-a3ad-ab2664dea4a1-4160", "study_name": "KRR", "directions": [1]}
{"op_code": 0, "worker_id": "a8810670-20e0-4fd3-a40b-6dc1af45731c-4160", "study_name": "KRR", "directions": [1]}
{"op_code": 0, "worker_id": "64d203b0-f297-4e49-a172-0396983d1bf1-4160", "study_name": "KRR", "directions": [1]}
{"op_code": 0, "worker_id": "c9b58b78-5671-4515-97bd-acf720f355aa-4160", "study_name": "KRR", "directions": [1]}
{"op_code": 0, "worker_id": "c24f12a5-a355-4c58-b856-ad1599b17f90-4160", "study_name": "KRR", "directions": [1]}
{"op_code": 0, "worker_id": "51ac94c8-294b-4d0d-b4f6-8335ec7c5b51-4160", "study_name": "KRR", "directions": [1]}
{"op_code": 0, "worker_id": "f68842a4-31b8-4642-98a9-21b51703ad43-4160", "study_name": "KRR", "directions": [1]}
{"op_code": 0, "worker_id": "8dd840d9-70c9-469e-9ece-f83d01bdcd0b-4160", "study_name": "KRR", "directions": [1]}
{"op_code": 0, "worker_id": "9bba6dbd-afc8-4978-9d70-53717425e7c3-4160", "study_name": "KRR", "directions": [1]}
{"op_code": 0, "worker_id": "084828f1-8e4a-4afd-9d81-71de19ac40ef-4160", "study_name": "KRR", "directions": [1]}
{"op_code": 0, "worker_id": "d6f93be9-8042-47b8-8f91-0b9eb13dfc9c-4160", "study_name": "KRR", "directions": [1]}
{"op_code": 0, "worker_id": "1dd5112b-5b6b-456b-a6fd-f10d12b5ef2f-4160", "study_name": "KRR", "directions": [1]}
{"op_code": 0, "worker_id": "4d81ce3b-ad45-46f7-b914-1460c6fca03b-4160", "study_name": "KRR", "directions": [1]}
{"op_code": 0, "worker_id": "da16330b-971e-4cd3-8954-232190d9f715-4160", "study_name": "KRR", "directions": [1]}
{"op_code": 0, "worker_id": "4f995bf4-0839-470e-92cd-b4f2caa9f343-4160", "study_name": "KRR", "directions": [1]}
{"op_code": 0, "worker_id": "4899b95c-8517-4340-bddb-403c994b35c2-4160", "study_name": "KRR", "directions": [1]}
{"op_code": 0, "worker_id": "15dc82ee-189a-4a27-8eb8-59f7e3852dc7-4160", "study_name": "KRR", "directions": [1]}
{"op_code": 0, "worker_id": "0726af88-bb6d-4802-b07a-a5259780b261-4160", "study_name": "KRR", "directions": [1]}
{"op_code": 0, "worker_id": "72883279-8309-4389-8c6d-d00b2c1edc58-4160", "study_name": "KRR", "directions": [1]}
{"op_code": 0, "worker_id": "73eec385-6e90-4e5c-898b-36ed32cc0dc3-4160", "study_name": "KRR", "directions": [1]}
{"op_code": 0, "worker_id": "7754e8d6-4d36-4ebc-a539-de03303a7536-4160", "study_name": "KRR", "directions": [1]}
{"op_code": 0, "worker_id": "2f2651bf-c9f0-4536-8e11-8dbbc85f0c30-4160", "study_name": "KRR", "directions": [1]}
{"op_code": 0, "worker_id": "4d50693f-7d25-44cf-a37e-7be3f0010056-4160", "study_name": "KRR", "directions": [1]}
{"op_code": 0, "worker_id": "07d254af-070f-4cae-b5d7-c1a73fb3849b-4160", "study_name": "KRR", "directions": [1]}
{"op_code": 0, "worker_id": "416fd3b7-80b6-4a54-aa9e-c99e77b5ee30-4160", "study_name": "KRR", "directions": [1]}
{"op_code": 0, "worker_id": "52733b9d-08c4-4922-b8b3-2bd1a5e04f47-4160", "study_name": "KRR", "directions": [1]}
{"op_code": 0, "worker_id": "b90a8e93-2502-49c8-b355-80914be95bdc-4160", "study_name": "KRR", "directions": [1]}
{"op_code": 0, "worker_id": "e71dc4cb-ff63-489f-8994-ea2b9e816425-4160", "study_name": "KRR", "directions": [1]}
{"op_code": 0, "worker_id": "0ce6a3c0-3ce1-46c6-bcde-8e2c0e0cf481-4160", "study_name": "KRR", "directions": [1]}
{"op_code": 0, "worker_id": "c609351b-6700-4545-9f88-4ed9cfd80fbf-4160", "study_name": "KRR", "directions": [1]}
{"op_code": 0, "worker_id": "3d1640ba-533c-4f96-859a-996e59e3a77c-4160", "study_name": "KRR", "directions": [1]}
{"op_code": 0, "worker_id": "1ba619f5-301a-4dc3-b895-a54d915230a3-4160", "study_name": "KRR", "directions": [1]}
{"op_code": 0, "worker_id": "c92100ce-7d76-4166-a59f-b64fe446d28d-4160", "study_name": "KRR", "directions": [1]}
{"op_code": 0, "worker_id": "100a2c62-1ee6-49c9-b5bc-1400d94291bb-4160", "study_name": "KRR", "directions": [1]}
{"op_code": 0, "worker_id": "82ec0a93-6e71-4644-bfad-735162547646-4160", "study_name": "KRR", "directions": [1]}
{"op_code": 0, "worker_id": "92d67434-9248-440e-9c62-c989f8e6c0f2-4160", "study_name": "KRR", "directions": [1]}
{"op_code": 0, "worker_id": "afeacd19-01f8-4b92-8bbb-0028c5f33f96-4160", "study_name": "KRR", "directions": [1]}
{"op_code": 0, "worker_id": "1b3c3242-4ac3-4b1d-987e-6bb623fad017-4160", "study_name": "KRR", "directions": [1]}
{"op_code": 0, "worker_id": "a6739e74-2728-40ee-8341-0d307293d6ef-4160", "study_name": "KRR", "directions": [1]}
{"op_code": 0, "worker_id": "d09cb67c-5c99-4cbb-abe6-7ea63e9cbcbc-4160", "study_name": "KRR", "directions": [1]}
{"op_code": 0, "worker_id": "ef9b38a3-1967-45bf-aa9f-ff7d4210a825-4160", "study_name": "KRR", "directions": [1]}
{"op_code": 0, "worker_id": "828ff1b8-1378-4d23-a918-d109f8e2dafb-4160", "study_name": "KRR", "directions": [1]}
{"op_code": 0, "worker_id": "78760915-9688-4113-bdf6-213e0fd6fd10-4160", "study_name": "KRR", "directions": [1]}
{"op_code": 0, "worker_id": "0d947b4c-dec3-4724-8dd7-42a4f9076ffb-4160", "study_name": "KRR", "directions": [1]}
{"op_code": 0, "worker_id": "710b44b9-74d4-47d3-8b0a-d89cd95ec862-4160", "study_name": "KRR", "directions": [1]}
{"op_code": 0, "worker_id": "75a55e01-cafa-4f59-9e98-f6938ce56e6c-4160", "study_name": "KRR", "directions": [1]}
{"op_code": 0, "worker_id": "ad928a58-0dff-4b5d-87f8-fd331a4e8eb2-4160", "study_name": "KRR", "directions": [1]}
{"op_code": 0, "worker_id": "69cdb279-8005-4361-85db-bb12017dfc6e-4160", "study_name": "KRR", "directions": [1]}
{"op_code": 0, "worker_id": "c8c3e27c-e09e-445e-ac56-62d1f3472388-4160", "study_name": "KRR", "directions": [1]}
{"op_code": 0, "worker_id": "9a0fafb1-02e6-47ac-8563-1e848da57482-4160", "study_name": "KRR", "directions": [1]}
{"op_code": 0, "worker_id": "adcfac67-0428-4cae-a2ca-f64087aef965-4160", "study_name": "KRR", "directions": [1]}
{"op_code": 0, "worker_id": "cb9a7e49-babe-4aad-971f-24b52c4cb8af-4160", "study_name": "KRR", "directions": [1]}
{"op_code": 0, "worker_id": "4ef0c973-3172-4bec-8568-4de72e4068cc-4160", "study_name": "KRR", "directions": [1]}
{"op_code": 0, "worker_id": "c82710f0-3b9f-4429-a029-4489cae8252e-4160", "study_name": "KRR", "directions": [1]}
{"op_code": 0, "worker_id": "181f01da-1eaf-427d-95a0-e758b876f0b1-4160", "study_name": "KRR", "directions": [1]}
{"op_code": 0, "worker_id": "f7e8b60f-ff96-4320-b8d0-4fb1b6ba67b2-4160", "study_name": "KRR", "directions": [1]}
{"op_code": 0, "worker_id": "2b15aa08-f990-4cab-8788-70a376ce9e8c-4160", "study_name": "KRR", "directions": [1]}
{"op_code": 0, "worker_id": "b3091913-9500-4f48-b168-18a1da978bea-4160", "study_name": "KRR", "directions": [1]}
{"op_code": 0, "worker_id": "a0ea71ae-a6c8-4d87-a0a2-d3acc398cf18-4160", "study_name": "KRR", "directions": [1]}
{"op_code": 0, "worker_id": "e3d604a0-1c17-4403-8003-22cae65af8f1-4160", "study_name": "KRR", "directions": [1]}
{"op_code": 0, "worker_id": "6cdb86da-150f-4679-9a27-660bc1785b80-4160", "study_name": "KRR", "directions": [1]}
{"op_code": 0, "worker_id": "7073f44e-dba4-4437-9ef9-ac25fcea0265-4160", "study_name": "KRR", "directions": [1]}
{"op_code": 0, "worker_id": "4c104b95-7adc-4ff0-8b9e-1b741f0a3357-4160", "study_name": "KRR", "directions": [1]}
{"op_code": 0, "worker_id": "e1280b5f-9917-4b5f-ad5c-898eb78747e4-4160", "study_name": "KRR", "directions": [1]}
{"op_code": 0, "worker_id": "81aefb6b-8521-4c45-9b8b-3a4390d0d54c-4160", "study_name": "KRR", "directions": [1]}
{"op_code": 0, "worker_id": "8889493a-7996-4a41-b9ac-01aaa539ac5f-4160", "study_name": "KRR", "directions": [1]}
{"op_code": 0, "worker_id": "0b2e0504-a498-44c7-95cb-fc33c932d3b3-4160", "study_name": "KRR", "directions": [1]}
{"op_code": 0, "worker_id": "6e335cc1-1af6-4f28-90a8-962d20e8d03f-4160", "study_name": "KRR", "directions": [1]}
{"op_code": 0, "worker_id": "7190ea95-c709-466e-9a10-dcafdb5f0bcb-4160", "study_name": "KRR", "directions": [1]}
{"op_code": 0, "worker_id": "e682db4d-8485-4e1b-bf2a-09e94968c73c-4160", "study_name": "KRR", "directions": [1]}
{"op_code": 0, "worker_id": "c2efdb3d-97e4-4112-b24c-b4ea96d83fd7-4160", "study_name": "KRR", "directions": [1]}
{"op_code": 0, "worker_id": "db84b521-9bd9-4461-9e2f-e4d5e40ef439-4160", "study_name": "KRR", "directions": [1]}
{"op_code": 0, "worker_id": "47681374-c4bd-406c-8372-085b37fbea93-4160", "study_name": "KRR", "directions": [1]}
{"op_code": 0, "worker_id": "15648b7c-d1fe-4ec6-a172-606cf082aca6-4160", "study_name": "KRR", "directions": [1]}
{"op_code": 0, "worker_id": "dedd22f3-5e94-44c4-975e-fc18b271094c-4160", "study_name": "KRR", "directions": [1]}
{"op_code": 0, "worker_id": "0469b839-5e27-46f1-8b5c-262e9c43f5a2-4160", "study_name": "KRR", "directions": [1]}
{"op_code": 0, "worker_id": "3d5938ba-fee0-4689-b48c-2cb104df3740-4160", "study_name": "KRR", "directions": [1]}
{"op_code": 0, "worker_id": "4f2f7c38-9858-4e19-a4b8-fcb93e012d3a-4160", "study_name": "KRR", "directions": [1]}
{"op_code": 0, "worker_id": "e3ac42cc-5290-4457-b637-12f49787336f-4160", "study_name": "KRR", "directions": [1]}
{"op_code": 0, "worker_id": "d6f60114-2f4f-4c21-a363-ecf4e64359a8-4160", "study_name": "KRR", "directions": [1]}
{"op_code": 0, "worker_id": "b33fed35-1f96-40aa-b9d0-c4b6974e2921-4160", "study_name": "KRR", "directions": [1]}
{"op_code": 0, "worker_id": "89420c2f-cb06-4542-aa3a-5f8482131230-4160", "study_name": "KRR", "directions": [1]}
{"op_code": 0, "worker_id": "6cf24a59-dbcb-488d-9680-5176365873e3-4160", "study_name": "KRR", "directions": [1]}
{"op_code": 0, "worker_id": "1cb90bfc-2571-4d1f-8269-612094f638f0-4160", "study_name": "KRR", "directions": [1]}
{"op_code": 0, "worker_id": "6f4e2871-cc09-4e7b-8465-3dcb0742ae81-4160", "study_name": "KRR", "directions": [1]}
{"op_code": 0, "worker_id": "e9a32cbb-145a-477c-803c-7ee576d07a07-4160", "study_name": "KRR", "directions": [1]}
{"op_code": 0, "worker_id": "d5243094-a203-4faa-af66-0bd6e125a02f-4160", "study_name": "KRR", "directions": [1]}
{"op_code": 0, "worker_id": "a1e761fc-77de-4600-b7df-29a3b9bedafd-4160", "study_name": "KRR", "directions": [1]}
{"op_code": 0, "worker_id": "deb0cb64-8aab-426e-b7b0-f716ae3f873a-4160", "study_name": "KRR", "directions": [1]}
{"op_code": 0, "worker_id": "201b0b3e-d7e7-48e2-a1af-9eba0958a0c9-4160", "study_name": "KRR", "directions": [1]}
{"op_code": 0, "worker_id": "7e4e283a-45f9-4ef3-93bd-c09324d88a3f-4160", "study_name": "KRR", "directions": [1]}
{"op_code": 0, "worker_id": "8fa11bc9-081f-4465-991f-bee960b143fe-4160", "study_name": "KRR", "directions": [1]}
{"op_code": 0, "worker_id": "7806c833-9a5b-4dcd-8d5a-7043b4dcec05-4160", "study_name": "KRR", "directions": [1]}
{"op_code": 0, "worker_id": "f370b371-6ff0-45b8-9aaa-934a936a21af-4160", "study_name": "KRR", "directions": [1]}
{"op_code": 0, "worker_id": "5ef46578-f391-4b2d-9f6a-ed575df2ff37-4160", "study_name": "KRR", "directions": [1]}
{"op_code": 0, "worker_id": "249f66ac-39c1-4222-bb0d-62b26c55fadc-4160", "study_name": "KRR", "directions": [1]}
{"op_code": 0, "worker_id": "921f0abd-76d2-4978-901d-d47c8dea7219-4160", "study_name": "KRR", "directions": [1]}
{"op_code": 0, "worker_id": "9aecd963-4248-466d-894b-14c2ea30a4c0-4160", "study_name": "KRR", "directions": [1]}
{"op_code": 0, "worker_id": "d5feb475-127c-4018-b5e0-55ed7264e086-4160", "study_name": "KRR", "directions": [1]}
{"op_code": 0, "worker_id": "f22513e5-7b02-450b-bcc1-313fe7575c9c-4160", "study_name": "KRR", "directions": [1]}
{"op_code": 0, "worker_id": "33133b83-b4ed-45a7-a32b-e4e7559349b3-4160", "study_name": "KRR", "directions": [1]}
{"op_code": 0, "worker_id": "c817f826-31c6-4085-aada-2165a1892774-4160", "study_name": "KRR", "directions": [1]}
{"op_code": 0, "worker_id": "5f8e17f6-148d-4ffa-b637-923410596534-4160", "study_name": "KRR", "directions": [1]}
{"op_code": 0, "worker_id": "307fc464-7964-4580-84c8-0a23c60f321d-4160", "study_name": "KRR", "directions": [1]}
{"op_code": 0, "worker_id": "50db9bb5-9873-466d-b49b-e7ecec1f7da9-4160", "study_name": "KRR", "directions": [1]}
{"op_code": 0, "worker_id": "c5b91094-d349-42ff-be8d-309e83af4325-4160", "study_name": "KRR", "directions": [1]}
{"op_code": 0, "worker_id": "af75ef3d-7f97-493b-bad7-5e223014904d-4160", "study_name": "KRR", "directions": [1]}
{"op_code": 0, "worker_id": "addba1ac-9a30-4c9c-821a-2b8bee37fd89-4160", "study_name": "KRR", "directions": [1]}
{"op_code": 0, "worker_id": "744d030f-7b0b-4c3b-8ed2-8b329366c882-4160", "study_name": "KRR", "directions": [1]}
{"op_code": 0, "worker_id": "f3b00fc3-f948-40aa-8336-3237f82400b9-4160", "study_name": "KRR", "directions": [1]}
{"op_code": 0, "worker_id": "2da738b8-8337-472e-9dbd-1438101ce7c7-4160", "study_name": "KRR", "directions": [1]}
{"op_code": 0, "worker_id": "27dd86d1-346b-405e-a69c-7399a260128d-4160", "study_name": "KRR", "directions": [1]}
{"op_code": 0, "worker_id": "19767277-83c0-4de9-b6e8-e7165be1c910-4160", "study_name": "KRR", "directions": [1]}
{"op_code": 0, "worker_id": "7645a28c-2186-45ca-a98b-0d28e590a243-4160", "study_name": "KRR", "directions": [1]}
{"op_code": 0, "worker_id": "2ea6fec9-042b-4ae5-a720-5541748b5f7e-4160", "study_name": "KRR", "directions": [1]}
{"op_code": 0, "worker_id": "27e32a98-c222-4040-8eae-6731f706c59d-4160", "study_name": "KRR", "directions": [1]}
{"op_code": 0, "worker_id": "962ad8e0-0eaa-49ce-a786-e2b833dd6cef-4160", "study_name": "KRR", "directions": [1]}
{"op_code": 0, "worker_id": "e6aa0747-f811-4f6e-b4ba-52af2cf6db17-4160", "study_name": "KRR", "directions": [1]}
{"op_code": 0, "worker_id": "389312f5-16d9-4167-87a1-9193435bfc04-4160", "study_name": "KRR", "directions": [1]}
{"op_code": 0, "worker_id": "e15e64b1-796a-41f9-ac7c-6f552c24990b-4160", "study_name": "KRR", "directions": [1]}
{"op_code": 0, "worker_id": "218fcfd3-1354-4d05-9cb8-fed1676bef35-4160", "study_name": "KRR", "directions": [1]}
{"op_code": 0, "worker_id": "9adb8501-4b9d-47ad-8bd6-60c6e5c3f59b-4160", "study_name": "KRR", "directions": [1]}
{"op_code": 0, "worker_id": "f964148b-0dd9-4b1a-a90c-5406153acdf2-4160", "study_name": "KRR", "directions": [1]}
{"op_code": 0, "worker_id": "8b698688-14c3-49fa-a2e5-55279a3b837d-4160", "study_name": "KRR", "directions": [1]}
{"op_code": 0, "worker_id": "801b2cb6-323b-4e05-9b0b-5d751992ed04-4160", "study_name": "KRR", "directions": [1]}
{"op_code": 0, "worker_id": "2db3adc6-4a10-4b5b-8a09-503567c33f0b-4160", "study_name": "KRR", "directions": [1]}
{"op_code": 0, "worker_id": "0faf0f58-a0c7-4d8b-ae01-9aa940678f1e-4160", "study_name": "KRR", "directions": [1]}
{"op_code": 0, "worker_id": "1e2d34e4-2298-47e4-b689-40aa877519ab-4160", "study_name": "KRR", "directions": [1]}
{"op_code": 0, "worker_id": "7f849d3a-e411-4b75-8132-51d5eb2b139e-4160", "study_name": "KRR", "directions": [1]}
{"op_code": 0, "worker_id": "846e5670-f356-4f5d-98eb-bd5c1159cd04-4160", "study_name": "KRR", "directions": [1]}
{"op_code": 0, "worker_id": "f20dc6a6-32d0-4f20-a2c4-f9c3efaf322e-4160", "study_name": "KRR", "directions": [1]}
{"op_code": 0, "worker_id": "a9bc1870-47e6-4523-a252-047f8d00df9e-4160", "study_name": "KRR", "directions": [1]}
{"op_code": 0, "worker_id": "e8901eaf-7801-43f7-89c5-1da2a390f714-4160", "study_name": "KRR", "directions": [1]}
{"op_code": 0, "worker_id": "4fde24d7-593d-45f4-8813-2d1c347318ce-4160", "study_name": "KRR", "directions": [1]}
{"op_code": 0, "worker_id": "1da7a903-aa86-48dc-be73-cb8d629eee8c-4160", "study_name": "KRR", "directions": [1]}
{"op_code": 0, "worker_id": "34c41776-a793-4eff-aa28-619ab323d191-4160", "study_name": "KRR", "directions": [1]}
{"op_code": 0, "worker_id": "9f032331-0881-4ab8-9ba4-a85cdb4250a2-4160", "study_name": "KRR", "directions": [1]}
{"op_code": 0, "worker_id": "9b1c8f9a-60aa-4e91-a3ee-f46345fd4418-4160", "study_name": "KRR", "directions": [1]}
{"op_code": 0, "worker_id": "3c234f76-e939-4a43-812f-35bb8eac50c0-4160", "study_name": "KRR", "directions": [1]}
{"op_code": 0, "worker_id": "41b7687c-b276-40a7-8e2b-cc5583705289-4160", "study_name": "KRR", "directions": [1]}
{"op_code": 0, "worker_id": "512dc2d3-c368-4d03-937c-e04438063176-4160", "study_name": "KRR", "directions": [1]}
{"op_code": 0, "worker_id": "16bf972f-d1a6-470d-baaf-ab6babf5cd74-4160", "study_name": "KRR", "directions": [1]}
{"op_code": 0, "worker_id": "b699da73-809d-446f-bed2-bfecd7d78e61-4160", "study_name": "KRR", "directions": [1]}
{"op_code": 0, "worker_id": "f5977d1c-3ca3-436d-ba96-eacaae783bd1-4160", "study_name": "KRR", "directions": [1]}
{"op_code": 0, "worker_id": "af1751b6-b4a9-468b-b217-ac15006f587d-4160", "study_name": "KRR", "directions": [1]}
{"op_code": 0, "worker_id": "e235c96a-8ec0-4b53-86dd-f2775f811adf-4160", "study_name": "KRR", "directions": [1]}
{"op_code": 0, "worker_id": "33350c51-326b-415c-bd34-37cabe4c092b-4160", "study_name": "KRR", "directions": [1]}
{"op_code": 0, "worker_id": "ba34c61a-5042-4460-bb3d-ffe10c7f06f0-4160", "study_name": "KRR", "directions": [1]}
{"op_code": 0, "worker_id": "5a04d2b4-f316-40f3-8d88-3466d0db95d7-4160", "study_name": "KRR", "directions": [1]}
{"op_code": 0, "worker_id": "0129b882-aa87-4fd0-bebd-91ed3d32d1bd-4160", "study_name": "KRR", "directions": [1]}
{"op_code": 0, "worker_id": "5475eca3-f761-4b29-947d-1eff76118204-4160", "study_name": "KRR", "directions": [1]}
{"op_code": 0, "worker_id": "fd3d5ae5-376c-4409-883d-c627f81df152-4160", "study_name": "KRR", "directions": [1]}
{"op_code": 0, "worker_id": "c9e69574-1473-4b3a-bbd1-a2624b066f5d-4160", "study_name": "KRR", "directions": [1]}
{"op_code": 0, "worker_id": "fd7660f9-3fbc-4c59-9ad7-6932cd11574b-4160", "study_name": "KRR", "directions": [1]}
{"op_code": 0, "worker_id": "0d1b3b3e-00f0-4258-9b74-5f4571b542c4-4160", "study_name": "KRR", "directions": [1]}
{"op_code": 0, "worker_id": "f0137a0c-120d-4a4c-aa1d-c9c27e44e1f3-4160", "study_name": "KRR", "directions": [1]}
{"op_code": 0, "worker_id": "2f977e08-473f-4371-819a-d182653882d4-4160", "study_name": "KRR", "directions": [1]}
{"op_code": 0, "worker_id": "e9a7c912-26f8-4681-9cfe-f25daed1262e-4160", "study_name": "KRR", "directions": [1]}
{"op_code": 0, "worker_id": "472ad6fb-43ea-4295-b4af-dd66e47a02fc-4160", "study_name": "KRR", "directions": [1]}
{"op_code": 0, "worker_id": "b6cfd7cb-7aef-4aa6-a4da-1e475ffd429c-4160", "study_name": "KRR", "directions": [1]}
{"op_code": 0, "worker_id": "174d8030-acd2-44b9-a116-5712c2f0259f-4160", "study_name": "KRR", "directions": [1]}
{"op_code": 0, "worker_id": "bad15f96-17e3-4b11-8635-55c1b32be3cb-4160", "study_name": "KRR", "directions": [1]}
{"op_code": 0, "worker_id": "f3cd50ef-6167-4006-9039-08325e18b2b4-4160", "study_name": "KRR", "directions": [1]}
{"op_code": 0, "worker_id": "cd74610e-004a-4c46-b2d0-803459c4700a-4160", "study_name": "KRR", "directions": [1]}
{"op_code": 0, "worker_id": "5b6f63f1-742d-482d-a112-63f97207de13-4160", "study_name": "KRR", "directions": [1]}
{"op_code": 0, "worker_id": "bf458085-4aaa-4c6a-a294-86b7a4cfa6d4-4160", "study_name": "KRR", "directions": [1]}
{"op_code": 0, "worker_id": "ef53d947-f61c-4722-bdc7-47b495872be0-4160", "study_name": "KRR", "directions": [1]}
{"op_code": 0, "worker_id": "5713092d-a107-4998-8bdc-aad3e4856157-4160", "study_name": "KRR", "directions": [1]}
{"op_code": 0, "worker_id": "d1e010b2-4616-426d-b707-6942e1bfd76f-4160", "study_name": "KRR", "directions": [1]}
{"op_code": 0, "worker_id": "a4c12a42-44da-4f85-80e4-dcacc53b0690-4160", "study_name": "KRR", "directions": [1]}
{"op_code": 0, "worker_id": "901c8526-2a05-45e0-bab7-fc2ef7f7751c-4160", "study_name": "KRR", "directions": [1]}
{"op_code": 0, "worker_id": "51aaa5de-8e47-4dfe-9e0f-163437a2f04c-4160", "study_name": "KRR", "directions": [1]}
{"op_code": 0, "worker_id": "d2964cfa-ee0f-487e-b19f-c3d67ab0ce14-4160", "study_name": "KRR", "directions": [1]}
{"op_code": 0, "worker_id": "3a076f16-0ddf-4dca-884b-7f47405027da-4160", "study_name": "KRR", "directions": [1]}
{"op_code": 0, "worker_id": "a7ea15b3-0653-46f1-a7a4-ab041e245caa-4160", "study_name": "KRR", "directions": [1]}
{"op_code": 0, "worker_id": "9a99f2dd-76b3-4220-b01c-133fe09df70c-4160", "study_name": "KRR", "directions": [1]}
{"op_code": 0, "worker_id": "b71d886c-0134-4c91-956f-7a35200b5c64-4160", "study_name": "KRR", "directions": [1]}
{"op_code": 0, "worker_id": "040fd0af-6b26-4d90-89d7-bb264dc55afb-4160", "study_name": "KRR", "directions": [1]}
{"op_code": 0, "worker_id": "a25055b1-51c3-42a5-8b01-e8b8ae023304-4160", "study_name": "KRR", "directions": [1]}
{"op_code": 0, "worker_id": "465855d3-c33a-407e-a000-985362b3ed50-4160", "study_name": "KRR", "directions": [1]}
{"op_code": 0, "worker_id": "41312e85-f67e-4771-9fa8-e134360b8a45-4160", "study_name": "KRR", "directions": [1]}
{"op_code": 0, "worker_id": "27ae0557-4709-49cc-81e2-f5f52f26bd97-4160", "study_name": "KRR", "directions": [1]}
{"op_code": 0, "worker_id": "13d7c5e6-e445-421c-b438-444c09a99f4d-4160", "study_name": "KRR", "directions": [1]}
{"op_code": 0, "worker_id": "3d3c48a0-676e-4e8d-a19e-069f22377940-4160", "study_name": "KRR", "directions": [1]}
{"op_code": 0, "worker_id": "1e7e85d4-3857-407a-83fb-4e5424b979b4-4160", "study_name": "KRR", "directions": [1]}
{"op_code": 0, "worker_id": "1aeb8a63-a844-4a8b-84cb-6f6030ff0636-4160", "study_name": "KRR", "directions": [1]}
{"op_code": 0, "worker_id": "7acf0f33-6348-4631-96a4-76ca41629670-4160", "study_name": "KRR", "directions": [1]}
{"op_code": 0, "worker_id": "f257b99c-0586-4173-b122-2575692bf256-4160", "study_name": "KRR", "directions": [1]}
{"op_code": 0, "worker_id": "a8926e98-f978-40b9-94aa-9ed577a55099-4160", "study_name": "KRR", "directions": [1]}
{"op_code": 0, "worker_id": "5017fbe2-6b3e-4e28-955c-e42449678179-4160", "study_name": "KRR", "directions": [1]}
{"op_code": 0, "worker_id": "7de604e5-7634-4e11-a9a8-bdf4f8ede702-4160", "study_name": "KRR", "directions": [1]}
{"op_code": 0, "worker_id": "5dd3160c-109d-4d3f-ab89-802db5c77cde-4160", "study_name": "KRR", "directions": [1]}
{"op_code": 0, "worker_id": "db582f8b-5a09-43fb-a360-e18caecbbe07-4160", "study_name": "KRR", "directions": [1]}
{"op_code": 0, "worker_id": "3f1b0983-0039-40e8-b603-f9ea1418a638-4160", "study_name": "KRR", "directions": [1]}
{"op_code": 0, "worker_id": "4d10a9cc-ad4f-4eda-8fb8-60bea8574257-4160", "study_name": "KRR", "directions": [1]}
{"op_code": 0, "worker_id": "6ca98e8b-dbfa-421b-a87f-d4aaef6f146a-4160", "study_name": "KRR", "directions": [1]}
{"op_code": 0, "worker_id": "d7c6c968-8894-4602-bda9-e3cf2dea591f-4160", "study_name": "KRR", "directions": [1]}
{"op_code": 0, "worker_id": "9a2a1820-ff9b-4071-ba06-6b9d6f2ebcd5-4160", "study_name": "KRR", "directions": [1]}
{"op_code": 0, "worker_id": "4b768ced-d4f8-4d63-be8e-be6c8cbde71e-4160", "study_name": "KRR", "directions": [1]}
{"op_code": 0, "worker_id": "28544988-5796-47b5-9eb9-fe9090d51113-4160", "study_name": "KRR", "directions": [1]}
{"op_code": 0, "worker_id": "05c9f3b5-3725-470f-98d7-deadb7ad54a7-4160", "study_name": "KRR", "directions": [1]}
{"op_code": 0, "worker_id": "9bc823a4-08e4-403c-8158-e9dcc3793c78-4160", "study_name": "KRR", "directions": [1]}
{"op_code": 0, "worker_id": "1b2e81b4-d76b-4e12-87c0-b82ef06fcb83-4160", "study_name": "KRR", "directions": [1]}
{"op_code": 0, "worker_id": "131db21f-5e50-4940-8867-ab1124e5865f-4160", "study_name": "KRR", "directions": [1]}
{"op_code": 0, "worker_id": "a167f957-c6f4-462f-a7ce-6bed834bedfa-4160", "study_name": "KRR", "directions": [1]}
{"op_code": 0, "worker_id": "ef62b72c-de6c-4798-bce6-63b9bcba3b54-4160", "study_name": "KRR", "directions": [1]}
{"op_code": 0, "worker_id": "5949b768-0380-4ad0-9c3b-3b191712f389-4160", "study_name": "KRR", "directions": [1]}
{"op_code": 0, "worker_id": "224598d6-118a-4909-aff7-19b057f6a47a-4160", "study_name": "KRR", "directions": [1]}
{"op_code": 0, "worker_id": "d1333722-c2a5-4ea8-b1c5-2f14ac1b8720-4160", "study_name": "KRR", "directions": [1]}
{"op_code": 0, "worker_id": "423e3f29-51b1-48f9-b8da-1afea2ca21e3-4160", "study_name": "KRR", "directions": [1]}
{"op_code": 0, "worker_id": "2f9d3c57-7982-4022-9650-534841239674-4160", "study_name": "KRR", "directions": [1]}
{"op_code": 0, "worker_id": "a977f406-91d6-41ce-b4d6-ade7b9b262df-4160", "study_name": "KRR", "directions": [1]}
{"op_code": 0, "worker_id": "61ed3da2-c5df-4550-bfb7-f306b4a18d0c-4160", "study_name": "KRR", "directions": [1]}
{"op_code": 0, "worker_id": "67ecb4ce-d0fc-4877-a3cc-8f5482290bbf-4160", "study_name": "KRR", "directions": [1]}
{"op_code": 0, "worker_id": "31b4a519-da81-4e94-a60d-5cc3fd830a0e-4160", "study_name": "KRR", "directions": [1]}
{"op_code": 0, "worker_id": "e718f4b8-b7f1-4083-90d8-a3ddcc63edf9-4160", "study_name": "KRR", "directions": [1]}
{"op_code": 0, "worker_id": "3d57a7e7-c008-4ba6-8c35-127db5290a73-4160", "study_name": "KRR", "directions": [1]}
{"op_code": 0, "worker_id": "d95a8595-6538-4d59-b436-af609f65712a-4160", "study_name": "KRR", "directions": [1]}
{"op_code": 0, "worker_id": "aa65eb26-bebd-45a9-921c-ac33cf923c8d-4160", "study_name": "KRR", "directions": [1]}
{"op_code": 0, "worker_id": "b54192ff-101c-4b38-8e89-cc1f8ac1d764-4160", "study_name": "KRR", "directions": [1]}
{"op_code": 0, "worker_id": "c51c1ad9-6fe9-4762-86d0-156d8c0a10a8-4160", "study_name": "KRR", "directions": [1]}
{"op_code": 0, "worker_id": "bd40eecf-3e05-436e-8f02-f404451590a8-4160", "study_name": "KRR", "directions": [1]}
{"op_code": 0, "worker_id": "2f82f491-acf2-43cb-99e3-af4d011aec37-4160", "study_name": "KRR", "directions": [1]}
{"op_code": 0, "worker_id": "991ccec9-d256-4404-b1a0-dc687e6aa43f-4160", "study_name": "KRR", "directions": [1]}
{"op_code": 0, "worker_id": "ed796ae7-fcc4-46aa-bf92-a97711155258-4160", "study_name": "KRR", "directions": [1]}
{"op_code": 0, "worker_id": "6e31825b-8c18-4846-b0ec-5aa41cc28fe4-4160", "study_name": "KRR", "directions": [1]}
{"op_code": 0, "worker_id": "a5c2c7ac-8b89-45b5-901b-2c893faf4d43-4160", "study_name": "KRR", "directions": [1]}
{"op_code": 0, "worker_id": "4d63da2a-140e-4496-b8c9-8fb98d647a1c-4160", "study_name": "KRR", "directions": [1]}
{"op_code": 0, "worker_id": "5a9c6322-e0a2-4b5a-9d74-476fa188e9d3-4160", "study_name": "KRR", "directions": [1]}
