{"op_code": 0, "worker_id": "f3b6fc1c-3a9c-4546-9cd8-354fb15ebd47-47279818202944", "study_name": "linear", "directions": [1]}
{"op_code": 4, "worker_id": "f3b6fc1c-3a9c-4546-9cd8-354fb15ebd47-47280521058048", "study_id": 0, "datetime_start": "2023-11-07T17:13:13.543536"}
{"op_code": 8, "worker_id": "f3b6fc1c-3a9c-4546-9cd8-354fb15ebd47-47280521058048", "trial_id": 0, "user_attr": {"fit_intercept": true}}
{"op_code": 5, "worker_id": "f3b6fc1c-3a9c-4546-9cd8-354fb15ebd47-47280521058048", "trial_id": 0, "param_name": "alpha", "param_value_internal": 0.03475810871467846, "distribution": "{\"name\": \"FloatDistribution\", \"attributes\": {\"step\": null, \"low\": 1e-05, \"high\": 0.1, \"log\": false}}"}
{"op_code": 5, "worker_id": "f3b6fc1c-3a9c-4546-9cd8-354fb15ebd47-47280521058048", "trial_id": 0, "param_name": "l1_ratio", "param_value_internal": 0.6657602029833579, "distribution": "{\"name\": \"FloatDistribution\", \"attributes\": {\"step\": null, \"low\": 0.0, \"high\": 1.0, \"log\": false}}"}
{"op_code": 6, "worker_id": "f3b6fc1c-3a9c-4546-9cd8-354fb15ebd47-47280521058048", "trial_id": 0, "state": 1, "values": [0.25409762860855256], "datetime_complete": "2023-11-07T17:13:13.573439"}
{"op_code": 0, "worker_id": "7a11581e-a336-4f52-9277-bae54fff6eb5-47279818202944", "study_name": "linear", "directions": [1]}
{"op_code": 4, "worker_id": "7a11581e-a336-4f52-9277-bae54fff6eb5-47280521058048", "study_id": 0, "datetime_start": "2023-11-07T17:19:59.142093"}
{"op_code": 8, "worker_id": "7a11581e-a336-4f52-9277-bae54fff6eb5-47280521058048", "trial_id": 1, "user_attr": {"fit_intercept": true}}
{"op_code": 5, "worker_id": "7a11581e-a336-4f52-9277-bae54fff6eb5-47280521058048", "trial_id": 1, "param_name": "alpha", "param_value_internal": 0.048765125335318016, "distribution": "{\"name\": \"FloatDistribution\", \"attributes\": {\"step\": null, \"low\": 1e-05, \"high\": 0.1, \"log\": false}}"}
{"op_code": 5, "worker_id": "7a11581e-a336-4f52-9277-bae54fff6eb5-47280521058048", "trial_id": 1, "param_name": "l1_ratio", "param_value_internal": 0.43796972152932967, "distribution": "{\"name\": \"FloatDistribution\", \"attributes\": {\"step\": null, \"low\": 0.0, \"high\": 1.0, \"log\": false}}"}
{"op_code": 6, "worker_id": "7a11581e-a336-4f52-9277-bae54fff6eb5-47280521058048", "trial_id": 1, "state": 1, "values": [0.2542608769681404], "datetime_complete": "2023-11-07T17:19:59.173011"}
{"op_code": 0, "worker_id": "7502e319-25ac-4018-8dc3-72977c665e6e-47279818202944", "study_name": "linear", "directions": [1]}
{"op_code": 4, "worker_id": "7502e319-25ac-4018-8dc3-72977c665e6e-47280521058048", "study_id": 0, "datetime_start": "2023-11-07T17:26:48.448535"}
{"op_code": 8, "worker_id": "7502e319-25ac-4018-8dc3-72977c665e6e-47280521058048", "trial_id": 2, "user_attr": {"fit_intercept": true}}
{"op_code": 5, "worker_id": "7502e319-25ac-4018-8dc3-72977c665e6e-47280521058048", "trial_id": 2, "param_name": "alpha", "param_value_internal": 0.07813036226912909, "distribution": "{\"name\": \"FloatDistribution\", \"attributes\": {\"step\": null, \"low\": 1e-05, \"high\": 0.1, \"log\": false}}"}
{"op_code": 5, "worker_id": "7502e319-25ac-4018-8dc3-72977c665e6e-47280521058048", "trial_id": 2, "param_name": "l1_ratio", "param_value_internal": 0.007795919047932087, "distribution": "{\"name\": \"FloatDistribution\", \"attributes\": {\"step\": null, \"low\": 0.0, \"high\": 1.0, \"log\": false}}"}
{"op_code": 6, "worker_id": "7502e319-25ac-4018-8dc3-72977c665e6e-47280521058048", "trial_id": 2, "state": 1, "values": [0.25403816429663606], "datetime_complete": "2023-11-07T17:26:48.479292"}
{"op_code": 0, "worker_id": "59a2eed6-711d-4d64-a862-1814aa3896dd-47279818202944", "study_name": "linear", "directions": [1]}
{"op_code": 4, "worker_id": "59a2eed6-711d-4d64-a862-1814aa3896dd-47280521058048", "study_id": 0, "datetime_start": "2023-11-07T17:33:36.506076"}
{"op_code": 8, "worker_id": "59a2eed6-711d-4d64-a862-1814aa3896dd-47280521058048", "trial_id": 3, "user_attr": {"fit_intercept": true}}
{"op_code": 5, "worker_id": "59a2eed6-711d-4d64-a862-1814aa3896dd-47280521058048", "trial_id": 3, "param_name": "alpha", "param_value_internal": 0.06313844201850652, "distribution": "{\"name\": \"FloatDistribution\", \"attributes\": {\"step\": null, \"low\": 1e-05, \"high\": 0.1, \"log\": false}}"}
{"op_code": 5, "worker_id": "59a2eed6-711d-4d64-a862-1814aa3896dd-47280521058048", "trial_id": 3, "param_name": "l1_ratio", "param_value_internal": 0.3371714584337777, "distribution": "{\"name\": \"FloatDistribution\", \"attributes\": {\"step\": null, \"low\": 0.0, \"high\": 1.0, \"log\": false}}"}
{"op_code": 6, "worker_id": "59a2eed6-711d-4d64-a862-1814aa3896dd-47280521058048", "trial_id": 3, "state": 1, "values": [0.2541229083971127], "datetime_complete": "2023-11-07T17:33:36.536238"}
{"op_code": 0, "worker_id": "e4cc1927-ba5e-43ea-9087-4bba7b2942e6-6556", "study_name": "linear", "directions": [1]}
{"op_code": 0, "worker_id": "e6df6753-3a8c-4a0f-a694-b8a272470f2d-6556", "study_name": "linear", "directions": [1]}
{"op_code": 0, "worker_id": "c534e473-58fa-4f79-ba47-75ec7328b791-6556", "study_name": "linear", "directions": [1]}
{"op_code": 0, "worker_id": "141de15b-b1f9-437b-a328-cf9d2b9c9354-6556", "study_name": "linear", "directions": [1]}
{"op_code": 0, "worker_id": "db791c05-dd93-4e46-ba7a-7486c00f4e88-6556", "study_name": "linear", "directions": [1]}
{"op_code": 0, "worker_id": "0f48a641-3eca-447a-b8d8-1f517c7de461-2012", "study_name": "linear", "directions": [1]}
{"op_code": 0, "worker_id": "f6f937ab-5cd3-4d0b-84dd-588169ebcc3d-2012", "study_name": "linear", "directions": [1]}
{"op_code": 0, "worker_id": "b7bee1b1-b0bb-4d15-bb22-dd57b8608660-2012", "study_name": "linear", "directions": [1]}
{"op_code": 0, "worker_id": "27845f47-c910-4146-993b-a537f8a2501e-2012", "study_name": "linear", "directions": [1]}
{"op_code": 0, "worker_id": "54c44700-a3f9-4cfc-823d-7367c8662cdd-2012", "study_name": "linear", "directions": [1]}
{"op_code": 4, "worker_id": "0f48a641-3eca-447a-b8d8-1f517c7de461-15632", "study_id": 0, "datetime_start": "2023-11-14T13:26:04.156700"}
{"op_code": 8, "worker_id": "0f48a641-3eca-447a-b8d8-1f517c7de461-15632", "trial_id": 4, "user_attr": {"fit_intercept": true}}
{"op_code": 5, "worker_id": "0f48a641-3eca-447a-b8d8-1f517c7de461-15632", "trial_id": 4, "param_name": "alpha", "param_value_internal": 0.004836958646107065, "distribution": "{\"name\": \"FloatDistribution\", \"attributes\": {\"step\": null, \"low\": 1e-05, \"high\": 0.1, \"log\": false}}"}
{"op_code": 5, "worker_id": "0f48a641-3eca-447a-b8d8-1f517c7de461-15632", "trial_id": 4, "param_name": "l1_ratio", "param_value_internal": 0.2663243961575654, "distribution": "{\"name\": \"FloatDistribution\", \"attributes\": {\"step\": null, \"low\": 0.0, \"high\": 1.0, \"log\": false}}"}
{"op_code": 6, "worker_id": "0f48a641-3eca-447a-b8d8-1f517c7de461-15632", "trial_id": 4, "state": 1, "values": [0.25420748002392796], "datetime_complete": "2023-11-14T13:26:04.360746"}
{"op_code": 0, "worker_id": "9a99816e-6fc5-4e15-8ece-2b31749846ef-4160", "study_name": "linear", "directions": [1]}
{"op_code": 0, "worker_id": "92870eab-ac97-4411-93c8-fcfc4ffd7d33-4160", "study_name": "linear", "directions": [1]}
{"op_code": 0, "worker_id": "f328d2ac-9563-4664-a6c3-565005f2fe24-4160", "study_name": "linear", "directions": [1]}
{"op_code": 0, "worker_id": "d5acb41e-11e8-49e1-8b1a-0472d588ab30-4160", "study_name": "linear", "directions": [1]}
{"op_code": 0, "worker_id": "f5b79b6c-cf31-400c-b32f-a3fe16c434ad-4160", "study_name": "linear", "directions": [1]}
{"op_code": 0, "worker_id": "2eabdb67-93a9-4f76-a10f-38203ad1c2c9-4160", "study_name": "linear", "directions": [1]}
{"op_code": 0, "worker_id": "bdf8f393-dc80-4540-a72f-7580ce1ddbd4-4160", "study_name": "linear", "directions": [1]}
{"op_code": 0, "worker_id": "cf0a05bf-4bbb-49ab-ae50-57c37186665e-4160", "study_name": "linear", "directions": [1]}
{"op_code": 0, "worker_id": "a7118430-cafd-40bb-85b2-cdaf765aacf3-4160", "study_name": "linear", "directions": [1]}
{"op_code": 0, "worker_id": "af41a58e-5d0f-40e7-9fe2-b10f5fa25924-4160", "study_name": "linear", "directions": [1]}
{"op_code": 0, "worker_id": "1cf270f5-6a1a-4999-a6ef-cfe038c9acbb-4160", "study_name": "linear", "directions": [1]}
{"op_code": 0, "worker_id": "fb27e84c-3a80-467c-a4c7-bfe541587ab0-4160", "study_name": "linear", "directions": [1]}
{"op_code": 0, "worker_id": "ab051fe8-fa3e-4c6f-b41a-5bac9056c1cb-4160", "study_name": "linear", "directions": [1]}
{"op_code": 0, "worker_id": "813470df-6643-467c-87ca-2bbb9cfd7a02-4160", "study_name": "linear", "directions": [1]}
{"op_code": 0, "worker_id": "3144b859-f524-4dbc-8277-609d5c257e02-4160", "study_name": "linear", "directions": [1]}
{"op_code": 0, "worker_id": "fcc562f8-e9fc-4152-a5b7-cb8535058488-4160", "study_name": "linear", "directions": [1]}
{"op_code": 0, "worker_id": "88f07350-1d9e-45aa-ae0d-aeb433fcbdcb-4160", "study_name": "linear", "directions": [1]}
{"op_code": 0, "worker_id": "6fad21e5-3b82-4f8b-b826-b9ce69769221-4160", "study_name": "linear", "directions": [1]}
{"op_code": 0, "worker_id": "2bedf39c-698b-427e-a9b3-71eb432b2d40-4160", "study_name": "linear", "directions": [1]}
{"op_code": 0, "worker_id": "4bf865ec-bd34-4f33-9a8a-1aca592c81a1-4160", "study_name": "linear", "directions": [1]}
{"op_code": 0, "worker_id": "23b805cd-5674-49d4-8e0d-4b6d45769dfa-4160", "study_name": "linear", "directions": [1]}
{"op_code": 0, "worker_id": "16553206-a1da-46bc-9c8e-8c2b7fb83a25-4160", "study_name": "linear", "directions": [1]}
{"op_code": 0, "worker_id": "cd21662f-d5fd-4912-a292-38063a8adc2d-4160", "study_name": "linear", "directions": [1]}
{"op_code": 0, "worker_id": "3dc28df2-fd73-48d7-b3dd-6ce170b7a614-4160", "study_name": "linear", "directions": [1]}
{"op_code": 0, "worker_id": "0acd4b5b-6291-4829-af80-a5e41fadcccc-4160", "study_name": "linear", "directions": [1]}
{"op_code": 0, "worker_id": "6c2c89a9-c3bb-4a17-a52f-17c938f1e671-4160", "study_name": "linear", "directions": [1]}
{"op_code": 0, "worker_id": "6cf51cd8-5aa3-422b-8f3c-59041d75bfe0-4160", "study_name": "linear", "directions": [1]}
{"op_code": 0, "worker_id": "992d447e-e1d2-42eb-bb3d-c3800f84c78d-4160", "study_name": "linear", "directions": [1]}
{"op_code": 0, "worker_id": "08772733-01ee-44a7-924f-65bc9e357a18-4160", "study_name": "linear", "directions": [1]}
{"op_code": 0, "worker_id": "0501ba24-6959-434c-bdd1-aa975124bba1-4160", "study_name": "linear", "directions": [1]}
{"op_code": 0, "worker_id": "8c5693e8-85f4-4ea6-93bc-77b1697d9c4b-4160", "study_name": "linear", "directions": [1]}
{"op_code": 0, "worker_id": "72c48ac2-e167-46ce-9814-0ab51944d686-4160", "study_name": "linear", "directions": [1]}
{"op_code": 0, "worker_id": "cd050373-aaf3-4887-b40a-95cbf2fa9e53-4160", "study_name": "linear", "directions": [1]}
{"op_code": 0, "worker_id": "45605742-09fe-40cb-904f-e3cfdc194cb2-4160", "study_name": "linear", "directions": [1]}
{"op_code": 0, "worker_id": "2d8050f0-bb45-4418-a8df-40cdd929172c-4160", "study_name": "linear", "directions": [1]}
{"op_code": 0, "worker_id": "03a920d2-e005-4735-baff-1805ee12be01-4160", "study_name": "linear", "directions": [1]}
{"op_code": 0, "worker_id": "4a5dbd7c-bae0-4655-9661-392cd0101f2b-4160", "study_name": "linear", "directions": [1]}
{"op_code": 0, "worker_id": "66210ebb-fa7a-4da1-960d-c7d01f82d91d-4160", "study_name": "linear", "directions": [1]}
{"op_code": 0, "worker_id": "bbd4f17a-b3f2-4c3f-914a-04d1d8256f44-4160", "study_name": "linear", "directions": [1]}
{"op_code": 0, "worker_id": "b773ca41-68e1-4602-abf2-639610f0e6be-4160", "study_name": "linear", "directions": [1]}
{"op_code": 0, "worker_id": "2ff2be27-d667-40cf-9ffc-f74edb2d0bc1-4160", "study_name": "linear", "directions": [1]}
{"op_code": 0, "worker_id": "e251079e-e610-4c7a-b54f-36f6f3d62bc6-4160", "study_name": "linear", "directions": [1]}
{"op_code": 0, "worker_id": "d3b0c131-3160-487d-b397-f6b5339bc5c6-4160", "study_name": "linear", "directions": [1]}
{"op_code": 0, "worker_id": "7739485e-fb02-4222-97c7-115fe7eebfbd-4160", "study_name": "linear", "directions": [1]}
{"op_code": 0, "worker_id": "d6396fb2-7f5c-4253-bf0d-9fb7bd6fa28b-4160", "study_name": "linear", "directions": [1]}
{"op_code": 0, "worker_id": "73ff966a-19cc-4540-ac21-9fd90a8462aa-4160", "study_name": "linear", "directions": [1]}
{"op_code": 0, "worker_id": "2b582b37-ddb6-4b92-89fe-c6a5cef50433-4160", "study_name": "linear", "directions": [1]}
{"op_code": 0, "worker_id": "b45b9db6-f5be-4301-a96d-9f84fead0062-4160", "study_name": "linear", "directions": [1]}
{"op_code": 0, "worker_id": "43179287-8b13-472c-a557-dd5e29dba6b7-4160", "study_name": "linear", "directions": [1]}
{"op_code": 0, "worker_id": "7f4fd2ff-033c-46b8-bf5b-1a6d704e84d1-4160", "study_name": "linear", "directions": [1]}
{"op_code": 0, "worker_id": "99b9940d-a104-4d5a-a259-43053f740a4d-4160", "study_name": "linear", "directions": [1]}
{"op_code": 0, "worker_id": "a6589111-c688-4922-8c74-45960e3ea5b9-4160", "study_name": "linear", "directions": [1]}
{"op_code": 0, "worker_id": "eb5349de-cc1e-4533-accd-91372a2f995b-4160", "study_name": "linear", "directions": [1]}
{"op_code": 0, "worker_id": "3fa6f4d8-c625-4ef0-be24-9ee5b7b240bb-4160", "study_name": "linear", "directions": [1]}
{"op_code": 0, "worker_id": "a79fc95c-b7a4-4108-a684-1231820d90fb-4160", "study_name": "linear", "directions": [1]}
{"op_code": 0, "worker_id": "bf4ee82b-6abe-4c21-898e-66423297414a-4160", "study_name": "linear", "directions": [1]}
{"op_code": 0, "worker_id": "e0a20a72-a07d-4957-ad2a-42cd93b15121-4160", "study_name": "linear", "directions": [1]}
{"op_code": 0, "worker_id": "523ab6a8-bef2-4e5e-8939-34259b479c95-4160", "study_name": "linear", "directions": [1]}
{"op_code": 0, "worker_id": "dfd69f86-32e7-4c5c-8e41-68b1c4c3c261-4160", "study_name": "linear", "directions": [1]}
{"op_code": 0, "worker_id": "7f34d24e-784b-4a24-b7ed-9e330f641085-4160", "study_name": "linear", "directions": [1]}
{"op_code": 0, "worker_id": "dfd3893b-3079-4b08-9bf5-1fed062986b4-4160", "study_name": "linear", "directions": [1]}
{"op_code": 0, "worker_id": "f0c7e306-098c-4b28-8206-f1ee304d0268-4160", "study_name": "linear", "directions": [1]}
{"op_code": 0, "worker_id": "4514989c-2a77-4027-bfdc-df68d5537b4d-4160", "study_name": "linear", "directions": [1]}
{"op_code": 0, "worker_id": "b5b365c1-d4b8-4cde-abe0-b28cf8e11c00-4160", "study_name": "linear", "directions": [1]}
{"op_code": 0, "worker_id": "69db0421-04fa-4200-bd24-66ed78623f2f-4160", "study_name": "linear", "directions": [1]}
{"op_code": 0, "worker_id": "d25e4554-fda4-4072-8546-bb0de6201191-4160", "study_name": "linear", "directions": [1]}
{"op_code": 0, "worker_id": "ebe0311a-d22a-421f-aba5-20646d651251-4160", "study_name": "linear", "directions": [1]}
{"op_code": 0, "worker_id": "2e6856a1-fa6d-438f-9441-99c4523ba95b-4160", "study_name": "linear", "directions": [1]}
{"op_code": 0, "worker_id": "3e4947d0-d8c1-4304-89e3-d38327934bf2-4160", "study_name": "linear", "directions": [1]}
{"op_code": 0, "worker_id": "38f3587d-fde3-46b6-af64-fd21da286650-4160", "study_name": "linear", "directions": [1]}
{"op_code": 0, "worker_id": "8f5efcbc-a93f-4e9a-a52b-9fa918d9e4e2-4160", "study_name": "linear", "directions": [1]}
{"op_code": 0, "worker_id": "663d104d-3efb-459b-87ed-9a60018f96e7-4160", "study_name": "linear", "directions": [1]}
{"op_code": 0, "worker_id": "2a32e079-3680-4a38-835e-9015f45d3bf4-4160", "study_name": "linear", "directions": [1]}
{"op_code": 0, "worker_id": "63124719-9478-45a4-a1cf-24ba877f5eae-4160", "study_name": "linear", "directions": [1]}
{"op_code": 0, "worker_id": "67782dd8-cfd7-485e-9380-29c51693773d-4160", "study_name": "linear", "directions": [1]}
{"op_code": 0, "worker_id": "ae146df3-7ed9-4277-8929-ed42156e70b7-4160", "study_name": "linear", "directions": [1]}
{"op_code": 0, "worker_id": "3137a74c-4b94-4c31-bb4a-e2386bda15aa-4160", "study_name": "linear", "directions": [1]}
{"op_code": 0, "worker_id": "2211b3cb-75bf-4a59-9df5-221651e4ac15-4160", "study_name": "linear", "directions": [1]}
{"op_code": 0, "worker_id": "69d3d7e2-e5d2-4606-bf57-18c3ecffdb30-4160", "study_name": "linear", "directions": [1]}
{"op_code": 0, "worker_id": "52546717-b095-495b-b2cd-50b341721645-4160", "study_name": "linear", "directions": [1]}
{"op_code": 0, "worker_id": "05726437-9f61-4b86-9766-10d6b00384d7-4160", "study_name": "linear", "directions": [1]}
{"op_code": 0, "worker_id": "16c09594-295f-4a95-94f4-9d147bdcf514-4160", "study_name": "linear", "directions": [1]}
{"op_code": 0, "worker_id": "ca0d9475-f1ff-4272-973b-2726d0dd69d3-4160", "study_name": "linear", "directions": [1]}
{"op_code": 0, "worker_id": "53a59e8e-64eb-418a-a937-4801ce91d352-4160", "study_name": "linear", "directions": [1]}
{"op_code": 0, "worker_id": "6ac16bb5-ba1f-4914-8300-2c3fd49c86d4-4160", "study_name": "linear", "directions": [1]}
{"op_code": 0, "worker_id": "ba9186e5-5608-4b0d-83de-bae5208d8a37-4160", "study_name": "linear", "directions": [1]}
{"op_code": 0, "worker_id": "6bef20ab-6602-4a37-bcba-71d71e2f4021-4160", "study_name": "linear", "directions": [1]}
{"op_code": 0, "worker_id": "c1e738d5-9e71-4957-8da2-2d7fbef1a0ca-4160", "study_name": "linear", "directions": [1]}
{"op_code": 0, "worker_id": "adcfb08e-9b90-44bb-93c0-eb2f25774ca9-4160", "study_name": "linear", "directions": [1]}
{"op_code": 0, "worker_id": "534e50de-3f52-4213-9abe-e17e4b347470-4160", "study_name": "linear", "directions": [1]}
{"op_code": 0, "worker_id": "346e6565-acd1-49a2-9426-9601ed89d63f-4160", "study_name": "linear", "directions": [1]}
{"op_code": 0, "worker_id": "7b9eddba-f588-4e2b-97a0-8d859ef4f188-4160", "study_name": "linear", "directions": [1]}
{"op_code": 0, "worker_id": "4b3f4a70-c54f-491b-ae6f-6364235babc6-4160", "study_name": "linear", "directions": [1]}
{"op_code": 0, "worker_id": "026b8a76-a968-441b-8339-7cf778a76cba-4160", "study_name": "linear", "directions": [1]}
{"op_code": 0, "worker_id": "e7721972-99fc-4d1e-aa03-801b19f26fc2-4160", "study_name": "linear", "directions": [1]}
{"op_code": 0, "worker_id": "e507ee68-76a1-432e-aa13-e6d3d34a632f-4160", "study_name": "linear", "directions": [1]}
{"op_code": 0, "worker_id": "f12f54ed-139a-414e-8fd0-510bf641d45f-4160", "study_name": "linear", "directions": [1]}
{"op_code": 0, "worker_id": "e6952b5e-df28-4420-b530-5c7df2f8d204-4160", "study_name": "linear", "directions": [1]}
{"op_code": 0, "worker_id": "51f088b6-6249-40f8-bdc2-80a7c1763943-4160", "study_name": "linear", "directions": [1]}
{"op_code": 0, "worker_id": "e85c4693-f4fc-4af5-ae97-12ea1d47bac0-4160", "study_name": "linear", "directions": [1]}
{"op_code": 0, "worker_id": "3b36aeb0-7cc2-4572-8303-9238afa60764-4160", "study_name": "linear", "directions": [1]}
{"op_code": 0, "worker_id": "b0b1674e-ae45-4c2d-a8b9-fa9490dce129-4160", "study_name": "linear", "directions": [1]}
{"op_code": 0, "worker_id": "94d226ed-1e8b-45b5-88cd-56d0f01cba65-4160", "study_name": "linear", "directions": [1]}
{"op_code": 0, "worker_id": "a7ec7604-27d6-4e44-9249-6fd76ba85d9c-4160", "study_name": "linear", "directions": [1]}
{"op_code": 0, "worker_id": "c77953d0-41d8-49f8-9c65-ab99e58e97cf-4160", "study_name": "linear", "directions": [1]}
{"op_code": 0, "worker_id": "425dc0ba-19ca-4422-b3f1-2bac3f515d51-4160", "study_name": "linear", "directions": [1]}
{"op_code": 0, "worker_id": "cba5f420-3386-4dfc-8d5c-46abf69f5b8f-4160", "study_name": "linear", "directions": [1]}
{"op_code": 0, "worker_id": "6f632ec0-4298-4b98-ba82-f1f3e48d3a51-4160", "study_name": "linear", "directions": [1]}
{"op_code": 0, "worker_id": "61be9348-97ae-40fe-b3f5-93676ae0b182-4160", "study_name": "linear", "directions": [1]}
{"op_code": 0, "worker_id": "57d9802b-9daf-49b6-a759-2712dea09c5a-4160", "study_name": "linear", "directions": [1]}
{"op_code": 0, "worker_id": "e7e58e61-d9da-4e1c-b87b-9d2321034f52-4160", "study_name": "linear", "directions": [1]}
{"op_code": 0, "worker_id": "421ca3f3-0c74-4991-877c-cd12d3dca15d-4160", "study_name": "linear", "directions": [1]}
{"op_code": 0, "worker_id": "99a1c549-05a0-4249-a787-92f234307e15-4160", "study_name": "linear", "directions": [1]}
{"op_code": 0, "worker_id": "4146e28e-7b2f-4899-9edc-cf1a00ee9a3b-4160", "study_name": "linear", "directions": [1]}
{"op_code": 0, "worker_id": "799b8bf6-411b-4e52-857b-02def03ad105-4160", "study_name": "linear", "directions": [1]}
{"op_code": 0, "worker_id": "1f8e1121-30ac-4740-b5c1-b3ee20a9a3b0-4160", "study_name": "linear", "directions": [1]}
{"op_code": 0, "worker_id": "d7ae0437-bcdf-436b-b31b-8afcd45bd7e3-4160", "study_name": "linear", "directions": [1]}
{"op_code": 0, "worker_id": "ac3714fa-d809-4d0b-a577-bc77740844e9-4160", "study_name": "linear", "directions": [1]}
{"op_code": 0, "worker_id": "05c50b61-6a21-4716-be1d-21dfb2c00f00-4160", "study_name": "linear", "directions": [1]}
{"op_code": 0, "worker_id": "3cbfb692-2fbf-42aa-9a0f-5542468be7af-4160", "study_name": "linear", "directions": [1]}
{"op_code": 0, "worker_id": "9194b34f-9efa-43c2-ae86-ac088af372dd-4160", "study_name": "linear", "directions": [1]}
{"op_code": 0, "worker_id": "09d6a421-f757-4bea-b35d-2e1a0f6f6640-4160", "study_name": "linear", "directions": [1]}
{"op_code": 0, "worker_id": "010ccdff-d3de-4552-97f7-671c474084c7-4160", "study_name": "linear", "directions": [1]}
{"op_code": 0, "worker_id": "88bf063b-b53e-4009-ab3d-f06978d404ce-4160", "study_name": "linear", "directions": [1]}
{"op_code": 0, "worker_id": "c6538116-ed9a-4905-a617-c658f9c6de05-4160", "study_name": "linear", "directions": [1]}
{"op_code": 0, "worker_id": "ade96fc7-5499-45d8-b754-2bfe7a4ffb43-4160", "study_name": "linear", "directions": [1]}
{"op_code": 0, "worker_id": "02896a90-9a44-4848-bf87-9500d242c28c-4160", "study_name": "linear", "directions": [1]}
{"op_code": 0, "worker_id": "c507e4d0-b2d9-47ef-8e37-999a68729635-4160", "study_name": "linear", "directions": [1]}
{"op_code": 0, "worker_id": "34494086-c5bc-47c5-9051-7ec4fda2a54f-4160", "study_name": "linear", "directions": [1]}
{"op_code": 0, "worker_id": "7da44d4a-c8e0-4648-aab5-0dd6a1d04eb4-4160", "study_name": "linear", "directions": [1]}
{"op_code": 0, "worker_id": "97d39008-d4b9-4a4f-b5ab-9db3af5b6f5f-4160", "study_name": "linear", "directions": [1]}
{"op_code": 0, "worker_id": "10d23374-0448-4cd6-89c9-0080240e8b4a-4160", "study_name": "linear", "directions": [1]}
{"op_code": 0, "worker_id": "f60354ab-9757-4566-bc4f-c9957dda8d5d-4160", "study_name": "linear", "directions": [1]}
{"op_code": 0, "worker_id": "d746fc14-1298-435c-ab3b-b5b8f7fed364-4160", "study_name": "linear", "directions": [1]}
{"op_code": 0, "worker_id": "76616da7-2fbc-4e2b-99e8-1176a6486424-4160", "study_name": "linear", "directions": [1]}
{"op_code": 0, "worker_id": "6348bdf0-1a1f-49e8-a716-d16538b152a9-4160", "study_name": "linear", "directions": [1]}
{"op_code": 0, "worker_id": "96fb1130-f1cd-451d-94b6-067fd7f905dc-4160", "study_name": "linear", "directions": [1]}
{"op_code": 0, "worker_id": "577bc75e-0dab-4974-acbd-b1f872e6edb1-4160", "study_name": "linear", "directions": [1]}
{"op_code": 0, "worker_id": "410b83e6-3459-4204-8e70-14f6693bb0b7-4160", "study_name": "linear", "directions": [1]}
{"op_code": 0, "worker_id": "2bf03537-489e-4753-92e6-e892585e0948-4160", "study_name": "linear", "directions": [1]}
{"op_code": 0, "worker_id": "091f1b51-2ff4-473d-bb91-f52fd02a7ddf-4160", "study_name": "linear", "directions": [1]}
{"op_code": 0, "worker_id": "68d51894-e9cc-49a2-b4cc-e5a615720636-4160", "study_name": "linear", "directions": [1]}
{"op_code": 0, "worker_id": "bdeee971-50fa-494f-b4bf-a97b759964bf-4160", "study_name": "linear", "directions": [1]}
{"op_code": 0, "worker_id": "686a7c10-6dfd-45b7-8c22-3559b4e08a95-4160", "study_name": "linear", "directions": [1]}
{"op_code": 0, "worker_id": "f1a77522-6301-470f-b5b9-2f7dc412fbcc-4160", "study_name": "linear", "directions": [1]}
{"op_code": 0, "worker_id": "e3044ad6-7da5-44f9-834c-d0318a8f90eb-4160", "study_name": "linear", "directions": [1]}
{"op_code": 0, "worker_id": "1c5398da-7ffb-4f73-908a-f5abdee544aa-4160", "study_name": "linear", "directions": [1]}
{"op_code": 0, "worker_id": "21a912b2-c717-41ca-9b04-a3fb13d6ff48-4160", "study_name": "linear", "directions": [1]}
{"op_code": 0, "worker_id": "8d9b3cf6-6462-45d9-9072-35ec14c6b4b4-4160", "study_name": "linear", "directions": [1]}
{"op_code": 0, "worker_id": "9b08b13a-fb61-44d1-930e-cc29c73e9bd8-4160", "study_name": "linear", "directions": [1]}
{"op_code": 0, "worker_id": "dc099fa9-8003-41f8-808d-13203a56b636-4160", "study_name": "linear", "directions": [1]}
{"op_code": 0, "worker_id": "27576fa8-8223-4c8a-8d73-db3fdbbe43b8-4160", "study_name": "linear", "directions": [1]}
{"op_code": 0, "worker_id": "02573fed-e1b6-4dd2-87be-6379b584b466-4160", "study_name": "linear", "directions": [1]}
{"op_code": 0, "worker_id": "474336c8-449c-4d07-8000-1bea631c9bad-4160", "study_name": "linear", "directions": [1]}
{"op_code": 0, "worker_id": "73f4bd14-297d-415b-8c19-a8edf0b6fba7-4160", "study_name": "linear", "directions": [1]}
{"op_code": 0, "worker_id": "aa7ed3f4-6f6a-4549-b345-c3d01c946e45-4160", "study_name": "linear", "directions": [1]}
{"op_code": 0, "worker_id": "922c7de3-e1dc-4e2f-8991-0ec9238980d2-4160", "study_name": "linear", "directions": [1]}
{"op_code": 0, "worker_id": "581ab6c7-68ff-44da-9ad6-f4656a449dd2-4160", "study_name": "linear", "directions": [1]}
{"op_code": 0, "worker_id": "e14d5328-9a01-4669-b92b-ca30b382fcbb-4160", "study_name": "linear", "directions": [1]}
{"op_code": 0, "worker_id": "f1628567-e64f-479d-b71f-9929490c0898-4160", "study_name": "linear", "directions": [1]}
{"op_code": 0, "worker_id": "bc3816f0-01d5-4e67-9a76-dee079a9d8da-4160", "study_name": "linear", "directions": [1]}
{"op_code": 0, "worker_id": "7a279167-1043-4414-9f66-6e26ca7b9521-4160", "study_name": "linear", "directions": [1]}
{"op_code": 0, "worker_id": "3b30ba1d-15e8-4e6b-9565-797b77a42457-4160", "study_name": "linear", "directions": [1]}
{"op_code": 0, "worker_id": "632ea222-a5a0-4c92-a2ad-ece8b383ac7f-4160", "study_name": "linear", "directions": [1]}
{"op_code": 0, "worker_id": "a30e3aea-bcb9-419f-869b-e3beeb6ee07b-4160", "study_name": "linear", "directions": [1]}
{"op_code": 0, "worker_id": "31653c9a-463a-43ef-895f-2d9d4207c31b-4160", "study_name": "linear", "directions": [1]}
{"op_code": 0, "worker_id": "f78201e1-364f-4f73-b57b-1176e315b822-4160", "study_name": "linear", "directions": [1]}
{"op_code": 0, "worker_id": "dd95c85b-b4bc-4e76-8035-cdefb07ceb57-4160", "study_name": "linear", "directions": [1]}
{"op_code": 0, "worker_id": "4e977775-a49b-40b4-9be5-ee28cdcf2dfa-4160", "study_name": "linear", "directions": [1]}
{"op_code": 0, "worker_id": "74ea26ab-c75d-41f5-bc56-614dd6c895ca-4160", "study_name": "linear", "directions": [1]}
{"op_code": 0, "worker_id": "c15e2e1b-c140-4cc8-9531-9ab20dad3d29-4160", "study_name": "linear", "directions": [1]}
{"op_code": 0, "worker_id": "37e52ccc-ec5a-4519-a979-268728442cbe-4160", "study_name": "linear", "directions": [1]}
{"op_code": 0, "worker_id": "b18611ef-587d-4c66-b95b-c6cb5780827e-4160", "study_name": "linear", "directions": [1]}
{"op_code": 0, "worker_id": "e020ecfe-054e-4bc8-9fd3-98f4dc14d490-4160", "study_name": "linear", "directions": [1]}
{"op_code": 0, "worker_id": "2219b45a-cffe-49c4-94db-791d15b44938-4160", "study_name": "linear", "directions": [1]}
{"op_code": 0, "worker_id": "3d2c0461-2b56-4ca2-be00-33fd64324592-4160", "study_name": "linear", "directions": [1]}
{"op_code": 0, "worker_id": "bb7037a3-bf92-4349-af70-26368015057a-4160", "study_name": "linear", "directions": [1]}
{"op_code": 0, "worker_id": "38090784-f45e-41df-bf3b-01cee6355442-4160", "study_name": "linear", "directions": [1]}
{"op_code": 0, "worker_id": "aef668b1-adbd-4cbd-816f-aca7ef0861c1-4160", "study_name": "linear", "directions": [1]}
{"op_code": 0, "worker_id": "6e672f32-ebb2-4af8-8f99-b2b4586cd59f-4160", "study_name": "linear", "directions": [1]}
{"op_code": 0, "worker_id": "04013f82-85eb-45e2-9d02-6c2487697f75-4160", "study_name": "linear", "directions": [1]}
{"op_code": 0, "worker_id": "546af223-7a36-4705-a63e-8a7ecd30f419-4160", "study_name": "linear", "directions": [1]}
{"op_code": 0, "worker_id": "350950c5-6b82-468a-ad37-bc3211f95267-4160", "study_name": "linear", "directions": [1]}
{"op_code": 0, "worker_id": "a287aec8-158f-4ffb-9144-e992b622f78a-4160", "study_name": "linear", "directions": [1]}
{"op_code": 0, "worker_id": "d63f3b2a-37fe-4fdb-87f7-dab8ad5f16a7-4160", "study_name": "linear", "directions": [1]}
{"op_code": 0, "worker_id": "a29bd73e-498b-42bb-852b-72ff7f7b6786-4160", "study_name": "linear", "directions": [1]}
{"op_code": 0, "worker_id": "5a3221d1-2d5f-4c94-a97d-e57173a3ba51-4160", "study_name": "linear", "directions": [1]}
{"op_code": 0, "worker_id": "40b1b6e8-f846-4382-b629-2a6e95175e67-4160", "study_name": "linear", "directions": [1]}
{"op_code": 0, "worker_id": "420ab529-6946-44b5-9476-73d9b7e8a2ae-4160", "study_name": "linear", "directions": [1]}
{"op_code": 0, "worker_id": "b931e0fb-3329-4ecf-be2b-fbd1b5f8b9ce-4160", "study_name": "linear", "directions": [1]}
{"op_code": 0, "worker_id": "3219f0cc-8961-4eb2-8b74-49c943b7b0d9-4160", "study_name": "linear", "directions": [1]}
{"op_code": 0, "worker_id": "6bdc8ac2-bad8-4635-9647-893d6d306048-4160", "study_name": "linear", "directions": [1]}
{"op_code": 0, "worker_id": "7ee7c95b-481e-4023-bd99-b0743466e6b5-4160", "study_name": "linear", "directions": [1]}
{"op_code": 0, "worker_id": "15c8c2c0-d77b-4539-b154-e3457da4d99d-4160", "study_name": "linear", "directions": [1]}
{"op_code": 0, "worker_id": "84c950c8-b5a6-4edc-a382-e3ffd0f99b18-4160", "study_name": "linear", "directions": [1]}
{"op_code": 0, "worker_id": "6559c198-fdaf-4634-be5b-5434eaea814d-4160", "study_name": "linear", "directions": [1]}
{"op_code": 0, "worker_id": "e8b2d813-90ca-4380-9185-7e1dfc824c0d-4160", "study_name": "linear", "directions": [1]}
{"op_code": 0, "worker_id": "91406ebe-af49-4348-9285-01a2975cb873-4160", "study_name": "linear", "directions": [1]}
{"op_code": 0, "worker_id": "e85815d8-59ec-4883-9eb1-dade609de79a-4160", "study_name": "linear", "directions": [1]}
{"op_code": 0, "worker_id": "17b440ea-8132-4694-b790-278915530066-4160", "study_name": "linear", "directions": [1]}
{"op_code": 0, "worker_id": "d32b2081-2fe6-4b86-8169-47887d29eeee-4160", "study_name": "linear", "directions": [1]}
{"op_code": 0, "worker_id": "a1481c83-d32e-421d-b14a-f7f749149b21-4160", "study_name": "linear", "directions": [1]}
{"op_code": 0, "worker_id": "3cd07b1a-c56e-4c5a-9c0f-b03a9455d72c-4160", "study_name": "linear", "directions": [1]}
{"op_code": 0, "worker_id": "5be8b43a-48c1-436e-93de-da248827d577-4160", "study_name": "linear", "directions": [1]}
{"op_code": 0, "worker_id": "319feb5a-0b59-49f8-a0bc-ef03012c8ff7-4160", "study_name": "linear", "directions": [1]}
{"op_code": 0, "worker_id": "2672f6d2-9cc7-470d-a7cd-7cef018142ed-4160", "study_name": "linear", "directions": [1]}
{"op_code": 0, "worker_id": "4f50ddb3-4ba2-4348-9a92-7119ffd83ddd-4160", "study_name": "linear", "directions": [1]}
{"op_code": 0, "worker_id": "20027268-31ca-4eec-a775-f56ccbee731c-4160", "study_name": "linear", "directions": [1]}
{"op_code": 0, "worker_id": "b21da578-0ec7-43b2-94f9-38c40bde72af-4160", "study_name": "linear", "directions": [1]}
{"op_code": 0, "worker_id": "0c6758b8-0d4f-493c-a86f-38e064077911-4160", "study_name": "linear", "directions": [1]}
{"op_code": 0, "worker_id": "c599a6ba-88ca-4baa-b0ab-805dcaa10a66-4160", "study_name": "linear", "directions": [1]}
{"op_code": 0, "worker_id": "4fbd9e4b-57b5-4b79-be18-df33b8fdad8a-4160", "study_name": "linear", "directions": [1]}
{"op_code": 0, "worker_id": "3d8abd18-2b23-414d-ac42-6a977fc17637-4160", "study_name": "linear", "directions": [1]}
{"op_code": 0, "worker_id": "341c2139-a0fe-4512-b4ab-4ea1b0845d21-4160", "study_name": "linear", "directions": [1]}
{"op_code": 0, "worker_id": "24c0509b-975d-423e-a45c-ddb9e5c10e28-4160", "study_name": "linear", "directions": [1]}
{"op_code": 0, "worker_id": "a11123fa-445c-43b3-acb6-f104b56bcef5-4160", "study_name": "linear", "directions": [1]}
{"op_code": 0, "worker_id": "ce9ec21a-7ec6-4491-8e7e-9004b6eed2a5-4160", "study_name": "linear", "directions": [1]}
{"op_code": 0, "worker_id": "9ed6782c-8675-448a-913b-e2af02e2809a-4160", "study_name": "linear", "directions": [1]}
{"op_code": 0, "worker_id": "6dff29df-ca0a-4d12-8f74-1b497ba68c7c-4160", "study_name": "linear", "directions": [1]}
{"op_code": 0, "worker_id": "09695248-1ef0-4d6a-a651-24ae85247393-4160", "study_name": "linear", "directions": [1]}
{"op_code": 0, "worker_id": "5a95a7ba-bcb9-4ee2-a88f-a354aaf3cc87-4160", "study_name": "linear", "directions": [1]}
{"op_code": 0, "worker_id": "540f72c8-7ada-41fe-87e0-fd2be9e98405-4160", "study_name": "linear", "directions": [1]}
{"op_code": 0, "worker_id": "278d5b78-c979-476b-858f-0aede5e58757-4160", "study_name": "linear", "directions": [1]}
{"op_code": 0, "worker_id": "f4f7761e-1bc3-41e1-bcea-4fb09fe8b7f2-4160", "study_name": "linear", "directions": [1]}
{"op_code": 0, "worker_id": "eb06317d-4075-4245-b1d8-43589eca559b-4160", "study_name": "linear", "directions": [1]}
{"op_code": 0, "worker_id": "2b42fe93-4e9b-4f6f-82a4-853f9b542425-4160", "study_name": "linear", "directions": [1]}
{"op_code": 0, "worker_id": "7ab00358-12e2-4347-886d-c8d22ceba8bf-4160", "study_name": "linear", "directions": [1]}
{"op_code": 0, "worker_id": "4119fde0-16f6-4079-9d18-ac85a8a9ae8d-4160", "study_name": "linear", "directions": [1]}
{"op_code": 0, "worker_id": "bc103247-62b1-42b7-8798-9ddf41e90a39-4160", "study_name": "linear", "directions": [1]}
{"op_code": 0, "worker_id": "f02c6a7f-df28-4167-a8c3-1f26336c0328-4160", "study_name": "linear", "directions": [1]}
{"op_code": 0, "worker_id": "3c5287b6-01ed-4ee1-83be-8a85ec2c1b06-4160", "study_name": "linear", "directions": [1]}
{"op_code": 0, "worker_id": "4feb930f-ba5b-466b-a792-731c063f12cf-4160", "study_name": "linear", "directions": [1]}
{"op_code": 0, "worker_id": "9ca15707-cdbd-4871-8c5b-bb19b954e126-4160", "study_name": "linear", "directions": [1]}
{"op_code": 0, "worker_id": "f93709fc-52be-4fb3-9d33-8081e12c385f-4160", "study_name": "linear", "directions": [1]}
{"op_code": 0, "worker_id": "82a66492-b3e4-4b8e-9271-8f11a86d232d-4160", "study_name": "linear", "directions": [1]}
{"op_code": 0, "worker_id": "855827e2-cb3a-4b6f-aa8e-b201a71cd499-4160", "study_name": "linear", "directions": [1]}
{"op_code": 0, "worker_id": "52e15598-0012-4d10-af53-ec252ab340b9-4160", "study_name": "linear", "directions": [1]}
{"op_code": 0, "worker_id": "d5d3136e-44f1-40dd-98e2-ce8f1903e43f-4160", "study_name": "linear", "directions": [1]}
{"op_code": 0, "worker_id": "149af771-011f-437f-a458-4783d659e809-4160", "study_name": "linear", "directions": [1]}
{"op_code": 0, "worker_id": "e4126fee-20f8-4a4d-974e-64668f51bd82-4160", "study_name": "linear", "directions": [1]}
{"op_code": 0, "worker_id": "1c18f57d-8efd-4047-b52d-27d267754075-4160", "study_name": "linear", "directions": [1]}
{"op_code": 0, "worker_id": "f4e49f27-5843-40aa-9827-bdd4a5f5eafa-4160", "study_name": "linear", "directions": [1]}
{"op_code": 0, "worker_id": "086d4c0b-b34d-4eb8-bdb4-d3aff01c5e43-4160", "study_name": "linear", "directions": [1]}
{"op_code": 0, "worker_id": "efbda5f2-2b7c-404f-82a4-65e9169a0232-4160", "study_name": "linear", "directions": [1]}
{"op_code": 0, "worker_id": "1dd09c0c-a07d-4313-8485-41cc64c686a5-4160", "study_name": "linear", "directions": [1]}
{"op_code": 0, "worker_id": "826ec59c-2502-450b-9e1e-c59104e00757-4160", "study_name": "linear", "directions": [1]}
{"op_code": 0, "worker_id": "e0aae3e5-5e91-4872-8bb1-ff7e86abeba3-4160", "study_name": "linear", "directions": [1]}
{"op_code": 0, "worker_id": "ccd06c82-31f7-4015-b0a7-8ed4e15e2cdb-4160", "study_name": "linear", "directions": [1]}
{"op_code": 0, "worker_id": "34cf4b10-0c9f-4dd5-8f0f-0b44ddadd120-4160", "study_name": "linear", "directions": [1]}
{"op_code": 0, "worker_id": "d113fbee-1765-496f-bd35-9771d311ae17-4160", "study_name": "linear", "directions": [1]}
{"op_code": 0, "worker_id": "22815b97-2502-467e-8309-186b10063569-4160", "study_name": "linear", "directions": [1]}
{"op_code": 0, "worker_id": "06858ad9-7e98-4b5c-a142-109c99258578-4160", "study_name": "linear", "directions": [1]}
{"op_code": 0, "worker_id": "6845ad02-e4f3-4c81-93aa-01a9841e1a70-4160", "study_name": "linear", "directions": [1]}
{"op_code": 0, "worker_id": "a20a8dff-de08-417e-b8e7-b68ac5e7e0fe-4160", "study_name": "linear", "directions": [1]}
{"op_code": 0, "worker_id": "e2545746-8925-4976-9dfe-2f4ee9e31b38-4160", "study_name": "linear", "directions": [1]}
{"op_code": 0, "worker_id": "0a9f85ee-94e0-4a9a-8cc9-43a852d870b7-4160", "study_name": "linear", "directions": [1]}
{"op_code": 0, "worker_id": "98b866e2-074e-4b01-8230-6926ebc29398-4160", "study_name": "linear", "directions": [1]}
{"op_code": 0, "worker_id": "ff3297a3-f485-4638-aeab-fe9372cb5dc4-4160", "study_name": "linear", "directions": [1]}
{"op_code": 0, "worker_id": "c9e75bc7-29d5-485a-8a67-cf49cff957a9-4160", "study_name": "linear", "directions": [1]}
{"op_code": 0, "worker_id": "0d40f88d-fe10-4ed1-9e0b-40dc0e18d19d-4160", "study_name": "linear", "directions": [1]}
{"op_code": 0, "worker_id": "3fe086fb-c8a6-4f52-946d-176faa3aa4cb-4160", "study_name": "linear", "directions": [1]}
{"op_code": 0, "worker_id": "1174879c-a668-4115-a261-b1684ccc682b-4160", "study_name": "linear", "directions": [1]}
{"op_code": 0, "worker_id": "f38d49c6-e108-4dda-96d2-886b3836dd47-4160", "study_name": "linear", "directions": [1]}
{"op_code": 0, "worker_id": "5107e063-2b78-4343-8caf-0c7abe44e1c9-4160", "study_name": "linear", "directions": [1]}
{"op_code": 0, "worker_id": "be237b2e-87b7-4c93-965b-7436a2840343-4160", "study_name": "linear", "directions": [1]}
{"op_code": 0, "worker_id": "47b486d7-15d1-4148-858b-d30d978b7ea8-4160", "study_name": "linear", "directions": [1]}
{"op_code": 0, "worker_id": "cd2e914b-dbd6-47e8-9e46-c42a2ca07d3c-4160", "study_name": "linear", "directions": [1]}
{"op_code": 0, "worker_id": "6387521e-a493-40fc-814c-c8ab5d00a73d-4160", "study_name": "linear", "directions": [1]}
{"op_code": 0, "worker_id": "6a264b62-edbe-439a-8f9b-4565cfdcb99c-4160", "study_name": "linear", "directions": [1]}
{"op_code": 0, "worker_id": "0e30072f-6599-49e7-86ee-fff1ebad704b-4160", "study_name": "linear", "directions": [1]}
{"op_code": 0, "worker_id": "48cc7ae7-1b73-4ccc-ac45-b323f9261f9e-4160", "study_name": "linear", "directions": [1]}
{"op_code": 0, "worker_id": "9835a325-6a2f-480e-b98b-e06164c79a24-4160", "study_name": "linear", "directions": [1]}
{"op_code": 0, "worker_id": "ff5ccf2b-2090-4953-b1a3-f4fcd62b0d5b-4160", "study_name": "linear", "directions": [1]}
{"op_code": 0, "worker_id": "c6f530d0-0570-4d5a-88af-07d5d1f7e065-4160", "study_name": "linear", "directions": [1]}
{"op_code": 0, "worker_id": "971b3df1-35d9-41c3-9b51-deaa9a3b2e24-4160", "study_name": "linear", "directions": [1]}
{"op_code": 0, "worker_id": "4931e170-fd8a-4a74-ad15-eeb486ff2722-4160", "study_name": "linear", "directions": [1]}
{"op_code": 0, "worker_id": "32a05607-5edd-475b-ac7e-ef756fdd8546-4160", "study_name": "linear", "directions": [1]}
{"op_code": 0, "worker_id": "07b5675d-bf7c-4901-a5d2-639e248db5dc-4160", "study_name": "linear", "directions": [1]}
{"op_code": 0, "worker_id": "efc024ab-4ee9-4523-b2b6-fb7ff404651f-4160", "study_name": "linear", "directions": [1]}
{"op_code": 0, "worker_id": "78fcf7cb-ad1b-4ee6-bd88-1e62ec605975-4160", "study_name": "linear", "directions": [1]}
{"op_code": 0, "worker_id": "59087b5c-824a-49fc-9fb4-2be18d3995ff-4160", "study_name": "linear", "directions": [1]}
{"op_code": 0, "worker_id": "99035fac-a3a5-4e9c-8d1a-a42f2e48f5ee-4160", "study_name": "linear", "directions": [1]}
{"op_code": 0, "worker_id": "f81f2246-819d-4573-b0c6-06768edb6dd1-4160", "study_name": "linear", "directions": [1]}
{"op_code": 0, "worker_id": "7500c9e5-1653-4240-a439-97fccdcbf2e7-4160", "study_name": "linear", "directions": [1]}
{"op_code": 0, "worker_id": "f1e77722-0fcc-41c1-829d-5e4c1aab2313-4160", "study_name": "linear", "directions": [1]}
{"op_code": 0, "worker_id": "184adfd0-c1d8-4720-b57b-ebf33a478617-4160", "study_name": "linear", "directions": [1]}
{"op_code": 0, "worker_id": "a1cb8ee8-2063-4604-b99e-ab3e90056811-4160", "study_name": "linear", "directions": [1]}
{"op_code": 0, "worker_id": "f1097d0f-40e5-42dd-9a60-12cb9a2a97c9-4160", "study_name": "linear", "directions": [1]}
{"op_code": 0, "worker_id": "a2c69aac-9446-4674-badb-44ab65225e85-4160", "study_name": "linear", "directions": [1]}
{"op_code": 0, "worker_id": "33d13552-e5d9-483e-9645-25b8a7e86261-4160", "study_name": "linear", "directions": [1]}
{"op_code": 0, "worker_id": "2482e613-3616-4d06-b020-833d9850bd90-4160", "study_name": "linear", "directions": [1]}
{"op_code": 0, "worker_id": "c2d6b89f-04b4-4a5e-bdf6-7c98cee92299-4160", "study_name": "linear", "directions": [1]}
{"op_code": 0, "worker_id": "8fd0dce3-3121-42e1-9028-d5140a09b449-4160", "study_name": "linear", "directions": [1]}
{"op_code": 0, "worker_id": "8d6771a0-8e23-44e0-921e-f6ef7a2f3259-4160", "study_name": "linear", "directions": [1]}
{"op_code": 0, "worker_id": "55219501-880f-41a9-8fdd-ebbc80a9d09f-4160", "study_name": "linear", "directions": [1]}
{"op_code": 0, "worker_id": "85dce0e2-1efe-43a4-8714-3829a3d5f886-4160", "study_name": "linear", "directions": [1]}
