{"op_code": 0, "worker_id": "fb93e552-d0f9-4748-a77f-3009be0749bc-47279818202944", "study_name": "RF", "directions": [1]}
{"op_code": 4, "worker_id": "fb93e552-d0f9-4748-a77f-3009be0749bc-47280521058048", "study_id": 0, "datetime_start": "2023-11-07T17:13:21.653198"}
{"op_code": 5, "worker_id": "fb93e552-d0f9-4748-a77f-3009be0749bc-47280521058048", "trial_id": 0, "param_name": "n_estimators", "param_value_internal": 0, "distribution": "{\"name\": \"CategoricalDistribution\", \"attributes\": {\"choices\": [10, 20, 50, 200, 500]}}"}
{"op_code": 5, "worker_id": "fb93e552-d0f9-4748-a77f-3009be0749bc-47280521058048", "trial_id": 0, "param_name": "max_features", "param_value_internal": 1, "distribution": "{\"name\": \"CategoricalDistribution\", \"attributes\": {\"choices\": [\"auto\", \"sqrt\", \"log2\"]}}"}
{"op_code": 5, "worker_id": "fb93e552-d0f9-4748-a77f-3009be0749bc-47280521058048", "trial_id": 0, "param_name": "max_depth", "param_value_internal": 1, "distribution": "{\"name\": \"CategoricalDistribution\", \"attributes\": {\"choices\": [null, 2, 3, 4, 5, 10]}}"}
{"op_code": 6, "worker_id": "fb93e552-d0f9-4748-a77f-3009be0749bc-47280521058048", "trial_id": 0, "state": 1, "values": [0.24633720031744843], "datetime_complete": "2023-11-07T17:13:38.534906"}
{"op_code": 0, "worker_id": "96777730-c1ac-4b43-9b03-79f5499c756b-47279818202944", "study_name": "RF", "directions": [1]}
{"op_code": 4, "worker_id": "96777730-c1ac-4b43-9b03-79f5499c756b-47280521058048", "study_id": 0, "datetime_start": "2023-11-07T17:20:07.287490"}
{"op_code": 5, "worker_id": "96777730-c1ac-4b43-9b03-79f5499c756b-47280521058048", "trial_id": 1, "param_name": "n_estimators", "param_value_internal": 2, "distribution": "{\"name\": \"CategoricalDistribution\", \"attributes\": {\"choices\": [10, 20, 50, 200, 500]}}"}
{"op_code": 5, "worker_id": "96777730-c1ac-4b43-9b03-79f5499c756b-47280521058048", "trial_id": 1, "param_name": "max_features", "param_value_internal": 0, "distribution": "{\"name\": \"CategoricalDistribution\", \"attributes\": {\"choices\": [\"auto\", \"sqrt\", \"log2\"]}}"}
{"op_code": 5, "worker_id": "96777730-c1ac-4b43-9b03-79f5499c756b-47280521058048", "trial_id": 1, "param_name": "max_depth", "param_value_internal": 5, "distribution": "{\"name\": \"CategoricalDistribution\", \"attributes\": {\"choices\": [null, 2, 3, 4, 5, 10]}}"}
{"op_code": 6, "worker_id": "96777730-c1ac-4b43-9b03-79f5499c756b-47280521058048", "trial_id": 1, "state": 1, "values": [0.24656328567240463], "datetime_complete": "2023-11-07T17:20:24.158741"}
{"op_code": 0, "worker_id": "0a002b85-f29c-4d34-9ff6-8719a3a2a89a-47279818202944", "study_name": "RF", "directions": [1]}
{"op_code": 4, "worker_id": "0a002b85-f29c-4d34-9ff6-8719a3a2a89a-47280521058048", "study_id": 0, "datetime_start": "2023-11-07T17:26:56.563294"}
{"op_code": 5, "worker_id": "0a002b85-f29c-4d34-9ff6-8719a3a2a89a-47280521058048", "trial_id": 2, "param_name": "n_estimators", "param_value_internal": 0, "distribution": "{\"name\": \"CategoricalDistribution\", \"attributes\": {\"choices\": [10, 20, 50, 200, 500]}}"}
{"op_code": 5, "worker_id": "0a002b85-f29c-4d34-9ff6-8719a3a2a89a-47280521058048", "trial_id": 2, "param_name": "max_features", "param_value_internal": 2, "distribution": "{\"name\": \"CategoricalDistribution\", \"attributes\": {\"choices\": [\"auto\", \"sqrt\", \"log2\"]}}"}
{"op_code": 5, "worker_id": "0a002b85-f29c-4d34-9ff6-8719a3a2a89a-47280521058048", "trial_id": 2, "param_name": "max_depth", "param_value_internal": 2, "distribution": "{\"name\": \"CategoricalDistribution\", \"attributes\": {\"choices\": [null, 2, 3, 4, 5, 10]}}"}
{"op_code": 6, "worker_id": "0a002b85-f29c-4d34-9ff6-8719a3a2a89a-47280521058048", "trial_id": 2, "state": 1, "values": [0.2448503886733512], "datetime_complete": "2023-11-07T17:27:13.438596"}
{"op_code": 0, "worker_id": "cc1fb7c3-a178-45ff-98ba-fd607473c9ac-47279818202944", "study_name": "RF", "directions": [1]}
{"op_code": 4, "worker_id": "cc1fb7c3-a178-45ff-98ba-fd607473c9ac-47280521058048", "study_id": 0, "datetime_start": "2023-11-07T17:33:45.415582"}
{"op_code": 5, "worker_id": "cc1fb7c3-a178-45ff-98ba-fd607473c9ac-47280521058048", "trial_id": 3, "param_name": "n_estimators", "param_value_internal": 1, "distribution": "{\"name\": \"CategoricalDistribution\", \"attributes\": {\"choices\": [10, 20, 50, 200, 500]}}"}
{"op_code": 5, "worker_id": "cc1fb7c3-a178-45ff-98ba-fd607473c9ac-47280521058048", "trial_id": 3, "param_name": "max_features", "param_value_internal": 0, "distribution": "{\"name\": \"CategoricalDistribution\", \"attributes\": {\"choices\": [\"auto\", \"sqrt\", \"log2\"]}}"}
{"op_code": 5, "worker_id": "cc1fb7c3-a178-45ff-98ba-fd607473c9ac-47280521058048", "trial_id": 3, "param_name": "max_depth", "param_value_internal": 1, "distribution": "{\"name\": \"CategoricalDistribution\", \"attributes\": {\"choices\": [null, 2, 3, 4, 5, 10]}}"}
{"op_code": 6, "worker_id": "cc1fb7c3-a178-45ff-98ba-fd607473c9ac-47280521058048", "trial_id": 3, "state": 1, "values": [0.24644204316052057], "datetime_complete": "2023-11-07T17:34:02.357695"}
{"op_code": 0, "worker_id": "e2288c3a-fee1-4486-80f8-bf32f4b51599-6556", "study_name": "RF", "directions": [1]}
{"op_code": 0, "worker_id": "9024a56d-a9b8-4dc5-8f8e-23e88a50b3d8-6556", "study_name": "RF", "directions": [1]}
{"op_code": 0, "worker_id": "726b0806-c526-4625-b3eb-21c80e06bd5f-6556", "study_name": "RF", "directions": [1]}
{"op_code": 0, "worker_id": "d6f09be5-c71c-41e8-ae7e-2f5b685f8bfe-6556", "study_name": "RF", "directions": [1]}
{"op_code": 0, "worker_id": "50d7939e-396d-42a9-8f95-4033a143eea3-6556", "study_name": "RF", "directions": [1]}
{"op_code": 0, "worker_id": "44fbb810-d6fd-47b3-b763-4fe8a6590901-2012", "study_name": "RF", "directions": [1]}
{"op_code": 0, "worker_id": "cfd45beb-daad-4efd-bc8a-a2671af46e19-2012", "study_name": "RF", "directions": [1]}
{"op_code": 0, "worker_id": "3381ea80-fd8b-4fa7-aad3-bde6eff9ac44-2012", "study_name": "RF", "directions": [1]}
{"op_code": 0, "worker_id": "3bee05f5-e82c-4ec1-a02e-c1ed8b1339b9-2012", "study_name": "RF", "directions": [1]}
{"op_code": 0, "worker_id": "e7342f37-6e7a-43fe-a917-a27bf9806de4-2012", "study_name": "RF", "directions": [1]}
{"op_code": 4, "worker_id": "44fbb810-d6fd-47b3-b763-4fe8a6590901-17632", "study_id": 0, "datetime_start": "2023-11-14T13:26:05.493113"}
{"op_code": 5, "worker_id": "44fbb810-d6fd-47b3-b763-4fe8a6590901-17632", "trial_id": 4, "param_name": "n_estimators", "param_value_internal": 2, "distribution": "{\"name\": \"CategoricalDistribution\", \"attributes\": {\"choices\": [10, 20, 50, 200, 500]}}"}
{"op_code": 5, "worker_id": "44fbb810-d6fd-47b3-b763-4fe8a6590901-17632", "trial_id": 4, "param_name": "max_features", "param_value_internal": 1, "distribution": "{\"name\": \"CategoricalDistribution\", \"attributes\": {\"choices\": [\"auto\", \"sqrt\", \"log2\"]}}"}
{"op_code": 5, "worker_id": "44fbb810-d6fd-47b3-b763-4fe8a6590901-17632", "trial_id": 4, "param_name": "max_depth", "param_value_internal": 5, "distribution": "{\"name\": \"CategoricalDistribution\", \"attributes\": {\"choices\": [null, 2, 3, 4, 5, 10]}}"}
{"op_code": 6, "worker_id": "44fbb810-d6fd-47b3-b763-4fe8a6590901-17632", "trial_id": 4, "state": 1, "values": [0.2463223988665644], "datetime_complete": "2023-11-14T13:26:51.179215"}
{"op_code": 0, "worker_id": "f139eedf-9a30-4d2e-8a23-911fe11cea86-4160", "study_name": "RF", "directions": [1]}
{"op_code": 0, "worker_id": "8136605b-922a-4556-a2dd-71351cef3f16-4160", "study_name": "RF", "directions": [1]}
{"op_code": 0, "worker_id": "07bfa95f-0835-4b8e-96cd-11b7bdd38008-4160", "study_name": "RF", "directions": [1]}
{"op_code": 0, "worker_id": "ecbe7a67-b3b9-4cd7-9df3-ef40b2f84472-4160", "study_name": "RF", "directions": [1]}
{"op_code": 0, "worker_id": "26255dc7-60b7-4226-a9fe-8e0db4206a0f-4160", "study_name": "RF", "directions": [1]}
{"op_code": 0, "worker_id": "249a58df-7666-4de3-ac9d-51862cb2676d-4160", "study_name": "RF", "directions": [1]}
{"op_code": 0, "worker_id": "d3b831aa-6f72-44fe-8607-0f586c48552e-4160", "study_name": "RF", "directions": [1]}
{"op_code": 0, "worker_id": "4d7eba24-3d26-4558-8171-bced1c1f8c8a-4160", "study_name": "RF", "directions": [1]}
{"op_code": 0, "worker_id": "c804183b-317c-4dba-8882-40f614249b9f-4160", "study_name": "RF", "directions": [1]}
{"op_code": 0, "worker_id": "968fa7d9-51f4-4d43-8e64-6dd2e52dbd73-4160", "study_name": "RF", "directions": [1]}
{"op_code": 0, "worker_id": "2ac2d226-2e2f-46da-a078-075350954b49-4160", "study_name": "RF", "directions": [1]}
{"op_code": 0, "worker_id": "4296c76d-1844-43b6-8f6d-adec2686d4bf-4160", "study_name": "RF", "directions": [1]}
{"op_code": 0, "worker_id": "73990cff-f5dc-4c47-a2fb-6d81d26c6e81-4160", "study_name": "RF", "directions": [1]}
{"op_code": 0, "worker_id": "bbdc824e-0e5a-43ea-bee1-b3f09a2171e6-4160", "study_name": "RF", "directions": [1]}
{"op_code": 0, "worker_id": "55fc93cf-f5cf-4735-b202-08da53327444-4160", "study_name": "RF", "directions": [1]}
{"op_code": 0, "worker_id": "a923b643-f1fe-45d7-bace-f30b77ae2130-4160", "study_name": "RF", "directions": [1]}
{"op_code": 0, "worker_id": "64bef343-92ec-4e42-9eb3-4619abed7767-4160", "study_name": "RF", "directions": [1]}
{"op_code": 0, "worker_id": "4a797371-1930-4522-b728-76ea6a379992-4160", "study_name": "RF", "directions": [1]}
{"op_code": 0, "worker_id": "d9b212c2-0e80-4422-929d-912ec61f0f7a-4160", "study_name": "RF", "directions": [1]}
{"op_code": 0, "worker_id": "1f702d55-ab7b-4e83-a1fa-979f2170595e-4160", "study_name": "RF", "directions": [1]}
{"op_code": 0, "worker_id": "5f96c604-b855-45f5-abfe-991b6c41c0c7-4160", "study_name": "RF", "directions": [1]}
{"op_code": 0, "worker_id": "3bb21dc6-f70a-404d-9ce6-887e98250cfe-4160", "study_name": "RF", "directions": [1]}
{"op_code": 0, "worker_id": "c83e437f-9227-4fd6-8fbe-62b6b24348da-4160", "study_name": "RF", "directions": [1]}
{"op_code": 0, "worker_id": "465c0626-87d2-47d4-a97d-93674f15c343-4160", "study_name": "RF", "directions": [1]}
{"op_code": 0, "worker_id": "334fadc2-96a7-47ce-a01f-5942a20c6ef7-4160", "study_name": "RF", "directions": [1]}
{"op_code": 0, "worker_id": "3dbb3e13-4b69-4f73-b8db-77db25528821-4160", "study_name": "RF", "directions": [1]}
{"op_code": 0, "worker_id": "ca5df9c2-cb58-498b-8da9-51fff6b22bd0-4160", "study_name": "RF", "directions": [1]}
{"op_code": 0, "worker_id": "4e9f71c1-f071-4c8b-adcc-4463cb67f44c-4160", "study_name": "RF", "directions": [1]}
{"op_code": 0, "worker_id": "7d6d4241-af50-4b99-996d-e408cd752dbe-4160", "study_name": "RF", "directions": [1]}
{"op_code": 0, "worker_id": "9d464c5a-2017-4d56-a6be-ea5b3aa00437-4160", "study_name": "RF", "directions": [1]}
{"op_code": 0, "worker_id": "5ff2fd9f-5dfe-4205-a4cd-470ee740a46f-4160", "study_name": "RF", "directions": [1]}
{"op_code": 0, "worker_id": "3dcaffe3-5264-4b09-80f3-6606246e8cd1-4160", "study_name": "RF", "directions": [1]}
{"op_code": 0, "worker_id": "d67334e8-634c-4e82-b4c2-5de0d57323c4-4160", "study_name": "RF", "directions": [1]}
{"op_code": 0, "worker_id": "2153bb4e-8c9a-4e43-89bb-e12be74746f5-4160", "study_name": "RF", "directions": [1]}
{"op_code": 0, "worker_id": "2a2ee71a-0c59-45a8-8c4f-03c0a41cbfa7-4160", "study_name": "RF", "directions": [1]}
{"op_code": 0, "worker_id": "90a42985-d20f-4c47-bbac-a0235f682e94-4160", "study_name": "RF", "directions": [1]}
{"op_code": 0, "worker_id": "3eb06098-5924-461f-a026-b7d8003c9d3e-4160", "study_name": "RF", "directions": [1]}
{"op_code": 0, "worker_id": "34d0de28-16be-4322-90a3-c12e07813a19-4160", "study_name": "RF", "directions": [1]}
{"op_code": 0, "worker_id": "0d1a604a-9747-4243-95d2-9ddb3b2682b5-4160", "study_name": "RF", "directions": [1]}
{"op_code": 0, "worker_id": "40116f3f-f972-47b0-b7b7-237ff6f763ee-4160", "study_name": "RF", "directions": [1]}
{"op_code": 0, "worker_id": "8118d4ac-124a-4dbc-9fc7-1c1a2f463421-4160", "study_name": "RF", "directions": [1]}
{"op_code": 0, "worker_id": "a5b2f638-23d2-40cc-90ad-de63fba4cc87-4160", "study_name": "RF", "directions": [1]}
{"op_code": 0, "worker_id": "4e150c47-47d5-4319-8f53-7e59f7059c62-4160", "study_name": "RF", "directions": [1]}
{"op_code": 0, "worker_id": "511fc59c-1bce-42c7-8624-cab9b4060fd0-4160", "study_name": "RF", "directions": [1]}
{"op_code": 0, "worker_id": "ca5ec0bb-c7a0-4256-ac48-70b8c7a196c7-4160", "study_name": "RF", "directions": [1]}
{"op_code": 0, "worker_id": "141e0c7d-e454-45f0-86bd-881cb5222d73-4160", "study_name": "RF", "directions": [1]}
{"op_code": 0, "worker_id": "9f137591-a52c-4ce1-9b5a-16aca8b97243-4160", "study_name": "RF", "directions": [1]}
{"op_code": 0, "worker_id": "43fc473e-6348-4f03-890f-934c96b2d1c0-4160", "study_name": "RF", "directions": [1]}
{"op_code": 0, "worker_id": "90f05a80-9d9d-426c-a9b2-3c6954d07e89-4160", "study_name": "RF", "directions": [1]}
{"op_code": 0, "worker_id": "c839f410-8395-495d-a008-e6f71f0bcc67-4160", "study_name": "RF", "directions": [1]}
{"op_code": 0, "worker_id": "b92a536f-77f0-4648-8ad9-242a67d565e6-4160", "study_name": "RF", "directions": [1]}
{"op_code": 0, "worker_id": "28f5400b-0660-40d4-82cc-727c248e9888-4160", "study_name": "RF", "directions": [1]}
{"op_code": 0, "worker_id": "67846010-c1b1-461b-9f49-68ad1e9fd347-4160", "study_name": "RF", "directions": [1]}
{"op_code": 0, "worker_id": "b96b6f5b-1aa4-49e3-a00d-9ffbd537a4d7-4160", "study_name": "RF", "directions": [1]}
{"op_code": 0, "worker_id": "363447d5-d012-4a2d-972e-f7093a20a790-4160", "study_name": "RF", "directions": [1]}
{"op_code": 0, "worker_id": "c207865a-af00-4574-95f0-ff2b6ae32df9-4160", "study_name": "RF", "directions": [1]}
{"op_code": 0, "worker_id": "64aafce4-815c-4dfb-9c52-a613a698b26f-4160", "study_name": "RF", "directions": [1]}
{"op_code": 0, "worker_id": "1ff4cc2a-230c-4fd5-8657-f3efb8b12c52-4160", "study_name": "RF", "directions": [1]}
{"op_code": 0, "worker_id": "fafe8bb1-6f4e-4195-a506-f005ecb2caf9-4160", "study_name": "RF", "directions": [1]}
{"op_code": 0, "worker_id": "2504761a-1ade-48b3-b3a0-e5d35866a65c-4160", "study_name": "RF", "directions": [1]}
{"op_code": 0, "worker_id": "3b1c0f53-dde1-4324-8c53-55bbf045e961-4160", "study_name": "RF", "directions": [1]}
{"op_code": 0, "worker_id": "8fcc79d5-8444-4ac7-a902-45d2d0d6fbb3-4160", "study_name": "RF", "directions": [1]}
{"op_code": 0, "worker_id": "a8230a64-503f-4629-bf22-b25639f62485-4160", "study_name": "RF", "directions": [1]}
{"op_code": 0, "worker_id": "89146a6d-f07f-41c5-84c5-872a6ee88dfa-4160", "study_name": "RF", "directions": [1]}
{"op_code": 0, "worker_id": "d65c0df6-082d-4722-983a-50dfcef846bf-4160", "study_name": "RF", "directions": [1]}
{"op_code": 0, "worker_id": "2a11ffe1-73a5-4fc3-90f5-80097e0f750a-4160", "study_name": "RF", "directions": [1]}
{"op_code": 0, "worker_id": "a345d428-a2ee-4884-8f06-65c2e242e4f2-4160", "study_name": "RF", "directions": [1]}
{"op_code": 0, "worker_id": "fb189213-18be-4199-aa3c-2ada676f1127-4160", "study_name": "RF", "directions": [1]}
{"op_code": 0, "worker_id": "e3b2f261-83c0-4d79-bcba-1dc769936833-4160", "study_name": "RF", "directions": [1]}
{"op_code": 0, "worker_id": "df31a835-7d55-43f0-8beb-f1ac36d7f9d6-4160", "study_name": "RF", "directions": [1]}
{"op_code": 0, "worker_id": "f308cfde-ec6c-4796-94e5-d9d1adb8fa06-4160", "study_name": "RF", "directions": [1]}
{"op_code": 0, "worker_id": "607121ef-6da1-415e-bca9-3143899d7c22-4160", "study_name": "RF", "directions": [1]}
{"op_code": 0, "worker_id": "3436f992-4fd7-4c95-bb48-138394b62a4f-4160", "study_name": "RF", "directions": [1]}
{"op_code": 0, "worker_id": "1d6a2365-6a15-4a68-a59c-7bfec7224038-4160", "study_name": "RF", "directions": [1]}
{"op_code": 0, "worker_id": "1daaa89c-fa63-4d68-b800-b2e1c02ba451-4160", "study_name": "RF", "directions": [1]}
{"op_code": 0, "worker_id": "21df0766-3963-4a3d-a2f5-9ee82038e292-4160", "study_name": "RF", "directions": [1]}
{"op_code": 0, "worker_id": "8736f9c5-aae9-4ae3-a23b-13637bd6cf28-4160", "study_name": "RF", "directions": [1]}
{"op_code": 0, "worker_id": "9d03e738-9f3e-4e93-a67b-d096b68a50af-4160", "study_name": "RF", "directions": [1]}
{"op_code": 0, "worker_id": "67711f3f-bb14-475d-bc86-15de27d2c109-4160", "study_name": "RF", "directions": [1]}
{"op_code": 0, "worker_id": "281ade12-bc86-4478-bdc2-8c93f0cb93e2-4160", "study_name": "RF", "directions": [1]}
{"op_code": 0, "worker_id": "50544e12-1913-48e5-8a4a-b937633fd46a-4160", "study_name": "RF", "directions": [1]}
{"op_code": 0, "worker_id": "9320be8f-8923-415a-a834-6f58b389eb72-4160", "study_name": "RF", "directions": [1]}
{"op_code": 0, "worker_id": "fa5f3980-03c6-4610-b90c-353393591f57-4160", "study_name": "RF", "directions": [1]}
{"op_code": 0, "worker_id": "9172e673-864c-464d-96f4-0e2d2fb5704f-4160", "study_name": "RF", "directions": [1]}
{"op_code": 0, "worker_id": "6f09b2ee-3d61-46b5-b109-f5e233756f98-4160", "study_name": "RF", "directions": [1]}
{"op_code": 0, "worker_id": "2149a5bf-a688-4a92-aef4-1e04ed254468-4160", "study_name": "RF", "directions": [1]}
{"op_code": 0, "worker_id": "68c41450-d9ba-451c-98c7-a4e3f3f440b8-4160", "study_name": "RF", "directions": [1]}
{"op_code": 0, "worker_id": "f7f980ba-df75-41bf-8fd3-c1da678ff418-4160", "study_name": "RF", "directions": [1]}
{"op_code": 0, "worker_id": "83d80000-ac6e-42c1-b9e9-a096715279ca-4160", "study_name": "RF", "directions": [1]}
{"op_code": 0, "worker_id": "3a37f04f-d1f9-4992-b337-f8677d094891-4160", "study_name": "RF", "directions": [1]}
{"op_code": 0, "worker_id": "29c70d11-b1bc-4e81-9e43-1d45a388a6aa-4160", "study_name": "RF", "directions": [1]}
{"op_code": 0, "worker_id": "ecc0a45f-d629-4139-9053-f3df9c169f4e-4160", "study_name": "RF", "directions": [1]}
{"op_code": 0, "worker_id": "ae7ec692-6f0f-4c2d-abeb-2a7a98f6bbb6-4160", "study_name": "RF", "directions": [1]}
{"op_code": 0, "worker_id": "349c6aa1-1f9b-4733-ae54-1249c1edabc2-4160", "study_name": "RF", "directions": [1]}
{"op_code": 0, "worker_id": "a2fe6f78-334a-4024-83b5-dade59171639-4160", "study_name": "RF", "directions": [1]}
{"op_code": 0, "worker_id": "46e6163f-4fbf-472f-95e1-438b4336dc65-4160", "study_name": "RF", "directions": [1]}
{"op_code": 0, "worker_id": "fa38abdc-b1f8-4127-becf-5237ec08530b-4160", "study_name": "RF", "directions": [1]}
{"op_code": 0, "worker_id": "24f6acca-f867-4a71-8ebd-a1cedda1aff3-4160", "study_name": "RF", "directions": [1]}
{"op_code": 0, "worker_id": "ab9e84ae-586d-403d-92e0-b22273215e8b-4160", "study_name": "RF", "directions": [1]}
{"op_code": 0, "worker_id": "74fe4ec5-257b-48a9-ba67-473d32ac951d-4160", "study_name": "RF", "directions": [1]}
{"op_code": 0, "worker_id": "3013d060-404d-4584-87cd-621eb4ac611e-4160", "study_name": "RF", "directions": [1]}
{"op_code": 0, "worker_id": "dea06b22-f8d3-402f-8147-8718ffabbd20-4160", "study_name": "RF", "directions": [1]}
{"op_code": 0, "worker_id": "e11aed99-d8c8-46a7-86f2-e601ebf3ef4c-4160", "study_name": "RF", "directions": [1]}
{"op_code": 0, "worker_id": "1882c824-0be0-4f93-af1f-c0fe30358b64-4160", "study_name": "RF", "directions": [1]}
{"op_code": 0, "worker_id": "39981ae9-4e04-4c86-9f86-7866e693bbe2-4160", "study_name": "RF", "directions": [1]}
{"op_code": 0, "worker_id": "5d714c6e-4485-4d61-b17e-fede3235c891-4160", "study_name": "RF", "directions": [1]}
{"op_code": 0, "worker_id": "965f2515-7b06-4f9d-a179-6d71b3a08e4e-4160", "study_name": "RF", "directions": [1]}
{"op_code": 0, "worker_id": "86ab0344-d1bf-4f70-b318-ef3bf9d49828-4160", "study_name": "RF", "directions": [1]}
{"op_code": 0, "worker_id": "262ee681-b5b7-41db-83e1-a2ce1796d0db-4160", "study_name": "RF", "directions": [1]}
{"op_code": 0, "worker_id": "a8630c3a-e330-4985-b351-8915f0b855b8-4160", "study_name": "RF", "directions": [1]}
{"op_code": 0, "worker_id": "6f519074-3c9e-40f7-86a6-a026fa61b938-4160", "study_name": "RF", "directions": [1]}
{"op_code": 0, "worker_id": "1d74f6f6-ab6d-405e-b357-93571acaf80b-4160", "study_name": "RF", "directions": [1]}
{"op_code": 0, "worker_id": "9d7900b2-1bbc-4a91-89ec-58da82cb1ebc-4160", "study_name": "RF", "directions": [1]}
{"op_code": 0, "worker_id": "6d0d5072-5069-44a0-8b4b-dcaf69bddb30-4160", "study_name": "RF", "directions": [1]}
{"op_code": 0, "worker_id": "cd8fd18c-804f-4adb-b33e-d2f90024642e-4160", "study_name": "RF", "directions": [1]}
{"op_code": 0, "worker_id": "9867bd39-c222-4497-9ca8-65c9167f76c4-4160", "study_name": "RF", "directions": [1]}
{"op_code": 0, "worker_id": "2c390c87-9592-4276-a13a-6bc34b46cb7c-4160", "study_name": "RF", "directions": [1]}
{"op_code": 0, "worker_id": "63c14ebf-77e8-4db0-bd68-2e5a6c9dbf61-4160", "study_name": "RF", "directions": [1]}
{"op_code": 0, "worker_id": "dc9825f5-45ff-435f-a7a6-2efa06008c9c-4160", "study_name": "RF", "directions": [1]}
{"op_code": 0, "worker_id": "6c4ed23b-8655-4181-a38a-6e50bde06b69-4160", "study_name": "RF", "directions": [1]}
{"op_code": 0, "worker_id": "6e06f8ad-5ca3-42ec-8683-2597677c9ed1-4160", "study_name": "RF", "directions": [1]}
{"op_code": 0, "worker_id": "b21448f1-fc9e-4811-ba62-2e788e6dd001-4160", "study_name": "RF", "directions": [1]}
{"op_code": 0, "worker_id": "2134dc06-8ff6-43f3-86ab-bc619f9ad7c6-4160", "study_name": "RF", "directions": [1]}
{"op_code": 0, "worker_id": "adc60d2f-8473-451c-ab09-2efec1cea75a-4160", "study_name": "RF", "directions": [1]}
{"op_code": 0, "worker_id": "9355f233-2540-477e-b9af-1dfbab6ca97c-4160", "study_name": "RF", "directions": [1]}
{"op_code": 0, "worker_id": "64490657-77af-44fd-8bf5-efcab06721d7-4160", "study_name": "RF", "directions": [1]}
{"op_code": 0, "worker_id": "0edcf031-1341-49f9-8373-a104ae2a1397-4160", "study_name": "RF", "directions": [1]}
{"op_code": 0, "worker_id": "be49d56b-dc94-4199-8699-cb18e61dfbfc-4160", "study_name": "RF", "directions": [1]}
{"op_code": 0, "worker_id": "0e4a8578-b1a1-4a38-acd1-572f91db969b-4160", "study_name": "RF", "directions": [1]}
{"op_code": 0, "worker_id": "8269abd1-5160-488e-94f6-4158d0d52474-4160", "study_name": "RF", "directions": [1]}
{"op_code": 0, "worker_id": "1740d938-67e8-4303-a260-846a28614276-4160", "study_name": "RF", "directions": [1]}
{"op_code": 0, "worker_id": "d7d7714f-b336-457a-9a99-88ee674955d9-4160", "study_name": "RF", "directions": [1]}
{"op_code": 0, "worker_id": "956e69b4-eedb-4263-b520-6c7fb0cf4877-4160", "study_name": "RF", "directions": [1]}
{"op_code": 0, "worker_id": "d5a03e48-7ed6-44e6-bd08-1b0c6d68a21a-4160", "study_name": "RF", "directions": [1]}
{"op_code": 0, "worker_id": "651a8353-ad1c-4759-a389-6b8b68d07711-4160", "study_name": "RF", "directions": [1]}
{"op_code": 0, "worker_id": "56162028-6494-4bc9-973b-356c42744bd0-4160", "study_name": "RF", "directions": [1]}
{"op_code": 0, "worker_id": "6c3c68dc-2497-4d80-a3de-1dde1e895a2b-4160", "study_name": "RF", "directions": [1]}
{"op_code": 0, "worker_id": "90135397-2415-4a0b-9f6c-cb1eca5fec43-4160", "study_name": "RF", "directions": [1]}
{"op_code": 0, "worker_id": "70bb43a6-2b15-4edb-ac92-6f1307366ec9-4160", "study_name": "RF", "directions": [1]}
{"op_code": 0, "worker_id": "40c4615f-b816-4ab3-9050-a013b0324fe5-4160", "study_name": "RF", "directions": [1]}
{"op_code": 0, "worker_id": "29d3f329-3e0f-4f55-8f12-114ba600c637-4160", "study_name": "RF", "directions": [1]}
{"op_code": 0, "worker_id": "836dcfa8-c465-4b2a-9422-19e63c6513d0-4160", "study_name": "RF", "directions": [1]}
{"op_code": 0, "worker_id": "0dcb8031-a18d-464c-8e53-046c86230622-4160", "study_name": "RF", "directions": [1]}
{"op_code": 0, "worker_id": "51f3a764-bd25-4705-bbbd-78f1ced86b68-4160", "study_name": "RF", "directions": [1]}
{"op_code": 0, "worker_id": "62887367-6f80-433e-8fdb-71ca13664b0a-4160", "study_name": "RF", "directions": [1]}
{"op_code": 0, "worker_id": "d48a3db7-55fd-4e9f-8499-c00db270886a-4160", "study_name": "RF", "directions": [1]}
{"op_code": 0, "worker_id": "60d6780c-2703-4cc1-85b3-9563a4c06e2a-4160", "study_name": "RF", "directions": [1]}
{"op_code": 0, "worker_id": "b9cfe40d-c3df-4b1e-abf3-0bf1107a0c4a-4160", "study_name": "RF", "directions": [1]}
{"op_code": 0, "worker_id": "109b9996-407b-445d-8d75-4f0a9abc4838-4160", "study_name": "RF", "directions": [1]}
{"op_code": 0, "worker_id": "7f03a8a9-a639-4cce-bdf6-8ae7aa0f4767-4160", "study_name": "RF", "directions": [1]}
{"op_code": 0, "worker_id": "d8eea037-e04a-499d-9758-9313f846e53b-4160", "study_name": "RF", "directions": [1]}
{"op_code": 0, "worker_id": "67d7baad-ddea-41e4-9867-2e8867105ea7-4160", "study_name": "RF", "directions": [1]}
{"op_code": 0, "worker_id": "4606f4ad-2909-4e88-badb-daf1339397fe-4160", "study_name": "RF", "directions": [1]}
{"op_code": 0, "worker_id": "1580fe8f-aa3f-48a6-9f01-a49518d6995b-4160", "study_name": "RF", "directions": [1]}
{"op_code": 0, "worker_id": "32b8e40d-1540-485b-bf89-08ff14717f9a-4160", "study_name": "RF", "directions": [1]}
{"op_code": 0, "worker_id": "b918a718-e2d4-4092-b075-3d4a0b8a360d-4160", "study_name": "RF", "directions": [1]}
{"op_code": 0, "worker_id": "2d447656-f185-4ff2-a8e8-7ff0e3b8fe22-4160", "study_name": "RF", "directions": [1]}
{"op_code": 0, "worker_id": "95347ac7-5458-4b60-a8cc-bbe766d71093-4160", "study_name": "RF", "directions": [1]}
{"op_code": 0, "worker_id": "9b375cd8-b5cb-4d8a-9d23-d7657eecd0fb-4160", "study_name": "RF", "directions": [1]}
{"op_code": 0, "worker_id": "10d431a7-4215-4c50-9b28-d49416c9dc53-4160", "study_name": "RF", "directions": [1]}
{"op_code": 0, "worker_id": "a2257178-8aa0-4457-a16f-c10a759621fd-4160", "study_name": "RF", "directions": [1]}
{"op_code": 0, "worker_id": "063f7ebc-0426-4da9-98ca-13aec65c403b-4160", "study_name": "RF", "directions": [1]}
{"op_code": 0, "worker_id": "6cc29d04-87ad-496d-90eb-1f3923121bd4-4160", "study_name": "RF", "directions": [1]}
{"op_code": 0, "worker_id": "b93206dd-c600-4209-a029-919da72cc21c-4160", "study_name": "RF", "directions": [1]}
{"op_code": 0, "worker_id": "34a00556-0002-4c44-ac3b-66df1dd893dd-4160", "study_name": "RF", "directions": [1]}
{"op_code": 0, "worker_id": "c8ba0da9-c5b9-470b-9b6f-2fe16f614f55-4160", "study_name": "RF", "directions": [1]}
{"op_code": 0, "worker_id": "bb01792f-cd29-44aa-9255-e1b2c9904c9e-4160", "study_name": "RF", "directions": [1]}
{"op_code": 0, "worker_id": "ef6cbcc1-4002-4f83-9b33-86b440aec880-4160", "study_name": "RF", "directions": [1]}
{"op_code": 0, "worker_id": "f421c6a5-066a-449c-9547-00c61f144620-4160", "study_name": "RF", "directions": [1]}
{"op_code": 0, "worker_id": "c8154d8a-8415-4590-ac86-d7f312d4b0ae-4160", "study_name": "RF", "directions": [1]}
{"op_code": 0, "worker_id": "e5d0c2bb-b753-460c-b090-7ccb536cec75-4160", "study_name": "RF", "directions": [1]}
{"op_code": 0, "worker_id": "80cae520-4f04-4e02-93b5-7d77de7058e0-4160", "study_name": "RF", "directions": [1]}
{"op_code": 0, "worker_id": "a0b0f698-320f-4a51-ae8c-b5339febeb82-4160", "study_name": "RF", "directions": [1]}
{"op_code": 0, "worker_id": "ba2980b5-3a8b-4262-97ba-98bdb258d579-4160", "study_name": "RF", "directions": [1]}
{"op_code": 0, "worker_id": "a788b750-b389-4506-b000-22c81fa871db-4160", "study_name": "RF", "directions": [1]}
{"op_code": 0, "worker_id": "1e4a2fc0-7906-43fe-aa8a-6b2b8782eaad-4160", "study_name": "RF", "directions": [1]}
{"op_code": 0, "worker_id": "c02b1d63-f722-48b7-b660-bccdde5f8cda-4160", "study_name": "RF", "directions": [1]}
{"op_code": 0, "worker_id": "22215179-6c9d-4905-b79b-a270d7f60781-4160", "study_name": "RF", "directions": [1]}
{"op_code": 0, "worker_id": "e9ef1066-a64a-4ad5-904f-3a9d42b1dde0-4160", "study_name": "RF", "directions": [1]}
{"op_code": 0, "worker_id": "0e9e0896-631a-4dc0-9444-15b8fff0eddd-4160", "study_name": "RF", "directions": [1]}
{"op_code": 0, "worker_id": "0b62e472-c212-4424-8495-5e093576c6cc-4160", "study_name": "RF", "directions": [1]}
{"op_code": 0, "worker_id": "dfdbd839-ab32-4e87-8f01-778e23e8c112-4160", "study_name": "RF", "directions": [1]}
{"op_code": 0, "worker_id": "bcf1897b-15a5-4a51-a733-dee9b44c7398-4160", "study_name": "RF", "directions": [1]}
{"op_code": 0, "worker_id": "65ee5279-0729-44cc-a887-a5589c2688cd-4160", "study_name": "RF", "directions": [1]}
{"op_code": 0, "worker_id": "c7297d89-c115-49aa-83c0-6318af1b1d49-4160", "study_name": "RF", "directions": [1]}
{"op_code": 0, "worker_id": "e3cebe3c-aedc-4ae7-a3a6-68669a0f281a-4160", "study_name": "RF", "directions": [1]}
{"op_code": 0, "worker_id": "368a28f2-0cef-490e-b856-49168eb5c9f0-4160", "study_name": "RF", "directions": [1]}
{"op_code": 0, "worker_id": "15261584-9987-41a0-84dc-34460e7df9e1-4160", "study_name": "RF", "directions": [1]}
{"op_code": 0, "worker_id": "9437df83-a03e-4e85-a460-8d98012604f6-4160", "study_name": "RF", "directions": [1]}
{"op_code": 0, "worker_id": "d60a481c-83be-4b0b-a1d3-4d660341a7fb-4160", "study_name": "RF", "directions": [1]}
{"op_code": 0, "worker_id": "6a3c09ac-0f37-4e1b-8100-f078b07736c1-4160", "study_name": "RF", "directions": [1]}
{"op_code": 0, "worker_id": "5b82e4b9-23bc-4a7d-b90c-a9449473d015-4160", "study_name": "RF", "directions": [1]}
{"op_code": 0, "worker_id": "08635637-0a84-436b-bd61-43cafde5e4c4-4160", "study_name": "RF", "directions": [1]}
{"op_code": 0, "worker_id": "32351559-7758-4317-84eb-774d05b44342-4160", "study_name": "RF", "directions": [1]}
{"op_code": 0, "worker_id": "1857cd5f-ac1c-4937-ba32-a2c97a8c736f-4160", "study_name": "RF", "directions": [1]}
{"op_code": 0, "worker_id": "8af19939-f93b-4113-8259-a5917db62fe1-4160", "study_name": "RF", "directions": [1]}
{"op_code": 0, "worker_id": "57473eb7-82ac-444e-ad77-eccc41f2116a-4160", "study_name": "RF", "directions": [1]}
{"op_code": 0, "worker_id": "26cc2888-358b-4a43-9631-ef906127f2fa-4160", "study_name": "RF", "directions": [1]}
{"op_code": 0, "worker_id": "1d4826bb-6e87-4d03-b109-34885abc2dca-4160", "study_name": "RF", "directions": [1]}
{"op_code": 0, "worker_id": "3d8a8612-5240-496f-8479-68b6ee1fe012-4160", "study_name": "RF", "directions": [1]}
{"op_code": 0, "worker_id": "48c8f862-1fd5-4058-995e-3d002420005e-4160", "study_name": "RF", "directions": [1]}
{"op_code": 0, "worker_id": "6551c5a3-17f6-4e2d-a935-be46883fc110-4160", "study_name": "RF", "directions": [1]}
{"op_code": 0, "worker_id": "76701608-e2dc-49aa-952b-17f97d098a83-4160", "study_name": "RF", "directions": [1]}
{"op_code": 0, "worker_id": "bc4fee46-50f4-4d4d-b2e6-65321c1a881a-4160", "study_name": "RF", "directions": [1]}
{"op_code": 0, "worker_id": "f2eaf0ec-3679-4312-b8c2-7a538e8ab290-4160", "study_name": "RF", "directions": [1]}
{"op_code": 0, "worker_id": "26346990-e7be-4547-9277-d932dcc0a100-4160", "study_name": "RF", "directions": [1]}
{"op_code": 0, "worker_id": "fe7c6a25-d8cf-424e-8e33-3231059814d9-4160", "study_name": "RF", "directions": [1]}
{"op_code": 0, "worker_id": "bcd7ed50-59b1-49df-a6e9-07dc21cb5013-4160", "study_name": "RF", "directions": [1]}
{"op_code": 0, "worker_id": "51bf56c7-b7f1-4c55-8fe9-05423947d8fb-4160", "study_name": "RF", "directions": [1]}
{"op_code": 0, "worker_id": "5474007c-e6a3-4c5b-b0fc-e3898b2fdb69-4160", "study_name": "RF", "directions": [1]}
{"op_code": 0, "worker_id": "d7a4c0b9-1084-46ba-a0a4-396a17527eb7-4160", "study_name": "RF", "directions": [1]}
{"op_code": 0, "worker_id": "c35cc088-fb7d-4d4d-a07f-647d1545b385-4160", "study_name": "RF", "directions": [1]}
{"op_code": 0, "worker_id": "aa2ffead-2647-4fb7-8a50-4f6176c897af-4160", "study_name": "RF", "directions": [1]}
{"op_code": 0, "worker_id": "b5b6b92f-1cf1-47a7-a3c4-d28c9e49076b-4160", "study_name": "RF", "directions": [1]}
{"op_code": 0, "worker_id": "f29f1428-2fe6-4597-aa21-4aafe95bb4fd-4160", "study_name": "RF", "directions": [1]}
{"op_code": 0, "worker_id": "f39d918d-f511-4a17-8c8c-6a6ad975af33-4160", "study_name": "RF", "directions": [1]}
{"op_code": 0, "worker_id": "30e1069d-8d20-428c-aec0-a435d8d91359-4160", "study_name": "RF", "directions": [1]}
{"op_code": 0, "worker_id": "41e99a2d-b948-4e12-a74f-1fcdbd7027e5-4160", "study_name": "RF", "directions": [1]}
{"op_code": 0, "worker_id": "643c3436-9e9e-4423-a0ae-5e385a3c34e1-4160", "study_name": "RF", "directions": [1]}
{"op_code": 0, "worker_id": "27a5bd5a-bee6-4601-97d4-51e6578714b0-4160", "study_name": "RF", "directions": [1]}
{"op_code": 0, "worker_id": "0bd76d6f-c1e4-4fbc-812e-2258b2887ae2-4160", "study_name": "RF", "directions": [1]}
{"op_code": 0, "worker_id": "c333010c-58db-4ecd-a576-eb380cb34fba-4160", "study_name": "RF", "directions": [1]}
{"op_code": 0, "worker_id": "ca2072e6-8673-47df-ab14-1a735e179b95-4160", "study_name": "RF", "directions": [1]}
{"op_code": 0, "worker_id": "5db787ef-a6e5-43e1-82d4-31c0b97b5044-4160", "study_name": "RF", "directions": [1]}
{"op_code": 0, "worker_id": "cfa099b5-73d9-47a9-98be-7bca3aa8cb87-4160", "study_name": "RF", "directions": [1]}
{"op_code": 0, "worker_id": "526a88ac-0320-428a-bb11-281ec433708e-4160", "study_name": "RF", "directions": [1]}
{"op_code": 0, "worker_id": "dfa84a2c-ee80-4b3f-9a6a-d5e667b91b94-4160", "study_name": "RF", "directions": [1]}
{"op_code": 0, "worker_id": "ea26b1b1-e080-4d13-9077-663bb5586d82-4160", "study_name": "RF", "directions": [1]}
{"op_code": 0, "worker_id": "448d0d89-911e-47be-8ed2-bf4f90452122-4160", "study_name": "RF", "directions": [1]}
{"op_code": 0, "worker_id": "1a6f9657-d09e-4e33-b3bd-d0682b1bbafd-4160", "study_name": "RF", "directions": [1]}
{"op_code": 0, "worker_id": "145eeabd-3e1a-42b8-8119-8a4fb52480c3-4160", "study_name": "RF", "directions": [1]}
{"op_code": 0, "worker_id": "1bb2afd4-c728-4200-b8bb-6583dfd0c3fd-4160", "study_name": "RF", "directions": [1]}
{"op_code": 0, "worker_id": "d8e878f5-45ce-4304-9349-3279f90c3857-4160", "study_name": "RF", "directions": [1]}
{"op_code": 0, "worker_id": "84d737c2-3ed5-4db2-a483-f1d67923c8a8-4160", "study_name": "RF", "directions": [1]}
{"op_code": 0, "worker_id": "c83b2f5d-a9f3-41bb-8041-af0d712b43aa-4160", "study_name": "RF", "directions": [1]}
{"op_code": 0, "worker_id": "d5cb02ff-1adf-4fd0-98ba-594375bf0090-4160", "study_name": "RF", "directions": [1]}
{"op_code": 0, "worker_id": "ed7403e4-2b18-49cb-97c3-4dfd672c83b5-4160", "study_name": "RF", "directions": [1]}
{"op_code": 0, "worker_id": "c7869724-7ad6-4a57-9b3a-e1e441b927e9-4160", "study_name": "RF", "directions": [1]}
{"op_code": 0, "worker_id": "a1c5e9c7-4c0b-4bcb-be71-d3d14469b4c2-4160", "study_name": "RF", "directions": [1]}
{"op_code": 0, "worker_id": "7e230828-d59a-447a-b78d-4eb0455a3cb3-4160", "study_name": "RF", "directions": [1]}
{"op_code": 0, "worker_id": "7d2c548e-c116-4e67-ac30-872f184375c6-4160", "study_name": "RF", "directions": [1]}
{"op_code": 0, "worker_id": "dc0ee0f6-e69c-48ba-ae21-c7a66aff679d-4160", "study_name": "RF", "directions": [1]}
{"op_code": 0, "worker_id": "59166b3b-18fa-429f-bc6f-3bb675c840d6-4160", "study_name": "RF", "directions": [1]}
{"op_code": 0, "worker_id": "b0d7928f-c27d-46f4-b4da-0cb4c96701db-4160", "study_name": "RF", "directions": [1]}
{"op_code": 0, "worker_id": "1f7be767-ca8e-4898-b5aa-827110508f55-4160", "study_name": "RF", "directions": [1]}
{"op_code": 0, "worker_id": "a383a27b-dd46-4d9e-a108-e8ee6a0b0c8f-4160", "study_name": "RF", "directions": [1]}
{"op_code": 0, "worker_id": "da0941e6-14f1-452e-ab94-e4682c152301-4160", "study_name": "RF", "directions": [1]}
{"op_code": 0, "worker_id": "34e785f9-76b0-4d20-a3e0-24e7c17855bf-4160", "study_name": "RF", "directions": [1]}
{"op_code": 0, "worker_id": "daa7c1c2-c3ee-476f-a1ae-a9e3ad021c79-4160", "study_name": "RF", "directions": [1]}
{"op_code": 0, "worker_id": "deba1935-0bbc-4f71-b5a4-272727546156-4160", "study_name": "RF", "directions": [1]}
{"op_code": 0, "worker_id": "3aa4ba65-e86b-4f04-b39d-aec07390e7c9-4160", "study_name": "RF", "directions": [1]}
{"op_code": 0, "worker_id": "568775ab-b080-4c18-9ec8-f489ae45bbe2-4160", "study_name": "RF", "directions": [1]}
{"op_code": 0, "worker_id": "27ac0c72-00d8-49a5-bec1-18b0181b07d3-4160", "study_name": "RF", "directions": [1]}
{"op_code": 0, "worker_id": "bbbc8e2e-55a9-4919-9e3d-b1df4e1ba34a-4160", "study_name": "RF", "directions": [1]}
{"op_code": 0, "worker_id": "d55f30b0-b0dd-4147-b638-d47cce7b4008-4160", "study_name": "RF", "directions": [1]}
{"op_code": 0, "worker_id": "1d63c705-97ab-4326-8888-c2fe2749d89a-4160", "study_name": "RF", "directions": [1]}
{"op_code": 0, "worker_id": "0fa1783d-a29e-4e7a-989f-82420db69a33-4160", "study_name": "RF", "directions": [1]}
{"op_code": 0, "worker_id": "286e962e-2973-44d7-8ca1-5f0de9fa2ab8-4160", "study_name": "RF", "directions": [1]}
{"op_code": 0, "worker_id": "381df116-51db-4253-b925-e8ea351e2288-4160", "study_name": "RF", "directions": [1]}
{"op_code": 0, "worker_id": "0d6eb261-65d3-45a5-97a2-8fcd5c143341-4160", "study_name": "RF", "directions": [1]}
{"op_code": 0, "worker_id": "8412e923-f3d5-4aae-b618-2868e49cf42e-4160", "study_name": "RF", "directions": [1]}
{"op_code": 0, "worker_id": "523236b6-aaff-4bcf-babc-7de087fc1c24-4160", "study_name": "RF", "directions": [1]}
{"op_code": 0, "worker_id": "e8daedb9-4dad-4903-be97-3b1e5ffa9bf5-4160", "study_name": "RF", "directions": [1]}
{"op_code": 0, "worker_id": "fba63725-126d-4db4-b0a9-0f3d19c94a91-4160", "study_name": "RF", "directions": [1]}
{"op_code": 0, "worker_id": "37500e69-7b9f-42a9-8955-455ea41b0274-4160", "study_name": "RF", "directions": [1]}
{"op_code": 0, "worker_id": "cd542f55-c8b3-471e-9fe8-7638acbaedf4-4160", "study_name": "RF", "directions": [1]}
{"op_code": 0, "worker_id": "08511d5b-6b98-4357-9559-f76de88f4747-4160", "study_name": "RF", "directions": [1]}
{"op_code": 0, "worker_id": "473bdb7e-ddc7-44ac-b044-eba445c5c5bc-4160", "study_name": "RF", "directions": [1]}
{"op_code": 0, "worker_id": "eb6f5385-2b19-46e1-bcb7-28072a6be41f-4160", "study_name": "RF", "directions": [1]}
{"op_code": 0, "worker_id": "ab607993-c500-49ee-8708-35784aff00ec-4160", "study_name": "RF", "directions": [1]}
{"op_code": 0, "worker_id": "e476a773-2fc9-4942-82a7-2d70fe370569-4160", "study_name": "RF", "directions": [1]}
{"op_code": 0, "worker_id": "48451fc3-29e4-4cc8-a0ba-c5c825fd2a1b-4160", "study_name": "RF", "directions": [1]}
{"op_code": 0, "worker_id": "3ef389cd-1047-4c45-a112-8b0d391c2062-4160", "study_name": "RF", "directions": [1]}
{"op_code": 0, "worker_id": "8c9d704d-19b5-40f9-8599-bf9d3e4a8de1-4160", "study_name": "RF", "directions": [1]}
{"op_code": 0, "worker_id": "e4645482-bb36-4280-8d4a-acae71645882-4160", "study_name": "RF", "directions": [1]}
{"op_code": 0, "worker_id": "545c37dc-0109-4513-b515-66c51031ea3c-4160", "study_name": "RF", "directions": [1]}
{"op_code": 0, "worker_id": "30441eb6-220f-4a25-98f6-b015d803f346-4160", "study_name": "RF", "directions": [1]}
{"op_code": 0, "worker_id": "f7f2e8f2-61f7-48a3-ae2b-cadf6692e3a6-4160", "study_name": "RF", "directions": [1]}
{"op_code": 0, "worker_id": "be97ca2a-82e0-498a-8c57-9e89e9b88ba8-4160", "study_name": "RF", "directions": [1]}
{"op_code": 0, "worker_id": "1780c26b-380f-4e6c-ab5e-66522485b545-4160", "study_name": "RF", "directions": [1]}
{"op_code": 0, "worker_id": "e853ba4a-d100-49c6-b824-c58ee8b21801-4160", "study_name": "RF", "directions": [1]}
{"op_code": 0, "worker_id": "c8beb76b-a663-43a4-a2b5-ecc7b13b1554-4160", "study_name": "RF", "directions": [1]}
{"op_code": 0, "worker_id": "9e5ea0f2-2f15-4c7f-806a-e92a4f910654-4160", "study_name": "RF", "directions": [1]}
{"op_code": 0, "worker_id": "729a0b04-f82b-470a-8b0d-511717dbbb4e-4160", "study_name": "RF", "directions": [1]}
{"op_code": 0, "worker_id": "5340807d-ad28-45de-a258-89ea79c065a8-4160", "study_name": "RF", "directions": [1]}
{"op_code": 0, "worker_id": "ecbd404f-dc87-498b-8957-1cb9724c252a-4160", "study_name": "RF", "directions": [1]}
{"op_code": 0, "worker_id": "d692b500-9d24-4953-a768-fb59719d27ed-4160", "study_name": "RF", "directions": [1]}
{"op_code": 0, "worker_id": "c2d08e67-de82-467e-acc9-52193887a8be-4160", "study_name": "RF", "directions": [1]}
{"op_code": 0, "worker_id": "347cdef5-a701-4702-b0b3-f474bfcb4ff3-4160", "study_name": "RF", "directions": [1]}
{"op_code": 0, "worker_id": "04293125-022b-46c0-917c-f7a07a8bdabd-4160", "study_name": "RF", "directions": [1]}
{"op_code": 0, "worker_id": "78d7f973-c8bf-4c38-9e53-b931f87f5908-4160", "study_name": "RF", "directions": [1]}
{"op_code": 0, "worker_id": "c59ec838-0032-4583-888c-8a8c3fc58e77-4160", "study_name": "RF", "directions": [1]}
{"op_code": 0, "worker_id": "44e98897-429c-48af-bfe8-3ab85b0d7fb9-4160", "study_name": "RF", "directions": [1]}
{"op_code": 0, "worker_id": "bc95986e-1e86-49e0-ac98-73a2c0c57e7c-4160", "study_name": "RF", "directions": [1]}
{"op_code": 0, "worker_id": "55d70fb2-91d5-49e2-b337-49a92e27e2c3-4160", "study_name": "RF", "directions": [1]}
