[I 2023-11-07 06:59:35,802] A new study created in Journal with name: linear
[I 2023-11-07 06:59:35,843] Trial 0 finished with value: 0.2209784733775121 and parameters: {'alpha': 0.02453963514455816, 'l1_ratio': 0.9389664415755178}. Best is trial 0 with value: 0.2209784733775121.
[I 2023-11-07 06:59:35,850] A new study created in Journal with name: KRR
[I 2023-11-07 06:59:36,206] Trial 0 finished with value: 0.14880529102759743 and parameters: {'alpha': 0.09122416858385564, 'gamma': 2.0198499607032284e-15, 'kernel': 'rbf'}. Best is trial 0 with value: 0.14880529102759743.
[I 2023-11-07 06:59:36,212] A new study created in Journal with name: GB
[I 2023-11-07 06:59:37,516] Trial 0 finished with value: 0.1782290858278522 and parameters: {'n_estimators': 10, 'learning_rate': 0.5410320950929393, 'max_depth': 3}. Best is trial 0 with value: 0.1782290858278522.
[I 2023-11-07 06:59:37,523] A new study created in Journal with name: RF
[I 2023-11-07 06:59:40,490] Trial 0 finished with value: 0.16642330130958094 and parameters: {'n_estimators': 10, 'max_features': 'sqrt', 'max_depth': 10}. Best is trial 0 with value: 0.16642330130958094.
[I 2023-11-07 06:59:40,496] A new study created in Journal with name: ANN
[I 2023-11-07 06:59:43,319] Trial 0 finished with value: 0.23851068244876217 and parameters: {'learning_rate_init': 0.07707157062646848, 'hidden_layer_sizes': [50]}. Best is trial 0 with value: 0.23851068244876217.
[I 2023-11-07 06:59:43,327] A new study created in Journal with name: linear
[I 2023-11-07 06:59:43,428] Trial 0 finished with value: 0.25709786157972925 and parameters: {'alpha': 0.04588718254929375, 'l1_ratio': 0.5660962935955843}. Best is trial 0 with value: 0.25709786157972925.
[I 2023-11-07 06:59:43,436] A new study created in Journal with name: KRR
[I 2023-11-07 06:59:44,851] Trial 0 finished with value: 0.25071909462912334 and parameters: {'alpha': 0.01570835404093445, 'gamma': 7.822706441110156e-15, 'kernel': 'linear'}. Best is trial 0 with value: 0.25071909462912334.
[I 2023-11-07 06:59:44,860] A new study created in Journal with name: GB
[I 2023-11-07 06:59:54,759] Trial 0 finished with value: 0.24325074307290098 and parameters: {'n_estimators': 10, 'learning_rate': 0.4897323907681564, 'max_depth': 2}. Best is trial 0 with value: 0.24325074307290098.
[I 2023-11-07 06:59:54,767] A new study created in Journal with name: RF
[I 2023-11-07 07:00:36,112] Trial 0 finished with value: 0.23705153402903711 and parameters: {'n_estimators': 50, 'max_features': 'sqrt', 'max_depth': 3}. Best is trial 0 with value: 0.23705153402903711.
[I 2023-11-07 07:00:36,121] A new study created in Journal with name: ANN
[I 2023-11-07 07:00:56,540] Trial 0 finished with value: 0.28963630595478557 and parameters: {'learning_rate_init': 0.021973181164706104, 'hidden_layer_sizes': [5]}. Best is trial 0 with value: 0.28963630595478557.
[I 2023-11-07 07:00:56,547] A new study created in Journal with name: linear
[I 2023-11-07 07:00:56,586] Trial 0 finished with value: 0.317917659986686 and parameters: {'alpha': 0.06870382724318906, 'l1_ratio': 0.38386358988932856}. Best is trial 0 with value: 0.317917659986686.
[I 2023-11-07 07:00:56,592] A new study created in Journal with name: KRR
[I 2023-11-07 07:00:56,645] Trial 0 finished with value: 0.3016902179950459 and parameters: {'alpha': 0.019574066735767642, 'gamma': 3.898804138065637e-15, 'kernel': 'laplacian'}. Best is trial 0 with value: 0.3016902179950459.
[I 2023-11-07 07:00:56,650] A new study created in Journal with name: GB
[I 2023-11-07 07:00:58,519] Trial 0 finished with value: 0.27448264825660534 and parameters: {'n_estimators': 50, 'learning_rate': 0.15823748923015368, 'max_depth': 1}. Best is trial 0 with value: 0.27448264825660534.
[I 2023-11-07 07:00:58,525] A new study created in Journal with name: RF
[I 2023-11-07 07:01:02,811] Trial 0 finished with value: 0.2677642292700792 and parameters: {'n_estimators': 200, 'max_features': 'log2', 'max_depth': 10}. Best is trial 0 with value: 0.2677642292700792.
[I 2023-11-07 07:01:02,817] A new study created in Journal with name: ANN
[I 2023-11-07 07:01:06,054] Trial 0 finished with value: 0.33546715686974843 and parameters: {'learning_rate_init': 0.02435160076278813, 'hidden_layer_sizes': [20]}. Best is trial 0 with value: 0.33546715686974843.
[I 2023-11-07 07:01:06,061] A new study created in Journal with name: linear
[I 2023-11-07 07:01:06,101] Trial 0 finished with value: 0.21509211913030166 and parameters: {'alpha': 0.036353218139025485, 'l1_ratio': 0.4269604730124714}. Best is trial 0 with value: 0.21509211913030166.
[I 2023-11-07 07:01:06,110] A new study created in Journal with name: KRR
[I 2023-11-07 07:01:06,154] Trial 0 finished with value: 0.17160099741555582 and parameters: {'alpha': 0.9931103258593889, 'gamma': 7.954842994140757e-15, 'kernel': 'laplacian'}. Best is trial 0 with value: 0.17160099741555582.
[I 2023-11-07 07:01:06,161] A new study created in Journal with name: GB
[I 2023-11-07 07:01:07,460] Trial 0 finished with value: 0.10324836117333373 and parameters: {'n_estimators': 20, 'learning_rate': 0.7500582789287965, 'max_depth': 2}. Best is trial 0 with value: 0.10324836117333373.
[I 2023-11-07 07:01:07,470] A new study created in Journal with name: RF
[I 2023-11-07 07:01:10,397] Trial 0 finished with value: 0.14777618822896488 and parameters: {'n_estimators': 200, 'max_features': 'sqrt', 'max_depth': 5}. Best is trial 0 with value: 0.14777618822896488.
[I 2023-11-07 07:01:10,406] A new study created in Journal with name: ANN
[I 2023-11-07 07:01:11,782] Trial 0 finished with value: 0.2465075969227216 and parameters: {'learning_rate_init': 0.041962032308890035, 'hidden_layer_sizes': [50, 50]}. Best is trial 0 with value: 0.2465075969227216.
[I 2023-11-07 07:01:11,789] A new study created in Journal with name: linear
[I 2023-11-07 07:01:11,847] Trial 0 finished with value: 0.24763173003537572 and parameters: {'alpha': 0.07671218288179808, 'l1_ratio': 0.15987480339660565}. Best is trial 0 with value: 0.24763173003537572.
[I 2023-11-07 07:01:11,852] A new study created in Journal with name: KRR
[I 2023-11-07 07:01:12,868] Trial 0 finished with value: 0.23575721399277358 and parameters: {'alpha': 0.29968136053261085, 'gamma': 2.2341002433270596e-15, 'kernel': 'laplacian'}. Best is trial 0 with value: 0.23575721399277358.
[I 2023-11-07 07:01:12,876] A new study created in Journal with name: GB
[I 2023-11-07 07:01:22,677] Trial 0 finished with value: 0.22617983395183108 and parameters: {'n_estimators': 200, 'learning_rate': 0.8217674463107174, 'max_depth': 3}. Best is trial 0 with value: 0.22617983395183108.
[I 2023-11-07 07:01:22,684] A new study created in Journal with name: RF
[I 2023-11-07 07:02:03,129] Trial 0 finished with value: 0.21890862037935035 and parameters: {'n_estimators': 10, 'max_features': 'log2', 'max_depth': 10}. Best is trial 0 with value: 0.21890862037935035.
[I 2023-11-07 07:02:03,141] A new study created in Journal with name: ANN
[I 2023-11-07 07:02:24,847] Trial 0 finished with value: 0.26800315095819954 and parameters: {'learning_rate_init': 0.04073179789402555, 'hidden_layer_sizes': [5, 5, 5]}. Best is trial 0 with value: 0.26800315095819954.
[I 2023-11-07 07:02:24,854] A new study created in Journal with name: linear
[I 2023-11-07 07:02:24,897] Trial 0 finished with value: 0.2800306419417924 and parameters: {'alpha': 0.020067943544862157, 'l1_ratio': 0.9203399034796352}. Best is trial 0 with value: 0.2800306419417924.
[I 2023-11-07 07:02:24,906] A new study created in Journal with name: KRR
[I 2023-11-07 07:02:24,972] Trial 0 finished with value: 0.28129290813263835 and parameters: {'alpha': 0.9732639109237403, 'gamma': 3.458013238901925e-16, 'kernel': 'laplacian'}. Best is trial 0 with value: 0.28129290813263835.
[I 2023-11-07 07:02:24,979] A new study created in Journal with name: GB
[I 2023-11-07 07:02:26,901] Trial 0 finished with value: 0.2564636304140253 and parameters: {'n_estimators': 20, 'learning_rate': 0.24242514095860043, 'max_depth': 4}. Best is trial 0 with value: 0.2564636304140253.
[I 2023-11-07 07:02:26,907] A new study created in Journal with name: RF
[I 2023-11-07 07:02:30,865] Trial 0 finished with value: 0.24958460440282404 and parameters: {'n_estimators': 500, 'max_features': 'sqrt', 'max_depth': 5}. Best is trial 0 with value: 0.24958460440282404.
[I 2023-11-07 07:02:30,871] A new study created in Journal with name: ANN
[I 2023-11-07 07:02:33,542] Trial 0 finished with value: 0.33696097637544925 and parameters: {'learning_rate_init': 0.07358626281828841, 'hidden_layer_sizes': [50, 50, 50]}. Best is trial 0 with value: 0.33696097637544925.
[I 2023-11-07 07:02:33,547] A new study created in Journal with name: linear
[I 2023-11-07 07:02:33,581] Trial 0 finished with value: 0.1270292187149268 and parameters: {'alpha': 0.03951075987454764, 'l1_ratio': 0.03600539452828899}. Best is trial 0 with value: 0.1270292187149268.
[I 2023-11-07 07:02:33,587] A new study created in Journal with name: KRR
[I 2023-11-07 07:02:33,626] Trial 0 finished with value: 0.12996752468304476 and parameters: {'alpha': 0.5763266809086227, 'gamma': 6.8627236957378135e-15, 'kernel': 'linear'}. Best is trial 0 with value: 0.12996752468304476.
[I 2023-11-07 07:02:33,631] A new study created in Journal with name: GB
[I 2023-11-07 07:02:34,960] Trial 0 finished with value: 0.13616886035963913 and parameters: {'n_estimators': 20, 'learning_rate': 0.899756339300291, 'max_depth': 2}. Best is trial 0 with value: 0.13616886035963913.
[I 2023-11-07 07:02:34,968] A new study created in Journal with name: RF
[I 2023-11-07 07:02:37,961] Trial 0 finished with value: 0.13238265975279348 and parameters: {'n_estimators': 10, 'max_features': 'auto', 'max_depth': 4}. Best is trial 0 with value: 0.13238265975279348.
[I 2023-11-07 07:02:37,969] A new study created in Journal with name: ANN
[I 2023-11-07 07:02:39,435] Trial 0 finished with value: 0.25771827867235514 and parameters: {'learning_rate_init': 0.05948511088440904, 'hidden_layer_sizes': [50, 50]}. Best is trial 0 with value: 0.25771827867235514.
[I 2023-11-07 07:02:39,442] A new study created in Journal with name: linear
[I 2023-11-07 07:02:39,497] Trial 0 finished with value: 0.256504187060506 and parameters: {'alpha': 0.04707590472396101, 'l1_ratio': 0.6775352422348795}. Best is trial 0 with value: 0.256504187060506.
[I 2023-11-07 07:02:39,502] A new study created in Journal with name: KRR
[I 2023-11-07 07:02:40,444] Trial 0 finished with value: 0.25033148386481935 and parameters: {'alpha': 0.8906734794979422, 'gamma': 1.1624845642898008e-15, 'kernel': 'laplacian'}. Best is trial 0 with value: 0.25033148386481935.
[I 2023-11-07 07:02:40,450] A new study created in Journal with name: GB
[I 2023-11-07 07:02:50,270] Trial 0 finished with value: 0.2423317415188532 and parameters: {'n_estimators': 500, 'learning_rate': 0.09367045232928412, 'max_depth': 1}. Best is trial 0 with value: 0.2423317415188532.
[I 2023-11-07 07:02:50,277] A new study created in Journal with name: RF
[I 2023-11-07 07:03:31,362] Trial 0 finished with value: 0.23723613873790458 and parameters: {'n_estimators': 50, 'max_features': 'auto', 'max_depth': 2}. Best is trial 0 with value: 0.23723613873790458.
[I 2023-11-07 07:03:31,369] A new study created in Journal with name: ANN
[I 2023-11-07 07:03:54,234] Trial 0 finished with value: 0.2956310336962218 and parameters: {'learning_rate_init': 0.0859045691243697, 'hidden_layer_sizes': [50, 50]}. Best is trial 0 with value: 0.2956310336962218.
[I 2023-11-07 07:03:54,242] A new study created in Journal with name: linear
[I 2023-11-07 07:03:54,280] Trial 0 finished with value: 0.3127190433529298 and parameters: {'alpha': 0.016476210370494754, 'l1_ratio': 0.8405427338876187}. Best is trial 0 with value: 0.3127190433529298.
[I 2023-11-07 07:03:54,288] A new study created in Journal with name: KRR
[I 2023-11-07 07:03:54,346] Trial 0 finished with value: 0.3490277183368873 and parameters: {'alpha': 0.3597587776864995, 'gamma': 7.236312156383353e-15, 'kernel': 'linear'}. Best is trial 0 with value: 0.3490277183368873.
[I 2023-11-07 07:03:54,353] A new study created in Journal with name: GB
[I 2023-11-07 07:03:56,227] Trial 0 finished with value: 0.28797931051867637 and parameters: {'n_estimators': 200, 'learning_rate': 0.5747152672328988, 'max_depth': 4}. Best is trial 0 with value: 0.28797931051867637.
[I 2023-11-07 07:03:56,237] A new study created in Journal with name: RF
[I 2023-11-07 07:04:00,578] Trial 0 finished with value: 0.2761349382232521 and parameters: {'n_estimators': 500, 'max_features': 'log2', 'max_depth': 5}. Best is trial 0 with value: 0.2761349382232521.
[I 2023-11-07 07:04:00,587] A new study created in Journal with name: ANN
[I 2023-11-07 07:04:04,225] Trial 0 finished with value: 0.32675560518790286 and parameters: {'learning_rate_init': 0.08804284056601855, 'hidden_layer_sizes': [50, 50]}. Best is trial 0 with value: 0.32675560518790286.
[I 2023-11-07 07:04:04,233] A new study created in Journal with name: linear
[I 2023-11-07 07:04:04,270] Trial 0 finished with value: 0.2229106222958482 and parameters: {'alpha': 0.05450426601166995, 'l1_ratio': 0.3278058238470488}. Best is trial 0 with value: 0.2229106222958482.
[I 2023-11-07 07:04:04,277] A new study created in Journal with name: KRR
[I 2023-11-07 07:04:04,315] Trial 0 finished with value: 0.22161596581278975 and parameters: {'alpha': 0.8270970626615225, 'gamma': 3.0589451358579677e-15, 'kernel': 'laplacian'}. Best is trial 0 with value: 0.22161596581278975.
[I 2023-11-07 07:04:04,321] A new study created in Journal with name: GB
[I 2023-11-07 07:04:05,224] Trial 0 finished with value: 0.14471192506911032 and parameters: {'n_estimators': 10, 'learning_rate': 0.837583654903212, 'max_depth': 3}. Best is trial 0 with value: 0.14471192506911032.
[I 2023-11-07 07:04:05,232] A new study created in Journal with name: RF
[I 2023-11-07 07:04:07,360] Trial 0 finished with value: 0.16680822595852254 and parameters: {'n_estimators': 20, 'max_features': 'sqrt', 'max_depth': 10}. Best is trial 0 with value: 0.16680822595852254.
[I 2023-11-07 07:04:07,369] A new study created in Journal with name: ANN
[I 2023-11-07 07:04:08,171] Trial 0 finished with value: 4.12118224260929 and parameters: {'learning_rate_init': 0.0943461092886708, 'hidden_layer_sizes': [20, 20]}. Best is trial 0 with value: 4.12118224260929.
     56, [63, 'CC(C)(O)c1cc(F)c2c(c1)C(=O)N(Cc1ccc(Cl)cn1)[C@@]2(OCC1(O)CC1)c1ccc(Cl)cc1', 0.9999999999999998, 13.1753, 1.4177, 11.3044, -7.3559, -125.8906, -119.4889]
     14, [23, 'Cc1ncsc1-c1ccc([C@H](CC(=O)NCCCCCCNC(=O)COc2c(-c3csc(N4CCOCC4)n3)ccc(F)c2F)NC(=O)[C@@H]2C[C@@H](O)CN2C(=O)[C@@H](NC(=O)C2(F)CC2)C(C)(C)C)cc1', 0.0622624201077031, 28.4327, 3.274, 23.4872, -4.0348, -286.1545, -257.0326]
     removed index 325 corresponding to NaN
     removed index 678 corresponding to NaN
     removed index 725 corresponding to NaN
     removed index 1053 corresponding to NaN
     1417, [439, 'CN1C(=O)c2ccccc2[S@+]([O-])c2ccc(C(=O)NCc3ccc(Br)cc3)cc21', 0.4181064270905321, 10.3104, 0.7256, 7.5559, -14.2816, -86.2027, -96.3091]
     356, [66, 'CC(=O)c1c(C)[nH]c(C(=O)Nc2cccc([S+](=O)([O-])Nc3cccc(C#N)c3)c2)c1C', 0.8327574291637871, 10.4683, 2.4345, 9.1374, -15.7732, -116.2014, -124.8128]
     151, [36, 'N#Cc1ccc(CN2CCC(N3CCNC3=O)CC2)cc1', 0.7615658362989324, 8.7086, 0.7824, 4.7992, -7.9813, -74.8159, -75.7409]
     38, [185, 'c1ccc(Nc2ncc(-c3cncnc3)c3c2OCC3)cc1', 1.0, 7.6502, 0.7908, 4.359, -17.5939, -69.2221, -78.0498]
     56, [30, 'COc1cccc([C@@H](CO)NC(=O)[C@@H](C)N2Cc3ccc(-c4nc(NC5CCOCC5)ncc4Cl)cc3C2=O)c1', 0.0147310164129507, 16.2478, 2.1011, 12.7179, -10.0882, -164.348, -156.2467]
     14, [29, 'O=C1CCC(N2C(=O)c3cccc(NCCOCCOCCNC(=O)c4ccc5c(c4)nc(Nc4cccc(Cl)c4)c4ccncc45)c3C2=O)C(=O)N1', 0.0400167292931223, 18.7621, 3.2764, 15.83, -24.805, -206.8013, -216.3639]
     removed index 627 corresponding to NaN
     removed index 628 corresponding to NaN
     removed index 1065 corresponding to NaN
     removed index 1109 corresponding to NaN
     1417, [41, 'CNC(=O)C1CCN(c2nc(-c3ccc(Br)cc3)cs2)CC1', 0.8728403593642018, 8.8766, 0.5795, 5.4967, -5.3755, -74.4969, -72.179]
     356, [675, 'O=c1cc(CN2CCCN(c3ccc(C(F)(F)F)cn3)CC2)nc2ccccn12', 0.2695231513476157, 11.6693, 0.0, 8.7277, -7.9637, -109.4358, -87.089]
     151, [9, 'Cc1cc(F)ccc1OC1CN(Cc2ccc(C#N)cc2)C1', 0.2473309608540924, 8.9224, 0.0, 4.8259, -11.1508, -61.3626, -68.7406]
     38, [20, 'Fc1cccc(-c2cnc([C@@H]3COCCN3Cc3cnc[nH]3)[nH]2)c1', 0.4599644128113878, 8.6917, 1.4354, 6.9778, -10.2452, -97.3783, -101.0987]
     56, [25, 'O=C(NC1CCN(CCc2c[nH]c3ccccc23)CC1)c1ccccc1', 0.0439188969472542, 9.3803, 1.1336, 4.4019, -10.2484, -68.9045, -79.1529]
     14, [44, 'COc1cc(F)cc([C@@H](CO)NC(=O)[C@@H](C)N2Cc3ccc(-c4nc(NC5COC5)ncc4Cl)cc3C2=O)c1', 0.1384047171537122, 15.1005, 2.4247, 13.7023, -11.5729, -168.823, -163.9418]
     removed index 1085 corresponding to NaN
     1420, [865, 'O=c1c(O)c(-c2ccc(O)cc2)oc2cc(O)cc(O)c12', 0.1807187284035936, 4.8109, 4.2098, 9.0356, -15.906, -100.4349, -116.3409]
     removed index 149 corresponding to NaN
     removed index 152 corresponding to NaN
     removed index 165 corresponding to NaN
     353, [963, 'COc1cc(C(=O)Nc2nc(-c3ccccc3)cs2)ccc1NS(=O)(=O)c1ccc(C)cc1', 0.1485832757429163, 10.6471, 1.8191, 7.4917, -18.2286, -98.1729, -109.0432]
     151, [107, 'O=C(Nc1cnc(-c2ccccc2)nc1)c1ccccc1', 1.0, 7.4704, 0.6471, 3.9158, -15.3358, -60.546, -70.5429]
     38, [104, 'Cc1ccccc1-c1[nH]nc2ncc(-c3ccccc3)nc12', 0.7215302491103203, 6.5793, 0.7599, 2.616, -18.8676, -48.3099, -58.8456]
random 3A4 linear
random 3A4 KRR
random 3A4 GB
random 3A4 RF
random 3A4 ANN
random RLM linear
random RLM KRR
random RLM GB
random RLM RF
random RLM ANN
random HLC linear
random HLC KRR
random HLC GB
random HLC RF
random HLC ANN
scaffold_splitter 3A4 linear
scaffold_splitter 3A4 KRR
scaffold_splitter 3A4 GB
scaffold_splitter 3A4 RF
scaffold_splitter 3A4 ANN
scaffold_splitter RLM linear
scaffold_splitter RLM KRR
scaffold_splitter RLM GB
scaffold_splitter RLM RF
scaffold_splitter RLM ANN
scaffold_splitter HLC linear
scaffold_splitter HLC KRR
scaffold_splitter HLC GB
scaffold_splitter HLC RF
scaffold_splitter HLC ANN
time_split 3A4 linear
time_split 3A4 KRR
time_split 3A4 GB
time_split 3A4 RF
time_split 3A4 ANN
time_split RLM linear
time_split RLM KRR
time_split RLM GB
time_split RLM RF
time_split RLM ANN
time_split HLC linear
time_split HLC KRR
time_split HLC GB
time_split HLC RF
time_split HLC ANN
random 3A4 linear
random 3A4 KRR
random 3A4 GB
random 3A4 RF
random 3A4 ANN
random RLM linear
Traceback (most recent call last):
  File "/home/it4i-majerl/Documents/datacytochromy/optuna-it4i.py", line 155, in <module>
    JournalFileStorage(f"./project_resources/optuna/{_type}/{splitter_name}/{isozyme}/{model_identifier}_journal.log", lock_obj=lock_obj)
  File "/home/it4i-majerl/.local/lib/python3.11/site-packages/optuna/storages/_journal/file.py", line 160, in __init__
    open(self._file_path, "ab").close()  # Create a file if it does not exist
    ^^^^^^^^^^^^^^^^^^^^^^^^^^^
FileNotFoundError: [Errno 2] No such file or directory: './project_resources/optuna/jazzy/random/RLM/linear_journal.log'
