{"op_code": 0, "worker_id": "f86efa3a-66b9-4d06-8e97-9ecf87591470-47614746832704", "study_name": "ANN", "directions": [1]}
{"op_code": 4, "worker_id": "f86efa3a-66b9-4d06-8e97-9ecf87591470-47615450679040", "study_id": 0, "datetime_start": "2023-11-07T07:03:31.370981"}
{"op_code": 5, "worker_id": "f86efa3a-66b9-4d06-8e97-9ecf87591470-47615450679040", "trial_id": 0, "param_name": "learning_rate_init", "param_value_internal": 0.0859045691243697, "distribution": "{\"name\": \"FloatDistribution\", \"attributes\": {\"step\": null, \"low\": 0.001, \"high\": 0.1, \"log\": false}}"}
{"op_code": 5, "worker_id": "f86efa3a-66b9-4d06-8e97-9ecf87591470-47615450679040", "trial_id": 0, "param_name": "hidden_layer_sizes", "param_value_internal": 7, "distribution": "{\"name\": \"CategoricalDistribution\", \"attributes\": {\"choices\": [[5], [10], [20], [50], [5, 5], [10, 10], [20, 20], [50, 50], [5, 5, 5], [10, 10, 10], [50, 50, 50]]}}"}
{"op_code": 6, "worker_id": "f86efa3a-66b9-4d06-8e97-9ecf87591470-47615450679040", "trial_id": 0, "state": 1, "values": [0.2956310336962218], "datetime_complete": "2023-11-07T07:03:54.231882"}
{"op_code": 0, "worker_id": "47456221-d6f2-4063-8479-7a17c1d8bd51-47279818202944", "study_name": "ANN", "directions": [1]}
{"op_code": 4, "worker_id": "47456221-d6f2-4063-8479-7a17c1d8bd51-47280521058048", "study_id": 0, "datetime_start": "2023-11-07T17:11:04.781569"}
{"op_code": 5, "worker_id": "47456221-d6f2-4063-8479-7a17c1d8bd51-47280521058048", "trial_id": 1, "param_name": "learning_rate_init", "param_value_internal": 0.05562738118441408, "distribution": "{\"name\": \"FloatDistribution\", \"attributes\": {\"step\": null, \"low\": 0.001, \"high\": 0.1, \"log\": false}}"}
{"op_code": 5, "worker_id": "47456221-d6f2-4063-8479-7a17c1d8bd51-47280521058048", "trial_id": 1, "param_name": "hidden_layer_sizes", "param_value_internal": 3, "distribution": "{\"name\": \"CategoricalDistribution\", \"attributes\": {\"choices\": [[5], [10], [20], [50], [5, 5], [10, 10], [20, 20], [50, 50], [5, 5, 5], [10, 10, 10], [50, 50, 50]]}}"}
{"op_code": 6, "worker_id": "47456221-d6f2-4063-8479-7a17c1d8bd51-47280521058048", "trial_id": 1, "state": 1, "values": [0.2924621123347735], "datetime_complete": "2023-11-07T17:11:24.646689"}
{"op_code": 0, "worker_id": "2ca43978-16b6-4f1e-85a8-c5ef1febc734-47279818202944", "study_name": "ANN", "directions": [1]}
{"op_code": 4, "worker_id": "2ca43978-16b6-4f1e-85a8-c5ef1febc734-47280521058048", "study_id": 0, "datetime_start": "2023-11-07T17:17:51.704901"}
{"op_code": 5, "worker_id": "2ca43978-16b6-4f1e-85a8-c5ef1febc734-47280521058048", "trial_id": 2, "param_name": "learning_rate_init", "param_value_internal": 0.025011113801886545, "distribution": "{\"name\": \"FloatDistribution\", \"attributes\": {\"step\": null, \"low\": 0.001, \"high\": 0.1, \"log\": false}}"}
{"op_code": 5, "worker_id": "2ca43978-16b6-4f1e-85a8-c5ef1febc734-47280521058048", "trial_id": 2, "param_name": "hidden_layer_sizes", "param_value_internal": 2, "distribution": "{\"name\": \"CategoricalDistribution\", \"attributes\": {\"choices\": [[5], [10], [20], [50], [5, 5], [10, 10], [20, 20], [50, 50], [5, 5, 5], [10, 10, 10], [50, 50, 50]]}}"}
{"op_code": 6, "worker_id": "2ca43978-16b6-4f1e-85a8-c5ef1febc734-47280521058048", "trial_id": 2, "state": 1, "values": [0.2973109946293792], "datetime_complete": "2023-11-07T17:18:14.458718"}
{"op_code": 0, "worker_id": "d0497163-fdf0-4c7e-80b7-23e4105bb332-47279818202944", "study_name": "ANN", "directions": [1]}
{"op_code": 4, "worker_id": "d0497163-fdf0-4c7e-80b7-23e4105bb332-47280521058048", "study_id": 0, "datetime_start": "2023-11-07T17:24:40.552056"}
{"op_code": 5, "worker_id": "d0497163-fdf0-4c7e-80b7-23e4105bb332-47280521058048", "trial_id": 3, "param_name": "learning_rate_init", "param_value_internal": 0.09165672357485917, "distribution": "{\"name\": \"FloatDistribution\", \"attributes\": {\"step\": null, \"low\": 0.001, \"high\": 0.1, \"log\": false}}"}
{"op_code": 5, "worker_id": "d0497163-fdf0-4c7e-80b7-23e4105bb332-47280521058048", "trial_id": 3, "param_name": "hidden_layer_sizes", "param_value_internal": 2, "distribution": "{\"name\": \"CategoricalDistribution\", \"attributes\": {\"choices\": [[5], [10], [20], [50], [5, 5], [10, 10], [20, 20], [50, 50], [5, 5, 5], [10, 10, 10], [50, 50, 50]]}}"}
{"op_code": 6, "worker_id": "d0497163-fdf0-4c7e-80b7-23e4105bb332-47280521058048", "trial_id": 3, "state": 1, "values": [0.2943252087924609], "datetime_complete": "2023-11-07T17:25:02.121534"}
{"op_code": 0, "worker_id": "a3404f0b-a987-44fa-a096-98ca8afc7eaa-47279818202944", "study_name": "ANN", "directions": [1]}
{"op_code": 4, "worker_id": "a3404f0b-a987-44fa-a096-98ca8afc7eaa-47280521058048", "study_id": 0, "datetime_start": "2023-11-07T17:31:28.257237"}
{"op_code": 5, "worker_id": "a3404f0b-a987-44fa-a096-98ca8afc7eaa-47280521058048", "trial_id": 4, "param_name": "learning_rate_init", "param_value_internal": 0.026829540332669294, "distribution": "{\"name\": \"FloatDistribution\", \"attributes\": {\"step\": null, \"low\": 0.001, \"high\": 0.1, \"log\": false}}"}
{"op_code": 5, "worker_id": "a3404f0b-a987-44fa-a096-98ca8afc7eaa-47280521058048", "trial_id": 4, "param_name": "hidden_layer_sizes", "param_value_internal": 3, "distribution": "{\"name\": \"CategoricalDistribution\", \"attributes\": {\"choices\": [[5], [10], [20], [50], [5, 5], [10, 10], [20, 20], [50, 50], [5, 5, 5], [10, 10, 10], [50, 50, 50]]}}"}
{"op_code": 6, "worker_id": "a3404f0b-a987-44fa-a096-98ca8afc7eaa-47280521058048", "trial_id": 4, "state": 1, "values": [0.2902420852736918], "datetime_complete": "2023-11-07T17:31:50.370500"}
{"op_code": 0, "worker_id": "45d32846-63fb-485f-a907-38f43f0af5d1-4812", "study_name": "ANN", "directions": [1]}
{"op_code": 4, "worker_id": "45d32846-63fb-485f-a907-38f43f0af5d1-17880", "study_id": 0, "datetime_start": "2023-11-13T20:40:47.902650"}
{"op_code": 5, "worker_id": "45d32846-63fb-485f-a907-38f43f0af5d1-17880", "trial_id": 5, "param_name": "learning_rate_init", "param_value_internal": 0.07865080545576651, "distribution": "{\"name\": \"FloatDistribution\", \"attributes\": {\"step\": null, \"low\": 0.001, \"high\": 0.1, \"log\": false}}"}
{"op_code": 5, "worker_id": "45d32846-63fb-485f-a907-38f43f0af5d1-17880", "trial_id": 5, "param_name": "hidden_layer_sizes", "param_value_internal": 3, "distribution": "{\"name\": \"CategoricalDistribution\", \"attributes\": {\"choices\": [[5], [10], [20], [50], [5, 5], [10, 10], [20, 20], [50, 50], [5, 5, 5], [10, 10, 10], [50, 50, 50]]}}"}
{"op_code": 0, "worker_id": "3f0950a7-593f-49d3-9f86-78e9a85e9460-9840", "study_name": "ANN", "directions": [1]}
{"op_code": 4, "worker_id": "3f0950a7-593f-49d3-9f86-78e9a85e9460-20812", "study_id": 0, "datetime_start": "2023-11-13T20:40:50.266619"}
{"op_code": 5, "worker_id": "3f0950a7-593f-49d3-9f86-78e9a85e9460-20812", "trial_id": 6, "param_name": "learning_rate_init", "param_value_internal": 0.018176786868494926, "distribution": "{\"name\": \"FloatDistribution\", \"attributes\": {\"step\": null, \"low\": 0.001, \"high\": 0.1, \"log\": false}}"}
{"op_code": 5, "worker_id": "3f0950a7-593f-49d3-9f86-78e9a85e9460-20812", "trial_id": 6, "param_name": "hidden_layer_sizes", "param_value_internal": 1, "distribution": "{\"name\": \"CategoricalDistribution\", \"attributes\": {\"choices\": [[5], [10], [20], [50], [5, 5], [10, 10], [20, 20], [50, 50], [5, 5, 5], [10, 10, 10], [50, 50, 50]]}}"}
{"op_code": 6, "worker_id": "45d32846-63fb-485f-a907-38f43f0af5d1-17880", "trial_id": 5, "state": 1, "values": [0.29599655022869303], "datetime_complete": "2023-11-13T20:40:55.810585"}
{"op_code": 6, "worker_id": "3f0950a7-593f-49d3-9f86-78e9a85e9460-20812", "trial_id": 6, "state": 1, "values": [0.2960924106224669], "datetime_complete": "2023-11-13T20:40:58.140554"}
{"op_code": 0, "worker_id": "70a987ee-1873-4fef-9b70-f5841ade287b-6556", "study_name": "ANN", "directions": [1]}
{"op_code": 0, "worker_id": "19f0433b-3185-49c4-a289-22a7b714b2c1-6556", "study_name": "ANN", "directions": [1]}
{"op_code": 0, "worker_id": "d1234b01-ee30-402b-a6f9-141a43217d49-6556", "study_name": "ANN", "directions": [1]}
{"op_code": 0, "worker_id": "0643c4ca-3bf5-4e60-86a6-bc72949edcde-6556", "study_name": "ANN", "directions": [1]}
{"op_code": 0, "worker_id": "5f4b4376-3317-4d39-b69d-59cb841e02ab-6556", "study_name": "ANN", "directions": [1]}
{"op_code": 0, "worker_id": "9d5ddc47-72eb-498a-b3c8-199e63673d00-2012", "study_name": "ANN", "directions": [1]}
{"op_code": 0, "worker_id": "a51fb702-f086-4dc8-928c-420b3092becc-2012", "study_name": "ANN", "directions": [1]}
{"op_code": 0, "worker_id": "4c7b8782-0d2f-4266-a72f-6f205abb4427-2012", "study_name": "ANN", "directions": [1]}
{"op_code": 0, "worker_id": "96c19b92-f35b-4575-836f-1a461ef26a53-2012", "study_name": "ANN", "directions": [1]}
{"op_code": 0, "worker_id": "3ffc8729-87aa-47dd-8bdf-1dd4ed829230-2012", "study_name": "ANN", "directions": [1]}
{"op_code": 4, "worker_id": "9d5ddc47-72eb-498a-b3c8-199e63673d00-14024", "study_id": 0, "datetime_start": "2023-11-14T13:25:23.636223"}
{"op_code": 5, "worker_id": "9d5ddc47-72eb-498a-b3c8-199e63673d00-14024", "trial_id": 7, "param_name": "learning_rate_init", "param_value_internal": 0.08058371242937669, "distribution": "{\"name\": \"FloatDistribution\", \"attributes\": {\"step\": null, \"low\": 0.001, \"high\": 0.1, \"log\": false}}"}
{"op_code": 5, "worker_id": "9d5ddc47-72eb-498a-b3c8-199e63673d00-14024", "trial_id": 7, "param_name": "hidden_layer_sizes", "param_value_internal": 9, "distribution": "{\"name\": \"CategoricalDistribution\", \"attributes\": {\"choices\": [[5], [10], [20], [50], [5, 5], [10, 10], [20, 20], [50, 50], [5, 5, 5], [10, 10, 10], [50, 50, 50]]}}"}
{"op_code": 0, "worker_id": "bd00c81e-7745-4323-994c-ffbe4db7a2ce-2012", "study_name": "ANN", "directions": [1]}
{"op_code": 4, "worker_id": "a51fb702-f086-4dc8-928c-420b3092becc-572", "study_id": 0, "datetime_start": "2023-11-14T13:27:03.703195"}
{"op_code": 5, "worker_id": "a51fb702-f086-4dc8-928c-420b3092becc-572", "trial_id": 8, "param_name": "learning_rate_init", "param_value_internal": 0.08009900615852308, "distribution": "{\"name\": \"FloatDistribution\", \"attributes\": {\"step\": null, \"low\": 0.001, \"high\": 0.1, \"log\": false}}"}
{"op_code": 5, "worker_id": "a51fb702-f086-4dc8-928c-420b3092becc-572", "trial_id": 8, "param_name": "hidden_layer_sizes", "param_value_internal": 7, "distribution": "{\"name\": \"CategoricalDistribution\", \"attributes\": {\"choices\": [[5], [10], [20], [50], [5, 5], [10, 10], [20, 20], [50, 50], [5, 5, 5], [10, 10, 10], [50, 50, 50]]}}"}
{"op_code": 6, "worker_id": "9d5ddc47-72eb-498a-b3c8-199e63673d00-14024", "trial_id": 7, "state": 1, "values": [0.2947657528256264], "datetime_complete": "2023-11-14T13:27:29.117378"}
{"op_code": 0, "worker_id": "949b0d8d-840a-40ec-9cbc-852e08b5fc07-4160", "study_name": "ANN", "directions": [1]}
{"op_code": 0, "worker_id": "b5cac14d-6fc0-45f5-8d85-57cb82f922f5-4160", "study_name": "ANN", "directions": [1]}
{"op_code": 0, "worker_id": "ff0a2dfd-5760-4495-84c6-6ed8ea5b68dd-4160", "study_name": "ANN", "directions": [1]}
{"op_code": 0, "worker_id": "95ba3b52-e0ee-49dc-bc79-758d235b3a47-4160", "study_name": "ANN", "directions": [1]}
{"op_code": 0, "worker_id": "aab1dfd0-3149-4747-abf8-a7caa73fba8d-4160", "study_name": "ANN", "directions": [1]}
{"op_code": 0, "worker_id": "879e84aa-37c7-42d2-bea7-af1826d41923-4160", "study_name": "ANN", "directions": [1]}
{"op_code": 0, "worker_id": "26fa58a4-6b16-40a0-98ba-30e1eb54605e-4160", "study_name": "ANN", "directions": [1]}
{"op_code": 0, "worker_id": "de38c547-4dbf-4480-9f3e-fefc14d5fe51-4160", "study_name": "ANN", "directions": [1]}
{"op_code": 0, "worker_id": "3325d2c2-8b08-48cb-b1c1-ab12c28d9aad-4160", "study_name": "ANN", "directions": [1]}
{"op_code": 0, "worker_id": "18c7752c-6de4-4f08-9733-cd904db23428-4160", "study_name": "ANN", "directions": [1]}
{"op_code": 0, "worker_id": "29679e8e-18ab-4a32-9b33-db0536c286fd-4160", "study_name": "ANN", "directions": [1]}
{"op_code": 0, "worker_id": "3db7e362-15ce-48ed-98fe-e35514d9fa57-4160", "study_name": "ANN", "directions": [1]}
{"op_code": 0, "worker_id": "b396a963-83d1-416c-bbce-48731b686148-4160", "study_name": "ANN", "directions": [1]}
{"op_code": 0, "worker_id": "3efdfed8-89c1-45c5-92d1-7f7e53bbbf14-4160", "study_name": "ANN", "directions": [1]}
{"op_code": 0, "worker_id": "2d5356c4-1e11-40e1-beff-926a5e17fcd2-4160", "study_name": "ANN", "directions": [1]}
{"op_code": 0, "worker_id": "1076cb6b-cdbc-488e-b63a-c53f5aa33c74-4160", "study_name": "ANN", "directions": [1]}
{"op_code": 0, "worker_id": "94476714-c1d3-4772-9911-5ea552a8e752-4160", "study_name": "ANN", "directions": [1]}
{"op_code": 0, "worker_id": "3e6ba37a-c36a-4b39-9455-ba0eb56a4d42-4160", "study_name": "ANN", "directions": [1]}
{"op_code": 0, "worker_id": "a16f1ffe-565b-43f9-879b-427fa7b581d2-4160", "study_name": "ANN", "directions": [1]}
{"op_code": 0, "worker_id": "b6a25e46-560e-4df0-98dc-212fd0a54ea7-4160", "study_name": "ANN", "directions": [1]}
{"op_code": 0, "worker_id": "ad931d52-d621-4265-89ec-3ff110df41cc-4160", "study_name": "ANN", "directions": [1]}
{"op_code": 0, "worker_id": "4cca1ec3-a0a3-43bf-bdff-f7b05540dde1-4160", "study_name": "ANN", "directions": [1]}
{"op_code": 0, "worker_id": "41a963c5-e71d-445e-9b0b-8ee12127b655-4160", "study_name": "ANN", "directions": [1]}
{"op_code": 0, "worker_id": "2c1cbd85-43b4-4f84-b718-bb04e90ca9ee-4160", "study_name": "ANN", "directions": [1]}
{"op_code": 0, "worker_id": "3ebd519a-9c56-4771-990a-282cd1928f11-4160", "study_name": "ANN", "directions": [1]}
{"op_code": 0, "worker_id": "52d05d42-fc12-4ca6-9e09-1aa730966faf-4160", "study_name": "ANN", "directions": [1]}
{"op_code": 0, "worker_id": "7da90f38-477a-424a-a572-8613b453532a-4160", "study_name": "ANN", "directions": [1]}
{"op_code": 0, "worker_id": "fba70bb2-48d2-4df6-bd7e-5763aced404e-4160", "study_name": "ANN", "directions": [1]}
{"op_code": 0, "worker_id": "11f2dff6-1c79-42eb-9063-51f1ed91897f-4160", "study_name": "ANN", "directions": [1]}
{"op_code": 0, "worker_id": "918d1c3f-d0a4-4ecb-8b18-d0fff170a858-4160", "study_name": "ANN", "directions": [1]}
{"op_code": 0, "worker_id": "da4b5f2a-c2e2-4088-b00c-332693c13383-4160", "study_name": "ANN", "directions": [1]}
{"op_code": 0, "worker_id": "3eca4465-5418-4568-8d3f-4cae8f2ef409-4160", "study_name": "ANN", "directions": [1]}
{"op_code": 0, "worker_id": "a3441dbe-3660-4079-b51b-113d503d05db-4160", "study_name": "ANN", "directions": [1]}
{"op_code": 0, "worker_id": "adabe1cc-8349-409d-9751-fb5ee7c1c8a3-4160", "study_name": "ANN", "directions": [1]}
{"op_code": 0, "worker_id": "741b9c1f-f9d4-44d9-9233-0209db042f66-4160", "study_name": "ANN", "directions": [1]}
{"op_code": 0, "worker_id": "edafcf04-ae7a-47a7-89cd-07b682c14d07-4160", "study_name": "ANN", "directions": [1]}
{"op_code": 0, "worker_id": "5db0d3ba-c1e5-4a39-9927-8dffe835e303-4160", "study_name": "ANN", "directions": [1]}
{"op_code": 0, "worker_id": "72506101-397c-4528-a3d3-6b86e6dd9311-4160", "study_name": "ANN", "directions": [1]}
{"op_code": 0, "worker_id": "a2569197-4a60-40d5-ae4f-a05575210957-4160", "study_name": "ANN", "directions": [1]}
{"op_code": 0, "worker_id": "e92f1974-cd1b-49ea-bed5-4886b00aaa54-4160", "study_name": "ANN", "directions": [1]}
{"op_code": 0, "worker_id": "8e794c26-2870-4146-b5bb-94bba8f47b4b-4160", "study_name": "ANN", "directions": [1]}
{"op_code": 0, "worker_id": "881d56ff-c271-4eab-8179-c85baa9380ec-4160", "study_name": "ANN", "directions": [1]}
{"op_code": 0, "worker_id": "63187077-1c1c-46e7-8fc1-e90b7ae82330-4160", "study_name": "ANN", "directions": [1]}
{"op_code": 0, "worker_id": "7cc6b7af-877e-4cee-aae3-d7b515640f3c-4160", "study_name": "ANN", "directions": [1]}
{"op_code": 0, "worker_id": "9731649c-ce6f-4ac9-9b1a-61d4278f5816-4160", "study_name": "ANN", "directions": [1]}
{"op_code": 0, "worker_id": "06e924d2-9a22-4d41-8419-530c826ff9fa-4160", "study_name": "ANN", "directions": [1]}
{"op_code": 0, "worker_id": "19d8118a-da31-42c6-bf05-c853520ed7b1-4160", "study_name": "ANN", "directions": [1]}
{"op_code": 0, "worker_id": "88451615-d333-417c-b48c-f777235a4ce2-4160", "study_name": "ANN", "directions": [1]}
{"op_code": 0, "worker_id": "9ecdb18d-35a4-4627-823b-8f87cdbc6c87-4160", "study_name": "ANN", "directions": [1]}
{"op_code": 0, "worker_id": "5ff17408-e792-4e35-9e19-a977dad2ad88-4160", "study_name": "ANN", "directions": [1]}
{"op_code": 0, "worker_id": "d8440d3f-e97b-4580-b210-d84d2c5f14ef-4160", "study_name": "ANN", "directions": [1]}
{"op_code": 0, "worker_id": "f276b055-05b1-48fb-a2b4-f463390492c8-4160", "study_name": "ANN", "directions": [1]}
{"op_code": 0, "worker_id": "c6e119fb-d68a-441d-b081-07af1dc23ebb-4160", "study_name": "ANN", "directions": [1]}
{"op_code": 0, "worker_id": "5ef111a9-4b69-4ea9-b5ca-16c6038ac30c-4160", "study_name": "ANN", "directions": [1]}
{"op_code": 0, "worker_id": "8f0aa4a0-f642-488b-99fc-1395287d3fdf-4160", "study_name": "ANN", "directions": [1]}
{"op_code": 0, "worker_id": "080f5429-b325-45b5-a3ac-6a7807982bae-4160", "study_name": "ANN", "directions": [1]}
{"op_code": 0, "worker_id": "5176fe9e-964a-4a80-a8cb-7226bb491576-4160", "study_name": "ANN", "directions": [1]}
{"op_code": 0, "worker_id": "be7fbc67-8723-48a1-85d4-cb6d13ee1b46-4160", "study_name": "ANN", "directions": [1]}
{"op_code": 0, "worker_id": "4451dd7e-222c-47c8-a6e7-c2637820e936-4160", "study_name": "ANN", "directions": [1]}
{"op_code": 0, "worker_id": "0af54d75-eb5f-4cf6-8489-fcf1d2470fe6-4160", "study_name": "ANN", "directions": [1]}
{"op_code": 0, "worker_id": "aa6395ca-6944-4251-9632-7ab47a0ea072-4160", "study_name": "ANN", "directions": [1]}
{"op_code": 0, "worker_id": "cb243099-72c9-4f3a-ad65-d085225ca5d7-4160", "study_name": "ANN", "directions": [1]}
{"op_code": 0, "worker_id": "04385922-d586-47ba-a099-e5a841e8b1c3-4160", "study_name": "ANN", "directions": [1]}
{"op_code": 0, "worker_id": "feaab333-6935-4668-9845-734994b63e65-4160", "study_name": "ANN", "directions": [1]}
{"op_code": 0, "worker_id": "a6d96e7b-f8ea-4ff4-bd22-9d160c6058f9-4160", "study_name": "ANN", "directions": [1]}
{"op_code": 0, "worker_id": "a7b66d35-6c28-400f-855d-084c430b15b6-4160", "study_name": "ANN", "directions": [1]}
{"op_code": 0, "worker_id": "a0efa8b7-afb6-4267-a137-f17b768d9b56-4160", "study_name": "ANN", "directions": [1]}
{"op_code": 0, "worker_id": "69a33fd6-859c-48d0-9e36-c5970a1ffeb0-4160", "study_name": "ANN", "directions": [1]}
{"op_code": 0, "worker_id": "6a2dc8ae-2e63-430f-b76e-f51ae724a4ec-4160", "study_name": "ANN", "directions": [1]}
{"op_code": 0, "worker_id": "b19bfb5c-2b47-4cb6-a51b-1608845b98be-4160", "study_name": "ANN", "directions": [1]}
{"op_code": 0, "worker_id": "d5f646c7-d06c-4cd7-9791-21fa26a3ae34-4160", "study_name": "ANN", "directions": [1]}
{"op_code": 0, "worker_id": "bc50e268-0fa1-4e29-99b1-8d3a606140a3-4160", "study_name": "ANN", "directions": [1]}
{"op_code": 0, "worker_id": "b0476a3c-c620-41ad-8459-decba07ebc17-4160", "study_name": "ANN", "directions": [1]}
{"op_code": 0, "worker_id": "1f7f053f-e8f8-45df-a3c5-ff9050359f3d-4160", "study_name": "ANN", "directions": [1]}
{"op_code": 0, "worker_id": "ed5e0f95-7be0-45f0-8754-f01ad215482d-4160", "study_name": "ANN", "directions": [1]}
{"op_code": 0, "worker_id": "15b9fe09-74a8-4df1-bc35-fdcda37e85d3-4160", "study_name": "ANN", "directions": [1]}
{"op_code": 0, "worker_id": "ecfa50e4-79ef-45d6-9ad7-3bf378e915a1-4160", "study_name": "ANN", "directions": [1]}
{"op_code": 0, "worker_id": "7b3543a0-674b-4b50-94ec-70c666ae70a4-4160", "study_name": "ANN", "directions": [1]}
{"op_code": 0, "worker_id": "dffb687d-d015-474a-b182-7c58dbfca839-4160", "study_name": "ANN", "directions": [1]}
{"op_code": 0, "worker_id": "eaca8bd7-1eaf-43ff-b37d-239528e9c347-4160", "study_name": "ANN", "directions": [1]}
{"op_code": 0, "worker_id": "ef42ec65-a24d-4541-b010-57739476a2de-4160", "study_name": "ANN", "directions": [1]}
{"op_code": 0, "worker_id": "65266e15-3320-4a4d-9635-c94b2bec87e8-4160", "study_name": "ANN", "directions": [1]}
{"op_code": 0, "worker_id": "72699ac9-ef7d-4567-a289-4c2b4bfce157-4160", "study_name": "ANN", "directions": [1]}
{"op_code": 0, "worker_id": "d67f0d9e-48ec-42eb-8573-e9788e0df0f5-4160", "study_name": "ANN", "directions": [1]}
{"op_code": 0, "worker_id": "a81a0968-01ad-4780-9ed4-1f3dde670187-4160", "study_name": "ANN", "directions": [1]}
{"op_code": 0, "worker_id": "b15eefa6-6ff2-4a9a-96c1-954f5d3cc78d-4160", "study_name": "ANN", "directions": [1]}
{"op_code": 0, "worker_id": "6819dcd0-8bdb-4e6c-a8fd-65ca3181e5fa-4160", "study_name": "ANN", "directions": [1]}
{"op_code": 0, "worker_id": "52e7bed6-34c5-4fa9-8777-84ddbdbe005e-4160", "study_name": "ANN", "directions": [1]}
{"op_code": 0, "worker_id": "8d497d34-2d6b-4ef6-99bf-487d9afbba47-4160", "study_name": "ANN", "directions": [1]}
{"op_code": 0, "worker_id": "8c82b896-f1c7-4989-aee2-1d6729a82678-4160", "study_name": "ANN", "directions": [1]}
{"op_code": 0, "worker_id": "35971d33-4315-4373-983c-35f0966de653-4160", "study_name": "ANN", "directions": [1]}
{"op_code": 0, "worker_id": "4c0c92c1-b648-4d4d-a2fb-565fc436b458-4160", "study_name": "ANN", "directions": [1]}
{"op_code": 0, "worker_id": "1149b719-c546-49ce-98aa-da5e8a0e26d2-4160", "study_name": "ANN", "directions": [1]}
{"op_code": 0, "worker_id": "9cdc412c-01b3-4bf3-93c4-eb44e0d64df3-4160", "study_name": "ANN", "directions": [1]}
{"op_code": 0, "worker_id": "02193f59-937b-4c43-81f4-096f0d0f1338-4160", "study_name": "ANN", "directions": [1]}
{"op_code": 0, "worker_id": "deed8e4d-2504-4683-bc48-8900b9dd393b-4160", "study_name": "ANN", "directions": [1]}
{"op_code": 0, "worker_id": "d3220be2-0652-4efc-953f-264de4627de6-4160", "study_name": "ANN", "directions": [1]}
{"op_code": 0, "worker_id": "85ad3960-c92c-4470-9466-944cec2f7a77-4160", "study_name": "ANN", "directions": [1]}
{"op_code": 0, "worker_id": "f0314e20-7e29-4df3-8c32-02809b7b67c1-4160", "study_name": "ANN", "directions": [1]}
{"op_code": 0, "worker_id": "3277c525-68d6-454a-b178-bbcfc6d4d754-4160", "study_name": "ANN", "directions": [1]}
{"op_code": 0, "worker_id": "d0228b02-8d82-4aa0-9650-43c9ef5a1909-4160", "study_name": "ANN", "directions": [1]}
{"op_code": 0, "worker_id": "34c0b8d5-277b-4f0b-a962-af08eb6968e3-4160", "study_name": "ANN", "directions": [1]}
{"op_code": 0, "worker_id": "a0eef670-e192-419d-83a7-65a6b5f4e86b-4160", "study_name": "ANN", "directions": [1]}
{"op_code": 0, "worker_id": "9ae45345-29e7-41f4-9d40-c508110a1776-4160", "study_name": "ANN", "directions": [1]}
{"op_code": 0, "worker_id": "594523bd-0bd3-4a26-9cbc-8aa86fb2d419-4160", "study_name": "ANN", "directions": [1]}
{"op_code": 0, "worker_id": "e64a0b6f-d397-4273-8a32-493a24015bb4-4160", "study_name": "ANN", "directions": [1]}
{"op_code": 0, "worker_id": "b1e5de4b-2dcc-4e5b-a7bf-8bb047a3e093-4160", "study_name": "ANN", "directions": [1]}
{"op_code": 0, "worker_id": "72d81457-90ee-46dc-aa0e-f77f209321ea-4160", "study_name": "ANN", "directions": [1]}
{"op_code": 0, "worker_id": "a2922300-c953-4c5e-a451-3908bdaedb90-4160", "study_name": "ANN", "directions": [1]}
{"op_code": 0, "worker_id": "742b84a8-af99-451d-a0fe-c5cb56e3d7cd-4160", "study_name": "ANN", "directions": [1]}
{"op_code": 0, "worker_id": "9c9ef391-d3eb-44b1-afe9-725ce059eb2d-4160", "study_name": "ANN", "directions": [1]}
{"op_code": 0, "worker_id": "de91b253-1aae-412a-9ec9-b4c13d775084-4160", "study_name": "ANN", "directions": [1]}
{"op_code": 0, "worker_id": "01bd3568-62c6-4548-87ea-1034a81fe055-4160", "study_name": "ANN", "directions": [1]}
{"op_code": 0, "worker_id": "2e61d8aa-7536-403e-ba5e-4e7a6262d163-4160", "study_name": "ANN", "directions": [1]}
{"op_code": 0, "worker_id": "16fd0b94-c2cc-4bf9-83fb-60677579548d-4160", "study_name": "ANN", "directions": [1]}
{"op_code": 0, "worker_id": "89e9d3ec-b52d-438a-b089-3fd36dc1c31b-4160", "study_name": "ANN", "directions": [1]}
{"op_code": 0, "worker_id": "3c275e7f-4950-4535-abbf-4394b63a45f2-4160", "study_name": "ANN", "directions": [1]}
{"op_code": 0, "worker_id": "a0bf6b2a-0066-48e6-aae0-7431fb59b18a-4160", "study_name": "ANN", "directions": [1]}
{"op_code": 0, "worker_id": "b982b51f-7548-4dc8-8444-934db312a408-4160", "study_name": "ANN", "directions": [1]}
{"op_code": 0, "worker_id": "9e90ab87-5ffd-4f2d-8e8f-4450e6a4da86-4160", "study_name": "ANN", "directions": [1]}
{"op_code": 0, "worker_id": "184fc69a-4ccd-4cff-b6bc-4dc122ba5d0d-4160", "study_name": "ANN", "directions": [1]}
{"op_code": 0, "worker_id": "6d3ac561-a5d5-49af-a97d-c85e491bc7a6-4160", "study_name": "ANN", "directions": [1]}
{"op_code": 0, "worker_id": "b00cad3f-4e21-4939-9018-f8c3fc582071-4160", "study_name": "ANN", "directions": [1]}
{"op_code": 0, "worker_id": "b4bbd6c3-af2a-495e-aff8-cf9de4bc22f7-4160", "study_name": "ANN", "directions": [1]}
{"op_code": 0, "worker_id": "0d2f4a7b-0213-4fbf-bd62-7221468d6c3f-4160", "study_name": "ANN", "directions": [1]}
{"op_code": 0, "worker_id": "8089a959-34c3-44e6-bd84-93b5543b5ef0-4160", "study_name": "ANN", "directions": [1]}
{"op_code": 0, "worker_id": "69835783-1121-498f-8872-a10f54aaa2de-4160", "study_name": "ANN", "directions": [1]}
{"op_code": 0, "worker_id": "b13e21cf-2a52-4f29-a58e-f8532b35ede9-4160", "study_name": "ANN", "directions": [1]}
{"op_code": 0, "worker_id": "d7ae73fc-9dd4-45ee-bedc-eba26dde5829-4160", "study_name": "ANN", "directions": [1]}
{"op_code": 0, "worker_id": "2fe6b651-ab6b-4ef2-91ac-47a28afabaf9-4160", "study_name": "ANN", "directions": [1]}
{"op_code": 0, "worker_id": "80c40bd3-9fec-4905-ae7e-8d1ed2cef7aa-4160", "study_name": "ANN", "directions": [1]}
{"op_code": 0, "worker_id": "c1c12226-7c38-42b7-9db1-4ca05c142a8a-4160", "study_name": "ANN", "directions": [1]}
{"op_code": 0, "worker_id": "b0d8dcfc-7138-4b79-b7c1-05a5f016f5a5-4160", "study_name": "ANN", "directions": [1]}
{"op_code": 0, "worker_id": "997ba0d1-5fd2-4963-992d-ec5b99755176-4160", "study_name": "ANN", "directions": [1]}
{"op_code": 0, "worker_id": "ab03021d-bb8d-4623-ad92-a644aa6c18fc-4160", "study_name": "ANN", "directions": [1]}
{"op_code": 0, "worker_id": "22c8c3d4-b1d2-4ce7-b70f-327c688495d8-4160", "study_name": "ANN", "directions": [1]}
{"op_code": 0, "worker_id": "51c634af-2ab6-40d4-84dd-d11e8d8cc5c7-4160", "study_name": "ANN", "directions": [1]}
{"op_code": 0, "worker_id": "d664a613-4650-4a09-8d60-b32ce1b4dc5b-4160", "study_name": "ANN", "directions": [1]}
{"op_code": 0, "worker_id": "c984ab0f-f135-4297-8388-fd6b51ac98b8-4160", "study_name": "ANN", "directions": [1]}
{"op_code": 0, "worker_id": "5b46d8bc-8373-4596-87de-5cef6dc5447b-4160", "study_name": "ANN", "directions": [1]}
{"op_code": 0, "worker_id": "85e0621b-9056-4f2f-acbf-19c5340cdcad-4160", "study_name": "ANN", "directions": [1]}
{"op_code": 0, "worker_id": "f2583235-71f7-40c6-bac6-37df057f3213-4160", "study_name": "ANN", "directions": [1]}
{"op_code": 0, "worker_id": "c6aae5af-2bdd-44ac-bbc5-9f3699f733f9-4160", "study_name": "ANN", "directions": [1]}
{"op_code": 0, "worker_id": "d589100d-9478-41a3-9f2a-05a1ad6747a5-4160", "study_name": "ANN", "directions": [1]}
{"op_code": 0, "worker_id": "73c010e3-2ca9-4f89-b5ce-dc34175ca64c-4160", "study_name": "ANN", "directions": [1]}
{"op_code": 0, "worker_id": "661d6568-0831-4733-8ce5-86c638840c27-4160", "study_name": "ANN", "directions": [1]}
{"op_code": 0, "worker_id": "6fe13b0c-746d-4331-aba1-b2151c1f219f-4160", "study_name": "ANN", "directions": [1]}
{"op_code": 0, "worker_id": "47f29779-dd8f-497d-a4ca-bbfe005c0dd8-4160", "study_name": "ANN", "directions": [1]}
{"op_code": 0, "worker_id": "78ea7a43-d82b-44e3-9934-4bf27f3d9428-4160", "study_name": "ANN", "directions": [1]}
{"op_code": 0, "worker_id": "d1baf026-2893-449b-97eb-6af2c5870eb3-4160", "study_name": "ANN", "directions": [1]}
{"op_code": 0, "worker_id": "1655af71-a980-4f22-b0a1-d2a63b351c18-4160", "study_name": "ANN", "directions": [1]}
{"op_code": 0, "worker_id": "2aff1949-c3a5-4e9c-b141-5b6f92c91698-4160", "study_name": "ANN", "directions": [1]}
{"op_code": 0, "worker_id": "3ddc1c38-bed3-4b73-aab9-848209d1de68-4160", "study_name": "ANN", "directions": [1]}
{"op_code": 0, "worker_id": "3a07fdae-cba4-4de1-b193-19fbbb0f35b6-4160", "study_name": "ANN", "directions": [1]}
{"op_code": 0, "worker_id": "c7cdad0a-6da8-408e-a76b-5198cdcc119e-4160", "study_name": "ANN", "directions": [1]}
{"op_code": 0, "worker_id": "0a1b5282-9016-44dd-bf8f-60df531e9294-4160", "study_name": "ANN", "directions": [1]}
{"op_code": 0, "worker_id": "c08ddc5c-37c5-450f-9bb7-36b664b91a3f-4160", "study_name": "ANN", "directions": [1]}
{"op_code": 0, "worker_id": "8425947e-2e5f-468b-a2ae-578fe7617892-4160", "study_name": "ANN", "directions": [1]}
{"op_code": 0, "worker_id": "b59ad14c-a347-4538-afe5-83a417b720d9-4160", "study_name": "ANN", "directions": [1]}
{"op_code": 0, "worker_id": "feaa5ca9-5fd9-425e-9473-1e16e2170005-4160", "study_name": "ANN", "directions": [1]}
{"op_code": 0, "worker_id": "9429e3ab-68f0-45b9-9203-de458f80e6f8-4160", "study_name": "ANN", "directions": [1]}
{"op_code": 0, "worker_id": "6681d323-bfb5-4c07-b580-fe1c3e083f48-4160", "study_name": "ANN", "directions": [1]}
{"op_code": 0, "worker_id": "e9a12a89-008a-4971-b0d5-fe5745de440c-4160", "study_name": "ANN", "directions": [1]}
{"op_code": 0, "worker_id": "0547949a-7064-4aa6-9cc8-80127645ee30-4160", "study_name": "ANN", "directions": [1]}
{"op_code": 0, "worker_id": "08310330-c636-4b45-8a73-d00ab42dc3a5-4160", "study_name": "ANN", "directions": [1]}
{"op_code": 0, "worker_id": "39684a22-58b5-4122-af60-9d4115eeb394-4160", "study_name": "ANN", "directions": [1]}
{"op_code": 0, "worker_id": "322d8e4b-2ba2-48e0-8ba8-082c122192d4-4160", "study_name": "ANN", "directions": [1]}
{"op_code": 0, "worker_id": "b1789818-e905-4ff5-b546-4583ac3e7b2c-4160", "study_name": "ANN", "directions": [1]}
{"op_code": 0, "worker_id": "bc5e5aad-f5ca-4e94-b874-87fe516de82f-4160", "study_name": "ANN", "directions": [1]}
{"op_code": 0, "worker_id": "21c0ef27-f1cf-4bc2-9d77-16bfe52ec9e2-4160", "study_name": "ANN", "directions": [1]}
{"op_code": 0, "worker_id": "57c11743-719f-453b-b0b5-fd7fd56fe445-4160", "study_name": "ANN", "directions": [1]}
{"op_code": 0, "worker_id": "b5ff1615-d465-4479-b445-fa9aeb4ed1f9-4160", "study_name": "ANN", "directions": [1]}
{"op_code": 0, "worker_id": "9be928d9-ab89-4321-a2b4-47cd1f6df15e-4160", "study_name": "ANN", "directions": [1]}
{"op_code": 0, "worker_id": "14a6a877-906c-4f22-9378-53a61e6ebd78-4160", "study_name": "ANN", "directions": [1]}
{"op_code": 0, "worker_id": "1debab4d-efac-4fc6-bf98-d33f23f549df-4160", "study_name": "ANN", "directions": [1]}
{"op_code": 0, "worker_id": "dee5afe4-1634-4e8a-ae13-f54ae4ff46b5-4160", "study_name": "ANN", "directions": [1]}
{"op_code": 0, "worker_id": "4f7fe77a-2237-4180-b17f-de480c7df9fa-4160", "study_name": "ANN", "directions": [1]}
{"op_code": 0, "worker_id": "8b4dbc71-c48e-46b4-9fbc-bf4e565f8113-4160", "study_name": "ANN", "directions": [1]}
{"op_code": 0, "worker_id": "b4736803-94c7-4fa3-9c95-c4932e5dabee-4160", "study_name": "ANN", "directions": [1]}
{"op_code": 0, "worker_id": "ff8eb183-2636-4c6f-a886-8d9fdcd6d820-4160", "study_name": "ANN", "directions": [1]}
{"op_code": 0, "worker_id": "7051cec6-a2d6-4216-a752-12063de8ad55-4160", "study_name": "ANN", "directions": [1]}
{"op_code": 0, "worker_id": "2437c7bb-ac8b-467a-8f29-353128407307-4160", "study_name": "ANN", "directions": [1]}
{"op_code": 0, "worker_id": "45538353-27c9-4631-a2d0-c0e57c5b7f1c-4160", "study_name": "ANN", "directions": [1]}
{"op_code": 0, "worker_id": "a4ef421e-9f24-4287-9442-c963f1acf7d2-4160", "study_name": "ANN", "directions": [1]}
{"op_code": 0, "worker_id": "b7182e9b-858b-40b8-822a-a3d910a79f33-4160", "study_name": "ANN", "directions": [1]}
{"op_code": 0, "worker_id": "390d3b78-b366-4f69-8b62-248749cb7e41-4160", "study_name": "ANN", "directions": [1]}
{"op_code": 0, "worker_id": "997e23f9-b154-496d-beec-339174ebaf9e-4160", "study_name": "ANN", "directions": [1]}
{"op_code": 0, "worker_id": "ebc97569-d7a4-4ed2-b601-071dd1050c45-4160", "study_name": "ANN", "directions": [1]}
{"op_code": 0, "worker_id": "0c3fb916-3e5f-437d-9f3b-db1e1967ed8b-4160", "study_name": "ANN", "directions": [1]}
{"op_code": 0, "worker_id": "f3964bf8-e7a5-4950-a805-15b7cc426e95-4160", "study_name": "ANN", "directions": [1]}
{"op_code": 0, "worker_id": "7381f40c-0657-4939-8b0b-227b85a7df38-4160", "study_name": "ANN", "directions": [1]}
{"op_code": 0, "worker_id": "418ef5cc-e869-49f2-8ead-c7261c792730-4160", "study_name": "ANN", "directions": [1]}
{"op_code": 0, "worker_id": "d0ae3833-7a14-470e-9d71-21d29467af49-4160", "study_name": "ANN", "directions": [1]}
{"op_code": 0, "worker_id": "b89bd7bb-99a4-4f95-9719-aab9c8bdc5c0-4160", "study_name": "ANN", "directions": [1]}
{"op_code": 0, "worker_id": "d7f698ba-f192-456c-ac91-2a874139b959-4160", "study_name": "ANN", "directions": [1]}
{"op_code": 0, "worker_id": "45003f15-21c5-43fe-8da7-759a173a7a3a-4160", "study_name": "ANN", "directions": [1]}
{"op_code": 0, "worker_id": "1bb01a83-58c8-4a6c-afb9-a537b57a0c2d-4160", "study_name": "ANN", "directions": [1]}
{"op_code": 0, "worker_id": "cee93d38-a502-4021-a245-f2e96ff7b1fa-4160", "study_name": "ANN", "directions": [1]}
{"op_code": 0, "worker_id": "8f861fdf-15f9-4f3f-921e-1008022e431f-4160", "study_name": "ANN", "directions": [1]}
{"op_code": 0, "worker_id": "c767744d-6b56-4be5-a81d-bd07b518506a-4160", "study_name": "ANN", "directions": [1]}
{"op_code": 0, "worker_id": "c12d3667-0a5f-4db0-9a99-2693446d4039-4160", "study_name": "ANN", "directions": [1]}
{"op_code": 0, "worker_id": "e9f19ec0-3083-4351-b6c3-96abf0d26eab-4160", "study_name": "ANN", "directions": [1]}
{"op_code": 0, "worker_id": "88283ade-1c41-4772-bcfb-3ded3c1cff92-4160", "study_name": "ANN", "directions": [1]}
{"op_code": 0, "worker_id": "32d31455-f18c-4be7-b56e-eca8dc53ef3b-4160", "study_name": "ANN", "directions": [1]}
{"op_code": 0, "worker_id": "3e64ff68-61b3-4b1d-a1ca-f82ec9717c79-4160", "study_name": "ANN", "directions": [1]}
{"op_code": 0, "worker_id": "5bca72cd-7b61-4fa7-8a67-ec75f2481028-4160", "study_name": "ANN", "directions": [1]}
{"op_code": 0, "worker_id": "0517303b-3c06-4672-a83a-d5711d98339a-4160", "study_name": "ANN", "directions": [1]}
{"op_code": 0, "worker_id": "a918b76c-2650-4956-bae1-ae7a8e4daa9e-4160", "study_name": "ANN", "directions": [1]}
{"op_code": 0, "worker_id": "3b793765-dd1e-47b7-973e-2f7fece7366a-4160", "study_name": "ANN", "directions": [1]}
{"op_code": 0, "worker_id": "0b17d49d-2090-4b16-b8d2-82fd7f606f2d-4160", "study_name": "ANN", "directions": [1]}
{"op_code": 0, "worker_id": "a5c6b961-4935-4846-bd56-6437d17c4184-4160", "study_name": "ANN", "directions": [1]}
{"op_code": 0, "worker_id": "8b541688-3f86-41c7-ac97-3a26a237d736-4160", "study_name": "ANN", "directions": [1]}
{"op_code": 0, "worker_id": "4d300b64-8272-45fd-be3f-3d892e8cd726-4160", "study_name": "ANN", "directions": [1]}
{"op_code": 0, "worker_id": "a281c3b0-d79c-4099-b16b-0cc5f56a00c1-4160", "study_name": "ANN", "directions": [1]}
{"op_code": 0, "worker_id": "9549bf34-c703-4cf7-bb77-1c5924061216-4160", "study_name": "ANN", "directions": [1]}
{"op_code": 0, "worker_id": "7c00d69a-5af4-4208-b03d-7dbfd1b6ed2e-4160", "study_name": "ANN", "directions": [1]}
{"op_code": 0, "worker_id": "3d209ad8-1f0d-487e-ab65-70ffd7d9857b-4160", "study_name": "ANN", "directions": [1]}
{"op_code": 0, "worker_id": "9fecd175-9a17-468a-9427-e0ce19e47a51-4160", "study_name": "ANN", "directions": [1]}
{"op_code": 0, "worker_id": "d0a44928-59d6-4c9b-91e0-fb3fda7d7cfe-4160", "study_name": "ANN", "directions": [1]}
{"op_code": 0, "worker_id": "f96a74b3-d5bb-4e3a-b58e-d5a92454babf-4160", "study_name": "ANN", "directions": [1]}
{"op_code": 0, "worker_id": "8fed1fdb-930a-4026-9efc-fd882b63f574-4160", "study_name": "ANN", "directions": [1]}
{"op_code": 0, "worker_id": "0f1f3d90-6cdc-4743-a722-cc27de3e02a2-4160", "study_name": "ANN", "directions": [1]}
{"op_code": 0, "worker_id": "a5c3c2d5-7967-4a4f-8cfc-fcd6fb2bfa72-4160", "study_name": "ANN", "directions": [1]}
{"op_code": 0, "worker_id": "f0a14c2c-4f12-4c82-916d-5e16bd2b8330-4160", "study_name": "ANN", "directions": [1]}
{"op_code": 0, "worker_id": "c6e2173d-2fb6-475e-a13a-7b6a28050de7-4160", "study_name": "ANN", "directions": [1]}
{"op_code": 0, "worker_id": "fe3d607a-292c-44fb-bb63-04e8aed764b9-4160", "study_name": "ANN", "directions": [1]}
{"op_code": 0, "worker_id": "9ea58877-46c8-446a-bc52-a3529630b1ec-4160", "study_name": "ANN", "directions": [1]}
{"op_code": 0, "worker_id": "a1ce2528-6cbe-4607-be65-b757d017cb6f-4160", "study_name": "ANN", "directions": [1]}
{"op_code": 0, "worker_id": "9bb566d2-7579-41a0-953d-a14882a37aca-4160", "study_name": "ANN", "directions": [1]}
{"op_code": 0, "worker_id": "18a0bb13-329d-4b0f-8fb4-69d18df34140-4160", "study_name": "ANN", "directions": [1]}
{"op_code": 0, "worker_id": "d960c440-9265-45b8-a063-06b9d3fa9928-4160", "study_name": "ANN", "directions": [1]}
{"op_code": 0, "worker_id": "f31b1225-b9fa-4d7d-baae-31e8ebe40e0a-4160", "study_name": "ANN", "directions": [1]}
{"op_code": 0, "worker_id": "16a0b83c-e28e-4bea-9490-908f5008e4de-4160", "study_name": "ANN", "directions": [1]}
{"op_code": 0, "worker_id": "82a7e850-301e-448b-bc2e-8e722254faca-4160", "study_name": "ANN", "directions": [1]}
{"op_code": 0, "worker_id": "568aedd3-5c41-45b9-9572-d56cd856da9a-4160", "study_name": "ANN", "directions": [1]}
{"op_code": 0, "worker_id": "36cb1fed-aad7-4522-8206-53ecc13b85e8-4160", "study_name": "ANN", "directions": [1]}
{"op_code": 0, "worker_id": "bd50df4c-76a3-4e91-b319-57c75381826d-4160", "study_name": "ANN", "directions": [1]}
{"op_code": 0, "worker_id": "acfb37b3-49b7-48d9-ac76-57123883f732-4160", "study_name": "ANN", "directions": [1]}
{"op_code": 0, "worker_id": "f262a89a-cc45-409f-bf34-e419b4e042d9-4160", "study_name": "ANN", "directions": [1]}
{"op_code": 0, "worker_id": "4e43151e-f151-464e-aa27-5c7a7746e5e5-4160", "study_name": "ANN", "directions": [1]}
{"op_code": 0, "worker_id": "e810ec94-aeaa-436d-a1ce-beca894b18b3-4160", "study_name": "ANN", "directions": [1]}
{"op_code": 0, "worker_id": "ee318e08-a82d-485a-94ea-b2e8af973699-4160", "study_name": "ANN", "directions": [1]}
{"op_code": 0, "worker_id": "f148e01d-b790-4fd9-8c0d-f810316704d8-4160", "study_name": "ANN", "directions": [1]}
{"op_code": 0, "worker_id": "b462d7f9-a958-458a-ad73-8c2ad1792894-4160", "study_name": "ANN", "directions": [1]}
{"op_code": 0, "worker_id": "290f6c32-ec97-4f27-b2e3-3605594dd495-4160", "study_name": "ANN", "directions": [1]}
{"op_code": 0, "worker_id": "6c436184-e930-4853-99b7-f10eb9d8ea59-4160", "study_name": "ANN", "directions": [1]}
{"op_code": 0, "worker_id": "03a46b8d-fcc5-48ff-8555-8e9eb108a07b-4160", "study_name": "ANN", "directions": [1]}
{"op_code": 0, "worker_id": "32286f38-a124-459c-89b8-18be6a1aef24-4160", "study_name": "ANN", "directions": [1]}
{"op_code": 0, "worker_id": "63b2eabe-4a08-4d12-9544-c9356c519462-4160", "study_name": "ANN", "directions": [1]}
{"op_code": 0, "worker_id": "60fb5e10-43fb-4282-babf-1a204a248720-4160", "study_name": "ANN", "directions": [1]}
{"op_code": 0, "worker_id": "d9210b09-3950-4c24-8181-5c0895012518-4160", "study_name": "ANN", "directions": [1]}
{"op_code": 0, "worker_id": "24bf58cb-a353-4103-ab01-126dbb481f6e-4160", "study_name": "ANN", "directions": [1]}
{"op_code": 0, "worker_id": "a56627ea-b7d7-4f65-801c-1fc8a056875f-4160", "study_name": "ANN", "directions": [1]}
{"op_code": 0, "worker_id": "5a752cde-4238-4ae7-b91a-c4cf42ff445e-4160", "study_name": "ANN", "directions": [1]}
{"op_code": 0, "worker_id": "e8250f85-e2ba-4c39-ab0a-d0d09d0f8438-4160", "study_name": "ANN", "directions": [1]}
{"op_code": 0, "worker_id": "19b13744-b7a4-4947-959a-fe66379ab291-4160", "study_name": "ANN", "directions": [1]}
{"op_code": 0, "worker_id": "115e3e07-7429-4bf4-bd63-b687e8c07b98-4160", "study_name": "ANN", "directions": [1]}
{"op_code": 0, "worker_id": "0ee3c124-eff1-454a-a801-053ba0101e81-4160", "study_name": "ANN", "directions": [1]}
{"op_code": 0, "worker_id": "89ae5d36-8c6d-4a78-bfa3-1946f654e106-4160", "study_name": "ANN", "directions": [1]}
{"op_code": 0, "worker_id": "93b0875f-5737-465d-85ac-15e8778ee1ee-4160", "study_name": "ANN", "directions": [1]}
{"op_code": 0, "worker_id": "2c3b32e4-d5af-4669-97e6-b4f33f36caed-4160", "study_name": "ANN", "directions": [1]}
{"op_code": 0, "worker_id": "039a6ff0-6ce5-42ef-8d51-13a08999c9b4-4160", "study_name": "ANN", "directions": [1]}
{"op_code": 0, "worker_id": "f7d243f7-a1c3-48da-b35f-e176b9191180-4160", "study_name": "ANN", "directions": [1]}
{"op_code": 0, "worker_id": "9350744f-2a89-4703-880f-a4f52a3c3887-4160", "study_name": "ANN", "directions": [1]}
{"op_code": 0, "worker_id": "7c9eb17b-d04d-4df9-a5e6-793b56af100d-4160", "study_name": "ANN", "directions": [1]}
{"op_code": 0, "worker_id": "97649bec-374f-46e7-8aa5-465e3d34ce33-4160", "study_name": "ANN", "directions": [1]}
{"op_code": 0, "worker_id": "905e963c-dfe4-4ad7-bf28-6ed136a08750-4160", "study_name": "ANN", "directions": [1]}
{"op_code": 0, "worker_id": "5d5813a2-0038-448f-b2e2-248ac1a61dc5-4160", "study_name": "ANN", "directions": [1]}
{"op_code": 0, "worker_id": "7b79ddc5-3b93-4850-af41-4ba3f0d8efa7-4160", "study_name": "ANN", "directions": [1]}
{"op_code": 0, "worker_id": "e54052d0-9769-4544-b501-ec541d2ddc81-4160", "study_name": "ANN", "directions": [1]}
{"op_code": 0, "worker_id": "14b6808f-bd11-4ce5-b5ca-08d16b5b541e-4160", "study_name": "ANN", "directions": [1]}
{"op_code": 0, "worker_id": "4c598a2d-7d30-4663-b90a-1ee6a9236517-4160", "study_name": "ANN", "directions": [1]}
{"op_code": 0, "worker_id": "2333edf1-6a78-4e19-b6e0-8a9b76adb67c-4160", "study_name": "ANN", "directions": [1]}
{"op_code": 0, "worker_id": "f77107bf-19e2-408c-98ae-ef9fd7252418-4160", "study_name": "ANN", "directions": [1]}
{"op_code": 0, "worker_id": "03f71182-721e-4e8b-bea0-5ee3139c24f0-4160", "study_name": "ANN", "directions": [1]}
{"op_code": 0, "worker_id": "2a0e6bc5-7906-4718-bb42-b31e61f1ddda-4160", "study_name": "ANN", "directions": [1]}
{"op_code": 0, "worker_id": "744daec1-f8b2-4c13-9520-f3dd12531d61-4160", "study_name": "ANN", "directions": [1]}
{"op_code": 0, "worker_id": "1411f695-896e-42df-b498-9afd2838dd93-4160", "study_name": "ANN", "directions": [1]}
{"op_code": 0, "worker_id": "c9bafccb-a802-4bbd-8c56-6725540dcbea-4160", "study_name": "ANN", "directions": [1]}
{"op_code": 0, "worker_id": "3ac6769a-6c51-4673-b7e4-16dc2b25d5f0-4160", "study_name": "ANN", "directions": [1]}
{"op_code": 0, "worker_id": "f0c4c1e2-b018-415a-a615-00b82d038520-4160", "study_name": "ANN", "directions": [1]}
{"op_code": 0, "worker_id": "3dcf6874-dfa8-4c26-a229-293b7cfe6ed9-4160", "study_name": "ANN", "directions": [1]}
{"op_code": 0, "worker_id": "d6632923-6c3c-48e4-8125-bf681665bd51-4160", "study_name": "ANN", "directions": [1]}
{"op_code": 0, "worker_id": "693c7d8f-dca8-4dc8-aef5-9ea6413bc02b-4160", "study_name": "ANN", "directions": [1]}
{"op_code": 0, "worker_id": "0f5fe344-7f94-46cd-8a46-61b4497efa6e-4160", "study_name": "ANN", "directions": [1]}
{"op_code": 0, "worker_id": "b6e4ce0f-a47f-4ec6-8849-7d494aacdf01-4160", "study_name": "ANN", "directions": [1]}
{"op_code": 0, "worker_id": "c2b94634-0fab-409a-a3b6-623b3edd810e-4160", "study_name": "ANN", "directions": [1]}
{"op_code": 0, "worker_id": "60a5e5d3-fda5-4086-9849-4d89092b15bb-4160", "study_name": "ANN", "directions": [1]}
{"op_code": 0, "worker_id": "9e99b2a6-56b2-4ed5-98a0-c1153c6ef924-4160", "study_name": "ANN", "directions": [1]}
{"op_code": 0, "worker_id": "31d7ba03-0751-467e-9464-f563673dd3c8-4160", "study_name": "ANN", "directions": [1]}
{"op_code": 0, "worker_id": "c0f2389c-81b4-4526-84e7-d077b14fe7e2-4160", "study_name": "ANN", "directions": [1]}
{"op_code": 0, "worker_id": "72bd2fb1-a4fb-4257-a2e6-4fd265d24565-4160", "study_name": "ANN", "directions": [1]}
{"op_code": 0, "worker_id": "1d06de59-9774-46c6-b428-cb4c9a771724-4160", "study_name": "ANN", "directions": [1]}
{"op_code": 0, "worker_id": "d148df1e-5d04-49f6-a37b-976a99c6e403-4160", "study_name": "ANN", "directions": [1]}
{"op_code": 0, "worker_id": "20d0317a-86e3-4f90-bde7-70b2062a065b-4160", "study_name": "ANN", "directions": [1]}
{"op_code": 0, "worker_id": "664dbc19-c9e3-4eb9-ad31-91b676be9468-4160", "study_name": "ANN", "directions": [1]}
{"op_code": 4, "worker_id": "949b0d8d-840a-40ec-9cbc-852e08b5fc07-10952", "study_id": 0, "datetime_start": "2023-11-14T14:05:51.711327"}
{"op_code": 5, "worker_id": "949b0d8d-840a-40ec-9cbc-852e08b5fc07-10952", "trial_id": 9, "param_name": "learning_rate_init", "param_value_internal": 0.0721418749001113, "distribution": "{\"name\": \"FloatDistribution\", \"attributes\": {\"step\": null, \"low\": 0.001, \"high\": 0.1, \"log\": false}}"}
{"op_code": 5, "worker_id": "949b0d8d-840a-40ec-9cbc-852e08b5fc07-10952", "trial_id": 9, "param_name": "hidden_layer_sizes", "param_value_internal": 9, "distribution": "{\"name\": \"CategoricalDistribution\", \"attributes\": {\"choices\": [[5], [10], [20], [50], [5, 5], [10, 10], [20, 20], [50, 50], [5, 5, 5], [10, 10, 10], [50, 50, 50]]}}"}
{"op_code": 6, "worker_id": "949b0d8d-840a-40ec-9cbc-852e08b5fc07-10952", "trial_id": 9, "state": 1, "values": [0.292154497371349], "datetime_complete": "2023-11-14T14:09:31.012587"}
{"op_code": 4, "worker_id": "949b0d8d-840a-40ec-9cbc-852e08b5fc07-10952", "study_id": 0, "datetime_start": "2023-11-14T14:09:31.053597"}
{"op_code": 5, "worker_id": "949b0d8d-840a-40ec-9cbc-852e08b5fc07-10952", "trial_id": 10, "param_name": "learning_rate_init", "param_value_internal": 0.0890390502081361, "distribution": "{\"name\": \"FloatDistribution\", \"attributes\": {\"step\": null, \"low\": 0.001, \"high\": 0.1, \"log\": false}}"}
{"op_code": 5, "worker_id": "949b0d8d-840a-40ec-9cbc-852e08b5fc07-10952", "trial_id": 10, "param_name": "hidden_layer_sizes", "param_value_internal": 4, "distribution": "{\"name\": \"CategoricalDistribution\", \"attributes\": {\"choices\": [[5], [10], [20], [50], [5, 5], [10, 10], [20, 20], [50, 50], [5, 5, 5], [10, 10, 10], [50, 50, 50]]}}"}
{"op_code": 6, "worker_id": "949b0d8d-840a-40ec-9cbc-852e08b5fc07-10952", "trial_id": 10, "state": 1, "values": [0.29212482530072786], "datetime_complete": "2023-11-14T14:13:07.605403"}
{"op_code": 4, "worker_id": "949b0d8d-840a-40ec-9cbc-852e08b5fc07-10952", "study_id": 0, "datetime_start": "2023-11-14T14:13:07.649531"}
{"op_code": 5, "worker_id": "949b0d8d-840a-40ec-9cbc-852e08b5fc07-10952", "trial_id": 11, "param_name": "learning_rate_init", "param_value_internal": 0.035630869113920494, "distribution": "{\"name\": \"FloatDistribution\", \"attributes\": {\"step\": null, \"low\": 0.001, \"high\": 0.1, \"log\": false}}"}
{"op_code": 5, "worker_id": "949b0d8d-840a-40ec-9cbc-852e08b5fc07-10952", "trial_id": 11, "param_name": "hidden_layer_sizes", "param_value_internal": 5, "distribution": "{\"name\": \"CategoricalDistribution\", \"attributes\": {\"choices\": [[5], [10], [20], [50], [5, 5], [10, 10], [20, 20], [50, 50], [5, 5, 5], [10, 10, 10], [50, 50, 50]]}}"}
{"op_code": 0, "worker_id": "aa719151-43eb-4c45-95e5-4486d0f0874a-16344", "study_name": "ANN", "directions": [1]}
