{"op_code": 0, "worker_id": "9594fbf0-9ca8-43cf-b7ba-e47c01497c11-47614746832704", "study_name": "GB", "directions": [1]}
{"op_code": 4, "worker_id": "9594fbf0-9ca8-43cf-b7ba-e47c01497c11-47615450679040", "study_id": 0, "datetime_start": "2023-11-07T07:02:40.453662"}
{"op_code": 5, "worker_id": "9594fbf0-9ca8-43cf-b7ba-e47c01497c11-47615450679040", "trial_id": 0, "param_name": "n_estimators", "param_value_internal": 4, "distribution": "{\"name\": \"CategoricalDistribution\", \"attributes\": {\"choices\": [10, 20, 50, 200, 500]}}"}
{"op_code": 5, "worker_id": "9594fbf0-9ca8-43cf-b7ba-e47c01497c11-47615450679040", "trial_id": 0, "param_name": "learning_rate", "param_value_internal": 0.09367045232928412, "distribution": "{\"name\": \"FloatDistribution\", \"attributes\": {\"step\": null, \"low\": 0.005, \"high\": 1.0, \"log\": false}}"}
{"op_code": 5, "worker_id": "9594fbf0-9ca8-43cf-b7ba-e47c01497c11-47615450679040", "trial_id": 0, "param_name": "max_depth", "param_value_internal": 0, "distribution": "{\"name\": \"CategoricalDistribution\", \"attributes\": {\"choices\": [1, 2, 3, 4, 5]}}"}
{"op_code": 6, "worker_id": "9594fbf0-9ca8-43cf-b7ba-e47c01497c11-47615450679040", "trial_id": 0, "state": 1, "values": [0.2423317415188532], "datetime_complete": "2023-11-07T07:02:50.268031"}
{"op_code": 0, "worker_id": "9b19c443-0037-462c-b0dc-3ad6e8cb735b-47279818202944", "study_name": "GB", "directions": [1]}
{"op_code": 4, "worker_id": "9b19c443-0037-462c-b0dc-3ad6e8cb735b-47280521058048", "study_id": 0, "datetime_start": "2023-11-07T17:10:14.137650"}
{"op_code": 5, "worker_id": "9b19c443-0037-462c-b0dc-3ad6e8cb735b-47280521058048", "trial_id": 1, "param_name": "n_estimators", "param_value_internal": 3, "distribution": "{\"name\": \"CategoricalDistribution\", \"attributes\": {\"choices\": [10, 20, 50, 200, 500]}}"}
{"op_code": 5, "worker_id": "9b19c443-0037-462c-b0dc-3ad6e8cb735b-47280521058048", "trial_id": 1, "param_name": "learning_rate", "param_value_internal": 0.0957054414401203, "distribution": "{\"name\": \"FloatDistribution\", \"attributes\": {\"step\": null, \"low\": 0.005, \"high\": 1.0, \"log\": false}}"}
{"op_code": 5, "worker_id": "9b19c443-0037-462c-b0dc-3ad6e8cb735b-47280521058048", "trial_id": 1, "param_name": "max_depth", "param_value_internal": 0, "distribution": "{\"name\": \"CategoricalDistribution\", \"attributes\": {\"choices\": [1, 2, 3, 4, 5]}}"}
{"op_code": 6, "worker_id": "9b19c443-0037-462c-b0dc-3ad6e8cb735b-47280521058048", "trial_id": 1, "state": 1, "values": [0.24271126246930977], "datetime_complete": "2023-11-07T17:10:23.891578"}
{"op_code": 0, "worker_id": "d1c06c73-e58f-45b5-a287-3405d1b7da80-47279818202944", "study_name": "GB", "directions": [1]}
{"op_code": 4, "worker_id": "d1c06c73-e58f-45b5-a287-3405d1b7da80-47280521058048", "study_id": 0, "datetime_start": "2023-11-07T17:17:00.776131"}
{"op_code": 5, "worker_id": "d1c06c73-e58f-45b5-a287-3405d1b7da80-47280521058048", "trial_id": 2, "param_name": "n_estimators", "param_value_internal": 4, "distribution": "{\"name\": \"CategoricalDistribution\", \"attributes\": {\"choices\": [10, 20, 50, 200, 500]}}"}
{"op_code": 5, "worker_id": "d1c06c73-e58f-45b5-a287-3405d1b7da80-47280521058048", "trial_id": 2, "param_name": "learning_rate", "param_value_internal": 0.2893157760840504, "distribution": "{\"name\": \"FloatDistribution\", \"attributes\": {\"step\": null, \"low\": 0.005, \"high\": 1.0, \"log\": false}}"}
{"op_code": 5, "worker_id": "d1c06c73-e58f-45b5-a287-3405d1b7da80-47280521058048", "trial_id": 2, "param_name": "max_depth", "param_value_internal": 3, "distribution": "{\"name\": \"CategoricalDistribution\", \"attributes\": {\"choices\": [1, 2, 3, 4, 5]}}"}
{"op_code": 6, "worker_id": "d1c06c73-e58f-45b5-a287-3405d1b7da80-47280521058048", "trial_id": 2, "state": 1, "values": [0.24263214904367078], "datetime_complete": "2023-11-07T17:17:10.795948"}
{"op_code": 0, "worker_id": "9f663cce-9c3a-4805-abae-5c32f086b050-47279818202944", "study_name": "GB", "directions": [1]}
{"op_code": 4, "worker_id": "9f663cce-9c3a-4805-abae-5c32f086b050-47280521058048", "study_id": 0, "datetime_start": "2023-11-07T17:23:49.895501"}
{"op_code": 5, "worker_id": "9f663cce-9c3a-4805-abae-5c32f086b050-47280521058048", "trial_id": 3, "param_name": "n_estimators", "param_value_internal": 4, "distribution": "{\"name\": \"CategoricalDistribution\", \"attributes\": {\"choices\": [10, 20, 50, 200, 500]}}"}
{"op_code": 5, "worker_id": "9f663cce-9c3a-4805-abae-5c32f086b050-47280521058048", "trial_id": 3, "param_name": "learning_rate", "param_value_internal": 0.6872092411056809, "distribution": "{\"name\": \"FloatDistribution\", \"attributes\": {\"step\": null, \"low\": 0.005, \"high\": 1.0, \"log\": false}}"}
{"op_code": 5, "worker_id": "9f663cce-9c3a-4805-abae-5c32f086b050-47280521058048", "trial_id": 3, "param_name": "max_depth", "param_value_internal": 2, "distribution": "{\"name\": \"CategoricalDistribution\", \"attributes\": {\"choices\": [1, 2, 3, 4, 5]}}"}
{"op_code": 6, "worker_id": "9f663cce-9c3a-4805-abae-5c32f086b050-47280521058048", "trial_id": 3, "state": 1, "values": [0.24150834049494632], "datetime_complete": "2023-11-07T17:23:59.654675"}
{"op_code": 0, "worker_id": "3b81a42e-0d6c-4df5-8811-61f638e0d9e5-47279818202944", "study_name": "GB", "directions": [1]}
{"op_code": 4, "worker_id": "3b81a42e-0d6c-4df5-8811-61f638e0d9e5-47280521058048", "study_id": 0, "datetime_start": "2023-11-07T17:30:37.540853"}
{"op_code": 5, "worker_id": "3b81a42e-0d6c-4df5-8811-61f638e0d9e5-47280521058048", "trial_id": 4, "param_name": "n_estimators", "param_value_internal": 0, "distribution": "{\"name\": \"CategoricalDistribution\", \"attributes\": {\"choices\": [10, 20, 50, 200, 500]}}"}
{"op_code": 5, "worker_id": "3b81a42e-0d6c-4df5-8811-61f638e0d9e5-47280521058048", "trial_id": 4, "param_name": "learning_rate", "param_value_internal": 0.5623960382174522, "distribution": "{\"name\": \"FloatDistribution\", \"attributes\": {\"step\": null, \"low\": 0.005, \"high\": 1.0, \"log\": false}}"}
{"op_code": 5, "worker_id": "3b81a42e-0d6c-4df5-8811-61f638e0d9e5-47280521058048", "trial_id": 4, "param_name": "max_depth", "param_value_internal": 3, "distribution": "{\"name\": \"CategoricalDistribution\", \"attributes\": {\"choices\": [1, 2, 3, 4, 5]}}"}
{"op_code": 6, "worker_id": "3b81a42e-0d6c-4df5-8811-61f638e0d9e5-47280521058048", "trial_id": 4, "state": 1, "values": [0.24161958334777264], "datetime_complete": "2023-11-07T17:30:47.373710"}
{"op_code": 0, "worker_id": "f124ea3f-f7a5-4964-aba6-c0c71ba601ee-47817365380928", "study_name": "GB", "directions": [1]}
{"op_code": 4, "worker_id": "f124ea3f-f7a5-4964-aba6-c0c71ba601ee-47818068719360", "study_id": 0, "datetime_start": "2023-11-14T14:58:27.212893"}
{"op_code": 5, "worker_id": "f124ea3f-f7a5-4964-aba6-c0c71ba601ee-47818068719360", "trial_id": 5, "param_name": "n_estimators", "param_value_internal": 0, "distribution": "{\"name\": \"CategoricalDistribution\", \"attributes\": {\"choices\": [10, 20, 50, 200, 500]}}"}
{"op_code": 5, "worker_id": "f124ea3f-f7a5-4964-aba6-c0c71ba601ee-47818068719360", "trial_id": 5, "param_name": "learning_rate", "param_value_internal": 0.41672950247481916, "distribution": "{\"name\": \"FloatDistribution\", \"attributes\": {\"step\": null, \"low\": 0.005, \"high\": 1.0, \"log\": false}}"}
{"op_code": 5, "worker_id": "f124ea3f-f7a5-4964-aba6-c0c71ba601ee-47818068719360", "trial_id": 5, "param_name": "max_depth", "param_value_internal": 3, "distribution": "{\"name\": \"CategoricalDistribution\", \"attributes\": {\"choices\": [1, 2, 3, 4, 5]}}"}
{"op_code": 6, "worker_id": "f124ea3f-f7a5-4964-aba6-c0c71ba601ee-47818068719360", "trial_id": 5, "state": 1, "values": [0.24246225921402323], "datetime_complete": "2023-11-14T14:58:36.944341"}
{"op_code": 0, "worker_id": "70cbcfa1-1f8c-4308-8851-1622ac10cc57-47817365380928", "study_name": "GB", "directions": [1]}
{"op_code": 4, "worker_id": "70cbcfa1-1f8c-4308-8851-1622ac10cc57-47818068719360", "study_id": 0, "datetime_start": "2023-11-14T15:04:57.066928"}
{"op_code": 5, "worker_id": "70cbcfa1-1f8c-4308-8851-1622ac10cc57-47818068719360", "trial_id": 6, "param_name": "n_estimators", "param_value_internal": 3, "distribution": "{\"name\": \"CategoricalDistribution\", \"attributes\": {\"choices\": [10, 20, 50, 200, 500]}}"}
{"op_code": 5, "worker_id": "70cbcfa1-1f8c-4308-8851-1622ac10cc57-47818068719360", "trial_id": 6, "param_name": "learning_rate", "param_value_internal": 0.24594539187233877, "distribution": "{\"name\": \"FloatDistribution\", \"attributes\": {\"step\": null, \"low\": 0.005, \"high\": 1.0, \"log\": false}}"}
{"op_code": 5, "worker_id": "70cbcfa1-1f8c-4308-8851-1622ac10cc57-47818068719360", "trial_id": 6, "param_name": "max_depth", "param_value_internal": 4, "distribution": "{\"name\": \"CategoricalDistribution\", \"attributes\": {\"choices\": [1, 2, 3, 4, 5]}}"}
{"op_code": 6, "worker_id": "70cbcfa1-1f8c-4308-8851-1622ac10cc57-47818068719360", "trial_id": 6, "state": 1, "values": [0.2411592724731757], "datetime_complete": "2023-11-14T15:05:06.819346"}
{"op_code": 0, "worker_id": "5e264b7e-280b-4e88-9aad-0983974362f2-47817365380928", "study_name": "GB", "directions": [1]}
{"op_code": 4, "worker_id": "5e264b7e-280b-4e88-9aad-0983974362f2-47818068719360", "study_id": 0, "datetime_start": "2023-11-14T15:11:31.277086"}
{"op_code": 5, "worker_id": "5e264b7e-280b-4e88-9aad-0983974362f2-47818068719360", "trial_id": 7, "param_name": "n_estimators", "param_value_internal": 0, "distribution": "{\"name\": \"CategoricalDistribution\", \"attributes\": {\"choices\": [10, 20, 50, 200, 500]}}"}
{"op_code": 5, "worker_id": "5e264b7e-280b-4e88-9aad-0983974362f2-47818068719360", "trial_id": 7, "param_name": "learning_rate", "param_value_internal": 0.8610143142303385, "distribution": "{\"name\": \"FloatDistribution\", \"attributes\": {\"step\": null, \"low\": 0.005, \"high\": 1.0, \"log\": false}}"}
{"op_code": 5, "worker_id": "5e264b7e-280b-4e88-9aad-0983974362f2-47818068719360", "trial_id": 7, "param_name": "max_depth", "param_value_internal": 0, "distribution": "{\"name\": \"CategoricalDistribution\", \"attributes\": {\"choices\": [1, 2, 3, 4, 5]}}"}
{"op_code": 6, "worker_id": "5e264b7e-280b-4e88-9aad-0983974362f2-47818068719360", "trial_id": 7, "state": 1, "values": [0.24021957562040894], "datetime_complete": "2023-11-14T15:11:41.022792"}
{"op_code": 0, "worker_id": "a74d4366-1343-4a14-bd30-0192ca48f26b-47817365380928", "study_name": "GB", "directions": [1]}
{"op_code": 4, "worker_id": "a74d4366-1343-4a14-bd30-0192ca48f26b-47818068719360", "study_id": 0, "datetime_start": "2023-11-14T15:18:09.515505"}
{"op_code": 5, "worker_id": "a74d4366-1343-4a14-bd30-0192ca48f26b-47818068719360", "trial_id": 8, "param_name": "n_estimators", "param_value_internal": 1, "distribution": "{\"name\": \"CategoricalDistribution\", \"attributes\": {\"choices\": [10, 20, 50, 200, 500]}}"}
{"op_code": 5, "worker_id": "a74d4366-1343-4a14-bd30-0192ca48f26b-47818068719360", "trial_id": 8, "param_name": "learning_rate", "param_value_internal": 0.21171398807350142, "distribution": "{\"name\": \"FloatDistribution\", \"attributes\": {\"step\": null, \"low\": 0.005, \"high\": 1.0, \"log\": false}}"}
{"op_code": 5, "worker_id": "a74d4366-1343-4a14-bd30-0192ca48f26b-47818068719360", "trial_id": 8, "param_name": "max_depth", "param_value_internal": 2, "distribution": "{\"name\": \"CategoricalDistribution\", \"attributes\": {\"choices\": [1, 2, 3, 4, 5]}}"}
{"op_code": 6, "worker_id": "a74d4366-1343-4a14-bd30-0192ca48f26b-47818068719360", "trial_id": 8, "state": 1, "values": [0.24237113312080152], "datetime_complete": "2023-11-14T15:18:19.267262"}
{"op_code": 0, "worker_id": "c786d0b8-47c1-4d87-96af-3d65298628cc-47817365380928", "study_name": "GB", "directions": [1]}
{"op_code": 4, "worker_id": "c786d0b8-47c1-4d87-96af-3d65298628cc-47818068719360", "study_id": 0, "datetime_start": "2023-11-14T15:24:47.989762"}
{"op_code": 5, "worker_id": "c786d0b8-47c1-4d87-96af-3d65298628cc-47818068719360", "trial_id": 9, "param_name": "n_estimators", "param_value_internal": 3, "distribution": "{\"name\": \"CategoricalDistribution\", \"attributes\": {\"choices\": [10, 20, 50, 200, 500]}}"}
{"op_code": 5, "worker_id": "c786d0b8-47c1-4d87-96af-3d65298628cc-47818068719360", "trial_id": 9, "param_name": "learning_rate", "param_value_internal": 0.7501750711252274, "distribution": "{\"name\": \"FloatDistribution\", \"attributes\": {\"step\": null, \"low\": 0.005, \"high\": 1.0, \"log\": false}}"}
{"op_code": 5, "worker_id": "c786d0b8-47c1-4d87-96af-3d65298628cc-47818068719360", "trial_id": 9, "param_name": "max_depth", "param_value_internal": 2, "distribution": "{\"name\": \"CategoricalDistribution\", \"attributes\": {\"choices\": [1, 2, 3, 4, 5]}}"}
{"op_code": 6, "worker_id": "c786d0b8-47c1-4d87-96af-3d65298628cc-47818068719360", "trial_id": 9, "state": 1, "values": [0.24188272700846647], "datetime_complete": "2023-11-14T15:24:57.758673"}
