{"op_code": 0, "worker_id": "0447474c-029d-4430-aaa3-5d6d05bba256-47614746832704", "study_name": "KRR", "directions": [1]}
{"op_code": 4, "worker_id": "0447474c-029d-4430-aaa3-5d6d05bba256-47615450679040", "study_id": 0, "datetime_start": "2023-11-07T07:02:39.504086"}
{"op_code": 5, "worker_id": "0447474c-029d-4430-aaa3-5d6d05bba256-47615450679040", "trial_id": 0, "param_name": "alpha", "param_value_internal": 0.8906734794979422, "distribution": "{\"name\": \"FloatDistribution\", \"attributes\": {\"step\": null, \"low\": 0.0001, \"high\": 1.0, \"log\": false}}"}
{"op_code": 5, "worker_id": "0447474c-029d-4430-aaa3-5d6d05bba256-47615450679040", "trial_id": 0, "param_name": "gamma", "param_value_internal": 1.1624845642898008e-15, "distribution": "{\"name\": \"FloatDistribution\", \"attributes\": {\"step\": null, \"low\": 0.0, \"high\": 1e-14, \"log\": false}}"}
{"op_code": 5, "worker_id": "0447474c-029d-4430-aaa3-5d6d05bba256-47615450679040", "trial_id": 0, "param_name": "kernel", "param_value_internal": 1, "distribution": "{\"name\": \"CategoricalDistribution\", \"attributes\": {\"choices\": [\"linear\", \"laplacian\", \"rbf\"]}}"}
{"op_code": 6, "worker_id": "0447474c-029d-4430-aaa3-5d6d05bba256-47615450679040", "trial_id": 0, "state": 1, "values": [0.25033148386481935], "datetime_complete": "2023-11-07T07:02:40.442280"}
{"op_code": 0, "worker_id": "9f7e3e96-4fa2-42e4-9a22-5eaabf02373f-47279818202944", "study_name": "KRR", "directions": [1]}
{"op_code": 4, "worker_id": "9f7e3e96-4fa2-42e4-9a22-5eaabf02373f-47280521058048", "study_id": 0, "datetime_start": "2023-11-07T17:10:13.215643"}
{"op_code": 5, "worker_id": "9f7e3e96-4fa2-42e4-9a22-5eaabf02373f-47280521058048", "trial_id": 1, "param_name": "alpha", "param_value_internal": 0.6262370448275887, "distribution": "{\"name\": \"FloatDistribution\", \"attributes\": {\"step\": null, \"low\": 0.0001, \"high\": 1.0, \"log\": false}}"}
{"op_code": 5, "worker_id": "9f7e3e96-4fa2-42e4-9a22-5eaabf02373f-47280521058048", "trial_id": 1, "param_name": "gamma", "param_value_internal": 7.386917244065251e-15, "distribution": "{\"name\": \"FloatDistribution\", \"attributes\": {\"step\": null, \"low\": 0.0, \"high\": 1e-14, \"log\": false}}"}
{"op_code": 5, "worker_id": "9f7e3e96-4fa2-42e4-9a22-5eaabf02373f-47280521058048", "trial_id": 1, "param_name": "kernel", "param_value_internal": 1, "distribution": "{\"name\": \"CategoricalDistribution\", \"attributes\": {\"choices\": [\"linear\", \"laplacian\", \"rbf\"]}}"}
{"op_code": 6, "worker_id": "9f7e3e96-4fa2-42e4-9a22-5eaabf02373f-47280521058048", "trial_id": 1, "state": 1, "values": [0.2500477655162643], "datetime_complete": "2023-11-07T17:10:14.124026"}
{"op_code": 0, "worker_id": "bfbaebb4-5b97-444e-b410-2c7014720ac2-47279818202944", "study_name": "KRR", "directions": [1]}
{"op_code": 4, "worker_id": "bfbaebb4-5b97-444e-b410-2c7014720ac2-47280521058048", "study_id": 0, "datetime_start": "2023-11-07T17:16:59.671857"}
{"op_code": 5, "worker_id": "bfbaebb4-5b97-444e-b410-2c7014720ac2-47280521058048", "trial_id": 2, "param_name": "alpha", "param_value_internal": 0.9252857894299413, "distribution": "{\"name\": \"FloatDistribution\", \"attributes\": {\"step\": null, \"low\": 0.0001, \"high\": 1.0, \"log\": false}}"}
{"op_code": 5, "worker_id": "bfbaebb4-5b97-444e-b410-2c7014720ac2-47280521058048", "trial_id": 2, "param_name": "gamma", "param_value_internal": 2.4382472840489566e-15, "distribution": "{\"name\": \"FloatDistribution\", \"attributes\": {\"step\": null, \"low\": 0.0, \"high\": 1e-14, \"log\": false}}"}
{"op_code": 5, "worker_id": "bfbaebb4-5b97-444e-b410-2c7014720ac2-47280521058048", "trial_id": 2, "param_name": "kernel", "param_value_internal": 0, "distribution": "{\"name\": \"CategoricalDistribution\", \"attributes\": {\"choices\": [\"linear\", \"laplacian\", \"rbf\"]}}"}
{"op_code": 6, "worker_id": "bfbaebb4-5b97-444e-b410-2c7014720ac2-47280521058048", "trial_id": 2, "state": 1, "values": [0.25054455696472694], "datetime_complete": "2023-11-07T17:17:00.760454"}
{"op_code": 0, "worker_id": "9cb4a656-4796-47bd-ae07-f5593f10abbc-47279818202944", "study_name": "KRR", "directions": [1]}
{"op_code": 4, "worker_id": "9cb4a656-4796-47bd-ae07-f5593f10abbc-47280521058048", "study_id": 0, "datetime_start": "2023-11-07T17:23:48.960078"}
{"op_code": 5, "worker_id": "9cb4a656-4796-47bd-ae07-f5593f10abbc-47280521058048", "trial_id": 3, "param_name": "alpha", "param_value_internal": 0.7604539465070824, "distribution": "{\"name\": \"FloatDistribution\", \"attributes\": {\"step\": null, \"low\": 0.0001, \"high\": 1.0, \"log\": false}}"}
{"op_code": 5, "worker_id": "9cb4a656-4796-47bd-ae07-f5593f10abbc-47280521058048", "trial_id": 3, "param_name": "gamma", "param_value_internal": 9.553781156884615e-15, "distribution": "{\"name\": \"FloatDistribution\", \"attributes\": {\"step\": null, \"low\": 0.0, \"high\": 1e-14, \"log\": false}}"}
{"op_code": 5, "worker_id": "9cb4a656-4796-47bd-ae07-f5593f10abbc-47280521058048", "trial_id": 3, "param_name": "kernel", "param_value_internal": 1, "distribution": "{\"name\": \"CategoricalDistribution\", \"attributes\": {\"choices\": [\"linear\", \"laplacian\", \"rbf\"]}}"}
{"op_code": 6, "worker_id": "9cb4a656-4796-47bd-ae07-f5593f10abbc-47280521058048", "trial_id": 3, "state": 1, "values": [0.24972683136737803], "datetime_complete": "2023-11-07T17:23:49.884294"}
{"op_code": 0, "worker_id": "156f0d1f-00f0-4b6d-94f0-16aaebbb97df-47279818202944", "study_name": "KRR", "directions": [1]}
{"op_code": 4, "worker_id": "156f0d1f-00f0-4b6d-94f0-16aaebbb97df-47280521058048", "study_id": 0, "datetime_start": "2023-11-07T17:30:36.540035"}
{"op_code": 5, "worker_id": "156f0d1f-00f0-4b6d-94f0-16aaebbb97df-47280521058048", "trial_id": 4, "param_name": "alpha", "param_value_internal": 0.8283224160669665, "distribution": "{\"name\": \"FloatDistribution\", \"attributes\": {\"step\": null, \"low\": 0.0001, \"high\": 1.0, \"log\": false}}"}
{"op_code": 5, "worker_id": "156f0d1f-00f0-4b6d-94f0-16aaebbb97df-47280521058048", "trial_id": 4, "param_name": "gamma", "param_value_internal": 6.9798597726683084e-15, "distribution": "{\"name\": \"FloatDistribution\", \"attributes\": {\"step\": null, \"low\": 0.0, \"high\": 1e-14, \"log\": false}}"}
{"op_code": 5, "worker_id": "156f0d1f-00f0-4b6d-94f0-16aaebbb97df-47280521058048", "trial_id": 4, "param_name": "kernel", "param_value_internal": 1, "distribution": "{\"name\": \"CategoricalDistribution\", \"attributes\": {\"choices\": [\"linear\", \"laplacian\", \"rbf\"]}}"}
{"op_code": 6, "worker_id": "156f0d1f-00f0-4b6d-94f0-16aaebbb97df-47280521058048", "trial_id": 4, "state": 1, "values": [0.2506503718316136], "datetime_complete": "2023-11-07T17:30:37.526996"}
{"op_code": 0, "worker_id": "b7da0c49-dd06-4d96-a94c-6020cbcb7d32-47817365380928", "study_name": "KRR", "directions": [1]}
{"op_code": 4, "worker_id": "b7da0c49-dd06-4d96-a94c-6020cbcb7d32-47818068719360", "study_id": 0, "datetime_start": "2023-11-14T14:58:26.149000"}
{"op_code": 5, "worker_id": "b7da0c49-dd06-4d96-a94c-6020cbcb7d32-47818068719360", "trial_id": 5, "param_name": "alpha", "param_value_internal": 0.5043984929764148, "distribution": "{\"name\": \"FloatDistribution\", \"attributes\": {\"step\": null, \"low\": 0.0001, \"high\": 1.0, \"log\": false}}"}
{"op_code": 5, "worker_id": "b7da0c49-dd06-4d96-a94c-6020cbcb7d32-47818068719360", "trial_id": 5, "param_name": "gamma", "param_value_internal": 5.90289265716054e-15, "distribution": "{\"name\": \"FloatDistribution\", \"attributes\": {\"step\": null, \"low\": 0.0, \"high\": 1e-14, \"log\": false}}"}
{"op_code": 5, "worker_id": "b7da0c49-dd06-4d96-a94c-6020cbcb7d32-47818068719360", "trial_id": 5, "param_name": "kernel", "param_value_internal": 0, "distribution": "{\"name\": \"CategoricalDistribution\", \"attributes\": {\"choices\": [\"linear\", \"laplacian\", \"rbf\"]}}"}
{"op_code": 6, "worker_id": "b7da0c49-dd06-4d96-a94c-6020cbcb7d32-47818068719360", "trial_id": 5, "state": 1, "values": [0.24981095514115736], "datetime_complete": "2023-11-14T14:58:27.197102"}
{"op_code": 0, "worker_id": "178a40ca-a41c-4742-9252-24ae76d6951e-47817365380928", "study_name": "KRR", "directions": [1]}
{"op_code": 4, "worker_id": "178a40ca-a41c-4742-9252-24ae76d6951e-47818068719360", "study_id": 0, "datetime_start": "2023-11-14T15:04:56.118554"}
{"op_code": 5, "worker_id": "178a40ca-a41c-4742-9252-24ae76d6951e-47818068719360", "trial_id": 6, "param_name": "alpha", "param_value_internal": 0.6395681022575086, "distribution": "{\"name\": \"FloatDistribution\", \"attributes\": {\"step\": null, \"low\": 0.0001, \"high\": 1.0, \"log\": false}}"}
{"op_code": 5, "worker_id": "178a40ca-a41c-4742-9252-24ae76d6951e-47818068719360", "trial_id": 6, "param_name": "gamma", "param_value_internal": 4.625595192615377e-15, "distribution": "{\"name\": \"FloatDistribution\", \"attributes\": {\"step\": null, \"low\": 0.0, \"high\": 1e-14, \"log\": false}}"}
{"op_code": 5, "worker_id": "178a40ca-a41c-4742-9252-24ae76d6951e-47818068719360", "trial_id": 6, "param_name": "kernel", "param_value_internal": 1, "distribution": "{\"name\": \"CategoricalDistribution\", \"attributes\": {\"choices\": [\"linear\", \"laplacian\", \"rbf\"]}}"}
{"op_code": 6, "worker_id": "178a40ca-a41c-4742-9252-24ae76d6951e-47818068719360", "trial_id": 6, "state": 1, "values": [0.2505866236504261], "datetime_complete": "2023-11-14T15:04:57.053635"}
{"op_code": 0, "worker_id": "5774f952-afc6-4241-925f-d2e9ddc6829f-47817365380928", "study_name": "KRR", "directions": [1]}
{"op_code": 4, "worker_id": "5774f952-afc6-4241-925f-d2e9ddc6829f-47818068719360", "study_id": 0, "datetime_start": "2023-11-14T15:11:30.329587"}
{"op_code": 5, "worker_id": "5774f952-afc6-4241-925f-d2e9ddc6829f-47818068719360", "trial_id": 7, "param_name": "alpha", "param_value_internal": 0.5726282688862773, "distribution": "{\"name\": \"FloatDistribution\", \"attributes\": {\"step\": null, \"low\": 0.0001, \"high\": 1.0, \"log\": false}}"}
{"op_code": 5, "worker_id": "5774f952-afc6-4241-925f-d2e9ddc6829f-47818068719360", "trial_id": 7, "param_name": "gamma", "param_value_internal": 7.524456093236363e-15, "distribution": "{\"name\": \"FloatDistribution\", \"attributes\": {\"step\": null, \"low\": 0.0, \"high\": 1e-14, \"log\": false}}"}
{"op_code": 5, "worker_id": "5774f952-afc6-4241-925f-d2e9ddc6829f-47818068719360", "trial_id": 7, "param_name": "kernel", "param_value_internal": 0, "distribution": "{\"name\": \"CategoricalDistribution\", \"attributes\": {\"choices\": [\"linear\", \"laplacian\", \"rbf\"]}}"}
{"op_code": 6, "worker_id": "5774f952-afc6-4241-925f-d2e9ddc6829f-47818068719360", "trial_id": 7, "state": 1, "values": [0.2499372275718812], "datetime_complete": "2023-11-14T15:11:31.262854"}
{"op_code": 0, "worker_id": "edae2025-673c-4d74-b5df-f8862ea33f81-47817365380928", "study_name": "KRR", "directions": [1]}
{"op_code": 4, "worker_id": "edae2025-673c-4d74-b5df-f8862ea33f81-47818068719360", "study_id": 0, "datetime_start": "2023-11-14T15:18:08.562037"}
{"op_code": 5, "worker_id": "edae2025-673c-4d74-b5df-f8862ea33f81-47818068719360", "trial_id": 8, "param_name": "alpha", "param_value_internal": 0.1792814657640155, "distribution": "{\"name\": \"FloatDistribution\", \"attributes\": {\"step\": null, \"low\": 0.0001, \"high\": 1.0, \"log\": false}}"}
{"op_code": 5, "worker_id": "edae2025-673c-4d74-b5df-f8862ea33f81-47818068719360", "trial_id": 8, "param_name": "gamma", "param_value_internal": 1.265661814971798e-15, "distribution": "{\"name\": \"FloatDistribution\", \"attributes\": {\"step\": null, \"low\": 0.0, \"high\": 1e-14, \"log\": false}}"}
{"op_code": 5, "worker_id": "edae2025-673c-4d74-b5df-f8862ea33f81-47818068719360", "trial_id": 8, "param_name": "kernel", "param_value_internal": 0, "distribution": "{\"name\": \"CategoricalDistribution\", \"attributes\": {\"choices\": [\"linear\", \"laplacian\", \"rbf\"]}}"}
{"op_code": 6, "worker_id": "edae2025-673c-4d74-b5df-f8862ea33f81-47818068719360", "trial_id": 8, "state": 1, "values": [0.2503149658892157], "datetime_complete": "2023-11-14T15:18:09.500480"}
{"op_code": 0, "worker_id": "006742d5-dc76-40a4-a943-b3103b6dbe77-47817365380928", "study_name": "KRR", "directions": [1]}
{"op_code": 4, "worker_id": "006742d5-dc76-40a4-a943-b3103b6dbe77-47818068719360", "study_id": 0, "datetime_start": "2023-11-14T15:24:47.017452"}
{"op_code": 5, "worker_id": "006742d5-dc76-40a4-a943-b3103b6dbe77-47818068719360", "trial_id": 9, "param_name": "alpha", "param_value_internal": 0.09134831962842359, "distribution": "{\"name\": \"FloatDistribution\", \"attributes\": {\"step\": null, \"low\": 0.0001, \"high\": 1.0, \"log\": false}}"}
{"op_code": 5, "worker_id": "006742d5-dc76-40a4-a943-b3103b6dbe77-47818068719360", "trial_id": 9, "param_name": "gamma", "param_value_internal": 6.901319614433484e-15, "distribution": "{\"name\": \"FloatDistribution\", \"attributes\": {\"step\": null, \"low\": 0.0, \"high\": 1e-14, \"log\": false}}"}
{"op_code": 5, "worker_id": "006742d5-dc76-40a4-a943-b3103b6dbe77-47818068719360", "trial_id": 9, "param_name": "kernel", "param_value_internal": 2, "distribution": "{\"name\": \"CategoricalDistribution\", \"attributes\": {\"choices\": [\"linear\", \"laplacian\", \"rbf\"]}}"}
{"op_code": 6, "worker_id": "006742d5-dc76-40a4-a943-b3103b6dbe77-47818068719360", "trial_id": 9, "state": 1, "values": [0.2514467978014278], "datetime_complete": "2023-11-14T15:24:47.975286"}
