{"op_code": 0, "worker_id": "7106f939-f197-47c7-876b-b796abf14831-47614746832704", "study_name": "linear", "directions": [1]}
{"op_code": 4, "worker_id": "7106f939-f197-47c7-876b-b796abf14831-47615450679040", "study_id": 0, "datetime_start": "2023-11-07T07:02:39.443838"}
{"op_code": 8, "worker_id": "7106f939-f197-47c7-876b-b796abf14831-47615450679040", "trial_id": 0, "user_attr": {"fit_intercept": true}}
{"op_code": 5, "worker_id": "7106f939-f197-47c7-876b-b796abf14831-47615450679040", "trial_id": 0, "param_name": "alpha", "param_value_internal": 0.04707590472396101, "distribution": "{\"name\": \"FloatDistribution\", \"attributes\": {\"step\": null, \"low\": 1e-05, \"high\": 0.1, \"log\": false}}"}
{"op_code": 5, "worker_id": "7106f939-f197-47c7-876b-b796abf14831-47615450679040", "trial_id": 0, "param_name": "l1_ratio", "param_value_internal": 0.6775352422348795, "distribution": "{\"name\": \"FloatDistribution\", \"attributes\": {\"step\": null, \"low\": 0.0, \"high\": 1.0, \"log\": false}}"}
{"op_code": 6, "worker_id": "7106f939-f197-47c7-876b-b796abf14831-47615450679040", "trial_id": 0, "state": 1, "values": [0.256504187060506], "datetime_complete": "2023-11-07T07:02:39.495204"}
{"op_code": 0, "worker_id": "02c7d39a-8934-48ed-a1fc-af04149690f6-47279818202944", "study_name": "linear", "directions": [1]}
{"op_code": 4, "worker_id": "02c7d39a-8934-48ed-a1fc-af04149690f6-47280521058048", "study_id": 0, "datetime_start": "2023-11-07T17:10:13.149571"}
{"op_code": 8, "worker_id": "02c7d39a-8934-48ed-a1fc-af04149690f6-47280521058048", "trial_id": 1, "user_attr": {"fit_intercept": true}}
{"op_code": 5, "worker_id": "02c7d39a-8934-48ed-a1fc-af04149690f6-47280521058048", "trial_id": 1, "param_name": "alpha", "param_value_internal": 0.026523051105745377, "distribution": "{\"name\": \"FloatDistribution\", \"attributes\": {\"step\": null, \"low\": 1e-05, \"high\": 0.1, \"log\": false}}"}
{"op_code": 5, "worker_id": "02c7d39a-8934-48ed-a1fc-af04149690f6-47280521058048", "trial_id": 1, "param_name": "l1_ratio", "param_value_internal": 0.09348221498404541, "distribution": "{\"name\": \"FloatDistribution\", \"attributes\": {\"step\": null, \"low\": 0.0, \"high\": 1.0, \"log\": false}}"}
{"op_code": 6, "worker_id": "02c7d39a-8934-48ed-a1fc-af04149690f6-47280521058048", "trial_id": 1, "state": 1, "values": [0.25624895264142994], "datetime_complete": "2023-11-07T17:10:13.199670"}
{"op_code": 0, "worker_id": "61fa1f54-2277-4e0d-ac01-b0917802a165-47279818202944", "study_name": "linear", "directions": [1]}
{"op_code": 4, "worker_id": "61fa1f54-2277-4e0d-ac01-b0917802a165-47280521058048", "study_id": 0, "datetime_start": "2023-11-07T17:16:59.608736"}
{"op_code": 8, "worker_id": "61fa1f54-2277-4e0d-ac01-b0917802a165-47280521058048", "trial_id": 2, "user_attr": {"fit_intercept": true}}
{"op_code": 5, "worker_id": "61fa1f54-2277-4e0d-ac01-b0917802a165-47280521058048", "trial_id": 2, "param_name": "alpha", "param_value_internal": 0.06853321565439591, "distribution": "{\"name\": \"FloatDistribution\", \"attributes\": {\"step\": null, \"low\": 1e-05, \"high\": 0.1, \"log\": false}}"}
{"op_code": 5, "worker_id": "61fa1f54-2277-4e0d-ac01-b0917802a165-47280521058048", "trial_id": 2, "param_name": "l1_ratio", "param_value_internal": 0.12693740855713664, "distribution": "{\"name\": \"FloatDistribution\", \"attributes\": {\"step\": null, \"low\": 0.0, \"high\": 1.0, \"log\": false}}"}
{"op_code": 6, "worker_id": "61fa1f54-2277-4e0d-ac01-b0917802a165-47280521058048", "trial_id": 2, "state": 1, "values": [0.2564091206928858], "datetime_complete": "2023-11-07T17:16:59.662519"}
{"op_code": 0, "worker_id": "16748441-550d-44e3-8458-b9172953831b-47279818202944", "study_name": "linear", "directions": [1]}
{"op_code": 4, "worker_id": "16748441-550d-44e3-8458-b9172953831b-47280521058048", "study_id": 0, "datetime_start": "2023-11-07T17:23:48.900829"}
{"op_code": 8, "worker_id": "16748441-550d-44e3-8458-b9172953831b-47280521058048", "trial_id": 3, "user_attr": {"fit_intercept": true}}
{"op_code": 5, "worker_id": "16748441-550d-44e3-8458-b9172953831b-47280521058048", "trial_id": 3, "param_name": "alpha", "param_value_internal": 0.06450198467004659, "distribution": "{\"name\": \"FloatDistribution\", \"attributes\": {\"step\": null, \"low\": 1e-05, \"high\": 0.1, \"log\": false}}"}
{"op_code": 5, "worker_id": "16748441-550d-44e3-8458-b9172953831b-47280521058048", "trial_id": 3, "param_name": "l1_ratio", "param_value_internal": 0.36393243325776903, "distribution": "{\"name\": \"FloatDistribution\", \"attributes\": {\"step\": null, \"low\": 0.0, \"high\": 1.0, \"log\": false}}"}
{"op_code": 6, "worker_id": "16748441-550d-44e3-8458-b9172953831b-47280521058048", "trial_id": 3, "state": 1, "values": [0.2563254933592111], "datetime_complete": "2023-11-07T17:23:48.950222"}
{"op_code": 0, "worker_id": "4844049b-63cd-46ee-ac3f-1ea2c908a6c5-47279818202944", "study_name": "linear", "directions": [1]}
{"op_code": 4, "worker_id": "4844049b-63cd-46ee-ac3f-1ea2c908a6c5-47280521058048", "study_id": 0, "datetime_start": "2023-11-07T17:30:36.479528"}
{"op_code": 8, "worker_id": "4844049b-63cd-46ee-ac3f-1ea2c908a6c5-47280521058048", "trial_id": 4, "user_attr": {"fit_intercept": true}}
{"op_code": 5, "worker_id": "4844049b-63cd-46ee-ac3f-1ea2c908a6c5-47280521058048", "trial_id": 4, "param_name": "alpha", "param_value_internal": 0.031706586996864246, "distribution": "{\"name\": \"FloatDistribution\", \"attributes\": {\"step\": null, \"low\": 1e-05, \"high\": 0.1, \"log\": false}}"}
{"op_code": 5, "worker_id": "4844049b-63cd-46ee-ac3f-1ea2c908a6c5-47280521058048", "trial_id": 4, "param_name": "l1_ratio", "param_value_internal": 0.1648151894717459, "distribution": "{\"name\": \"FloatDistribution\", \"attributes\": {\"step\": null, \"low\": 0.0, \"high\": 1.0, \"log\": false}}"}
{"op_code": 6, "worker_id": "4844049b-63cd-46ee-ac3f-1ea2c908a6c5-47280521058048", "trial_id": 4, "state": 1, "values": [0.2563789024636251], "datetime_complete": "2023-11-07T17:30:36.530369"}
