{"op_code": 0, "worker_id": "b4f636a4-4eaf-4d06-af95-e4a3bd790dc6-47614746832704", "study_name": "RF", "directions": [1]}
{"op_code": 4, "worker_id": "b4f636a4-4eaf-4d06-af95-e4a3bd790dc6-47615450679040", "study_id": 0, "datetime_start": "2023-11-07T07:02:50.279638"}
{"op_code": 5, "worker_id": "b4f636a4-4eaf-4d06-af95-e4a3bd790dc6-47615450679040", "trial_id": 0, "param_name": "n_estimators", "param_value_internal": 2, "distribution": "{\"name\": \"CategoricalDistribution\", \"attributes\": {\"choices\": [10, 20, 50, 200, 500]}}"}
{"op_code": 5, "worker_id": "b4f636a4-4eaf-4d06-af95-e4a3bd790dc6-47615450679040", "trial_id": 0, "param_name": "max_features", "param_value_internal": 0, "distribution": "{\"name\": \"CategoricalDistribution\", \"attributes\": {\"choices\": [\"auto\", \"sqrt\", \"log2\"]}}"}
{"op_code": 5, "worker_id": "b4f636a4-4eaf-4d06-af95-e4a3bd790dc6-47615450679040", "trial_id": 0, "param_name": "max_depth", "param_value_internal": 1, "distribution": "{\"name\": \"CategoricalDistribution\", \"attributes\": {\"choices\": [null, 2, 3, 4, 5, 10]}}"}
{"op_code": 6, "worker_id": "b4f636a4-4eaf-4d06-af95-e4a3bd790dc6-47615450679040", "trial_id": 0, "state": 1, "values": [0.23723613873790458], "datetime_complete": "2023-11-07T07:03:31.359249"}
{"op_code": 0, "worker_id": "72fbd234-50af-4113-bf0e-8009fde3d1c3-47279818202944", "study_name": "RF", "directions": [1]}
{"op_code": 4, "worker_id": "72fbd234-50af-4113-bf0e-8009fde3d1c3-47280521058048", "study_id": 0, "datetime_start": "2023-11-07T17:10:23.903513"}
{"op_code": 5, "worker_id": "72fbd234-50af-4113-bf0e-8009fde3d1c3-47280521058048", "trial_id": 1, "param_name": "n_estimators", "param_value_internal": 2, "distribution": "{\"name\": \"CategoricalDistribution\", \"attributes\": {\"choices\": [10, 20, 50, 200, 500]}}"}
{"op_code": 5, "worker_id": "72fbd234-50af-4113-bf0e-8009fde3d1c3-47280521058048", "trial_id": 1, "param_name": "max_features", "param_value_internal": 1, "distribution": "{\"name\": \"CategoricalDistribution\", \"attributes\": {\"choices\": [\"auto\", \"sqrt\", \"log2\"]}}"}
{"op_code": 5, "worker_id": "72fbd234-50af-4113-bf0e-8009fde3d1c3-47280521058048", "trial_id": 1, "param_name": "max_depth", "param_value_internal": 4, "distribution": "{\"name\": \"CategoricalDistribution\", \"attributes\": {\"choices\": [null, 2, 3, 4, 5, 10]}}"}
{"op_code": 6, "worker_id": "72fbd234-50af-4113-bf0e-8009fde3d1c3-47280521058048", "trial_id": 1, "state": 1, "values": [0.23609156115525554], "datetime_complete": "2023-11-07T17:11:04.769859"}
{"op_code": 0, "worker_id": "8e399302-e903-4270-8a6c-d751e53a6c91-47279818202944", "study_name": "RF", "directions": [1]}
{"op_code": 4, "worker_id": "8e399302-e903-4270-8a6c-d751e53a6c91-47280521058048", "study_id": 0, "datetime_start": "2023-11-07T17:17:10.808369"}
{"op_code": 5, "worker_id": "8e399302-e903-4270-8a6c-d751e53a6c91-47280521058048", "trial_id": 2, "param_name": "n_estimators", "param_value_internal": 2, "distribution": "{\"name\": \"CategoricalDistribution\", \"attributes\": {\"choices\": [10, 20, 50, 200, 500]}}"}
{"op_code": 5, "worker_id": "8e399302-e903-4270-8a6c-d751e53a6c91-47280521058048", "trial_id": 2, "param_name": "max_features", "param_value_internal": 2, "distribution": "{\"name\": \"CategoricalDistribution\", \"attributes\": {\"choices\": [\"auto\", \"sqrt\", \"log2\"]}}"}
{"op_code": 5, "worker_id": "8e399302-e903-4270-8a6c-d751e53a6c91-47280521058048", "trial_id": 2, "param_name": "max_depth", "param_value_internal": 1, "distribution": "{\"name\": \"CategoricalDistribution\", \"attributes\": {\"choices\": [null, 2, 3, 4, 5, 10]}}"}
{"op_code": 6, "worker_id": "8e399302-e903-4270-8a6c-d751e53a6c91-47280521058048", "trial_id": 2, "state": 1, "values": [0.235784747381632], "datetime_complete": "2023-11-07T17:17:51.693488"}
{"op_code": 0, "worker_id": "b442bc06-0ad7-4c47-8434-7dbb17db1bf1-47279818202944", "study_name": "RF", "directions": [1]}
{"op_code": 4, "worker_id": "b442bc06-0ad7-4c47-8434-7dbb17db1bf1-47280521058048", "study_id": 0, "datetime_start": "2023-11-07T17:23:59.666206"}
{"op_code": 5, "worker_id": "b442bc06-0ad7-4c47-8434-7dbb17db1bf1-47280521058048", "trial_id": 3, "param_name": "n_estimators", "param_value_internal": 1, "distribution": "{\"name\": \"CategoricalDistribution\", \"attributes\": {\"choices\": [10, 20, 50, 200, 500]}}"}
{"op_code": 5, "worker_id": "b442bc06-0ad7-4c47-8434-7dbb17db1bf1-47280521058048", "trial_id": 3, "param_name": "max_features", "param_value_internal": 2, "distribution": "{\"name\": \"CategoricalDistribution\", \"attributes\": {\"choices\": [\"auto\", \"sqrt\", \"log2\"]}}"}
{"op_code": 5, "worker_id": "b442bc06-0ad7-4c47-8434-7dbb17db1bf1-47280521058048", "trial_id": 3, "param_name": "max_depth", "param_value_internal": 4, "distribution": "{\"name\": \"CategoricalDistribution\", \"attributes\": {\"choices\": [null, 2, 3, 4, 5, 10]}}"}
{"op_code": 6, "worker_id": "b442bc06-0ad7-4c47-8434-7dbb17db1bf1-47280521058048", "trial_id": 3, "state": 1, "values": [0.2379314923176887], "datetime_complete": "2023-11-07T17:24:40.539894"}
{"op_code": 0, "worker_id": "a2e49561-06cd-4165-a527-268fbedd7bb1-47279818202944", "study_name": "RF", "directions": [1]}
{"op_code": 4, "worker_id": "a2e49561-06cd-4165-a527-268fbedd7bb1-47280521058048", "study_id": 0, "datetime_start": "2023-11-07T17:30:47.386778"}
{"op_code": 5, "worker_id": "a2e49561-06cd-4165-a527-268fbedd7bb1-47280521058048", "trial_id": 4, "param_name": "n_estimators", "param_value_internal": 3, "distribution": "{\"name\": \"CategoricalDistribution\", \"attributes\": {\"choices\": [10, 20, 50, 200, 500]}}"}
{"op_code": 5, "worker_id": "a2e49561-06cd-4165-a527-268fbedd7bb1-47280521058048", "trial_id": 4, "param_name": "max_features", "param_value_internal": 2, "distribution": "{\"name\": \"CategoricalDistribution\", \"attributes\": {\"choices\": [\"auto\", \"sqrt\", \"log2\"]}}"}
{"op_code": 5, "worker_id": "a2e49561-06cd-4165-a527-268fbedd7bb1-47280521058048", "trial_id": 4, "param_name": "max_depth", "param_value_internal": 5, "distribution": "{\"name\": \"CategoricalDistribution\", \"attributes\": {\"choices\": [null, 2, 3, 4, 5, 10]}}"}
{"op_code": 6, "worker_id": "a2e49561-06cd-4165-a527-268fbedd7bb1-47280521058048", "trial_id": 4, "state": 1, "values": [0.23640393907738022], "datetime_complete": "2023-11-07T17:31:28.245054"}
