{"op_code": 0, "worker_id": "0c21b4d8-4dac-4880-9b22-15a79e7ea83c-47614746832704", "study_name": "ANN", "directions": [1]}
{"op_code": 4, "worker_id": "0c21b4d8-4dac-4880-9b22-15a79e7ea83c-47615450679040", "study_id": 0, "datetime_start": "2023-11-07T07:01:02.819682"}
{"op_code": 5, "worker_id": "0c21b4d8-4dac-4880-9b22-15a79e7ea83c-47615450679040", "trial_id": 0, "param_name": "learning_rate_init", "param_value_internal": 0.02435160076278813, "distribution": "{\"name\": \"FloatDistribution\", \"attributes\": {\"step\": null, \"low\": 0.001, \"high\": 0.1, \"log\": false}}"}
{"op_code": 5, "worker_id": "0c21b4d8-4dac-4880-9b22-15a79e7ea83c-47615450679040", "trial_id": 0, "param_name": "hidden_layer_sizes", "param_value_internal": 2, "distribution": "{\"name\": \"CategoricalDistribution\", \"attributes\": {\"choices\": [[5], [10], [20], [50], [5, 5], [10, 10], [20, 20], [50, 50], [5, 5, 5], [10, 10, 10], [50, 50, 50]]}}"}
{"op_code": 6, "worker_id": "0c21b4d8-4dac-4880-9b22-15a79e7ea83c-47615450679040", "trial_id": 0, "state": 1, "values": [0.33546715686974843], "datetime_complete": "2023-11-07T07:01:06.052079"}
{"op_code": 0, "worker_id": "0bc417d7-149c-4335-855c-ed3b3ce90553-47279818202944", "study_name": "ANN", "directions": [1]}
{"op_code": 4, "worker_id": "0bc417d7-149c-4335-855c-ed3b3ce90553-47280521058048", "study_id": 0, "datetime_start": "2023-11-07T17:08:39.259955"}
{"op_code": 5, "worker_id": "0bc417d7-149c-4335-855c-ed3b3ce90553-47280521058048", "trial_id": 1, "param_name": "learning_rate_init", "param_value_internal": 0.08209540500400386, "distribution": "{\"name\": \"FloatDistribution\", \"attributes\": {\"step\": null, \"low\": 0.001, \"high\": 0.1, \"log\": false}}"}
{"op_code": 5, "worker_id": "0bc417d7-149c-4335-855c-ed3b3ce90553-47280521058048", "trial_id": 1, "param_name": "hidden_layer_sizes", "param_value_internal": 7, "distribution": "{\"name\": \"CategoricalDistribution\", \"attributes\": {\"choices\": [[5], [10], [20], [50], [5, 5], [10, 10], [20, 20], [50, 50], [5, 5, 5], [10, 10, 10], [50, 50, 50]]}}"}
{"op_code": 6, "worker_id": "0bc417d7-149c-4335-855c-ed3b3ce90553-47280521058048", "trial_id": 1, "state": 1, "values": [0.3121796326453741], "datetime_complete": "2023-11-07T17:08:42.221677"}
{"op_code": 0, "worker_id": "9b546077-c7f9-4fc9-a468-09246edbf1fd-47279818202944", "study_name": "ANN", "directions": [1]}
{"op_code": 4, "worker_id": "9b546077-c7f9-4fc9-a468-09246edbf1fd-47280521058048", "study_id": 0, "datetime_start": "2023-11-07T17:15:23.354008"}
{"op_code": 5, "worker_id": "9b546077-c7f9-4fc9-a468-09246edbf1fd-47280521058048", "trial_id": 2, "param_name": "learning_rate_init", "param_value_internal": 0.0993819361183805, "distribution": "{\"name\": \"FloatDistribution\", \"attributes\": {\"step\": null, \"low\": 0.001, \"high\": 0.1, \"log\": false}}"}
{"op_code": 5, "worker_id": "9b546077-c7f9-4fc9-a468-09246edbf1fd-47280521058048", "trial_id": 2, "param_name": "hidden_layer_sizes", "param_value_internal": 0, "distribution": "{\"name\": \"CategoricalDistribution\", \"attributes\": {\"choices\": [[5], [10], [20], [50], [5, 5], [10, 10], [20, 20], [50, 50], [5, 5, 5], [10, 10, 10], [50, 50, 50]]}}"}
{"op_code": 6, "worker_id": "9b546077-c7f9-4fc9-a468-09246edbf1fd-47280521058048", "trial_id": 2, "state": 1, "values": [0.3290537974079164], "datetime_complete": "2023-11-07T17:15:26.394404"}
{"op_code": 0, "worker_id": "19bd1522-2c00-44a5-b5fa-229fea9189a7-47279818202944", "study_name": "ANN", "directions": [1]}
{"op_code": 4, "worker_id": "19bd1522-2c00-44a5-b5fa-229fea9189a7-47280521058048", "study_id": 0, "datetime_start": "2023-11-07T17:22:09.611290"}
{"op_code": 5, "worker_id": "19bd1522-2c00-44a5-b5fa-229fea9189a7-47280521058048", "trial_id": 3, "param_name": "learning_rate_init", "param_value_internal": 0.03865275041868066, "distribution": "{\"name\": \"FloatDistribution\", \"attributes\": {\"step\": null, \"low\": 0.001, \"high\": 0.1, \"log\": false}}"}
{"op_code": 5, "worker_id": "19bd1522-2c00-44a5-b5fa-229fea9189a7-47280521058048", "trial_id": 3, "param_name": "hidden_layer_sizes", "param_value_internal": 1, "distribution": "{\"name\": \"CategoricalDistribution\", \"attributes\": {\"choices\": [[5], [10], [20], [50], [5, 5], [10, 10], [20, 20], [50, 50], [5, 5, 5], [10, 10, 10], [50, 50, 50]]}}"}
{"op_code": 6, "worker_id": "19bd1522-2c00-44a5-b5fa-229fea9189a7-47280521058048", "trial_id": 3, "state": 1, "values": [0.30921506461333975], "datetime_complete": "2023-11-07T17:22:13.659280"}
{"op_code": 0, "worker_id": "bd62ea20-e545-4479-ad5a-dc0789cddb74-47279818202944", "study_name": "ANN", "directions": [1]}
{"op_code": 4, "worker_id": "bd62ea20-e545-4479-ad5a-dc0789cddb74-47280521058048", "study_id": 0, "datetime_start": "2023-11-07T17:29:00.442198"}
{"op_code": 5, "worker_id": "bd62ea20-e545-4479-ad5a-dc0789cddb74-47280521058048", "trial_id": 4, "param_name": "learning_rate_init", "param_value_internal": 0.07931382383918643, "distribution": "{\"name\": \"FloatDistribution\", \"attributes\": {\"step\": null, \"low\": 0.001, \"high\": 0.1, \"log\": false}}"}
{"op_code": 5, "worker_id": "bd62ea20-e545-4479-ad5a-dc0789cddb74-47280521058048", "trial_id": 4, "param_name": "hidden_layer_sizes", "param_value_internal": 9, "distribution": "{\"name\": \"CategoricalDistribution\", \"attributes\": {\"choices\": [[5], [10], [20], [50], [5, 5], [10, 10], [20, 20], [50, 50], [5, 5, 5], [10, 10, 10], [50, 50, 50]]}}"}
{"op_code": 6, "worker_id": "bd62ea20-e545-4479-ad5a-dc0789cddb74-47280521058048", "trial_id": 4, "state": 1, "values": [0.31848100470405444], "datetime_complete": "2023-11-07T17:29:04.116740"}
{"op_code": 0, "worker_id": "acf90478-0174-4a09-8191-5dfdfbbba2e9-47279818202944", "study_name": "ANN", "directions": [1]}
{"op_code": 4, "worker_id": "acf90478-0174-4a09-8191-5dfdfbbba2e9-47280521058048", "study_id": 0, "datetime_start": "2023-11-07T17:35:46.597592"}
{"op_code": 5, "worker_id": "acf90478-0174-4a09-8191-5dfdfbbba2e9-47280521058048", "trial_id": 5, "param_name": "learning_rate_init", "param_value_internal": 0.09631353894363298, "distribution": "{\"name\": \"FloatDistribution\", \"attributes\": {\"step\": null, \"low\": 0.001, \"high\": 0.1, \"log\": false}}"}
{"op_code": 5, "worker_id": "acf90478-0174-4a09-8191-5dfdfbbba2e9-47280521058048", "trial_id": 5, "param_name": "hidden_layer_sizes", "param_value_internal": 4, "distribution": "{\"name\": \"CategoricalDistribution\", \"attributes\": {\"choices\": [[5], [10], [20], [50], [5, 5], [10, 10], [20, 20], [50, 50], [5, 5, 5], [10, 10, 10], [50, 50, 50]]}}"}
{"op_code": 6, "worker_id": "acf90478-0174-4a09-8191-5dfdfbbba2e9-47280521058048", "trial_id": 5, "state": 1, "values": [0.31037599810064037], "datetime_complete": "2023-11-07T17:35:49.993454"}
