{"op_code": 0, "worker_id": "d5235357-2180-4f86-a2d7-e6ae56fc3368-47614746832704", "study_name": "GB", "directions": [1]}
{"op_code": 4, "worker_id": "d5235357-2180-4f86-a2d7-e6ae56fc3368-47615450679040", "study_id": 0, "datetime_start": "2023-11-07T07:00:56.652113"}
{"op_code": 5, "worker_id": "d5235357-2180-4f86-a2d7-e6ae56fc3368-47615450679040", "trial_id": 0, "param_name": "n_estimators", "param_value_internal": 2, "distribution": "{\"name\": \"CategoricalDistribution\", \"attributes\": {\"choices\": [10, 20, 50, 200, 500]}}"}
{"op_code": 5, "worker_id": "d5235357-2180-4f86-a2d7-e6ae56fc3368-47615450679040", "trial_id": 0, "param_name": "learning_rate", "param_value_internal": 0.15823748923015368, "distribution": "{\"name\": \"FloatDistribution\", \"attributes\": {\"step\": null, \"low\": 0.005, \"high\": 1.0, \"log\": false}}"}
{"op_code": 5, "worker_id": "d5235357-2180-4f86-a2d7-e6ae56fc3368-47615450679040", "trial_id": 0, "param_name": "max_depth", "param_value_internal": 0, "distribution": "{\"name\": \"CategoricalDistribution\", \"attributes\": {\"choices\": [1, 2, 3, 4, 5]}}"}
{"op_code": 6, "worker_id": "d5235357-2180-4f86-a2d7-e6ae56fc3368-47615450679040", "trial_id": 0, "state": 1, "values": [0.27448264825660534], "datetime_complete": "2023-11-07T07:00:58.516754"}
{"op_code": 0, "worker_id": "fefaa0d8-a9d3-4371-afd2-e52b3fc9fca1-47279818202944", "study_name": "GB", "directions": [1]}
{"op_code": 4, "worker_id": "fefaa0d8-a9d3-4371-afd2-e52b3fc9fca1-47280521058048", "study_id": 0, "datetime_start": "2023-11-07T17:08:33.150671"}
{"op_code": 5, "worker_id": "fefaa0d8-a9d3-4371-afd2-e52b3fc9fca1-47280521058048", "trial_id": 1, "param_name": "n_estimators", "param_value_internal": 4, "distribution": "{\"name\": \"CategoricalDistribution\", \"attributes\": {\"choices\": [10, 20, 50, 200, 500]}}"}
{"op_code": 5, "worker_id": "fefaa0d8-a9d3-4371-afd2-e52b3fc9fca1-47280521058048", "trial_id": 1, "param_name": "learning_rate", "param_value_internal": 0.8235596848190072, "distribution": "{\"name\": \"FloatDistribution\", \"attributes\": {\"step\": null, \"low\": 0.005, \"high\": 1.0, \"log\": false}}"}
{"op_code": 5, "worker_id": "fefaa0d8-a9d3-4371-afd2-e52b3fc9fca1-47280521058048", "trial_id": 1, "param_name": "max_depth", "param_value_internal": 1, "distribution": "{\"name\": \"CategoricalDistribution\", \"attributes\": {\"choices\": [1, 2, 3, 4, 5]}}"}
{"op_code": 6, "worker_id": "fefaa0d8-a9d3-4371-afd2-e52b3fc9fca1-47280521058048", "trial_id": 1, "state": 1, "values": [0.2673906455658081], "datetime_complete": "2023-11-07T17:08:35.007134"}
{"op_code": 0, "worker_id": "8b8508e7-d79c-4902-aadc-60d64e6f9cf8-47279818202944", "study_name": "GB", "directions": [1]}
{"op_code": 4, "worker_id": "8b8508e7-d79c-4902-aadc-60d64e6f9cf8-47280521058048", "study_id": 0, "datetime_start": "2023-11-07T17:15:17.271554"}
{"op_code": 5, "worker_id": "8b8508e7-d79c-4902-aadc-60d64e6f9cf8-47280521058048", "trial_id": 2, "param_name": "n_estimators", "param_value_internal": 2, "distribution": "{\"name\": \"CategoricalDistribution\", \"attributes\": {\"choices\": [10, 20, 50, 200, 500]}}"}
{"op_code": 5, "worker_id": "8b8508e7-d79c-4902-aadc-60d64e6f9cf8-47280521058048", "trial_id": 2, "param_name": "learning_rate", "param_value_internal": 0.9310369000669255, "distribution": "{\"name\": \"FloatDistribution\", \"attributes\": {\"step\": null, \"low\": 0.005, \"high\": 1.0, \"log\": false}}"}
{"op_code": 5, "worker_id": "8b8508e7-d79c-4902-aadc-60d64e6f9cf8-47280521058048", "trial_id": 2, "param_name": "max_depth", "param_value_internal": 4, "distribution": "{\"name\": \"CategoricalDistribution\", \"attributes\": {\"choices\": [1, 2, 3, 4, 5]}}"}
{"op_code": 6, "worker_id": "8b8508e7-d79c-4902-aadc-60d64e6f9cf8-47280521058048", "trial_id": 2, "state": 1, "values": [0.2759094214593831], "datetime_complete": "2023-11-07T17:15:19.118420"}
{"op_code": 0, "worker_id": "1c3018ec-228f-4311-95f1-a063509f48c9-47279818202944", "study_name": "GB", "directions": [1]}
{"op_code": 4, "worker_id": "1c3018ec-228f-4311-95f1-a063509f48c9-47280521058048", "study_id": 0, "datetime_start": "2023-11-07T17:22:03.511493"}
{"op_code": 5, "worker_id": "1c3018ec-228f-4311-95f1-a063509f48c9-47280521058048", "trial_id": 3, "param_name": "n_estimators", "param_value_internal": 0, "distribution": "{\"name\": \"CategoricalDistribution\", \"attributes\": {\"choices\": [10, 20, 50, 200, 500]}}"}
{"op_code": 5, "worker_id": "1c3018ec-228f-4311-95f1-a063509f48c9-47280521058048", "trial_id": 3, "param_name": "learning_rate", "param_value_internal": 0.28419362172932267, "distribution": "{\"name\": \"FloatDistribution\", \"attributes\": {\"step\": null, \"low\": 0.005, \"high\": 1.0, \"log\": false}}"}
{"op_code": 5, "worker_id": "1c3018ec-228f-4311-95f1-a063509f48c9-47280521058048", "trial_id": 3, "param_name": "max_depth", "param_value_internal": 3, "distribution": "{\"name\": \"CategoricalDistribution\", \"attributes\": {\"choices\": [1, 2, 3, 4, 5]}}"}
{"op_code": 6, "worker_id": "1c3018ec-228f-4311-95f1-a063509f48c9-47280521058048", "trial_id": 3, "state": 1, "values": [0.2803529956581113], "datetime_complete": "2023-11-07T17:22:05.365394"}
{"op_code": 0, "worker_id": "648c810b-28a2-4775-926c-097aa7b8d4c1-47279818202944", "study_name": "GB", "directions": [1]}
{"op_code": 4, "worker_id": "648c810b-28a2-4775-926c-097aa7b8d4c1-47280521058048", "study_id": 0, "datetime_start": "2023-11-07T17:28:54.325106"}
{"op_code": 5, "worker_id": "648c810b-28a2-4775-926c-097aa7b8d4c1-47280521058048", "trial_id": 4, "param_name": "n_estimators", "param_value_internal": 0, "distribution": "{\"name\": \"CategoricalDistribution\", \"attributes\": {\"choices\": [10, 20, 50, 200, 500]}}"}
{"op_code": 5, "worker_id": "648c810b-28a2-4775-926c-097aa7b8d4c1-47280521058048", "trial_id": 4, "param_name": "learning_rate", "param_value_internal": 0.618599990319447, "distribution": "{\"name\": \"FloatDistribution\", \"attributes\": {\"step\": null, \"low\": 0.005, \"high\": 1.0, \"log\": false}}"}
{"op_code": 5, "worker_id": "648c810b-28a2-4775-926c-097aa7b8d4c1-47280521058048", "trial_id": 4, "param_name": "max_depth", "param_value_internal": 0, "distribution": "{\"name\": \"CategoricalDistribution\", \"attributes\": {\"choices\": [1, 2, 3, 4, 5]}}"}
{"op_code": 6, "worker_id": "648c810b-28a2-4775-926c-097aa7b8d4c1-47280521058048", "trial_id": 4, "state": 1, "values": [0.27080576207642076], "datetime_complete": "2023-11-07T17:28:56.176881"}
{"op_code": 0, "worker_id": "9fbe3cd6-521b-481e-ada6-3f7909069908-47279818202944", "study_name": "GB", "directions": [1]}
{"op_code": 4, "worker_id": "9fbe3cd6-521b-481e-ada6-3f7909069908-47280521058048", "study_id": 0, "datetime_start": "2023-11-07T17:35:40.485705"}
{"op_code": 5, "worker_id": "9fbe3cd6-521b-481e-ada6-3f7909069908-47280521058048", "trial_id": 5, "param_name": "n_estimators", "param_value_internal": 1, "distribution": "{\"name\": \"CategoricalDistribution\", \"attributes\": {\"choices\": [10, 20, 50, 200, 500]}}"}
{"op_code": 5, "worker_id": "9fbe3cd6-521b-481e-ada6-3f7909069908-47280521058048", "trial_id": 5, "param_name": "learning_rate", "param_value_internal": 0.6479564348943481, "distribution": "{\"name\": \"FloatDistribution\", \"attributes\": {\"step\": null, \"low\": 0.005, \"high\": 1.0, \"log\": false}}"}
{"op_code": 5, "worker_id": "9fbe3cd6-521b-481e-ada6-3f7909069908-47280521058048", "trial_id": 5, "param_name": "max_depth", "param_value_internal": 0, "distribution": "{\"name\": \"CategoricalDistribution\", \"attributes\": {\"choices\": [1, 2, 3, 4, 5]}}"}
{"op_code": 6, "worker_id": "9fbe3cd6-521b-481e-ada6-3f7909069908-47280521058048", "trial_id": 5, "state": 1, "values": [0.2889584058217514], "datetime_complete": "2023-11-07T17:35:42.342780"}
