{"op_code": 0, "worker_id": "7d2f33f6-f942-4bb4-8093-29679d5bba4d-47614746832704", "study_name": "KRR", "directions": [1]}
{"op_code": 4, "worker_id": "7d2f33f6-f942-4bb4-8093-29679d5bba4d-47615450679040", "study_id": 0, "datetime_start": "2023-11-07T07:00:56.594472"}
{"op_code": 5, "worker_id": "7d2f33f6-f942-4bb4-8093-29679d5bba4d-47615450679040", "trial_id": 0, "param_name": "alpha", "param_value_internal": 0.019574066735767642, "distribution": "{\"name\": \"FloatDistribution\", \"attributes\": {\"step\": null, \"low\": 0.0001, \"high\": 1.0, \"log\": false}}"}
{"op_code": 5, "worker_id": "7d2f33f6-f942-4bb4-8093-29679d5bba4d-47615450679040", "trial_id": 0, "param_name": "gamma", "param_value_internal": 3.898804138065637e-15, "distribution": "{\"name\": \"FloatDistribution\", \"attributes\": {\"step\": null, \"low\": 0.0, \"high\": 1e-14, \"log\": false}}"}
{"op_code": 5, "worker_id": "7d2f33f6-f942-4bb4-8093-29679d5bba4d-47615450679040", "trial_id": 0, "param_name": "kernel", "param_value_internal": 1, "distribution": "{\"name\": \"CategoricalDistribution\", \"attributes\": {\"choices\": [\"linear\", \"laplacian\", \"rbf\"]}}"}
{"op_code": 6, "worker_id": "7d2f33f6-f942-4bb4-8093-29679d5bba4d-47615450679040", "trial_id": 0, "state": 1, "values": [0.3016902179950459], "datetime_complete": "2023-11-07T07:00:56.643249"}
{"op_code": 0, "worker_id": "9d80e11a-5fd9-4308-986c-e7ad3eaa91bc-47279818202944", "study_name": "KRR", "directions": [1]}
{"op_code": 4, "worker_id": "9d80e11a-5fd9-4308-986c-e7ad3eaa91bc-47280521058048", "study_id": 0, "datetime_start": "2023-11-07T17:08:33.095698"}
{"op_code": 5, "worker_id": "9d80e11a-5fd9-4308-986c-e7ad3eaa91bc-47280521058048", "trial_id": 1, "param_name": "alpha", "param_value_internal": 0.8957658598757146, "distribution": "{\"name\": \"FloatDistribution\", \"attributes\": {\"step\": null, \"low\": 0.0001, \"high\": 1.0, \"log\": false}}"}
{"op_code": 5, "worker_id": "9d80e11a-5fd9-4308-986c-e7ad3eaa91bc-47280521058048", "trial_id": 1, "param_name": "gamma", "param_value_internal": 9.849894975906633e-15, "distribution": "{\"name\": \"FloatDistribution\", \"attributes\": {\"step\": null, \"low\": 0.0, \"high\": 1e-14, \"log\": false}}"}
{"op_code": 5, "worker_id": "9d80e11a-5fd9-4308-986c-e7ad3eaa91bc-47280521058048", "trial_id": 1, "param_name": "kernel", "param_value_internal": 2, "distribution": "{\"name\": \"CategoricalDistribution\", \"attributes\": {\"choices\": [\"linear\", \"laplacian\", \"rbf\"]}}"}
{"op_code": 6, "worker_id": "9d80e11a-5fd9-4308-986c-e7ad3eaa91bc-47280521058048", "trial_id": 1, "state": 1, "values": [0.2972821705184329], "datetime_complete": "2023-11-07T17:08:33.141418"}
{"op_code": 0, "worker_id": "acbcef7c-942d-43a7-b353-8ea5e3b6b620-47279818202944", "study_name": "KRR", "directions": [1]}
{"op_code": 4, "worker_id": "acbcef7c-942d-43a7-b353-8ea5e3b6b620-47280521058048", "study_id": 0, "datetime_start": "2023-11-07T17:15:17.213841"}
{"op_code": 5, "worker_id": "acbcef7c-942d-43a7-b353-8ea5e3b6b620-47280521058048", "trial_id": 2, "param_name": "alpha", "param_value_internal": 0.12951896449515102, "distribution": "{\"name\": \"FloatDistribution\", \"attributes\": {\"step\": null, \"low\": 0.0001, \"high\": 1.0, \"log\": false}}"}
{"op_code": 5, "worker_id": "acbcef7c-942d-43a7-b353-8ea5e3b6b620-47280521058048", "trial_id": 2, "param_name": "gamma", "param_value_internal": 2.8620110309626532e-15, "distribution": "{\"name\": \"FloatDistribution\", \"attributes\": {\"step\": null, \"low\": 0.0, \"high\": 1e-14, \"log\": false}}"}
{"op_code": 5, "worker_id": "acbcef7c-942d-43a7-b353-8ea5e3b6b620-47280521058048", "trial_id": 2, "param_name": "kernel", "param_value_internal": 2, "distribution": "{\"name\": \"CategoricalDistribution\", \"attributes\": {\"choices\": [\"linear\", \"laplacian\", \"rbf\"]}}"}
{"op_code": 6, "worker_id": "acbcef7c-942d-43a7-b353-8ea5e3b6b620-47280521058048", "trial_id": 2, "state": 1, "values": [0.30598292225066076], "datetime_complete": "2023-11-07T17:15:17.262505"}
{"op_code": 0, "worker_id": "0f7d80c4-0644-468c-9dc6-4a872552d6a5-47279818202944", "study_name": "KRR", "directions": [1]}
{"op_code": 4, "worker_id": "0f7d80c4-0644-468c-9dc6-4a872552d6a5-47280521058048", "study_id": 0, "datetime_start": "2023-11-07T17:22:03.451703"}
{"op_code": 5, "worker_id": "0f7d80c4-0644-468c-9dc6-4a872552d6a5-47280521058048", "trial_id": 3, "param_name": "alpha", "param_value_internal": 0.44541974209978885, "distribution": "{\"name\": \"FloatDistribution\", \"attributes\": {\"step\": null, \"low\": 0.0001, \"high\": 1.0, \"log\": false}}"}
{"op_code": 5, "worker_id": "0f7d80c4-0644-468c-9dc6-4a872552d6a5-47280521058048", "trial_id": 3, "param_name": "gamma", "param_value_internal": 6.124605165135666e-16, "distribution": "{\"name\": \"FloatDistribution\", \"attributes\": {\"step\": null, \"low\": 0.0, \"high\": 1e-14, \"log\": false}}"}
{"op_code": 5, "worker_id": "0f7d80c4-0644-468c-9dc6-4a872552d6a5-47280521058048", "trial_id": 3, "param_name": "kernel", "param_value_internal": 2, "distribution": "{\"name\": \"CategoricalDistribution\", \"attributes\": {\"choices\": [\"linear\", \"laplacian\", \"rbf\"]}}"}
{"op_code": 6, "worker_id": "0f7d80c4-0644-468c-9dc6-4a872552d6a5-47280521058048", "trial_id": 3, "state": 1, "values": [0.3191570831976529], "datetime_complete": "2023-11-07T17:22:03.501372"}
{"op_code": 0, "worker_id": "844075f4-9235-4b05-921c-c59605a03bfe-47279818202944", "study_name": "KRR", "directions": [1]}
{"op_code": 4, "worker_id": "844075f4-9235-4b05-921c-c59605a03bfe-47280521058048", "study_id": 0, "datetime_start": "2023-11-07T17:28:54.254988"}
{"op_code": 5, "worker_id": "844075f4-9235-4b05-921c-c59605a03bfe-47280521058048", "trial_id": 4, "param_name": "alpha", "param_value_internal": 0.7497691157090122, "distribution": "{\"name\": \"FloatDistribution\", \"attributes\": {\"step\": null, \"low\": 0.0001, \"high\": 1.0, \"log\": false}}"}
{"op_code": 5, "worker_id": "844075f4-9235-4b05-921c-c59605a03bfe-47280521058048", "trial_id": 4, "param_name": "gamma", "param_value_internal": 5.553737844598385e-15, "distribution": "{\"name\": \"FloatDistribution\", \"attributes\": {\"step\": null, \"low\": 0.0, \"high\": 1e-14, \"log\": false}}"}
{"op_code": 5, "worker_id": "844075f4-9235-4b05-921c-c59605a03bfe-47280521058048", "trial_id": 4, "param_name": "kernel", "param_value_internal": 1, "distribution": "{\"name\": \"CategoricalDistribution\", \"attributes\": {\"choices\": [\"linear\", \"laplacian\", \"rbf\"]}}"}
{"op_code": 6, "worker_id": "844075f4-9235-4b05-921c-c59605a03bfe-47280521058048", "trial_id": 4, "state": 1, "values": [0.2937206064288087], "datetime_complete": "2023-11-07T17:28:54.314633"}
{"op_code": 0, "worker_id": "cf610d97-9092-43a8-9a20-0b7a8829a875-47279818202944", "study_name": "KRR", "directions": [1]}
{"op_code": 4, "worker_id": "cf610d97-9092-43a8-9a20-0b7a8829a875-47280521058048", "study_id": 0, "datetime_start": "2023-11-07T17:35:40.423434"}
{"op_code": 5, "worker_id": "cf610d97-9092-43a8-9a20-0b7a8829a875-47280521058048", "trial_id": 5, "param_name": "alpha", "param_value_internal": 0.5210098702596871, "distribution": "{\"name\": \"FloatDistribution\", \"attributes\": {\"step\": null, \"low\": 0.0001, \"high\": 1.0, \"log\": false}}"}
{"op_code": 5, "worker_id": "cf610d97-9092-43a8-9a20-0b7a8829a875-47280521058048", "trial_id": 5, "param_name": "gamma", "param_value_internal": 5.474986384025643e-15, "distribution": "{\"name\": \"FloatDistribution\", \"attributes\": {\"step\": null, \"low\": 0.0, \"high\": 1e-14, \"log\": false}}"}
{"op_code": 5, "worker_id": "cf610d97-9092-43a8-9a20-0b7a8829a875-47280521058048", "trial_id": 5, "param_name": "kernel", "param_value_internal": 1, "distribution": "{\"name\": \"CategoricalDistribution\", \"attributes\": {\"choices\": [\"linear\", \"laplacian\", \"rbf\"]}}"}
{"op_code": 6, "worker_id": "cf610d97-9092-43a8-9a20-0b7a8829a875-47280521058048", "trial_id": 5, "state": 1, "values": [0.3031149772286392], "datetime_complete": "2023-11-07T17:35:40.474748"}
{"op_code": 0, "worker_id": "b0f49ed6-94b3-4b24-b0ed-32543efe93f8-47817365380928", "study_name": "KRR", "directions": [1]}
{"op_code": 4, "worker_id": "b0f49ed6-94b3-4b24-b0ed-32543efe93f8-47818068719360", "study_id": 0, "datetime_start": "2023-11-14T14:56:47.084502"}
{"op_code": 5, "worker_id": "b0f49ed6-94b3-4b24-b0ed-32543efe93f8-47818068719360", "trial_id": 6, "param_name": "alpha", "param_value_internal": 0.1389626465969429, "distribution": "{\"name\": \"FloatDistribution\", \"attributes\": {\"step\": null, \"low\": 0.0001, \"high\": 1.0, \"log\": false}}"}
{"op_code": 5, "worker_id": "b0f49ed6-94b3-4b24-b0ed-32543efe93f8-47818068719360", "trial_id": 6, "param_name": "gamma", "param_value_internal": 5.17265859523856e-15, "distribution": "{\"name\": \"FloatDistribution\", \"attributes\": {\"step\": null, \"low\": 0.0, \"high\": 1e-14, \"log\": false}}"}
{"op_code": 5, "worker_id": "b0f49ed6-94b3-4b24-b0ed-32543efe93f8-47818068719360", "trial_id": 6, "param_name": "kernel", "param_value_internal": 1, "distribution": "{\"name\": \"CategoricalDistribution\", \"attributes\": {\"choices\": [\"linear\", \"laplacian\", \"rbf\"]}}"}
{"op_code": 6, "worker_id": "b0f49ed6-94b3-4b24-b0ed-32543efe93f8-47818068719360", "trial_id": 6, "state": 1, "values": [0.29954510475202506], "datetime_complete": "2023-11-14T14:56:47.130827"}
{"op_code": 0, "worker_id": "f0537260-05d8-4f29-a49e-e87573492d55-47817365380928", "study_name": "KRR", "directions": [1]}
{"op_code": 4, "worker_id": "f0537260-05d8-4f29-a49e-e87573492d55-47818068719360", "study_id": 0, "datetime_start": "2023-11-14T15:03:15.532327"}
{"op_code": 5, "worker_id": "f0537260-05d8-4f29-a49e-e87573492d55-47818068719360", "trial_id": 7, "param_name": "alpha", "param_value_internal": 0.5478230735636195, "distribution": "{\"name\": \"FloatDistribution\", \"attributes\": {\"step\": null, \"low\": 0.0001, \"high\": 1.0, \"log\": false}}"}
{"op_code": 5, "worker_id": "f0537260-05d8-4f29-a49e-e87573492d55-47818068719360", "trial_id": 7, "param_name": "gamma", "param_value_internal": 3.3573986614247786e-15, "distribution": "{\"name\": \"FloatDistribution\", \"attributes\": {\"step\": null, \"low\": 0.0, \"high\": 1e-14, \"log\": false}}"}
{"op_code": 5, "worker_id": "f0537260-05d8-4f29-a49e-e87573492d55-47818068719360", "trial_id": 7, "param_name": "kernel", "param_value_internal": 0, "distribution": "{\"name\": \"CategoricalDistribution\", \"attributes\": {\"choices\": [\"linear\", \"laplacian\", \"rbf\"]}}"}
{"op_code": 6, "worker_id": "f0537260-05d8-4f29-a49e-e87573492d55-47818068719360", "trial_id": 7, "state": 1, "values": [0.29895975867197055], "datetime_complete": "2023-11-14T15:03:15.582128"}
{"op_code": 0, "worker_id": "f0de6ac0-57ee-4388-8f9a-0ed0b425d493-47817365380928", "study_name": "KRR", "directions": [1]}
{"op_code": 4, "worker_id": "f0de6ac0-57ee-4388-8f9a-0ed0b425d493-47818068719360", "study_id": 0, "datetime_start": "2023-11-14T15:09:50.550969"}
{"op_code": 5, "worker_id": "f0de6ac0-57ee-4388-8f9a-0ed0b425d493-47818068719360", "trial_id": 8, "param_name": "alpha", "param_value_internal": 0.5955960760075355, "distribution": "{\"name\": \"FloatDistribution\", \"attributes\": {\"step\": null, \"low\": 0.0001, \"high\": 1.0, \"log\": false}}"}
{"op_code": 5, "worker_id": "f0de6ac0-57ee-4388-8f9a-0ed0b425d493-47818068719360", "trial_id": 8, "param_name": "gamma", "param_value_internal": 2.4914161548500025e-15, "distribution": "{\"name\": \"FloatDistribution\", \"attributes\": {\"step\": null, \"low\": 0.0, \"high\": 1e-14, \"log\": false}}"}
{"op_code": 5, "worker_id": "f0de6ac0-57ee-4388-8f9a-0ed0b425d493-47818068719360", "trial_id": 8, "param_name": "kernel", "param_value_internal": 1, "distribution": "{\"name\": \"CategoricalDistribution\", \"attributes\": {\"choices\": [\"linear\", \"laplacian\", \"rbf\"]}}"}
{"op_code": 6, "worker_id": "f0de6ac0-57ee-4388-8f9a-0ed0b425d493-47818068719360", "trial_id": 8, "state": 1, "values": [0.3130316313995139], "datetime_complete": "2023-11-14T15:09:50.632543"}
{"op_code": 0, "worker_id": "28d1f8cd-cb36-44dc-8998-fcfac350ee7c-47817365380928", "study_name": "KRR", "directions": [1]}
{"op_code": 4, "worker_id": "28d1f8cd-cb36-44dc-8998-fcfac350ee7c-47818068719360", "study_id": 0, "datetime_start": "2023-11-14T15:16:28.183339"}
{"op_code": 5, "worker_id": "28d1f8cd-cb36-44dc-8998-fcfac350ee7c-47818068719360", "trial_id": 9, "param_name": "alpha", "param_value_internal": 0.5107303852342788, "distribution": "{\"name\": \"FloatDistribution\", \"attributes\": {\"step\": null, \"low\": 0.0001, \"high\": 1.0, \"log\": false}}"}
{"op_code": 5, "worker_id": "28d1f8cd-cb36-44dc-8998-fcfac350ee7c-47818068719360", "trial_id": 9, "param_name": "gamma", "param_value_internal": 4.56914145530294e-15, "distribution": "{\"name\": \"FloatDistribution\", \"attributes\": {\"step\": null, \"low\": 0.0, \"high\": 1e-14, \"log\": false}}"}
{"op_code": 5, "worker_id": "28d1f8cd-cb36-44dc-8998-fcfac350ee7c-47818068719360", "trial_id": 9, "param_name": "kernel", "param_value_internal": 0, "distribution": "{\"name\": \"CategoricalDistribution\", \"attributes\": {\"choices\": [\"linear\", \"laplacian\", \"rbf\"]}}"}
{"op_code": 6, "worker_id": "28d1f8cd-cb36-44dc-8998-fcfac350ee7c-47818068719360", "trial_id": 9, "state": 1, "values": [0.28900482265718375], "datetime_complete": "2023-11-14T15:16:28.231102"}
{"op_code": 0, "worker_id": "7f0747ef-9e94-4606-836d-0bad3e09e299-47817365380928", "study_name": "KRR", "directions": [1]}
{"op_code": 4, "worker_id": "7f0747ef-9e94-4606-836d-0bad3e09e299-47818068719360", "study_id": 0, "datetime_start": "2023-11-14T15:23:05.623655"}
{"op_code": 5, "worker_id": "7f0747ef-9e94-4606-836d-0bad3e09e299-47818068719360", "trial_id": 10, "param_name": "alpha", "param_value_internal": 0.9982335306054664, "distribution": "{\"name\": \"FloatDistribution\", \"attributes\": {\"step\": null, \"low\": 0.0001, \"high\": 1.0, \"log\": false}}"}
{"op_code": 5, "worker_id": "7f0747ef-9e94-4606-836d-0bad3e09e299-47818068719360", "trial_id": 10, "param_name": "gamma", "param_value_internal": 7.433556100913435e-15, "distribution": "{\"name\": \"FloatDistribution\", \"attributes\": {\"step\": null, \"low\": 0.0, \"high\": 1e-14, \"log\": false}}"}
{"op_code": 5, "worker_id": "7f0747ef-9e94-4606-836d-0bad3e09e299-47818068719360", "trial_id": 10, "param_name": "kernel", "param_value_internal": 0, "distribution": "{\"name\": \"CategoricalDistribution\", \"attributes\": {\"choices\": [\"linear\", \"laplacian\", \"rbf\"]}}"}
{"op_code": 6, "worker_id": "7f0747ef-9e94-4606-836d-0bad3e09e299-47818068719360", "trial_id": 10, "state": 1, "values": [0.31429524704507994], "datetime_complete": "2023-11-14T15:23:05.682771"}
