{"op_code": 0, "worker_id": "b1628167-0353-42a5-ad5e-d1673baf62b2-47614746832704", "study_name": "linear", "directions": [1]}
{"op_code": 4, "worker_id": "b1628167-0353-42a5-ad5e-d1673baf62b2-47615450679040", "study_id": 0, "datetime_start": "2023-11-07T07:00:56.549314"}
{"op_code": 8, "worker_id": "b1628167-0353-42a5-ad5e-d1673baf62b2-47615450679040", "trial_id": 0, "user_attr": {"fit_intercept": true}}
{"op_code": 5, "worker_id": "b1628167-0353-42a5-ad5e-d1673baf62b2-47615450679040", "trial_id": 0, "param_name": "alpha", "param_value_internal": 0.06870382724318906, "distribution": "{\"name\": \"FloatDistribution\", \"attributes\": {\"step\": null, \"low\": 1e-05, \"high\": 0.1, \"log\": false}}"}
{"op_code": 5, "worker_id": "b1628167-0353-42a5-ad5e-d1673baf62b2-47615450679040", "trial_id": 0, "param_name": "l1_ratio", "param_value_internal": 0.38386358988932856, "distribution": "{\"name\": \"FloatDistribution\", \"attributes\": {\"step\": null, \"low\": 0.0, \"high\": 1.0, \"log\": false}}"}
{"op_code": 6, "worker_id": "b1628167-0353-42a5-ad5e-d1673baf62b2-47615450679040", "trial_id": 0, "state": 1, "values": [0.317917659986686], "datetime_complete": "2023-11-07T07:00:56.582518"}
{"op_code": 0, "worker_id": "0ff1077f-d5b6-4768-9419-02872d3a4212-47279818202944", "study_name": "linear", "directions": [1]}
{"op_code": 4, "worker_id": "0ff1077f-d5b6-4768-9419-02872d3a4212-47280521058048", "study_id": 0, "datetime_start": "2023-11-07T17:08:33.051984"}
{"op_code": 8, "worker_id": "0ff1077f-d5b6-4768-9419-02872d3a4212-47280521058048", "trial_id": 1, "user_attr": {"fit_intercept": true}}
{"op_code": 5, "worker_id": "0ff1077f-d5b6-4768-9419-02872d3a4212-47280521058048", "trial_id": 1, "param_name": "alpha", "param_value_internal": 0.037027517754806706, "distribution": "{\"name\": \"FloatDistribution\", \"attributes\": {\"step\": null, \"low\": 1e-05, \"high\": 0.1, \"log\": false}}"}
{"op_code": 5, "worker_id": "0ff1077f-d5b6-4768-9419-02872d3a4212-47280521058048", "trial_id": 1, "param_name": "l1_ratio", "param_value_internal": 0.37051771750761775, "distribution": "{\"name\": \"FloatDistribution\", \"attributes\": {\"step\": null, \"low\": 0.0, \"high\": 1.0, \"log\": false}}"}
{"op_code": 6, "worker_id": "0ff1077f-d5b6-4768-9419-02872d3a4212-47280521058048", "trial_id": 1, "state": 1, "values": [0.31725988138603584], "datetime_complete": "2023-11-07T17:08:33.083402"}
{"op_code": 0, "worker_id": "fc4d4847-4b91-4eb1-a77d-0ac43f819ef6-47279818202944", "study_name": "linear", "directions": [1]}
{"op_code": 4, "worker_id": "fc4d4847-4b91-4eb1-a77d-0ac43f819ef6-47280521058048", "study_id": 0, "datetime_start": "2023-11-07T17:15:17.172478"}
{"op_code": 8, "worker_id": "fc4d4847-4b91-4eb1-a77d-0ac43f819ef6-47280521058048", "trial_id": 2, "user_attr": {"fit_intercept": true}}
{"op_code": 5, "worker_id": "fc4d4847-4b91-4eb1-a77d-0ac43f819ef6-47280521058048", "trial_id": 2, "param_name": "alpha", "param_value_internal": 0.016705755764067985, "distribution": "{\"name\": \"FloatDistribution\", \"attributes\": {\"step\": null, \"low\": 1e-05, \"high\": 0.1, \"log\": false}}"}
{"op_code": 5, "worker_id": "fc4d4847-4b91-4eb1-a77d-0ac43f819ef6-47280521058048", "trial_id": 2, "param_name": "l1_ratio", "param_value_internal": 0.3958149980903056, "distribution": "{\"name\": \"FloatDistribution\", \"attributes\": {\"step\": null, \"low\": 0.0, \"high\": 1.0, \"log\": false}}"}
{"op_code": 6, "worker_id": "fc4d4847-4b91-4eb1-a77d-0ac43f819ef6-47280521058048", "trial_id": 2, "state": 1, "values": [0.3173347320489192], "datetime_complete": "2023-11-07T17:15:17.204630"}
{"op_code": 0, "worker_id": "9f560147-8cd2-4093-a486-0533e2f0778d-47279818202944", "study_name": "linear", "directions": [1]}
{"op_code": 4, "worker_id": "9f560147-8cd2-4093-a486-0533e2f0778d-47280521058048", "study_id": 0, "datetime_start": "2023-11-07T17:22:03.405552"}
{"op_code": 8, "worker_id": "9f560147-8cd2-4093-a486-0533e2f0778d-47280521058048", "trial_id": 3, "user_attr": {"fit_intercept": true}}
{"op_code": 5, "worker_id": "9f560147-8cd2-4093-a486-0533e2f0778d-47280521058048", "trial_id": 3, "param_name": "alpha", "param_value_internal": 0.09548497963501394, "distribution": "{\"name\": \"FloatDistribution\", \"attributes\": {\"step\": null, \"low\": 1e-05, \"high\": 0.1, \"log\": false}}"}
{"op_code": 5, "worker_id": "9f560147-8cd2-4093-a486-0533e2f0778d-47280521058048", "trial_id": 3, "param_name": "l1_ratio", "param_value_internal": 0.6241458949031262, "distribution": "{\"name\": \"FloatDistribution\", \"attributes\": {\"step\": null, \"low\": 0.0, \"high\": 1.0, \"log\": false}}"}
{"op_code": 6, "worker_id": "9f560147-8cd2-4093-a486-0533e2f0778d-47280521058048", "trial_id": 3, "state": 1, "values": [0.3169590804164358], "datetime_complete": "2023-11-07T17:22:03.435857"}
{"op_code": 0, "worker_id": "3e2f3d80-41fd-4925-a5f0-3271d891c9d8-47279818202944", "study_name": "linear", "directions": [1]}
{"op_code": 4, "worker_id": "3e2f3d80-41fd-4925-a5f0-3271d891c9d8-47280521058048", "study_id": 0, "datetime_start": "2023-11-07T17:28:54.213346"}
{"op_code": 8, "worker_id": "3e2f3d80-41fd-4925-a5f0-3271d891c9d8-47280521058048", "trial_id": 4, "user_attr": {"fit_intercept": true}}
{"op_code": 5, "worker_id": "3e2f3d80-41fd-4925-a5f0-3271d891c9d8-47280521058048", "trial_id": 4, "param_name": "alpha", "param_value_internal": 0.00501474991443742, "distribution": "{\"name\": \"FloatDistribution\", \"attributes\": {\"step\": null, \"low\": 1e-05, \"high\": 0.1, \"log\": false}}"}
{"op_code": 5, "worker_id": "3e2f3d80-41fd-4925-a5f0-3271d891c9d8-47280521058048", "trial_id": 4, "param_name": "l1_ratio", "param_value_internal": 0.5240346624470515, "distribution": "{\"name\": \"FloatDistribution\", \"attributes\": {\"step\": null, \"low\": 0.0, \"high\": 1.0, \"log\": false}}"}
{"op_code": 6, "worker_id": "3e2f3d80-41fd-4925-a5f0-3271d891c9d8-47280521058048", "trial_id": 4, "state": 1, "values": [0.31652472416870187], "datetime_complete": "2023-11-07T17:28:54.244619"}
{"op_code": 0, "worker_id": "a2bf65ee-ab46-4695-866f-5f8ff34fc9ca-47279818202944", "study_name": "linear", "directions": [1]}
{"op_code": 4, "worker_id": "a2bf65ee-ab46-4695-866f-5f8ff34fc9ca-47280521058048", "study_id": 0, "datetime_start": "2023-11-07T17:35:40.379072"}
{"op_code": 8, "worker_id": "a2bf65ee-ab46-4695-866f-5f8ff34fc9ca-47280521058048", "trial_id": 5, "user_attr": {"fit_intercept": true}}
{"op_code": 5, "worker_id": "a2bf65ee-ab46-4695-866f-5f8ff34fc9ca-47280521058048", "trial_id": 5, "param_name": "alpha", "param_value_internal": 0.015562264739569573, "distribution": "{\"name\": \"FloatDistribution\", \"attributes\": {\"step\": null, \"low\": 1e-05, \"high\": 0.1, \"log\": false}}"}
{"op_code": 5, "worker_id": "a2bf65ee-ab46-4695-866f-5f8ff34fc9ca-47280521058048", "trial_id": 5, "param_name": "l1_ratio", "param_value_internal": 0.07103229607317674, "distribution": "{\"name\": \"FloatDistribution\", \"attributes\": {\"step\": null, \"low\": 0.0, \"high\": 1.0, \"log\": false}}"}
{"op_code": 6, "worker_id": "a2bf65ee-ab46-4695-866f-5f8ff34fc9ca-47280521058048", "trial_id": 5, "state": 1, "values": [0.3177136239185554], "datetime_complete": "2023-11-07T17:35:40.412612"}
{"op_code": 0, "worker_id": "a8db3e5b-378c-4c35-8b0b-dec7a1b1722d-47817365380928", "study_name": "linear", "directions": [1]}
{"op_code": 4, "worker_id": "a8db3e5b-378c-4c35-8b0b-dec7a1b1722d-47818068719360", "study_id": 0, "datetime_start": "2023-11-14T14:56:47.037566"}
{"op_code": 8, "worker_id": "a8db3e5b-378c-4c35-8b0b-dec7a1b1722d-47818068719360", "trial_id": 6, "user_attr": {"fit_intercept": true}}
{"op_code": 5, "worker_id": "a8db3e5b-378c-4c35-8b0b-dec7a1b1722d-47818068719360", "trial_id": 6, "param_name": "alpha", "param_value_internal": 0.025276872148612697, "distribution": "{\"name\": \"FloatDistribution\", \"attributes\": {\"step\": null, \"low\": 1e-05, \"high\": 0.1, \"log\": false}}"}
{"op_code": 5, "worker_id": "a8db3e5b-378c-4c35-8b0b-dec7a1b1722d-47818068719360", "trial_id": 6, "param_name": "l1_ratio", "param_value_internal": 0.12065687576904915, "distribution": "{\"name\": \"FloatDistribution\", \"attributes\": {\"step\": null, \"low\": 0.0, \"high\": 1.0, \"log\": false}}"}
{"op_code": 6, "worker_id": "a8db3e5b-378c-4c35-8b0b-dec7a1b1722d-47818068719360", "trial_id": 6, "state": 1, "values": [0.3180468680638033], "datetime_complete": "2023-11-14T14:56:47.069188"}
{"op_code": 0, "worker_id": "9f4a88f8-f0dd-4324-907e-fd7964bfa3a2-47817365380928", "study_name": "linear", "directions": [1]}
{"op_code": 4, "worker_id": "9f4a88f8-f0dd-4324-907e-fd7964bfa3a2-47818068719360", "study_id": 0, "datetime_start": "2023-11-14T15:03:15.489384"}
{"op_code": 8, "worker_id": "9f4a88f8-f0dd-4324-907e-fd7964bfa3a2-47818068719360", "trial_id": 7, "user_attr": {"fit_intercept": true}}
{"op_code": 5, "worker_id": "9f4a88f8-f0dd-4324-907e-fd7964bfa3a2-47818068719360", "trial_id": 7, "param_name": "alpha", "param_value_internal": 0.08643931606562559, "distribution": "{\"name\": \"FloatDistribution\", \"attributes\": {\"step\": null, \"low\": 1e-05, \"high\": 0.1, \"log\": false}}"}
{"op_code": 5, "worker_id": "9f4a88f8-f0dd-4324-907e-fd7964bfa3a2-47818068719360", "trial_id": 7, "param_name": "l1_ratio", "param_value_internal": 0.5317482432493837, "distribution": "{\"name\": \"FloatDistribution\", \"attributes\": {\"step\": null, \"low\": 0.0, \"high\": 1.0, \"log\": false}}"}
{"op_code": 6, "worker_id": "9f4a88f8-f0dd-4324-907e-fd7964bfa3a2-47818068719360", "trial_id": 7, "state": 1, "values": [0.3175107372196142], "datetime_complete": "2023-11-14T15:03:15.521463"}
{"op_code": 0, "worker_id": "ba87940c-29ff-41e6-9630-f5e034af4302-47817365380928", "study_name": "linear", "directions": [1]}
{"op_code": 4, "worker_id": "ba87940c-29ff-41e6-9630-f5e034af4302-47818068719360", "study_id": 0, "datetime_start": "2023-11-14T15:09:50.499903"}
{"op_code": 8, "worker_id": "ba87940c-29ff-41e6-9630-f5e034af4302-47818068719360", "trial_id": 8, "user_attr": {"fit_intercept": true}}
{"op_code": 5, "worker_id": "ba87940c-29ff-41e6-9630-f5e034af4302-47818068719360", "trial_id": 8, "param_name": "alpha", "param_value_internal": 0.012084486487290293, "distribution": "{\"name\": \"FloatDistribution\", \"attributes\": {\"step\": null, \"low\": 1e-05, \"high\": 0.1, \"log\": false}}"}
{"op_code": 5, "worker_id": "ba87940c-29ff-41e6-9630-f5e034af4302-47818068719360", "trial_id": 8, "param_name": "l1_ratio", "param_value_internal": 0.931838235955143, "distribution": "{\"name\": \"FloatDistribution\", \"attributes\": {\"step\": null, \"low\": 0.0, \"high\": 1.0, \"log\": false}}"}
{"op_code": 6, "worker_id": "ba87940c-29ff-41e6-9630-f5e034af4302-47818068719360", "trial_id": 8, "state": 1, "values": [0.3166275712705467], "datetime_complete": "2023-11-14T15:09:50.531135"}
{"op_code": 0, "worker_id": "3c755b9e-2f92-42fc-89e6-3db91c065589-47817365380928", "study_name": "linear", "directions": [1]}
{"op_code": 4, "worker_id": "3c755b9e-2f92-42fc-89e6-3db91c065589-47818068719360", "study_id": 0, "datetime_start": "2023-11-14T15:16:28.139737"}
{"op_code": 8, "worker_id": "3c755b9e-2f92-42fc-89e6-3db91c065589-47818068719360", "trial_id": 9, "user_attr": {"fit_intercept": true}}
{"op_code": 5, "worker_id": "3c755b9e-2f92-42fc-89e6-3db91c065589-47818068719360", "trial_id": 9, "param_name": "alpha", "param_value_internal": 0.09182435486176035, "distribution": "{\"name\": \"FloatDistribution\", \"attributes\": {\"step\": null, \"low\": 1e-05, \"high\": 0.1, \"log\": false}}"}
{"op_code": 5, "worker_id": "3c755b9e-2f92-42fc-89e6-3db91c065589-47818068719360", "trial_id": 9, "param_name": "l1_ratio", "param_value_internal": 0.340336566736159, "distribution": "{\"name\": \"FloatDistribution\", \"attributes\": {\"step\": null, \"low\": 0.0, \"high\": 1.0, \"log\": false}}"}
{"op_code": 6, "worker_id": "3c755b9e-2f92-42fc-89e6-3db91c065589-47818068719360", "trial_id": 9, "state": 1, "values": [0.3176766405307605], "datetime_complete": "2023-11-14T15:16:28.171749"}
{"op_code": 0, "worker_id": "5b6a086a-8536-48f6-a871-7376268289ba-47817365380928", "study_name": "linear", "directions": [1]}
{"op_code": 4, "worker_id": "5b6a086a-8536-48f6-a871-7376268289ba-47818068719360", "study_id": 0, "datetime_start": "2023-11-14T15:23:05.568232"}
{"op_code": 8, "worker_id": "5b6a086a-8536-48f6-a871-7376268289ba-47818068719360", "trial_id": 10, "user_attr": {"fit_intercept": true}}
{"op_code": 5, "worker_id": "5b6a086a-8536-48f6-a871-7376268289ba-47818068719360", "trial_id": 10, "param_name": "alpha", "param_value_internal": 0.005685555499191017, "distribution": "{\"name\": \"FloatDistribution\", \"attributes\": {\"step\": null, \"low\": 1e-05, \"high\": 0.1, \"log\": false}}"}
{"op_code": 5, "worker_id": "5b6a086a-8536-48f6-a871-7376268289ba-47818068719360", "trial_id": 10, "param_name": "l1_ratio", "param_value_internal": 0.7448069878256892, "distribution": "{\"name\": \"FloatDistribution\", \"attributes\": {\"step\": null, \"low\": 0.0, \"high\": 1.0, \"log\": false}}"}
{"op_code": 6, "worker_id": "5b6a086a-8536-48f6-a871-7376268289ba-47818068719360", "trial_id": 10, "state": 1, "values": [0.31704681977364096], "datetime_complete": "2023-11-14T15:23:05.611691"}
