{"op_code": 0, "worker_id": "902a55a7-71c2-4309-bb30-3eeecd71b143-47614746832704", "study_name": "RF", "directions": [1]}
{"op_code": 4, "worker_id": "902a55a7-71c2-4309-bb30-3eeecd71b143-47615450679040", "study_id": 0, "datetime_start": "2023-11-07T07:00:58.527846"}
{"op_code": 5, "worker_id": "902a55a7-71c2-4309-bb30-3eeecd71b143-47615450679040", "trial_id": 0, "param_name": "n_estimators", "param_value_internal": 3, "distribution": "{\"name\": \"CategoricalDistribution\", \"attributes\": {\"choices\": [10, 20, 50, 200, 500]}}"}
{"op_code": 5, "worker_id": "902a55a7-71c2-4309-bb30-3eeecd71b143-47615450679040", "trial_id": 0, "param_name": "max_features", "param_value_internal": 2, "distribution": "{\"name\": \"CategoricalDistribution\", \"attributes\": {\"choices\": [\"auto\", \"sqrt\", \"log2\"]}}"}
{"op_code": 5, "worker_id": "902a55a7-71c2-4309-bb30-3eeecd71b143-47615450679040", "trial_id": 0, "param_name": "max_depth", "param_value_internal": 5, "distribution": "{\"name\": \"CategoricalDistribution\", \"attributes\": {\"choices\": [null, 2, 3, 4, 5, 10]}}"}
{"op_code": 6, "worker_id": "902a55a7-71c2-4309-bb30-3eeecd71b143-47615450679040", "trial_id": 0, "state": 1, "values": [0.2677642292700792], "datetime_complete": "2023-11-07T07:01:02.807208"}
{"op_code": 0, "worker_id": "ce742bf5-d5ad-4297-a56a-1185d33530ea-47279818202944", "study_name": "RF", "directions": [1]}
{"op_code": 4, "worker_id": "ce742bf5-d5ad-4297-a56a-1185d33530ea-47280521058048", "study_id": 0, "datetime_start": "2023-11-07T17:08:35.018312"}
{"op_code": 5, "worker_id": "ce742bf5-d5ad-4297-a56a-1185d33530ea-47280521058048", "trial_id": 1, "param_name": "n_estimators", "param_value_internal": 0, "distribution": "{\"name\": \"CategoricalDistribution\", \"attributes\": {\"choices\": [10, 20, 50, 200, 500]}}"}
{"op_code": 5, "worker_id": "ce742bf5-d5ad-4297-a56a-1185d33530ea-47280521058048", "trial_id": 1, "param_name": "max_features", "param_value_internal": 2, "distribution": "{\"name\": \"CategoricalDistribution\", \"attributes\": {\"choices\": [\"auto\", \"sqrt\", \"log2\"]}}"}
{"op_code": 5, "worker_id": "ce742bf5-d5ad-4297-a56a-1185d33530ea-47280521058048", "trial_id": 1, "param_name": "max_depth", "param_value_internal": 2, "distribution": "{\"name\": \"CategoricalDistribution\", \"attributes\": {\"choices\": [null, 2, 3, 4, 5, 10]}}"}
{"op_code": 6, "worker_id": "ce742bf5-d5ad-4297-a56a-1185d33530ea-47280521058048", "trial_id": 1, "state": 1, "values": [0.2717812761858673], "datetime_complete": "2023-11-07T17:08:39.248209"}
{"op_code": 0, "worker_id": "fc0d57a5-3604-4e52-984f-578060cf8ac2-47279818202944", "study_name": "RF", "directions": [1]}
{"op_code": 4, "worker_id": "fc0d57a5-3604-4e52-984f-578060cf8ac2-47280521058048", "study_id": 0, "datetime_start": "2023-11-07T17:15:19.129976"}
{"op_code": 5, "worker_id": "fc0d57a5-3604-4e52-984f-578060cf8ac2-47280521058048", "trial_id": 2, "param_name": "n_estimators", "param_value_internal": 3, "distribution": "{\"name\": \"CategoricalDistribution\", \"attributes\": {\"choices\": [10, 20, 50, 200, 500]}}"}
{"op_code": 5, "worker_id": "fc0d57a5-3604-4e52-984f-578060cf8ac2-47280521058048", "trial_id": 2, "param_name": "max_features", "param_value_internal": 0, "distribution": "{\"name\": \"CategoricalDistribution\", \"attributes\": {\"choices\": [\"auto\", \"sqrt\", \"log2\"]}}"}
{"op_code": 5, "worker_id": "fc0d57a5-3604-4e52-984f-578060cf8ac2-47280521058048", "trial_id": 2, "param_name": "max_depth", "param_value_internal": 4, "distribution": "{\"name\": \"CategoricalDistribution\", \"attributes\": {\"choices\": [null, 2, 3, 4, 5, 10]}}"}
{"op_code": 6, "worker_id": "fc0d57a5-3604-4e52-984f-578060cf8ac2-47280521058048", "trial_id": 2, "state": 1, "values": [0.2715595884941659], "datetime_complete": "2023-11-07T17:15:23.342116"}
{"op_code": 0, "worker_id": "40fc8051-5512-4dd6-97ed-b4ba6ec46d65-47279818202944", "study_name": "RF", "directions": [1]}
{"op_code": 4, "worker_id": "40fc8051-5512-4dd6-97ed-b4ba6ec46d65-47280521058048", "study_id": 0, "datetime_start": "2023-11-07T17:22:05.377249"}
{"op_code": 5, "worker_id": "40fc8051-5512-4dd6-97ed-b4ba6ec46d65-47280521058048", "trial_id": 3, "param_name": "n_estimators", "param_value_internal": 3, "distribution": "{\"name\": \"CategoricalDistribution\", \"attributes\": {\"choices\": [10, 20, 50, 200, 500]}}"}
{"op_code": 5, "worker_id": "40fc8051-5512-4dd6-97ed-b4ba6ec46d65-47280521058048", "trial_id": 3, "param_name": "max_features", "param_value_internal": 0, "distribution": "{\"name\": \"CategoricalDistribution\", \"attributes\": {\"choices\": [\"auto\", \"sqrt\", \"log2\"]}}"}
{"op_code": 5, "worker_id": "40fc8051-5512-4dd6-97ed-b4ba6ec46d65-47280521058048", "trial_id": 3, "param_name": "max_depth", "param_value_internal": 1, "distribution": "{\"name\": \"CategoricalDistribution\", \"attributes\": {\"choices\": [null, 2, 3, 4, 5, 10]}}"}
{"op_code": 6, "worker_id": "40fc8051-5512-4dd6-97ed-b4ba6ec46d65-47280521058048", "trial_id": 3, "state": 1, "values": [0.27569302595932627], "datetime_complete": "2023-11-07T17:22:09.599709"}
{"op_code": 0, "worker_id": "3a7dc2e3-dae8-4c5d-9d5d-7440d82cb0ae-47279818202944", "study_name": "RF", "directions": [1]}
{"op_code": 4, "worker_id": "3a7dc2e3-dae8-4c5d-9d5d-7440d82cb0ae-47280521058048", "study_id": 0, "datetime_start": "2023-11-07T17:28:56.189185"}
{"op_code": 5, "worker_id": "3a7dc2e3-dae8-4c5d-9d5d-7440d82cb0ae-47280521058048", "trial_id": 4, "param_name": "n_estimators", "param_value_internal": 3, "distribution": "{\"name\": \"CategoricalDistribution\", \"attributes\": {\"choices\": [10, 20, 50, 200, 500]}}"}
{"op_code": 5, "worker_id": "3a7dc2e3-dae8-4c5d-9d5d-7440d82cb0ae-47280521058048", "trial_id": 4, "param_name": "max_features", "param_value_internal": 0, "distribution": "{\"name\": \"CategoricalDistribution\", \"attributes\": {\"choices\": [\"auto\", \"sqrt\", \"log2\"]}}"}
{"op_code": 5, "worker_id": "3a7dc2e3-dae8-4c5d-9d5d-7440d82cb0ae-47280521058048", "trial_id": 4, "param_name": "max_depth", "param_value_internal": 4, "distribution": "{\"name\": \"CategoricalDistribution\", \"attributes\": {\"choices\": [null, 2, 3, 4, 5, 10]}}"}
{"op_code": 6, "worker_id": "3a7dc2e3-dae8-4c5d-9d5d-7440d82cb0ae-47280521058048", "trial_id": 4, "state": 1, "values": [0.27002057491994963], "datetime_complete": "2023-11-07T17:29:00.430691"}
{"op_code": 0, "worker_id": "90892a77-da74-4667-b7c1-100f330e3151-47279818202944", "study_name": "RF", "directions": [1]}
{"op_code": 4, "worker_id": "90892a77-da74-4667-b7c1-100f330e3151-47280521058048", "study_id": 0, "datetime_start": "2023-11-07T17:35:42.356554"}
{"op_code": 5, "worker_id": "90892a77-da74-4667-b7c1-100f330e3151-47280521058048", "trial_id": 5, "param_name": "n_estimators", "param_value_internal": 3, "distribution": "{\"name\": \"CategoricalDistribution\", \"attributes\": {\"choices\": [10, 20, 50, 200, 500]}}"}
{"op_code": 5, "worker_id": "90892a77-da74-4667-b7c1-100f330e3151-47280521058048", "trial_id": 5, "param_name": "max_features", "param_value_internal": 2, "distribution": "{\"name\": \"CategoricalDistribution\", \"attributes\": {\"choices\": [\"auto\", \"sqrt\", \"log2\"]}}"}
{"op_code": 5, "worker_id": "90892a77-da74-4667-b7c1-100f330e3151-47280521058048", "trial_id": 5, "param_name": "max_depth", "param_value_internal": 0, "distribution": "{\"name\": \"CategoricalDistribution\", \"attributes\": {\"choices\": [null, 2, 3, 4, 5, 10]}}"}
{"op_code": 6, "worker_id": "90892a77-da74-4667-b7c1-100f330e3151-47280521058048", "trial_id": 5, "state": 1, "values": [0.2736395084656644], "datetime_complete": "2023-11-07T17:35:46.584588"}
