{"op_code": 0, "worker_id": "8817055d-c360-46c9-9a79-a911a5ecc06b-47279818202944", "study_name": "ANN", "directions": [1]}
{"op_code": 4, "worker_id": "8817055d-c360-46c9-9a79-a911a5ecc06b-47280521058048", "study_id": 0, "datetime_start": "2023-11-07T17:13:08.505996"}
{"op_code": 5, "worker_id": "8817055d-c360-46c9-9a79-a911a5ecc06b-47280521058048", "trial_id": 0, "param_name": "learning_rate_init", "param_value_internal": 0.004863402128055745, "distribution": "{\"name\": \"FloatDistribution\", \"attributes\": {\"step\": null, \"low\": 0.001, \"high\": 0.1, \"log\": false}}"}
{"op_code": 5, "worker_id": "8817055d-c360-46c9-9a79-a911a5ecc06b-47280521058048", "trial_id": 0, "param_name": "hidden_layer_sizes", "param_value_internal": 8, "distribution": "{\"name\": \"CategoricalDistribution\", \"attributes\": {\"choices\": [[5], [10], [20], [50], [5, 5], [10, 10], [20, 20], [50, 50], [5, 5, 5], [10, 10, 10], [50, 50, 50]]}}"}
{"op_code": 6, "worker_id": "8817055d-c360-46c9-9a79-a911a5ecc06b-47280521058048", "trial_id": 0, "state": 1, "values": [2.49224961734267], "datetime_complete": "2023-11-07T17:13:09.451079"}
{"op_code": 0, "worker_id": "0f496257-ff54-475e-9d3e-e66be805f94a-47279818202944", "study_name": "ANN", "directions": [1]}
{"op_code": 4, "worker_id": "0f496257-ff54-475e-9d3e-e66be805f94a-47280521058048", "study_id": 0, "datetime_start": "2023-11-07T17:19:53.938325"}
{"op_code": 5, "worker_id": "0f496257-ff54-475e-9d3e-e66be805f94a-47280521058048", "trial_id": 1, "param_name": "learning_rate_init", "param_value_internal": 0.08612875522165955, "distribution": "{\"name\": \"FloatDistribution\", \"attributes\": {\"step\": null, \"low\": 0.001, \"high\": 0.1, \"log\": false}}"}
{"op_code": 5, "worker_id": "0f496257-ff54-475e-9d3e-e66be805f94a-47280521058048", "trial_id": 1, "param_name": "hidden_layer_sizes", "param_value_internal": 2, "distribution": "{\"name\": \"CategoricalDistribution\", \"attributes\": {\"choices\": [[5], [10], [20], [50], [5, 5], [10, 10], [20, 20], [50, 50], [5, 5, 5], [10, 10, 10], [50, 50, 50]]}}"}
{"op_code": 6, "worker_id": "0f496257-ff54-475e-9d3e-e66be805f94a-47280521058048", "trial_id": 1, "state": 1, "values": [1.8319872272029258], "datetime_complete": "2023-11-07T17:19:55.156845"}
{"op_code": 0, "worker_id": "6bb66ce0-a2fa-43ed-89b1-0b3c10b54a57-47279818202944", "study_name": "ANN", "directions": [1]}
{"op_code": 4, "worker_id": "6bb66ce0-a2fa-43ed-89b1-0b3c10b54a57-47280521058048", "study_id": 0, "datetime_start": "2023-11-07T17:26:43.450561"}
{"op_code": 5, "worker_id": "6bb66ce0-a2fa-43ed-89b1-0b3c10b54a57-47280521058048", "trial_id": 2, "param_name": "learning_rate_init", "param_value_internal": 0.044743515658819843, "distribution": "{\"name\": \"FloatDistribution\", \"attributes\": {\"step\": null, \"low\": 0.001, \"high\": 0.1, \"log\": false}}"}
{"op_code": 5, "worker_id": "6bb66ce0-a2fa-43ed-89b1-0b3c10b54a57-47280521058048", "trial_id": 2, "param_name": "hidden_layer_sizes", "param_value_internal": 6, "distribution": "{\"name\": \"CategoricalDistribution\", \"attributes\": {\"choices\": [[5], [10], [20], [50], [5, 5], [10, 10], [20, 20], [50, 50], [5, 5, 5], [10, 10, 10], [50, 50, 50]]}}"}
{"op_code": 6, "worker_id": "6bb66ce0-a2fa-43ed-89b1-0b3c10b54a57-47280521058048", "trial_id": 2, "state": 1, "values": [2.4017917405157045], "datetime_complete": "2023-11-07T17:26:44.351595"}
{"op_code": 0, "worker_id": "544a0c44-9b1e-41ea-9fd3-2f4092952942-47279818202944", "study_name": "ANN", "directions": [1]}
{"op_code": 4, "worker_id": "544a0c44-9b1e-41ea-9fd3-2f4092952942-47280521058048", "study_id": 0, "datetime_start": "2023-11-07T17:33:31.738514"}
{"op_code": 5, "worker_id": "544a0c44-9b1e-41ea-9fd3-2f4092952942-47280521058048", "trial_id": 3, "param_name": "learning_rate_init", "param_value_internal": 0.058088494319407546, "distribution": "{\"name\": \"FloatDistribution\", \"attributes\": {\"step\": null, \"low\": 0.001, \"high\": 0.1, \"log\": false}}"}
{"op_code": 5, "worker_id": "544a0c44-9b1e-41ea-9fd3-2f4092952942-47280521058048", "trial_id": 3, "param_name": "hidden_layer_sizes", "param_value_internal": 5, "distribution": "{\"name\": \"CategoricalDistribution\", \"attributes\": {\"choices\": [[5], [10], [20], [50], [5, 5], [10, 10], [20, 20], [50, 50], [5, 5, 5], [10, 10, 10], [50, 50, 50]]}}"}
{"op_code": 6, "worker_id": "544a0c44-9b1e-41ea-9fd3-2f4092952942-47280521058048", "trial_id": 3, "state": 1, "values": [1.9737979816907998], "datetime_complete": "2023-11-07T17:33:32.637392"}
{"op_code": 0, "worker_id": "402ba57b-19c7-4a0d-bdf0-218dc509947c-47817365380928", "study_name": "ANN", "directions": [1]}
{"op_code": 4, "worker_id": "402ba57b-19c7-4a0d-bdf0-218dc509947c-47818068719360", "study_id": 0, "datetime_start": "2023-11-14T15:01:13.052412"}
{"op_code": 5, "worker_id": "402ba57b-19c7-4a0d-bdf0-218dc509947c-47818068719360", "trial_id": 4, "param_name": "learning_rate_init", "param_value_internal": 0.055232713040145195, "distribution": "{\"name\": \"FloatDistribution\", \"attributes\": {\"step\": null, \"low\": 0.001, \"high\": 0.1, \"log\": false}}"}
{"op_code": 5, "worker_id": "402ba57b-19c7-4a0d-bdf0-218dc509947c-47818068719360", "trial_id": 4, "param_name": "hidden_layer_sizes", "param_value_internal": 6, "distribution": "{\"name\": \"CategoricalDistribution\", \"attributes\": {\"choices\": [[5], [10], [20], [50], [5, 5], [10, 10], [20, 20], [50, 50], [5, 5, 5], [10, 10, 10], [50, 50, 50]]}}"}
{"op_code": 6, "worker_id": "402ba57b-19c7-4a0d-bdf0-218dc509947c-47818068719360", "trial_id": 4, "state": 1, "values": [1.8503263522587095], "datetime_complete": "2023-11-14T15:01:13.940386"}
{"op_code": 0, "worker_id": "f585acc0-e1bc-478f-b4ab-525eb57a7389-47817365380928", "study_name": "ANN", "directions": [1]}
{"op_code": 4, "worker_id": "f585acc0-e1bc-478f-b4ab-525eb57a7389-47818068719360", "study_id": 0, "datetime_start": "2023-11-14T15:07:46.504507"}
{"op_code": 5, "worker_id": "f585acc0-e1bc-478f-b4ab-525eb57a7389-47818068719360", "trial_id": 5, "param_name": "learning_rate_init", "param_value_internal": 0.058102021997718925, "distribution": "{\"name\": \"FloatDistribution\", \"attributes\": {\"step\": null, \"low\": 0.001, \"high\": 0.1, \"log\": false}}"}
{"op_code": 5, "worker_id": "f585acc0-e1bc-478f-b4ab-525eb57a7389-47818068719360", "trial_id": 5, "param_name": "hidden_layer_sizes", "param_value_internal": 7, "distribution": "{\"name\": \"CategoricalDistribution\", \"attributes\": {\"choices\": [[5], [10], [20], [50], [5, 5], [10, 10], [20, 20], [50, 50], [5, 5, 5], [10, 10, 10], [50, 50, 50]]}}"}
{"op_code": 6, "worker_id": "f585acc0-e1bc-478f-b4ab-525eb57a7389-47818068719360", "trial_id": 5, "state": 1, "values": [2.4680829098826713], "datetime_complete": "2023-11-14T15:07:47.309210"}
{"op_code": 0, "worker_id": "a6b3b03a-29bb-4ec1-a220-53e9694afa81-47817365380928", "study_name": "ANN", "directions": [1]}
{"op_code": 4, "worker_id": "a6b3b03a-29bb-4ec1-a220-53e9694afa81-47818068719360", "study_id": 0, "datetime_start": "2023-11-14T15:14:22.385415"}
{"op_code": 5, "worker_id": "a6b3b03a-29bb-4ec1-a220-53e9694afa81-47818068719360", "trial_id": 6, "param_name": "learning_rate_init", "param_value_internal": 0.05546671033844679, "distribution": "{\"name\": \"FloatDistribution\", \"attributes\": {\"step\": null, \"low\": 0.001, \"high\": 0.1, \"log\": false}}"}
{"op_code": 5, "worker_id": "a6b3b03a-29bb-4ec1-a220-53e9694afa81-47818068719360", "trial_id": 6, "param_name": "hidden_layer_sizes", "param_value_internal": 2, "distribution": "{\"name\": \"CategoricalDistribution\", \"attributes\": {\"choices\": [[5], [10], [20], [50], [5, 5], [10, 10], [20, 20], [50, 50], [5, 5, 5], [10, 10, 10], [50, 50, 50]]}}"}
{"op_code": 6, "worker_id": "a6b3b03a-29bb-4ec1-a220-53e9694afa81-47818068719360", "trial_id": 6, "state": 1, "values": [3.3704127619396993], "datetime_complete": "2023-11-14T15:14:23.098024"}
{"op_code": 0, "worker_id": "b0c875a0-cb10-4cd0-a4e9-067faa976890-47817365380928", "study_name": "ANN", "directions": [1]}
{"op_code": 4, "worker_id": "b0c875a0-cb10-4cd0-a4e9-067faa976890-47818068719360", "study_id": 0, "datetime_start": "2023-11-14T15:20:59.420100"}
{"op_code": 5, "worker_id": "b0c875a0-cb10-4cd0-a4e9-067faa976890-47818068719360", "trial_id": 7, "param_name": "learning_rate_init", "param_value_internal": 0.04716265579006226, "distribution": "{\"name\": \"FloatDistribution\", \"attributes\": {\"step\": null, \"low\": 0.001, \"high\": 0.1, \"log\": false}}"}
{"op_code": 5, "worker_id": "b0c875a0-cb10-4cd0-a4e9-067faa976890-47818068719360", "trial_id": 7, "param_name": "hidden_layer_sizes", "param_value_internal": 6, "distribution": "{\"name\": \"CategoricalDistribution\", \"attributes\": {\"choices\": [[5], [10], [20], [50], [5, 5], [10, 10], [20, 20], [50, 50], [5, 5, 5], [10, 10, 10], [50, 50, 50]]}}"}
{"op_code": 6, "worker_id": "b0c875a0-cb10-4cd0-a4e9-067faa976890-47818068719360", "trial_id": 7, "state": 1, "values": [2.6791103562004075], "datetime_complete": "2023-11-14T15:21:00.303844"}
