{"op_code": 0, "worker_id": "cc1f2067-25df-405e-b9ec-75c637a62cf5-47279818202944", "study_name": "GB", "directions": [1]}
{"op_code": 4, "worker_id": "cc1f2067-25df-405e-b9ec-75c637a62cf5-47280521058048", "study_id": 0, "datetime_start": "2023-11-07T17:13:04.717562"}
{"op_code": 5, "worker_id": "cc1f2067-25df-405e-b9ec-75c637a62cf5-47280521058048", "trial_id": 0, "param_name": "n_estimators", "param_value_internal": 1, "distribution": "{\"name\": \"CategoricalDistribution\", \"attributes\": {\"choices\": [10, 20, 50, 200, 500]}}"}
{"op_code": 5, "worker_id": "cc1f2067-25df-405e-b9ec-75c637a62cf5-47280521058048", "trial_id": 0, "param_name": "learning_rate", "param_value_internal": 0.5474301993440628, "distribution": "{\"name\": \"FloatDistribution\", \"attributes\": {\"step\": null, \"low\": 0.005, \"high\": 1.0, \"log\": false}}"}
{"op_code": 5, "worker_id": "cc1f2067-25df-405e-b9ec-75c637a62cf5-47280521058048", "trial_id": 0, "param_name": "max_depth", "param_value_internal": 3, "distribution": "{\"name\": \"CategoricalDistribution\", \"attributes\": {\"choices\": [1, 2, 3, 4, 5]}}"}
{"op_code": 6, "worker_id": "cc1f2067-25df-405e-b9ec-75c637a62cf5-47280521058048", "trial_id": 0, "state": 1, "values": [0.2649217640348484], "datetime_complete": "2023-11-07T17:13:05.955936"}
{"op_code": 0, "worker_id": "ac4b1de7-da59-42e8-a1d8-fd37f9bc6c67-47279818202944", "study_name": "GB", "directions": [1]}
{"op_code": 4, "worker_id": "ac4b1de7-da59-42e8-a1d8-fd37f9bc6c67-47280521058048", "study_id": 0, "datetime_start": "2023-11-07T17:19:50.137062"}
{"op_code": 5, "worker_id": "ac4b1de7-da59-42e8-a1d8-fd37f9bc6c67-47280521058048", "trial_id": 1, "param_name": "n_estimators", "param_value_internal": 2, "distribution": "{\"name\": \"CategoricalDistribution\", \"attributes\": {\"choices\": [10, 20, 50, 200, 500]}}"}
{"op_code": 5, "worker_id": "ac4b1de7-da59-42e8-a1d8-fd37f9bc6c67-47280521058048", "trial_id": 1, "param_name": "learning_rate", "param_value_internal": 0.14158215254700135, "distribution": "{\"name\": \"FloatDistribution\", \"attributes\": {\"step\": null, \"low\": 0.005, \"high\": 1.0, \"log\": false}}"}
{"op_code": 5, "worker_id": "ac4b1de7-da59-42e8-a1d8-fd37f9bc6c67-47280521058048", "trial_id": 1, "param_name": "max_depth", "param_value_internal": 3, "distribution": "{\"name\": \"CategoricalDistribution\", \"attributes\": {\"choices\": [1, 2, 3, 4, 5]}}"}
{"op_code": 6, "worker_id": "ac4b1de7-da59-42e8-a1d8-fd37f9bc6c67-47280521058048", "trial_id": 1, "state": 1, "values": [0.2788877107358625], "datetime_complete": "2023-11-07T17:19:51.378167"}
{"op_code": 0, "worker_id": "00d037c8-72d4-4d83-aad2-d374b5ca9bcf-47279818202944", "study_name": "GB", "directions": [1]}
{"op_code": 4, "worker_id": "00d037c8-72d4-4d83-aad2-d374b5ca9bcf-47280521058048", "study_id": 0, "datetime_start": "2023-11-07T17:26:39.614542"}
{"op_code": 5, "worker_id": "00d037c8-72d4-4d83-aad2-d374b5ca9bcf-47280521058048", "trial_id": 2, "param_name": "n_estimators", "param_value_internal": 2, "distribution": "{\"name\": \"CategoricalDistribution\", \"attributes\": {\"choices\": [10, 20, 50, 200, 500]}}"}
{"op_code": 5, "worker_id": "00d037c8-72d4-4d83-aad2-d374b5ca9bcf-47280521058048", "trial_id": 2, "param_name": "learning_rate", "param_value_internal": 0.8502571991596889, "distribution": "{\"name\": \"FloatDistribution\", \"attributes\": {\"step\": null, \"low\": 0.005, \"high\": 1.0, \"log\": false}}"}
{"op_code": 5, "worker_id": "00d037c8-72d4-4d83-aad2-d374b5ca9bcf-47280521058048", "trial_id": 2, "param_name": "max_depth", "param_value_internal": 3, "distribution": "{\"name\": \"CategoricalDistribution\", \"attributes\": {\"choices\": [1, 2, 3, 4, 5]}}"}
{"op_code": 6, "worker_id": "00d037c8-72d4-4d83-aad2-d374b5ca9bcf-47280521058048", "trial_id": 2, "state": 1, "values": [0.2658011958114949], "datetime_complete": "2023-11-07T17:26:40.877373"}
{"op_code": 0, "worker_id": "c71d039f-0cea-4103-84b6-0de0b5f20f68-47279818202944", "study_name": "GB", "directions": [1]}
{"op_code": 4, "worker_id": "c71d039f-0cea-4103-84b6-0de0b5f20f68-47280521058048", "study_id": 0, "datetime_start": "2023-11-07T17:33:27.939321"}
{"op_code": 5, "worker_id": "c71d039f-0cea-4103-84b6-0de0b5f20f68-47280521058048", "trial_id": 3, "param_name": "n_estimators", "param_value_internal": 2, "distribution": "{\"name\": \"CategoricalDistribution\", \"attributes\": {\"choices\": [10, 20, 50, 200, 500]}}"}
{"op_code": 5, "worker_id": "c71d039f-0cea-4103-84b6-0de0b5f20f68-47280521058048", "trial_id": 3, "param_name": "learning_rate", "param_value_internal": 0.46064777741239243, "distribution": "{\"name\": \"FloatDistribution\", \"attributes\": {\"step\": null, \"low\": 0.005, \"high\": 1.0, \"log\": false}}"}
{"op_code": 5, "worker_id": "c71d039f-0cea-4103-84b6-0de0b5f20f68-47280521058048", "trial_id": 3, "param_name": "max_depth", "param_value_internal": 1, "distribution": "{\"name\": \"CategoricalDistribution\", \"attributes\": {\"choices\": [1, 2, 3, 4, 5]}}"}
{"op_code": 6, "worker_id": "c71d039f-0cea-4103-84b6-0de0b5f20f68-47280521058048", "trial_id": 3, "state": 1, "values": [0.27252221086767964], "datetime_complete": "2023-11-07T17:33:29.185664"}
{"op_code": 0, "worker_id": "4cd96dd8-113e-47c3-b188-6566138dfdfd-47817365380928", "study_name": "GB", "directions": [1]}
{"op_code": 4, "worker_id": "4cd96dd8-113e-47c3-b188-6566138dfdfd-47818068719360", "study_id": 0, "datetime_start": "2023-11-14T15:01:09.224562"}
{"op_code": 5, "worker_id": "4cd96dd8-113e-47c3-b188-6566138dfdfd-47818068719360", "trial_id": 4, "param_name": "n_estimators", "param_value_internal": 4, "distribution": "{\"name\": \"CategoricalDistribution\", \"attributes\": {\"choices\": [10, 20, 50, 200, 500]}}"}
{"op_code": 5, "worker_id": "4cd96dd8-113e-47c3-b188-6566138dfdfd-47818068719360", "trial_id": 4, "param_name": "learning_rate", "param_value_internal": 0.8268616587526416, "distribution": "{\"name\": \"FloatDistribution\", \"attributes\": {\"step\": null, \"low\": 0.005, \"high\": 1.0, \"log\": false}}"}
{"op_code": 5, "worker_id": "4cd96dd8-113e-47c3-b188-6566138dfdfd-47818068719360", "trial_id": 4, "param_name": "max_depth", "param_value_internal": 0, "distribution": "{\"name\": \"CategoricalDistribution\", \"attributes\": {\"choices\": [1, 2, 3, 4, 5]}}"}
{"op_code": 6, "worker_id": "4cd96dd8-113e-47c3-b188-6566138dfdfd-47818068719360", "trial_id": 4, "state": 1, "values": [0.2681040772841607], "datetime_complete": "2023-11-14T15:01:10.473514"}
{"op_code": 0, "worker_id": "d527b493-7ff7-4be9-a228-91deb1eb18a5-47817365380928", "study_name": "GB", "directions": [1]}
{"op_code": 4, "worker_id": "d527b493-7ff7-4be9-a228-91deb1eb18a5-47818068719360", "study_id": 0, "datetime_start": "2023-11-14T15:07:42.665291"}
{"op_code": 5, "worker_id": "d527b493-7ff7-4be9-a228-91deb1eb18a5-47818068719360", "trial_id": 5, "param_name": "n_estimators", "param_value_internal": 2, "distribution": "{\"name\": \"CategoricalDistribution\", \"attributes\": {\"choices\": [10, 20, 50, 200, 500]}}"}
{"op_code": 5, "worker_id": "d527b493-7ff7-4be9-a228-91deb1eb18a5-47818068719360", "trial_id": 5, "param_name": "learning_rate", "param_value_internal": 0.9967626263280744, "distribution": "{\"name\": \"FloatDistribution\", \"attributes\": {\"step\": null, \"low\": 0.005, \"high\": 1.0, \"log\": false}}"}
{"op_code": 5, "worker_id": "d527b493-7ff7-4be9-a228-91deb1eb18a5-47818068719360", "trial_id": 5, "param_name": "max_depth", "param_value_internal": 1, "distribution": "{\"name\": \"CategoricalDistribution\", \"attributes\": {\"choices\": [1, 2, 3, 4, 5]}}"}
{"op_code": 6, "worker_id": "d527b493-7ff7-4be9-a228-91deb1eb18a5-47818068719360", "trial_id": 5, "state": 1, "values": [0.2768568464458468], "datetime_complete": "2023-11-14T15:07:43.913324"}
{"op_code": 0, "worker_id": "f9715c44-d157-44c2-9897-3201c8e6b70d-47817365380928", "study_name": "GB", "directions": [1]}
{"op_code": 4, "worker_id": "f9715c44-d157-44c2-9897-3201c8e6b70d-47818068719360", "study_id": 0, "datetime_start": "2023-11-14T15:14:18.536154"}
{"op_code": 5, "worker_id": "f9715c44-d157-44c2-9897-3201c8e6b70d-47818068719360", "trial_id": 6, "param_name": "n_estimators", "param_value_internal": 2, "distribution": "{\"name\": \"CategoricalDistribution\", \"attributes\": {\"choices\": [10, 20, 50, 200, 500]}}"}
{"op_code": 5, "worker_id": "f9715c44-d157-44c2-9897-3201c8e6b70d-47818068719360", "trial_id": 6, "param_name": "learning_rate", "param_value_internal": 0.19246720120258867, "distribution": "{\"name\": \"FloatDistribution\", \"attributes\": {\"step\": null, \"low\": 0.005, \"high\": 1.0, \"log\": false}}"}
{"op_code": 5, "worker_id": "f9715c44-d157-44c2-9897-3201c8e6b70d-47818068719360", "trial_id": 6, "param_name": "max_depth", "param_value_internal": 0, "distribution": "{\"name\": \"CategoricalDistribution\", \"attributes\": {\"choices\": [1, 2, 3, 4, 5]}}"}
{"op_code": 6, "worker_id": "f9715c44-d157-44c2-9897-3201c8e6b70d-47818068719360", "trial_id": 6, "state": 1, "values": [0.27330856850035645], "datetime_complete": "2023-11-14T15:14:19.793516"}
{"op_code": 0, "worker_id": "dba4671b-d173-4e7b-8c25-ab91f6443db3-47817365380928", "study_name": "GB", "directions": [1]}
{"op_code": 4, "worker_id": "dba4671b-d173-4e7b-8c25-ab91f6443db3-47818068719360", "study_id": 0, "datetime_start": "2023-11-14T15:20:55.592971"}
{"op_code": 5, "worker_id": "dba4671b-d173-4e7b-8c25-ab91f6443db3-47818068719360", "trial_id": 7, "param_name": "n_estimators", "param_value_internal": 1, "distribution": "{\"name\": \"CategoricalDistribution\", \"attributes\": {\"choices\": [10, 20, 50, 200, 500]}}"}
{"op_code": 5, "worker_id": "dba4671b-d173-4e7b-8c25-ab91f6443db3-47818068719360", "trial_id": 7, "param_name": "learning_rate", "param_value_internal": 0.20316748794905998, "distribution": "{\"name\": \"FloatDistribution\", \"attributes\": {\"step\": null, \"low\": 0.005, \"high\": 1.0, \"log\": false}}"}
{"op_code": 5, "worker_id": "dba4671b-d173-4e7b-8c25-ab91f6443db3-47818068719360", "trial_id": 7, "param_name": "max_depth", "param_value_internal": 0, "distribution": "{\"name\": \"CategoricalDistribution\", \"attributes\": {\"choices\": [1, 2, 3, 4, 5]}}"}
{"op_code": 6, "worker_id": "dba4671b-d173-4e7b-8c25-ab91f6443db3-47818068719360", "trial_id": 7, "state": 1, "values": [0.2700461271262859], "datetime_complete": "2023-11-14T15:20:56.840523"}
