{"op_code": 0, "worker_id": "21139d12-4b06-4511-bd95-bbabed801562-47279818202944", "study_name": "KRR", "directions": [1]}
{"op_code": 4, "worker_id": "21139d12-4b06-4511-bd95-bbabed801562-47280521058048", "study_id": 0, "datetime_start": "2023-11-07T17:13:04.663556"}
{"op_code": 5, "worker_id": "21139d12-4b06-4511-bd95-bbabed801562-47280521058048", "trial_id": 0, "param_name": "alpha", "param_value_internal": 0.5205491548177447, "distribution": "{\"name\": \"FloatDistribution\", \"attributes\": {\"step\": null, \"low\": 0.0001, \"high\": 1.0, \"log\": false}}"}
{"op_code": 5, "worker_id": "21139d12-4b06-4511-bd95-bbabed801562-47280521058048", "trial_id": 0, "param_name": "gamma", "param_value_internal": 4.215019060448603e-15, "distribution": "{\"name\": \"FloatDistribution\", \"attributes\": {\"step\": null, \"low\": 0.0, \"high\": 1e-14, \"log\": false}}"}
{"op_code": 5, "worker_id": "21139d12-4b06-4511-bd95-bbabed801562-47280521058048", "trial_id": 0, "param_name": "kernel", "param_value_internal": 0, "distribution": "{\"name\": \"CategoricalDistribution\", \"attributes\": {\"choices\": [\"linear\", \"laplacian\", \"rbf\"]}}"}
{"op_code": 6, "worker_id": "21139d12-4b06-4511-bd95-bbabed801562-47280521058048", "trial_id": 0, "state": 1, "values": [0.2846020229110214], "datetime_complete": "2023-11-07T17:13:04.702850"}
{"op_code": 0, "worker_id": "846a16d5-3bf5-4359-9181-b5d4711f6876-47279818202944", "study_name": "KRR", "directions": [1]}
{"op_code": 4, "worker_id": "846a16d5-3bf5-4359-9181-b5d4711f6876-47280521058048", "study_id": 0, "datetime_start": "2023-11-07T17:19:50.087391"}
{"op_code": 5, "worker_id": "846a16d5-3bf5-4359-9181-b5d4711f6876-47280521058048", "trial_id": 1, "param_name": "alpha", "param_value_internal": 0.03314848021093012, "distribution": "{\"name\": \"FloatDistribution\", \"attributes\": {\"step\": null, \"low\": 0.0001, \"high\": 1.0, \"log\": false}}"}
{"op_code": 5, "worker_id": "846a16d5-3bf5-4359-9181-b5d4711f6876-47280521058048", "trial_id": 1, "param_name": "gamma", "param_value_internal": 1.834373316003798e-15, "distribution": "{\"name\": \"FloatDistribution\", \"attributes\": {\"step\": null, \"low\": 0.0, \"high\": 1e-14, \"log\": false}}"}
{"op_code": 5, "worker_id": "846a16d5-3bf5-4359-9181-b5d4711f6876-47280521058048", "trial_id": 1, "param_name": "kernel", "param_value_internal": 0, "distribution": "{\"name\": \"CategoricalDistribution\", \"attributes\": {\"choices\": [\"linear\", \"laplacian\", \"rbf\"]}}"}
{"op_code": 6, "worker_id": "846a16d5-3bf5-4359-9181-b5d4711f6876-47280521058048", "trial_id": 1, "state": 1, "values": [0.2854201908520014], "datetime_complete": "2023-11-07T17:19:50.127765"}
{"op_code": 0, "worker_id": "37609b7f-f31b-403d-85df-7bcc8695e333-47279818202944", "study_name": "KRR", "directions": [1]}
{"op_code": 4, "worker_id": "37609b7f-f31b-403d-85df-7bcc8695e333-47280521058048", "study_id": 0, "datetime_start": "2023-11-07T17:26:39.563823"}
{"op_code": 5, "worker_id": "37609b7f-f31b-403d-85df-7bcc8695e333-47280521058048", "trial_id": 2, "param_name": "alpha", "param_value_internal": 0.6018604142332976, "distribution": "{\"name\": \"FloatDistribution\", \"attributes\": {\"step\": null, \"low\": 0.0001, \"high\": 1.0, \"log\": false}}"}
{"op_code": 5, "worker_id": "37609b7f-f31b-403d-85df-7bcc8695e333-47280521058048", "trial_id": 2, "param_name": "gamma", "param_value_internal": 3.901692847953123e-15, "distribution": "{\"name\": \"FloatDistribution\", \"attributes\": {\"step\": null, \"low\": 0.0, \"high\": 1e-14, \"log\": false}}"}
{"op_code": 5, "worker_id": "37609b7f-f31b-403d-85df-7bcc8695e333-47280521058048", "trial_id": 2, "param_name": "kernel", "param_value_internal": 0, "distribution": "{\"name\": \"CategoricalDistribution\", \"attributes\": {\"choices\": [\"linear\", \"laplacian\", \"rbf\"]}}"}
{"op_code": 6, "worker_id": "37609b7f-f31b-403d-85df-7bcc8695e333-47280521058048", "trial_id": 2, "state": 1, "values": [0.2842591652798105], "datetime_complete": "2023-11-07T17:26:39.604700"}
{"op_code": 0, "worker_id": "9e350624-48d6-437b-87bc-a9b3b52731e1-47279818202944", "study_name": "KRR", "directions": [1]}
{"op_code": 4, "worker_id": "9e350624-48d6-437b-87bc-a9b3b52731e1-47280521058048", "study_id": 0, "datetime_start": "2023-11-07T17:33:27.889266"}
{"op_code": 5, "worker_id": "9e350624-48d6-437b-87bc-a9b3b52731e1-47280521058048", "trial_id": 3, "param_name": "alpha", "param_value_internal": 0.15064977186111306, "distribution": "{\"name\": \"FloatDistribution\", \"attributes\": {\"step\": null, \"low\": 0.0001, \"high\": 1.0, \"log\": false}}"}
{"op_code": 5, "worker_id": "9e350624-48d6-437b-87bc-a9b3b52731e1-47280521058048", "trial_id": 3, "param_name": "gamma", "param_value_internal": 7.493632487963491e-15, "distribution": "{\"name\": \"FloatDistribution\", \"attributes\": {\"step\": null, \"low\": 0.0, \"high\": 1e-14, \"log\": false}}"}
{"op_code": 5, "worker_id": "9e350624-48d6-437b-87bc-a9b3b52731e1-47280521058048", "trial_id": 3, "param_name": "kernel", "param_value_internal": 2, "distribution": "{\"name\": \"CategoricalDistribution\", \"attributes\": {\"choices\": [\"linear\", \"laplacian\", \"rbf\"]}}"}
{"op_code": 6, "worker_id": "9e350624-48d6-437b-87bc-a9b3b52731e1-47280521058048", "trial_id": 3, "state": 1, "values": [0.2832077755713147], "datetime_complete": "2023-11-07T17:33:27.929955"}
