{"op_code": 0, "worker_id": "0a693f4e-5684-4863-9e4c-9a30d0e5043f-47279818202944", "study_name": "linear", "directions": [1]}
{"op_code": 4, "worker_id": "0a693f4e-5684-4863-9e4c-9a30d0e5043f-47280521058048", "study_id": 0, "datetime_start": "2023-11-07T17:13:04.621582"}
{"op_code": 8, "worker_id": "0a693f4e-5684-4863-9e4c-9a30d0e5043f-47280521058048", "trial_id": 0, "user_attr": {"fit_intercept": true}}
{"op_code": 5, "worker_id": "0a693f4e-5684-4863-9e4c-9a30d0e5043f-47280521058048", "trial_id": 0, "param_name": "alpha", "param_value_internal": 0.06043822600916502, "distribution": "{\"name\": \"FloatDistribution\", \"attributes\": {\"step\": null, \"low\": 1e-05, \"high\": 0.1, \"log\": false}}"}
{"op_code": 5, "worker_id": "0a693f4e-5684-4863-9e4c-9a30d0e5043f-47280521058048", "trial_id": 0, "param_name": "l1_ratio", "param_value_internal": 0.585867532986771, "distribution": "{\"name\": \"FloatDistribution\", \"attributes\": {\"step\": null, \"low\": 0.0, \"high\": 1.0, \"log\": false}}"}
{"op_code": 6, "worker_id": "0a693f4e-5684-4863-9e4c-9a30d0e5043f-47280521058048", "trial_id": 0, "state": 1, "values": [0.2734840674702814], "datetime_complete": "2023-11-07T17:13:04.649163"}
{"op_code": 0, "worker_id": "1ec94491-dd4a-405f-b3b8-9263245c98f5-47279818202944", "study_name": "linear", "directions": [1]}
{"op_code": 4, "worker_id": "1ec94491-dd4a-405f-b3b8-9263245c98f5-47280521058048", "study_id": 0, "datetime_start": "2023-11-07T17:19:50.051375"}
{"op_code": 8, "worker_id": "1ec94491-dd4a-405f-b3b8-9263245c98f5-47280521058048", "trial_id": 1, "user_attr": {"fit_intercept": true}}
{"op_code": 5, "worker_id": "1ec94491-dd4a-405f-b3b8-9263245c98f5-47280521058048", "trial_id": 1, "param_name": "alpha", "param_value_internal": 0.038224654878455416, "distribution": "{\"name\": \"FloatDistribution\", \"attributes\": {\"step\": null, \"low\": 1e-05, \"high\": 0.1, \"log\": false}}"}
{"op_code": 5, "worker_id": "1ec94491-dd4a-405f-b3b8-9263245c98f5-47280521058048", "trial_id": 1, "param_name": "l1_ratio", "param_value_internal": 0.6025916051487967, "distribution": "{\"name\": \"FloatDistribution\", \"attributes\": {\"step\": null, \"low\": 0.0, \"high\": 1.0, \"log\": false}}"}
{"op_code": 6, "worker_id": "1ec94491-dd4a-405f-b3b8-9263245c98f5-47280521058048", "trial_id": 1, "state": 1, "values": [0.27245125301385187], "datetime_complete": "2023-11-07T17:19:50.079049"}
{"op_code": 0, "worker_id": "529f7998-1784-4cb6-a0f3-71730b95af79-47279818202944", "study_name": "linear", "directions": [1]}
{"op_code": 4, "worker_id": "529f7998-1784-4cb6-a0f3-71730b95af79-47280521058048", "study_id": 0, "datetime_start": "2023-11-07T17:26:39.525784"}
{"op_code": 8, "worker_id": "529f7998-1784-4cb6-a0f3-71730b95af79-47280521058048", "trial_id": 2, "user_attr": {"fit_intercept": true}}
{"op_code": 5, "worker_id": "529f7998-1784-4cb6-a0f3-71730b95af79-47280521058048", "trial_id": 2, "param_name": "alpha", "param_value_internal": 0.06816651856847575, "distribution": "{\"name\": \"FloatDistribution\", \"attributes\": {\"step\": null, \"low\": 1e-05, \"high\": 0.1, \"log\": false}}"}
{"op_code": 5, "worker_id": "529f7998-1784-4cb6-a0f3-71730b95af79-47280521058048", "trial_id": 2, "param_name": "l1_ratio", "param_value_internal": 0.7544507450868265, "distribution": "{\"name\": \"FloatDistribution\", \"attributes\": {\"step\": null, \"low\": 0.0, \"high\": 1.0, \"log\": false}}"}
{"op_code": 6, "worker_id": "529f7998-1784-4cb6-a0f3-71730b95af79-47280521058048", "trial_id": 2, "state": 1, "values": [0.2719044931371943], "datetime_complete": "2023-11-07T17:26:39.554037"}
{"op_code": 0, "worker_id": "c277b5f8-4af9-4a89-8cb1-2490b9e1fa25-47279818202944", "study_name": "linear", "directions": [1]}
{"op_code": 4, "worker_id": "c277b5f8-4af9-4a89-8cb1-2490b9e1fa25-47280521058048", "study_id": 0, "datetime_start": "2023-11-07T17:33:27.851554"}
{"op_code": 8, "worker_id": "c277b5f8-4af9-4a89-8cb1-2490b9e1fa25-47280521058048", "trial_id": 3, "user_attr": {"fit_intercept": true}}
{"op_code": 5, "worker_id": "c277b5f8-4af9-4a89-8cb1-2490b9e1fa25-47280521058048", "trial_id": 3, "param_name": "alpha", "param_value_internal": 0.017737259424229025, "distribution": "{\"name\": \"FloatDistribution\", \"attributes\": {\"step\": null, \"low\": 1e-05, \"high\": 0.1, \"log\": false}}"}
{"op_code": 5, "worker_id": "c277b5f8-4af9-4a89-8cb1-2490b9e1fa25-47280521058048", "trial_id": 3, "param_name": "l1_ratio", "param_value_internal": 0.5386013559499548, "distribution": "{\"name\": \"FloatDistribution\", \"attributes\": {\"step\": null, \"low\": 0.0, \"high\": 1.0, \"log\": false}}"}
{"op_code": 6, "worker_id": "c277b5f8-4af9-4a89-8cb1-2490b9e1fa25-47280521058048", "trial_id": 3, "state": 1, "values": [0.27287458917608093], "datetime_complete": "2023-11-07T17:33:27.880019"}
{"op_code": 0, "worker_id": "e8978803-f3b1-46eb-af59-2098ccb70d4a-47817365380928", "study_name": "linear", "directions": [1]}
{"op_code": 4, "worker_id": "e8978803-f3b1-46eb-af59-2098ccb70d4a-47818068719360", "study_id": 0, "datetime_start": "2023-11-14T15:01:09.130968"}
{"op_code": 8, "worker_id": "e8978803-f3b1-46eb-af59-2098ccb70d4a-47818068719360", "trial_id": 4, "user_attr": {"fit_intercept": true}}
{"op_code": 5, "worker_id": "e8978803-f3b1-46eb-af59-2098ccb70d4a-47818068719360", "trial_id": 4, "param_name": "alpha", "param_value_internal": 0.04192528554634508, "distribution": "{\"name\": \"FloatDistribution\", \"attributes\": {\"step\": null, \"low\": 1e-05, \"high\": 0.1, \"log\": false}}"}
{"op_code": 5, "worker_id": "e8978803-f3b1-46eb-af59-2098ccb70d4a-47818068719360", "trial_id": 4, "param_name": "l1_ratio", "param_value_internal": 0.7847599400514921, "distribution": "{\"name\": \"FloatDistribution\", \"attributes\": {\"step\": null, \"low\": 0.0, \"high\": 1.0, \"log\": false}}"}
{"op_code": 6, "worker_id": "e8978803-f3b1-46eb-af59-2098ccb70d4a-47818068719360", "trial_id": 4, "state": 1, "values": [0.27200129968783887], "datetime_complete": "2023-11-14T15:01:09.159371"}
{"op_code": 0, "worker_id": "dce4c4cd-5c86-4559-93cf-ca1d7c1291af-47817365380928", "study_name": "linear", "directions": [1]}
{"op_code": 4, "worker_id": "dce4c4cd-5c86-4559-93cf-ca1d7c1291af-47818068719360", "study_id": 0, "datetime_start": "2023-11-14T15:07:42.572802"}
{"op_code": 8, "worker_id": "dce4c4cd-5c86-4559-93cf-ca1d7c1291af-47818068719360", "trial_id": 5, "user_attr": {"fit_intercept": true}}
{"op_code": 5, "worker_id": "dce4c4cd-5c86-4559-93cf-ca1d7c1291af-47818068719360", "trial_id": 5, "param_name": "alpha", "param_value_internal": 0.025954786629298534, "distribution": "{\"name\": \"FloatDistribution\", \"attributes\": {\"step\": null, \"low\": 1e-05, \"high\": 0.1, \"log\": false}}"}
{"op_code": 5, "worker_id": "dce4c4cd-5c86-4559-93cf-ca1d7c1291af-47818068719360", "trial_id": 5, "param_name": "l1_ratio", "param_value_internal": 0.34423526455549136, "distribution": "{\"name\": \"FloatDistribution\", \"attributes\": {\"step\": null, \"low\": 0.0, \"high\": 1.0, \"log\": false}}"}
{"op_code": 6, "worker_id": "dce4c4cd-5c86-4559-93cf-ca1d7c1291af-47818068719360", "trial_id": 5, "state": 1, "values": [0.2740943084511073], "datetime_complete": "2023-11-14T15:07:42.602283"}
{"op_code": 0, "worker_id": "ee27950f-b641-4841-9f2f-1eacbf90206d-47817365380928", "study_name": "linear", "directions": [1]}
{"op_code": 4, "worker_id": "ee27950f-b641-4841-9f2f-1eacbf90206d-47818068719360", "study_id": 0, "datetime_start": "2023-11-14T15:14:18.441551"}
{"op_code": 8, "worker_id": "ee27950f-b641-4841-9f2f-1eacbf90206d-47818068719360", "trial_id": 6, "user_attr": {"fit_intercept": true}}
{"op_code": 5, "worker_id": "ee27950f-b641-4841-9f2f-1eacbf90206d-47818068719360", "trial_id": 6, "param_name": "alpha", "param_value_internal": 0.08716783735041707, "distribution": "{\"name\": \"FloatDistribution\", \"attributes\": {\"step\": null, \"low\": 1e-05, \"high\": 0.1, \"log\": false}}"}
{"op_code": 5, "worker_id": "ee27950f-b641-4841-9f2f-1eacbf90206d-47818068719360", "trial_id": 6, "param_name": "l1_ratio", "param_value_internal": 0.6798922786779272, "distribution": "{\"name\": \"FloatDistribution\", \"attributes\": {\"step\": null, \"low\": 0.0, \"high\": 1.0, \"log\": false}}"}
{"op_code": 6, "worker_id": "ee27950f-b641-4841-9f2f-1eacbf90206d-47818068719360", "trial_id": 6, "state": 1, "values": [0.2729383342146729], "datetime_complete": "2023-11-14T15:14:18.471313"}
{"op_code": 0, "worker_id": "4c00e7cd-c097-476f-a0ce-6355821436ee-47817365380928", "study_name": "linear", "directions": [1]}
{"op_code": 4, "worker_id": "4c00e7cd-c097-476f-a0ce-6355821436ee-47818068719360", "study_id": 0, "datetime_start": "2023-11-14T15:20:55.503206"}
{"op_code": 8, "worker_id": "4c00e7cd-c097-476f-a0ce-6355821436ee-47818068719360", "trial_id": 7, "user_attr": {"fit_intercept": true}}
{"op_code": 5, "worker_id": "4c00e7cd-c097-476f-a0ce-6355821436ee-47818068719360", "trial_id": 7, "param_name": "alpha", "param_value_internal": 0.03385860786317879, "distribution": "{\"name\": \"FloatDistribution\", \"attributes\": {\"step\": null, \"low\": 1e-05, \"high\": 0.1, \"log\": false}}"}
{"op_code": 5, "worker_id": "4c00e7cd-c097-476f-a0ce-6355821436ee-47818068719360", "trial_id": 7, "param_name": "l1_ratio", "param_value_internal": 0.6577009354949266, "distribution": "{\"name\": \"FloatDistribution\", \"attributes\": {\"step\": null, \"low\": 0.0, \"high\": 1.0, \"log\": false}}"}
{"op_code": 6, "worker_id": "4c00e7cd-c097-476f-a0ce-6355821436ee-47818068719360", "trial_id": 7, "state": 1, "values": [0.2719500569555721], "datetime_complete": "2023-11-14T15:20:55.532230"}
