{"op_code": 0, "worker_id": "c84234f5-773b-4df7-aed6-375943035efd-47279818202944", "study_name": "RF", "directions": [1]}
{"op_code": 4, "worker_id": "c84234f5-773b-4df7-aed6-375943035efd-47280521058048", "study_id": 0, "datetime_start": "2023-11-07T17:13:05.968302"}
{"op_code": 5, "worker_id": "c84234f5-773b-4df7-aed6-375943035efd-47280521058048", "trial_id": 0, "param_name": "n_estimators", "param_value_internal": 4, "distribution": "{\"name\": \"CategoricalDistribution\", \"attributes\": {\"choices\": [10, 20, 50, 200, 500]}}"}
{"op_code": 5, "worker_id": "c84234f5-773b-4df7-aed6-375943035efd-47280521058048", "trial_id": 0, "param_name": "max_features", "param_value_internal": 0, "distribution": "{\"name\": \"CategoricalDistribution\", \"attributes\": {\"choices\": [\"auto\", \"sqrt\", \"log2\"]}}"}
{"op_code": 5, "worker_id": "c84234f5-773b-4df7-aed6-375943035efd-47280521058048", "trial_id": 0, "param_name": "max_depth", "param_value_internal": 1, "distribution": "{\"name\": \"CategoricalDistribution\", \"attributes\": {\"choices\": [null, 2, 3, 4, 5, 10]}}"}
{"op_code": 6, "worker_id": "c84234f5-773b-4df7-aed6-375943035efd-47280521058048", "trial_id": 0, "state": 1, "values": [0.2642060980637159], "datetime_complete": "2023-11-07T17:13:08.495353"}
{"op_code": 0, "worker_id": "1217c6f8-791e-40c9-91ba-b0b9e892d839-47279818202944", "study_name": "RF", "directions": [1]}
{"op_code": 4, "worker_id": "1217c6f8-791e-40c9-91ba-b0b9e892d839-47280521058048", "study_id": 0, "datetime_start": "2023-11-07T17:19:51.389309"}
{"op_code": 5, "worker_id": "1217c6f8-791e-40c9-91ba-b0b9e892d839-47280521058048", "trial_id": 1, "param_name": "n_estimators", "param_value_internal": 4, "distribution": "{\"name\": \"CategoricalDistribution\", \"attributes\": {\"choices\": [10, 20, 50, 200, 500]}}"}
{"op_code": 5, "worker_id": "1217c6f8-791e-40c9-91ba-b0b9e892d839-47280521058048", "trial_id": 1, "param_name": "max_features", "param_value_internal": 0, "distribution": "{\"name\": \"CategoricalDistribution\", \"attributes\": {\"choices\": [\"auto\", \"sqrt\", \"log2\"]}}"}
{"op_code": 5, "worker_id": "1217c6f8-791e-40c9-91ba-b0b9e892d839-47280521058048", "trial_id": 1, "param_name": "max_depth", "param_value_internal": 2, "distribution": "{\"name\": \"CategoricalDistribution\", \"attributes\": {\"choices\": [null, 2, 3, 4, 5, 10]}}"}
{"op_code": 6, "worker_id": "1217c6f8-791e-40c9-91ba-b0b9e892d839-47280521058048", "trial_id": 1, "state": 1, "values": [0.25769169366344286], "datetime_complete": "2023-11-07T17:19:53.927012"}
{"op_code": 0, "worker_id": "e2933803-642e-4607-8553-a6d90b8eccd0-47279818202944", "study_name": "RF", "directions": [1]}
{"op_code": 4, "worker_id": "e2933803-642e-4607-8553-a6d90b8eccd0-47280521058048", "study_id": 0, "datetime_start": "2023-11-07T17:26:40.889763"}
{"op_code": 5, "worker_id": "e2933803-642e-4607-8553-a6d90b8eccd0-47280521058048", "trial_id": 2, "param_name": "n_estimators", "param_value_internal": 1, "distribution": "{\"name\": \"CategoricalDistribution\", \"attributes\": {\"choices\": [10, 20, 50, 200, 500]}}"}
{"op_code": 5, "worker_id": "e2933803-642e-4607-8553-a6d90b8eccd0-47280521058048", "trial_id": 2, "param_name": "max_features", "param_value_internal": 2, "distribution": "{\"name\": \"CategoricalDistribution\", \"attributes\": {\"choices\": [\"auto\", \"sqrt\", \"log2\"]}}"}
{"op_code": 5, "worker_id": "e2933803-642e-4607-8553-a6d90b8eccd0-47280521058048", "trial_id": 2, "param_name": "max_depth", "param_value_internal": 3, "distribution": "{\"name\": \"CategoricalDistribution\", \"attributes\": {\"choices\": [null, 2, 3, 4, 5, 10]}}"}
{"op_code": 6, "worker_id": "e2933803-642e-4607-8553-a6d90b8eccd0-47280521058048", "trial_id": 2, "state": 1, "values": [0.255378300724355], "datetime_complete": "2023-11-07T17:26:43.437876"}
{"op_code": 0, "worker_id": "43da9b32-8ba0-41b5-bc60-26720c51ee4b-47279818202944", "study_name": "RF", "directions": [1]}
{"op_code": 4, "worker_id": "43da9b32-8ba0-41b5-bc60-26720c51ee4b-47280521058048", "study_id": 0, "datetime_start": "2023-11-07T17:33:29.197411"}
{"op_code": 5, "worker_id": "43da9b32-8ba0-41b5-bc60-26720c51ee4b-47280521058048", "trial_id": 3, "param_name": "n_estimators", "param_value_internal": 0, "distribution": "{\"name\": \"CategoricalDistribution\", \"attributes\": {\"choices\": [10, 20, 50, 200, 500]}}"}
{"op_code": 5, "worker_id": "43da9b32-8ba0-41b5-bc60-26720c51ee4b-47280521058048", "trial_id": 3, "param_name": "max_features", "param_value_internal": 1, "distribution": "{\"name\": \"CategoricalDistribution\", \"attributes\": {\"choices\": [\"auto\", \"sqrt\", \"log2\"]}}"}
{"op_code": 5, "worker_id": "43da9b32-8ba0-41b5-bc60-26720c51ee4b-47280521058048", "trial_id": 3, "param_name": "max_depth", "param_value_internal": 2, "distribution": "{\"name\": \"CategoricalDistribution\", \"attributes\": {\"choices\": [null, 2, 3, 4, 5, 10]}}"}
{"op_code": 6, "worker_id": "43da9b32-8ba0-41b5-bc60-26720c51ee4b-47280521058048", "trial_id": 3, "state": 1, "values": [0.2596278771157242], "datetime_complete": "2023-11-07T17:33:31.727362"}
