{"op_code": 0, "worker_id": "1fcb11ce-ce97-4b98-91be-ef2082bef6ab-47614746832704", "study_name": "ANN", "directions": [1]}
{"op_code": 4, "worker_id": "1fcb11ce-ce97-4b98-91be-ef2082bef6ab-47615450679040", "study_id": 0, "datetime_start": "2023-11-07T06:59:40.498616"}
{"op_code": 5, "worker_id": "1fcb11ce-ce97-4b98-91be-ef2082bef6ab-47615450679040", "trial_id": 0, "param_name": "learning_rate_init", "param_value_internal": 0.07707157062646848, "distribution": "{\"name\": \"FloatDistribution\", \"attributes\": {\"step\": null, \"low\": 0.001, \"high\": 0.1, \"log\": false}}"}
{"op_code": 5, "worker_id": "1fcb11ce-ce97-4b98-91be-ef2082bef6ab-47615450679040", "trial_id": 0, "param_name": "hidden_layer_sizes", "param_value_internal": 3, "distribution": "{\"name\": \"CategoricalDistribution\", \"attributes\": {\"choices\": [[5], [10], [20], [50], [5, 5], [10, 10], [20, 20], [50, 50], [5, 5, 5], [10, 10, 10], [50, 50, 50]]}}"}
{"op_code": 6, "worker_id": "1fcb11ce-ce97-4b98-91be-ef2082bef6ab-47615450679040", "trial_id": 0, "state": 1, "values": [0.23851068244876217], "datetime_complete": "2023-11-07T06:59:43.316697"}
{"op_code": 0, "worker_id": "02865e8c-7bd8-469e-9c7d-ddde513d118b-6812", "study_name": "ANN", "directions": [1]}
{"op_code": 4, "worker_id": "02865e8c-7bd8-469e-9c7d-ddde513d118b-10808", "study_id": 0, "datetime_start": "2023-11-07T16:58:27.282215"}
{"op_code": 4, "worker_id": "02865e8c-7bd8-469e-9c7d-ddde513d118b-5736", "study_id": 0, "datetime_start": "2023-11-07T16:58:27.292218"}
{"op_code": 4, "worker_id": "02865e8c-7bd8-469e-9c7d-ddde513d118b-7612", "study_id": 0, "datetime_start": "2023-11-07T16:58:27.292218"}
{"op_code": 4, "worker_id": "02865e8c-7bd8-469e-9c7d-ddde513d118b-9076", "study_id": 0, "datetime_start": "2023-11-07T16:58:27.292218"}
{"op_code": 4, "worker_id": "02865e8c-7bd8-469e-9c7d-ddde513d118b-16788", "study_id": 0, "datetime_start": "2023-11-07T16:58:27.293217"}
{"op_code": 5, "worker_id": "02865e8c-7bd8-469e-9c7d-ddde513d118b-10808", "trial_id": 1, "param_name": "learning_rate_init", "param_value_internal": 0.01877229505037503, "distribution": "{\"name\": \"FloatDistribution\", \"attributes\": {\"step\": null, \"low\": 0.001, \"high\": 0.1, \"log\": false}}"}
{"op_code": 5, "worker_id": "02865e8c-7bd8-469e-9c7d-ddde513d118b-10808", "trial_id": 1, "param_name": "hidden_layer_sizes", "param_value_internal": 0, "distribution": "{\"name\": \"CategoricalDistribution\", \"attributes\": {\"choices\": [[5], [10], [20], [50], [5, 5], [10, 10], [20, 20], [50, 50], [5, 5, 5], [10, 10, 10], [50, 50, 50]]}}"}
{"op_code": 5, "worker_id": "02865e8c-7bd8-469e-9c7d-ddde513d118b-5736", "trial_id": 2, "param_name": "learning_rate_init", "param_value_internal": 0.08758760615610015, "distribution": "{\"name\": \"FloatDistribution\", \"attributes\": {\"step\": null, \"low\": 0.001, \"high\": 0.1, \"log\": false}}"}
{"op_code": 5, "worker_id": "02865e8c-7bd8-469e-9c7d-ddde513d118b-7612", "trial_id": 3, "param_name": "learning_rate_init", "param_value_internal": 0.02137541820323554, "distribution": "{\"name\": \"FloatDistribution\", \"attributes\": {\"step\": null, \"low\": 0.001, \"high\": 0.1, \"log\": false}}"}
{"op_code": 5, "worker_id": "02865e8c-7bd8-469e-9c7d-ddde513d118b-9076", "trial_id": 4, "param_name": "learning_rate_init", "param_value_internal": 0.08958939483843331, "distribution": "{\"name\": \"FloatDistribution\", \"attributes\": {\"step\": null, \"low\": 0.001, \"high\": 0.1, \"log\": false}}"}
{"op_code": 5, "worker_id": "02865e8c-7bd8-469e-9c7d-ddde513d118b-16788", "trial_id": 5, "param_name": "learning_rate_init", "param_value_internal": 0.0860248444344629, "distribution": "{\"name\": \"FloatDistribution\", \"attributes\": {\"step\": null, \"low\": 0.001, \"high\": 0.1, \"log\": false}}"}
{"op_code": 5, "worker_id": "02865e8c-7bd8-469e-9c7d-ddde513d118b-5736", "trial_id": 2, "param_name": "hidden_layer_sizes", "param_value_internal": 9, "distribution": "{\"name\": \"CategoricalDistribution\", \"attributes\": {\"choices\": [[5], [10], [20], [50], [5, 5], [10, 10], [20, 20], [50, 50], [5, 5, 5], [10, 10, 10], [50, 50, 50]]}}"}
{"op_code": 5, "worker_id": "02865e8c-7bd8-469e-9c7d-ddde513d118b-7612", "trial_id": 3, "param_name": "hidden_layer_sizes", "param_value_internal": 6, "distribution": "{\"name\": \"CategoricalDistribution\", \"attributes\": {\"choices\": [[5], [10], [20], [50], [5, 5], [10, 10], [20, 20], [50, 50], [5, 5, 5], [10, 10, 10], [50, 50, 50]]}}"}
{"op_code": 5, "worker_id": "02865e8c-7bd8-469e-9c7d-ddde513d118b-9076", "trial_id": 4, "param_name": "hidden_layer_sizes", "param_value_internal": 2, "distribution": "{\"name\": \"CategoricalDistribution\", \"attributes\": {\"choices\": [[5], [10], [20], [50], [5, 5], [10, 10], [20, 20], [50, 50], [5, 5, 5], [10, 10, 10], [50, 50, 50]]}}"}
{"op_code": 5, "worker_id": "02865e8c-7bd8-469e-9c7d-ddde513d118b-16788", "trial_id": 5, "param_name": "hidden_layer_sizes", "param_value_internal": 3, "distribution": "{\"name\": \"CategoricalDistribution\", \"attributes\": {\"choices\": [[5], [10], [20], [50], [5, 5], [10, 10], [20, 20], [50, 50], [5, 5, 5], [10, 10, 10], [50, 50, 50]]}}"}
{"op_code": 6, "worker_id": "02865e8c-7bd8-469e-9c7d-ddde513d118b-10808", "trial_id": 1, "state": 1, "values": [0.23811415711483133], "datetime_complete": "2023-11-07T16:58:29.943958"}
{"op_code": 6, "worker_id": "02865e8c-7bd8-469e-9c7d-ddde513d118b-7612", "trial_id": 3, "state": 1, "values": [0.2218633477001349], "datetime_complete": "2023-11-07T16:58:29.997969"}
{"op_code": 6, "worker_id": "02865e8c-7bd8-469e-9c7d-ddde513d118b-5736", "trial_id": 2, "state": 1, "values": [0.2576500845027485], "datetime_complete": "2023-11-07T16:58:30.028976"}
{"op_code": 6, "worker_id": "02865e8c-7bd8-469e-9c7d-ddde513d118b-9076", "trial_id": 4, "state": 1, "values": [0.26830340251779017], "datetime_complete": "2023-11-07T16:58:30.067984"}
{"op_code": 6, "worker_id": "02865e8c-7bd8-469e-9c7d-ddde513d118b-16788", "trial_id": 5, "state": 1, "values": [0.26524045911613003], "datetime_complete": "2023-11-07T16:58:30.090990"}
