{"op_code": 0, "worker_id": "bfe4aa6c-1774-465b-be4f-1e134d79aaa7-47614746832704", "study_name": "GB", "directions": [1]}
{"op_code": 4, "worker_id": "bfe4aa6c-1774-465b-be4f-1e134d79aaa7-47615450679040", "study_id": 0, "datetime_start": "2023-11-07T06:59:36.214784"}
{"op_code": 5, "worker_id": "bfe4aa6c-1774-465b-be4f-1e134d79aaa7-47615450679040", "trial_id": 0, "param_name": "n_estimators", "param_value_internal": 0, "distribution": "{\"name\": \"CategoricalDistribution\", \"attributes\": {\"choices\": [10, 20, 50, 200, 500]}}"}
{"op_code": 5, "worker_id": "bfe4aa6c-1774-465b-be4f-1e134d79aaa7-47615450679040", "trial_id": 0, "param_name": "learning_rate", "param_value_internal": 0.5410320950929393, "distribution": "{\"name\": \"FloatDistribution\", \"attributes\": {\"step\": null, \"low\": 0.005, \"high\": 1.0, \"log\": false}}"}
{"op_code": 5, "worker_id": "bfe4aa6c-1774-465b-be4f-1e134d79aaa7-47615450679040", "trial_id": 0, "param_name": "max_depth", "param_value_internal": 2, "distribution": "{\"name\": \"CategoricalDistribution\", \"attributes\": {\"choices\": [1, 2, 3, 4, 5]}}"}
{"op_code": 6, "worker_id": "bfe4aa6c-1774-465b-be4f-1e134d79aaa7-47615450679040", "trial_id": 0, "state": 1, "values": [0.1782290858278522], "datetime_complete": "2023-11-07T06:59:37.513803"}
{"op_code": 0, "worker_id": "68a89c59-4d08-4b37-93b3-3c1b9c8c4114-6812", "study_name": "GB", "directions": [1]}
{"op_code": 4, "worker_id": "68a89c59-4d08-4b37-93b3-3c1b9c8c4114-6332", "study_id": 0, "datetime_start": "2023-11-07T16:58:15.738655"}
{"op_code": 4, "worker_id": "68a89c59-4d08-4b37-93b3-3c1b9c8c4114-12056", "study_id": 0, "datetime_start": "2023-11-07T16:58:15.745657"}
{"op_code": 4, "worker_id": "68a89c59-4d08-4b37-93b3-3c1b9c8c4114-4160", "study_id": 0, "datetime_start": "2023-11-07T16:58:15.746657"}
{"op_code": 4, "worker_id": "68a89c59-4d08-4b37-93b3-3c1b9c8c4114-14140", "study_id": 0, "datetime_start": "2023-11-07T16:58:15.746657"}
{"op_code": 4, "worker_id": "68a89c59-4d08-4b37-93b3-3c1b9c8c4114-14000", "study_id": 0, "datetime_start": "2023-11-07T16:58:15.746657"}
{"op_code": 5, "worker_id": "68a89c59-4d08-4b37-93b3-3c1b9c8c4114-6332", "trial_id": 1, "param_name": "n_estimators", "param_value_internal": 3, "distribution": "{\"name\": \"CategoricalDistribution\", \"attributes\": {\"choices\": [10, 20, 50, 200, 500]}}"}
{"op_code": 5, "worker_id": "68a89c59-4d08-4b37-93b3-3c1b9c8c4114-6332", "trial_id": 1, "param_name": "learning_rate", "param_value_internal": 0.7636964479246614, "distribution": "{\"name\": \"FloatDistribution\", \"attributes\": {\"step\": null, \"low\": 0.005, \"high\": 1.0, \"log\": false}}"}
{"op_code": 5, "worker_id": "68a89c59-4d08-4b37-93b3-3c1b9c8c4114-12056", "trial_id": 2, "param_name": "n_estimators", "param_value_internal": 3, "distribution": "{\"name\": \"CategoricalDistribution\", \"attributes\": {\"choices\": [10, 20, 50, 200, 500]}}"}
{"op_code": 5, "worker_id": "68a89c59-4d08-4b37-93b3-3c1b9c8c4114-4160", "trial_id": 3, "param_name": "n_estimators", "param_value_internal": 3, "distribution": "{\"name\": \"CategoricalDistribution\", \"attributes\": {\"choices\": [10, 20, 50, 200, 500]}}"}
{"op_code": 5, "worker_id": "68a89c59-4d08-4b37-93b3-3c1b9c8c4114-14140", "trial_id": 4, "param_name": "n_estimators", "param_value_internal": 0, "distribution": "{\"name\": \"CategoricalDistribution\", \"attributes\": {\"choices\": [10, 20, 50, 200, 500]}}"}
{"op_code": 5, "worker_id": "68a89c59-4d08-4b37-93b3-3c1b9c8c4114-14000", "trial_id": 5, "param_name": "n_estimators", "param_value_internal": 3, "distribution": "{\"name\": \"CategoricalDistribution\", \"attributes\": {\"choices\": [10, 20, 50, 200, 500]}}"}
{"op_code": 5, "worker_id": "68a89c59-4d08-4b37-93b3-3c1b9c8c4114-6332", "trial_id": 1, "param_name": "max_depth", "param_value_internal": 1, "distribution": "{\"name\": \"CategoricalDistribution\", \"attributes\": {\"choices\": [1, 2, 3, 4, 5]}}"}
{"op_code": 5, "worker_id": "68a89c59-4d08-4b37-93b3-3c1b9c8c4114-12056", "trial_id": 2, "param_name": "learning_rate", "param_value_internal": 0.7846110802357158, "distribution": "{\"name\": \"FloatDistribution\", \"attributes\": {\"step\": null, \"low\": 0.005, \"high\": 1.0, \"log\": false}}"}
{"op_code": 5, "worker_id": "68a89c59-4d08-4b37-93b3-3c1b9c8c4114-4160", "trial_id": 3, "param_name": "learning_rate", "param_value_internal": 0.3498443772481835, "distribution": "{\"name\": \"FloatDistribution\", \"attributes\": {\"step\": null, \"low\": 0.005, \"high\": 1.0, \"log\": false}}"}
{"op_code": 5, "worker_id": "68a89c59-4d08-4b37-93b3-3c1b9c8c4114-14140", "trial_id": 4, "param_name": "learning_rate", "param_value_internal": 0.4350243359104959, "distribution": "{\"name\": \"FloatDistribution\", \"attributes\": {\"step\": null, \"low\": 0.005, \"high\": 1.0, \"log\": false}}"}
{"op_code": 5, "worker_id": "68a89c59-4d08-4b37-93b3-3c1b9c8c4114-14000", "trial_id": 5, "param_name": "learning_rate", "param_value_internal": 0.26450725867019154, "distribution": "{\"name\": \"FloatDistribution\", \"attributes\": {\"step\": null, \"low\": 0.005, \"high\": 1.0, \"log\": false}}"}
{"op_code": 5, "worker_id": "68a89c59-4d08-4b37-93b3-3c1b9c8c4114-12056", "trial_id": 2, "param_name": "max_depth", "param_value_internal": 4, "distribution": "{\"name\": \"CategoricalDistribution\", \"attributes\": {\"choices\": [1, 2, 3, 4, 5]}}"}
{"op_code": 5, "worker_id": "68a89c59-4d08-4b37-93b3-3c1b9c8c4114-4160", "trial_id": 3, "param_name": "max_depth", "param_value_internal": 3, "distribution": "{\"name\": \"CategoricalDistribution\", \"attributes\": {\"choices\": [1, 2, 3, 4, 5]}}"}
{"op_code": 5, "worker_id": "68a89c59-4d08-4b37-93b3-3c1b9c8c4114-14140", "trial_id": 4, "param_name": "max_depth", "param_value_internal": 0, "distribution": "{\"name\": \"CategoricalDistribution\", \"attributes\": {\"choices\": [1, 2, 3, 4, 5]}}"}
{"op_code": 5, "worker_id": "68a89c59-4d08-4b37-93b3-3c1b9c8c4114-14000", "trial_id": 5, "param_name": "max_depth", "param_value_internal": 2, "distribution": "{\"name\": \"CategoricalDistribution\", \"attributes\": {\"choices\": [1, 2, 3, 4, 5]}}"}
{"op_code": 6, "worker_id": "68a89c59-4d08-4b37-93b3-3c1b9c8c4114-6332", "trial_id": 1, "state": 1, "values": [0.1806138791229326], "datetime_complete": "2023-11-07T16:58:19.141929"}
{"op_code": 6, "worker_id": "68a89c59-4d08-4b37-93b3-3c1b9c8c4114-12056", "trial_id": 2, "state": 1, "values": [0.19122837787830038], "datetime_complete": "2023-11-07T16:58:19.189939"}
{"op_code": 6, "worker_id": "68a89c59-4d08-4b37-93b3-3c1b9c8c4114-4160", "trial_id": 3, "state": 1, "values": [0.16015380337870108], "datetime_complete": "2023-11-07T16:58:19.229948"}
{"op_code": 6, "worker_id": "68a89c59-4d08-4b37-93b3-3c1b9c8c4114-14000", "trial_id": 5, "state": 1, "values": [0.15790287215256196], "datetime_complete": "2023-11-07T16:58:19.238951"}
{"op_code": 6, "worker_id": "68a89c59-4d08-4b37-93b3-3c1b9c8c4114-14140", "trial_id": 4, "state": 1, "values": [0.1985319320577695], "datetime_complete": "2023-11-07T16:58:19.246952"}
