{"op_code": 0, "worker_id": "d369e8c9-293c-4afd-8698-6e2d1179eac5-47614746832704", "study_name": "KRR", "directions": [1]}
{"op_code": 4, "worker_id": "d369e8c9-293c-4afd-8698-6e2d1179eac5-47615450679040", "study_id": 0, "datetime_start": "2023-11-07T06:59:35.853236"}
{"op_code": 5, "worker_id": "d369e8c9-293c-4afd-8698-6e2d1179eac5-47615450679040", "trial_id": 0, "param_name": "alpha", "param_value_internal": 0.09122416858385564, "distribution": "{\"name\": \"FloatDistribution\", \"attributes\": {\"step\": null, \"low\": 0.0001, \"high\": 1.0, \"log\": false}}"}
{"op_code": 5, "worker_id": "d369e8c9-293c-4afd-8698-6e2d1179eac5-47615450679040", "trial_id": 0, "param_name": "gamma", "param_value_internal": 2.0198499607032284e-15, "distribution": "{\"name\": \"FloatDistribution\", \"attributes\": {\"step\": null, \"low\": 0.0, \"high\": 1e-14, \"log\": false}}"}
{"op_code": 5, "worker_id": "d369e8c9-293c-4afd-8698-6e2d1179eac5-47615450679040", "trial_id": 0, "param_name": "kernel", "param_value_internal": 2, "distribution": "{\"name\": \"CategoricalDistribution\", \"attributes\": {\"choices\": [\"linear\", \"laplacian\", \"rbf\"]}}"}
{"op_code": 6, "worker_id": "d369e8c9-293c-4afd-8698-6e2d1179eac5-47615450679040", "trial_id": 0, "state": 1, "values": [0.14880529102759743], "datetime_complete": "2023-11-07T06:59:36.203790"}
{"op_code": 0, "worker_id": "6974840c-c08c-48d8-893d-030f7c8d0466-6812", "study_name": "KRR", "directions": [1]}
{"op_code": 4, "worker_id": "6974840c-c08c-48d8-893d-030f7c8d0466-21768", "study_id": 0, "datetime_start": "2023-11-07T16:58:15.489844"}
{"op_code": 4, "worker_id": "6974840c-c08c-48d8-893d-030f7c8d0466-17160", "study_id": 0, "datetime_start": "2023-11-07T16:58:15.498846"}
{"op_code": 4, "worker_id": "6974840c-c08c-48d8-893d-030f7c8d0466-17872", "study_id": 0, "datetime_start": "2023-11-07T16:58:15.498846"}
{"op_code": 4, "worker_id": "6974840c-c08c-48d8-893d-030f7c8d0466-736", "study_id": 0, "datetime_start": "2023-11-07T16:58:15.498846"}
{"op_code": 4, "worker_id": "6974840c-c08c-48d8-893d-030f7c8d0466-1748", "study_id": 0, "datetime_start": "2023-11-07T16:58:15.498846"}
{"op_code": 5, "worker_id": "6974840c-c08c-48d8-893d-030f7c8d0466-21768", "trial_id": 1, "param_name": "alpha", "param_value_internal": 0.27755245314698124, "distribution": "{\"name\": \"FloatDistribution\", \"attributes\": {\"step\": null, \"low\": 0.0001, \"high\": 1.0, \"log\": false}}"}
{"op_code": 5, "worker_id": "6974840c-c08c-48d8-893d-030f7c8d0466-21768", "trial_id": 1, "param_name": "gamma", "param_value_internal": 9.075464551298074e-16, "distribution": "{\"name\": \"FloatDistribution\", \"attributes\": {\"step\": null, \"low\": 0.0, \"high\": 1e-14, \"log\": false}}"}
{"op_code": 5, "worker_id": "6974840c-c08c-48d8-893d-030f7c8d0466-17160", "trial_id": 2, "param_name": "alpha", "param_value_internal": 0.8625495197183138, "distribution": "{\"name\": \"FloatDistribution\", \"attributes\": {\"step\": null, \"low\": 0.0001, \"high\": 1.0, \"log\": false}}"}
{"op_code": 5, "worker_id": "6974840c-c08c-48d8-893d-030f7c8d0466-17872", "trial_id": 3, "param_name": "alpha", "param_value_internal": 0.1987948012473062, "distribution": "{\"name\": \"FloatDistribution\", \"attributes\": {\"step\": null, \"low\": 0.0001, \"high\": 1.0, \"log\": false}}"}
{"op_code": 5, "worker_id": "6974840c-c08c-48d8-893d-030f7c8d0466-736", "trial_id": 4, "param_name": "alpha", "param_value_internal": 0.17342862339199805, "distribution": "{\"name\": \"FloatDistribution\", \"attributes\": {\"step\": null, \"low\": 0.0001, \"high\": 1.0, \"log\": false}}"}
{"op_code": 5, "worker_id": "6974840c-c08c-48d8-893d-030f7c8d0466-1748", "trial_id": 5, "param_name": "alpha", "param_value_internal": 0.8746964650163679, "distribution": "{\"name\": \"FloatDistribution\", \"attributes\": {\"step\": null, \"low\": 0.0001, \"high\": 1.0, \"log\": false}}"}
{"op_code": 5, "worker_id": "6974840c-c08c-48d8-893d-030f7c8d0466-21768", "trial_id": 1, "param_name": "kernel", "param_value_internal": 0, "distribution": "{\"name\": \"CategoricalDistribution\", \"attributes\": {\"choices\": [\"linear\", \"laplacian\", \"rbf\"]}}"}
{"op_code": 5, "worker_id": "6974840c-c08c-48d8-893d-030f7c8d0466-17160", "trial_id": 2, "param_name": "gamma", "param_value_internal": 2.7098818565762106e-15, "distribution": "{\"name\": \"FloatDistribution\", \"attributes\": {\"step\": null, \"low\": 0.0, \"high\": 1e-14, \"log\": false}}"}
{"op_code": 5, "worker_id": "6974840c-c08c-48d8-893d-030f7c8d0466-17872", "trial_id": 3, "param_name": "gamma", "param_value_internal": 6.4494268671110156e-15, "distribution": "{\"name\": \"FloatDistribution\", \"attributes\": {\"step\": null, \"low\": 0.0, \"high\": 1e-14, \"log\": false}}"}
{"op_code": 5, "worker_id": "6974840c-c08c-48d8-893d-030f7c8d0466-736", "trial_id": 4, "param_name": "gamma", "param_value_internal": 7.978438303894153e-16, "distribution": "{\"name\": \"FloatDistribution\", \"attributes\": {\"step\": null, \"low\": 0.0, \"high\": 1e-14, \"log\": false}}"}
{"op_code": 5, "worker_id": "6974840c-c08c-48d8-893d-030f7c8d0466-1748", "trial_id": 5, "param_name": "gamma", "param_value_internal": 2.564460653644005e-15, "distribution": "{\"name\": \"FloatDistribution\", \"attributes\": {\"step\": null, \"low\": 0.0, \"high\": 1e-14, \"log\": false}}"}
{"op_code": 5, "worker_id": "6974840c-c08c-48d8-893d-030f7c8d0466-17160", "trial_id": 2, "param_name": "kernel", "param_value_internal": 1, "distribution": "{\"name\": \"CategoricalDistribution\", \"attributes\": {\"choices\": [\"linear\", \"laplacian\", \"rbf\"]}}"}
{"op_code": 5, "worker_id": "6974840c-c08c-48d8-893d-030f7c8d0466-17872", "trial_id": 3, "param_name": "kernel", "param_value_internal": 0, "distribution": "{\"name\": \"CategoricalDistribution\", \"attributes\": {\"choices\": [\"linear\", \"laplacian\", \"rbf\"]}}"}
{"op_code": 5, "worker_id": "6974840c-c08c-48d8-893d-030f7c8d0466-736", "trial_id": 4, "param_name": "kernel", "param_value_internal": 1, "distribution": "{\"name\": \"CategoricalDistribution\", \"attributes\": {\"choices\": [\"linear\", \"laplacian\", \"rbf\"]}}"}
{"op_code": 5, "worker_id": "6974840c-c08c-48d8-893d-030f7c8d0466-1748", "trial_id": 5, "param_name": "kernel", "param_value_internal": 0, "distribution": "{\"name\": \"CategoricalDistribution\", \"attributes\": {\"choices\": [\"linear\", \"laplacian\", \"rbf\"]}}"}
{"op_code": 6, "worker_id": "6974840c-c08c-48d8-893d-030f7c8d0466-21768", "trial_id": 1, "state": 1, "values": [0.15809230509049485], "datetime_complete": "2023-11-07T16:58:15.626874"}
{"op_code": 6, "worker_id": "6974840c-c08c-48d8-893d-030f7c8d0466-17872", "trial_id": 3, "state": 1, "values": [0.14792048671299554], "datetime_complete": "2023-11-07T16:58:15.670043"}
{"op_code": 6, "worker_id": "6974840c-c08c-48d8-893d-030f7c8d0466-17160", "trial_id": 2, "state": 1, "values": [0.15358472303086815], "datetime_complete": "2023-11-07T16:58:15.671042"}
{"op_code": 6, "worker_id": "6974840c-c08c-48d8-893d-030f7c8d0466-736", "trial_id": 4, "state": 1, "values": [0.16822653740804264], "datetime_complete": "2023-11-07T16:58:15.684045"}
{"op_code": 6, "worker_id": "6974840c-c08c-48d8-893d-030f7c8d0466-1748", "trial_id": 5, "state": 1, "values": [0.16147585443367907], "datetime_complete": "2023-11-07T16:58:15.684045"}
