{"op_code": 0, "worker_id": "cbf223d5-21b2-487f-9444-d0f63034cbfa-47614746832704", "study_name": "linear", "directions": [1]}
{"op_code": 4, "worker_id": "cbf223d5-21b2-487f-9444-d0f63034cbfa-47615450679040", "study_id": 0, "datetime_start": "2023-11-07T06:59:35.805040"}
{"op_code": 8, "worker_id": "cbf223d5-21b2-487f-9444-d0f63034cbfa-47615450679040", "trial_id": 0, "user_attr": {"fit_intercept": true}}
{"op_code": 5, "worker_id": "cbf223d5-21b2-487f-9444-d0f63034cbfa-47615450679040", "trial_id": 0, "param_name": "alpha", "param_value_internal": 0.02453963514455816, "distribution": "{\"name\": \"FloatDistribution\", \"attributes\": {\"step\": null, \"low\": 1e-05, \"high\": 0.1, \"log\": false}}"}
{"op_code": 5, "worker_id": "cbf223d5-21b2-487f-9444-d0f63034cbfa-47615450679040", "trial_id": 0, "param_name": "l1_ratio", "param_value_internal": 0.9389664415755178, "distribution": "{\"name\": \"FloatDistribution\", \"attributes\": {\"step\": null, \"low\": 0.0, \"high\": 1.0, \"log\": false}}"}
{"op_code": 6, "worker_id": "cbf223d5-21b2-487f-9444-d0f63034cbfa-47615450679040", "trial_id": 0, "state": 1, "values": [0.2209784733775121], "datetime_complete": "2023-11-07T06:59:35.840482"}
{"op_code": 0, "worker_id": "e4d6957e-d3ed-481b-90be-92742cac8933-6812", "study_name": "linear", "directions": [1]}
{"op_code": 4, "worker_id": "e4d6957e-d3ed-481b-90be-92742cac8933-18880", "study_id": 0, "datetime_start": "2023-11-07T16:58:15.237492"}
{"op_code": 4, "worker_id": "e4d6957e-d3ed-481b-90be-92742cac8933-8236", "study_id": 0, "datetime_start": "2023-11-07T16:58:15.245494"}
{"op_code": 4, "worker_id": "e4d6957e-d3ed-481b-90be-92742cac8933-10640", "study_id": 0, "datetime_start": "2023-11-07T16:58:15.245494"}
{"op_code": 4, "worker_id": "e4d6957e-d3ed-481b-90be-92742cac8933-17188", "study_id": 0, "datetime_start": "2023-11-07T16:58:15.245494"}
{"op_code": 4, "worker_id": "e4d6957e-d3ed-481b-90be-92742cac8933-20928", "study_id": 0, "datetime_start": "2023-11-07T16:58:15.245494"}
{"op_code": 8, "worker_id": "e4d6957e-d3ed-481b-90be-92742cac8933-18880", "trial_id": 1, "user_attr": {"fit_intercept": true}}
{"op_code": 8, "worker_id": "e4d6957e-d3ed-481b-90be-92742cac8933-8236", "trial_id": 2, "user_attr": {"fit_intercept": true}}
{"op_code": 8, "worker_id": "e4d6957e-d3ed-481b-90be-92742cac8933-10640", "trial_id": 3, "user_attr": {"fit_intercept": true}}
{"op_code": 8, "worker_id": "e4d6957e-d3ed-481b-90be-92742cac8933-17188", "trial_id": 4, "user_attr": {"fit_intercept": true}}
{"op_code": 8, "worker_id": "e4d6957e-d3ed-481b-90be-92742cac8933-20928", "trial_id": 5, "user_attr": {"fit_intercept": true}}
{"op_code": 5, "worker_id": "e4d6957e-d3ed-481b-90be-92742cac8933-18880", "trial_id": 1, "param_name": "alpha", "param_value_internal": 0.09316055438086393, "distribution": "{\"name\": \"FloatDistribution\", \"attributes\": {\"step\": null, \"low\": 1e-05, \"high\": 0.1, \"log\": false}}"}
{"op_code": 5, "worker_id": "e4d6957e-d3ed-481b-90be-92742cac8933-18880", "trial_id": 1, "param_name": "l1_ratio", "param_value_internal": 0.1564651417838141, "distribution": "{\"name\": \"FloatDistribution\", \"attributes\": {\"step\": null, \"low\": 0.0, \"high\": 1.0, \"log\": false}}"}
{"op_code": 5, "worker_id": "e4d6957e-d3ed-481b-90be-92742cac8933-8236", "trial_id": 2, "param_name": "alpha", "param_value_internal": 0.013711539675740491, "distribution": "{\"name\": \"FloatDistribution\", \"attributes\": {\"step\": null, \"low\": 1e-05, \"high\": 0.1, \"log\": false}}"}
{"op_code": 5, "worker_id": "e4d6957e-d3ed-481b-90be-92742cac8933-10640", "trial_id": 3, "param_name": "alpha", "param_value_internal": 0.04524995569721652, "distribution": "{\"name\": \"FloatDistribution\", \"attributes\": {\"step\": null, \"low\": 1e-05, \"high\": 0.1, \"log\": false}}"}
{"op_code": 5, "worker_id": "e4d6957e-d3ed-481b-90be-92742cac8933-17188", "trial_id": 4, "param_name": "alpha", "param_value_internal": 0.010352927599173226, "distribution": "{\"name\": \"FloatDistribution\", \"attributes\": {\"step\": null, \"low\": 1e-05, \"high\": 0.1, \"log\": false}}"}
{"op_code": 5, "worker_id": "e4d6957e-d3ed-481b-90be-92742cac8933-20928", "trial_id": 5, "param_name": "alpha", "param_value_internal": 0.010592760408700124, "distribution": "{\"name\": \"FloatDistribution\", \"attributes\": {\"step\": null, \"low\": 1e-05, \"high\": 0.1, \"log\": false}}"}
{"op_code": 5, "worker_id": "e4d6957e-d3ed-481b-90be-92742cac8933-8236", "trial_id": 2, "param_name": "l1_ratio", "param_value_internal": 0.14780975024970155, "distribution": "{\"name\": \"FloatDistribution\", \"attributes\": {\"step\": null, \"low\": 0.0, \"high\": 1.0, \"log\": false}}"}
{"op_code": 5, "worker_id": "e4d6957e-d3ed-481b-90be-92742cac8933-10640", "trial_id": 3, "param_name": "l1_ratio", "param_value_internal": 0.7610312109960928, "distribution": "{\"name\": \"FloatDistribution\", \"attributes\": {\"step\": null, \"low\": 0.0, \"high\": 1.0, \"log\": false}}"}
{"op_code": 5, "worker_id": "e4d6957e-d3ed-481b-90be-92742cac8933-17188", "trial_id": 4, "param_name": "l1_ratio", "param_value_internal": 0.26085250030933615, "distribution": "{\"name\": \"FloatDistribution\", \"attributes\": {\"step\": null, \"low\": 0.0, \"high\": 1.0, \"log\": false}}"}
{"op_code": 5, "worker_id": "e4d6957e-d3ed-481b-90be-92742cac8933-20928", "trial_id": 5, "param_name": "l1_ratio", "param_value_internal": 0.7685134974309759, "distribution": "{\"name\": \"FloatDistribution\", \"attributes\": {\"step\": null, \"low\": 0.0, \"high\": 1.0, \"log\": false}}"}
{"op_code": 6, "worker_id": "e4d6957e-d3ed-481b-90be-92742cac8933-18880", "trial_id": 1, "state": 1, "values": [0.2137199468266531], "datetime_complete": "2023-11-07T16:58:15.366137"}
{"op_code": 6, "worker_id": "e4d6957e-d3ed-481b-90be-92742cac8933-8236", "trial_id": 2, "state": 1, "values": [0.21432170789909488], "datetime_complete": "2023-11-07T16:58:15.417148"}
{"op_code": 6, "worker_id": "e4d6957e-d3ed-481b-90be-92742cac8933-10640", "trial_id": 3, "state": 1, "values": [0.22078946819114287], "datetime_complete": "2023-11-07T16:58:15.433151"}
{"op_code": 6, "worker_id": "e4d6957e-d3ed-481b-90be-92742cac8933-17188", "trial_id": 4, "state": 1, "values": [0.21317774761039612], "datetime_complete": "2023-11-07T16:58:15.434152"}
{"op_code": 6, "worker_id": "e4d6957e-d3ed-481b-90be-92742cac8933-20928", "trial_id": 5, "state": 1, "values": [0.21049608409845244], "datetime_complete": "2023-11-07T16:58:15.456160"}
