{"op_code": 0, "worker_id": "89783479-a208-42ab-a6f6-dca4ac2a6b74-47614746832704", "study_name": "RF", "directions": [1]}
{"op_code": 4, "worker_id": "89783479-a208-42ab-a6f6-dca4ac2a6b74-47615450679040", "study_id": 0, "datetime_start": "2023-11-07T06:59:37.525227"}
{"op_code": 5, "worker_id": "89783479-a208-42ab-a6f6-dca4ac2a6b74-47615450679040", "trial_id": 0, "param_name": "n_estimators", "param_value_internal": 0, "distribution": "{\"name\": \"CategoricalDistribution\", \"attributes\": {\"choices\": [10, 20, 50, 200, 500]}}"}
{"op_code": 5, "worker_id": "89783479-a208-42ab-a6f6-dca4ac2a6b74-47615450679040", "trial_id": 0, "param_name": "max_features", "param_value_internal": 1, "distribution": "{\"name\": \"CategoricalDistribution\", \"attributes\": {\"choices\": [\"auto\", \"sqrt\", \"log2\"]}}"}
{"op_code": 5, "worker_id": "89783479-a208-42ab-a6f6-dca4ac2a6b74-47615450679040", "trial_id": 0, "param_name": "max_depth", "param_value_internal": 5, "distribution": "{\"name\": \"CategoricalDistribution\", \"attributes\": {\"choices\": [null, 2, 3, 4, 5, 10]}}"}
{"op_code": 6, "worker_id": "89783479-a208-42ab-a6f6-dca4ac2a6b74-47615450679040", "trial_id": 0, "state": 1, "values": [0.16642330130958094], "datetime_complete": "2023-11-07T06:59:40.487864"}
{"op_code": 0, "worker_id": "f3f82707-d85d-4ee7-ba37-dfb6ef2d600a-6812", "study_name": "RF", "directions": [1]}
{"op_code": 4, "worker_id": "f3f82707-d85d-4ee7-ba37-dfb6ef2d600a-8320", "study_id": 0, "datetime_start": "2023-11-07T16:58:19.276959"}
{"op_code": 4, "worker_id": "f3f82707-d85d-4ee7-ba37-dfb6ef2d600a-15456", "study_id": 0, "datetime_start": "2023-11-07T16:58:19.284960"}
{"op_code": 4, "worker_id": "f3f82707-d85d-4ee7-ba37-dfb6ef2d600a-7096", "study_id": 0, "datetime_start": "2023-11-07T16:58:19.284960"}
{"op_code": 4, "worker_id": "f3f82707-d85d-4ee7-ba37-dfb6ef2d600a-14124", "study_id": 0, "datetime_start": "2023-11-07T16:58:19.284960"}
{"op_code": 4, "worker_id": "f3f82707-d85d-4ee7-ba37-dfb6ef2d600a-13184", "study_id": 0, "datetime_start": "2023-11-07T16:58:19.284960"}
{"op_code": 5, "worker_id": "f3f82707-d85d-4ee7-ba37-dfb6ef2d600a-8320", "trial_id": 1, "param_name": "n_estimators", "param_value_internal": 1, "distribution": "{\"name\": \"CategoricalDistribution\", \"attributes\": {\"choices\": [10, 20, 50, 200, 500]}}"}
{"op_code": 5, "worker_id": "f3f82707-d85d-4ee7-ba37-dfb6ef2d600a-8320", "trial_id": 1, "param_name": "max_features", "param_value_internal": 2, "distribution": "{\"name\": \"CategoricalDistribution\", \"attributes\": {\"choices\": [\"auto\", \"sqrt\", \"log2\"]}}"}
{"op_code": 5, "worker_id": "f3f82707-d85d-4ee7-ba37-dfb6ef2d600a-15456", "trial_id": 2, "param_name": "n_estimators", "param_value_internal": 2, "distribution": "{\"name\": \"CategoricalDistribution\", \"attributes\": {\"choices\": [10, 20, 50, 200, 500]}}"}
{"op_code": 5, "worker_id": "f3f82707-d85d-4ee7-ba37-dfb6ef2d600a-7096", "trial_id": 3, "param_name": "n_estimators", "param_value_internal": 2, "distribution": "{\"name\": \"CategoricalDistribution\", \"attributes\": {\"choices\": [10, 20, 50, 200, 500]}}"}
{"op_code": 5, "worker_id": "f3f82707-d85d-4ee7-ba37-dfb6ef2d600a-14124", "trial_id": 4, "param_name": "n_estimators", "param_value_internal": 1, "distribution": "{\"name\": \"CategoricalDistribution\", \"attributes\": {\"choices\": [10, 20, 50, 200, 500]}}"}
{"op_code": 5, "worker_id": "f3f82707-d85d-4ee7-ba37-dfb6ef2d600a-13184", "trial_id": 5, "param_name": "n_estimators", "param_value_internal": 0, "distribution": "{\"name\": \"CategoricalDistribution\", \"attributes\": {\"choices\": [10, 20, 50, 200, 500]}}"}
{"op_code": 5, "worker_id": "f3f82707-d85d-4ee7-ba37-dfb6ef2d600a-8320", "trial_id": 1, "param_name": "max_depth", "param_value_internal": 1, "distribution": "{\"name\": \"CategoricalDistribution\", \"attributes\": {\"choices\": [null, 2, 3, 4, 5, 10]}}"}
{"op_code": 5, "worker_id": "f3f82707-d85d-4ee7-ba37-dfb6ef2d600a-15456", "trial_id": 2, "param_name": "max_features", "param_value_internal": 0, "distribution": "{\"name\": \"CategoricalDistribution\", \"attributes\": {\"choices\": [\"auto\", \"sqrt\", \"log2\"]}}"}
{"op_code": 5, "worker_id": "f3f82707-d85d-4ee7-ba37-dfb6ef2d600a-7096", "trial_id": 3, "param_name": "max_features", "param_value_internal": 2, "distribution": "{\"name\": \"CategoricalDistribution\", \"attributes\": {\"choices\": [\"auto\", \"sqrt\", \"log2\"]}}"}
{"op_code": 5, "worker_id": "f3f82707-d85d-4ee7-ba37-dfb6ef2d600a-14124", "trial_id": 4, "param_name": "max_features", "param_value_internal": 1, "distribution": "{\"name\": \"CategoricalDistribution\", \"attributes\": {\"choices\": [\"auto\", \"sqrt\", \"log2\"]}}"}
{"op_code": 5, "worker_id": "f3f82707-d85d-4ee7-ba37-dfb6ef2d600a-13184", "trial_id": 5, "param_name": "max_features", "param_value_internal": 0, "distribution": "{\"name\": \"CategoricalDistribution\", \"attributes\": {\"choices\": [\"auto\", \"sqrt\", \"log2\"]}}"}
{"op_code": 5, "worker_id": "f3f82707-d85d-4ee7-ba37-dfb6ef2d600a-15456", "trial_id": 2, "param_name": "max_depth", "param_value_internal": 0, "distribution": "{\"name\": \"CategoricalDistribution\", \"attributes\": {\"choices\": [null, 2, 3, 4, 5, 10]}}"}
{"op_code": 5, "worker_id": "f3f82707-d85d-4ee7-ba37-dfb6ef2d600a-7096", "trial_id": 3, "param_name": "max_depth", "param_value_internal": 2, "distribution": "{\"name\": \"CategoricalDistribution\", \"attributes\": {\"choices\": [null, 2, 3, 4, 5, 10]}}"}
{"op_code": 5, "worker_id": "f3f82707-d85d-4ee7-ba37-dfb6ef2d600a-14124", "trial_id": 4, "param_name": "max_depth", "param_value_internal": 1, "distribution": "{\"name\": \"CategoricalDistribution\", \"attributes\": {\"choices\": [null, 2, 3, 4, 5, 10]}}"}
{"op_code": 5, "worker_id": "f3f82707-d85d-4ee7-ba37-dfb6ef2d600a-13184", "trial_id": 5, "param_name": "max_depth", "param_value_internal": 2, "distribution": "{\"name\": \"CategoricalDistribution\", \"attributes\": {\"choices\": [null, 2, 3, 4, 5, 10]}}"}
{"op_code": 6, "worker_id": "f3f82707-d85d-4ee7-ba37-dfb6ef2d600a-8320", "trial_id": 1, "state": 1, "values": [0.18100029203545095], "datetime_complete": "2023-11-07T16:58:27.125179"}
{"op_code": 6, "worker_id": "f3f82707-d85d-4ee7-ba37-dfb6ef2d600a-14124", "trial_id": 4, "state": 1, "values": [0.16261154785998602], "datetime_complete": "2023-11-07T16:58:27.216199"}
{"op_code": 6, "worker_id": "f3f82707-d85d-4ee7-ba37-dfb6ef2d600a-15456", "trial_id": 2, "state": 1, "values": [0.16902441555417472], "datetime_complete": "2023-11-07T16:58:27.229203"}
{"op_code": 6, "worker_id": "f3f82707-d85d-4ee7-ba37-dfb6ef2d600a-7096", "trial_id": 3, "state": 1, "values": [0.16830307989745388], "datetime_complete": "2023-11-07T16:58:27.229203"}
{"op_code": 6, "worker_id": "f3f82707-d85d-4ee7-ba37-dfb6ef2d600a-13184", "trial_id": 5, "state": 1, "values": [0.1825445401519271], "datetime_complete": "2023-11-07T16:58:27.249207"}
