{"op_code": 0, "worker_id": "3300b5b8-cb7b-4bfb-855d-7bb99f012369-47614746832704", "study_name": "ANN", "directions": [1]}
{"op_code": 4, "worker_id": "3300b5b8-cb7b-4bfb-855d-7bb99f012369-47615450679040", "study_id": 0, "datetime_start": "2023-11-07T07:02:03.143768"}
{"op_code": 5, "worker_id": "3300b5b8-cb7b-4bfb-855d-7bb99f012369-47615450679040", "trial_id": 0, "param_name": "learning_rate_init", "param_value_internal": 0.04073179789402555, "distribution": "{\"name\": \"FloatDistribution\", \"attributes\": {\"step\": null, \"low\": 0.001, \"high\": 0.1, \"log\": false}}"}
{"op_code": 5, "worker_id": "3300b5b8-cb7b-4bfb-855d-7bb99f012369-47615450679040", "trial_id": 0, "param_name": "hidden_layer_sizes", "param_value_internal": 8, "distribution": "{\"name\": \"CategoricalDistribution\", \"attributes\": {\"choices\": [[5], [10], [20], [50], [5, 5], [10, 10], [20, 20], [50, 50], [5, 5, 5], [10, 10, 10], [50, 50, 50]]}}"}
{"op_code": 6, "worker_id": "3300b5b8-cb7b-4bfb-855d-7bb99f012369-47615450679040", "trial_id": 0, "state": 1, "values": [0.26800315095819954], "datetime_complete": "2023-11-07T07:02:24.843353"}
{"op_code": 0, "worker_id": "191f2c2f-b0f3-4fbe-bf02-651d7a05d670-47279818202944", "study_name": "ANN", "directions": [1]}
{"op_code": 4, "worker_id": "191f2c2f-b0f3-4fbe-bf02-651d7a05d670-47280521058048", "study_id": 0, "datetime_start": "2023-11-07T17:09:39.177251"}
{"op_code": 5, "worker_id": "191f2c2f-b0f3-4fbe-bf02-651d7a05d670-47280521058048", "trial_id": 1, "param_name": "learning_rate_init", "param_value_internal": 0.019118161158977846, "distribution": "{\"name\": \"FloatDistribution\", \"attributes\": {\"step\": null, \"low\": 0.001, \"high\": 0.1, \"log\": false}}"}
{"op_code": 5, "worker_id": "191f2c2f-b0f3-4fbe-bf02-651d7a05d670-47280521058048", "trial_id": 1, "param_name": "hidden_layer_sizes", "param_value_internal": 1, "distribution": "{\"name\": \"CategoricalDistribution\", \"attributes\": {\"choices\": [[5], [10], [20], [50], [5, 5], [10, 10], [20, 20], [50, 50], [5, 5, 5], [10, 10, 10], [50, 50, 50]]}}"}
{"op_code": 6, "worker_id": "191f2c2f-b0f3-4fbe-bf02-651d7a05d670-47280521058048", "trial_id": 1, "state": 1, "values": [0.2681718189713164], "datetime_complete": "2023-11-07T17:09:58.810735"}
{"op_code": 0, "worker_id": "9b5df808-a991-4dac-a9f4-1fef0871b70f-47279818202944", "study_name": "ANN", "directions": [1]}
{"op_code": 4, "worker_id": "9b5df808-a991-4dac-a9f4-1fef0871b70f-47280521058048", "study_id": 0, "datetime_start": "2023-11-07T17:16:23.430130"}
{"op_code": 5, "worker_id": "9b5df808-a991-4dac-a9f4-1fef0871b70f-47280521058048", "trial_id": 2, "param_name": "learning_rate_init", "param_value_internal": 0.050159059096054975, "distribution": "{\"name\": \"FloatDistribution\", \"attributes\": {\"step\": null, \"low\": 0.001, \"high\": 0.1, \"log\": false}}"}
{"op_code": 5, "worker_id": "9b5df808-a991-4dac-a9f4-1fef0871b70f-47280521058048", "trial_id": 2, "param_name": "hidden_layer_sizes", "param_value_internal": 6, "distribution": "{\"name\": \"CategoricalDistribution\", \"attributes\": {\"choices\": [[5], [10], [20], [50], [5, 5], [10, 10], [20, 20], [50, 50], [5, 5, 5], [10, 10, 10], [50, 50, 50]]}}"}
{"op_code": 6, "worker_id": "9b5df808-a991-4dac-a9f4-1fef0871b70f-47280521058048", "trial_id": 2, "state": 1, "values": [0.26790840024961743], "datetime_complete": "2023-11-07T17:16:44.708336"}
{"op_code": 0, "worker_id": "d4b802a1-d9ce-4b45-8469-79d476ec9592-47279818202944", "study_name": "ANN", "directions": [1]}
{"op_code": 4, "worker_id": "d4b802a1-d9ce-4b45-8469-79d476ec9592-47280521058048", "study_id": 0, "datetime_start": "2023-11-07T17:23:11.063704"}
{"op_code": 5, "worker_id": "d4b802a1-d9ce-4b45-8469-79d476ec9592-47280521058048", "trial_id": 3, "param_name": "learning_rate_init", "param_value_internal": 0.09293240219516832, "distribution": "{\"name\": \"FloatDistribution\", \"attributes\": {\"step\": null, \"low\": 0.001, \"high\": 0.1, \"log\": false}}"}
{"op_code": 5, "worker_id": "d4b802a1-d9ce-4b45-8469-79d476ec9592-47280521058048", "trial_id": 3, "param_name": "hidden_layer_sizes", "param_value_internal": 1, "distribution": "{\"name\": \"CategoricalDistribution\", \"attributes\": {\"choices\": [[5], [10], [20], [50], [5, 5], [10, 10], [20, 20], [50, 50], [5, 5, 5], [10, 10, 10], [50, 50, 50]]}}"}
{"op_code": 6, "worker_id": "d4b802a1-d9ce-4b45-8469-79d476ec9592-47280521058048", "trial_id": 3, "state": 1, "values": [0.2661063158818584], "datetime_complete": "2023-11-07T17:23:33.575254"}
{"op_code": 0, "worker_id": "dc39a4e8-f5c4-4b68-bfb0-217bde6337a2-47279818202944", "study_name": "ANN", "directions": [1]}
{"op_code": 4, "worker_id": "dc39a4e8-f5c4-4b68-bfb0-217bde6337a2-47280521058048", "study_id": 0, "datetime_start": "2023-11-07T17:30:01.634944"}
{"op_code": 5, "worker_id": "dc39a4e8-f5c4-4b68-bfb0-217bde6337a2-47280521058048", "trial_id": 4, "param_name": "learning_rate_init", "param_value_internal": 0.017085249768593342, "distribution": "{\"name\": \"FloatDistribution\", \"attributes\": {\"step\": null, \"low\": 0.001, \"high\": 0.1, \"log\": false}}"}
{"op_code": 5, "worker_id": "dc39a4e8-f5c4-4b68-bfb0-217bde6337a2-47280521058048", "trial_id": 4, "param_name": "hidden_layer_sizes", "param_value_internal": 2, "distribution": "{\"name\": \"CategoricalDistribution\", \"attributes\": {\"choices\": [[5], [10], [20], [50], [5, 5], [10, 10], [20, 20], [50, 50], [5, 5, 5], [10, 10, 10], [50, 50, 50]]}}"}
{"op_code": 6, "worker_id": "dc39a4e8-f5c4-4b68-bfb0-217bde6337a2-47280521058048", "trial_id": 4, "state": 1, "values": [0.2645448431754199], "datetime_complete": "2023-11-07T17:30:21.330452"}
{"op_code": 0, "worker_id": "f2fbfb74-2b47-4fb9-91e5-fa28138e0023-47279818202944", "study_name": "ANN", "directions": [1]}
{"op_code": 4, "worker_id": "f2fbfb74-2b47-4fb9-91e5-fa28138e0023-47280521058048", "study_id": 0, "datetime_start": "2023-11-07T17:36:46.995127"}
{"op_code": 5, "worker_id": "f2fbfb74-2b47-4fb9-91e5-fa28138e0023-47280521058048", "trial_id": 5, "param_name": "learning_rate_init", "param_value_internal": 0.023758944006750923, "distribution": "{\"name\": \"FloatDistribution\", \"attributes\": {\"step\": null, \"low\": 0.001, \"high\": 0.1, \"log\": false}}"}
{"op_code": 5, "worker_id": "f2fbfb74-2b47-4fb9-91e5-fa28138e0023-47280521058048", "trial_id": 5, "param_name": "hidden_layer_sizes", "param_value_internal": 8, "distribution": "{\"name\": \"CategoricalDistribution\", \"attributes\": {\"choices\": [[5], [10], [20], [50], [5, 5], [10, 10], [20, 20], [50, 50], [5, 5, 5], [10, 10, 10], [50, 50, 50]]}}"}
{"op_code": 0, "worker_id": "4ee36ceb-c372-49fe-946e-288c037db616-47817365380928", "study_name": "ANN", "directions": [1]}
{"op_code": 4, "worker_id": "4ee36ceb-c372-49fe-946e-288c037db616-47818068719360", "study_id": 0, "datetime_start": "2023-11-14T14:57:53.518632"}
{"op_code": 5, "worker_id": "4ee36ceb-c372-49fe-946e-288c037db616-47818068719360", "trial_id": 6, "param_name": "learning_rate_init", "param_value_internal": 0.040315077039189476, "distribution": "{\"name\": \"FloatDistribution\", \"attributes\": {\"step\": null, \"low\": 0.001, \"high\": 0.1, \"log\": false}}"}
{"op_code": 5, "worker_id": "4ee36ceb-c372-49fe-946e-288c037db616-47818068719360", "trial_id": 6, "param_name": "hidden_layer_sizes", "param_value_internal": 2, "distribution": "{\"name\": \"CategoricalDistribution\", \"attributes\": {\"choices\": [[5], [10], [20], [50], [5, 5], [10, 10], [20, 20], [50, 50], [5, 5, 5], [10, 10, 10], [50, 50, 50]]}}"}
{"op_code": 6, "worker_id": "4ee36ceb-c372-49fe-946e-288c037db616-47818068719360", "trial_id": 6, "state": 1, "values": [0.2651432933494536], "datetime_complete": "2023-11-14T14:58:11.499659"}
{"op_code": 0, "worker_id": "0c964445-8a65-4deb-b228-83ee3b9aa602-47817365380928", "study_name": "ANN", "directions": [1]}
{"op_code": 4, "worker_id": "0c964445-8a65-4deb-b228-83ee3b9aa602-47818068719360", "study_id": 0, "datetime_start": "2023-11-14T15:04:22.011183"}
{"op_code": 5, "worker_id": "0c964445-8a65-4deb-b228-83ee3b9aa602-47818068719360", "trial_id": 7, "param_name": "learning_rate_init", "param_value_internal": 0.0495727214890412, "distribution": "{\"name\": \"FloatDistribution\", \"attributes\": {\"step\": null, \"low\": 0.001, \"high\": 0.1, \"log\": false}}"}
{"op_code": 5, "worker_id": "0c964445-8a65-4deb-b228-83ee3b9aa602-47818068719360", "trial_id": 7, "param_name": "hidden_layer_sizes", "param_value_internal": 9, "distribution": "{\"name\": \"CategoricalDistribution\", \"attributes\": {\"choices\": [[5], [10], [20], [50], [5, 5], [10, 10], [20, 20], [50, 50], [5, 5, 5], [10, 10, 10], [50, 50, 50]]}}"}
{"op_code": 6, "worker_id": "0c964445-8a65-4deb-b228-83ee3b9aa602-47818068719360", "trial_id": 7, "state": 1, "values": [0.26956395507872344], "datetime_complete": "2023-11-14T15:04:41.534904"}
{"op_code": 0, "worker_id": "985ba5e7-fa88-4642-9cb4-f8365bcc3d98-47817365380928", "study_name": "ANN", "directions": [1]}
{"op_code": 4, "worker_id": "985ba5e7-fa88-4642-9cb4-f8365bcc3d98-47818068719360", "study_id": 0, "datetime_start": "2023-11-14T15:10:57.479590"}
{"op_code": 5, "worker_id": "985ba5e7-fa88-4642-9cb4-f8365bcc3d98-47818068719360", "trial_id": 8, "param_name": "learning_rate_init", "param_value_internal": 0.02295289420591163, "distribution": "{\"name\": \"FloatDistribution\", \"attributes\": {\"step\": null, \"low\": 0.001, \"high\": 0.1, \"log\": false}}"}
{"op_code": 5, "worker_id": "985ba5e7-fa88-4642-9cb4-f8365bcc3d98-47818068719360", "trial_id": 8, "param_name": "hidden_layer_sizes", "param_value_internal": 8, "distribution": "{\"name\": \"CategoricalDistribution\", \"attributes\": {\"choices\": [[5], [10], [20], [50], [5, 5], [10, 10], [20, 20], [50, 50], [5, 5, 5], [10, 10, 10], [50, 50, 50]]}}"}
{"op_code": 6, "worker_id": "985ba5e7-fa88-4642-9cb4-f8365bcc3d98-47818068719360", "trial_id": 8, "state": 1, "values": [0.2644561360231396], "datetime_complete": "2023-11-14T15:11:15.635255"}
{"op_code": 0, "worker_id": "529a1886-c64d-4df1-8797-046083752131-47817365380928", "study_name": "ANN", "directions": [1]}
{"op_code": 4, "worker_id": "529a1886-c64d-4df1-8797-046083752131-47818068719360", "study_id": 0, "datetime_start": "2023-11-14T15:17:34.356373"}
{"op_code": 5, "worker_id": "529a1886-c64d-4df1-8797-046083752131-47818068719360", "trial_id": 9, "param_name": "learning_rate_init", "param_value_internal": 0.051216988869680555, "distribution": "{\"name\": \"FloatDistribution\", \"attributes\": {\"step\": null, \"low\": 0.001, \"high\": 0.1, \"log\": false}}"}
{"op_code": 5, "worker_id": "529a1886-c64d-4df1-8797-046083752131-47818068719360", "trial_id": 9, "param_name": "hidden_layer_sizes", "param_value_internal": 5, "distribution": "{\"name\": \"CategoricalDistribution\", \"attributes\": {\"choices\": [[5], [10], [20], [50], [5, 5], [10, 10], [20, 20], [50, 50], [5, 5, 5], [10, 10, 10], [50, 50, 50]]}}"}
{"op_code": 6, "worker_id": "529a1886-c64d-4df1-8797-046083752131-47818068719360", "trial_id": 9, "state": 1, "values": [0.27136496759411455], "datetime_complete": "2023-11-14T15:17:53.704132"}
{"op_code": 0, "worker_id": "fcccdabf-e6d9-439c-a95b-b1230ab49309-47817365380928", "study_name": "ANN", "directions": [1]}
{"op_code": 4, "worker_id": "fcccdabf-e6d9-439c-a95b-b1230ab49309-47818068719360", "study_id": 0, "datetime_start": "2023-11-14T15:24:12.548908"}
{"op_code": 5, "worker_id": "fcccdabf-e6d9-439c-a95b-b1230ab49309-47818068719360", "trial_id": 10, "param_name": "learning_rate_init", "param_value_internal": 0.0610220148520568, "distribution": "{\"name\": \"FloatDistribution\", \"attributes\": {\"step\": null, \"low\": 0.001, \"high\": 0.1, \"log\": false}}"}
{"op_code": 5, "worker_id": "fcccdabf-e6d9-439c-a95b-b1230ab49309-47818068719360", "trial_id": 10, "param_name": "hidden_layer_sizes", "param_value_internal": 3, "distribution": "{\"name\": \"CategoricalDistribution\", \"attributes\": {\"choices\": [[5], [10], [20], [50], [5, 5], [10, 10], [20, 20], [50, 50], [5, 5, 5], [10, 10, 10], [50, 50, 50]]}}"}
{"op_code": 6, "worker_id": "fcccdabf-e6d9-439c-a95b-b1230ab49309-47818068719360", "trial_id": 10, "state": 1, "values": [0.2622947668163323], "datetime_complete": "2023-11-14T15:24:32.205130"}
