{"op_code": 0, "worker_id": "1d861b2b-6fcb-4145-ac8f-3730954e8ffc-47614746832704", "study_name": "GB", "directions": [1]}
{"op_code": 4, "worker_id": "1d861b2b-6fcb-4145-ac8f-3730954e8ffc-47615450679040", "study_id": 0, "datetime_start": "2023-11-07T07:01:12.878662"}
{"op_code": 5, "worker_id": "1d861b2b-6fcb-4145-ac8f-3730954e8ffc-47615450679040", "trial_id": 0, "param_name": "n_estimators", "param_value_internal": 3, "distribution": "{\"name\": \"CategoricalDistribution\", \"attributes\": {\"choices\": [10, 20, 50, 200, 500]}}"}
{"op_code": 5, "worker_id": "1d861b2b-6fcb-4145-ac8f-3730954e8ffc-47615450679040", "trial_id": 0, "param_name": "learning_rate", "param_value_internal": 0.8217674463107174, "distribution": "{\"name\": \"FloatDistribution\", \"attributes\": {\"step\": null, \"low\": 0.005, \"high\": 1.0, \"log\": false}}"}
{"op_code": 5, "worker_id": "1d861b2b-6fcb-4145-ac8f-3730954e8ffc-47615450679040", "trial_id": 0, "param_name": "max_depth", "param_value_internal": 2, "distribution": "{\"name\": \"CategoricalDistribution\", \"attributes\": {\"choices\": [1, 2, 3, 4, 5]}}"}
{"op_code": 6, "worker_id": "1d861b2b-6fcb-4145-ac8f-3730954e8ffc-47615450679040", "trial_id": 0, "state": 1, "values": [0.22617983395183108], "datetime_complete": "2023-11-07T07:01:22.674945"}
{"op_code": 0, "worker_id": "34355caf-2b93-4a5e-a4c4-5c6bb58422fb-47279818202944", "study_name": "GB", "directions": [1]}
{"op_code": 4, "worker_id": "34355caf-2b93-4a5e-a4c4-5c6bb58422fb-47280521058048", "study_id": 0, "datetime_start": "2023-11-07T17:08:49.070575"}
{"op_code": 5, "worker_id": "34355caf-2b93-4a5e-a4c4-5c6bb58422fb-47280521058048", "trial_id": 1, "param_name": "n_estimators", "param_value_internal": 1, "distribution": "{\"name\": \"CategoricalDistribution\", \"attributes\": {\"choices\": [10, 20, 50, 200, 500]}}"}
{"op_code": 5, "worker_id": "34355caf-2b93-4a5e-a4c4-5c6bb58422fb-47280521058048", "trial_id": 1, "param_name": "learning_rate", "param_value_internal": 0.15998217979784646, "distribution": "{\"name\": \"FloatDistribution\", \"attributes\": {\"step\": null, \"low\": 0.005, \"high\": 1.0, \"log\": false}}"}
{"op_code": 5, "worker_id": "34355caf-2b93-4a5e-a4c4-5c6bb58422fb-47280521058048", "trial_id": 1, "param_name": "max_depth", "param_value_internal": 0, "distribution": "{\"name\": \"CategoricalDistribution\", \"attributes\": {\"choices\": [1, 2, 3, 4, 5]}}"}
{"op_code": 6, "worker_id": "34355caf-2b93-4a5e-a4c4-5c6bb58422fb-47280521058048", "trial_id": 1, "state": 1, "values": [0.2253864094793028], "datetime_complete": "2023-11-07T17:08:58.825492"}
{"op_code": 0, "worker_id": "26dd2f35-e0fd-403e-87bd-c284b6a2da4f-47279818202944", "study_name": "GB", "directions": [1]}
{"op_code": 4, "worker_id": "26dd2f35-e0fd-403e-87bd-c284b6a2da4f-47280521058048", "study_id": 0, "datetime_start": "2023-11-07T17:15:33.310806"}
{"op_code": 5, "worker_id": "26dd2f35-e0fd-403e-87bd-c284b6a2da4f-47280521058048", "trial_id": 2, "param_name": "n_estimators", "param_value_internal": 3, "distribution": "{\"name\": \"CategoricalDistribution\", \"attributes\": {\"choices\": [10, 20, 50, 200, 500]}}"}
{"op_code": 5, "worker_id": "26dd2f35-e0fd-403e-87bd-c284b6a2da4f-47280521058048", "trial_id": 2, "param_name": "learning_rate", "param_value_internal": 0.4636517286747276, "distribution": "{\"name\": \"FloatDistribution\", \"attributes\": {\"step\": null, \"low\": 0.005, \"high\": 1.0, \"log\": false}}"}
{"op_code": 5, "worker_id": "26dd2f35-e0fd-403e-87bd-c284b6a2da4f-47280521058048", "trial_id": 2, "param_name": "max_depth", "param_value_internal": 1, "distribution": "{\"name\": \"CategoricalDistribution\", \"attributes\": {\"choices\": [1, 2, 3, 4, 5]}}"}
{"op_code": 6, "worker_id": "26dd2f35-e0fd-403e-87bd-c284b6a2da4f-47280521058048", "trial_id": 2, "state": 1, "values": [0.22577322957415455], "datetime_complete": "2023-11-07T17:15:43.046481"}
{"op_code": 0, "worker_id": "6145de67-843b-491f-a46c-399ed471d419-47279818202944", "study_name": "GB", "directions": [1]}
{"op_code": 4, "worker_id": "6145de67-843b-491f-a46c-399ed471d419-47280521058048", "study_id": 0, "datetime_start": "2023-11-07T17:22:20.882585"}
{"op_code": 5, "worker_id": "6145de67-843b-491f-a46c-399ed471d419-47280521058048", "trial_id": 3, "param_name": "n_estimators", "param_value_internal": 2, "distribution": "{\"name\": \"CategoricalDistribution\", \"attributes\": {\"choices\": [10, 20, 50, 200, 500]}}"}
{"op_code": 5, "worker_id": "6145de67-843b-491f-a46c-399ed471d419-47280521058048", "trial_id": 3, "param_name": "learning_rate", "param_value_internal": 0.2599196986593448, "distribution": "{\"name\": \"FloatDistribution\", \"attributes\": {\"step\": null, \"low\": 0.005, \"high\": 1.0, \"log\": false}}"}
{"op_code": 5, "worker_id": "6145de67-843b-491f-a46c-399ed471d419-47280521058048", "trial_id": 3, "param_name": "max_depth", "param_value_internal": 4, "distribution": "{\"name\": \"CategoricalDistribution\", \"attributes\": {\"choices\": [1, 2, 3, 4, 5]}}"}
{"op_code": 6, "worker_id": "6145de67-843b-491f-a46c-399ed471d419-47280521058048", "trial_id": 3, "state": 1, "values": [0.22742705983884107], "datetime_complete": "2023-11-07T17:22:30.640765"}
{"op_code": 0, "worker_id": "0ddb9719-d5ff-43f0-aa8e-d0b40711bff3-47279818202944", "study_name": "GB", "directions": [1]}
{"op_code": 4, "worker_id": "0ddb9719-d5ff-43f0-aa8e-d0b40711bff3-47280521058048", "study_id": 0, "datetime_start": "2023-11-07T17:29:11.503722"}
{"op_code": 5, "worker_id": "0ddb9719-d5ff-43f0-aa8e-d0b40711bff3-47280521058048", "trial_id": 4, "param_name": "n_estimators", "param_value_internal": 1, "distribution": "{\"name\": \"CategoricalDistribution\", \"attributes\": {\"choices\": [10, 20, 50, 200, 500]}}"}
{"op_code": 5, "worker_id": "0ddb9719-d5ff-43f0-aa8e-d0b40711bff3-47280521058048", "trial_id": 4, "param_name": "learning_rate", "param_value_internal": 0.996102137649341, "distribution": "{\"name\": \"FloatDistribution\", \"attributes\": {\"step\": null, \"low\": 0.005, \"high\": 1.0, \"log\": false}}"}
{"op_code": 5, "worker_id": "0ddb9719-d5ff-43f0-aa8e-d0b40711bff3-47280521058048", "trial_id": 4, "param_name": "max_depth", "param_value_internal": 1, "distribution": "{\"name\": \"CategoricalDistribution\", \"attributes\": {\"choices\": [1, 2, 3, 4, 5]}}"}
{"op_code": 6, "worker_id": "0ddb9719-d5ff-43f0-aa8e-d0b40711bff3-47280521058048", "trial_id": 4, "state": 1, "values": [0.2256250267511201], "datetime_complete": "2023-11-07T17:29:21.242805"}
{"op_code": 0, "worker_id": "47afd3df-1433-4d79-8c9a-cb264e671788-47279818202944", "study_name": "GB", "directions": [1]}
{"op_code": 4, "worker_id": "47afd3df-1433-4d79-8c9a-cb264e671788-47280521058048", "study_id": 0, "datetime_start": "2023-11-07T17:35:56.865708"}
{"op_code": 5, "worker_id": "47afd3df-1433-4d79-8c9a-cb264e671788-47280521058048", "trial_id": 5, "param_name": "n_estimators", "param_value_internal": 4, "distribution": "{\"name\": \"CategoricalDistribution\", \"attributes\": {\"choices\": [10, 20, 50, 200, 500]}}"}
{"op_code": 5, "worker_id": "47afd3df-1433-4d79-8c9a-cb264e671788-47280521058048", "trial_id": 5, "param_name": "learning_rate", "param_value_internal": 0.711351840685779, "distribution": "{\"name\": \"FloatDistribution\", \"attributes\": {\"step\": null, \"low\": 0.005, \"high\": 1.0, \"log\": false}}"}
{"op_code": 5, "worker_id": "47afd3df-1433-4d79-8c9a-cb264e671788-47280521058048", "trial_id": 5, "param_name": "max_depth", "param_value_internal": 2, "distribution": "{\"name\": \"CategoricalDistribution\", \"attributes\": {\"choices\": [1, 2, 3, 4, 5]}}"}
{"op_code": 6, "worker_id": "47afd3df-1433-4d79-8c9a-cb264e671788-47280521058048", "trial_id": 5, "state": 1, "values": [0.22459276557970628], "datetime_complete": "2023-11-07T17:36:06.603342"}
{"op_code": 0, "worker_id": "e0d608d9-1078-41b7-9cb6-410544b60339-47817365380928", "study_name": "GB", "directions": [1]}
{"op_code": 4, "worker_id": "e0d608d9-1078-41b7-9cb6-410544b60339-47818068719360", "study_id": 0, "datetime_start": "2023-11-14T14:57:03.266388"}
{"op_code": 5, "worker_id": "e0d608d9-1078-41b7-9cb6-410544b60339-47818068719360", "trial_id": 6, "param_name": "n_estimators", "param_value_internal": 2, "distribution": "{\"name\": \"CategoricalDistribution\", \"attributes\": {\"choices\": [10, 20, 50, 200, 500]}}"}
{"op_code": 5, "worker_id": "e0d608d9-1078-41b7-9cb6-410544b60339-47818068719360", "trial_id": 6, "param_name": "learning_rate", "param_value_internal": 0.6571102163262079, "distribution": "{\"name\": \"FloatDistribution\", \"attributes\": {\"step\": null, \"low\": 0.005, \"high\": 1.0, \"log\": false}}"}
{"op_code": 5, "worker_id": "e0d608d9-1078-41b7-9cb6-410544b60339-47818068719360", "trial_id": 6, "param_name": "max_depth", "param_value_internal": 3, "distribution": "{\"name\": \"CategoricalDistribution\", \"attributes\": {\"choices\": [1, 2, 3, 4, 5]}}"}
{"op_code": 6, "worker_id": "e0d608d9-1078-41b7-9cb6-410544b60339-47818068719360", "trial_id": 6, "state": 1, "values": [0.22555056959734773], "datetime_complete": "2023-11-14T14:57:13.073650"}
{"op_code": 0, "worker_id": "1cd6ff87-a2a5-4ee4-b528-184e5deb9ef6-47817365380928", "study_name": "GB", "directions": [1]}
{"op_code": 4, "worker_id": "1cd6ff87-a2a5-4ee4-b528-184e5deb9ef6-47818068719360", "study_id": 0, "datetime_start": "2023-11-14T15:03:31.909088"}
{"op_code": 5, "worker_id": "1cd6ff87-a2a5-4ee4-b528-184e5deb9ef6-47818068719360", "trial_id": 7, "param_name": "n_estimators", "param_value_internal": 4, "distribution": "{\"name\": \"CategoricalDistribution\", \"attributes\": {\"choices\": [10, 20, 50, 200, 500]}}"}
{"op_code": 5, "worker_id": "1cd6ff87-a2a5-4ee4-b528-184e5deb9ef6-47818068719360", "trial_id": 7, "param_name": "learning_rate", "param_value_internal": 0.7835911226462097, "distribution": "{\"name\": \"FloatDistribution\", \"attributes\": {\"step\": null, \"low\": 0.005, \"high\": 1.0, \"log\": false}}"}
{"op_code": 5, "worker_id": "1cd6ff87-a2a5-4ee4-b528-184e5deb9ef6-47818068719360", "trial_id": 7, "param_name": "max_depth", "param_value_internal": 2, "distribution": "{\"name\": \"CategoricalDistribution\", \"attributes\": {\"choices\": [1, 2, 3, 4, 5]}}"}
{"op_code": 6, "worker_id": "1cd6ff87-a2a5-4ee4-b528-184e5deb9ef6-47818068719360", "trial_id": 7, "state": 1, "values": [0.22520060201984116], "datetime_complete": "2023-11-14T15:03:41.654333"}
{"op_code": 0, "worker_id": "e20bc902-281c-4c25-8675-34404876b38c-47817365380928", "study_name": "GB", "directions": [1]}
{"op_code": 4, "worker_id": "e20bc902-281c-4c25-8675-34404876b38c-47818068719360", "study_id": 0, "datetime_start": "2023-11-14T15:10:07.379588"}
{"op_code": 5, "worker_id": "e20bc902-281c-4c25-8675-34404876b38c-47818068719360", "trial_id": 8, "param_name": "n_estimators", "param_value_internal": 0, "distribution": "{\"name\": \"CategoricalDistribution\", \"attributes\": {\"choices\": [10, 20, 50, 200, 500]}}"}
{"op_code": 5, "worker_id": "e20bc902-281c-4c25-8675-34404876b38c-47818068719360", "trial_id": 8, "param_name": "learning_rate", "param_value_internal": 0.8814306810571491, "distribution": "{\"name\": \"FloatDistribution\", \"attributes\": {\"step\": null, \"low\": 0.005, \"high\": 1.0, \"log\": false}}"}
{"op_code": 5, "worker_id": "e20bc902-281c-4c25-8675-34404876b38c-47818068719360", "trial_id": 8, "param_name": "max_depth", "param_value_internal": 0, "distribution": "{\"name\": \"CategoricalDistribution\", \"attributes\": {\"choices\": [1, 2, 3, 4, 5]}}"}
{"op_code": 6, "worker_id": "e20bc902-281c-4c25-8675-34404876b38c-47818068719360", "trial_id": 8, "state": 1, "values": [0.2242948149523963], "datetime_complete": "2023-11-14T15:10:17.134182"}
{"op_code": 0, "worker_id": "0ae67308-76cb-45c3-8bef-cee7ea40ffc6-47817365380928", "study_name": "GB", "directions": [1]}
{"op_code": 4, "worker_id": "0ae67308-76cb-45c3-8bef-cee7ea40ffc6-47818068719360", "study_id": 0, "datetime_start": "2023-11-14T15:16:44.129448"}
{"op_code": 5, "worker_id": "0ae67308-76cb-45c3-8bef-cee7ea40ffc6-47818068719360", "trial_id": 9, "param_name": "n_estimators", "param_value_internal": 4, "distribution": "{\"name\": \"CategoricalDistribution\", \"attributes\": {\"choices\": [10, 20, 50, 200, 500]}}"}
{"op_code": 5, "worker_id": "0ae67308-76cb-45c3-8bef-cee7ea40ffc6-47818068719360", "trial_id": 9, "param_name": "learning_rate", "param_value_internal": 0.1210238226999826, "distribution": "{\"name\": \"FloatDistribution\", \"attributes\": {\"step\": null, \"low\": 0.005, \"high\": 1.0, \"log\": false}}"}
{"op_code": 5, "worker_id": "0ae67308-76cb-45c3-8bef-cee7ea40ffc6-47818068719360", "trial_id": 9, "param_name": "max_depth", "param_value_internal": 3, "distribution": "{\"name\": \"CategoricalDistribution\", \"attributes\": {\"choices\": [1, 2, 3, 4, 5]}}"}
{"op_code": 6, "worker_id": "0ae67308-76cb-45c3-8bef-cee7ea40ffc6-47818068719360", "trial_id": 9, "state": 1, "values": [0.2268505463375872], "datetime_complete": "2023-11-14T15:16:53.866736"}
{"op_code": 0, "worker_id": "c69fc885-1f50-47cc-81fd-2963fb015fee-47817365380928", "study_name": "GB", "directions": [1]}
{"op_code": 4, "worker_id": "c69fc885-1f50-47cc-81fd-2963fb015fee-47818068719360", "study_id": 0, "datetime_start": "2023-11-14T15:23:22.095922"}
{"op_code": 5, "worker_id": "c69fc885-1f50-47cc-81fd-2963fb015fee-47818068719360", "trial_id": 10, "param_name": "n_estimators", "param_value_internal": 0, "distribution": "{\"name\": \"CategoricalDistribution\", \"attributes\": {\"choices\": [10, 20, 50, 200, 500]}}"}
{"op_code": 5, "worker_id": "c69fc885-1f50-47cc-81fd-2963fb015fee-47818068719360", "trial_id": 10, "param_name": "learning_rate", "param_value_internal": 0.9700505341849175, "distribution": "{\"name\": \"FloatDistribution\", \"attributes\": {\"step\": null, \"low\": 0.005, \"high\": 1.0, \"log\": false}}"}
{"op_code": 5, "worker_id": "c69fc885-1f50-47cc-81fd-2963fb015fee-47818068719360", "trial_id": 10, "param_name": "max_depth", "param_value_internal": 0, "distribution": "{\"name\": \"CategoricalDistribution\", \"attributes\": {\"choices\": [1, 2, 3, 4, 5]}}"}
{"op_code": 6, "worker_id": "c69fc885-1f50-47cc-81fd-2963fb015fee-47818068719360", "trial_id": 10, "state": 1, "values": [0.2268856109355066], "datetime_complete": "2023-11-14T15:23:32.132978"}
