{"op_code": 0, "worker_id": "5a861f8b-d945-4844-9bf8-78bfef0c9f43-47614746832704", "study_name": "KRR", "directions": [1]}
{"op_code": 4, "worker_id": "5a861f8b-d945-4844-9bf8-78bfef0c9f43-47615450679040", "study_id": 0, "datetime_start": "2023-11-07T07:01:11.854649"}
{"op_code": 5, "worker_id": "5a861f8b-d945-4844-9bf8-78bfef0c9f43-47615450679040", "trial_id": 0, "param_name": "alpha", "param_value_internal": 0.29968136053261085, "distribution": "{\"name\": \"FloatDistribution\", \"attributes\": {\"step\": null, \"low\": 0.0001, \"high\": 1.0, \"log\": false}}"}
{"op_code": 5, "worker_id": "5a861f8b-d945-4844-9bf8-78bfef0c9f43-47615450679040", "trial_id": 0, "param_name": "gamma", "param_value_internal": 2.2341002433270596e-15, "distribution": "{\"name\": \"FloatDistribution\", \"attributes\": {\"step\": null, \"low\": 0.0, \"high\": 1e-14, \"log\": false}}"}
{"op_code": 5, "worker_id": "5a861f8b-d945-4844-9bf8-78bfef0c9f43-47615450679040", "trial_id": 0, "param_name": "kernel", "param_value_internal": 1, "distribution": "{\"name\": \"CategoricalDistribution\", \"attributes\": {\"choices\": [\"linear\", \"laplacian\", \"rbf\"]}}"}
{"op_code": 6, "worker_id": "5a861f8b-d945-4844-9bf8-78bfef0c9f43-47615450679040", "trial_id": 0, "state": 1, "values": [0.23575721399277358], "datetime_complete": "2023-11-07T07:01:12.865535"}
{"op_code": 0, "worker_id": "4c61f1e1-69c2-4be8-8b99-e35805d47a47-47279818202944", "study_name": "KRR", "directions": [1]}
{"op_code": 4, "worker_id": "4c61f1e1-69c2-4be8-8b99-e35805d47a47-47280521058048", "study_id": 0, "datetime_start": "2023-11-07T17:08:48.150225"}
{"op_code": 5, "worker_id": "4c61f1e1-69c2-4be8-8b99-e35805d47a47-47280521058048", "trial_id": 1, "param_name": "alpha", "param_value_internal": 0.14059241462333621, "distribution": "{\"name\": \"FloatDistribution\", \"attributes\": {\"step\": null, \"low\": 0.0001, \"high\": 1.0, \"log\": false}}"}
{"op_code": 5, "worker_id": "4c61f1e1-69c2-4be8-8b99-e35805d47a47-47280521058048", "trial_id": 1, "param_name": "gamma", "param_value_internal": 5.897308846433941e-15, "distribution": "{\"name\": \"FloatDistribution\", \"attributes\": {\"step\": null, \"low\": 0.0, \"high\": 1e-14, \"log\": false}}"}
{"op_code": 5, "worker_id": "4c61f1e1-69c2-4be8-8b99-e35805d47a47-47280521058048", "trial_id": 1, "param_name": "kernel", "param_value_internal": 1, "distribution": "{\"name\": \"CategoricalDistribution\", \"attributes\": {\"choices\": [\"linear\", \"laplacian\", \"rbf\"]}}"}
{"op_code": 6, "worker_id": "4c61f1e1-69c2-4be8-8b99-e35805d47a47-47280521058048", "trial_id": 1, "state": 1, "values": [0.2364314004182634], "datetime_complete": "2023-11-07T17:08:49.060217"}
{"op_code": 0, "worker_id": "e9d24700-d831-4264-a203-243d720bd05b-47279818202944", "study_name": "KRR", "directions": [1]}
{"op_code": 4, "worker_id": "e9d24700-d831-4264-a203-243d720bd05b-47280521058048", "study_id": 0, "datetime_start": "2023-11-07T17:15:32.338260"}
{"op_code": 5, "worker_id": "e9d24700-d831-4264-a203-243d720bd05b-47280521058048", "trial_id": 2, "param_name": "alpha", "param_value_internal": 0.6831364912882693, "distribution": "{\"name\": \"FloatDistribution\", \"attributes\": {\"step\": null, \"low\": 0.0001, \"high\": 1.0, \"log\": false}}"}
{"op_code": 5, "worker_id": "e9d24700-d831-4264-a203-243d720bd05b-47280521058048", "trial_id": 2, "param_name": "gamma", "param_value_internal": 5.238561490904984e-15, "distribution": "{\"name\": \"FloatDistribution\", \"attributes\": {\"step\": null, \"low\": 0.0, \"high\": 1e-14, \"log\": false}}"}
{"op_code": 5, "worker_id": "e9d24700-d831-4264-a203-243d720bd05b-47280521058048", "trial_id": 2, "param_name": "kernel", "param_value_internal": 2, "distribution": "{\"name\": \"CategoricalDistribution\", \"attributes\": {\"choices\": [\"linear\", \"laplacian\", \"rbf\"]}}"}
{"op_code": 6, "worker_id": "e9d24700-d831-4264-a203-243d720bd05b-47280521058048", "trial_id": 2, "state": 1, "values": [0.23635248662471042], "datetime_complete": "2023-11-07T17:15:33.298766"}
{"op_code": 0, "worker_id": "1649b074-5b31-438d-8215-1bbd4e5adfca-47279818202944", "study_name": "KRR", "directions": [1]}
{"op_code": 4, "worker_id": "1649b074-5b31-438d-8215-1bbd4e5adfca-47280521058048", "study_id": 0, "datetime_start": "2023-11-07T17:22:19.932727"}
{"op_code": 5, "worker_id": "1649b074-5b31-438d-8215-1bbd4e5adfca-47280521058048", "trial_id": 3, "param_name": "alpha", "param_value_internal": 0.8552298171546997, "distribution": "{\"name\": \"FloatDistribution\", \"attributes\": {\"step\": null, \"low\": 0.0001, \"high\": 1.0, \"log\": false}}"}
{"op_code": 5, "worker_id": "1649b074-5b31-438d-8215-1bbd4e5adfca-47280521058048", "trial_id": 3, "param_name": "gamma", "param_value_internal": 4.372778116024003e-15, "distribution": "{\"name\": \"FloatDistribution\", \"attributes\": {\"step\": null, \"low\": 0.0, \"high\": 1e-14, \"log\": false}}"}
{"op_code": 5, "worker_id": "1649b074-5b31-438d-8215-1bbd4e5adfca-47280521058048", "trial_id": 3, "param_name": "kernel", "param_value_internal": 0, "distribution": "{\"name\": \"CategoricalDistribution\", \"attributes\": {\"choices\": [\"linear\", \"laplacian\", \"rbf\"]}}"}
{"op_code": 6, "worker_id": "1649b074-5b31-438d-8215-1bbd4e5adfca-47280521058048", "trial_id": 3, "state": 1, "values": [0.236574120133208], "datetime_complete": "2023-11-07T17:22:20.871901"}
{"op_code": 0, "worker_id": "638e612f-7dd4-44f4-b8a2-dc696c3ab769-47279818202944", "study_name": "KRR", "directions": [1]}
{"op_code": 4, "worker_id": "638e612f-7dd4-44f4-b8a2-dc696c3ab769-47280521058048", "study_id": 0, "datetime_start": "2023-11-07T17:29:10.547476"}
{"op_code": 5, "worker_id": "638e612f-7dd4-44f4-b8a2-dc696c3ab769-47280521058048", "trial_id": 4, "param_name": "alpha", "param_value_internal": 0.026701375553218804, "distribution": "{\"name\": \"FloatDistribution\", \"attributes\": {\"step\": null, \"low\": 0.0001, \"high\": 1.0, \"log\": false}}"}
{"op_code": 5, "worker_id": "638e612f-7dd4-44f4-b8a2-dc696c3ab769-47280521058048", "trial_id": 4, "param_name": "gamma", "param_value_internal": 1.5495981396572468e-15, "distribution": "{\"name\": \"FloatDistribution\", \"attributes\": {\"step\": null, \"low\": 0.0, \"high\": 1e-14, \"log\": false}}"}
{"op_code": 5, "worker_id": "638e612f-7dd4-44f4-b8a2-dc696c3ab769-47280521058048", "trial_id": 4, "param_name": "kernel", "param_value_internal": 0, "distribution": "{\"name\": \"CategoricalDistribution\", \"attributes\": {\"choices\": [\"linear\", \"laplacian\", \"rbf\"]}}"}
{"op_code": 6, "worker_id": "638e612f-7dd4-44f4-b8a2-dc696c3ab769-47280521058048", "trial_id": 4, "state": 1, "values": [0.23618539823313933], "datetime_complete": "2023-11-07T17:29:11.493040"}
{"op_code": 0, "worker_id": "5755a1ef-d7e2-44f7-a63a-ff61663c2740-47279818202944", "study_name": "KRR", "directions": [1]}
{"op_code": 4, "worker_id": "5755a1ef-d7e2-44f7-a63a-ff61663c2740-47280521058048", "study_id": 0, "datetime_start": "2023-11-07T17:35:55.890121"}
{"op_code": 5, "worker_id": "5755a1ef-d7e2-44f7-a63a-ff61663c2740-47280521058048", "trial_id": 5, "param_name": "alpha", "param_value_internal": 0.6021440310621472, "distribution": "{\"name\": \"FloatDistribution\", \"attributes\": {\"step\": null, \"low\": 0.0001, \"high\": 1.0, \"log\": false}}"}
{"op_code": 5, "worker_id": "5755a1ef-d7e2-44f7-a63a-ff61663c2740-47280521058048", "trial_id": 5, "param_name": "gamma", "param_value_internal": 6.376333543172965e-15, "distribution": "{\"name\": \"FloatDistribution\", \"attributes\": {\"step\": null, \"low\": 0.0, \"high\": 1e-14, \"log\": false}}"}
{"op_code": 5, "worker_id": "5755a1ef-d7e2-44f7-a63a-ff61663c2740-47280521058048", "trial_id": 5, "param_name": "kernel", "param_value_internal": 2, "distribution": "{\"name\": \"CategoricalDistribution\", \"attributes\": {\"choices\": [\"linear\", \"laplacian\", \"rbf\"]}}"}
{"op_code": 6, "worker_id": "5755a1ef-d7e2-44f7-a63a-ff61663c2740-47280521058048", "trial_id": 5, "state": 1, "values": [0.2364737839696971], "datetime_complete": "2023-11-07T17:35:56.852330"}
