{"op_code": 0, "worker_id": "fbb989d7-ce07-4fcf-a6fe-20daca958100-47614746832704", "study_name": "linear", "directions": [1]}
{"op_code": 4, "worker_id": "fbb989d7-ce07-4fcf-a6fe-20daca958100-47615450679040", "study_id": 0, "datetime_start": "2023-11-07T07:01:11.790811"}
{"op_code": 8, "worker_id": "fbb989d7-ce07-4fcf-a6fe-20daca958100-47615450679040", "trial_id": 0, "user_attr": {"fit_intercept": true}}
{"op_code": 5, "worker_id": "fbb989d7-ce07-4fcf-a6fe-20daca958100-47615450679040", "trial_id": 0, "param_name": "alpha", "param_value_internal": 0.07671218288179808, "distribution": "{\"name\": \"FloatDistribution\", \"attributes\": {\"step\": null, \"low\": 1e-05, \"high\": 0.1, \"log\": false}}"}
{"op_code": 5, "worker_id": "fbb989d7-ce07-4fcf-a6fe-20daca958100-47615450679040", "trial_id": 0, "param_name": "l1_ratio", "param_value_internal": 0.15987480339660565, "distribution": "{\"name\": \"FloatDistribution\", \"attributes\": {\"step\": null, \"low\": 0.0, \"high\": 1.0, \"log\": false}}"}
{"op_code": 6, "worker_id": "fbb989d7-ce07-4fcf-a6fe-20daca958100-47615450679040", "trial_id": 0, "state": 1, "values": [0.24763173003537572], "datetime_complete": "2023-11-07T07:01:11.844356"}
{"op_code": 0, "worker_id": "eed788fa-0537-45b0-a57d-be475ab77bc8-47279818202944", "study_name": "linear", "directions": [1]}
{"op_code": 4, "worker_id": "eed788fa-0537-45b0-a57d-be475ab77bc8-47280521058048", "study_id": 0, "datetime_start": "2023-11-07T17:08:48.091262"}
{"op_code": 8, "worker_id": "eed788fa-0537-45b0-a57d-be475ab77bc8-47280521058048", "trial_id": 1, "user_attr": {"fit_intercept": true}}
{"op_code": 5, "worker_id": "eed788fa-0537-45b0-a57d-be475ab77bc8-47280521058048", "trial_id": 1, "param_name": "alpha", "param_value_internal": 0.029781855128576295, "distribution": "{\"name\": \"FloatDistribution\", \"attributes\": {\"step\": null, \"low\": 1e-05, \"high\": 0.1, \"log\": false}}"}
{"op_code": 5, "worker_id": "eed788fa-0537-45b0-a57d-be475ab77bc8-47280521058048", "trial_id": 1, "param_name": "l1_ratio", "param_value_internal": 0.991960625326651, "distribution": "{\"name\": \"FloatDistribution\", \"attributes\": {\"step\": null, \"low\": 0.0, \"high\": 1.0, \"log\": false}}"}
{"op_code": 6, "worker_id": "eed788fa-0537-45b0-a57d-be475ab77bc8-47280521058048", "trial_id": 1, "state": 1, "values": [0.24762813372321282], "datetime_complete": "2023-11-07T17:08:48.140703"}
{"op_code": 0, "worker_id": "ce6f03fe-53c3-4161-b6cd-8c7a05345d0c-47279818202944", "study_name": "linear", "directions": [1]}
{"op_code": 4, "worker_id": "ce6f03fe-53c3-4161-b6cd-8c7a05345d0c-47280521058048", "study_id": 0, "datetime_start": "2023-11-07T17:15:32.278163"}
{"op_code": 8, "worker_id": "ce6f03fe-53c3-4161-b6cd-8c7a05345d0c-47280521058048", "trial_id": 2, "user_attr": {"fit_intercept": true}}
{"op_code": 5, "worker_id": "ce6f03fe-53c3-4161-b6cd-8c7a05345d0c-47280521058048", "trial_id": 2, "param_name": "alpha", "param_value_internal": 0.08485425127039885, "distribution": "{\"name\": \"FloatDistribution\", \"attributes\": {\"step\": null, \"low\": 1e-05, \"high\": 0.1, \"log\": false}}"}
{"op_code": 5, "worker_id": "ce6f03fe-53c3-4161-b6cd-8c7a05345d0c-47280521058048", "trial_id": 2, "param_name": "l1_ratio", "param_value_internal": 0.19827937350097435, "distribution": "{\"name\": \"FloatDistribution\", \"attributes\": {\"step\": null, \"low\": 0.0, \"high\": 1.0, \"log\": false}}"}
{"op_code": 6, "worker_id": "ce6f03fe-53c3-4161-b6cd-8c7a05345d0c-47280521058048", "trial_id": 2, "state": 1, "values": [0.24771682027273734], "datetime_complete": "2023-11-07T17:15:32.328852"}
{"op_code": 0, "worker_id": "6f6c4d30-81bb-4f10-ba4d-2a613af126e0-47279818202944", "study_name": "linear", "directions": [1]}
{"op_code": 4, "worker_id": "6f6c4d30-81bb-4f10-ba4d-2a613af126e0-47280521058048", "study_id": 0, "datetime_start": "2023-11-07T17:22:19.873805"}
{"op_code": 8, "worker_id": "6f6c4d30-81bb-4f10-ba4d-2a613af126e0-47280521058048", "trial_id": 3, "user_attr": {"fit_intercept": true}}
{"op_code": 5, "worker_id": "6f6c4d30-81bb-4f10-ba4d-2a613af126e0-47280521058048", "trial_id": 3, "param_name": "alpha", "param_value_internal": 0.024313083493599764, "distribution": "{\"name\": \"FloatDistribution\", \"attributes\": {\"step\": null, \"low\": 1e-05, \"high\": 0.1, \"log\": false}}"}
{"op_code": 5, "worker_id": "6f6c4d30-81bb-4f10-ba4d-2a613af126e0-47280521058048", "trial_id": 3, "param_name": "l1_ratio", "param_value_internal": 0.44883625945029526, "distribution": "{\"name\": \"FloatDistribution\", \"attributes\": {\"step\": null, \"low\": 0.0, \"high\": 1.0, \"log\": false}}"}
{"op_code": 6, "worker_id": "6f6c4d30-81bb-4f10-ba4d-2a613af126e0-47280521058048", "trial_id": 3, "state": 1, "values": [0.2474879832963269], "datetime_complete": "2023-11-07T17:22:19.923009"}
{"op_code": 0, "worker_id": "febbef7b-9f65-4786-be82-098c9ee06751-47279818202944", "study_name": "linear", "directions": [1]}
{"op_code": 4, "worker_id": "febbef7b-9f65-4786-be82-098c9ee06751-47280521058048", "study_id": 0, "datetime_start": "2023-11-07T17:29:10.486314"}
{"op_code": 8, "worker_id": "febbef7b-9f65-4786-be82-098c9ee06751-47280521058048", "trial_id": 4, "user_attr": {"fit_intercept": true}}
{"op_code": 5, "worker_id": "febbef7b-9f65-4786-be82-098c9ee06751-47280521058048", "trial_id": 4, "param_name": "alpha", "param_value_internal": 0.007707869901143596, "distribution": "{\"name\": \"FloatDistribution\", \"attributes\": {\"step\": null, \"low\": 1e-05, \"high\": 0.1, \"log\": false}}"}
{"op_code": 5, "worker_id": "febbef7b-9f65-4786-be82-098c9ee06751-47280521058048", "trial_id": 4, "param_name": "l1_ratio", "param_value_internal": 0.1514195311722516, "distribution": "{\"name\": \"FloatDistribution\", \"attributes\": {\"step\": null, \"low\": 0.0, \"high\": 1.0, \"log\": false}}"}
{"op_code": 6, "worker_id": "febbef7b-9f65-4786-be82-098c9ee06751-47280521058048", "trial_id": 4, "state": 1, "values": [0.24778024990265898], "datetime_complete": "2023-11-07T17:29:10.537812"}
{"op_code": 0, "worker_id": "610072e2-8758-4ca8-a0ed-6fb31b099029-47279818202944", "study_name": "linear", "directions": [1]}
{"op_code": 4, "worker_id": "610072e2-8758-4ca8-a0ed-6fb31b099029-47280521058048", "study_id": 0, "datetime_start": "2023-11-07T17:35:55.822533"}
{"op_code": 8, "worker_id": "610072e2-8758-4ca8-a0ed-6fb31b099029-47280521058048", "trial_id": 5, "user_attr": {"fit_intercept": true}}
{"op_code": 5, "worker_id": "610072e2-8758-4ca8-a0ed-6fb31b099029-47280521058048", "trial_id": 5, "param_name": "alpha", "param_value_internal": 0.017629415373945183, "distribution": "{\"name\": \"FloatDistribution\", \"attributes\": {\"step\": null, \"low\": 1e-05, \"high\": 0.1, \"log\": false}}"}
{"op_code": 5, "worker_id": "610072e2-8758-4ca8-a0ed-6fb31b099029-47280521058048", "trial_id": 5, "param_name": "l1_ratio", "param_value_internal": 0.3454078631093386, "distribution": "{\"name\": \"FloatDistribution\", \"attributes\": {\"step\": null, \"low\": 0.0, \"high\": 1.0, \"log\": false}}"}
{"op_code": 6, "worker_id": "610072e2-8758-4ca8-a0ed-6fb31b099029-47280521058048", "trial_id": 5, "state": 1, "values": [0.24771687940570664], "datetime_complete": "2023-11-07T17:35:55.876121"}
{"op_code": 0, "worker_id": "bab57d8a-1b97-42fc-9da1-aee8a6a4eb58-47817365380928", "study_name": "linear", "directions": [1]}
{"op_code": 4, "worker_id": "bab57d8a-1b97-42fc-9da1-aee8a6a4eb58-47818068719360", "study_id": 0, "datetime_start": "2023-11-14T14:57:02.250184"}
{"op_code": 8, "worker_id": "bab57d8a-1b97-42fc-9da1-aee8a6a4eb58-47818068719360", "trial_id": 6, "user_attr": {"fit_intercept": true}}
{"op_code": 5, "worker_id": "bab57d8a-1b97-42fc-9da1-aee8a6a4eb58-47818068719360", "trial_id": 6, "param_name": "alpha", "param_value_internal": 0.0029230451789744125, "distribution": "{\"name\": \"FloatDistribution\", \"attributes\": {\"step\": null, \"low\": 1e-05, \"high\": 0.1, \"log\": false}}"}
{"op_code": 5, "worker_id": "bab57d8a-1b97-42fc-9da1-aee8a6a4eb58-47818068719360", "trial_id": 6, "param_name": "l1_ratio", "param_value_internal": 0.8029624114367027, "distribution": "{\"name\": \"FloatDistribution\", \"attributes\": {\"step\": null, \"low\": 0.0, \"high\": 1.0, \"log\": false}}"}
{"op_code": 6, "worker_id": "bab57d8a-1b97-42fc-9da1-aee8a6a4eb58-47818068719360", "trial_id": 6, "state": 1, "values": [0.24760813100907086], "datetime_complete": "2023-11-14T14:57:02.302535"}
{"op_code": 0, "worker_id": "71f6ca54-eb39-4a9a-a388-0671a9be249d-47817365380928", "study_name": "linear", "directions": [1]}
{"op_code": 4, "worker_id": "71f6ca54-eb39-4a9a-a388-0671a9be249d-47818068719360", "study_id": 0, "datetime_start": "2023-11-14T15:03:30.869708"}
{"op_code": 8, "worker_id": "71f6ca54-eb39-4a9a-a388-0671a9be249d-47818068719360", "trial_id": 7, "user_attr": {"fit_intercept": true}}
{"op_code": 5, "worker_id": "71f6ca54-eb39-4a9a-a388-0671a9be249d-47818068719360", "trial_id": 7, "param_name": "alpha", "param_value_internal": 0.0329408821396425, "distribution": "{\"name\": \"FloatDistribution\", \"attributes\": {\"step\": null, \"low\": 1e-05, \"high\": 0.1, \"log\": false}}"}
{"op_code": 5, "worker_id": "71f6ca54-eb39-4a9a-a388-0671a9be249d-47818068719360", "trial_id": 7, "param_name": "l1_ratio", "param_value_internal": 0.06326230121437149, "distribution": "{\"name\": \"FloatDistribution\", \"attributes\": {\"step\": null, \"low\": 0.0, \"high\": 1.0, \"log\": false}}"}
{"op_code": 6, "worker_id": "71f6ca54-eb39-4a9a-a388-0671a9be249d-47818068719360", "trial_id": 7, "state": 1, "values": [0.24777700379081627], "datetime_complete": "2023-11-14T15:03:30.920037"}
{"op_code": 0, "worker_id": "e85865d2-f581-46ca-8de6-bff669801b3f-47817365380928", "study_name": "linear", "directions": [1]}
{"op_code": 4, "worker_id": "e85865d2-f581-46ca-8de6-bff669801b3f-47818068719360", "study_id": 0, "datetime_start": "2023-11-14T15:10:06.206515"}
{"op_code": 8, "worker_id": "e85865d2-f581-46ca-8de6-bff669801b3f-47818068719360", "trial_id": 8, "user_attr": {"fit_intercept": true}}
{"op_code": 5, "worker_id": "e85865d2-f581-46ca-8de6-bff669801b3f-47818068719360", "trial_id": 8, "param_name": "alpha", "param_value_internal": 0.0240202533863102, "distribution": "{\"name\": \"FloatDistribution\", \"attributes\": {\"step\": null, \"low\": 1e-05, \"high\": 0.1, \"log\": false}}"}
{"op_code": 5, "worker_id": "e85865d2-f581-46ca-8de6-bff669801b3f-47818068719360", "trial_id": 8, "param_name": "l1_ratio", "param_value_internal": 0.21456579928144703, "distribution": "{\"name\": \"FloatDistribution\", \"attributes\": {\"step\": null, \"low\": 0.0, \"high\": 1.0, \"log\": false}}"}
{"op_code": 6, "worker_id": "e85865d2-f581-46ca-8de6-bff669801b3f-47818068719360", "trial_id": 8, "state": 1, "values": [0.24740706305149116], "datetime_complete": "2023-11-14T15:10:06.260482"}
{"op_code": 0, "worker_id": "9d663a58-b8f0-417a-9f74-699dc72fa888-47817365380928", "study_name": "linear", "directions": [1]}
{"op_code": 4, "worker_id": "9d663a58-b8f0-417a-9f74-699dc72fa888-47818068719360", "study_id": 0, "datetime_start": "2023-11-14T15:16:43.104879"}
{"op_code": 8, "worker_id": "9d663a58-b8f0-417a-9f74-699dc72fa888-47818068719360", "trial_id": 9, "user_attr": {"fit_intercept": true}}
{"op_code": 5, "worker_id": "9d663a58-b8f0-417a-9f74-699dc72fa888-47818068719360", "trial_id": 9, "param_name": "alpha", "param_value_internal": 0.09252361933229457, "distribution": "{\"name\": \"FloatDistribution\", \"attributes\": {\"step\": null, \"low\": 1e-05, \"high\": 0.1, \"log\": false}}"}
{"op_code": 5, "worker_id": "9d663a58-b8f0-417a-9f74-699dc72fa888-47818068719360", "trial_id": 9, "param_name": "l1_ratio", "param_value_internal": 0.8632042548364813, "distribution": "{\"name\": \"FloatDistribution\", \"attributes\": {\"step\": null, \"low\": 0.0, \"high\": 1.0, \"log\": false}}"}
{"op_code": 6, "worker_id": "9d663a58-b8f0-417a-9f74-699dc72fa888-47818068719360", "trial_id": 9, "state": 1, "values": [0.2475452534883292], "datetime_complete": "2023-11-14T15:16:43.155871"}
{"op_code": 0, "worker_id": "9bdf7363-f03d-4db8-9c0d-4c92a4616318-47817365380928", "study_name": "linear", "directions": [1]}
{"op_code": 4, "worker_id": "9bdf7363-f03d-4db8-9c0d-4c92a4616318-47818068719360", "study_id": 0, "datetime_start": "2023-11-14T15:23:21.089991"}
{"op_code": 8, "worker_id": "9bdf7363-f03d-4db8-9c0d-4c92a4616318-47818068719360", "trial_id": 10, "user_attr": {"fit_intercept": true}}
{"op_code": 5, "worker_id": "9bdf7363-f03d-4db8-9c0d-4c92a4616318-47818068719360", "trial_id": 10, "param_name": "alpha", "param_value_internal": 0.050375769370919386, "distribution": "{\"name\": \"FloatDistribution\", \"attributes\": {\"step\": null, \"low\": 1e-05, \"high\": 0.1, \"log\": false}}"}
{"op_code": 5, "worker_id": "9bdf7363-f03d-4db8-9c0d-4c92a4616318-47818068719360", "trial_id": 10, "param_name": "l1_ratio", "param_value_internal": 0.587839566400131, "distribution": "{\"name\": \"FloatDistribution\", \"attributes\": {\"step\": null, \"low\": 0.0, \"high\": 1.0, \"log\": false}}"}
{"op_code": 6, "worker_id": "9bdf7363-f03d-4db8-9c0d-4c92a4616318-47818068719360", "trial_id": 10, "state": 1, "values": [0.24768256993371887], "datetime_complete": "2023-11-14T15:23:21.152111"}
