{"op_code": 0, "worker_id": "639f33e5-f0f7-4ab1-98db-4bcaab090dc2-47279818202944", "study_name": "ANN", "directions": [1]}
{"op_code": 4, "worker_id": "639f33e5-f0f7-4ab1-98db-4bcaab090dc2-47280521058048", "study_id": 0, "datetime_start": "2023-11-07T17:12:04.268374"}
{"op_code": 5, "worker_id": "639f33e5-f0f7-4ab1-98db-4bcaab090dc2-47280521058048", "trial_id": 0, "param_name": "learning_rate_init", "param_value_internal": 0.019218887583514168, "distribution": "{\"name\": \"FloatDistribution\", \"attributes\": {\"step\": null, \"low\": 0.001, \"high\": 0.1, \"log\": false}}"}
{"op_code": 5, "worker_id": "639f33e5-f0f7-4ab1-98db-4bcaab090dc2-47280521058048", "trial_id": 0, "param_name": "hidden_layer_sizes", "param_value_internal": 8, "distribution": "{\"name\": \"CategoricalDistribution\", \"attributes\": {\"choices\": [[5], [10], [20], [50], [5, 5], [10, 10], [20, 20], [50, 50], [5, 5, 5], [10, 10, 10], [50, 50, 50]]}}"}
{"op_code": 6, "worker_id": "639f33e5-f0f7-4ab1-98db-4bcaab090dc2-47280521058048", "trial_id": 0, "state": 1, "values": [0.2644675508221352], "datetime_complete": "2023-11-07T17:12:17.873294"}
{"op_code": 0, "worker_id": "8e71ae15-fb0c-4ce8-8491-32b247115028-47279818202944", "study_name": "ANN", "directions": [1]}
{"op_code": 4, "worker_id": "8e71ae15-fb0c-4ce8-8491-32b247115028-47280521058048", "study_id": 0, "datetime_start": "2023-11-07T17:18:53.079680"}
{"op_code": 5, "worker_id": "8e71ae15-fb0c-4ce8-8491-32b247115028-47280521058048", "trial_id": 1, "param_name": "learning_rate_init", "param_value_internal": 0.0510159007960355, "distribution": "{\"name\": \"FloatDistribution\", \"attributes\": {\"step\": null, \"low\": 0.001, \"high\": 0.1, \"log\": false}}"}
{"op_code": 5, "worker_id": "8e71ae15-fb0c-4ce8-8491-32b247115028-47280521058048", "trial_id": 1, "param_name": "hidden_layer_sizes", "param_value_internal": 10, "distribution": "{\"name\": \"CategoricalDistribution\", \"attributes\": {\"choices\": [[5], [10], [20], [50], [5, 5], [10, 10], [20, 20], [50, 50], [5, 5, 5], [10, 10, 10], [50, 50, 50]]}}"}
{"op_code": 6, "worker_id": "8e71ae15-fb0c-4ce8-8491-32b247115028-47280521058048", "trial_id": 1, "state": 1, "values": [0.2674931870713224], "datetime_complete": "2023-11-07T17:19:04.502486"}
{"op_code": 0, "worker_id": "82199612-4eed-4d06-9ec5-9934444ca9a3-47279818202944", "study_name": "ANN", "directions": [1]}
{"op_code": 4, "worker_id": "82199612-4eed-4d06-9ec5-9934444ca9a3-47280521058048", "study_id": 0, "datetime_start": "2023-11-07T17:25:40.747861"}
{"op_code": 5, "worker_id": "82199612-4eed-4d06-9ec5-9934444ca9a3-47280521058048", "trial_id": 2, "param_name": "learning_rate_init", "param_value_internal": 0.054996888617268945, "distribution": "{\"name\": \"FloatDistribution\", \"attributes\": {\"step\": null, \"low\": 0.001, \"high\": 0.1, \"log\": false}}"}
{"op_code": 5, "worker_id": "82199612-4eed-4d06-9ec5-9934444ca9a3-47280521058048", "trial_id": 2, "param_name": "hidden_layer_sizes", "param_value_internal": 9, "distribution": "{\"name\": \"CategoricalDistribution\", \"attributes\": {\"choices\": [[5], [10], [20], [50], [5, 5], [10, 10], [20, 20], [50, 50], [5, 5, 5], [10, 10, 10], [50, 50, 50]]}}"}
{"op_code": 6, "worker_id": "82199612-4eed-4d06-9ec5-9934444ca9a3-47280521058048", "trial_id": 2, "state": 1, "values": [0.256484572110143], "datetime_complete": "2023-11-07T17:25:53.376308"}
{"op_code": 0, "worker_id": "21dd5100-0cbc-4b06-b0fd-2df79af7fade-47279818202944", "study_name": "ANN", "directions": [1]}
{"op_code": 4, "worker_id": "21dd5100-0cbc-4b06-b0fd-2df79af7fade-47280521058048", "study_id": 0, "datetime_start": "2023-11-07T17:32:29.036679"}
{"op_code": 5, "worker_id": "21dd5100-0cbc-4b06-b0fd-2df79af7fade-47280521058048", "trial_id": 3, "param_name": "learning_rate_init", "param_value_internal": 0.05768948331589845, "distribution": "{\"name\": \"FloatDistribution\", \"attributes\": {\"step\": null, \"low\": 0.001, \"high\": 0.1, \"log\": false}}"}
{"op_code": 5, "worker_id": "21dd5100-0cbc-4b06-b0fd-2df79af7fade-47280521058048", "trial_id": 3, "param_name": "hidden_layer_sizes", "param_value_internal": 5, "distribution": "{\"name\": \"CategoricalDistribution\", \"attributes\": {\"choices\": [[5], [10], [20], [50], [5, 5], [10, 10], [20, 20], [50, 50], [5, 5, 5], [10, 10, 10], [50, 50, 50]]}}"}
{"op_code": 6, "worker_id": "21dd5100-0cbc-4b06-b0fd-2df79af7fade-47280521058048", "trial_id": 3, "state": 1, "values": [0.26300109742385075], "datetime_complete": "2023-11-07T17:32:39.877123"}
{"op_code": 0, "worker_id": "3152bd2f-a1fe-4315-aa92-f00d97545e1e-47817365380928", "study_name": "ANN", "directions": [1]}
{"op_code": 4, "worker_id": "3152bd2f-a1fe-4315-aa92-f00d97545e1e-47818068719360", "study_id": 0, "datetime_start": "2023-11-14T15:00:14.710681"}
{"op_code": 5, "worker_id": "3152bd2f-a1fe-4315-aa92-f00d97545e1e-47818068719360", "trial_id": 4, "param_name": "learning_rate_init", "param_value_internal": 0.05207577620776699, "distribution": "{\"name\": \"FloatDistribution\", \"attributes\": {\"step\": null, \"low\": 0.001, \"high\": 0.1, \"log\": false}}"}
{"op_code": 5, "worker_id": "3152bd2f-a1fe-4315-aa92-f00d97545e1e-47818068719360", "trial_id": 4, "param_name": "hidden_layer_sizes", "param_value_internal": 4, "distribution": "{\"name\": \"CategoricalDistribution\", \"attributes\": {\"choices\": [[5], [10], [20], [50], [5, 5], [10, 10], [20, 20], [50, 50], [5, 5, 5], [10, 10, 10], [50, 50, 50]]}}"}
{"op_code": 6, "worker_id": "3152bd2f-a1fe-4315-aa92-f00d97545e1e-47818068719360", "trial_id": 4, "state": 1, "values": [0.26776878503506935], "datetime_complete": "2023-11-14T15:00:24.953813"}
{"op_code": 0, "worker_id": "bf13fb78-d013-43a2-b657-646c201c4ffe-47817365380928", "study_name": "ANN", "directions": [1]}
{"op_code": 4, "worker_id": "bf13fb78-d013-43a2-b657-646c201c4ffe-47818068719360", "study_id": 0, "datetime_start": "2023-11-14T15:06:44.726666"}
{"op_code": 5, "worker_id": "bf13fb78-d013-43a2-b657-646c201c4ffe-47818068719360", "trial_id": 5, "param_name": "learning_rate_init", "param_value_internal": 0.06357671019104295, "distribution": "{\"name\": \"FloatDistribution\", \"attributes\": {\"step\": null, \"low\": 0.001, \"high\": 0.1, \"log\": false}}"}
{"op_code": 5, "worker_id": "bf13fb78-d013-43a2-b657-646c201c4ffe-47818068719360", "trial_id": 5, "param_name": "hidden_layer_sizes", "param_value_internal": 8, "distribution": "{\"name\": \"CategoricalDistribution\", \"attributes\": {\"choices\": [[5], [10], [20], [50], [5, 5], [10, 10], [20, 20], [50, 50], [5, 5, 5], [10, 10, 10], [50, 50, 50]]}}"}
{"op_code": 6, "worker_id": "bf13fb78-d013-43a2-b657-646c201c4ffe-47818068719360", "trial_id": 5, "state": 1, "values": [0.2631432061820314], "datetime_complete": "2023-11-14T15:06:57.069342"}
{"op_code": 0, "worker_id": "8f8b5e3f-b594-4e7b-a520-f0ee0bad5477-47817365380928", "study_name": "ANN", "directions": [1]}
{"op_code": 4, "worker_id": "8f8b5e3f-b594-4e7b-a520-f0ee0bad5477-47818068719360", "study_id": 0, "datetime_start": "2023-11-14T15:13:20.414553"}
{"op_code": 5, "worker_id": "8f8b5e3f-b594-4e7b-a520-f0ee0bad5477-47818068719360", "trial_id": 6, "param_name": "learning_rate_init", "param_value_internal": 0.07202095371632186, "distribution": "{\"name\": \"FloatDistribution\", \"attributes\": {\"step\": null, \"low\": 0.001, \"high\": 0.1, \"log\": false}}"}
{"op_code": 5, "worker_id": "8f8b5e3f-b594-4e7b-a520-f0ee0bad5477-47818068719360", "trial_id": 6, "param_name": "hidden_layer_sizes", "param_value_internal": 4, "distribution": "{\"name\": \"CategoricalDistribution\", \"attributes\": {\"choices\": [[5], [10], [20], [50], [5, 5], [10, 10], [20, 20], [50, 50], [5, 5, 5], [10, 10, 10], [50, 50, 50]]}}"}
{"op_code": 6, "worker_id": "8f8b5e3f-b594-4e7b-a520-f0ee0bad5477-47818068719360", "trial_id": 6, "state": 1, "values": [0.26405776949924986], "datetime_complete": "2023-11-14T15:13:32.975566"}
{"op_code": 0, "worker_id": "1610f2bd-214c-4376-9ae6-47821146229f-47817365380928", "study_name": "ANN", "directions": [1]}
{"op_code": 4, "worker_id": "1610f2bd-214c-4376-9ae6-47821146229f-47818068719360", "study_id": 0, "datetime_start": "2023-11-14T15:19:59.925479"}
{"op_code": 5, "worker_id": "1610f2bd-214c-4376-9ae6-47821146229f-47818068719360", "trial_id": 7, "param_name": "learning_rate_init", "param_value_internal": 0.049424540163610545, "distribution": "{\"name\": \"FloatDistribution\", \"attributes\": {\"step\": null, \"low\": 0.001, \"high\": 0.1, \"log\": false}}"}
{"op_code": 5, "worker_id": "1610f2bd-214c-4376-9ae6-47821146229f-47818068719360", "trial_id": 7, "param_name": "hidden_layer_sizes", "param_value_internal": 1, "distribution": "{\"name\": \"CategoricalDistribution\", \"attributes\": {\"choices\": [[5], [10], [20], [50], [5, 5], [10, 10], [20, 20], [50, 50], [5, 5, 5], [10, 10, 10], [50, 50, 50]]}}"}
{"op_code": 6, "worker_id": "1610f2bd-214c-4376-9ae6-47821146229f-47818068719360", "trial_id": 7, "state": 1, "values": [0.2604160545487033], "datetime_complete": "2023-11-14T15:20:11.867799"}
