{"op_code": 0, "worker_id": "3fe5b2c0-eb0c-4b47-97cc-115254e9b2f2-47279818202944", "study_name": "GB", "directions": [1]}
{"op_code": 4, "worker_id": "3fe5b2c0-eb0c-4b47-97cc-115254e9b2f2-47280521058048", "study_id": 0, "datetime_start": "2023-11-07T17:11:40.002421"}
{"op_code": 5, "worker_id": "3fe5b2c0-eb0c-4b47-97cc-115254e9b2f2-47280521058048", "trial_id": 0, "param_name": "n_estimators", "param_value_internal": 3, "distribution": "{\"name\": \"CategoricalDistribution\", \"attributes\": {\"choices\": [10, 20, 50, 200, 500]}}"}
{"op_code": 5, "worker_id": "3fe5b2c0-eb0c-4b47-97cc-115254e9b2f2-47280521058048", "trial_id": 0, "param_name": "learning_rate", "param_value_internal": 0.2458979831041545, "distribution": "{\"name\": \"FloatDistribution\", \"attributes\": {\"step\": null, \"low\": 0.005, \"high\": 1.0, \"log\": false}}"}
{"op_code": 5, "worker_id": "3fe5b2c0-eb0c-4b47-97cc-115254e9b2f2-47280521058048", "trial_id": 0, "param_name": "max_depth", "param_value_internal": 4, "distribution": "{\"name\": \"CategoricalDistribution\", \"attributes\": {\"choices\": [1, 2, 3, 4, 5]}}"}
{"op_code": 6, "worker_id": "3fe5b2c0-eb0c-4b47-97cc-115254e9b2f2-47280521058048", "trial_id": 0, "state": 1, "values": [0.24631789092936593], "datetime_complete": "2023-11-07T17:11:47.190010"}
{"op_code": 0, "worker_id": "b1fcc773-51d1-429e-bedd-307561872d4e-47279818202944", "study_name": "GB", "directions": [1]}
{"op_code": 4, "worker_id": "b1fcc773-51d1-429e-bedd-307561872d4e-47280521058048", "study_id": 0, "datetime_start": "2023-11-07T17:18:28.782651"}
{"op_code": 5, "worker_id": "b1fcc773-51d1-429e-bedd-307561872d4e-47280521058048", "trial_id": 1, "param_name": "n_estimators", "param_value_internal": 4, "distribution": "{\"name\": \"CategoricalDistribution\", \"attributes\": {\"choices\": [10, 20, 50, 200, 500]}}"}
{"op_code": 5, "worker_id": "b1fcc773-51d1-429e-bedd-307561872d4e-47280521058048", "trial_id": 1, "param_name": "learning_rate", "param_value_internal": 0.9681628533353072, "distribution": "{\"name\": \"FloatDistribution\", \"attributes\": {\"step\": null, \"low\": 0.005, \"high\": 1.0, \"log\": false}}"}
{"op_code": 5, "worker_id": "b1fcc773-51d1-429e-bedd-307561872d4e-47280521058048", "trial_id": 1, "param_name": "max_depth", "param_value_internal": 1, "distribution": "{\"name\": \"CategoricalDistribution\", \"attributes\": {\"choices\": [1, 2, 3, 4, 5]}}"}
{"op_code": 6, "worker_id": "b1fcc773-51d1-429e-bedd-307561872d4e-47280521058048", "trial_id": 1, "state": 1, "values": [0.24735492737859097], "datetime_complete": "2023-11-07T17:18:35.966914"}
{"op_code": 0, "worker_id": "e6d1d577-068b-4f6c-a394-d915e4d72138-47279818202944", "study_name": "GB", "directions": [1]}
{"op_code": 4, "worker_id": "e6d1d577-068b-4f6c-a394-d915e4d72138-47280521058048", "study_id": 0, "datetime_start": "2023-11-07T17:25:16.507487"}
{"op_code": 5, "worker_id": "e6d1d577-068b-4f6c-a394-d915e4d72138-47280521058048", "trial_id": 2, "param_name": "n_estimators", "param_value_internal": 1, "distribution": "{\"name\": \"CategoricalDistribution\", \"attributes\": {\"choices\": [10, 20, 50, 200, 500]}}"}
{"op_code": 5, "worker_id": "e6d1d577-068b-4f6c-a394-d915e4d72138-47280521058048", "trial_id": 2, "param_name": "learning_rate", "param_value_internal": 0.9344593157515144, "distribution": "{\"name\": \"FloatDistribution\", \"attributes\": {\"step\": null, \"low\": 0.005, \"high\": 1.0, \"log\": false}}"}
{"op_code": 5, "worker_id": "e6d1d577-068b-4f6c-a394-d915e4d72138-47280521058048", "trial_id": 2, "param_name": "max_depth", "param_value_internal": 4, "distribution": "{\"name\": \"CategoricalDistribution\", \"attributes\": {\"choices\": [1, 2, 3, 4, 5]}}"}
{"op_code": 6, "worker_id": "e6d1d577-068b-4f6c-a394-d915e4d72138-47280521058048", "trial_id": 2, "state": 1, "values": [0.2480989688034654], "datetime_complete": "2023-11-07T17:25:23.699174"}
{"op_code": 0, "worker_id": "0ebd7e7e-6331-4c26-8c57-0646b7575850-47279818202944", "study_name": "GB", "directions": [1]}
{"op_code": 4, "worker_id": "0ebd7e7e-6331-4c26-8c57-0646b7575850-47280521058048", "study_id": 0, "datetime_start": "2023-11-07T17:32:04.809436"}
{"op_code": 5, "worker_id": "0ebd7e7e-6331-4c26-8c57-0646b7575850-47280521058048", "trial_id": 3, "param_name": "n_estimators", "param_value_internal": 0, "distribution": "{\"name\": \"CategoricalDistribution\", \"attributes\": {\"choices\": [10, 20, 50, 200, 500]}}"}
{"op_code": 5, "worker_id": "0ebd7e7e-6331-4c26-8c57-0646b7575850-47280521058048", "trial_id": 3, "param_name": "learning_rate", "param_value_internal": 0.2954242010639619, "distribution": "{\"name\": \"FloatDistribution\", \"attributes\": {\"step\": null, \"low\": 0.005, \"high\": 1.0, \"log\": false}}"}
{"op_code": 5, "worker_id": "0ebd7e7e-6331-4c26-8c57-0646b7575850-47280521058048", "trial_id": 3, "param_name": "max_depth", "param_value_internal": 3, "distribution": "{\"name\": \"CategoricalDistribution\", \"attributes\": {\"choices\": [1, 2, 3, 4, 5]}}"}
{"op_code": 6, "worker_id": "0ebd7e7e-6331-4c26-8c57-0646b7575850-47280521058048", "trial_id": 3, "state": 1, "values": [0.24771541743829975], "datetime_complete": "2023-11-07T17:32:11.976682"}
