{"op_code": 0, "worker_id": "12ec83af-0a07-4f96-a52b-f61517a8ed48-47279818202944", "study_name": "KRR", "directions": [1]}
{"op_code": 4, "worker_id": "12ec83af-0a07-4f96-a52b-f61517a8ed48-47280521058048", "study_id": 0, "datetime_start": "2023-11-07T17:11:39.120459"}
{"op_code": 5, "worker_id": "12ec83af-0a07-4f96-a52b-f61517a8ed48-47280521058048", "trial_id": 0, "param_name": "alpha", "param_value_internal": 0.4398071666544524, "distribution": "{\"name\": \"FloatDistribution\", \"attributes\": {\"step\": null, \"low\": 0.0001, \"high\": 1.0, \"log\": false}}"}
{"op_code": 5, "worker_id": "12ec83af-0a07-4f96-a52b-f61517a8ed48-47280521058048", "trial_id": 0, "param_name": "gamma", "param_value_internal": 7.392146900686814e-15, "distribution": "{\"name\": \"FloatDistribution\", \"attributes\": {\"step\": null, \"low\": 0.0, \"high\": 1e-14, \"log\": false}}"}
{"op_code": 5, "worker_id": "12ec83af-0a07-4f96-a52b-f61517a8ed48-47280521058048", "trial_id": 0, "param_name": "kernel", "param_value_internal": 2, "distribution": "{\"name\": \"CategoricalDistribution\", \"attributes\": {\"choices\": [\"linear\", \"laplacian\", \"rbf\"]}}"}
{"op_code": 6, "worker_id": "12ec83af-0a07-4f96-a52b-f61517a8ed48-47280521058048", "trial_id": 0, "state": 1, "values": [0.2507609665077765], "datetime_complete": "2023-11-07T17:11:39.993200"}
{"op_code": 0, "worker_id": "477d2c9e-ad20-4ec0-b43d-c9b3a14ce246-47279818202944", "study_name": "KRR", "directions": [1]}
{"op_code": 4, "worker_id": "477d2c9e-ad20-4ec0-b43d-c9b3a14ce246-47280521058048", "study_id": 0, "datetime_start": "2023-11-07T17:18:27.906545"}
{"op_code": 5, "worker_id": "477d2c9e-ad20-4ec0-b43d-c9b3a14ce246-47280521058048", "trial_id": 1, "param_name": "alpha", "param_value_internal": 0.26491942978238114, "distribution": "{\"name\": \"FloatDistribution\", \"attributes\": {\"step\": null, \"low\": 0.0001, \"high\": 1.0, \"log\": false}}"}
{"op_code": 5, "worker_id": "477d2c9e-ad20-4ec0-b43d-c9b3a14ce246-47280521058048", "trial_id": 1, "param_name": "gamma", "param_value_internal": 9.2876693808206e-15, "distribution": "{\"name\": \"FloatDistribution\", \"attributes\": {\"step\": null, \"low\": 0.0, \"high\": 1e-14, \"log\": false}}"}
{"op_code": 5, "worker_id": "477d2c9e-ad20-4ec0-b43d-c9b3a14ce246-47280521058048", "trial_id": 1, "param_name": "kernel", "param_value_internal": 0, "distribution": "{\"name\": \"CategoricalDistribution\", \"attributes\": {\"choices\": [\"linear\", \"laplacian\", \"rbf\"]}}"}
{"op_code": 6, "worker_id": "477d2c9e-ad20-4ec0-b43d-c9b3a14ce246-47280521058048", "trial_id": 1, "state": 1, "values": [0.2510711302626463], "datetime_complete": "2023-11-07T17:18:28.773059"}
{"op_code": 0, "worker_id": "d0fa5b35-abd1-46cc-8f36-c7170d979721-47279818202944", "study_name": "KRR", "directions": [1]}
{"op_code": 4, "worker_id": "d0fa5b35-abd1-46cc-8f36-c7170d979721-47280521058048", "study_id": 0, "datetime_start": "2023-11-07T17:25:15.598793"}
{"op_code": 5, "worker_id": "d0fa5b35-abd1-46cc-8f36-c7170d979721-47280521058048", "trial_id": 2, "param_name": "alpha", "param_value_internal": 0.8781287244916588, "distribution": "{\"name\": \"FloatDistribution\", \"attributes\": {\"step\": null, \"low\": 0.0001, \"high\": 1.0, \"log\": false}}"}
{"op_code": 5, "worker_id": "d0fa5b35-abd1-46cc-8f36-c7170d979721-47280521058048", "trial_id": 2, "param_name": "gamma", "param_value_internal": 1.930322793923681e-15, "distribution": "{\"name\": \"FloatDistribution\", \"attributes\": {\"step\": null, \"low\": 0.0, \"high\": 1e-14, \"log\": false}}"}
{"op_code": 5, "worker_id": "d0fa5b35-abd1-46cc-8f36-c7170d979721-47280521058048", "trial_id": 2, "param_name": "kernel", "param_value_internal": 2, "distribution": "{\"name\": \"CategoricalDistribution\", \"attributes\": {\"choices\": [\"linear\", \"laplacian\", \"rbf\"]}}"}
{"op_code": 6, "worker_id": "d0fa5b35-abd1-46cc-8f36-c7170d979721-47280521058048", "trial_id": 2, "state": 1, "values": [0.25109242178769203], "datetime_complete": "2023-11-07T17:25:16.495806"}
{"op_code": 0, "worker_id": "9052bd5b-3932-46cc-b0a4-ac9c64726b41-47279818202944", "study_name": "KRR", "directions": [1]}
{"op_code": 4, "worker_id": "9052bd5b-3932-46cc-b0a4-ac9c64726b41-47280521058048", "study_id": 0, "datetime_start": "2023-11-07T17:32:03.843705"}
{"op_code": 5, "worker_id": "9052bd5b-3932-46cc-b0a4-ac9c64726b41-47280521058048", "trial_id": 3, "param_name": "alpha", "param_value_internal": 0.4574963987643353, "distribution": "{\"name\": \"FloatDistribution\", \"attributes\": {\"step\": null, \"low\": 0.0001, \"high\": 1.0, \"log\": false}}"}
{"op_code": 5, "worker_id": "9052bd5b-3932-46cc-b0a4-ac9c64726b41-47280521058048", "trial_id": 3, "param_name": "gamma", "param_value_internal": 8.577994300998945e-15, "distribution": "{\"name\": \"FloatDistribution\", \"attributes\": {\"step\": null, \"low\": 0.0, \"high\": 1e-14, \"log\": false}}"}
{"op_code": 5, "worker_id": "9052bd5b-3932-46cc-b0a4-ac9c64726b41-47280521058048", "trial_id": 3, "param_name": "kernel", "param_value_internal": 0, "distribution": "{\"name\": \"CategoricalDistribution\", \"attributes\": {\"choices\": [\"linear\", \"laplacian\", \"rbf\"]}}"}
{"op_code": 6, "worker_id": "9052bd5b-3932-46cc-b0a4-ac9c64726b41-47280521058048", "trial_id": 3, "state": 1, "values": [0.25095292234429545], "datetime_complete": "2023-11-07T17:32:04.798678"}
{"op_code": 0, "worker_id": "6769192e-3da3-40b0-a716-039f3bb6ba0d-4812", "study_name": "KRR", "directions": [1]}
{"op_code": 4, "worker_id": "6769192e-3da3-40b0-a716-039f3bb6ba0d-21020", "study_id": 0, "datetime_start": "2023-11-13T20:41:05.527240"}
{"op_code": 5, "worker_id": "6769192e-3da3-40b0-a716-039f3bb6ba0d-21020", "trial_id": 4, "param_name": "alpha", "param_value_internal": 0.881461811128715, "distribution": "{\"name\": \"FloatDistribution\", \"attributes\": {\"step\": null, \"low\": 0.0001, \"high\": 1.0, \"log\": false}}"}
{"op_code": 5, "worker_id": "6769192e-3da3-40b0-a716-039f3bb6ba0d-21020", "trial_id": 4, "param_name": "gamma", "param_value_internal": 9.144094741312047e-15, "distribution": "{\"name\": \"FloatDistribution\", \"attributes\": {\"step\": null, \"low\": 0.0, \"high\": 1e-14, \"log\": false}}"}
{"op_code": 5, "worker_id": "6769192e-3da3-40b0-a716-039f3bb6ba0d-21020", "trial_id": 4, "param_name": "kernel", "param_value_internal": 1, "distribution": "{\"name\": \"CategoricalDistribution\", \"attributes\": {\"choices\": [\"linear\", \"laplacian\", \"rbf\"]}}"}
{"op_code": 6, "worker_id": "6769192e-3da3-40b0-a716-039f3bb6ba0d-21020", "trial_id": 4, "state": 1, "values": [0.2510296843414282], "datetime_complete": "2023-11-13T20:41:06.020474"}
{"op_code": 0, "worker_id": "7c89e94e-a012-4353-b1b8-a1f72f411d06-9840", "study_name": "KRR", "directions": [1]}
{"op_code": 4, "worker_id": "7c89e94e-a012-4353-b1b8-a1f72f411d06-20940", "study_id": 0, "datetime_start": "2023-11-13T20:41:07.731238"}
{"op_code": 5, "worker_id": "7c89e94e-a012-4353-b1b8-a1f72f411d06-20940", "trial_id": 5, "param_name": "alpha", "param_value_internal": 0.882851341693958, "distribution": "{\"name\": \"FloatDistribution\", \"attributes\": {\"step\": null, \"low\": 0.0001, \"high\": 1.0, \"log\": false}}"}
{"op_code": 5, "worker_id": "7c89e94e-a012-4353-b1b8-a1f72f411d06-20940", "trial_id": 5, "param_name": "gamma", "param_value_internal": 3.173900346328613e-15, "distribution": "{\"name\": \"FloatDistribution\", \"attributes\": {\"step\": null, \"low\": 0.0, \"high\": 1e-14, \"log\": false}}"}
{"op_code": 5, "worker_id": "7c89e94e-a012-4353-b1b8-a1f72f411d06-20940", "trial_id": 5, "param_name": "kernel", "param_value_internal": 2, "distribution": "{\"name\": \"CategoricalDistribution\", \"attributes\": {\"choices\": [\"linear\", \"laplacian\", \"rbf\"]}}"}
{"op_code": 6, "worker_id": "7c89e94e-a012-4353-b1b8-a1f72f411d06-20940", "trial_id": 5, "state": 1, "values": [0.2505666763258095], "datetime_complete": "2023-11-13T20:41:08.199479"}
{"op_code": 0, "worker_id": "d26f560b-12ae-43a0-b9ed-c1d255908ec2-6556", "study_name": "KRR", "directions": [1]}
{"op_code": 0, "worker_id": "bcce24ba-3937-4d67-80d1-9fa22139281a-6556", "study_name": "KRR", "directions": [1]}
{"op_code": 0, "worker_id": "2d05128c-4545-4aa5-ae22-4fc1d15170e3-6556", "study_name": "KRR", "directions": [1]}
{"op_code": 0, "worker_id": "f0f15c44-79d3-4687-8d56-0516c0dd5bfc-6556", "study_name": "KRR", "directions": [1]}
{"op_code": 0, "worker_id": "9759772f-34df-4693-866e-2d5d9d18d66f-6556", "study_name": "KRR", "directions": [1]}
{"op_code": 0, "worker_id": "41d2bc4d-c12f-4d74-ade2-014ef3f5c7cd-2012", "study_name": "KRR", "directions": [1]}
{"op_code": 0, "worker_id": "a8be3404-ec73-408a-a512-12b4d3fb6085-2012", "study_name": "KRR", "directions": [1]}
{"op_code": 0, "worker_id": "28faf5f5-c94d-4db8-820a-d814181db5e3-2012", "study_name": "KRR", "directions": [1]}
{"op_code": 0, "worker_id": "425fb6e5-dad8-474b-98dd-ec184dc55507-2012", "study_name": "KRR", "directions": [1]}
{"op_code": 0, "worker_id": "b77ca54e-e9e9-43ec-91f3-ac65fe812d04-2012", "study_name": "KRR", "directions": [1]}
{"op_code": 0, "worker_id": "e3a010a1-a9c9-43c9-bd2a-d77796611772-2012", "study_name": "KRR", "directions": [1]}
{"op_code": 4, "worker_id": "41d2bc4d-c12f-4d74-ade2-014ef3f5c7cd-7364", "study_id": 0, "datetime_start": "2023-11-14T13:25:35.881292"}
{"op_code": 5, "worker_id": "41d2bc4d-c12f-4d74-ade2-014ef3f5c7cd-7364", "trial_id": 6, "param_name": "alpha", "param_value_internal": 0.9523598283776153, "distribution": "{\"name\": \"FloatDistribution\", \"attributes\": {\"step\": null, \"low\": 0.0001, \"high\": 1.0, \"log\": false}}"}
{"op_code": 5, "worker_id": "41d2bc4d-c12f-4d74-ade2-014ef3f5c7cd-7364", "trial_id": 6, "param_name": "gamma", "param_value_internal": 1.8713919144163915e-15, "distribution": "{\"name\": \"FloatDistribution\", \"attributes\": {\"step\": null, \"low\": 0.0, \"high\": 1e-14, \"log\": false}}"}
{"op_code": 5, "worker_id": "41d2bc4d-c12f-4d74-ade2-014ef3f5c7cd-7364", "trial_id": 6, "param_name": "kernel", "param_value_internal": 0, "distribution": "{\"name\": \"CategoricalDistribution\", \"attributes\": {\"choices\": [\"linear\", \"laplacian\", \"rbf\"]}}"}
{"op_code": 6, "worker_id": "41d2bc4d-c12f-4d74-ade2-014ef3f5c7cd-7364", "trial_id": 6, "state": 1, "values": [0.25096237147175476], "datetime_complete": "2023-11-14T13:25:36.658591"}
{"op_code": 4, "worker_id": "a8be3404-ec73-408a-a512-12b4d3fb6085-3744", "study_id": 0, "datetime_start": "2023-11-14T13:27:15.278366"}
{"op_code": 5, "worker_id": "a8be3404-ec73-408a-a512-12b4d3fb6085-3744", "trial_id": 7, "param_name": "alpha", "param_value_internal": 0.8793094456058799, "distribution": "{\"name\": \"FloatDistribution\", \"attributes\": {\"step\": null, \"low\": 0.0001, \"high\": 1.0, \"log\": false}}"}
{"op_code": 5, "worker_id": "a8be3404-ec73-408a-a512-12b4d3fb6085-3744", "trial_id": 7, "param_name": "gamma", "param_value_internal": 3.587113023019824e-15, "distribution": "{\"name\": \"FloatDistribution\", \"attributes\": {\"step\": null, \"low\": 0.0, \"high\": 1e-14, \"log\": false}}"}
{"op_code": 5, "worker_id": "a8be3404-ec73-408a-a512-12b4d3fb6085-3744", "trial_id": 7, "param_name": "kernel", "param_value_internal": 0, "distribution": "{\"name\": \"CategoricalDistribution\", \"attributes\": {\"choices\": [\"linear\", \"laplacian\", \"rbf\"]}}"}
{"op_code": 6, "worker_id": "a8be3404-ec73-408a-a512-12b4d3fb6085-3744", "trial_id": 7, "state": 1, "values": [0.2508133938554813], "datetime_complete": "2023-11-14T13:27:16.154675"}
{"op_code": 0, "worker_id": "b1f25007-aaa4-488e-bf47-0a0c6c96f3a1-4160", "study_name": "KRR", "directions": [1]}
{"op_code": 0, "worker_id": "f3054ac7-6ae9-444d-9ed2-6085e236622d-4160", "study_name": "KRR", "directions": [1]}
{"op_code": 0, "worker_id": "201ce632-a07f-44b7-a2a8-4951b63dc30b-4160", "study_name": "KRR", "directions": [1]}
{"op_code": 0, "worker_id": "4bd08ff5-ac68-4d7d-b218-efe447d0646a-4160", "study_name": "KRR", "directions": [1]}
{"op_code": 0, "worker_id": "a4861d07-a234-4ded-b7ea-26bfa5bbb71b-4160", "study_name": "KRR", "directions": [1]}
{"op_code": 0, "worker_id": "edcb2c6e-7bd9-49fc-ba04-015cf8afbd50-4160", "study_name": "KRR", "directions": [1]}
{"op_code": 0, "worker_id": "4fdcb15b-31e0-4095-a2b4-da1808f518d1-4160", "study_name": "KRR", "directions": [1]}
{"op_code": 0, "worker_id": "eb44828d-7ed4-4214-bfc4-e129b9cc3acb-4160", "study_name": "KRR", "directions": [1]}
{"op_code": 0, "worker_id": "a782a3c7-43dc-40fc-8f5b-0293aee787fb-4160", "study_name": "KRR", "directions": [1]}
{"op_code": 0, "worker_id": "bb0625fc-b117-4997-a7f8-04e6f56eb94e-4160", "study_name": "KRR", "directions": [1]}
{"op_code": 0, "worker_id": "9fdc3c63-f141-482e-863d-b0b5d57e5fee-4160", "study_name": "KRR", "directions": [1]}
{"op_code": 0, "worker_id": "36bba2ed-0c42-442a-b68c-b224e36cb8b5-4160", "study_name": "KRR", "directions": [1]}
{"op_code": 0, "worker_id": "b093f2ef-9c23-4e8f-a2b2-f225a8a12c00-4160", "study_name": "KRR", "directions": [1]}
{"op_code": 0, "worker_id": "82409e8a-b0cd-4e83-b87e-c8b4e3f44429-4160", "study_name": "KRR", "directions": [1]}
{"op_code": 0, "worker_id": "11002a30-0847-46da-81ca-ecb2ef8fb89b-4160", "study_name": "KRR", "directions": [1]}
{"op_code": 0, "worker_id": "5cd5a73c-87ad-4881-bcda-80ad43ced65a-4160", "study_name": "KRR", "directions": [1]}
{"op_code": 0, "worker_id": "60d48a71-0406-4839-bfae-44e098b5222d-4160", "study_name": "KRR", "directions": [1]}
{"op_code": 0, "worker_id": "08d923af-a524-4a89-936c-7eac51528653-4160", "study_name": "KRR", "directions": [1]}
{"op_code": 0, "worker_id": "41e2c5b4-bf00-41fa-8b97-7337cbea4d55-4160", "study_name": "KRR", "directions": [1]}
{"op_code": 0, "worker_id": "a31fa237-1325-4756-857b-7b3ada1994a1-4160", "study_name": "KRR", "directions": [1]}
{"op_code": 0, "worker_id": "a6b52d77-ff76-46e5-affb-220cacf7af2b-4160", "study_name": "KRR", "directions": [1]}
{"op_code": 0, "worker_id": "9dda8194-f17c-485f-812c-8ba1d15f89af-4160", "study_name": "KRR", "directions": [1]}
{"op_code": 0, "worker_id": "0fc52518-168e-4a50-941d-e8cbdb97b84e-4160", "study_name": "KRR", "directions": [1]}
{"op_code": 0, "worker_id": "c75dff97-214c-487a-95a2-6fe6ed45a897-4160", "study_name": "KRR", "directions": [1]}
{"op_code": 0, "worker_id": "1d6178c8-4da1-4de3-89d9-07789ad15ce4-4160", "study_name": "KRR", "directions": [1]}
{"op_code": 0, "worker_id": "43b7947a-235a-48a6-9e0c-dfd524617a16-4160", "study_name": "KRR", "directions": [1]}
{"op_code": 0, "worker_id": "d19de686-6838-437e-a33e-9f2ba5443905-4160", "study_name": "KRR", "directions": [1]}
{"op_code": 0, "worker_id": "4551855a-70a5-497c-a9d1-9c959eb217b5-4160", "study_name": "KRR", "directions": [1]}
{"op_code": 0, "worker_id": "52cdeeb4-4541-47f7-a406-6b0d58fe2e68-4160", "study_name": "KRR", "directions": [1]}
{"op_code": 0, "worker_id": "6db62570-5074-487d-b347-f0ad05704fc3-4160", "study_name": "KRR", "directions": [1]}
{"op_code": 0, "worker_id": "b165539a-9590-4bc5-8930-319faee975b9-4160", "study_name": "KRR", "directions": [1]}
{"op_code": 0, "worker_id": "bb1e0442-349d-416d-8e9d-736400cac208-4160", "study_name": "KRR", "directions": [1]}
{"op_code": 0, "worker_id": "f4ad9e01-00f3-488f-ae43-41330d107c26-4160", "study_name": "KRR", "directions": [1]}
{"op_code": 0, "worker_id": "abbf248f-28c6-461a-9b65-bc90ebabeed8-4160", "study_name": "KRR", "directions": [1]}
{"op_code": 0, "worker_id": "f984ed30-8eda-47b4-bfd5-987b6e064e0c-4160", "study_name": "KRR", "directions": [1]}
{"op_code": 0, "worker_id": "41ecac5f-2aaf-438f-8460-9149113188c3-4160", "study_name": "KRR", "directions": [1]}
{"op_code": 0, "worker_id": "d76570c9-14df-4e23-a245-fda66b8f7640-4160", "study_name": "KRR", "directions": [1]}
{"op_code": 0, "worker_id": "839023d3-5928-4866-b12e-d150e1f5591b-4160", "study_name": "KRR", "directions": [1]}
{"op_code": 0, "worker_id": "012af5c1-c375-4a94-8639-dc153ae14c2b-4160", "study_name": "KRR", "directions": [1]}
{"op_code": 0, "worker_id": "22671106-057e-4949-9b5e-a96075e34ed8-4160", "study_name": "KRR", "directions": [1]}
{"op_code": 0, "worker_id": "5396ac43-444a-4b8a-98d7-6ad9ff37912c-4160", "study_name": "KRR", "directions": [1]}
{"op_code": 0, "worker_id": "83e0e75f-aebf-4192-80d7-0e14053528c5-4160", "study_name": "KRR", "directions": [1]}
{"op_code": 0, "worker_id": "5ad0ce19-0a50-4f73-ab97-b69c41b747fe-4160", "study_name": "KRR", "directions": [1]}
{"op_code": 0, "worker_id": "27ae306c-8e5e-4e6c-a9c7-a3ebe2d7217a-4160", "study_name": "KRR", "directions": [1]}
{"op_code": 0, "worker_id": "59c9823c-7dce-453f-aad8-d2ce84549b28-4160", "study_name": "KRR", "directions": [1]}
{"op_code": 0, "worker_id": "58091fa7-6a11-4d6c-91ce-dd0e3e9ffce1-4160", "study_name": "KRR", "directions": [1]}
{"op_code": 0, "worker_id": "11a73b08-ab88-4e56-a418-64fbd0748b37-4160", "study_name": "KRR", "directions": [1]}
{"op_code": 0, "worker_id": "78a1bb53-faf3-4fd7-b88b-62e6ede46e26-4160", "study_name": "KRR", "directions": [1]}
{"op_code": 0, "worker_id": "a3094870-de8a-455b-826d-db2828e9b9b6-4160", "study_name": "KRR", "directions": [1]}
{"op_code": 0, "worker_id": "f4440535-ecdd-4598-8433-f814171068af-4160", "study_name": "KRR", "directions": [1]}
{"op_code": 0, "worker_id": "a1e67317-085e-4a6f-9408-dabd0dcf605d-4160", "study_name": "KRR", "directions": [1]}
{"op_code": 0, "worker_id": "309d11b2-b6a3-4b78-bac1-91ff9be0bfee-4160", "study_name": "KRR", "directions": [1]}
{"op_code": 0, "worker_id": "0d8a3d40-044e-45ca-85c5-1e84528724c4-4160", "study_name": "KRR", "directions": [1]}
{"op_code": 0, "worker_id": "fa9c7b0b-8f91-42ed-8d3c-41bb2694ee3b-4160", "study_name": "KRR", "directions": [1]}
{"op_code": 0, "worker_id": "a66ee117-7157-4bb8-8cdb-b100b4edbd52-4160", "study_name": "KRR", "directions": [1]}
{"op_code": 0, "worker_id": "9bda8f4b-adeb-4ace-91d2-39db7d2214e9-4160", "study_name": "KRR", "directions": [1]}
{"op_code": 0, "worker_id": "58d69833-4018-497c-b9ee-600865bea26d-4160", "study_name": "KRR", "directions": [1]}
{"op_code": 0, "worker_id": "64cf5beb-9b1c-4b3b-b447-100f2bbf984f-4160", "study_name": "KRR", "directions": [1]}
{"op_code": 0, "worker_id": "cddbc8c3-0c3e-47e0-bf1a-98749b2a154a-4160", "study_name": "KRR", "directions": [1]}
{"op_code": 0, "worker_id": "1ee3e016-cfd5-47b6-a4bb-6cf6a4a4a041-4160", "study_name": "KRR", "directions": [1]}
{"op_code": 0, "worker_id": "96a5456f-d7b9-42fd-9f98-c2834d004c93-4160", "study_name": "KRR", "directions": [1]}
{"op_code": 0, "worker_id": "418d2150-fb2a-451d-82e3-67525a2348ee-4160", "study_name": "KRR", "directions": [1]}
{"op_code": 0, "worker_id": "8121b093-4541-497a-a1ee-09d793cdd3c5-4160", "study_name": "KRR", "directions": [1]}
{"op_code": 0, "worker_id": "e7e2b1fb-5de7-45d6-a8a3-11ca1e9da8be-4160", "study_name": "KRR", "directions": [1]}
{"op_code": 0, "worker_id": "447f6882-12be-4e20-9bb1-d92ca8055987-4160", "study_name": "KRR", "directions": [1]}
{"op_code": 0, "worker_id": "943d71d2-dc92-460f-a7fe-b5e8cb334edc-4160", "study_name": "KRR", "directions": [1]}
{"op_code": 0, "worker_id": "3842688d-6db8-497a-a575-6eb3295ced75-4160", "study_name": "KRR", "directions": [1]}
{"op_code": 0, "worker_id": "d7922021-3f65-4c99-9b05-11316e5e911a-4160", "study_name": "KRR", "directions": [1]}
{"op_code": 0, "worker_id": "e9783275-86c6-41f3-bf24-a9641d458110-4160", "study_name": "KRR", "directions": [1]}
{"op_code": 0, "worker_id": "a26b4dbe-781d-4434-82b4-9f0957ac3b9e-4160", "study_name": "KRR", "directions": [1]}
{"op_code": 0, "worker_id": "102909c6-c251-41d9-a1be-5c01494c1335-4160", "study_name": "KRR", "directions": [1]}
{"op_code": 0, "worker_id": "08e309b6-c6d4-46ef-b009-ab985aa3b00b-4160", "study_name": "KRR", "directions": [1]}
{"op_code": 0, "worker_id": "38fccf2a-086e-4aa1-a3bd-b136bbf1209c-4160", "study_name": "KRR", "directions": [1]}
{"op_code": 0, "worker_id": "6e6f355f-a3d1-491b-af67-137edb9b8be9-4160", "study_name": "KRR", "directions": [1]}
{"op_code": 0, "worker_id": "596f7fad-c4cf-4cd2-89c3-997f0bd2fafb-4160", "study_name": "KRR", "directions": [1]}
{"op_code": 0, "worker_id": "9c0ae423-3b3d-415b-a9af-24bf664cbfdd-4160", "study_name": "KRR", "directions": [1]}
{"op_code": 0, "worker_id": "9828bd9e-5b9e-4186-a229-88d836e23370-4160", "study_name": "KRR", "directions": [1]}
{"op_code": 0, "worker_id": "4436802d-c179-4e71-8e70-cb29379908bc-4160", "study_name": "KRR", "directions": [1]}
{"op_code": 0, "worker_id": "8c6be44a-b7d2-4f1e-8c5b-a92d81670ba4-4160", "study_name": "KRR", "directions": [1]}
{"op_code": 0, "worker_id": "905f966b-2e97-45c8-8a2e-5f97564b786d-4160", "study_name": "KRR", "directions": [1]}
{"op_code": 0, "worker_id": "cda37153-9157-4112-8063-1f36e9c5cee3-4160", "study_name": "KRR", "directions": [1]}
{"op_code": 0, "worker_id": "ecef39c6-e0b1-4c3c-a1ea-2cecc3c289ab-4160", "study_name": "KRR", "directions": [1]}
{"op_code": 0, "worker_id": "ec76adbd-a883-42e7-b820-37ac16b9a671-4160", "study_name": "KRR", "directions": [1]}
{"op_code": 0, "worker_id": "bbe434bc-e00f-4053-8fe4-72d81f9a7005-4160", "study_name": "KRR", "directions": [1]}
{"op_code": 0, "worker_id": "4c56a4c6-65e2-42bc-bc4a-2acb68021cb2-4160", "study_name": "KRR", "directions": [1]}
{"op_code": 0, "worker_id": "1c686aa2-a936-4d16-a835-a804bf3966d6-4160", "study_name": "KRR", "directions": [1]}
{"op_code": 0, "worker_id": "76fbf922-8266-4960-a675-d3eea7b901f3-4160", "study_name": "KRR", "directions": [1]}
{"op_code": 0, "worker_id": "d930a344-4040-4a91-a041-07167cbd3f24-4160", "study_name": "KRR", "directions": [1]}
{"op_code": 0, "worker_id": "a192c4c5-5fca-4a3d-9e4c-417bc2b5a463-4160", "study_name": "KRR", "directions": [1]}
{"op_code": 0, "worker_id": "7dd5dc03-1a59-4212-9723-005c9ccbab4f-4160", "study_name": "KRR", "directions": [1]}
{"op_code": 0, "worker_id": "408e8f94-86bb-4cc6-917d-87bd8c8ae3d7-4160", "study_name": "KRR", "directions": [1]}
{"op_code": 0, "worker_id": "1d8ba9b0-4c87-4e9a-ac26-deb69b38a5d0-4160", "study_name": "KRR", "directions": [1]}
{"op_code": 0, "worker_id": "4c8f7a1c-c439-4846-850e-f4e2ff60dd85-4160", "study_name": "KRR", "directions": [1]}
{"op_code": 0, "worker_id": "70ef8f5c-6dd3-430c-8f11-27a423570311-4160", "study_name": "KRR", "directions": [1]}
{"op_code": 0, "worker_id": "14cb1f82-18fc-4645-8f4b-c17a5780c8f7-4160", "study_name": "KRR", "directions": [1]}
{"op_code": 0, "worker_id": "9a668ba6-c586-4d3c-bf26-45f9b1a5144e-4160", "study_name": "KRR", "directions": [1]}
{"op_code": 0, "worker_id": "b94fe934-882e-49f8-a488-043551760809-4160", "study_name": "KRR", "directions": [1]}
{"op_code": 0, "worker_id": "057d0ba3-876f-419b-b8ff-223898bd23b6-4160", "study_name": "KRR", "directions": [1]}
{"op_code": 0, "worker_id": "a35af182-ebe2-4652-8a7a-306bcd28c5d4-4160", "study_name": "KRR", "directions": [1]}
{"op_code": 0, "worker_id": "ca0d6b0b-d8e5-4bf1-a685-5009c890e550-4160", "study_name": "KRR", "directions": [1]}
{"op_code": 0, "worker_id": "49efab18-fd93-44df-9b42-1f456c1302b1-4160", "study_name": "KRR", "directions": [1]}
{"op_code": 0, "worker_id": "85873442-4e4a-4664-b7b6-7f15d99ae5b6-4160", "study_name": "KRR", "directions": [1]}
{"op_code": 0, "worker_id": "9a3ccd90-660d-41aa-8efd-f2e0adbb01a4-4160", "study_name": "KRR", "directions": [1]}
{"op_code": 0, "worker_id": "52a7f792-e2c8-4451-8c5e-1e4a83475cd7-4160", "study_name": "KRR", "directions": [1]}
{"op_code": 0, "worker_id": "58793ae5-47a1-40c7-9469-6f2f11016180-4160", "study_name": "KRR", "directions": [1]}
{"op_code": 0, "worker_id": "9697177b-9846-47da-b788-c6ea839cf07f-4160", "study_name": "KRR", "directions": [1]}
{"op_code": 0, "worker_id": "5816624d-423c-4946-b95d-d7a1b070504d-4160", "study_name": "KRR", "directions": [1]}
{"op_code": 0, "worker_id": "616ac6b6-e0b9-42b0-9a63-0a16c7ca7eef-4160", "study_name": "KRR", "directions": [1]}
{"op_code": 0, "worker_id": "9cceb36a-46be-4ad3-91f6-6bca77188932-4160", "study_name": "KRR", "directions": [1]}
{"op_code": 0, "worker_id": "7aab0984-fd8d-49d6-81ef-dedd964f74c9-4160", "study_name": "KRR", "directions": [1]}
{"op_code": 0, "worker_id": "063f8c0e-7f0e-4b5c-84a6-2c1c5e4f85a0-4160", "study_name": "KRR", "directions": [1]}
{"op_code": 0, "worker_id": "fa9f096a-3f01-4688-acc2-faedb188bb5a-4160", "study_name": "KRR", "directions": [1]}
{"op_code": 0, "worker_id": "772b93c2-d34d-464e-a61d-3aaf85e8dee1-4160", "study_name": "KRR", "directions": [1]}
{"op_code": 0, "worker_id": "cf36099c-333a-43b3-99b6-ad45e773176f-4160", "study_name": "KRR", "directions": [1]}
{"op_code": 0, "worker_id": "323212e4-df4c-478e-8665-f9ca4ddc004c-4160", "study_name": "KRR", "directions": [1]}
{"op_code": 0, "worker_id": "cd1a38b3-be8c-46dc-860c-1485292dc7dc-4160", "study_name": "KRR", "directions": [1]}
{"op_code": 0, "worker_id": "cc52e445-cd7f-45ff-99f0-cc45cd0a8c1b-4160", "study_name": "KRR", "directions": [1]}
{"op_code": 0, "worker_id": "bb5e0e03-bf99-4a0f-8586-e79a9f83016c-4160", "study_name": "KRR", "directions": [1]}
{"op_code": 0, "worker_id": "5b323f40-05b6-46e0-85cd-208dbc2b9294-4160", "study_name": "KRR", "directions": [1]}
{"op_code": 0, "worker_id": "dad407d7-c609-4488-9334-008b4fc614c2-4160", "study_name": "KRR", "directions": [1]}
{"op_code": 0, "worker_id": "746a52ef-5e42-48f4-bc33-770923e8632b-4160", "study_name": "KRR", "directions": [1]}
{"op_code": 0, "worker_id": "1a645034-3834-41c5-bd5e-1fb21725c92e-4160", "study_name": "KRR", "directions": [1]}
{"op_code": 0, "worker_id": "f6468337-c656-441a-b739-2a890dd9e312-4160", "study_name": "KRR", "directions": [1]}
{"op_code": 0, "worker_id": "e51c3c01-a450-4dd4-9c5c-d2ec7e45e5be-4160", "study_name": "KRR", "directions": [1]}
{"op_code": 0, "worker_id": "f0c9c45c-89fe-412a-b41e-4371a622b39a-4160", "study_name": "KRR", "directions": [1]}
{"op_code": 0, "worker_id": "e7f8a90c-418c-4a6c-94aa-ca6a8601840c-4160", "study_name": "KRR", "directions": [1]}
{"op_code": 0, "worker_id": "2b482cfb-1901-48a8-96f3-529f50be85c2-4160", "study_name": "KRR", "directions": [1]}
{"op_code": 0, "worker_id": "17c4a43f-7e8a-46c9-a452-c9825a1bebb3-4160", "study_name": "KRR", "directions": [1]}
{"op_code": 0, "worker_id": "9a68e0f4-3d44-4a66-94cd-98666c0e52d7-4160", "study_name": "KRR", "directions": [1]}
{"op_code": 0, "worker_id": "cc2d4d8d-197e-4977-ba13-24a67a6a314e-4160", "study_name": "KRR", "directions": [1]}
{"op_code": 0, "worker_id": "3f617243-da99-4c2e-ac36-89f828ec142c-4160", "study_name": "KRR", "directions": [1]}
{"op_code": 0, "worker_id": "077e7792-eefd-40ef-8602-be059ce1ab64-4160", "study_name": "KRR", "directions": [1]}
{"op_code": 0, "worker_id": "8314e0ca-a1e0-472b-8c10-1bee0003ae7c-4160", "study_name": "KRR", "directions": [1]}
{"op_code": 0, "worker_id": "185bcaca-28d5-4118-9f7c-4e1ae43b55fd-4160", "study_name": "KRR", "directions": [1]}
{"op_code": 0, "worker_id": "8c58f523-e75c-45bf-b3c7-281e4074b3e1-4160", "study_name": "KRR", "directions": [1]}
{"op_code": 0, "worker_id": "ecca56d2-4c34-4639-8951-ed29db8ce21a-4160", "study_name": "KRR", "directions": [1]}
{"op_code": 0, "worker_id": "c09d77a9-a99c-4b33-a78c-f3b4e58bb355-4160", "study_name": "KRR", "directions": [1]}
{"op_code": 0, "worker_id": "2152d6b7-930d-443f-88bb-d4a6b1b49cda-4160", "study_name": "KRR", "directions": [1]}
{"op_code": 0, "worker_id": "9d5a7464-9ce7-4035-9349-e94f55b37bc1-4160", "study_name": "KRR", "directions": [1]}
{"op_code": 0, "worker_id": "f6f88ec9-c98c-4a57-a8dd-085f48c44de8-4160", "study_name": "KRR", "directions": [1]}
{"op_code": 0, "worker_id": "dc0d6e73-f9c2-45cd-96b0-8903578ca06c-4160", "study_name": "KRR", "directions": [1]}
{"op_code": 0, "worker_id": "30a8f831-517c-4422-bee3-b6c4eaec6470-4160", "study_name": "KRR", "directions": [1]}
{"op_code": 0, "worker_id": "9bb95abb-b174-4cf8-8d6e-adef5cd7da64-4160", "study_name": "KRR", "directions": [1]}
{"op_code": 0, "worker_id": "fe5fad24-e295-4381-8db7-e6bed8e536b0-4160", "study_name": "KRR", "directions": [1]}
{"op_code": 0, "worker_id": "fb2a2bfb-2a60-4c0a-9fee-193ba3e0b082-4160", "study_name": "KRR", "directions": [1]}
{"op_code": 0, "worker_id": "ffbdde33-ec6a-4320-aa05-52841199ea55-4160", "study_name": "KRR", "directions": [1]}
{"op_code": 0, "worker_id": "1f5dafa8-3e46-4cd2-8edd-a61eb3aa7bfc-4160", "study_name": "KRR", "directions": [1]}
{"op_code": 0, "worker_id": "80a405c3-2755-4158-a34e-67519dbf190b-4160", "study_name": "KRR", "directions": [1]}
{"op_code": 0, "worker_id": "4737b7e6-250e-4d04-8473-19ae34f0da78-4160", "study_name": "KRR", "directions": [1]}
{"op_code": 0, "worker_id": "91862d17-298f-4ef5-bc1d-284fb72eb67c-4160", "study_name": "KRR", "directions": [1]}
{"op_code": 0, "worker_id": "c256dd54-cf6d-4d72-b4c1-a2e26a9cb6b6-4160", "study_name": "KRR", "directions": [1]}
{"op_code": 0, "worker_id": "ff432aff-34fe-4979-9d45-31f2d9c029fa-4160", "study_name": "KRR", "directions": [1]}
{"op_code": 0, "worker_id": "cc7c6b18-34b7-40b7-8c5a-a847559429ea-4160", "study_name": "KRR", "directions": [1]}
{"op_code": 0, "worker_id": "45125bbb-ac2d-4cf0-bdc7-0156fc37243a-4160", "study_name": "KRR", "directions": [1]}
{"op_code": 0, "worker_id": "36c5ba4a-0201-4d82-858e-162b38faefef-4160", "study_name": "KRR", "directions": [1]}
{"op_code": 0, "worker_id": "3f4356ab-e564-4851-99ad-8d0097f5958b-4160", "study_name": "KRR", "directions": [1]}
{"op_code": 0, "worker_id": "d713a002-7232-4216-9ed7-fd983b0c91fe-4160", "study_name": "KRR", "directions": [1]}
{"op_code": 0, "worker_id": "7d37889b-52da-4b18-861e-6d4ad9d28cb6-4160", "study_name": "KRR", "directions": [1]}
{"op_code": 0, "worker_id": "c3f678ba-3e39-4391-9d56-7e7834509839-4160", "study_name": "KRR", "directions": [1]}
{"op_code": 0, "worker_id": "81b40510-4a89-4c4e-8e8d-da2fbeeef62d-4160", "study_name": "KRR", "directions": [1]}
{"op_code": 0, "worker_id": "0ce3ea41-9537-4d11-8f9f-a2267040a829-4160", "study_name": "KRR", "directions": [1]}
{"op_code": 0, "worker_id": "30cbb7d2-a3d8-4673-8303-84e8019f5ada-4160", "study_name": "KRR", "directions": [1]}
{"op_code": 0, "worker_id": "4dc1d85f-a188-4ef9-8080-50e69f1efbf6-4160", "study_name": "KRR", "directions": [1]}
{"op_code": 0, "worker_id": "79a9dbe3-359a-4564-b76e-9c03dbe9bfbf-4160", "study_name": "KRR", "directions": [1]}
{"op_code": 0, "worker_id": "fc866874-5bfe-4928-b9a0-adb55a4c8b4d-4160", "study_name": "KRR", "directions": [1]}
{"op_code": 0, "worker_id": "adbe76d1-d2cf-4eab-96a8-b8f7049902b0-4160", "study_name": "KRR", "directions": [1]}
{"op_code": 0, "worker_id": "2a48a639-50a4-4cff-afe2-87bb0d369861-4160", "study_name": "KRR", "directions": [1]}
{"op_code": 0, "worker_id": "2158d0cd-dda7-4858-83d7-fdcfe9bf0ccc-4160", "study_name": "KRR", "directions": [1]}
{"op_code": 0, "worker_id": "d17719fe-b816-4cdd-8df8-fbda69cc7200-4160", "study_name": "KRR", "directions": [1]}
{"op_code": 0, "worker_id": "82a4da19-5d1a-40a3-8215-f284b9e2c330-4160", "study_name": "KRR", "directions": [1]}
{"op_code": 0, "worker_id": "1787fd5c-3a24-46a6-bdf2-e6ce6c2e58d0-4160", "study_name": "KRR", "directions": [1]}
{"op_code": 0, "worker_id": "9dd47bdd-413a-4def-8daa-fc016e8ee05d-4160", "study_name": "KRR", "directions": [1]}
{"op_code": 0, "worker_id": "5ded205f-def4-4868-854f-0902a32da3f3-4160", "study_name": "KRR", "directions": [1]}
{"op_code": 0, "worker_id": "25a5038a-dba1-4449-9c53-7b48e3becfe2-4160", "study_name": "KRR", "directions": [1]}
{"op_code": 0, "worker_id": "c72edd98-6bb1-47b4-bb04-b5347a741d49-4160", "study_name": "KRR", "directions": [1]}
{"op_code": 0, "worker_id": "7bdb1704-b0f3-4e23-80dc-422984167d01-4160", "study_name": "KRR", "directions": [1]}
{"op_code": 0, "worker_id": "b95c24d4-4354-4169-8415-13f15f1207d9-4160", "study_name": "KRR", "directions": [1]}
{"op_code": 0, "worker_id": "d2b2edea-e0e3-4023-b583-03eafcdec158-4160", "study_name": "KRR", "directions": [1]}
{"op_code": 0, "worker_id": "c5f266e6-aeba-4128-9f5f-3dae1fcef6f8-4160", "study_name": "KRR", "directions": [1]}
{"op_code": 0, "worker_id": "428fd720-5482-49b8-af79-f204516745ea-4160", "study_name": "KRR", "directions": [1]}
{"op_code": 0, "worker_id": "911f07d1-a882-4ebc-983f-633ebd5d71bc-4160", "study_name": "KRR", "directions": [1]}
{"op_code": 0, "worker_id": "80bb73df-4da3-401f-9872-10bdd9ddb6ec-4160", "study_name": "KRR", "directions": [1]}
{"op_code": 0, "worker_id": "63a87d31-fc3e-409c-aa46-0fb533a971a8-4160", "study_name": "KRR", "directions": [1]}
{"op_code": 0, "worker_id": "c862a0a5-3ffc-4ed7-862c-73f02a797080-4160", "study_name": "KRR", "directions": [1]}
{"op_code": 0, "worker_id": "1e19d880-677b-44cf-b82f-ffafd08ce67a-4160", "study_name": "KRR", "directions": [1]}
{"op_code": 0, "worker_id": "e11059e8-87f0-426a-8dd2-36ffd0323947-4160", "study_name": "KRR", "directions": [1]}
{"op_code": 0, "worker_id": "ec40729a-b401-4b24-9057-009b7c710bbb-4160", "study_name": "KRR", "directions": [1]}
{"op_code": 0, "worker_id": "a4f53dce-f0e5-4419-aaeb-8e361e7f1bff-4160", "study_name": "KRR", "directions": [1]}
{"op_code": 0, "worker_id": "1284c666-fde9-48e4-8a93-39f364282a67-4160", "study_name": "KRR", "directions": [1]}
{"op_code": 0, "worker_id": "ae77043f-64c4-4edd-8d33-e905860bbcdc-4160", "study_name": "KRR", "directions": [1]}
{"op_code": 0, "worker_id": "7dfaa7af-a7f7-4d5d-a48f-857f1e5e2696-4160", "study_name": "KRR", "directions": [1]}
{"op_code": 0, "worker_id": "7e58a9b1-799e-408d-9ba3-a49b04f30a8c-4160", "study_name": "KRR", "directions": [1]}
{"op_code": 0, "worker_id": "7c610ead-3a08-4730-972d-06441523b353-4160", "study_name": "KRR", "directions": [1]}
{"op_code": 0, "worker_id": "c7cb787f-25c6-4587-b4a1-f290d0f12459-4160", "study_name": "KRR", "directions": [1]}
{"op_code": 0, "worker_id": "68e98f45-a46c-4aa3-bea3-0672652ea6d3-4160", "study_name": "KRR", "directions": [1]}
{"op_code": 0, "worker_id": "25a985fc-ec83-4862-9e50-7047f79d5ce3-4160", "study_name": "KRR", "directions": [1]}
{"op_code": 0, "worker_id": "8ba8fecd-a31d-4731-bdf9-0f7434f6733c-4160", "study_name": "KRR", "directions": [1]}
{"op_code": 0, "worker_id": "daa78be2-8d77-40ab-ad7d-7794b949bef4-4160", "study_name": "KRR", "directions": [1]}
{"op_code": 0, "worker_id": "e3f1b2ba-dfad-4ed5-8199-0908f9ed7958-4160", "study_name": "KRR", "directions": [1]}
{"op_code": 0, "worker_id": "28cf8e8f-dc1f-4e25-8df9-06d9962f420a-4160", "study_name": "KRR", "directions": [1]}
{"op_code": 0, "worker_id": "73fc1bf9-c2ac-4f68-a152-c2e9f04456b4-4160", "study_name": "KRR", "directions": [1]}
{"op_code": 0, "worker_id": "6ab4d56c-22df-41af-9cab-5b7ae34fe961-4160", "study_name": "KRR", "directions": [1]}
{"op_code": 0, "worker_id": "ec380bd5-f55b-4b1f-9516-950b93af7058-4160", "study_name": "KRR", "directions": [1]}
{"op_code": 0, "worker_id": "474829f2-211a-43e2-8a6f-d0eb65ba1d57-4160", "study_name": "KRR", "directions": [1]}
{"op_code": 0, "worker_id": "036b9ee2-d84b-4fb3-9f66-6070ed89b1d8-4160", "study_name": "KRR", "directions": [1]}
{"op_code": 0, "worker_id": "bdca655b-5de5-435c-8c78-0315b6367016-4160", "study_name": "KRR", "directions": [1]}
{"op_code": 0, "worker_id": "e1a1f310-29ab-4f92-b74c-17ebc5695382-4160", "study_name": "KRR", "directions": [1]}
{"op_code": 0, "worker_id": "1fd384e2-c8fc-4e32-a24c-66f390164ff0-4160", "study_name": "KRR", "directions": [1]}
{"op_code": 0, "worker_id": "759aa9ea-3308-4c8c-b2a1-89e5038fbaee-4160", "study_name": "KRR", "directions": [1]}
{"op_code": 0, "worker_id": "38ad0ed2-eede-46db-bdbc-b26efefb9f9a-4160", "study_name": "KRR", "directions": [1]}
{"op_code": 0, "worker_id": "1e8d353f-cc94-4113-9327-4ab8ab5240b8-4160", "study_name": "KRR", "directions": [1]}
{"op_code": 0, "worker_id": "f273eff3-fdb9-40b9-9102-f793544819bf-4160", "study_name": "KRR", "directions": [1]}
{"op_code": 0, "worker_id": "537ad0d7-2728-4842-a08a-ca78398b37db-4160", "study_name": "KRR", "directions": [1]}
{"op_code": 0, "worker_id": "9b35cbe8-2b91-45f4-b20f-a2d482fdd08c-4160", "study_name": "KRR", "directions": [1]}
{"op_code": 0, "worker_id": "fd330948-1de1-4249-bfa5-6ec160a23cd6-4160", "study_name": "KRR", "directions": [1]}
{"op_code": 0, "worker_id": "703048d5-25cc-46e9-af5b-798cc930778b-4160", "study_name": "KRR", "directions": [1]}
{"op_code": 0, "worker_id": "b3a8aab9-7c1d-4aa5-83bf-fd58137bff05-4160", "study_name": "KRR", "directions": [1]}
{"op_code": 0, "worker_id": "9bcb9a59-4b2f-4542-913c-1dedf342ee9a-4160", "study_name": "KRR", "directions": [1]}
{"op_code": 0, "worker_id": "6e3abce9-0ec2-4a42-8ab7-01d2bc3db48f-4160", "study_name": "KRR", "directions": [1]}
{"op_code": 0, "worker_id": "9e4c3b8d-b4d3-4850-9910-abf90d647128-4160", "study_name": "KRR", "directions": [1]}
{"op_code": 0, "worker_id": "a47d134c-57c3-4275-8f65-11853b01e92f-4160", "study_name": "KRR", "directions": [1]}
{"op_code": 0, "worker_id": "60902f28-37d0-46b9-a708-1e057a72b0c2-4160", "study_name": "KRR", "directions": [1]}
{"op_code": 0, "worker_id": "0c8afa09-bc6e-4aa2-98e1-252a895758b6-4160", "study_name": "KRR", "directions": [1]}
{"op_code": 0, "worker_id": "e02bc460-7a49-481a-a597-81e5857f988e-4160", "study_name": "KRR", "directions": [1]}
{"op_code": 0, "worker_id": "8bc4f2ac-bb94-4f51-b7fc-c3d2f0a09410-4160", "study_name": "KRR", "directions": [1]}
{"op_code": 0, "worker_id": "f389c0d2-085c-47ac-948d-7456f0899d9d-4160", "study_name": "KRR", "directions": [1]}
{"op_code": 0, "worker_id": "9da09c57-f026-44d4-9092-8bb43fdaacaf-4160", "study_name": "KRR", "directions": [1]}
{"op_code": 0, "worker_id": "cb819f04-03ec-41e3-a2d8-89a8aa3fc114-4160", "study_name": "KRR", "directions": [1]}
{"op_code": 0, "worker_id": "64692fa7-d199-49b0-a900-c08e55e29f7a-4160", "study_name": "KRR", "directions": [1]}
{"op_code": 0, "worker_id": "a6bdb1a4-28ce-49be-b46d-67a0788139f1-4160", "study_name": "KRR", "directions": [1]}
{"op_code": 0, "worker_id": "1934cce3-0fdd-4266-ab60-94ce1dd62385-4160", "study_name": "KRR", "directions": [1]}
{"op_code": 0, "worker_id": "34bf415b-067c-4c60-b044-4c8eadd74c4f-4160", "study_name": "KRR", "directions": [1]}
{"op_code": 0, "worker_id": "d315cd87-3ae0-43a9-be04-ddf9417b5d6f-4160", "study_name": "KRR", "directions": [1]}
{"op_code": 0, "worker_id": "33824ced-2902-4c72-978c-8c756dcf551e-4160", "study_name": "KRR", "directions": [1]}
{"op_code": 0, "worker_id": "4dafb358-a663-4cc8-8536-7c5d18552e4c-4160", "study_name": "KRR", "directions": [1]}
{"op_code": 0, "worker_id": "6885c4b2-88f7-469d-ac5c-6b7898458b80-4160", "study_name": "KRR", "directions": [1]}
{"op_code": 0, "worker_id": "69238731-9061-4053-9fb6-0f11ac1e93c0-4160", "study_name": "KRR", "directions": [1]}
{"op_code": 0, "worker_id": "99a7f36e-8e3c-46bb-8268-4afd77a2247e-4160", "study_name": "KRR", "directions": [1]}
{"op_code": 0, "worker_id": "16d95672-ccfc-4b2c-b55c-0e5e7d7ab757-4160", "study_name": "KRR", "directions": [1]}
{"op_code": 0, "worker_id": "b2887ee1-1241-49e4-9d57-cf42902bf498-4160", "study_name": "KRR", "directions": [1]}
{"op_code": 0, "worker_id": "f354d9f5-46ea-4a45-82d4-b0cf384f3b09-4160", "study_name": "KRR", "directions": [1]}
{"op_code": 0, "worker_id": "0c903dbd-5bc0-4bec-a31f-af736ab80828-4160", "study_name": "KRR", "directions": [1]}
{"op_code": 0, "worker_id": "e90780f1-7a60-4674-a0a5-684ab6258111-4160", "study_name": "KRR", "directions": [1]}
{"op_code": 0, "worker_id": "23d57809-537f-4961-a725-a3ec3c5b39aa-4160", "study_name": "KRR", "directions": [1]}
{"op_code": 0, "worker_id": "55108237-01b9-42b1-90a3-b0249425f828-4160", "study_name": "KRR", "directions": [1]}
{"op_code": 0, "worker_id": "54cc2577-1187-45ed-adad-1931da38b479-4160", "study_name": "KRR", "directions": [1]}
{"op_code": 0, "worker_id": "622ddcb8-17af-474d-bc04-ef0a92fc9cfd-4160", "study_name": "KRR", "directions": [1]}
{"op_code": 0, "worker_id": "6536f731-ade6-48ec-a1c1-3d672dc7b2a0-4160", "study_name": "KRR", "directions": [1]}
{"op_code": 0, "worker_id": "c021f47a-ea23-43c0-bec9-4b6a3f2ad53f-4160", "study_name": "KRR", "directions": [1]}
{"op_code": 0, "worker_id": "2a935e80-b4a2-4dfb-be86-c43974e9fc9a-4160", "study_name": "KRR", "directions": [1]}
{"op_code": 0, "worker_id": "de4d137f-d620-4e12-a3a7-2c71ed83c55d-4160", "study_name": "KRR", "directions": [1]}
{"op_code": 0, "worker_id": "a3de9d6f-f5f1-4a3f-ba9a-4c6949257279-4160", "study_name": "KRR", "directions": [1]}
{"op_code": 0, "worker_id": "1d8b1072-424a-46ce-9ac0-cb2856cd91fc-4160", "study_name": "KRR", "directions": [1]}
{"op_code": 0, "worker_id": "c22777e5-7101-42cc-a5a4-1adeb52b0c0b-4160", "study_name": "KRR", "directions": [1]}
{"op_code": 0, "worker_id": "105109da-385b-45ae-b2e0-10a28be1af1b-4160", "study_name": "KRR", "directions": [1]}
{"op_code": 0, "worker_id": "89d9fbd4-539a-4fca-903e-762daceb81b7-4160", "study_name": "KRR", "directions": [1]}
{"op_code": 0, "worker_id": "9fcb1dbd-ae0c-4b2b-9370-ea432bfcbdd1-4160", "study_name": "KRR", "directions": [1]}
{"op_code": 0, "worker_id": "f44beb45-85f1-43da-8669-31d9908cf9e7-4160", "study_name": "KRR", "directions": [1]}
{"op_code": 0, "worker_id": "3ec3fcc0-ccf6-45d7-8231-6d0eed48e49d-4160", "study_name": "KRR", "directions": [1]}
{"op_code": 0, "worker_id": "7a841d75-6ae1-4e79-87a7-27d12a137772-4160", "study_name": "KRR", "directions": [1]}
{"op_code": 0, "worker_id": "62cf7572-09e0-4776-87d2-501082956452-4160", "study_name": "KRR", "directions": [1]}
{"op_code": 0, "worker_id": "4e9c3ba9-480d-4ac8-b9f9-40229c1dee59-4160", "study_name": "KRR", "directions": [1]}
{"op_code": 0, "worker_id": "33a1a7ba-fe0e-4e29-bc7f-75d5dd5d20c9-4160", "study_name": "KRR", "directions": [1]}
{"op_code": 0, "worker_id": "86c5f587-8b84-4457-89e1-0e49b8692ec0-4160", "study_name": "KRR", "directions": [1]}
{"op_code": 0, "worker_id": "aca14a2f-dc30-4521-96ee-ed68b284a119-4160", "study_name": "KRR", "directions": [1]}
{"op_code": 0, "worker_id": "bc7c51bb-ee1f-4759-a94a-7cfdda0e1605-4160", "study_name": "KRR", "directions": [1]}
{"op_code": 0, "worker_id": "e597404f-2c98-4e1c-9983-98755022bba3-4160", "study_name": "KRR", "directions": [1]}
{"op_code": 0, "worker_id": "f794686a-4e86-4d4e-8e6f-153a6d6433b7-4160", "study_name": "KRR", "directions": [1]}
{"op_code": 0, "worker_id": "6ef6413d-c384-412e-bda6-c23865710034-4160", "study_name": "KRR", "directions": [1]}
{"op_code": 0, "worker_id": "833f99ee-a597-408a-acf5-d53b46586448-4160", "study_name": "KRR", "directions": [1]}
{"op_code": 0, "worker_id": "60262c3c-7adf-4737-8629-e451dfa49a4e-4160", "study_name": "KRR", "directions": [1]}
{"op_code": 0, "worker_id": "90765d3c-cba7-4153-b7db-e9db63468e30-4160", "study_name": "KRR", "directions": [1]}
{"op_code": 0, "worker_id": "bf82e2c7-7f34-4a71-966b-895257880162-4160", "study_name": "KRR", "directions": [1]}
{"op_code": 0, "worker_id": "395b3ab0-1d27-4ed2-b68b-74a6276a6e28-4160", "study_name": "KRR", "directions": [1]}
{"op_code": 0, "worker_id": "15cb0ad3-df46-4b6c-acc1-9732f2b0cbef-4160", "study_name": "KRR", "directions": [1]}
{"op_code": 0, "worker_id": "da84b2b3-9b5f-4d05-860a-c9217682a892-4160", "study_name": "KRR", "directions": [1]}
{"op_code": 0, "worker_id": "b039f4b9-96ce-4cdc-9d4f-f5b3c4905b9d-4160", "study_name": "KRR", "directions": [1]}
{"op_code": 0, "worker_id": "4fa74043-c8e3-4a61-93e2-7899bef516b3-4160", "study_name": "KRR", "directions": [1]}
{"op_code": 0, "worker_id": "0a27544f-9b95-44bc-b358-07bab28fb5bd-4160", "study_name": "KRR", "directions": [1]}
{"op_code": 0, "worker_id": "dd8c02e6-0695-4c36-ae1e-8b5c3f8ac7e5-4160", "study_name": "KRR", "directions": [1]}
{"op_code": 0, "worker_id": "18f38fe4-6f14-40de-8848-f0ad90aed458-4160", "study_name": "KRR", "directions": [1]}
{"op_code": 0, "worker_id": "dff25601-f67d-4b3f-895d-133f3998518d-4160", "study_name": "KRR", "directions": [1]}
{"op_code": 0, "worker_id": "a354a5a4-9b90-4c69-802e-edbd75c4fb83-4160", "study_name": "KRR", "directions": [1]}
{"op_code": 0, "worker_id": "33bf92d3-237d-4903-8126-8c392189e436-4160", "study_name": "KRR", "directions": [1]}
{"op_code": 0, "worker_id": "b3a4818c-487d-42cd-8cd8-b1b16a07aa21-4160", "study_name": "KRR", "directions": [1]}
{"op_code": 0, "worker_id": "a9fe6f47-9e4c-4f98-8d9e-4332c05e6de0-4160", "study_name": "KRR", "directions": [1]}
{"op_code": 0, "worker_id": "569cf338-ddd5-4e42-a2b5-570d1294f890-4160", "study_name": "KRR", "directions": [1]}
{"op_code": 0, "worker_id": "10c0788d-df97-4c87-ae1b-c35cf3bf7b0a-4160", "study_name": "KRR", "directions": [1]}
{"op_code": 0, "worker_id": "f5861926-3ef9-4117-ba0a-88660aed43ca-4160", "study_name": "KRR", "directions": [1]}
{"op_code": 0, "worker_id": "70730fd9-f272-489c-acb3-c32d29495ea7-4160", "study_name": "KRR", "directions": [1]}
{"op_code": 0, "worker_id": "4139a3ab-c9c6-49f6-9000-142984e25cd0-4160", "study_name": "KRR", "directions": [1]}
{"op_code": 0, "worker_id": "3e9e0846-26ca-47b9-881f-5038ccd25313-4160", "study_name": "KRR", "directions": [1]}
{"op_code": 0, "worker_id": "c9a9aba6-2c24-435d-9384-95cb2b7bbfc3-4160", "study_name": "KRR", "directions": [1]}
{"op_code": 0, "worker_id": "5ee2cc00-8a98-4c8b-a508-e8b8b3cc58ba-4160", "study_name": "KRR", "directions": [1]}
{"op_code": 0, "worker_id": "f20659b1-ff1b-4695-b70b-6255947ae21c-4160", "study_name": "KRR", "directions": [1]}
{"op_code": 0, "worker_id": "560fbcce-c664-4dfb-aae8-ca17a805cccc-4160", "study_name": "KRR", "directions": [1]}
