{"op_code": 0, "worker_id": "beb6398c-1be6-434a-aee0-903951c0abf1-47279818202944", "study_name": "RF", "directions": [1]}
{"op_code": 4, "worker_id": "beb6398c-1be6-434a-aee0-903951c0abf1-47280521058048", "study_id": 0, "datetime_start": "2023-11-07T17:11:47.201033"}
{"op_code": 5, "worker_id": "beb6398c-1be6-434a-aee0-903951c0abf1-47280521058048", "trial_id": 0, "param_name": "n_estimators", "param_value_internal": 2, "distribution": "{\"name\": \"CategoricalDistribution\", \"attributes\": {\"choices\": [10, 20, 50, 200, 500]}}"}
{"op_code": 5, "worker_id": "beb6398c-1be6-434a-aee0-903951c0abf1-47280521058048", "trial_id": 0, "param_name": "max_features", "param_value_internal": 1, "distribution": "{\"name\": \"CategoricalDistribution\", \"attributes\": {\"choices\": [\"auto\", \"sqrt\", \"log2\"]}}"}
{"op_code": 5, "worker_id": "beb6398c-1be6-434a-aee0-903951c0abf1-47280521058048", "trial_id": 0, "param_name": "max_depth", "param_value_internal": 1, "distribution": "{\"name\": \"CategoricalDistribution\", \"attributes\": {\"choices\": [null, 2, 3, 4, 5, 10]}}"}
{"op_code": 6, "worker_id": "beb6398c-1be6-434a-aee0-903951c0abf1-47280521058048", "trial_id": 0, "state": 1, "values": [0.24775482652829872], "datetime_complete": "2023-11-07T17:12:04.257439"}
{"op_code": 0, "worker_id": "48594335-127c-4e4b-9e65-85280e37875f-47279818202944", "study_name": "RF", "directions": [1]}
{"op_code": 4, "worker_id": "48594335-127c-4e4b-9e65-85280e37875f-47280521058048", "study_id": 0, "datetime_start": "2023-11-07T17:18:35.978372"}
{"op_code": 5, "worker_id": "48594335-127c-4e4b-9e65-85280e37875f-47280521058048", "trial_id": 1, "param_name": "n_estimators", "param_value_internal": 0, "distribution": "{\"name\": \"CategoricalDistribution\", \"attributes\": {\"choices\": [10, 20, 50, 200, 500]}}"}
{"op_code": 5, "worker_id": "48594335-127c-4e4b-9e65-85280e37875f-47280521058048", "trial_id": 1, "param_name": "max_features", "param_value_internal": 2, "distribution": "{\"name\": \"CategoricalDistribution\", \"attributes\": {\"choices\": [\"auto\", \"sqrt\", \"log2\"]}}"}
{"op_code": 5, "worker_id": "48594335-127c-4e4b-9e65-85280e37875f-47280521058048", "trial_id": 1, "param_name": "max_depth", "param_value_internal": 3, "distribution": "{\"name\": \"CategoricalDistribution\", \"attributes\": {\"choices\": [null, 2, 3, 4, 5, 10]}}"}
{"op_code": 6, "worker_id": "48594335-127c-4e4b-9e65-85280e37875f-47280521058048", "trial_id": 1, "state": 1, "values": [0.2445509531198717], "datetime_complete": "2023-11-07T17:18:53.068274"}
{"op_code": 0, "worker_id": "0fa0b21d-9653-42ad-a8aa-fa9ef4216d85-47279818202944", "study_name": "RF", "directions": [1]}
{"op_code": 4, "worker_id": "0fa0b21d-9653-42ad-a8aa-fa9ef4216d85-47280521058048", "study_id": 0, "datetime_start": "2023-11-07T17:25:23.711759"}
{"op_code": 5, "worker_id": "0fa0b21d-9653-42ad-a8aa-fa9ef4216d85-47280521058048", "trial_id": 2, "param_name": "n_estimators", "param_value_internal": 0, "distribution": "{\"name\": \"CategoricalDistribution\", \"attributes\": {\"choices\": [10, 20, 50, 200, 500]}}"}
{"op_code": 5, "worker_id": "0fa0b21d-9653-42ad-a8aa-fa9ef4216d85-47280521058048", "trial_id": 2, "param_name": "max_features", "param_value_internal": 2, "distribution": "{\"name\": \"CategoricalDistribution\", \"attributes\": {\"choices\": [\"auto\", \"sqrt\", \"log2\"]}}"}
{"op_code": 5, "worker_id": "0fa0b21d-9653-42ad-a8aa-fa9ef4216d85-47280521058048", "trial_id": 2, "param_name": "max_depth", "param_value_internal": 1, "distribution": "{\"name\": \"CategoricalDistribution\", \"attributes\": {\"choices\": [null, 2, 3, 4, 5, 10]}}"}
{"op_code": 6, "worker_id": "0fa0b21d-9653-42ad-a8aa-fa9ef4216d85-47280521058048", "trial_id": 2, "state": 1, "values": [0.24721546132265226], "datetime_complete": "2023-11-07T17:25:40.735485"}
{"op_code": 0, "worker_id": "4da14dd5-c75b-4603-a611-2e6f121ad607-47279818202944", "study_name": "RF", "directions": [1]}
{"op_code": 4, "worker_id": "4da14dd5-c75b-4603-a611-2e6f121ad607-47280521058048", "study_id": 0, "datetime_start": "2023-11-07T17:32:11.988412"}
{"op_code": 5, "worker_id": "4da14dd5-c75b-4603-a611-2e6f121ad607-47280521058048", "trial_id": 3, "param_name": "n_estimators", "param_value_internal": 2, "distribution": "{\"name\": \"CategoricalDistribution\", \"attributes\": {\"choices\": [10, 20, 50, 200, 500]}}"}
{"op_code": 5, "worker_id": "4da14dd5-c75b-4603-a611-2e6f121ad607-47280521058048", "trial_id": 3, "param_name": "max_features", "param_value_internal": 1, "distribution": "{\"name\": \"CategoricalDistribution\", \"attributes\": {\"choices\": [\"auto\", \"sqrt\", \"log2\"]}}"}
{"op_code": 5, "worker_id": "4da14dd5-c75b-4603-a611-2e6f121ad607-47280521058048", "trial_id": 3, "param_name": "max_depth", "param_value_internal": 4, "distribution": "{\"name\": \"CategoricalDistribution\", \"attributes\": {\"choices\": [null, 2, 3, 4, 5, 10]}}"}
{"op_code": 6, "worker_id": "4da14dd5-c75b-4603-a611-2e6f121ad607-47280521058048", "trial_id": 3, "state": 1, "values": [0.24552123896790368], "datetime_complete": "2023-11-07T17:32:29.025532"}
{"op_code": 0, "worker_id": "0ec43a92-c503-4ff0-879a-0a4aa55d8f7f-4812", "study_name": "RF", "directions": [1]}
{"op_code": 4, "worker_id": "0ec43a92-c503-4ff0-879a-0a4aa55d8f7f-21340", "study_id": 0, "datetime_start": "2023-11-13T20:41:12.293329"}
{"op_code": 5, "worker_id": "0ec43a92-c503-4ff0-879a-0a4aa55d8f7f-21340", "trial_id": 4, "param_name": "n_estimators", "param_value_internal": 3, "distribution": "{\"name\": \"CategoricalDistribution\", \"attributes\": {\"choices\": [10, 20, 50, 200, 500]}}"}
{"op_code": 5, "worker_id": "0ec43a92-c503-4ff0-879a-0a4aa55d8f7f-21340", "trial_id": 4, "param_name": "max_features", "param_value_internal": 0, "distribution": "{\"name\": \"CategoricalDistribution\", \"attributes\": {\"choices\": [\"auto\", \"sqrt\", \"log2\"]}}"}
{"op_code": 5, "worker_id": "0ec43a92-c503-4ff0-879a-0a4aa55d8f7f-21340", "trial_id": 4, "param_name": "max_depth", "param_value_internal": 1, "distribution": "{\"name\": \"CategoricalDistribution\", \"attributes\": {\"choices\": [null, 2, 3, 4, 5, 10]}}"}
{"op_code": 0, "worker_id": "cd0b19ff-0ecb-4e7b-ad6d-47e06529a393-9840", "study_name": "RF", "directions": [1]}
{"op_code": 4, "worker_id": "cd0b19ff-0ecb-4e7b-ad6d-47e06529a393-21400", "study_id": 0, "datetime_start": "2023-11-13T20:41:14.386146"}
{"op_code": 5, "worker_id": "cd0b19ff-0ecb-4e7b-ad6d-47e06529a393-21400", "trial_id": 5, "param_name": "n_estimators", "param_value_internal": 0, "distribution": "{\"name\": \"CategoricalDistribution\", \"attributes\": {\"choices\": [10, 20, 50, 200, 500]}}"}
{"op_code": 5, "worker_id": "cd0b19ff-0ecb-4e7b-ad6d-47e06529a393-21400", "trial_id": 5, "param_name": "max_features", "param_value_internal": 1, "distribution": "{\"name\": \"CategoricalDistribution\", \"attributes\": {\"choices\": [\"auto\", \"sqrt\", \"log2\"]}}"}
{"op_code": 5, "worker_id": "cd0b19ff-0ecb-4e7b-ad6d-47e06529a393-21400", "trial_id": 5, "param_name": "max_depth", "param_value_internal": 4, "distribution": "{\"name\": \"CategoricalDistribution\", \"attributes\": {\"choices\": [null, 2, 3, 4, 5, 10]}}"}
{"op_code": 6, "worker_id": "0ec43a92-c503-4ff0-879a-0a4aa55d8f7f-21340", "trial_id": 4, "state": 1, "values": [0.2462968217209928], "datetime_complete": "2023-11-13T20:41:29.193851"}
{"op_code": 6, "worker_id": "cd0b19ff-0ecb-4e7b-ad6d-47e06529a393-21400", "trial_id": 5, "state": 1, "values": [0.24612164737638823], "datetime_complete": "2023-11-13T20:41:31.249560"}
{"op_code": 0, "worker_id": "c17a516f-427c-4228-846a-f2b5f56f9e2b-6556", "study_name": "RF", "directions": [1]}
{"op_code": 0, "worker_id": "b8281413-46d8-43ca-8198-5be3c66fefae-6556", "study_name": "RF", "directions": [1]}
{"op_code": 0, "worker_id": "f07486fa-c38d-4709-a30e-247737521688-6556", "study_name": "RF", "directions": [1]}
{"op_code": 0, "worker_id": "9111835d-3c20-44aa-96d6-0dd9538b8c20-6556", "study_name": "RF", "directions": [1]}
{"op_code": 0, "worker_id": "45d1f8ed-8d09-49ab-8415-d80caabcaabc-6556", "study_name": "RF", "directions": [1]}
{"op_code": 0, "worker_id": "3d5a89bc-723e-4558-a0ca-a4ef6c6a6727-2012", "study_name": "RF", "directions": [1]}
{"op_code": 0, "worker_id": "af9446d9-b12c-4e37-8725-84545fdb54c5-2012", "study_name": "RF", "directions": [1]}
{"op_code": 0, "worker_id": "5f469acd-381b-467b-b83d-8352fc185ecd-2012", "study_name": "RF", "directions": [1]}
{"op_code": 0, "worker_id": "a8283e10-2f96-43e8-9169-0981efd21a5e-2012", "study_name": "RF", "directions": [1]}
{"op_code": 0, "worker_id": "4b91f21d-ca0a-4804-b89e-63018fa7db95-2012", "study_name": "RF", "directions": [1]}
{"op_code": 0, "worker_id": "12071527-038c-463d-b332-dbb0c5c8415c-2012", "study_name": "RF", "directions": [1]}
{"op_code": 4, "worker_id": "3d5a89bc-723e-4558-a0ca-a4ef6c6a6727-7364", "study_id": 0, "datetime_start": "2023-11-14T13:25:36.682597"}
{"op_code": 5, "worker_id": "3d5a89bc-723e-4558-a0ca-a4ef6c6a6727-7364", "trial_id": 6, "param_name": "n_estimators", "param_value_internal": 4, "distribution": "{\"name\": \"CategoricalDistribution\", \"attributes\": {\"choices\": [10, 20, 50, 200, 500]}}"}
{"op_code": 5, "worker_id": "3d5a89bc-723e-4558-a0ca-a4ef6c6a6727-7364", "trial_id": 6, "param_name": "max_features", "param_value_internal": 2, "distribution": "{\"name\": \"CategoricalDistribution\", \"attributes\": {\"choices\": [\"auto\", \"sqrt\", \"log2\"]}}"}
{"op_code": 5, "worker_id": "3d5a89bc-723e-4558-a0ca-a4ef6c6a6727-7364", "trial_id": 6, "param_name": "max_depth", "param_value_internal": 0, "distribution": "{\"name\": \"CategoricalDistribution\", \"attributes\": {\"choices\": [null, 2, 3, 4, 5, 10]}}"}
{"op_code": 6, "worker_id": "3d5a89bc-723e-4558-a0ca-a4ef6c6a6727-7364", "trial_id": 6, "state": 1, "values": [0.24704551500499586], "datetime_complete": "2023-11-14T13:26:24.955463"}
{"op_code": 4, "worker_id": "af9446d9-b12c-4e37-8725-84545fdb54c5-17852", "study_id": 0, "datetime_start": "2023-11-14T13:27:16.956987"}
{"op_code": 5, "worker_id": "af9446d9-b12c-4e37-8725-84545fdb54c5-17852", "trial_id": 7, "param_name": "n_estimators", "param_value_internal": 2, "distribution": "{\"name\": \"CategoricalDistribution\", \"attributes\": {\"choices\": [10, 20, 50, 200, 500]}}"}
{"op_code": 5, "worker_id": "af9446d9-b12c-4e37-8725-84545fdb54c5-17852", "trial_id": 7, "param_name": "max_features", "param_value_internal": 1, "distribution": "{\"name\": \"CategoricalDistribution\", \"attributes\": {\"choices\": [\"auto\", \"sqrt\", \"log2\"]}}"}
{"op_code": 5, "worker_id": "af9446d9-b12c-4e37-8725-84545fdb54c5-17852", "trial_id": 7, "param_name": "max_depth", "param_value_internal": 0, "distribution": "{\"name\": \"CategoricalDistribution\", \"attributes\": {\"choices\": [null, 2, 3, 4, 5, 10]}}"}
{"op_code": 0, "worker_id": "a0648d61-a13b-4319-8431-c00ecd28ae63-4160", "study_name": "RF", "directions": [1]}
{"op_code": 0, "worker_id": "609721c2-952b-49b2-9ffe-43dce5a70eb9-4160", "study_name": "RF", "directions": [1]}
{"op_code": 0, "worker_id": "e690ec31-1e97-4e2e-9d48-4efb1612d98b-4160", "study_name": "RF", "directions": [1]}
{"op_code": 0, "worker_id": "13f03d41-ae85-43a6-8b63-3d4b1a02fbe6-4160", "study_name": "RF", "directions": [1]}
{"op_code": 0, "worker_id": "bf5008ef-03ef-4b05-a484-47832436f1c2-4160", "study_name": "RF", "directions": [1]}
{"op_code": 0, "worker_id": "88e31ee5-7fd5-47dc-ae36-0d01c6b74508-4160", "study_name": "RF", "directions": [1]}
{"op_code": 0, "worker_id": "deda5648-83fa-4a29-a1dd-8aaa5a3de2f0-4160", "study_name": "RF", "directions": [1]}
{"op_code": 0, "worker_id": "4b984862-c308-4010-8468-e22c8d8e765d-4160", "study_name": "RF", "directions": [1]}
{"op_code": 0, "worker_id": "57850dac-5173-4aa4-bc75-f7f18bfd5463-4160", "study_name": "RF", "directions": [1]}
{"op_code": 0, "worker_id": "a92deebc-0586-42fd-a299-4e3ca36c7fa9-4160", "study_name": "RF", "directions": [1]}
{"op_code": 0, "worker_id": "76aee42d-c1b8-4cbb-bf3e-3de14a9e1ae8-4160", "study_name": "RF", "directions": [1]}
{"op_code": 0, "worker_id": "c145649b-6fc8-481e-a2da-4d5ea905d4ff-4160", "study_name": "RF", "directions": [1]}
{"op_code": 0, "worker_id": "6ad8001b-f2ab-425f-9cc8-962f86f26f44-4160", "study_name": "RF", "directions": [1]}
{"op_code": 0, "worker_id": "1f562200-c3d4-4456-ba6c-c3643feba5c5-4160", "study_name": "RF", "directions": [1]}
{"op_code": 0, "worker_id": "88c5d79a-79b9-4f1b-9ecc-b6f1bcc2dd51-4160", "study_name": "RF", "directions": [1]}
{"op_code": 0, "worker_id": "5e4ffc9e-cd20-4723-bfc5-cb69de5acb29-4160", "study_name": "RF", "directions": [1]}
{"op_code": 0, "worker_id": "f5629cea-db25-4379-8253-1cc4099ff216-4160", "study_name": "RF", "directions": [1]}
{"op_code": 0, "worker_id": "f6f708f8-5636-486e-bebe-39366cdf5b73-4160", "study_name": "RF", "directions": [1]}
{"op_code": 0, "worker_id": "6d8ad783-6d72-4955-b224-6c7b34b13fac-4160", "study_name": "RF", "directions": [1]}
{"op_code": 0, "worker_id": "a6b8599d-f630-4583-bbb1-a4ea1d0e5312-4160", "study_name": "RF", "directions": [1]}
{"op_code": 0, "worker_id": "653f213a-5e7a-4b60-a703-c45f0511eddd-4160", "study_name": "RF", "directions": [1]}
{"op_code": 0, "worker_id": "2637f8a5-d1b3-4824-a7fa-6d165a486289-4160", "study_name": "RF", "directions": [1]}
{"op_code": 0, "worker_id": "1e200321-b399-42ba-9425-e0478dda2dd3-4160", "study_name": "RF", "directions": [1]}
{"op_code": 0, "worker_id": "da18a806-5b07-4dfa-ad12-0ccb87a66c98-4160", "study_name": "RF", "directions": [1]}
{"op_code": 0, "worker_id": "20b7de56-f7e8-492d-a7bf-5d503dce9d71-4160", "study_name": "RF", "directions": [1]}
{"op_code": 0, "worker_id": "cb0f964f-6cc2-46e2-9f73-98730ad7f16a-4160", "study_name": "RF", "directions": [1]}
{"op_code": 0, "worker_id": "eaa71869-d5eb-4262-9241-a4b73e9b2e13-4160", "study_name": "RF", "directions": [1]}
{"op_code": 0, "worker_id": "b7a1981d-d841-4d95-a61f-61da23ef5863-4160", "study_name": "RF", "directions": [1]}
{"op_code": 0, "worker_id": "d35f38b6-6ba9-42e4-9084-978b33776cf8-4160", "study_name": "RF", "directions": [1]}
{"op_code": 0, "worker_id": "a4416e11-0f7f-488d-9d19-01ccaefe60f8-4160", "study_name": "RF", "directions": [1]}
{"op_code": 0, "worker_id": "e19af901-3052-4199-9ac3-a4ee24611cec-4160", "study_name": "RF", "directions": [1]}
{"op_code": 0, "worker_id": "225e7a1c-f600-4273-b50f-2d4561ca6215-4160", "study_name": "RF", "directions": [1]}
{"op_code": 0, "worker_id": "72a9932b-df8d-408f-88a2-fcef31b818bf-4160", "study_name": "RF", "directions": [1]}
{"op_code": 0, "worker_id": "74c4044b-4a71-47c3-8384-980e0f837cd3-4160", "study_name": "RF", "directions": [1]}
{"op_code": 0, "worker_id": "ee5652a4-a54e-429d-9b18-425e36c7d6e0-4160", "study_name": "RF", "directions": [1]}
{"op_code": 0, "worker_id": "efa489ee-4733-4077-be2c-4f60c755a320-4160", "study_name": "RF", "directions": [1]}
{"op_code": 0, "worker_id": "598b3fdf-d436-433e-9bd1-26ea225528ee-4160", "study_name": "RF", "directions": [1]}
{"op_code": 0, "worker_id": "cec1d5e8-3078-4a11-9687-3cecc25d3607-4160", "study_name": "RF", "directions": [1]}
{"op_code": 0, "worker_id": "adab597c-4125-4fa1-ad7a-9fbbd62da7d6-4160", "study_name": "RF", "directions": [1]}
{"op_code": 0, "worker_id": "45c1e6d4-56fc-4b5c-87b1-c2ea3e732c2e-4160", "study_name": "RF", "directions": [1]}
{"op_code": 0, "worker_id": "aa7074a8-f3c0-4814-b535-ed967aeb754c-4160", "study_name": "RF", "directions": [1]}
{"op_code": 0, "worker_id": "95fea692-f6b2-41af-aca5-8d96322346f9-4160", "study_name": "RF", "directions": [1]}
{"op_code": 0, "worker_id": "2b92776f-3e97-4c2b-8968-62914220e7a8-4160", "study_name": "RF", "directions": [1]}
{"op_code": 0, "worker_id": "0406a14a-a770-4458-bbc1-fb6dbadc11cb-4160", "study_name": "RF", "directions": [1]}
{"op_code": 0, "worker_id": "cd15acdd-3764-4faa-95b8-3399db915f8a-4160", "study_name": "RF", "directions": [1]}
{"op_code": 0, "worker_id": "7090bcf4-bceb-44fb-bee2-6f54366622a5-4160", "study_name": "RF", "directions": [1]}
{"op_code": 0, "worker_id": "b65147e1-b2f0-4ddd-b214-02494c56787b-4160", "study_name": "RF", "directions": [1]}
{"op_code": 0, "worker_id": "aec3e696-7b90-44fd-9a9c-c526ed9ddcf3-4160", "study_name": "RF", "directions": [1]}
{"op_code": 0, "worker_id": "4bd6cf25-e3ff-453e-b5aa-b343fdf396b6-4160", "study_name": "RF", "directions": [1]}
{"op_code": 0, "worker_id": "ba95a114-e4a0-4aa1-95fd-37a325b0d3eb-4160", "study_name": "RF", "directions": [1]}
{"op_code": 0, "worker_id": "24731c5a-1e9e-415d-9668-7b34252c76e6-4160", "study_name": "RF", "directions": [1]}
{"op_code": 0, "worker_id": "9a5b0e99-ac43-4c1a-8429-8c8d379dddce-4160", "study_name": "RF", "directions": [1]}
{"op_code": 0, "worker_id": "41cdcbc8-6d6a-4877-8f1e-557c85d17f98-4160", "study_name": "RF", "directions": [1]}
{"op_code": 0, "worker_id": "1330c3e2-3eba-4477-9ccd-078d1eae96d4-4160", "study_name": "RF", "directions": [1]}
{"op_code": 0, "worker_id": "2ffec996-8e82-4abd-942b-2ce5c814f622-4160", "study_name": "RF", "directions": [1]}
{"op_code": 0, "worker_id": "93231a95-492b-4288-ae0b-f1905d719410-4160", "study_name": "RF", "directions": [1]}
{"op_code": 0, "worker_id": "2f68e9fe-716f-43f7-bf76-c3d169f501cf-4160", "study_name": "RF", "directions": [1]}
{"op_code": 0, "worker_id": "a11d420d-37cd-43d3-9af0-10a89cc84269-4160", "study_name": "RF", "directions": [1]}
{"op_code": 0, "worker_id": "cb07fdbc-2256-46ab-9f3f-8fd47d34bbd8-4160", "study_name": "RF", "directions": [1]}
{"op_code": 0, "worker_id": "85f1fc4b-b97b-4166-806f-2dd139ef9fb0-4160", "study_name": "RF", "directions": [1]}
{"op_code": 0, "worker_id": "a232d987-aea6-4b2b-aecc-9d4ec00b014a-4160", "study_name": "RF", "directions": [1]}
{"op_code": 0, "worker_id": "973fc226-712e-4d11-948a-c37b99d3bfae-4160", "study_name": "RF", "directions": [1]}
{"op_code": 0, "worker_id": "8a9f2e7b-f23e-430e-a242-d2fd9cc3ff86-4160", "study_name": "RF", "directions": [1]}
{"op_code": 0, "worker_id": "321fe41a-4755-40b7-8ad5-7203205ed03b-4160", "study_name": "RF", "directions": [1]}
{"op_code": 0, "worker_id": "623d83d9-2523-4316-bc6f-d3d809c6cde5-4160", "study_name": "RF", "directions": [1]}
{"op_code": 0, "worker_id": "7a0c3dd2-5991-4fc6-bf1c-7f7a19d83d37-4160", "study_name": "RF", "directions": [1]}
{"op_code": 0, "worker_id": "385af238-1140-4f51-b3e5-5e0dd7339a9c-4160", "study_name": "RF", "directions": [1]}
{"op_code": 0, "worker_id": "82015a33-4536-4223-acb6-207f406436b7-4160", "study_name": "RF", "directions": [1]}
{"op_code": 0, "worker_id": "c3f60f93-fcb3-4f00-b273-dbd75b532376-4160", "study_name": "RF", "directions": [1]}
{"op_code": 0, "worker_id": "9dee6e36-a1cb-4dd3-a234-8ddf70bc4eb7-4160", "study_name": "RF", "directions": [1]}
{"op_code": 0, "worker_id": "e289e7e5-5e43-48b4-a346-70f7bcdaf9a9-4160", "study_name": "RF", "directions": [1]}
{"op_code": 0, "worker_id": "972c2648-6ad0-4525-ab04-c7485c31c712-4160", "study_name": "RF", "directions": [1]}
{"op_code": 0, "worker_id": "ddae53d7-8e18-42c8-b9b2-28854db2f647-4160", "study_name": "RF", "directions": [1]}
{"op_code": 0, "worker_id": "aabe7070-ed1c-49e6-843a-67b8c8ad398a-4160", "study_name": "RF", "directions": [1]}
{"op_code": 0, "worker_id": "60fec09f-162f-491a-a0c5-239fdfdfe8fd-4160", "study_name": "RF", "directions": [1]}
{"op_code": 0, "worker_id": "8c6f5061-2632-48c1-b285-f909e702bca1-4160", "study_name": "RF", "directions": [1]}
{"op_code": 0, "worker_id": "1d70ee62-9d40-462d-8f5b-77166e42880a-4160", "study_name": "RF", "directions": [1]}
{"op_code": 0, "worker_id": "938fabe7-b9e6-432b-8535-9cbc1743d09c-4160", "study_name": "RF", "directions": [1]}
{"op_code": 0, "worker_id": "c6881f3f-9f44-4f83-94a8-1acacd09fd47-4160", "study_name": "RF", "directions": [1]}
{"op_code": 0, "worker_id": "2c3b1fa9-dacb-4ba1-a837-a5c762110350-4160", "study_name": "RF", "directions": [1]}
{"op_code": 0, "worker_id": "772884b7-efed-40be-9d08-4262d34a43b7-4160", "study_name": "RF", "directions": [1]}
{"op_code": 0, "worker_id": "04167245-6aa8-461c-8745-0b4e838d1ed8-4160", "study_name": "RF", "directions": [1]}
{"op_code": 0, "worker_id": "198fe110-b665-4639-9c3f-d05168a30371-4160", "study_name": "RF", "directions": [1]}
{"op_code": 0, "worker_id": "ecc14ff9-9407-423e-b807-b83d04e9088f-4160", "study_name": "RF", "directions": [1]}
{"op_code": 0, "worker_id": "13cf4b67-0c22-4351-a6d6-5f3c9fc33359-4160", "study_name": "RF", "directions": [1]}
{"op_code": 0, "worker_id": "b2041e75-c701-4785-b739-621516f28a33-4160", "study_name": "RF", "directions": [1]}
{"op_code": 0, "worker_id": "05616cff-3578-481a-a1b0-33d68cbb570a-4160", "study_name": "RF", "directions": [1]}
{"op_code": 0, "worker_id": "d1922bbd-8491-4fa9-bd7a-15962631ea14-4160", "study_name": "RF", "directions": [1]}
{"op_code": 0, "worker_id": "6b6072c9-e5dd-41be-b277-05f2979ddb29-4160", "study_name": "RF", "directions": [1]}
{"op_code": 0, "worker_id": "7a0778da-29de-4675-b8b2-3ebb53b03c4b-4160", "study_name": "RF", "directions": [1]}
{"op_code": 0, "worker_id": "9ccf05d9-52cd-4722-b526-fe9ca735cb2d-4160", "study_name": "RF", "directions": [1]}
{"op_code": 0, "worker_id": "ced66cff-946c-4f48-8dbe-f4dcb5ce3c46-4160", "study_name": "RF", "directions": [1]}
{"op_code": 0, "worker_id": "c9c47757-81bb-4999-b1be-f2c938c05c46-4160", "study_name": "RF", "directions": [1]}
{"op_code": 0, "worker_id": "bb101c0c-f7a2-4e83-9a9a-5d0b4c7ef5a4-4160", "study_name": "RF", "directions": [1]}
{"op_code": 0, "worker_id": "01adde95-46f8-4d29-90a4-db6f7b12a4c3-4160", "study_name": "RF", "directions": [1]}
{"op_code": 0, "worker_id": "2d609fe7-83bd-4daf-83f3-d710038db583-4160", "study_name": "RF", "directions": [1]}
{"op_code": 0, "worker_id": "72f15aba-8edd-40bd-bcab-898d178488d6-4160", "study_name": "RF", "directions": [1]}
{"op_code": 0, "worker_id": "a6304cf5-8d78-40d6-92a5-cc46a4883e1c-4160", "study_name": "RF", "directions": [1]}
{"op_code": 0, "worker_id": "92864575-29af-473b-b748-4507a2fa6518-4160", "study_name": "RF", "directions": [1]}
{"op_code": 0, "worker_id": "6105df6e-91e0-48f2-9a65-7252838bb5c9-4160", "study_name": "RF", "directions": [1]}
{"op_code": 0, "worker_id": "b385eb15-c46e-4c47-897c-74b78799b5e3-4160", "study_name": "RF", "directions": [1]}
{"op_code": 0, "worker_id": "a2f46ca1-6c2e-4bb1-9083-8447130bd464-4160", "study_name": "RF", "directions": [1]}
{"op_code": 0, "worker_id": "cb5a44eb-7dfd-41f2-a6c5-efd6555987c7-4160", "study_name": "RF", "directions": [1]}
{"op_code": 0, "worker_id": "f4433f46-9335-446a-b76a-5d637a5c5661-4160", "study_name": "RF", "directions": [1]}
{"op_code": 0, "worker_id": "d6bb15bd-ada7-4f19-a5fa-ae40581d9666-4160", "study_name": "RF", "directions": [1]}
{"op_code": 0, "worker_id": "9b16f788-0fe2-449b-ac16-2e07074cb0e5-4160", "study_name": "RF", "directions": [1]}
{"op_code": 0, "worker_id": "b2b70aa2-061e-4ef9-b5d3-4ffe1219fcec-4160", "study_name": "RF", "directions": [1]}
{"op_code": 0, "worker_id": "2791c292-efe1-4bbe-98b1-1478a34147b5-4160", "study_name": "RF", "directions": [1]}
{"op_code": 0, "worker_id": "3b37eb40-7b8f-4b51-b589-5034405c676c-4160", "study_name": "RF", "directions": [1]}
{"op_code": 0, "worker_id": "ad6515ef-fcc7-4590-9f6e-2c6d9321b9c1-4160", "study_name": "RF", "directions": [1]}
{"op_code": 0, "worker_id": "563cbbb6-078b-44be-982e-89d90bc8974f-4160", "study_name": "RF", "directions": [1]}
{"op_code": 0, "worker_id": "4e3f09a3-672a-40a4-9bb9-54bbe5a7852d-4160", "study_name": "RF", "directions": [1]}
{"op_code": 0, "worker_id": "9d2deabb-2a60-43f6-87c6-c5b82dd42a4c-4160", "study_name": "RF", "directions": [1]}
{"op_code": 0, "worker_id": "bdad33ce-fbb1-444d-b55e-27f3e879ed39-4160", "study_name": "RF", "directions": [1]}
{"op_code": 0, "worker_id": "e9fbbda4-523c-4179-a1e0-00ac83df5454-4160", "study_name": "RF", "directions": [1]}
{"op_code": 0, "worker_id": "a893d723-0735-4ce3-b6fd-623d430e2b30-4160", "study_name": "RF", "directions": [1]}
{"op_code": 0, "worker_id": "994fe091-ab58-4863-afad-0b8eaac86566-4160", "study_name": "RF", "directions": [1]}
{"op_code": 0, "worker_id": "04cdc28e-5c2a-41a2-baa2-03d611e6e943-4160", "study_name": "RF", "directions": [1]}
{"op_code": 0, "worker_id": "b8d1c0db-400c-49ec-b90a-bf1035510d07-4160", "study_name": "RF", "directions": [1]}
{"op_code": 0, "worker_id": "e716e298-2824-4459-a2a3-6e4d27b8ba30-4160", "study_name": "RF", "directions": [1]}
{"op_code": 0, "worker_id": "9258326c-be08-4207-8806-486413ec98e1-4160", "study_name": "RF", "directions": [1]}
{"op_code": 0, "worker_id": "0ba48d8a-bc25-40b2-ae72-564f578f2a69-4160", "study_name": "RF", "directions": [1]}
{"op_code": 0, "worker_id": "12c90222-f77b-4748-9deb-c63f23ab7c18-4160", "study_name": "RF", "directions": [1]}
{"op_code": 0, "worker_id": "47345d2b-e8d1-4459-937d-c0af588a2889-4160", "study_name": "RF", "directions": [1]}
{"op_code": 0, "worker_id": "3f57bfa6-b00a-4b3e-bc0d-45b24cc83e41-4160", "study_name": "RF", "directions": [1]}
{"op_code": 0, "worker_id": "70983d21-6efc-4819-b9f5-74e402c4b0ca-4160", "study_name": "RF", "directions": [1]}
{"op_code": 0, "worker_id": "7d0d7ab1-1690-4a47-a4c4-ee78b23f2cc6-4160", "study_name": "RF", "directions": [1]}
{"op_code": 0, "worker_id": "7f9e3ab9-d806-48a9-a151-57a7a1069166-4160", "study_name": "RF", "directions": [1]}
{"op_code": 0, "worker_id": "01c130e1-4d30-400c-9312-e4209d3e74e0-4160", "study_name": "RF", "directions": [1]}
{"op_code": 0, "worker_id": "e03360c4-6472-4f40-bce8-4d4579f90e6e-4160", "study_name": "RF", "directions": [1]}
{"op_code": 0, "worker_id": "0d1917a5-179d-4b15-ab1c-22dbb8efd2d7-4160", "study_name": "RF", "directions": [1]}
{"op_code": 0, "worker_id": "d530bb5d-e763-4793-aeee-f9cac1a75e71-4160", "study_name": "RF", "directions": [1]}
{"op_code": 0, "worker_id": "43b0c1be-f9ae-4f1d-b76d-7fd32825b7f3-4160", "study_name": "RF", "directions": [1]}
{"op_code": 0, "worker_id": "fe646912-2c8d-404f-aae6-78ec980fe205-4160", "study_name": "RF", "directions": [1]}
{"op_code": 0, "worker_id": "059c14e5-0591-4ae4-b3ac-0356aab97d74-4160", "study_name": "RF", "directions": [1]}
{"op_code": 0, "worker_id": "74cdbc73-90ed-408a-a53e-2810135bf468-4160", "study_name": "RF", "directions": [1]}
{"op_code": 0, "worker_id": "07ce9cef-a99b-4e14-a676-bed5082ef7df-4160", "study_name": "RF", "directions": [1]}
{"op_code": 0, "worker_id": "bab7b486-a6af-46a8-a568-9d576785f3dc-4160", "study_name": "RF", "directions": [1]}
{"op_code": 0, "worker_id": "eace5f2a-f24a-4588-8c74-5b57b776a64c-4160", "study_name": "RF", "directions": [1]}
{"op_code": 0, "worker_id": "be67aae2-c864-4052-a1a1-61d2899f473d-4160", "study_name": "RF", "directions": [1]}
{"op_code": 0, "worker_id": "6b099cad-27f8-499b-a83d-dd9276c6012d-4160", "study_name": "RF", "directions": [1]}
{"op_code": 0, "worker_id": "12935067-d388-4d10-bd67-8a80235c40e1-4160", "study_name": "RF", "directions": [1]}
{"op_code": 0, "worker_id": "ef5f5286-a815-4407-a9de-3d12c96af1b9-4160", "study_name": "RF", "directions": [1]}
{"op_code": 0, "worker_id": "81b198dd-231e-499b-82dc-6b8a39497ab3-4160", "study_name": "RF", "directions": [1]}
{"op_code": 0, "worker_id": "fdbc7931-33d9-46fc-9aa3-327bed6ba052-4160", "study_name": "RF", "directions": [1]}
{"op_code": 0, "worker_id": "fd1f4c20-7b58-475a-b659-427541c1ab3c-4160", "study_name": "RF", "directions": [1]}
{"op_code": 0, "worker_id": "07473bcf-1a32-480d-9b89-449e5608a970-4160", "study_name": "RF", "directions": [1]}
{"op_code": 0, "worker_id": "e0ea36db-a8be-453e-92eb-74eb39cdb6ed-4160", "study_name": "RF", "directions": [1]}
{"op_code": 0, "worker_id": "bd5be14c-7736-44f4-a343-bd864596dbbc-4160", "study_name": "RF", "directions": [1]}
{"op_code": 0, "worker_id": "0d22851b-1345-4f13-8ffb-7b950fe34d17-4160", "study_name": "RF", "directions": [1]}
{"op_code": 0, "worker_id": "df05b004-2132-4bdf-a34e-64410bf53425-4160", "study_name": "RF", "directions": [1]}
{"op_code": 0, "worker_id": "8e026ccf-2087-44b3-8ef5-cf50ae855163-4160", "study_name": "RF", "directions": [1]}
{"op_code": 0, "worker_id": "e884e742-0d16-4926-b2e1-a5d1c57f7dae-4160", "study_name": "RF", "directions": [1]}
{"op_code": 0, "worker_id": "21d3827b-2c70-4778-985b-ce29f60b8f96-4160", "study_name": "RF", "directions": [1]}
{"op_code": 0, "worker_id": "b52df88d-a58c-40b0-be2b-54a9db75da9d-4160", "study_name": "RF", "directions": [1]}
{"op_code": 0, "worker_id": "24ac189e-c079-44e0-afc4-dca82301b190-4160", "study_name": "RF", "directions": [1]}
{"op_code": 0, "worker_id": "6ec55039-d677-4bf1-9698-ec7116258b36-4160", "study_name": "RF", "directions": [1]}
{"op_code": 0, "worker_id": "e13306ac-aa28-495b-8778-aaf359142a2c-4160", "study_name": "RF", "directions": [1]}
{"op_code": 0, "worker_id": "5669d575-c737-4d29-9f32-5bb2f09ac1d2-4160", "study_name": "RF", "directions": [1]}
{"op_code": 0, "worker_id": "f6a9f693-d36a-4b37-8748-49aa9bf97d92-4160", "study_name": "RF", "directions": [1]}
{"op_code": 0, "worker_id": "6315f683-4bd4-482a-8fca-cf277263f59d-4160", "study_name": "RF", "directions": [1]}
{"op_code": 0, "worker_id": "f93883b9-7cbf-42a9-ac5b-5148ed87bc39-4160", "study_name": "RF", "directions": [1]}
{"op_code": 0, "worker_id": "1705ac47-056d-4b57-8f7b-487f381f2afd-4160", "study_name": "RF", "directions": [1]}
{"op_code": 0, "worker_id": "7d2a8812-a4b4-409e-ac3f-56269c5931a0-4160", "study_name": "RF", "directions": [1]}
{"op_code": 0, "worker_id": "2dbcde46-00cc-4457-96e2-fec4d4c0dc4d-4160", "study_name": "RF", "directions": [1]}
{"op_code": 0, "worker_id": "bcee704a-8016-4fe0-b3f0-d04a7aa8afe1-4160", "study_name": "RF", "directions": [1]}
{"op_code": 0, "worker_id": "762c6cb5-6eb6-411c-bd6a-d2c9f86840ce-4160", "study_name": "RF", "directions": [1]}
{"op_code": 0, "worker_id": "374262a6-b86a-4599-bb95-3b777be8f719-4160", "study_name": "RF", "directions": [1]}
{"op_code": 0, "worker_id": "829d6656-7cda-4d23-8c61-dbdc38aee13e-4160", "study_name": "RF", "directions": [1]}
{"op_code": 0, "worker_id": "e3bb7861-fe95-4b79-932a-ef7410eaedbd-4160", "study_name": "RF", "directions": [1]}
{"op_code": 0, "worker_id": "80713028-1ca9-4835-a8e7-80170b5b5d12-4160", "study_name": "RF", "directions": [1]}
{"op_code": 0, "worker_id": "36b70a8f-a289-4b6f-ac83-0a6e0f18d12a-4160", "study_name": "RF", "directions": [1]}
{"op_code": 0, "worker_id": "d7beed47-11c6-4781-a39b-f4a996ed2f83-4160", "study_name": "RF", "directions": [1]}
{"op_code": 0, "worker_id": "8283cffb-a522-49d8-b8f0-f9912e13bbfa-4160", "study_name": "RF", "directions": [1]}
{"op_code": 0, "worker_id": "72dbede6-8bdb-4f17-badf-1b8d3e7ed788-4160", "study_name": "RF", "directions": [1]}
{"op_code": 0, "worker_id": "121302fa-0330-426f-91ae-6fb3b1603967-4160", "study_name": "RF", "directions": [1]}
{"op_code": 0, "worker_id": "287610d6-4e5d-49ca-a6b2-ddeff3401071-4160", "study_name": "RF", "directions": [1]}
{"op_code": 0, "worker_id": "4417b5da-15e5-4b48-b2f3-4f90b0b4bb62-4160", "study_name": "RF", "directions": [1]}
{"op_code": 0, "worker_id": "e4db3f9b-5005-41f2-8cb8-d590325ed74d-4160", "study_name": "RF", "directions": [1]}
{"op_code": 0, "worker_id": "30e3b247-66b5-403c-8166-a179abb4a739-4160", "study_name": "RF", "directions": [1]}
{"op_code": 0, "worker_id": "18d906b7-bf78-479c-8f80-3f90e7f1f2fa-4160", "study_name": "RF", "directions": [1]}
{"op_code": 0, "worker_id": "b18fa81a-8ac9-4da5-ac73-ea0b1d9e5728-4160", "study_name": "RF", "directions": [1]}
{"op_code": 0, "worker_id": "24f91676-38ca-4925-b649-afbe7a7d5e33-4160", "study_name": "RF", "directions": [1]}
{"op_code": 0, "worker_id": "fd20c46f-1e7b-4eea-8c6b-c7909d4e8ae8-4160", "study_name": "RF", "directions": [1]}
{"op_code": 0, "worker_id": "fb48a69c-10a6-47cd-b7b8-ec5d73d718d1-4160", "study_name": "RF", "directions": [1]}
{"op_code": 0, "worker_id": "f5f9a978-cfb8-46ce-acab-a6d4588475e6-4160", "study_name": "RF", "directions": [1]}
{"op_code": 0, "worker_id": "b5fe6a5d-4399-44c6-8abf-ff65dccef379-4160", "study_name": "RF", "directions": [1]}
{"op_code": 0, "worker_id": "ba217f77-5b5e-421f-92de-4d30e01deeaa-4160", "study_name": "RF", "directions": [1]}
{"op_code": 0, "worker_id": "0333d702-df02-400a-9cde-42066dec611c-4160", "study_name": "RF", "directions": [1]}
{"op_code": 0, "worker_id": "1270ea20-7708-4cef-b9d6-01f5cdc7ffb5-4160", "study_name": "RF", "directions": [1]}
{"op_code": 0, "worker_id": "ebf42c0e-c0f0-443c-bdda-94a89ba0d39a-4160", "study_name": "RF", "directions": [1]}
{"op_code": 0, "worker_id": "087461f8-9958-4be3-a438-ba657f3200d2-4160", "study_name": "RF", "directions": [1]}
{"op_code": 0, "worker_id": "90e729f4-0ee8-4f52-b2a7-416f0359b9b2-4160", "study_name": "RF", "directions": [1]}
{"op_code": 0, "worker_id": "a1b199a9-11db-4485-8f1a-a3b8f81ca340-4160", "study_name": "RF", "directions": [1]}
{"op_code": 0, "worker_id": "a74f983c-a889-46e8-bcc3-a0779bff15cc-4160", "study_name": "RF", "directions": [1]}
{"op_code": 0, "worker_id": "da244b3e-6c0b-430e-b428-b3e84bdc6b0d-4160", "study_name": "RF", "directions": [1]}
{"op_code": 0, "worker_id": "aa780214-d5e8-416f-a733-7d305dedacca-4160", "study_name": "RF", "directions": [1]}
{"op_code": 0, "worker_id": "f1223fd4-e216-4b1c-9c66-6dffa72546f9-4160", "study_name": "RF", "directions": [1]}
{"op_code": 0, "worker_id": "93e0b464-f9ed-4a2c-b7c3-ba013b07ee64-4160", "study_name": "RF", "directions": [1]}
{"op_code": 0, "worker_id": "2c87e2bc-ba53-41af-a95f-af25cc4096df-4160", "study_name": "RF", "directions": [1]}
{"op_code": 0, "worker_id": "967a3d74-1d2f-45b3-bb66-8d03ca92aee2-4160", "study_name": "RF", "directions": [1]}
{"op_code": 0, "worker_id": "42b328e6-32d7-46ad-831d-f3bd57b18eee-4160", "study_name": "RF", "directions": [1]}
{"op_code": 0, "worker_id": "eecbda91-f0d5-4c32-b59c-21b4d654d79a-4160", "study_name": "RF", "directions": [1]}
{"op_code": 0, "worker_id": "9df1a852-b40f-4954-bcd9-c8889abdf2bc-4160", "study_name": "RF", "directions": [1]}
{"op_code": 0, "worker_id": "18caea00-97ce-48bc-8acb-bf253d479ba5-4160", "study_name": "RF", "directions": [1]}
{"op_code": 0, "worker_id": "4afdb3a1-846f-4190-981e-11557dde005e-4160", "study_name": "RF", "directions": [1]}
{"op_code": 0, "worker_id": "0b584a42-fc8f-423e-9caf-80e17718d8ea-4160", "study_name": "RF", "directions": [1]}
{"op_code": 0, "worker_id": "c8a4aba0-2ed7-4133-aacf-f9354df9c664-4160", "study_name": "RF", "directions": [1]}
{"op_code": 0, "worker_id": "cc8bbe3e-2af2-44eb-9491-78c6a071c598-4160", "study_name": "RF", "directions": [1]}
{"op_code": 0, "worker_id": "a85a0a2b-cb12-4016-a85f-f4aebc0ffa69-4160", "study_name": "RF", "directions": [1]}
{"op_code": 0, "worker_id": "1984cf84-3a2b-4e2e-bd70-efee37aeb480-4160", "study_name": "RF", "directions": [1]}
{"op_code": 0, "worker_id": "3c2a08c9-b69c-48cf-86dd-56966a61215b-4160", "study_name": "RF", "directions": [1]}
{"op_code": 0, "worker_id": "7f6fe0e1-80d5-4fc9-b3a8-d3c190a4352e-4160", "study_name": "RF", "directions": [1]}
{"op_code": 0, "worker_id": "b2378a5a-5ba0-469e-9c43-04342a4b28b7-4160", "study_name": "RF", "directions": [1]}
{"op_code": 0, "worker_id": "f51007b4-b32d-400d-b85d-2c275967d3d7-4160", "study_name": "RF", "directions": [1]}
{"op_code": 0, "worker_id": "4fa50847-55f0-46aa-8785-5bfababc8cbb-4160", "study_name": "RF", "directions": [1]}
{"op_code": 0, "worker_id": "00b2eb31-0c6b-4409-9b4c-913a5e2e6399-4160", "study_name": "RF", "directions": [1]}
{"op_code": 0, "worker_id": "518b777d-7bbb-4f73-9108-ded161e06b31-4160", "study_name": "RF", "directions": [1]}
{"op_code": 0, "worker_id": "bb5dae0e-2bb0-4c58-8812-4c564cfe2316-4160", "study_name": "RF", "directions": [1]}
{"op_code": 0, "worker_id": "54e45467-4ff1-492d-8f98-d56212079fd9-4160", "study_name": "RF", "directions": [1]}
{"op_code": 0, "worker_id": "ea094815-bce5-403e-b08d-746778465911-4160", "study_name": "RF", "directions": [1]}
{"op_code": 0, "worker_id": "6bc053a0-acfd-4d89-bef0-5d0a643cf9b5-4160", "study_name": "RF", "directions": [1]}
{"op_code": 0, "worker_id": "1f4756d5-eb83-414f-8630-52e40d6e7145-4160", "study_name": "RF", "directions": [1]}
{"op_code": 0, "worker_id": "42bfaf25-501d-4e83-bacb-9bcc5aa5c59e-4160", "study_name": "RF", "directions": [1]}
{"op_code": 0, "worker_id": "3eba6c9e-a529-493a-a4fc-687fefbb7f38-4160", "study_name": "RF", "directions": [1]}
{"op_code": 0, "worker_id": "4f6f12b8-0f08-4f33-8456-fb6af6424a3f-4160", "study_name": "RF", "directions": [1]}
{"op_code": 0, "worker_id": "fecd3b60-70e8-4a02-bf4a-b78665f89687-4160", "study_name": "RF", "directions": [1]}
{"op_code": 0, "worker_id": "a62e0e3f-5afc-4644-85cf-49886ae1f89b-4160", "study_name": "RF", "directions": [1]}
{"op_code": 0, "worker_id": "a205c633-69c9-439f-842a-3244ce53e174-4160", "study_name": "RF", "directions": [1]}
{"op_code": 0, "worker_id": "b541e4c7-662c-4d59-bc5c-01ed6d045846-4160", "study_name": "RF", "directions": [1]}
{"op_code": 0, "worker_id": "cb3351cc-6d52-45fa-ab56-726accd991a5-4160", "study_name": "RF", "directions": [1]}
{"op_code": 0, "worker_id": "e68ad036-717e-4ca1-944d-1e66a95d481b-4160", "study_name": "RF", "directions": [1]}
{"op_code": 0, "worker_id": "039571b1-be55-4278-b124-f4eec22741f0-4160", "study_name": "RF", "directions": [1]}
{"op_code": 0, "worker_id": "7dc16e73-030c-48cc-bbb6-6fc12175d8d8-4160", "study_name": "RF", "directions": [1]}
{"op_code": 0, "worker_id": "1dc3161e-7cdf-4591-977d-d37ff60e0a55-4160", "study_name": "RF", "directions": [1]}
{"op_code": 0, "worker_id": "61abffbb-a810-48ec-8f06-03b4e8f5cb37-4160", "study_name": "RF", "directions": [1]}
{"op_code": 0, "worker_id": "34bf28bc-84a2-44a2-9b55-a98e7835f4bd-4160", "study_name": "RF", "directions": [1]}
{"op_code": 0, "worker_id": "05d80215-d442-4005-bb62-91b61206f496-4160", "study_name": "RF", "directions": [1]}
{"op_code": 0, "worker_id": "0c71ee08-ada2-4e5f-976b-3e17a99dc97c-4160", "study_name": "RF", "directions": [1]}
{"op_code": 0, "worker_id": "df1dda25-0b10-44df-9d0b-f7568e22e5e2-4160", "study_name": "RF", "directions": [1]}
{"op_code": 0, "worker_id": "901466a0-6e57-4808-b361-ae2187caf076-4160", "study_name": "RF", "directions": [1]}
{"op_code": 0, "worker_id": "a2523b34-ec04-41fd-9973-0d855c97f467-4160", "study_name": "RF", "directions": [1]}
{"op_code": 0, "worker_id": "4a7dbde7-7471-42c8-97a5-6696f8d7a8a3-4160", "study_name": "RF", "directions": [1]}
{"op_code": 0, "worker_id": "10a81b92-4037-423c-b519-552a6fa073cb-4160", "study_name": "RF", "directions": [1]}
{"op_code": 0, "worker_id": "5838d33f-7dc5-46c9-beb3-6cdab92d2f31-4160", "study_name": "RF", "directions": [1]}
{"op_code": 0, "worker_id": "793762ae-9e97-4690-9e8f-848108dc2dbe-4160", "study_name": "RF", "directions": [1]}
{"op_code": 0, "worker_id": "a80e3f56-4219-4660-bfe3-7c4750283453-4160", "study_name": "RF", "directions": [1]}
{"op_code": 0, "worker_id": "5e4115e6-38bf-4736-a7b1-fe217e14d993-4160", "study_name": "RF", "directions": [1]}
{"op_code": 0, "worker_id": "468caf0a-beb3-47aa-b17d-f0de485a2cff-4160", "study_name": "RF", "directions": [1]}
{"op_code": 0, "worker_id": "3982195b-6f58-4128-b840-b3f03b5fa22a-4160", "study_name": "RF", "directions": [1]}
{"op_code": 0, "worker_id": "d1d80171-86d1-4d50-a74f-fac5b9a6c424-4160", "study_name": "RF", "directions": [1]}
{"op_code": 0, "worker_id": "79cf1fb2-80de-4fae-b6b1-e4e38b21ca5f-4160", "study_name": "RF", "directions": [1]}
{"op_code": 0, "worker_id": "c1ff25dc-cd6e-4f93-91ff-484fbd1ef4cf-4160", "study_name": "RF", "directions": [1]}
{"op_code": 0, "worker_id": "d90bf390-5c92-4983-aaf2-285bf2813f34-4160", "study_name": "RF", "directions": [1]}
{"op_code": 0, "worker_id": "74d8a79e-3487-4dba-8cbe-04dd6771315f-4160", "study_name": "RF", "directions": [1]}
{"op_code": 0, "worker_id": "26c15712-49c2-4c6d-b109-d5812b404a36-4160", "study_name": "RF", "directions": [1]}
{"op_code": 0, "worker_id": "4fe0b9cc-ba2e-4b37-990c-73b1e698ca70-4160", "study_name": "RF", "directions": [1]}
{"op_code": 0, "worker_id": "c563a3dd-2562-4f8f-a750-e177cc6cfb9c-4160", "study_name": "RF", "directions": [1]}
{"op_code": 0, "worker_id": "5a779db3-2c16-4420-b589-e2a6e705a4a1-4160", "study_name": "RF", "directions": [1]}
{"op_code": 0, "worker_id": "350ca59a-66bf-4ff0-aa7b-4af3f7ae9714-4160", "study_name": "RF", "directions": [1]}
{"op_code": 0, "worker_id": "854f6347-88a9-44f8-8226-b6b42a988a1f-4160", "study_name": "RF", "directions": [1]}
{"op_code": 0, "worker_id": "2ee4e24c-455b-4036-9ed4-35533c2026e0-4160", "study_name": "RF", "directions": [1]}
{"op_code": 0, "worker_id": "789f7396-61d7-4030-86b9-9f124cf45bd8-4160", "study_name": "RF", "directions": [1]}
{"op_code": 0, "worker_id": "ee371860-e47b-4106-8f73-2e39f28ee7d0-4160", "study_name": "RF", "directions": [1]}
{"op_code": 0, "worker_id": "1c40781d-6a23-4c50-a492-daf89000399e-4160", "study_name": "RF", "directions": [1]}
{"op_code": 0, "worker_id": "32b41b77-c49c-4fc2-a2d4-dbee971ebfa7-4160", "study_name": "RF", "directions": [1]}
{"op_code": 0, "worker_id": "e3c8b94d-a6d2-4f5e-a018-4cdc0dd03775-4160", "study_name": "RF", "directions": [1]}
{"op_code": 0, "worker_id": "31c6ff7f-0df8-45a2-96fc-3d7b9185d983-4160", "study_name": "RF", "directions": [1]}
{"op_code": 0, "worker_id": "824c86ba-28d4-4540-8023-25952d8cc24c-4160", "study_name": "RF", "directions": [1]}
{"op_code": 0, "worker_id": "9b6b3161-d77a-4d95-9a86-a9a448b76660-4160", "study_name": "RF", "directions": [1]}
{"op_code": 0, "worker_id": "966cea47-7fc1-4243-a37c-cbd85005055c-4160", "study_name": "RF", "directions": [1]}
{"op_code": 0, "worker_id": "008158e4-72ef-4b94-a07e-76930b2585f2-4160", "study_name": "RF", "directions": [1]}
{"op_code": 0, "worker_id": "76c1b902-e8e2-496b-8a52-f99f39af117e-4160", "study_name": "RF", "directions": [1]}
{"op_code": 0, "worker_id": "67a51457-d01d-4ac1-bae4-3b7462efb873-4160", "study_name": "RF", "directions": [1]}
{"op_code": 0, "worker_id": "dd69f23b-c9fe-4a4d-9a79-62b2a7778f3a-4160", "study_name": "RF", "directions": [1]}
{"op_code": 0, "worker_id": "2790071f-15e8-49d0-9690-87767408ea67-4160", "study_name": "RF", "directions": [1]}
{"op_code": 0, "worker_id": "76aa7231-2841-4e21-8ccc-ff330187d664-4160", "study_name": "RF", "directions": [1]}
{"op_code": 0, "worker_id": "be3f43db-9873-41c8-b297-8d81db3211ff-4160", "study_name": "RF", "directions": [1]}
{"op_code": 0, "worker_id": "a7b88dbd-fc73-43cf-bc3c-bf463286f2bd-4160", "study_name": "RF", "directions": [1]}
{"op_code": 0, "worker_id": "528bd1d1-b5bc-4a67-9616-abbd8bf97639-4160", "study_name": "RF", "directions": [1]}
{"op_code": 0, "worker_id": "700018c1-cc54-41bf-9c7e-7ac2a304341a-4160", "study_name": "RF", "directions": [1]}
{"op_code": 0, "worker_id": "605643fe-4f81-41ba-9c51-415d4375ab72-4160", "study_name": "RF", "directions": [1]}
{"op_code": 0, "worker_id": "cfab3f6f-9429-47ae-ba14-6b30f2d7be41-4160", "study_name": "RF", "directions": [1]}
{"op_code": 0, "worker_id": "517291c3-b331-4515-b914-a77f6efd33c9-4160", "study_name": "RF", "directions": [1]}
{"op_code": 0, "worker_id": "8fd8a795-d017-4585-a3f4-f4be4858f35e-4160", "study_name": "RF", "directions": [1]}
{"op_code": 0, "worker_id": "cc9d2775-1a41-4265-b0b8-e4fa5c62dc99-4160", "study_name": "RF", "directions": [1]}
{"op_code": 0, "worker_id": "1dcaa86c-044f-4b8c-9048-d5d614961647-4160", "study_name": "RF", "directions": [1]}
{"op_code": 0, "worker_id": "cb73c9d0-8fc8-429e-b1e6-6e4cdb6f543f-4160", "study_name": "RF", "directions": [1]}
{"op_code": 0, "worker_id": "0e71c6e8-2571-436e-a5b7-2f29cd273d95-4160", "study_name": "RF", "directions": [1]}
{"op_code": 0, "worker_id": "550f7c41-1d38-46a3-b928-342e7487c5b5-4160", "study_name": "RF", "directions": [1]}
{"op_code": 0, "worker_id": "397f89df-4ec6-4d3f-ade4-c16b0a8f68a6-4160", "study_name": "RF", "directions": [1]}
{"op_code": 0, "worker_id": "e5ec4c85-e75e-4123-8cde-d4e137dc42a6-4160", "study_name": "RF", "directions": [1]}
{"op_code": 0, "worker_id": "ea0b1d45-0931-4d96-9392-c357b9883052-4160", "study_name": "RF", "directions": [1]}
{"op_code": 0, "worker_id": "b961ad64-e7a5-4819-b902-9940d86e01fb-4160", "study_name": "RF", "directions": [1]}
{"op_code": 0, "worker_id": "f50cac5f-92b2-4ac2-99ed-372d9e86de99-4160", "study_name": "RF", "directions": [1]}
{"op_code": 0, "worker_id": "070c22e9-ef2a-46b7-8f02-3a948cecbee0-4160", "study_name": "RF", "directions": [1]}
