{"op_code": 0, "worker_id": "c267d6e9-9c64-4d02-8ce5-a0f7c68a7dc9-47279818202944", "study_name": "ANN", "directions": [1]}
{"op_code": 4, "worker_id": "c267d6e9-9c64-4d02-8ce5-a0f7c68a7dc9-47280521058048", "study_id": 0, "datetime_start": "2023-11-07T17:12:51.565767"}
{"op_code": 5, "worker_id": "c267d6e9-9c64-4d02-8ce5-a0f7c68a7dc9-47280521058048", "trial_id": 0, "param_name": "learning_rate_init", "param_value_internal": 0.06214878171363768, "distribution": "{\"name\": \"FloatDistribution\", \"attributes\": {\"step\": null, \"low\": 0.001, \"high\": 0.1, \"log\": false}}"}
{"op_code": 5, "worker_id": "c267d6e9-9c64-4d02-8ce5-a0f7c68a7dc9-47280521058048", "trial_id": 0, "param_name": "hidden_layer_sizes", "param_value_internal": 0, "distribution": "{\"name\": \"CategoricalDistribution\", \"attributes\": {\"choices\": [[5], [10], [20], [50], [5, 5], [10, 10], [20, 20], [50, 50], [5, 5, 5], [10, 10, 10], [50, 50, 50]]}}"}
{"op_code": 6, "worker_id": "c267d6e9-9c64-4d02-8ce5-a0f7c68a7dc9-47280521058048", "trial_id": 0, "state": 1, "values": [0.2610051061088237], "datetime_complete": "2023-11-07T17:13:04.607268"}
{"op_code": 0, "worker_id": "90e68187-c01f-47a8-ac35-4e68716212e8-47279818202944", "study_name": "ANN", "directions": [1]}
{"op_code": 4, "worker_id": "90e68187-c01f-47a8-ac35-4e68716212e8-47280521058048", "study_id": 0, "datetime_start": "2023-11-07T17:19:38.316359"}
{"op_code": 5, "worker_id": "90e68187-c01f-47a8-ac35-4e68716212e8-47280521058048", "trial_id": 1, "param_name": "learning_rate_init", "param_value_internal": 0.060908382304767014, "distribution": "{\"name\": \"FloatDistribution\", \"attributes\": {\"step\": null, \"low\": 0.001, \"high\": 0.1, \"log\": false}}"}
{"op_code": 5, "worker_id": "90e68187-c01f-47a8-ac35-4e68716212e8-47280521058048", "trial_id": 1, "param_name": "hidden_layer_sizes", "param_value_internal": 1, "distribution": "{\"name\": \"CategoricalDistribution\", \"attributes\": {\"choices\": [[5], [10], [20], [50], [5, 5], [10, 10], [20, 20], [50, 50], [5, 5, 5], [10, 10, 10], [50, 50, 50]]}}"}
{"op_code": 6, "worker_id": "90e68187-c01f-47a8-ac35-4e68716212e8-47280521058048", "trial_id": 1, "state": 1, "values": [0.25151842762876203], "datetime_complete": "2023-11-07T17:19:50.042393"}
{"op_code": 0, "worker_id": "4c34cae9-60a6-4f12-b7f0-666210974105-47279818202944", "study_name": "ANN", "directions": [1]}
{"op_code": 4, "worker_id": "4c34cae9-60a6-4f12-b7f0-666210974105-47280521058048", "study_id": 0, "datetime_start": "2023-11-07T17:26:27.294296"}
{"op_code": 5, "worker_id": "4c34cae9-60a6-4f12-b7f0-666210974105-47280521058048", "trial_id": 2, "param_name": "learning_rate_init", "param_value_internal": 0.02547761823900306, "distribution": "{\"name\": \"FloatDistribution\", \"attributes\": {\"step\": null, \"low\": 0.001, \"high\": 0.1, \"log\": false}}"}
{"op_code": 5, "worker_id": "4c34cae9-60a6-4f12-b7f0-666210974105-47280521058048", "trial_id": 2, "param_name": "hidden_layer_sizes", "param_value_internal": 2, "distribution": "{\"name\": \"CategoricalDistribution\", \"attributes\": {\"choices\": [[5], [10], [20], [50], [5, 5], [10, 10], [20, 20], [50, 50], [5, 5, 5], [10, 10, 10], [50, 50, 50]]}}"}
{"op_code": 6, "worker_id": "4c34cae9-60a6-4f12-b7f0-666210974105-47280521058048", "trial_id": 2, "state": 1, "values": [0.24328057856179033], "datetime_complete": "2023-11-07T17:26:39.514722"}
{"op_code": 0, "worker_id": "8c8f0953-b8bd-4597-926c-ec13688d5dde-47279818202944", "study_name": "ANN", "directions": [1]}
{"op_code": 4, "worker_id": "8c8f0953-b8bd-4597-926c-ec13688d5dde-47280521058048", "study_id": 0, "datetime_start": "2023-11-07T17:33:14.603978"}
{"op_code": 5, "worker_id": "8c8f0953-b8bd-4597-926c-ec13688d5dde-47280521058048", "trial_id": 3, "param_name": "learning_rate_init", "param_value_internal": 0.033866842254478814, "distribution": "{\"name\": \"FloatDistribution\", \"attributes\": {\"step\": null, \"low\": 0.001, \"high\": 0.1, \"log\": false}}"}
{"op_code": 5, "worker_id": "8c8f0953-b8bd-4597-926c-ec13688d5dde-47280521058048", "trial_id": 3, "param_name": "hidden_layer_sizes", "param_value_internal": 0, "distribution": "{\"name\": \"CategoricalDistribution\", \"attributes\": {\"choices\": [[5], [10], [20], [50], [5, 5], [10, 10], [20, 20], [50, 50], [5, 5, 5], [10, 10, 10], [50, 50, 50]]}}"}
{"op_code": 6, "worker_id": "8c8f0953-b8bd-4597-926c-ec13688d5dde-47280521058048", "trial_id": 3, "state": 1, "values": [0.2542402045734648], "datetime_complete": "2023-11-07T17:33:27.842067"}
{"op_code": 0, "worker_id": "75ce726e-ee91-4408-99c3-552159fcb3b0-47817365380928", "study_name": "ANN", "directions": [1]}
{"op_code": 4, "worker_id": "75ce726e-ee91-4408-99c3-552159fcb3b0-47818068719360", "study_id": 0, "datetime_start": "2023-11-14T15:00:58.428792"}
{"op_code": 5, "worker_id": "75ce726e-ee91-4408-99c3-552159fcb3b0-47818068719360", "trial_id": 4, "param_name": "learning_rate_init", "param_value_internal": 0.03259560549869862, "distribution": "{\"name\": \"FloatDistribution\", \"attributes\": {\"step\": null, \"low\": 0.001, \"high\": 0.1, \"log\": false}}"}
{"op_code": 5, "worker_id": "75ce726e-ee91-4408-99c3-552159fcb3b0-47818068719360", "trial_id": 4, "param_name": "hidden_layer_sizes", "param_value_internal": 6, "distribution": "{\"name\": \"CategoricalDistribution\", \"attributes\": {\"choices\": [[5], [10], [20], [50], [5, 5], [10, 10], [20, 20], [50, 50], [5, 5, 5], [10, 10, 10], [50, 50, 50]]}}"}
{"op_code": 6, "worker_id": "75ce726e-ee91-4408-99c3-552159fcb3b0-47818068719360", "trial_id": 4, "state": 1, "values": [0.2541393818207219], "datetime_complete": "2023-11-14T15:01:09.117355"}
{"op_code": 0, "worker_id": "96f18724-6c74-4bc7-8e7c-0b9246849a84-47817365380928", "study_name": "ANN", "directions": [1]}
{"op_code": 4, "worker_id": "96f18724-6c74-4bc7-8e7c-0b9246849a84-47818068719360", "study_id": 0, "datetime_start": "2023-11-14T15:07:30.709637"}
{"op_code": 5, "worker_id": "96f18724-6c74-4bc7-8e7c-0b9246849a84-47818068719360", "trial_id": 5, "param_name": "learning_rate_init", "param_value_internal": 0.020277854294963055, "distribution": "{\"name\": \"FloatDistribution\", \"attributes\": {\"step\": null, \"low\": 0.001, \"high\": 0.1, \"log\": false}}"}
{"op_code": 5, "worker_id": "96f18724-6c74-4bc7-8e7c-0b9246849a84-47818068719360", "trial_id": 5, "param_name": "hidden_layer_sizes", "param_value_internal": 4, "distribution": "{\"name\": \"CategoricalDistribution\", \"attributes\": {\"choices\": [[5], [10], [20], [50], [5, 5], [10, 10], [20, 20], [50, 50], [5, 5, 5], [10, 10, 10], [50, 50, 50]]}}"}
{"op_code": 6, "worker_id": "96f18724-6c74-4bc7-8e7c-0b9246849a84-47818068719360", "trial_id": 5, "state": 1, "values": [0.24612108460689067], "datetime_complete": "2023-11-14T15:07:42.561071"}
{"op_code": 0, "worker_id": "c915b2ff-82bf-4e65-b59a-bc3dee668991-47817365380928", "study_name": "ANN", "directions": [1]}
{"op_code": 4, "worker_id": "c915b2ff-82bf-4e65-b59a-bc3dee668991-47818068719360", "study_id": 0, "datetime_start": "2023-11-14T15:14:06.400516"}
{"op_code": 5, "worker_id": "c915b2ff-82bf-4e65-b59a-bc3dee668991-47818068719360", "trial_id": 6, "param_name": "learning_rate_init", "param_value_internal": 0.0679809572572988, "distribution": "{\"name\": \"FloatDistribution\", \"attributes\": {\"step\": null, \"low\": 0.001, \"high\": 0.1, \"log\": false}}"}
{"op_code": 5, "worker_id": "c915b2ff-82bf-4e65-b59a-bc3dee668991-47818068719360", "trial_id": 6, "param_name": "hidden_layer_sizes", "param_value_internal": 1, "distribution": "{\"name\": \"CategoricalDistribution\", \"attributes\": {\"choices\": [[5], [10], [20], [50], [5, 5], [10, 10], [20, 20], [50, 50], [5, 5, 5], [10, 10, 10], [50, 50, 50]]}}"}
{"op_code": 6, "worker_id": "c915b2ff-82bf-4e65-b59a-bc3dee668991-47818068719360", "trial_id": 6, "state": 1, "values": [0.25599264346956535], "datetime_complete": "2023-11-14T15:14:18.428783"}
{"op_code": 0, "worker_id": "299a70fc-5310-4f41-899d-afab9f31f6af-47817365380928", "study_name": "ANN", "directions": [1]}
{"op_code": 4, "worker_id": "299a70fc-5310-4f41-899d-afab9f31f6af-47818068719360", "study_id": 0, "datetime_start": "2023-11-14T15:20:45.589123"}
{"op_code": 5, "worker_id": "299a70fc-5310-4f41-899d-afab9f31f6af-47818068719360", "trial_id": 7, "param_name": "learning_rate_init", "param_value_internal": 0.06377132465533877, "distribution": "{\"name\": \"FloatDistribution\", \"attributes\": {\"step\": null, \"low\": 0.001, \"high\": 0.1, \"log\": false}}"}
{"op_code": 5, "worker_id": "299a70fc-5310-4f41-899d-afab9f31f6af-47818068719360", "trial_id": 7, "param_name": "hidden_layer_sizes", "param_value_internal": 1, "distribution": "{\"name\": \"CategoricalDistribution\", \"attributes\": {\"choices\": [[5], [10], [20], [50], [5, 5], [10, 10], [20, 20], [50, 50], [5, 5, 5], [10, 10, 10], [50, 50, 50]]}}"}
{"op_code": 6, "worker_id": "299a70fc-5310-4f41-899d-afab9f31f6af-47818068719360", "trial_id": 7, "state": 1, "values": [0.2527392678671089], "datetime_complete": "2023-11-14T15:20:55.492291"}
