{"op_code": 0, "worker_id": "8ecf981c-d533-412f-95f6-cc137304dd86-47279818202944", "study_name": "GB", "directions": [1]}
{"op_code": 4, "worker_id": "8ecf981c-d533-412f-95f6-cc137304dd86-47280521058048", "study_id": 0, "datetime_start": "2023-11-07T17:12:27.888337"}
{"op_code": 5, "worker_id": "8ecf981c-d533-412f-95f6-cc137304dd86-47280521058048", "trial_id": 0, "param_name": "n_estimators", "param_value_internal": 0, "distribution": "{\"name\": \"CategoricalDistribution\", \"attributes\": {\"choices\": [10, 20, 50, 200, 500]}}"}
{"op_code": 5, "worker_id": "8ecf981c-d533-412f-95f6-cc137304dd86-47280521058048", "trial_id": 0, "param_name": "learning_rate", "param_value_internal": 0.8224909023195965, "distribution": "{\"name\": \"FloatDistribution\", \"attributes\": {\"step\": null, \"low\": 0.005, \"high\": 1.0, \"log\": false}}"}
{"op_code": 5, "worker_id": "8ecf981c-d533-412f-95f6-cc137304dd86-47280521058048", "trial_id": 0, "param_name": "max_depth", "param_value_internal": 4, "distribution": "{\"name\": \"CategoricalDistribution\", \"attributes\": {\"choices\": [1, 2, 3, 4, 5]}}"}
{"op_code": 6, "worker_id": "8ecf981c-d533-412f-95f6-cc137304dd86-47280521058048", "trial_id": 0, "state": 1, "values": [0.23529146944340065], "datetime_complete": "2023-11-07T17:12:35.042259"}
{"op_code": 0, "worker_id": "f1114561-96c6-4939-b5a1-262aff267962-47279818202944", "study_name": "GB", "directions": [1]}
{"op_code": 4, "worker_id": "f1114561-96c6-4939-b5a1-262aff267962-47280521058048", "study_id": 0, "datetime_start": "2023-11-07T17:19:14.541474"}
{"op_code": 5, "worker_id": "f1114561-96c6-4939-b5a1-262aff267962-47280521058048", "trial_id": 1, "param_name": "n_estimators", "param_value_internal": 4, "distribution": "{\"name\": \"CategoricalDistribution\", \"attributes\": {\"choices\": [10, 20, 50, 200, 500]}}"}
{"op_code": 5, "worker_id": "f1114561-96c6-4939-b5a1-262aff267962-47280521058048", "trial_id": 1, "param_name": "learning_rate", "param_value_internal": 0.9543862491901232, "distribution": "{\"name\": \"FloatDistribution\", \"attributes\": {\"step\": null, \"low\": 0.005, \"high\": 1.0, \"log\": false}}"}
{"op_code": 5, "worker_id": "f1114561-96c6-4939-b5a1-262aff267962-47280521058048", "trial_id": 1, "param_name": "max_depth", "param_value_internal": 1, "distribution": "{\"name\": \"CategoricalDistribution\", \"attributes\": {\"choices\": [1, 2, 3, 4, 5]}}"}
{"op_code": 6, "worker_id": "f1114561-96c6-4939-b5a1-262aff267962-47280521058048", "trial_id": 1, "state": 1, "values": [0.23425116610472582], "datetime_complete": "2023-11-07T17:19:21.713302"}
{"op_code": 0, "worker_id": "24d72286-4a82-4bfa-b450-e5d241827e38-47279818202944", "study_name": "GB", "directions": [1]}
{"op_code": 4, "worker_id": "24d72286-4a82-4bfa-b450-e5d241827e38-47280521058048", "study_id": 0, "datetime_start": "2023-11-07T17:26:03.633524"}
{"op_code": 5, "worker_id": "24d72286-4a82-4bfa-b450-e5d241827e38-47280521058048", "trial_id": 2, "param_name": "n_estimators", "param_value_internal": 4, "distribution": "{\"name\": \"CategoricalDistribution\", \"attributes\": {\"choices\": [10, 20, 50, 200, 500]}}"}
{"op_code": 5, "worker_id": "24d72286-4a82-4bfa-b450-e5d241827e38-47280521058048", "trial_id": 2, "param_name": "learning_rate", "param_value_internal": 0.8301965761927522, "distribution": "{\"name\": \"FloatDistribution\", \"attributes\": {\"step\": null, \"low\": 0.005, \"high\": 1.0, \"log\": false}}"}
{"op_code": 5, "worker_id": "24d72286-4a82-4bfa-b450-e5d241827e38-47280521058048", "trial_id": 2, "param_name": "max_depth", "param_value_internal": 4, "distribution": "{\"name\": \"CategoricalDistribution\", \"attributes\": {\"choices\": [1, 2, 3, 4, 5]}}"}
{"op_code": 6, "worker_id": "24d72286-4a82-4bfa-b450-e5d241827e38-47280521058048", "trial_id": 2, "state": 1, "values": [0.23416174431692263], "datetime_complete": "2023-11-07T17:26:10.799516"}
{"op_code": 0, "worker_id": "c924be25-7e37-4c1a-8bfa-fb7df3d9e0b8-47279818202944", "study_name": "GB", "directions": [1]}
{"op_code": 4, "worker_id": "c924be25-7e37-4c1a-8bfa-fb7df3d9e0b8-47280521058048", "study_id": 0, "datetime_start": "2023-11-07T17:32:50.927720"}
{"op_code": 5, "worker_id": "c924be25-7e37-4c1a-8bfa-fb7df3d9e0b8-47280521058048", "trial_id": 3, "param_name": "n_estimators", "param_value_internal": 0, "distribution": "{\"name\": \"CategoricalDistribution\", \"attributes\": {\"choices\": [10, 20, 50, 200, 500]}}"}
{"op_code": 5, "worker_id": "c924be25-7e37-4c1a-8bfa-fb7df3d9e0b8-47280521058048", "trial_id": 3, "param_name": "learning_rate", "param_value_internal": 0.2276329949900674, "distribution": "{\"name\": \"FloatDistribution\", \"attributes\": {\"step\": null, \"low\": 0.005, \"high\": 1.0, \"log\": false}}"}
{"op_code": 5, "worker_id": "c924be25-7e37-4c1a-8bfa-fb7df3d9e0b8-47280521058048", "trial_id": 3, "param_name": "max_depth", "param_value_internal": 1, "distribution": "{\"name\": \"CategoricalDistribution\", \"attributes\": {\"choices\": [1, 2, 3, 4, 5]}}"}
{"op_code": 6, "worker_id": "c924be25-7e37-4c1a-8bfa-fb7df3d9e0b8-47280521058048", "trial_id": 3, "state": 1, "values": [0.232797350800676], "datetime_complete": "2023-11-07T17:32:58.073271"}
