{"op_code": 0, "worker_id": "25b3554a-941f-4276-b63d-731a2a2bda6a-47279818202944", "study_name": "KRR", "directions": [1]}
{"op_code": 4, "worker_id": "25b3554a-941f-4276-b63d-731a2a2bda6a-47280521058048", "study_id": 0, "datetime_start": "2023-11-07T17:12:27.013322"}
{"op_code": 5, "worker_id": "25b3554a-941f-4276-b63d-731a2a2bda6a-47280521058048", "trial_id": 0, "param_name": "alpha", "param_value_internal": 0.8234776828771981, "distribution": "{\"name\": \"FloatDistribution\", \"attributes\": {\"step\": null, \"low\": 0.0001, \"high\": 1.0, \"log\": false}}"}
{"op_code": 5, "worker_id": "25b3554a-941f-4276-b63d-731a2a2bda6a-47280521058048", "trial_id": 0, "param_name": "gamma", "param_value_internal": 3.0998750146521714e-15, "distribution": "{\"name\": \"FloatDistribution\", \"attributes\": {\"step\": null, \"low\": 0.0, \"high\": 1e-14, \"log\": false}}"}
{"op_code": 5, "worker_id": "25b3554a-941f-4276-b63d-731a2a2bda6a-47280521058048", "trial_id": 0, "param_name": "kernel", "param_value_internal": 0, "distribution": "{\"name\": \"CategoricalDistribution\", \"attributes\": {\"choices\": [\"linear\", \"laplacian\", \"rbf\"]}}"}
{"op_code": 6, "worker_id": "25b3554a-941f-4276-b63d-731a2a2bda6a-47280521058048", "trial_id": 0, "state": 1, "values": [0.23952635718112014], "datetime_complete": "2023-11-07T17:12:27.879225"}
{"op_code": 0, "worker_id": "8e9c0b54-6124-49ee-b570-9df215a0c020-47279818202944", "study_name": "KRR", "directions": [1]}
{"op_code": 4, "worker_id": "8e9c0b54-6124-49ee-b570-9df215a0c020-47280521058048", "study_id": 0, "datetime_start": "2023-11-07T17:19:13.681603"}
{"op_code": 5, "worker_id": "8e9c0b54-6124-49ee-b570-9df215a0c020-47280521058048", "trial_id": 1, "param_name": "alpha", "param_value_internal": 0.3695299657040467, "distribution": "{\"name\": \"FloatDistribution\", \"attributes\": {\"step\": null, \"low\": 0.0001, \"high\": 1.0, \"log\": false}}"}
{"op_code": 5, "worker_id": "8e9c0b54-6124-49ee-b570-9df215a0c020-47280521058048", "trial_id": 1, "param_name": "gamma", "param_value_internal": 8.972493000392623e-16, "distribution": "{\"name\": \"FloatDistribution\", \"attributes\": {\"step\": null, \"low\": 0.0, \"high\": 1e-14, \"log\": false}}"}
{"op_code": 5, "worker_id": "8e9c0b54-6124-49ee-b570-9df215a0c020-47280521058048", "trial_id": 1, "param_name": "kernel", "param_value_internal": 1, "distribution": "{\"name\": \"CategoricalDistribution\", \"attributes\": {\"choices\": [\"linear\", \"laplacian\", \"rbf\"]}}"}
{"op_code": 6, "worker_id": "8e9c0b54-6124-49ee-b570-9df215a0c020-47280521058048", "trial_id": 1, "state": 1, "values": [0.23938490568729842], "datetime_complete": "2023-11-07T17:19:14.532242"}
{"op_code": 0, "worker_id": "28c4148e-b2a7-44ae-a196-853a6429944c-47279818202944", "study_name": "KRR", "directions": [1]}
{"op_code": 4, "worker_id": "28c4148e-b2a7-44ae-a196-853a6429944c-47280521058048", "study_id": 0, "datetime_start": "2023-11-07T17:26:02.732194"}
{"op_code": 5, "worker_id": "28c4148e-b2a7-44ae-a196-853a6429944c-47280521058048", "trial_id": 2, "param_name": "alpha", "param_value_internal": 0.4697990223956659, "distribution": "{\"name\": \"FloatDistribution\", \"attributes\": {\"step\": null, \"low\": 0.0001, \"high\": 1.0, \"log\": false}}"}
{"op_code": 5, "worker_id": "28c4148e-b2a7-44ae-a196-853a6429944c-47280521058048", "trial_id": 2, "param_name": "gamma", "param_value_internal": 6.663282182891718e-15, "distribution": "{\"name\": \"FloatDistribution\", \"attributes\": {\"step\": null, \"low\": 0.0, \"high\": 1e-14, \"log\": false}}"}
{"op_code": 5, "worker_id": "28c4148e-b2a7-44ae-a196-853a6429944c-47280521058048", "trial_id": 2, "param_name": "kernel", "param_value_internal": 2, "distribution": "{\"name\": \"CategoricalDistribution\", \"attributes\": {\"choices\": [\"linear\", \"laplacian\", \"rbf\"]}}"}
{"op_code": 6, "worker_id": "28c4148e-b2a7-44ae-a196-853a6429944c-47280521058048", "trial_id": 2, "state": 1, "values": [0.23924402135226486], "datetime_complete": "2023-11-07T17:26:03.622053"}
{"op_code": 0, "worker_id": "e1d98466-6b0e-419f-b3fc-99c141ef5ad6-47279818202944", "study_name": "KRR", "directions": [1]}
{"op_code": 4, "worker_id": "e1d98466-6b0e-419f-b3fc-99c141ef5ad6-47280521058048", "study_id": 0, "datetime_start": "2023-11-07T17:32:49.953675"}
{"op_code": 5, "worker_id": "e1d98466-6b0e-419f-b3fc-99c141ef5ad6-47280521058048", "trial_id": 3, "param_name": "alpha", "param_value_internal": 0.9621773221300899, "distribution": "{\"name\": \"FloatDistribution\", \"attributes\": {\"step\": null, \"low\": 0.0001, \"high\": 1.0, \"log\": false}}"}
{"op_code": 5, "worker_id": "e1d98466-6b0e-419f-b3fc-99c141ef5ad6-47280521058048", "trial_id": 3, "param_name": "gamma", "param_value_internal": 1.7034023957027179e-15, "distribution": "{\"name\": \"FloatDistribution\", \"attributes\": {\"step\": null, \"low\": 0.0, \"high\": 1e-14, \"log\": false}}"}
{"op_code": 5, "worker_id": "e1d98466-6b0e-419f-b3fc-99c141ef5ad6-47280521058048", "trial_id": 3, "param_name": "kernel", "param_value_internal": 2, "distribution": "{\"name\": \"CategoricalDistribution\", \"attributes\": {\"choices\": [\"linear\", \"laplacian\", \"rbf\"]}}"}
{"op_code": 6, "worker_id": "e1d98466-6b0e-419f-b3fc-99c141ef5ad6-47280521058048", "trial_id": 3, "state": 1, "values": [0.2392755673151703], "datetime_complete": "2023-11-07T17:32:50.913173"}
{"op_code": 0, "worker_id": "3901f710-7078-4af4-8dc3-70280f9ebf1b-47817365380928", "study_name": "KRR", "directions": [1]}
{"op_code": 4, "worker_id": "3901f710-7078-4af4-8dc3-70280f9ebf1b-47818068719360", "study_id": 0, "datetime_start": "2023-11-14T15:00:33.808146"}
{"op_code": 5, "worker_id": "3901f710-7078-4af4-8dc3-70280f9ebf1b-47818068719360", "trial_id": 4, "param_name": "alpha", "param_value_internal": 0.12768378177921397, "distribution": "{\"name\": \"FloatDistribution\", \"attributes\": {\"step\": null, \"low\": 0.0001, \"high\": 1.0, \"log\": false}}"}
{"op_code": 5, "worker_id": "3901f710-7078-4af4-8dc3-70280f9ebf1b-47818068719360", "trial_id": 4, "param_name": "gamma", "param_value_internal": 2.288074983729319e-15, "distribution": "{\"name\": \"FloatDistribution\", \"attributes\": {\"step\": null, \"low\": 0.0, \"high\": 1e-14, \"log\": false}}"}
{"op_code": 5, "worker_id": "3901f710-7078-4af4-8dc3-70280f9ebf1b-47818068719360", "trial_id": 4, "param_name": "kernel", "param_value_internal": 2, "distribution": "{\"name\": \"CategoricalDistribution\", \"attributes\": {\"choices\": [\"linear\", \"laplacian\", \"rbf\"]}}"}
{"op_code": 6, "worker_id": "3901f710-7078-4af4-8dc3-70280f9ebf1b-47818068719360", "trial_id": 4, "state": 1, "values": [0.23964687803133547], "datetime_complete": "2023-11-14T15:00:34.690987"}
{"op_code": 0, "worker_id": "20e82424-07da-4259-8cc7-1c5d8e6f060b-47817365380928", "study_name": "KRR", "directions": [1]}
{"op_code": 4, "worker_id": "20e82424-07da-4259-8cc7-1c5d8e6f060b-47818068719360", "study_id": 0, "datetime_start": "2023-11-14T15:07:06.081256"}
{"op_code": 5, "worker_id": "20e82424-07da-4259-8cc7-1c5d8e6f060b-47818068719360", "trial_id": 5, "param_name": "alpha", "param_value_internal": 0.9634883929896947, "distribution": "{\"name\": \"FloatDistribution\", \"attributes\": {\"step\": null, \"low\": 0.0001, \"high\": 1.0, \"log\": false}}"}
{"op_code": 5, "worker_id": "20e82424-07da-4259-8cc7-1c5d8e6f060b-47818068719360", "trial_id": 5, "param_name": "gamma", "param_value_internal": 6.367399937369667e-16, "distribution": "{\"name\": \"FloatDistribution\", \"attributes\": {\"step\": null, \"low\": 0.0, \"high\": 1e-14, \"log\": false}}"}
{"op_code": 5, "worker_id": "20e82424-07da-4259-8cc7-1c5d8e6f060b-47818068719360", "trial_id": 5, "param_name": "kernel", "param_value_internal": 0, "distribution": "{\"name\": \"CategoricalDistribution\", \"attributes\": {\"choices\": [\"linear\", \"laplacian\", \"rbf\"]}}"}
{"op_code": 6, "worker_id": "20e82424-07da-4259-8cc7-1c5d8e6f060b-47818068719360", "trial_id": 5, "state": 1, "values": [0.23955725084332266], "datetime_complete": "2023-11-14T15:07:06.945497"}
{"op_code": 0, "worker_id": "d0995afa-b967-4098-844f-5807330e18ec-47817365380928", "study_name": "KRR", "directions": [1]}
{"op_code": 4, "worker_id": "d0995afa-b967-4098-844f-5807330e18ec-47818068719360", "study_id": 0, "datetime_start": "2023-11-14T15:13:41.737369"}
{"op_code": 5, "worker_id": "d0995afa-b967-4098-844f-5807330e18ec-47818068719360", "trial_id": 6, "param_name": "alpha", "param_value_internal": 0.49857512838637796, "distribution": "{\"name\": \"FloatDistribution\", \"attributes\": {\"step\": null, \"low\": 0.0001, \"high\": 1.0, \"log\": false}}"}
{"op_code": 5, "worker_id": "d0995afa-b967-4098-844f-5807330e18ec-47818068719360", "trial_id": 6, "param_name": "gamma", "param_value_internal": 9.141666085077738e-15, "distribution": "{\"name\": \"FloatDistribution\", \"attributes\": {\"step\": null, \"low\": 0.0, \"high\": 1e-14, \"log\": false}}"}
{"op_code": 5, "worker_id": "d0995afa-b967-4098-844f-5807330e18ec-47818068719360", "trial_id": 6, "param_name": "kernel", "param_value_internal": 2, "distribution": "{\"name\": \"CategoricalDistribution\", \"attributes\": {\"choices\": [\"linear\", \"laplacian\", \"rbf\"]}}"}
{"op_code": 6, "worker_id": "d0995afa-b967-4098-844f-5807330e18ec-47818068719360", "trial_id": 6, "state": 1, "values": [0.23960249169883138], "datetime_complete": "2023-11-14T15:13:42.637239"}
{"op_code": 0, "worker_id": "a68b8043-ecee-48b2-a68b-0dcdedd124c4-47817365380928", "study_name": "KRR", "directions": [1]}
{"op_code": 4, "worker_id": "a68b8043-ecee-48b2-a68b-0dcdedd124c4-47818068719360", "study_id": 0, "datetime_start": "2023-11-14T15:20:20.915742"}
{"op_code": 5, "worker_id": "a68b8043-ecee-48b2-a68b-0dcdedd124c4-47818068719360", "trial_id": 7, "param_name": "alpha", "param_value_internal": 0.09321050842557237, "distribution": "{\"name\": \"FloatDistribution\", \"attributes\": {\"step\": null, \"low\": 0.0001, \"high\": 1.0, \"log\": false}}"}
{"op_code": 5, "worker_id": "a68b8043-ecee-48b2-a68b-0dcdedd124c4-47818068719360", "trial_id": 7, "param_name": "gamma", "param_value_internal": 8.357799013958604e-15, "distribution": "{\"name\": \"FloatDistribution\", \"attributes\": {\"step\": null, \"low\": 0.0, \"high\": 1e-14, \"log\": false}}"}
{"op_code": 5, "worker_id": "a68b8043-ecee-48b2-a68b-0dcdedd124c4-47818068719360", "trial_id": 7, "param_name": "kernel", "param_value_internal": 0, "distribution": "{\"name\": \"CategoricalDistribution\", \"attributes\": {\"choices\": [\"linear\", \"laplacian\", \"rbf\"]}}"}
{"op_code": 6, "worker_id": "a68b8043-ecee-48b2-a68b-0dcdedd124c4-47818068719360", "trial_id": 7, "state": 1, "values": [0.23958044896916844], "datetime_complete": "2023-11-14T15:20:21.781252"}
