{"op_code": 0, "worker_id": "aa05c1e9-a854-489a-8b0c-70059b73d6b6-47279818202944", "study_name": "linear", "directions": [1]}
{"op_code": 4, "worker_id": "aa05c1e9-a854-489a-8b0c-70059b73d6b6-47280521058048", "study_id": 0, "datetime_start": "2023-11-07T17:12:26.972771"}
{"op_code": 8, "worker_id": "aa05c1e9-a854-489a-8b0c-70059b73d6b6-47280521058048", "trial_id": 0, "user_attr": {"fit_intercept": true}}
{"op_code": 5, "worker_id": "aa05c1e9-a854-489a-8b0c-70059b73d6b6-47280521058048", "trial_id": 0, "param_name": "alpha", "param_value_internal": 0.09439282993793481, "distribution": "{\"name\": \"FloatDistribution\", \"attributes\": {\"step\": null, \"low\": 1e-05, \"high\": 0.1, \"log\": false}}"}
{"op_code": 5, "worker_id": "aa05c1e9-a854-489a-8b0c-70059b73d6b6-47280521058048", "trial_id": 0, "param_name": "l1_ratio", "param_value_internal": 0.5433204568201354, "distribution": "{\"name\": \"FloatDistribution\", \"attributes\": {\"step\": null, \"low\": 0.0, \"high\": 1.0, \"log\": false}}"}
{"op_code": 6, "worker_id": "aa05c1e9-a854-489a-8b0c-70059b73d6b6-47280521058048", "trial_id": 0, "state": 1, "values": [0.24679969911670252], "datetime_complete": "2023-11-07T17:12:27.004114"}
{"op_code": 0, "worker_id": "4415b914-3f72-412b-886d-69448ad5b82f-47279818202944", "study_name": "linear", "directions": [1]}
{"op_code": 4, "worker_id": "4415b914-3f72-412b-886d-69448ad5b82f-47280521058048", "study_id": 0, "datetime_start": "2023-11-07T17:19:13.642634"}
{"op_code": 8, "worker_id": "4415b914-3f72-412b-886d-69448ad5b82f-47280521058048", "trial_id": 1, "user_attr": {"fit_intercept": true}}
{"op_code": 5, "worker_id": "4415b914-3f72-412b-886d-69448ad5b82f-47280521058048", "trial_id": 1, "param_name": "alpha", "param_value_internal": 0.03960147856782637, "distribution": "{\"name\": \"FloatDistribution\", \"attributes\": {\"step\": null, \"low\": 1e-05, \"high\": 0.1, \"log\": false}}"}
{"op_code": 5, "worker_id": "4415b914-3f72-412b-886d-69448ad5b82f-47280521058048", "trial_id": 1, "param_name": "l1_ratio", "param_value_internal": 0.7918801080585901, "distribution": "{\"name\": \"FloatDistribution\", \"attributes\": {\"step\": null, \"low\": 0.0, \"high\": 1.0, \"log\": false}}"}
{"op_code": 6, "worker_id": "4415b914-3f72-412b-886d-69448ad5b82f-47280521058048", "trial_id": 1, "state": 1, "values": [0.24668778803111657], "datetime_complete": "2023-11-07T17:19:13.673021"}
{"op_code": 0, "worker_id": "47b75c09-e6c1-4a6b-a9a9-999bc5cbc9ec-47279818202944", "study_name": "linear", "directions": [1]}
{"op_code": 4, "worker_id": "47b75c09-e6c1-4a6b-a9a9-999bc5cbc9ec-47280521058048", "study_id": 0, "datetime_start": "2023-11-07T17:26:02.687257"}
{"op_code": 8, "worker_id": "47b75c09-e6c1-4a6b-a9a9-999bc5cbc9ec-47280521058048", "trial_id": 2, "user_attr": {"fit_intercept": true}}
{"op_code": 5, "worker_id": "47b75c09-e6c1-4a6b-a9a9-999bc5cbc9ec-47280521058048", "trial_id": 2, "param_name": "alpha", "param_value_internal": 0.05422724705112948, "distribution": "{\"name\": \"FloatDistribution\", \"attributes\": {\"step\": null, \"low\": 1e-05, \"high\": 0.1, \"log\": false}}"}
{"op_code": 5, "worker_id": "47b75c09-e6c1-4a6b-a9a9-999bc5cbc9ec-47280521058048", "trial_id": 2, "param_name": "l1_ratio", "param_value_internal": 0.4522504297867146, "distribution": "{\"name\": \"FloatDistribution\", \"attributes\": {\"step\": null, \"low\": 0.0, \"high\": 1.0, \"log\": false}}"}
{"op_code": 6, "worker_id": "47b75c09-e6c1-4a6b-a9a9-999bc5cbc9ec-47280521058048", "trial_id": 2, "state": 1, "values": [0.24676476394458202], "datetime_complete": "2023-11-07T17:26:02.721883"}
{"op_code": 0, "worker_id": "3aa0d87a-4e8f-4128-a554-dac05e897eb6-47279818202944", "study_name": "linear", "directions": [1]}
{"op_code": 4, "worker_id": "3aa0d87a-4e8f-4128-a554-dac05e897eb6-47280521058048", "study_id": 0, "datetime_start": "2023-11-07T17:32:49.913235"}
{"op_code": 8, "worker_id": "3aa0d87a-4e8f-4128-a554-dac05e897eb6-47280521058048", "trial_id": 3, "user_attr": {"fit_intercept": true}}
{"op_code": 5, "worker_id": "3aa0d87a-4e8f-4128-a554-dac05e897eb6-47280521058048", "trial_id": 3, "param_name": "alpha", "param_value_internal": 0.045694287776357395, "distribution": "{\"name\": \"FloatDistribution\", \"attributes\": {\"step\": null, \"low\": 1e-05, \"high\": 0.1, \"log\": false}}"}
{"op_code": 5, "worker_id": "3aa0d87a-4e8f-4128-a554-dac05e897eb6-47280521058048", "trial_id": 3, "param_name": "l1_ratio", "param_value_internal": 0.46838606859098164, "distribution": "{\"name\": \"FloatDistribution\", \"attributes\": {\"step\": null, \"low\": 0.0, \"high\": 1.0, \"log\": false}}"}
{"op_code": 6, "worker_id": "3aa0d87a-4e8f-4128-a554-dac05e897eb6-47280521058048", "trial_id": 3, "state": 1, "values": [0.24680192820780744], "datetime_complete": "2023-11-07T17:32:49.944559"}
