{"op_code": 0, "worker_id": "9f6c3b49-9df3-4639-8048-9bec64cca36c-47279818202944", "study_name": "RF", "directions": [1]}
{"op_code": 4, "worker_id": "9f6c3b49-9df3-4639-8048-9bec64cca36c-47280521058048", "study_id": 0, "datetime_start": "2023-11-07T17:12:35.053456"}
{"op_code": 5, "worker_id": "9f6c3b49-9df3-4639-8048-9bec64cca36c-47280521058048", "trial_id": 0, "param_name": "n_estimators", "param_value_internal": 0, "distribution": "{\"name\": \"CategoricalDistribution\", \"attributes\": {\"choices\": [10, 20, 50, 200, 500]}}"}
{"op_code": 5, "worker_id": "9f6c3b49-9df3-4639-8048-9bec64cca36c-47280521058048", "trial_id": 0, "param_name": "max_features", "param_value_internal": 1, "distribution": "{\"name\": \"CategoricalDistribution\", \"attributes\": {\"choices\": [\"auto\", \"sqrt\", \"log2\"]}}"}
{"op_code": 5, "worker_id": "9f6c3b49-9df3-4639-8048-9bec64cca36c-47280521058048", "trial_id": 0, "param_name": "max_depth", "param_value_internal": 3, "distribution": "{\"name\": \"CategoricalDistribution\", \"attributes\": {\"choices\": [null, 2, 3, 4, 5, 10]}}"}
{"op_code": 6, "worker_id": "9f6c3b49-9df3-4639-8048-9bec64cca36c-47280521058048", "trial_id": 0, "state": 1, "values": [0.23119801221647754], "datetime_complete": "2023-11-07T17:12:51.554802"}
{"op_code": 0, "worker_id": "0bd8321a-46fc-43a9-9a16-bf1f7481c907-47279818202944", "study_name": "RF", "directions": [1]}
{"op_code": 4, "worker_id": "0bd8321a-46fc-43a9-9a16-bf1f7481c907-47280521058048", "study_id": 0, "datetime_start": "2023-11-07T17:19:21.724438"}
{"op_code": 5, "worker_id": "0bd8321a-46fc-43a9-9a16-bf1f7481c907-47280521058048", "trial_id": 1, "param_name": "n_estimators", "param_value_internal": 0, "distribution": "{\"name\": \"CategoricalDistribution\", \"attributes\": {\"choices\": [10, 20, 50, 200, 500]}}"}
{"op_code": 5, "worker_id": "0bd8321a-46fc-43a9-9a16-bf1f7481c907-47280521058048", "trial_id": 1, "param_name": "max_features", "param_value_internal": 0, "distribution": "{\"name\": \"CategoricalDistribution\", \"attributes\": {\"choices\": [\"auto\", \"sqrt\", \"log2\"]}}"}
{"op_code": 5, "worker_id": "0bd8321a-46fc-43a9-9a16-bf1f7481c907-47280521058048", "trial_id": 1, "param_name": "max_depth", "param_value_internal": 3, "distribution": "{\"name\": \"CategoricalDistribution\", \"attributes\": {\"choices\": [null, 2, 3, 4, 5, 10]}}"}
{"op_code": 6, "worker_id": "0bd8321a-46fc-43a9-9a16-bf1f7481c907-47280521058048", "trial_id": 1, "state": 1, "values": [0.2313550731384131], "datetime_complete": "2023-11-07T17:19:38.305080"}
{"op_code": 0, "worker_id": "a9134f42-10d5-449b-a4f3-d60c117034c7-47279818202944", "study_name": "RF", "directions": [1]}
{"op_code": 4, "worker_id": "a9134f42-10d5-449b-a4f3-d60c117034c7-47280521058048", "study_id": 0, "datetime_start": "2023-11-07T17:26:10.812607"}
{"op_code": 5, "worker_id": "a9134f42-10d5-449b-a4f3-d60c117034c7-47280521058048", "trial_id": 2, "param_name": "n_estimators", "param_value_internal": 1, "distribution": "{\"name\": \"CategoricalDistribution\", \"attributes\": {\"choices\": [10, 20, 50, 200, 500]}}"}
{"op_code": 5, "worker_id": "a9134f42-10d5-449b-a4f3-d60c117034c7-47280521058048", "trial_id": 2, "param_name": "max_features", "param_value_internal": 0, "distribution": "{\"name\": \"CategoricalDistribution\", \"attributes\": {\"choices\": [\"auto\", \"sqrt\", \"log2\"]}}"}
{"op_code": 5, "worker_id": "a9134f42-10d5-449b-a4f3-d60c117034c7-47280521058048", "trial_id": 2, "param_name": "max_depth", "param_value_internal": 4, "distribution": "{\"name\": \"CategoricalDistribution\", \"attributes\": {\"choices\": [null, 2, 3, 4, 5, 10]}}"}
{"op_code": 6, "worker_id": "a9134f42-10d5-449b-a4f3-d60c117034c7-47280521058048", "trial_id": 2, "state": 1, "values": [0.2307371956202666], "datetime_complete": "2023-11-07T17:26:27.281151"}
{"op_code": 0, "worker_id": "77483ced-38cc-4d07-93c9-1f14c5a38e5e-47279818202944", "study_name": "RF", "directions": [1]}
{"op_code": 4, "worker_id": "77483ced-38cc-4d07-93c9-1f14c5a38e5e-47280521058048", "study_id": 0, "datetime_start": "2023-11-07T17:32:58.085125"}
{"op_code": 5, "worker_id": "77483ced-38cc-4d07-93c9-1f14c5a38e5e-47280521058048", "trial_id": 3, "param_name": "n_estimators", "param_value_internal": 4, "distribution": "{\"name\": \"CategoricalDistribution\", \"attributes\": {\"choices\": [10, 20, 50, 200, 500]}}"}
{"op_code": 5, "worker_id": "77483ced-38cc-4d07-93c9-1f14c5a38e5e-47280521058048", "trial_id": 3, "param_name": "max_features", "param_value_internal": 2, "distribution": "{\"name\": \"CategoricalDistribution\", \"attributes\": {\"choices\": [\"auto\", \"sqrt\", \"log2\"]}}"}
{"op_code": 5, "worker_id": "77483ced-38cc-4d07-93c9-1f14c5a38e5e-47280521058048", "trial_id": 3, "param_name": "max_depth", "param_value_internal": 5, "distribution": "{\"name\": \"CategoricalDistribution\", \"attributes\": {\"choices\": [null, 2, 3, 4, 5, 10]}}"}
{"op_code": 6, "worker_id": "77483ced-38cc-4d07-93c9-1f14c5a38e5e-47280521058048", "trial_id": 3, "state": 1, "values": [0.23098753538028136], "datetime_complete": "2023-11-07T17:33:14.591457"}
{"op_code": 0, "worker_id": "fc7a14ff-f68d-4e45-b007-ab8f02492c2b-47817365380928", "study_name": "RF", "directions": [1]}
{"op_code": 4, "worker_id": "fc7a14ff-f68d-4e45-b007-ab8f02492c2b-47818068719360", "study_id": 0, "datetime_start": "2023-11-14T15:00:41.891727"}
{"op_code": 5, "worker_id": "fc7a14ff-f68d-4e45-b007-ab8f02492c2b-47818068719360", "trial_id": 4, "param_name": "n_estimators", "param_value_internal": 4, "distribution": "{\"name\": \"CategoricalDistribution\", \"attributes\": {\"choices\": [10, 20, 50, 200, 500]}}"}
{"op_code": 5, "worker_id": "fc7a14ff-f68d-4e45-b007-ab8f02492c2b-47818068719360", "trial_id": 4, "param_name": "max_features", "param_value_internal": 0, "distribution": "{\"name\": \"CategoricalDistribution\", \"attributes\": {\"choices\": [\"auto\", \"sqrt\", \"log2\"]}}"}
{"op_code": 5, "worker_id": "fc7a14ff-f68d-4e45-b007-ab8f02492c2b-47818068719360", "trial_id": 4, "param_name": "max_depth", "param_value_internal": 3, "distribution": "{\"name\": \"CategoricalDistribution\", \"attributes\": {\"choices\": [null, 2, 3, 4, 5, 10]}}"}
{"op_code": 6, "worker_id": "fc7a14ff-f68d-4e45-b007-ab8f02492c2b-47818068719360", "trial_id": 4, "state": 1, "values": [0.23088640291427898], "datetime_complete": "2023-11-14T15:00:58.415426"}
{"op_code": 0, "worker_id": "635938ac-3ab9-4918-9c5b-4bcbb7f4a734-47817365380928", "study_name": "RF", "directions": [1]}
{"op_code": 4, "worker_id": "635938ac-3ab9-4918-9c5b-4bcbb7f4a734-47818068719360", "study_id": 0, "datetime_start": "2023-11-14T15:07:14.142090"}
{"op_code": 5, "worker_id": "635938ac-3ab9-4918-9c5b-4bcbb7f4a734-47818068719360", "trial_id": 5, "param_name": "n_estimators", "param_value_internal": 1, "distribution": "{\"name\": \"CategoricalDistribution\", \"attributes\": {\"choices\": [10, 20, 50, 200, 500]}}"}
{"op_code": 5, "worker_id": "635938ac-3ab9-4918-9c5b-4bcbb7f4a734-47818068719360", "trial_id": 5, "param_name": "max_features", "param_value_internal": 0, "distribution": "{\"name\": \"CategoricalDistribution\", \"attributes\": {\"choices\": [\"auto\", \"sqrt\", \"log2\"]}}"}
{"op_code": 5, "worker_id": "635938ac-3ab9-4918-9c5b-4bcbb7f4a734-47818068719360", "trial_id": 5, "param_name": "max_depth", "param_value_internal": 5, "distribution": "{\"name\": \"CategoricalDistribution\", \"attributes\": {\"choices\": [null, 2, 3, 4, 5, 10]}}"}
{"op_code": 6, "worker_id": "635938ac-3ab9-4918-9c5b-4bcbb7f4a734-47818068719360", "trial_id": 5, "state": 1, "values": [0.2309126342919425], "datetime_complete": "2023-11-14T15:07:30.696147"}
{"op_code": 0, "worker_id": "b5228c69-9a12-4a0f-9c57-f7e286318520-47817365380928", "study_name": "RF", "directions": [1]}
{"op_code": 4, "worker_id": "b5228c69-9a12-4a0f-9c57-f7e286318520-47818068719360", "study_id": 0, "datetime_start": "2023-11-14T15:13:49.872422"}
{"op_code": 5, "worker_id": "b5228c69-9a12-4a0f-9c57-f7e286318520-47818068719360", "trial_id": 6, "param_name": "n_estimators", "param_value_internal": 3, "distribution": "{\"name\": \"CategoricalDistribution\", \"attributes\": {\"choices\": [10, 20, 50, 200, 500]}}"}
{"op_code": 5, "worker_id": "b5228c69-9a12-4a0f-9c57-f7e286318520-47818068719360", "trial_id": 6, "param_name": "max_features", "param_value_internal": 1, "distribution": "{\"name\": \"CategoricalDistribution\", \"attributes\": {\"choices\": [\"auto\", \"sqrt\", \"log2\"]}}"}
{"op_code": 5, "worker_id": "b5228c69-9a12-4a0f-9c57-f7e286318520-47818068719360", "trial_id": 6, "param_name": "max_depth", "param_value_internal": 5, "distribution": "{\"name\": \"CategoricalDistribution\", \"attributes\": {\"choices\": [null, 2, 3, 4, 5, 10]}}"}
{"op_code": 6, "worker_id": "b5228c69-9a12-4a0f-9c57-f7e286318520-47818068719360", "trial_id": 6, "state": 1, "values": [0.23118758185694852], "datetime_complete": "2023-11-14T15:14:06.386792"}
{"op_code": 0, "worker_id": "7f48f648-8244-4c71-b012-4847e901e8d3-47817365380928", "study_name": "RF", "directions": [1]}
{"op_code": 4, "worker_id": "7f48f648-8244-4c71-b012-4847e901e8d3-47818068719360", "study_id": 0, "datetime_start": "2023-11-14T15:20:28.987095"}
{"op_code": 5, "worker_id": "7f48f648-8244-4c71-b012-4847e901e8d3-47818068719360", "trial_id": 7, "param_name": "n_estimators", "param_value_internal": 3, "distribution": "{\"name\": \"CategoricalDistribution\", \"attributes\": {\"choices\": [10, 20, 50, 200, 500]}}"}
{"op_code": 5, "worker_id": "7f48f648-8244-4c71-b012-4847e901e8d3-47818068719360", "trial_id": 7, "param_name": "max_features", "param_value_internal": 0, "distribution": "{\"name\": \"CategoricalDistribution\", \"attributes\": {\"choices\": [\"auto\", \"sqrt\", \"log2\"]}}"}
{"op_code": 5, "worker_id": "7f48f648-8244-4c71-b012-4847e901e8d3-47818068719360", "trial_id": 7, "param_name": "max_depth", "param_value_internal": 0, "distribution": "{\"name\": \"CategoricalDistribution\", \"attributes\": {\"choices\": [null, 2, 3, 4, 5, 10]}}"}
{"op_code": 6, "worker_id": "7f48f648-8244-4c71-b012-4847e901e8d3-47818068719360", "trial_id": 7, "state": 1, "values": [0.23056048297834952], "datetime_complete": "2023-11-14T15:20:45.573593"}
