{"op_code": 0, "worker_id": "2cf4dd7c-f3d9-43d0-882d-d1d8376d941e-47614746832704", "study_name": "ANN", "directions": [1]}
{"op_code": 4, "worker_id": "2cf4dd7c-f3d9-43d0-882d-d1d8376d941e-47615450679040", "study_id": 0, "datetime_start": "2023-11-07T07:02:30.873370"}
{"op_code": 5, "worker_id": "2cf4dd7c-f3d9-43d0-882d-d1d8376d941e-47615450679040", "trial_id": 0, "param_name": "learning_rate_init", "param_value_internal": 0.07358626281828841, "distribution": "{\"name\": \"FloatDistribution\", \"attributes\": {\"step\": null, \"low\": 0.001, \"high\": 0.1, \"log\": false}}"}
{"op_code": 5, "worker_id": "2cf4dd7c-f3d9-43d0-882d-d1d8376d941e-47615450679040", "trial_id": 0, "param_name": "hidden_layer_sizes", "param_value_internal": 10, "distribution": "{\"name\": \"CategoricalDistribution\", \"attributes\": {\"choices\": [[5], [10], [20], [50], [5, 5], [10, 10], [20, 20], [50, 50], [5, 5, 5], [10, 10, 10], [50, 50, 50]]}}"}
{"op_code": 6, "worker_id": "2cf4dd7c-f3d9-43d0-882d-d1d8376d941e-47615450679040", "trial_id": 0, "state": 1, "values": [0.33696097637544925], "datetime_complete": "2023-11-07T07:02:33.539453"}
{"op_code": 0, "worker_id": "c759c650-7f29-41d2-8068-06925a2dbdb3-47279818202944", "study_name": "ANN", "directions": [1]}
{"op_code": 4, "worker_id": "c759c650-7f29-41d2-8068-06925a2dbdb3-47280521058048", "study_id": 0, "datetime_start": "2023-11-07T17:10:04.734103"}
{"op_code": 5, "worker_id": "c759c650-7f29-41d2-8068-06925a2dbdb3-47280521058048", "trial_id": 1, "param_name": "learning_rate_init", "param_value_internal": 0.061568863391276527, "distribution": "{\"name\": \"FloatDistribution\", \"attributes\": {\"step\": null, \"low\": 0.001, \"high\": 0.1, \"log\": false}}"}
{"op_code": 5, "worker_id": "c759c650-7f29-41d2-8068-06925a2dbdb3-47280521058048", "trial_id": 1, "param_name": "hidden_layer_sizes", "param_value_internal": 2, "distribution": "{\"name\": \"CategoricalDistribution\", \"attributes\": {\"choices\": [[5], [10], [20], [50], [5, 5], [10, 10], [20, 20], [50, 50], [5, 5, 5], [10, 10, 10], [50, 50, 50]]}}"}
{"op_code": 6, "worker_id": "c759c650-7f29-41d2-8068-06925a2dbdb3-47280521058048", "trial_id": 1, "state": 1, "values": [0.35032986967116436], "datetime_complete": "2023-11-07T17:10:07.193803"}
{"op_code": 0, "worker_id": "b8c37479-95d7-48be-8eb4-b0145bb65d43-47279818202944", "study_name": "ANN", "directions": [1]}
{"op_code": 4, "worker_id": "b8c37479-95d7-48be-8eb4-b0145bb65d43-47280521058048", "study_id": 0, "datetime_start": "2023-11-07T17:16:50.605789"}
{"op_code": 5, "worker_id": "b8c37479-95d7-48be-8eb4-b0145bb65d43-47280521058048", "trial_id": 2, "param_name": "learning_rate_init", "param_value_internal": 0.02232355205808785, "distribution": "{\"name\": \"FloatDistribution\", \"attributes\": {\"step\": null, \"low\": 0.001, \"high\": 0.1, \"log\": false}}"}
{"op_code": 5, "worker_id": "b8c37479-95d7-48be-8eb4-b0145bb65d43-47280521058048", "trial_id": 2, "param_name": "hidden_layer_sizes", "param_value_internal": 10, "distribution": "{\"name\": \"CategoricalDistribution\", \"attributes\": {\"choices\": [[5], [10], [20], [50], [5, 5], [10, 10], [20, 20], [50, 50], [5, 5, 5], [10, 10, 10], [50, 50, 50]]}}"}
{"op_code": 6, "worker_id": "b8c37479-95d7-48be-8eb4-b0145bb65d43-47280521058048", "trial_id": 2, "state": 1, "values": [0.3318046156900154], "datetime_complete": "2023-11-07T17:16:53.672546"}
{"op_code": 0, "worker_id": "1cc2ec49-fc1d-45f4-aa48-f7b380fdad80-47279818202944", "study_name": "ANN", "directions": [1]}
{"op_code": 4, "worker_id": "1cc2ec49-fc1d-45f4-aa48-f7b380fdad80-47280521058048", "study_id": 0, "datetime_start": "2023-11-07T17:23:39.501930"}
{"op_code": 5, "worker_id": "1cc2ec49-fc1d-45f4-aa48-f7b380fdad80-47280521058048", "trial_id": 3, "param_name": "learning_rate_init", "param_value_internal": 0.0755363495867927, "distribution": "{\"name\": \"FloatDistribution\", \"attributes\": {\"step\": null, \"low\": 0.001, \"high\": 0.1, \"log\": false}}"}
{"op_code": 5, "worker_id": "1cc2ec49-fc1d-45f4-aa48-f7b380fdad80-47280521058048", "trial_id": 3, "param_name": "hidden_layer_sizes", "param_value_internal": 0, "distribution": "{\"name\": \"CategoricalDistribution\", \"attributes\": {\"choices\": [[5], [10], [20], [50], [5, 5], [10, 10], [20, 20], [50, 50], [5, 5, 5], [10, 10, 10], [50, 50, 50]]}}"}
{"op_code": 6, "worker_id": "1cc2ec49-fc1d-45f4-aa48-f7b380fdad80-47280521058048", "trial_id": 3, "state": 1, "values": [0.32697045599980434], "datetime_complete": "2023-11-07T17:23:42.830429"}
{"op_code": 0, "worker_id": "137a6472-c024-4aa8-9e67-bd5c453cbb79-47279818202944", "study_name": "ANN", "directions": [1]}
{"op_code": 4, "worker_id": "137a6472-c024-4aa8-9e67-bd5c453cbb79-47280521058048", "study_id": 0, "datetime_start": "2023-11-07T17:30:27.245360"}
{"op_code": 5, "worker_id": "137a6472-c024-4aa8-9e67-bd5c453cbb79-47280521058048", "trial_id": 4, "param_name": "learning_rate_init", "param_value_internal": 0.05740530196433369, "distribution": "{\"name\": \"FloatDistribution\", \"attributes\": {\"step\": null, \"low\": 0.001, \"high\": 0.1, \"log\": false}}"}
{"op_code": 5, "worker_id": "137a6472-c024-4aa8-9e67-bd5c453cbb79-47280521058048", "trial_id": 4, "param_name": "hidden_layer_sizes", "param_value_internal": 0, "distribution": "{\"name\": \"CategoricalDistribution\", \"attributes\": {\"choices\": [[5], [10], [20], [50], [5, 5], [10, 10], [20, 20], [50, 50], [5, 5, 5], [10, 10, 10], [50, 50, 50]]}}"}
{"op_code": 6, "worker_id": "137a6472-c024-4aa8-9e67-bd5c453cbb79-47280521058048", "trial_id": 4, "state": 1, "values": [0.33582695982866867], "datetime_complete": "2023-11-07T17:30:30.229900"}
