{"op_code": 0, "worker_id": "9f0564c7-048e-4c33-8cc9-28e92462ccdc-47614746832704", "study_name": "GB", "directions": [1]}
{"op_code": 4, "worker_id": "9f0564c7-048e-4c33-8cc9-28e92462ccdc-47615450679040", "study_id": 0, "datetime_start": "2023-11-07T07:02:24.986161"}
{"op_code": 5, "worker_id": "9f0564c7-048e-4c33-8cc9-28e92462ccdc-47615450679040", "trial_id": 0, "param_name": "n_estimators", "param_value_internal": 1, "distribution": "{\"name\": \"CategoricalDistribution\", \"attributes\": {\"choices\": [10, 20, 50, 200, 500]}}"}
{"op_code": 5, "worker_id": "9f0564c7-048e-4c33-8cc9-28e92462ccdc-47615450679040", "trial_id": 0, "param_name": "learning_rate", "param_value_internal": 0.24242514095860043, "distribution": "{\"name\": \"FloatDistribution\", \"attributes\": {\"step\": null, \"low\": 0.005, \"high\": 1.0, \"log\": false}}"}
{"op_code": 5, "worker_id": "9f0564c7-048e-4c33-8cc9-28e92462ccdc-47615450679040", "trial_id": 0, "param_name": "max_depth", "param_value_internal": 3, "distribution": "{\"name\": \"CategoricalDistribution\", \"attributes\": {\"choices\": [1, 2, 3, 4, 5]}}"}
{"op_code": 6, "worker_id": "9f0564c7-048e-4c33-8cc9-28e92462ccdc-47615450679040", "trial_id": 0, "state": 1, "values": [0.2564636304140253], "datetime_complete": "2023-11-07T07:02:26.897832"}
{"op_code": 0, "worker_id": "72016860-d8a8-45af-b16b-986143656afa-47279818202944", "study_name": "GB", "directions": [1]}
{"op_code": 4, "worker_id": "72016860-d8a8-45af-b16b-986143656afa-47280521058048", "study_id": 0, "datetime_start": "2023-11-07T17:09:58.928080"}
{"op_code": 5, "worker_id": "72016860-d8a8-45af-b16b-986143656afa-47280521058048", "trial_id": 1, "param_name": "n_estimators", "param_value_internal": 2, "distribution": "{\"name\": \"CategoricalDistribution\", \"attributes\": {\"choices\": [10, 20, 50, 200, 500]}}"}
{"op_code": 5, "worker_id": "72016860-d8a8-45af-b16b-986143656afa-47280521058048", "trial_id": 1, "param_name": "learning_rate", "param_value_internal": 0.10323356869088876, "distribution": "{\"name\": \"FloatDistribution\", \"attributes\": {\"step\": null, \"low\": 0.005, \"high\": 1.0, \"log\": false}}"}
{"op_code": 5, "worker_id": "72016860-d8a8-45af-b16b-986143656afa-47280521058048", "trial_id": 1, "param_name": "max_depth", "param_value_internal": 2, "distribution": "{\"name\": \"CategoricalDistribution\", \"attributes\": {\"choices\": [1, 2, 3, 4, 5]}}"}
{"op_code": 6, "worker_id": "72016860-d8a8-45af-b16b-986143656afa-47280521058048", "trial_id": 1, "state": 1, "values": [0.25579944588375864], "datetime_complete": "2023-11-07T17:10:00.789912"}
{"op_code": 0, "worker_id": "d9283756-7da1-49a8-a8cc-74dc82d3f1e2-47279818202944", "study_name": "GB", "directions": [1]}
{"op_code": 4, "worker_id": "d9283756-7da1-49a8-a8cc-74dc82d3f1e2-47280521058048", "study_id": 0, "datetime_start": "2023-11-07T17:16:44.817667"}
{"op_code": 5, "worker_id": "d9283756-7da1-49a8-a8cc-74dc82d3f1e2-47280521058048", "trial_id": 2, "param_name": "n_estimators", "param_value_internal": 0, "distribution": "{\"name\": \"CategoricalDistribution\", \"attributes\": {\"choices\": [10, 20, 50, 200, 500]}}"}
{"op_code": 5, "worker_id": "d9283756-7da1-49a8-a8cc-74dc82d3f1e2-47280521058048", "trial_id": 2, "param_name": "learning_rate", "param_value_internal": 0.25672686893782765, "distribution": "{\"name\": \"FloatDistribution\", \"attributes\": {\"step\": null, \"low\": 0.005, \"high\": 1.0, \"log\": false}}"}
{"op_code": 5, "worker_id": "d9283756-7da1-49a8-a8cc-74dc82d3f1e2-47280521058048", "trial_id": 2, "param_name": "max_depth", "param_value_internal": 4, "distribution": "{\"name\": \"CategoricalDistribution\", \"attributes\": {\"choices\": [1, 2, 3, 4, 5]}}"}
{"op_code": 6, "worker_id": "d9283756-7da1-49a8-a8cc-74dc82d3f1e2-47280521058048", "trial_id": 2, "state": 1, "values": [0.25982168419024126], "datetime_complete": "2023-11-07T17:16:46.673031"}
{"op_code": 0, "worker_id": "1c89025e-82a3-4fd7-a0c0-95ece6571302-47279818202944", "study_name": "GB", "directions": [1]}
{"op_code": 4, "worker_id": "1c89025e-82a3-4fd7-a0c0-95ece6571302-47280521058048", "study_id": 0, "datetime_start": "2023-11-07T17:23:33.688608"}
{"op_code": 5, "worker_id": "1c89025e-82a3-4fd7-a0c0-95ece6571302-47280521058048", "trial_id": 3, "param_name": "n_estimators", "param_value_internal": 2, "distribution": "{\"name\": \"CategoricalDistribution\", \"attributes\": {\"choices\": [10, 20, 50, 200, 500]}}"}
{"op_code": 5, "worker_id": "1c89025e-82a3-4fd7-a0c0-95ece6571302-47280521058048", "trial_id": 3, "param_name": "learning_rate", "param_value_internal": 0.4226322099024508, "distribution": "{\"name\": \"FloatDistribution\", \"attributes\": {\"step\": null, \"low\": 0.005, \"high\": 1.0, \"log\": false}}"}
{"op_code": 5, "worker_id": "1c89025e-82a3-4fd7-a0c0-95ece6571302-47280521058048", "trial_id": 3, "param_name": "max_depth", "param_value_internal": 1, "distribution": "{\"name\": \"CategoricalDistribution\", \"attributes\": {\"choices\": [1, 2, 3, 4, 5]}}"}
{"op_code": 6, "worker_id": "1c89025e-82a3-4fd7-a0c0-95ece6571302-47280521058048", "trial_id": 3, "state": 1, "values": [0.26325822567375023], "datetime_complete": "2023-11-07T17:23:35.550767"}
{"op_code": 0, "worker_id": "aa3478d4-65ef-4ce3-886e-bb00b4ca379c-47279818202944", "study_name": "GB", "directions": [1]}
{"op_code": 4, "worker_id": "aa3478d4-65ef-4ce3-886e-bb00b4ca379c-47280521058048", "study_id": 0, "datetime_start": "2023-11-07T17:30:21.451113"}
{"op_code": 5, "worker_id": "aa3478d4-65ef-4ce3-886e-bb00b4ca379c-47280521058048", "trial_id": 4, "param_name": "n_estimators", "param_value_internal": 4, "distribution": "{\"name\": \"CategoricalDistribution\", \"attributes\": {\"choices\": [10, 20, 50, 200, 500]}}"}
{"op_code": 5, "worker_id": "aa3478d4-65ef-4ce3-886e-bb00b4ca379c-47280521058048", "trial_id": 4, "param_name": "learning_rate", "param_value_internal": 0.09737835501656843, "distribution": "{\"name\": \"FloatDistribution\", \"attributes\": {\"step\": null, \"low\": 0.005, \"high\": 1.0, \"log\": false}}"}
{"op_code": 5, "worker_id": "aa3478d4-65ef-4ce3-886e-bb00b4ca379c-47280521058048", "trial_id": 4, "param_name": "max_depth", "param_value_internal": 2, "distribution": "{\"name\": \"CategoricalDistribution\", \"attributes\": {\"choices\": [1, 2, 3, 4, 5]}}"}
{"op_code": 6, "worker_id": "aa3478d4-65ef-4ce3-886e-bb00b4ca379c-47280521058048", "trial_id": 4, "state": 1, "values": [0.2670313950661601], "datetime_complete": "2023-11-07T17:30:23.307779"}
{"op_code": 0, "worker_id": "c4f42643-02be-4b5f-85e6-292b394c1e96-47817365380928", "study_name": "GB", "directions": [1]}
{"op_code": 4, "worker_id": "c4f42643-02be-4b5f-85e6-292b394c1e96-47818068719360", "study_id": 0, "datetime_start": "2023-11-14T14:58:11.614645"}
{"op_code": 5, "worker_id": "c4f42643-02be-4b5f-85e6-292b394c1e96-47818068719360", "trial_id": 5, "param_name": "n_estimators", "param_value_internal": 2, "distribution": "{\"name\": \"CategoricalDistribution\", \"attributes\": {\"choices\": [10, 20, 50, 200, 500]}}"}
{"op_code": 5, "worker_id": "c4f42643-02be-4b5f-85e6-292b394c1e96-47818068719360", "trial_id": 5, "param_name": "learning_rate", "param_value_internal": 0.20093907205563794, "distribution": "{\"name\": \"FloatDistribution\", \"attributes\": {\"step\": null, \"low\": 0.005, \"high\": 1.0, \"log\": false}}"}
{"op_code": 5, "worker_id": "c4f42643-02be-4b5f-85e6-292b394c1e96-47818068719360", "trial_id": 5, "param_name": "max_depth", "param_value_internal": 4, "distribution": "{\"name\": \"CategoricalDistribution\", \"attributes\": {\"choices\": [1, 2, 3, 4, 5]}}"}
{"op_code": 6, "worker_id": "c4f42643-02be-4b5f-85e6-292b394c1e96-47818068719360", "trial_id": 5, "state": 1, "values": [0.25700325691947384], "datetime_complete": "2023-11-14T14:58:13.482682"}
{"op_code": 0, "worker_id": "876f0df6-8536-4cd0-9b58-9db16e0a682d-47817365380928", "study_name": "GB", "directions": [1]}
{"op_code": 4, "worker_id": "876f0df6-8536-4cd0-9b58-9db16e0a682d-47818068719360", "study_id": 0, "datetime_start": "2023-11-14T15:04:41.654639"}
{"op_code": 5, "worker_id": "876f0df6-8536-4cd0-9b58-9db16e0a682d-47818068719360", "trial_id": 6, "param_name": "n_estimators", "param_value_internal": 2, "distribution": "{\"name\": \"CategoricalDistribution\", \"attributes\": {\"choices\": [10, 20, 50, 200, 500]}}"}
{"op_code": 5, "worker_id": "876f0df6-8536-4cd0-9b58-9db16e0a682d-47818068719360", "trial_id": 6, "param_name": "learning_rate", "param_value_internal": 0.06403341236327667, "distribution": "{\"name\": \"FloatDistribution\", \"attributes\": {\"step\": null, \"low\": 0.005, \"high\": 1.0, \"log\": false}}"}
{"op_code": 5, "worker_id": "876f0df6-8536-4cd0-9b58-9db16e0a682d-47818068719360", "trial_id": 6, "param_name": "max_depth", "param_value_internal": 0, "distribution": "{\"name\": \"CategoricalDistribution\", \"attributes\": {\"choices\": [1, 2, 3, 4, 5]}}"}
{"op_code": 6, "worker_id": "876f0df6-8536-4cd0-9b58-9db16e0a682d-47818068719360", "trial_id": 6, "state": 1, "values": [0.261007045821442], "datetime_complete": "2023-11-14T15:04:43.595860"}
{"op_code": 0, "worker_id": "a182d38e-ed8e-4d69-b3c3-90862e957e98-47817365380928", "study_name": "GB", "directions": [1]}
{"op_code": 4, "worker_id": "a182d38e-ed8e-4d69-b3c3-90862e957e98-47818068719360", "study_id": 0, "datetime_start": "2023-11-14T15:11:15.757004"}
{"op_code": 5, "worker_id": "a182d38e-ed8e-4d69-b3c3-90862e957e98-47818068719360", "trial_id": 7, "param_name": "n_estimators", "param_value_internal": 1, "distribution": "{\"name\": \"CategoricalDistribution\", \"attributes\": {\"choices\": [10, 20, 50, 200, 500]}}"}
{"op_code": 5, "worker_id": "a182d38e-ed8e-4d69-b3c3-90862e957e98-47818068719360", "trial_id": 7, "param_name": "learning_rate", "param_value_internal": 0.6352826852168301, "distribution": "{\"name\": \"FloatDistribution\", \"attributes\": {\"step\": null, \"low\": 0.005, \"high\": 1.0, \"log\": false}}"}
{"op_code": 5, "worker_id": "a182d38e-ed8e-4d69-b3c3-90862e957e98-47818068719360", "trial_id": 7, "param_name": "max_depth", "param_value_internal": 2, "distribution": "{\"name\": \"CategoricalDistribution\", \"attributes\": {\"choices\": [1, 2, 3, 4, 5]}}"}
{"op_code": 6, "worker_id": "a182d38e-ed8e-4d69-b3c3-90862e957e98-47818068719360", "trial_id": 7, "state": 1, "values": [0.25634541543399353], "datetime_complete": "2023-11-14T15:11:17.626569"}
{"op_code": 0, "worker_id": "8527fab7-d1bd-4843-9a5d-4001bf40bbac-47817365380928", "study_name": "GB", "directions": [1]}
{"op_code": 4, "worker_id": "8527fab7-d1bd-4843-9a5d-4001bf40bbac-47818068719360", "study_id": 0, "datetime_start": "2023-11-14T15:17:53.817649"}
{"op_code": 5, "worker_id": "8527fab7-d1bd-4843-9a5d-4001bf40bbac-47818068719360", "trial_id": 8, "param_name": "n_estimators", "param_value_internal": 0, "distribution": "{\"name\": \"CategoricalDistribution\", \"attributes\": {\"choices\": [10, 20, 50, 200, 500]}}"}
{"op_code": 5, "worker_id": "8527fab7-d1bd-4843-9a5d-4001bf40bbac-47818068719360", "trial_id": 8, "param_name": "learning_rate", "param_value_internal": 0.9743367616317941, "distribution": "{\"name\": \"FloatDistribution\", \"attributes\": {\"step\": null, \"low\": 0.005, \"high\": 1.0, \"log\": false}}"}
{"op_code": 5, "worker_id": "8527fab7-d1bd-4843-9a5d-4001bf40bbac-47818068719360", "trial_id": 8, "param_name": "max_depth", "param_value_internal": 4, "distribution": "{\"name\": \"CategoricalDistribution\", \"attributes\": {\"choices\": [1, 2, 3, 4, 5]}}"}
{"op_code": 6, "worker_id": "8527fab7-d1bd-4843-9a5d-4001bf40bbac-47818068719360", "trial_id": 8, "state": 1, "values": [0.25219408209810995], "datetime_complete": "2023-11-14T15:17:55.685443"}
{"op_code": 0, "worker_id": "548216be-9043-42c6-bbc7-8c9468c66afc-47817365380928", "study_name": "GB", "directions": [1]}
{"op_code": 4, "worker_id": "548216be-9043-42c6-bbc7-8c9468c66afc-47818068719360", "study_id": 0, "datetime_start": "2023-11-14T15:24:32.375765"}
{"op_code": 5, "worker_id": "548216be-9043-42c6-bbc7-8c9468c66afc-47818068719360", "trial_id": 9, "param_name": "n_estimators", "param_value_internal": 4, "distribution": "{\"name\": \"CategoricalDistribution\", \"attributes\": {\"choices\": [10, 20, 50, 200, 500]}}"}
{"op_code": 5, "worker_id": "548216be-9043-42c6-bbc7-8c9468c66afc-47818068719360", "trial_id": 9, "param_name": "learning_rate", "param_value_internal": 0.9605592636350083, "distribution": "{\"name\": \"FloatDistribution\", \"attributes\": {\"step\": null, \"low\": 0.005, \"high\": 1.0, \"log\": false}}"}
{"op_code": 5, "worker_id": "548216be-9043-42c6-bbc7-8c9468c66afc-47818068719360", "trial_id": 9, "param_name": "max_depth", "param_value_internal": 1, "distribution": "{\"name\": \"CategoricalDistribution\", \"attributes\": {\"choices\": [1, 2, 3, 4, 5]}}"}
{"op_code": 6, "worker_id": "548216be-9043-42c6-bbc7-8c9468c66afc-47818068719360", "trial_id": 9, "state": 1, "values": [0.25769573246314553], "datetime_complete": "2023-11-14T15:24:34.319733"}
