{"op_code": 0, "worker_id": "a78d9db7-d89a-4b6a-a467-9c8da2fc7a5f-47614746832704", "study_name": "KRR", "directions": [1]}
{"op_code": 4, "worker_id": "a78d9db7-d89a-4b6a-a467-9c8da2fc7a5f-47615450679040", "study_id": 0, "datetime_start": "2023-11-07T07:02:24.913307"}
{"op_code": 5, "worker_id": "a78d9db7-d89a-4b6a-a467-9c8da2fc7a5f-47615450679040", "trial_id": 0, "param_name": "alpha", "param_value_internal": 0.9732639109237403, "distribution": "{\"name\": \"FloatDistribution\", \"attributes\": {\"step\": null, \"low\": 0.0001, \"high\": 1.0, \"log\": false}}"}
{"op_code": 5, "worker_id": "a78d9db7-d89a-4b6a-a467-9c8da2fc7a5f-47615450679040", "trial_id": 0, "param_name": "gamma", "param_value_internal": 3.458013238901925e-16, "distribution": "{\"name\": \"FloatDistribution\", \"attributes\": {\"step\": null, \"low\": 0.0, \"high\": 1e-14, \"log\": false}}"}
{"op_code": 5, "worker_id": "a78d9db7-d89a-4b6a-a467-9c8da2fc7a5f-47615450679040", "trial_id": 0, "param_name": "kernel", "param_value_internal": 1, "distribution": "{\"name\": \"CategoricalDistribution\", \"attributes\": {\"choices\": [\"linear\", \"laplacian\", \"rbf\"]}}"}
{"op_code": 6, "worker_id": "a78d9db7-d89a-4b6a-a467-9c8da2fc7a5f-47615450679040", "trial_id": 0, "state": 1, "values": [0.28129290813263835], "datetime_complete": "2023-11-07T07:02:24.968471"}
{"op_code": 0, "worker_id": "db5cbcc7-cd99-455d-bf02-e06db872f4f2-47279818202944", "study_name": "KRR", "directions": [1]}
{"op_code": 4, "worker_id": "db5cbcc7-cd99-455d-bf02-e06db872f4f2-47280521058048", "study_id": 0, "datetime_start": "2023-11-07T17:09:58.867706"}
{"op_code": 5, "worker_id": "db5cbcc7-cd99-455d-bf02-e06db872f4f2-47280521058048", "trial_id": 1, "param_name": "alpha", "param_value_internal": 0.41895445469687304, "distribution": "{\"name\": \"FloatDistribution\", \"attributes\": {\"step\": null, \"low\": 0.0001, \"high\": 1.0, \"log\": false}}"}
{"op_code": 5, "worker_id": "db5cbcc7-cd99-455d-bf02-e06db872f4f2-47280521058048", "trial_id": 1, "param_name": "gamma", "param_value_internal": 5.987804901035284e-15, "distribution": "{\"name\": \"FloatDistribution\", \"attributes\": {\"step\": null, \"low\": 0.0, \"high\": 1e-14, \"log\": false}}"}
{"op_code": 5, "worker_id": "db5cbcc7-cd99-455d-bf02-e06db872f4f2-47280521058048", "trial_id": 1, "param_name": "kernel", "param_value_internal": 2, "distribution": "{\"name\": \"CategoricalDistribution\", \"attributes\": {\"choices\": [\"linear\", \"laplacian\", \"rbf\"]}}"}
{"op_code": 6, "worker_id": "db5cbcc7-cd99-455d-bf02-e06db872f4f2-47280521058048", "trial_id": 1, "state": 1, "values": [0.2773653518171047], "datetime_complete": "2023-11-07T17:09:58.917006"}
{"op_code": 0, "worker_id": "403bcd1f-0eb5-4497-b24c-ccc32bf997eb-47279818202944", "study_name": "KRR", "directions": [1]}
{"op_code": 4, "worker_id": "403bcd1f-0eb5-4497-b24c-ccc32bf997eb-47280521058048", "study_id": 0, "datetime_start": "2023-11-07T17:16:44.758673"}
{"op_code": 5, "worker_id": "403bcd1f-0eb5-4497-b24c-ccc32bf997eb-47280521058048", "trial_id": 2, "param_name": "alpha", "param_value_internal": 0.7750216195771711, "distribution": "{\"name\": \"FloatDistribution\", \"attributes\": {\"step\": null, \"low\": 0.0001, \"high\": 1.0, \"log\": false}}"}
{"op_code": 5, "worker_id": "403bcd1f-0eb5-4497-b24c-ccc32bf997eb-47280521058048", "trial_id": 2, "param_name": "gamma", "param_value_internal": 7.525942377250969e-15, "distribution": "{\"name\": \"FloatDistribution\", \"attributes\": {\"step\": null, \"low\": 0.0, \"high\": 1e-14, \"log\": false}}"}
{"op_code": 5, "worker_id": "403bcd1f-0eb5-4497-b24c-ccc32bf997eb-47280521058048", "trial_id": 2, "param_name": "kernel", "param_value_internal": 0, "distribution": "{\"name\": \"CategoricalDistribution\", \"attributes\": {\"choices\": [\"linear\", \"laplacian\", \"rbf\"]}}"}
{"op_code": 6, "worker_id": "403bcd1f-0eb5-4497-b24c-ccc32bf997eb-47280521058048", "trial_id": 2, "state": 1, "values": [0.27296973093493354], "datetime_complete": "2023-11-07T17:16:44.808521"}
{"op_code": 0, "worker_id": "c8249a1e-87bb-4c13-96fd-31c6aef51914-47279818202944", "study_name": "KRR", "directions": [1]}
{"op_code": 4, "worker_id": "c8249a1e-87bb-4c13-96fd-31c6aef51914-47280521058048", "study_id": 0, "datetime_start": "2023-11-07T17:23:33.629093"}
{"op_code": 5, "worker_id": "c8249a1e-87bb-4c13-96fd-31c6aef51914-47280521058048", "trial_id": 3, "param_name": "alpha", "param_value_internal": 0.21813759133766236, "distribution": "{\"name\": \"FloatDistribution\", \"attributes\": {\"step\": null, \"low\": 0.0001, \"high\": 1.0, \"log\": false}}"}
{"op_code": 5, "worker_id": "c8249a1e-87bb-4c13-96fd-31c6aef51914-47280521058048", "trial_id": 3, "param_name": "gamma", "param_value_internal": 8.121770888026869e-15, "distribution": "{\"name\": \"FloatDistribution\", \"attributes\": {\"step\": null, \"low\": 0.0, \"high\": 1e-14, \"log\": false}}"}
{"op_code": 5, "worker_id": "c8249a1e-87bb-4c13-96fd-31c6aef51914-47280521058048", "trial_id": 3, "param_name": "kernel", "param_value_internal": 0, "distribution": "{\"name\": \"CategoricalDistribution\", \"attributes\": {\"choices\": [\"linear\", \"laplacian\", \"rbf\"]}}"}
{"op_code": 6, "worker_id": "c8249a1e-87bb-4c13-96fd-31c6aef51914-47280521058048", "trial_id": 3, "state": 1, "values": [0.28415434903976616], "datetime_complete": "2023-11-07T17:23:33.678680"}
{"op_code": 0, "worker_id": "fadc3ee8-818f-46bf-a5f1-8b79c776c80c-47279818202944", "study_name": "KRR", "directions": [1]}
{"op_code": 4, "worker_id": "fadc3ee8-818f-46bf-a5f1-8b79c776c80c-47280521058048", "study_id": 0, "datetime_start": "2023-11-07T17:30:21.386825"}
{"op_code": 5, "worker_id": "fadc3ee8-818f-46bf-a5f1-8b79c776c80c-47280521058048", "trial_id": 4, "param_name": "alpha", "param_value_internal": 0.15651112802065148, "distribution": "{\"name\": \"FloatDistribution\", \"attributes\": {\"step\": null, \"low\": 0.0001, \"high\": 1.0, \"log\": false}}"}
{"op_code": 5, "worker_id": "fadc3ee8-818f-46bf-a5f1-8b79c776c80c-47280521058048", "trial_id": 4, "param_name": "gamma", "param_value_internal": 5.1848172974595044e-15, "distribution": "{\"name\": \"FloatDistribution\", \"attributes\": {\"step\": null, \"low\": 0.0, \"high\": 1e-14, \"log\": false}}"}
{"op_code": 5, "worker_id": "fadc3ee8-818f-46bf-a5f1-8b79c776c80c-47280521058048", "trial_id": 4, "param_name": "kernel", "param_value_internal": 0, "distribution": "{\"name\": \"CategoricalDistribution\", \"attributes\": {\"choices\": [\"linear\", \"laplacian\", \"rbf\"]}}"}
{"op_code": 6, "worker_id": "fadc3ee8-818f-46bf-a5f1-8b79c776c80c-47280521058048", "trial_id": 4, "state": 1, "values": [0.28828257612142155], "datetime_complete": "2023-11-07T17:30:21.439687"}
