{"op_code": 0, "worker_id": "9567a070-a6c2-4b43-9aa1-b7e4067559fc-47614746832704", "study_name": "linear", "directions": [1]}
{"op_code": 4, "worker_id": "9567a070-a6c2-4b43-9aa1-b7e4067559fc-47615450679040", "study_id": 0, "datetime_start": "2023-11-07T07:02:24.856076"}
{"op_code": 8, "worker_id": "9567a070-a6c2-4b43-9aa1-b7e4067559fc-47615450679040", "trial_id": 0, "user_attr": {"fit_intercept": true}}
{"op_code": 5, "worker_id": "9567a070-a6c2-4b43-9aa1-b7e4067559fc-47615450679040", "trial_id": 0, "param_name": "alpha", "param_value_internal": 0.020067943544862157, "distribution": "{\"name\": \"FloatDistribution\", \"attributes\": {\"step\": null, \"low\": 1e-05, \"high\": 0.1, \"log\": false}}"}
{"op_code": 5, "worker_id": "9567a070-a6c2-4b43-9aa1-b7e4067559fc-47615450679040", "trial_id": 0, "param_name": "l1_ratio", "param_value_internal": 0.9203399034796352, "distribution": "{\"name\": \"FloatDistribution\", \"attributes\": {\"step\": null, \"low\": 0.0, \"high\": 1.0, \"log\": false}}"}
{"op_code": 6, "worker_id": "9567a070-a6c2-4b43-9aa1-b7e4067559fc-47615450679040", "trial_id": 0, "state": 1, "values": [0.2800306419417924], "datetime_complete": "2023-11-07T07:02:24.891789"}
{"op_code": 0, "worker_id": "28551265-a461-41e1-9c27-960d67527968-47279818202944", "study_name": "linear", "directions": [1]}
{"op_code": 4, "worker_id": "28551265-a461-41e1-9c27-960d67527968-47280521058048", "study_id": 0, "datetime_start": "2023-11-07T17:09:58.822680"}
{"op_code": 8, "worker_id": "28551265-a461-41e1-9c27-960d67527968-47280521058048", "trial_id": 1, "user_attr": {"fit_intercept": true}}
{"op_code": 5, "worker_id": "28551265-a461-41e1-9c27-960d67527968-47280521058048", "trial_id": 1, "param_name": "alpha", "param_value_internal": 0.02547461478335959, "distribution": "{\"name\": \"FloatDistribution\", \"attributes\": {\"step\": null, \"low\": 1e-05, \"high\": 0.1, \"log\": false}}"}
{"op_code": 5, "worker_id": "28551265-a461-41e1-9c27-960d67527968-47280521058048", "trial_id": 1, "param_name": "l1_ratio", "param_value_internal": 0.20418663415815774, "distribution": "{\"name\": \"FloatDistribution\", \"attributes\": {\"step\": null, \"low\": 0.0, \"high\": 1.0, \"log\": false}}"}
{"op_code": 6, "worker_id": "28551265-a461-41e1-9c27-960d67527968-47280521058048", "trial_id": 1, "state": 1, "values": [0.2807509087576459], "datetime_complete": "2023-11-07T17:09:58.856607"}
{"op_code": 0, "worker_id": "25904a7f-47d2-445a-aef6-d7f5cc5ce46f-47279818202944", "study_name": "linear", "directions": [1]}
{"op_code": 4, "worker_id": "25904a7f-47d2-445a-aef6-d7f5cc5ce46f-47280521058048", "study_id": 0, "datetime_start": "2023-11-07T17:16:44.718434"}
{"op_code": 8, "worker_id": "25904a7f-47d2-445a-aef6-d7f5cc5ce46f-47280521058048", "trial_id": 2, "user_attr": {"fit_intercept": true}}
{"op_code": 5, "worker_id": "25904a7f-47d2-445a-aef6-d7f5cc5ce46f-47280521058048", "trial_id": 2, "param_name": "alpha", "param_value_internal": 0.08532427372368785, "distribution": "{\"name\": \"FloatDistribution\", \"attributes\": {\"step\": null, \"low\": 1e-05, \"high\": 0.1, \"log\": false}}"}
{"op_code": 5, "worker_id": "25904a7f-47d2-445a-aef6-d7f5cc5ce46f-47280521058048", "trial_id": 2, "param_name": "l1_ratio", "param_value_internal": 0.08830073762972879, "distribution": "{\"name\": \"FloatDistribution\", \"attributes\": {\"step\": null, \"low\": 0.0, \"high\": 1.0, \"log\": false}}"}
{"op_code": 6, "worker_id": "25904a7f-47d2-445a-aef6-d7f5cc5ce46f-47280521058048", "trial_id": 2, "state": 1, "values": [0.2799355358986259], "datetime_complete": "2023-11-07T17:16:44.749526"}
{"op_code": 0, "worker_id": "58491428-b188-4da2-9a7a-91907b56e6ed-47279818202944", "study_name": "linear", "directions": [1]}
{"op_code": 4, "worker_id": "58491428-b188-4da2-9a7a-91907b56e6ed-47280521058048", "study_id": 0, "datetime_start": "2023-11-07T17:23:33.585921"}
{"op_code": 8, "worker_id": "58491428-b188-4da2-9a7a-91907b56e6ed-47280521058048", "trial_id": 3, "user_attr": {"fit_intercept": true}}
{"op_code": 5, "worker_id": "58491428-b188-4da2-9a7a-91907b56e6ed-47280521058048", "trial_id": 3, "param_name": "alpha", "param_value_internal": 0.07451827686439559, "distribution": "{\"name\": \"FloatDistribution\", \"attributes\": {\"step\": null, \"low\": 1e-05, \"high\": 0.1, \"log\": false}}"}
{"op_code": 5, "worker_id": "58491428-b188-4da2-9a7a-91907b56e6ed-47280521058048", "trial_id": 3, "param_name": "l1_ratio", "param_value_internal": 0.025924145973790447, "distribution": "{\"name\": \"FloatDistribution\", \"attributes\": {\"step\": null, \"low\": 0.0, \"high\": 1.0, \"log\": false}}"}
{"op_code": 6, "worker_id": "58491428-b188-4da2-9a7a-91907b56e6ed-47280521058048", "trial_id": 3, "state": 1, "values": [0.27962687896211086], "datetime_complete": "2023-11-07T17:23:33.618538"}
{"op_code": 0, "worker_id": "698ea534-52a3-4faa-9209-8373e4c59318-47279818202944", "study_name": "linear", "directions": [1]}
{"op_code": 4, "worker_id": "698ea534-52a3-4faa-9209-8373e4c59318-47280521058048", "study_id": 0, "datetime_start": "2023-11-07T17:30:21.341695"}
{"op_code": 8, "worker_id": "698ea534-52a3-4faa-9209-8373e4c59318-47280521058048", "trial_id": 4, "user_attr": {"fit_intercept": true}}
{"op_code": 5, "worker_id": "698ea534-52a3-4faa-9209-8373e4c59318-47280521058048", "trial_id": 4, "param_name": "alpha", "param_value_internal": 0.03715397076528846, "distribution": "{\"name\": \"FloatDistribution\", \"attributes\": {\"step\": null, \"low\": 1e-05, \"high\": 0.1, \"log\": false}}"}
{"op_code": 5, "worker_id": "698ea534-52a3-4faa-9209-8373e4c59318-47280521058048", "trial_id": 4, "param_name": "l1_ratio", "param_value_internal": 0.7583633847135431, "distribution": "{\"name\": \"FloatDistribution\", \"attributes\": {\"step\": null, \"low\": 0.0, \"high\": 1.0, \"log\": false}}"}
{"op_code": 6, "worker_id": "698ea534-52a3-4faa-9209-8373e4c59318-47280521058048", "trial_id": 4, "state": 1, "values": [0.28001030835114293], "datetime_complete": "2023-11-07T17:30:21.375745"}
