{"op_code": 0, "worker_id": "03219c11-0128-4788-b481-c7a99c1f13d1-47614746832704", "study_name": "RF", "directions": [1]}
{"op_code": 4, "worker_id": "03219c11-0128-4788-b481-c7a99c1f13d1-47615450679040", "study_id": 0, "datetime_start": "2023-11-07T07:02:26.909681"}
{"op_code": 5, "worker_id": "03219c11-0128-4788-b481-c7a99c1f13d1-47615450679040", "trial_id": 0, "param_name": "n_estimators", "param_value_internal": 4, "distribution": "{\"name\": \"CategoricalDistribution\", \"attributes\": {\"choices\": [10, 20, 50, 200, 500]}}"}
{"op_code": 5, "worker_id": "03219c11-0128-4788-b481-c7a99c1f13d1-47615450679040", "trial_id": 0, "param_name": "max_features", "param_value_internal": 1, "distribution": "{\"name\": \"CategoricalDistribution\", \"attributes\": {\"choices\": [\"auto\", \"sqrt\", \"log2\"]}}"}
{"op_code": 5, "worker_id": "03219c11-0128-4788-b481-c7a99c1f13d1-47615450679040", "trial_id": 0, "param_name": "max_depth", "param_value_internal": 4, "distribution": "{\"name\": \"CategoricalDistribution\", \"attributes\": {\"choices\": [null, 2, 3, 4, 5, 10]}}"}
{"op_code": 6, "worker_id": "03219c11-0128-4788-b481-c7a99c1f13d1-47615450679040", "trial_id": 0, "state": 1, "values": [0.24958460440282404], "datetime_complete": "2023-11-07T07:02:30.862238"}
{"op_code": 0, "worker_id": "81041e01-4a7b-49b2-8345-c5baa2c56751-47279818202944", "study_name": "RF", "directions": [1]}
{"op_code": 4, "worker_id": "81041e01-4a7b-49b2-8345-c5baa2c56751-47280521058048", "study_id": 0, "datetime_start": "2023-11-07T17:10:00.803547"}
{"op_code": 5, "worker_id": "81041e01-4a7b-49b2-8345-c5baa2c56751-47280521058048", "trial_id": 1, "param_name": "n_estimators", "param_value_internal": 2, "distribution": "{\"name\": \"CategoricalDistribution\", \"attributes\": {\"choices\": [10, 20, 50, 200, 500]}}"}
{"op_code": 5, "worker_id": "81041e01-4a7b-49b2-8345-c5baa2c56751-47280521058048", "trial_id": 1, "param_name": "max_features", "param_value_internal": 1, "distribution": "{\"name\": \"CategoricalDistribution\", \"attributes\": {\"choices\": [\"auto\", \"sqrt\", \"log2\"]}}"}
{"op_code": 5, "worker_id": "81041e01-4a7b-49b2-8345-c5baa2c56751-47280521058048", "trial_id": 1, "param_name": "max_depth", "param_value_internal": 1, "distribution": "{\"name\": \"CategoricalDistribution\", \"attributes\": {\"choices\": [null, 2, 3, 4, 5, 10]}}"}
{"op_code": 6, "worker_id": "81041e01-4a7b-49b2-8345-c5baa2c56751-47280521058048", "trial_id": 1, "state": 1, "values": [0.24721923389918024], "datetime_complete": "2023-11-07T17:10:04.721041"}
{"op_code": 0, "worker_id": "928224ad-922b-473b-adbc-6749de64740e-47279818202944", "study_name": "RF", "directions": [1]}
{"op_code": 4, "worker_id": "928224ad-922b-473b-adbc-6749de64740e-47280521058048", "study_id": 0, "datetime_start": "2023-11-07T17:16:46.684501"}
{"op_code": 5, "worker_id": "928224ad-922b-473b-adbc-6749de64740e-47280521058048", "trial_id": 2, "param_name": "n_estimators", "param_value_internal": 1, "distribution": "{\"name\": \"CategoricalDistribution\", \"attributes\": {\"choices\": [10, 20, 50, 200, 500]}}"}
{"op_code": 5, "worker_id": "928224ad-922b-473b-adbc-6749de64740e-47280521058048", "trial_id": 2, "param_name": "max_features", "param_value_internal": 1, "distribution": "{\"name\": \"CategoricalDistribution\", \"attributes\": {\"choices\": [\"auto\", \"sqrt\", \"log2\"]}}"}
{"op_code": 5, "worker_id": "928224ad-922b-473b-adbc-6749de64740e-47280521058048", "trial_id": 2, "param_name": "max_depth", "param_value_internal": 2, "distribution": "{\"name\": \"CategoricalDistribution\", \"attributes\": {\"choices\": [null, 2, 3, 4, 5, 10]}}"}
{"op_code": 6, "worker_id": "928224ad-922b-473b-adbc-6749de64740e-47280521058048", "trial_id": 2, "state": 1, "values": [0.2516419234024826], "datetime_complete": "2023-11-07T17:16:50.594631"}
{"op_code": 0, "worker_id": "c3a72388-7bd7-4cc4-ad11-d3868c821f8a-47279818202944", "study_name": "RF", "directions": [1]}
{"op_code": 4, "worker_id": "c3a72388-7bd7-4cc4-ad11-d3868c821f8a-47280521058048", "study_id": 0, "datetime_start": "2023-11-07T17:23:35.562584"}
{"op_code": 5, "worker_id": "c3a72388-7bd7-4cc4-ad11-d3868c821f8a-47280521058048", "trial_id": 3, "param_name": "n_estimators", "param_value_internal": 4, "distribution": "{\"name\": \"CategoricalDistribution\", \"attributes\": {\"choices\": [10, 20, 50, 200, 500]}}"}
{"op_code": 5, "worker_id": "c3a72388-7bd7-4cc4-ad11-d3868c821f8a-47280521058048", "trial_id": 3, "param_name": "max_features", "param_value_internal": 0, "distribution": "{\"name\": \"CategoricalDistribution\", \"attributes\": {\"choices\": [\"auto\", \"sqrt\", \"log2\"]}}"}
{"op_code": 5, "worker_id": "c3a72388-7bd7-4cc4-ad11-d3868c821f8a-47280521058048", "trial_id": 3, "param_name": "max_depth", "param_value_internal": 5, "distribution": "{\"name\": \"CategoricalDistribution\", \"attributes\": {\"choices\": [null, 2, 3, 4, 5, 10]}}"}
{"op_code": 6, "worker_id": "c3a72388-7bd7-4cc4-ad11-d3868c821f8a-47280521058048", "trial_id": 3, "state": 1, "values": [0.24485431040551975], "datetime_complete": "2023-11-07T17:23:39.490761"}
{"op_code": 0, "worker_id": "8a31d921-a9f3-48ce-b071-7fca1502e3d1-47279818202944", "study_name": "RF", "directions": [1]}
{"op_code": 4, "worker_id": "8a31d921-a9f3-48ce-b071-7fca1502e3d1-47280521058048", "study_id": 0, "datetime_start": "2023-11-07T17:30:23.321625"}
{"op_code": 5, "worker_id": "8a31d921-a9f3-48ce-b071-7fca1502e3d1-47280521058048", "trial_id": 4, "param_name": "n_estimators", "param_value_internal": 4, "distribution": "{\"name\": \"CategoricalDistribution\", \"attributes\": {\"choices\": [10, 20, 50, 200, 500]}}"}
{"op_code": 5, "worker_id": "8a31d921-a9f3-48ce-b071-7fca1502e3d1-47280521058048", "trial_id": 4, "param_name": "max_features", "param_value_internal": 1, "distribution": "{\"name\": \"CategoricalDistribution\", \"attributes\": {\"choices\": [\"auto\", \"sqrt\", \"log2\"]}}"}
{"op_code": 5, "worker_id": "8a31d921-a9f3-48ce-b071-7fca1502e3d1-47280521058048", "trial_id": 4, "param_name": "max_depth", "param_value_internal": 5, "distribution": "{\"name\": \"CategoricalDistribution\", \"attributes\": {\"choices\": [null, 2, 3, 4, 5, 10]}}"}
{"op_code": 6, "worker_id": "8a31d921-a9f3-48ce-b071-7fca1502e3d1-47280521058048", "trial_id": 4, "state": 1, "values": [0.2480697556570327], "datetime_complete": "2023-11-07T17:30:27.232151"}
