{"op_code": 0, "worker_id": "cf1419d8-1a4e-4c2e-bcf1-e2737080ad12-9760", "study_name": "ANN", "directions": [2]}
{"op_code": 4, "worker_id": "cf1419d8-1a4e-4c2e-bcf1-e2737080ad12-17724", "study_id": 0, "datetime_start": "2024-03-19T11:13:50.546244"}
{"op_code": 5, "worker_id": "cf1419d8-1a4e-4c2e-bcf1-e2737080ad12-17724", "trial_id": 0, "param_name": "learning_rate_init", "param_value_internal": 0.08604923022666618, "distribution": "{\"name\": \"FloatDistribution\", \"attributes\": {\"step\": null, \"low\": 0.05, \"high\": 0.15, \"log\": false}}"}
{"op_code": 5, "worker_id": "cf1419d8-1a4e-4c2e-bcf1-e2737080ad12-17724", "trial_id": 0, "param_name": "hidden_layer_sizes", "param_value_internal": 1, "distribution": "{\"name\": \"CategoricalDistribution\", \"attributes\": {\"choices\": [[5, 5, 5], [5, 5, 5, 5, 5], [10, 10, 10]]}}"}
{"op_code": 7, "worker_id": "cf1419d8-1a4e-4c2e-bcf1-e2737080ad12-17724", "trial_id": 0, "step": 0, "intermediate_value": 0.1999575583386477}
{"op_code": 7, "worker_id": "cf1419d8-1a4e-4c2e-bcf1-e2737080ad12-17724", "trial_id": 0, "step": 1, "intermediate_value": 0.2269362624708133}
{"op_code": 7, "worker_id": "cf1419d8-1a4e-4c2e-bcf1-e2737080ad12-17724", "trial_id": 0, "step": 2, "intermediate_value": 0.08132918058778704}
{"op_code": 6, "worker_id": "cf1419d8-1a4e-4c2e-bcf1-e2737080ad12-17724", "trial_id": 0, "state": 1, "values": [0.16940766713241603], "datetime_complete": "2024-03-19T11:15:29.034818"}
{"op_code": 4, "worker_id": "cf1419d8-1a4e-4c2e-bcf1-e2737080ad12-17724", "study_id": 0, "datetime_start": "2024-03-19T11:15:29.323379"}
{"op_code": 5, "worker_id": "cf1419d8-1a4e-4c2e-bcf1-e2737080ad12-17724", "trial_id": 1, "param_name": "learning_rate_init", "param_value_internal": 0.08450651438146002, "distribution": "{\"name\": \"FloatDistribution\", \"attributes\": {\"step\": null, \"low\": 0.05, \"high\": 0.15, \"log\": false}}"}
{"op_code": 5, "worker_id": "cf1419d8-1a4e-4c2e-bcf1-e2737080ad12-17724", "trial_id": 1, "param_name": "hidden_layer_sizes", "param_value_internal": 1, "distribution": "{\"name\": \"CategoricalDistribution\", \"attributes\": {\"choices\": [[5, 5, 5], [5, 5, 5, 5, 5], [10, 10, 10]]}}"}
{"op_code": 7, "worker_id": "cf1419d8-1a4e-4c2e-bcf1-e2737080ad12-17724", "trial_id": 1, "step": 0, "intermediate_value": 0.2428946432398059}
{"op_code": 7, "worker_id": "cf1419d8-1a4e-4c2e-bcf1-e2737080ad12-17724", "trial_id": 1, "step": 1, "intermediate_value": 0.23773603548696717}
{"op_code": 7, "worker_id": "cf1419d8-1a4e-4c2e-bcf1-e2737080ad12-17724", "trial_id": 1, "step": 2, "intermediate_value": 0.22440453468697613}
{"op_code": 6, "worker_id": "cf1419d8-1a4e-4c2e-bcf1-e2737080ad12-17724", "trial_id": 1, "state": 1, "values": [0.23501173780458307], "datetime_complete": "2024-03-19T11:16:53.849190"}
{"op_code": 4, "worker_id": "cf1419d8-1a4e-4c2e-bcf1-e2737080ad12-17724", "study_id": 0, "datetime_start": "2024-03-19T11:16:54.125550"}
{"op_code": 5, "worker_id": "cf1419d8-1a4e-4c2e-bcf1-e2737080ad12-17724", "trial_id": 2, "param_name": "learning_rate_init", "param_value_internal": 0.05080742683829922, "distribution": "{\"name\": \"FloatDistribution\", \"attributes\": {\"step\": null, \"low\": 0.05, \"high\": 0.15, \"log\": false}}"}
{"op_code": 5, "worker_id": "cf1419d8-1a4e-4c2e-bcf1-e2737080ad12-17724", "trial_id": 2, "param_name": "hidden_layer_sizes", "param_value_internal": 0, "distribution": "{\"name\": \"CategoricalDistribution\", \"attributes\": {\"choices\": [[5, 5, 5], [5, 5, 5, 5, 5], [10, 10, 10]]}}"}
{"op_code": 7, "worker_id": "cf1419d8-1a4e-4c2e-bcf1-e2737080ad12-17724", "trial_id": 2, "step": 0, "intermediate_value": 0.1782343299196702}
{"op_code": 7, "worker_id": "cf1419d8-1a4e-4c2e-bcf1-e2737080ad12-17724", "trial_id": 2, "step": 1, "intermediate_value": 0.23196573511521473}
{"op_code": 7, "worker_id": "cf1419d8-1a4e-4c2e-bcf1-e2737080ad12-17724", "trial_id": 2, "step": 2, "intermediate_value": 0.22229079685939662}
{"op_code": 6, "worker_id": "cf1419d8-1a4e-4c2e-bcf1-e2737080ad12-17724", "trial_id": 2, "state": 1, "values": [0.21083028729809383], "datetime_complete": "2024-03-19T11:17:41.477268"}
{"op_code": 4, "worker_id": "cf1419d8-1a4e-4c2e-bcf1-e2737080ad12-17724", "study_id": 0, "datetime_start": "2024-03-19T11:17:41.706613"}
{"op_code": 5, "worker_id": "cf1419d8-1a4e-4c2e-bcf1-e2737080ad12-17724", "trial_id": 3, "param_name": "learning_rate_init", "param_value_internal": 0.14754754172539883, "distribution": "{\"name\": \"FloatDistribution\", \"attributes\": {\"step\": null, \"low\": 0.05, \"high\": 0.15, \"log\": false}}"}
{"op_code": 5, "worker_id": "cf1419d8-1a4e-4c2e-bcf1-e2737080ad12-17724", "trial_id": 3, "param_name": "hidden_layer_sizes", "param_value_internal": 1, "distribution": "{\"name\": \"CategoricalDistribution\", \"attributes\": {\"choices\": [[5, 5, 5], [5, 5, 5, 5, 5], [10, 10, 10]]}}"}
{"op_code": 7, "worker_id": "cf1419d8-1a4e-4c2e-bcf1-e2737080ad12-17724", "trial_id": 3, "step": 0, "intermediate_value": 0.20750142865099463}
{"op_code": 7, "worker_id": "cf1419d8-1a4e-4c2e-bcf1-e2737080ad12-17724", "trial_id": 3, "step": 1, "intermediate_value": 0.1431394323756175}
{"op_code": 9, "worker_id": "cf1419d8-1a4e-4c2e-bcf1-e2737080ad12-17724", "trial_id": 3, "system_attr": {"completed_rung_0": 0.1431394323756175}}
{"op_code": 7, "worker_id": "cf1419d8-1a4e-4c2e-bcf1-e2737080ad12-17724", "trial_id": 3, "step": 2, "intermediate_value": 0.1563132160617593}
{"op_code": 6, "worker_id": "cf1419d8-1a4e-4c2e-bcf1-e2737080ad12-17724", "trial_id": 3, "state": 1, "values": [0.16898469236279046], "datetime_complete": "2024-03-19T11:18:34.179716"}
{"op_code": 4, "worker_id": "cf1419d8-1a4e-4c2e-bcf1-e2737080ad12-17724", "study_id": 0, "datetime_start": "2024-03-19T11:18:34.398617"}
{"op_code": 5, "worker_id": "cf1419d8-1a4e-4c2e-bcf1-e2737080ad12-17724", "trial_id": 4, "param_name": "learning_rate_init", "param_value_internal": 0.095126388596373, "distribution": "{\"name\": \"FloatDistribution\", \"attributes\": {\"step\": null, \"low\": 0.05, \"high\": 0.15, \"log\": false}}"}
{"op_code": 5, "worker_id": "cf1419d8-1a4e-4c2e-bcf1-e2737080ad12-17724", "trial_id": 4, "param_name": "hidden_layer_sizes", "param_value_internal": 2, "distribution": "{\"name\": \"CategoricalDistribution\", \"attributes\": {\"choices\": [[5, 5, 5], [5, 5, 5, 5, 5], [10, 10, 10]]}}"}
{"op_code": 7, "worker_id": "cf1419d8-1a4e-4c2e-bcf1-e2737080ad12-17724", "trial_id": 4, "step": 0, "intermediate_value": 0.24098480295186425}
{"op_code": 7, "worker_id": "cf1419d8-1a4e-4c2e-bcf1-e2737080ad12-17724", "trial_id": 4, "step": 1, "intermediate_value": 0.23092585766306148}
{"op_code": 9, "worker_id": "cf1419d8-1a4e-4c2e-bcf1-e2737080ad12-17724", "trial_id": 4, "system_attr": {"completed_rung_0": 0.23092585766306148}}
{"op_code": 7, "worker_id": "cf1419d8-1a4e-4c2e-bcf1-e2737080ad12-17724", "trial_id": 4, "step": 2, "intermediate_value": 0.22423122177828392}
{"op_code": 6, "worker_id": "cf1419d8-1a4e-4c2e-bcf1-e2737080ad12-17724", "trial_id": 4, "state": 1, "values": [0.23204729413106986], "datetime_complete": "2024-03-19T11:20:57.820334"}
{"op_code": 4, "worker_id": "cf1419d8-1a4e-4c2e-bcf1-e2737080ad12-17724", "study_id": 0, "datetime_start": "2024-03-19T11:20:58.086115"}
{"op_code": 5, "worker_id": "cf1419d8-1a4e-4c2e-bcf1-e2737080ad12-17724", "trial_id": 5, "param_name": "learning_rate_init", "param_value_internal": 0.06776954610257427, "distribution": "{\"name\": \"FloatDistribution\", \"attributes\": {\"step\": null, \"low\": 0.05, \"high\": 0.15, \"log\": false}}"}
{"op_code": 5, "worker_id": "cf1419d8-1a4e-4c2e-bcf1-e2737080ad12-17724", "trial_id": 5, "param_name": "hidden_layer_sizes", "param_value_internal": 1, "distribution": "{\"name\": \"CategoricalDistribution\", \"attributes\": {\"choices\": [[5, 5, 5], [5, 5, 5, 5, 5], [10, 10, 10]]}}"}
{"op_code": 7, "worker_id": "cf1419d8-1a4e-4c2e-bcf1-e2737080ad12-17724", "trial_id": 5, "step": 0, "intermediate_value": 0.20659748289193333}
{"op_code": 7, "worker_id": "cf1419d8-1a4e-4c2e-bcf1-e2737080ad12-17724", "trial_id": 5, "step": 1, "intermediate_value": 0.013110632058090184}
{"op_code": 9, "worker_id": "cf1419d8-1a4e-4c2e-bcf1-e2737080ad12-17724", "trial_id": 5, "system_attr": {"completed_rung_0": 0.013110632058090184}}
{"op_code": 6, "worker_id": "cf1419d8-1a4e-4c2e-bcf1-e2737080ad12-17724", "trial_id": 5, "state": 2, "values": [0.013110632058090184], "datetime_complete": "2024-03-19T11:21:24.336161"}
{"op_code": 4, "worker_id": "cf1419d8-1a4e-4c2e-bcf1-e2737080ad12-17724", "study_id": 0, "datetime_start": "2024-03-19T11:21:24.513609"}
{"op_code": 5, "worker_id": "cf1419d8-1a4e-4c2e-bcf1-e2737080ad12-17724", "trial_id": 6, "param_name": "learning_rate_init", "param_value_internal": 0.11873653560177551, "distribution": "{\"name\": \"FloatDistribution\", \"attributes\": {\"step\": null, \"low\": 0.05, \"high\": 0.15, \"log\": false}}"}
{"op_code": 5, "worker_id": "cf1419d8-1a4e-4c2e-bcf1-e2737080ad12-17724", "trial_id": 6, "param_name": "hidden_layer_sizes", "param_value_internal": 0, "distribution": "{\"name\": \"CategoricalDistribution\", \"attributes\": {\"choices\": [[5, 5, 5], [5, 5, 5, 5, 5], [10, 10, 10]]}}"}
{"op_code": 7, "worker_id": "cf1419d8-1a4e-4c2e-bcf1-e2737080ad12-17724", "trial_id": 6, "step": 0, "intermediate_value": 0.18813116238539462}
{"op_code": 7, "worker_id": "cf1419d8-1a4e-4c2e-bcf1-e2737080ad12-17724", "trial_id": 6, "step": 1, "intermediate_value": 0.19857105272088155}
{"op_code": 9, "worker_id": "cf1419d8-1a4e-4c2e-bcf1-e2737080ad12-17724", "trial_id": 6, "system_attr": {"completed_rung_0": 0.19857105272088155}}
{"op_code": 6, "worker_id": "cf1419d8-1a4e-4c2e-bcf1-e2737080ad12-17724", "trial_id": 6, "state": 2, "values": [0.19857105272088155], "datetime_complete": "2024-03-19T11:21:46.760897"}
{"op_code": 4, "worker_id": "cf1419d8-1a4e-4c2e-bcf1-e2737080ad12-17724", "study_id": 0, "datetime_start": "2024-03-19T11:21:46.989384"}
{"op_code": 5, "worker_id": "cf1419d8-1a4e-4c2e-bcf1-e2737080ad12-17724", "trial_id": 7, "param_name": "learning_rate_init", "param_value_internal": 0.07883389780151527, "distribution": "{\"name\": \"FloatDistribution\", \"attributes\": {\"step\": null, \"low\": 0.05, \"high\": 0.15, \"log\": false}}"}
{"op_code": 5, "worker_id": "cf1419d8-1a4e-4c2e-bcf1-e2737080ad12-17724", "trial_id": 7, "param_name": "hidden_layer_sizes", "param_value_internal": 2, "distribution": "{\"name\": \"CategoricalDistribution\", \"attributes\": {\"choices\": [[5, 5, 5], [5, 5, 5, 5, 5], [10, 10, 10]]}}"}
{"op_code": 7, "worker_id": "cf1419d8-1a4e-4c2e-bcf1-e2737080ad12-17724", "trial_id": 7, "step": 0, "intermediate_value": 0.23849725296828195}
{"op_code": 7, "worker_id": "cf1419d8-1a4e-4c2e-bcf1-e2737080ad12-17724", "trial_id": 7, "step": 1, "intermediate_value": 0.2330841680493935}
{"op_code": 9, "worker_id": "cf1419d8-1a4e-4c2e-bcf1-e2737080ad12-17724", "trial_id": 7, "system_attr": {"completed_rung_0": 0.2330841680493935}}
{"op_code": 7, "worker_id": "cf1419d8-1a4e-4c2e-bcf1-e2737080ad12-17724", "trial_id": 7, "step": 2, "intermediate_value": 0.24469615259818486}
{"op_code": 6, "worker_id": "cf1419d8-1a4e-4c2e-bcf1-e2737080ad12-17724", "trial_id": 7, "state": 1, "values": [0.23875919120528677], "datetime_complete": "2024-03-19T11:23:29.723626"}
{"op_code": 4, "worker_id": "cf1419d8-1a4e-4c2e-bcf1-e2737080ad12-17724", "study_id": 0, "datetime_start": "2024-03-19T11:23:29.966743"}
{"op_code": 5, "worker_id": "cf1419d8-1a4e-4c2e-bcf1-e2737080ad12-17724", "trial_id": 8, "param_name": "learning_rate_init", "param_value_internal": 0.11316206963853503, "distribution": "{\"name\": \"FloatDistribution\", \"attributes\": {\"step\": null, \"low\": 0.05, \"high\": 0.15, \"log\": false}}"}
{"op_code": 5, "worker_id": "cf1419d8-1a4e-4c2e-bcf1-e2737080ad12-17724", "trial_id": 8, "param_name": "hidden_layer_sizes", "param_value_internal": 2, "distribution": "{\"name\": \"CategoricalDistribution\", \"attributes\": {\"choices\": [[5, 5, 5], [5, 5, 5, 5, 5], [10, 10, 10]]}}"}
{"op_code": 7, "worker_id": "cf1419d8-1a4e-4c2e-bcf1-e2737080ad12-17724", "trial_id": 8, "step": 0, "intermediate_value": 0.22090089529753165}
{"op_code": 7, "worker_id": "cf1419d8-1a4e-4c2e-bcf1-e2737080ad12-17724", "trial_id": 8, "step": 1, "intermediate_value": 0.23828995713631676}
{"op_code": 9, "worker_id": "cf1419d8-1a4e-4c2e-bcf1-e2737080ad12-17724", "trial_id": 8, "system_attr": {"completed_rung_0": 0.23828995713631676}}
{"op_code": 7, "worker_id": "cf1419d8-1a4e-4c2e-bcf1-e2737080ad12-17724", "trial_id": 8, "step": 2, "intermediate_value": 0.18573536629464935}
{"op_code": 6, "worker_id": "cf1419d8-1a4e-4c2e-bcf1-e2737080ad12-17724", "trial_id": 8, "state": 1, "values": [0.2149754062428326], "datetime_complete": "2024-03-19T11:26:27.048163"}
{"op_code": 4, "worker_id": "cf1419d8-1a4e-4c2e-bcf1-e2737080ad12-17724", "study_id": 0, "datetime_start": "2024-03-19T11:26:27.155039"}
{"op_code": 5, "worker_id": "cf1419d8-1a4e-4c2e-bcf1-e2737080ad12-17724", "trial_id": 9, "param_name": "learning_rate_init", "param_value_internal": 0.06807044698929879, "distribution": "{\"name\": \"FloatDistribution\", \"attributes\": {\"step\": null, \"low\": 0.05, \"high\": 0.15, \"log\": false}}"}
{"op_code": 5, "worker_id": "cf1419d8-1a4e-4c2e-bcf1-e2737080ad12-17724", "trial_id": 9, "param_name": "hidden_layer_sizes", "param_value_internal": 2, "distribution": "{\"name\": \"CategoricalDistribution\", \"attributes\": {\"choices\": [[5, 5, 5], [5, 5, 5, 5, 5], [10, 10, 10]]}}"}
{"op_code": 7, "worker_id": "cf1419d8-1a4e-4c2e-bcf1-e2737080ad12-17724", "trial_id": 9, "step": 0, "intermediate_value": 0.2310549927714988}
{"op_code": 7, "worker_id": "cf1419d8-1a4e-4c2e-bcf1-e2737080ad12-17724", "trial_id": 9, "step": 1, "intermediate_value": 0.22893445835926468}
{"op_code": 9, "worker_id": "cf1419d8-1a4e-4c2e-bcf1-e2737080ad12-17724", "trial_id": 9, "system_attr": {"completed_rung_0": 0.22893445835926468}}
{"op_code": 6, "worker_id": "cf1419d8-1a4e-4c2e-bcf1-e2737080ad12-17724", "trial_id": 9, "state": 2, "values": [0.22893445835926468], "datetime_complete": "2024-03-19T11:27:47.526579"}
{"op_code": 4, "worker_id": "cf1419d8-1a4e-4c2e-bcf1-e2737080ad12-17724", "study_id": 0, "datetime_start": "2024-03-19T11:27:47.597197"}
{"op_code": 5, "worker_id": "cf1419d8-1a4e-4c2e-bcf1-e2737080ad12-17724", "trial_id": 10, "param_name": "learning_rate_init", "param_value_internal": 0.1067522727791968, "distribution": "{\"name\": \"FloatDistribution\", \"attributes\": {\"step\": null, \"low\": 0.05, \"high\": 0.15, \"log\": false}}"}
{"op_code": 5, "worker_id": "cf1419d8-1a4e-4c2e-bcf1-e2737080ad12-17724", "trial_id": 10, "param_name": "hidden_layer_sizes", "param_value_internal": 2, "distribution": "{\"name\": \"CategoricalDistribution\", \"attributes\": {\"choices\": [[5, 5, 5], [5, 5, 5, 5, 5], [10, 10, 10]]}}"}
{"op_code": 7, "worker_id": "cf1419d8-1a4e-4c2e-bcf1-e2737080ad12-17724", "trial_id": 10, "step": 0, "intermediate_value": 0.047363779528469374}
