{"op_code": 0, "worker_id": "2aaffbc0-669a-4a4a-8cdd-2414ee739614-9760", "study_name": "GB", "directions": [2]}
{"op_code": 4, "worker_id": "2aaffbc0-669a-4a4a-8cdd-2414ee739614-4152", "study_id": 0, "datetime_start": "2024-03-19T11:13:28.013752"}
{"op_code": 5, "worker_id": "2aaffbc0-669a-4a4a-8cdd-2414ee739614-4152", "trial_id": 0, "param_name": "n_estimators", "param_value_internal": 3, "distribution": "{\"name\": \"CategoricalDistribution\", \"attributes\": {\"choices\": [5, 10, 20, 50]}}"}
{"op_code": 5, "worker_id": "2aaffbc0-669a-4a4a-8cdd-2414ee739614-4152", "trial_id": 0, "param_name": "learning_rate", "param_value_internal": 0.11355573939671802, "distribution": "{\"name\": \"FloatDistribution\", \"attributes\": {\"step\": null, \"low\": 0.05, \"high\": 0.175, \"log\": false}}"}
{"op_code": 5, "worker_id": "2aaffbc0-669a-4a4a-8cdd-2414ee739614-4152", "trial_id": 0, "param_name": "max_depth", "param_value_internal": 0, "distribution": "{\"name\": \"CategoricalDistribution\", \"attributes\": {\"choices\": [1, 2, 3]}}"}
{"op_code": 7, "worker_id": "2aaffbc0-669a-4a4a-8cdd-2414ee739614-4152", "trial_id": 0, "step": 0, "intermediate_value": 0.2536217604869404}
{"op_code": 7, "worker_id": "2aaffbc0-669a-4a4a-8cdd-2414ee739614-4152", "trial_id": 0, "step": 1, "intermediate_value": 0.2536217604869404}
{"op_code": 7, "worker_id": "2aaffbc0-669a-4a4a-8cdd-2414ee739614-4152", "trial_id": 0, "step": 2, "intermediate_value": 0.2536217604869404}
{"op_code": 6, "worker_id": "2aaffbc0-669a-4a4a-8cdd-2414ee739614-4152", "trial_id": 0, "state": 1, "values": [0.2536217604869404], "datetime_complete": "2024-03-19T11:13:37.752836"}
{"op_code": 4, "worker_id": "2aaffbc0-669a-4a4a-8cdd-2414ee739614-4152", "study_id": 0, "datetime_start": "2024-03-19T11:13:38.166646"}
{"op_code": 5, "worker_id": "2aaffbc0-669a-4a4a-8cdd-2414ee739614-4152", "trial_id": 1, "param_name": "n_estimators", "param_value_internal": 3, "distribution": "{\"name\": \"CategoricalDistribution\", \"attributes\": {\"choices\": [5, 10, 20, 50]}}"}
{"op_code": 5, "worker_id": "2aaffbc0-669a-4a4a-8cdd-2414ee739614-4152", "trial_id": 1, "param_name": "learning_rate", "param_value_internal": 0.11708901547740011, "distribution": "{\"name\": \"FloatDistribution\", \"attributes\": {\"step\": null, \"low\": 0.05, \"high\": 0.175, \"log\": false}}"}
{"op_code": 5, "worker_id": "2aaffbc0-669a-4a4a-8cdd-2414ee739614-4152", "trial_id": 1, "param_name": "max_depth", "param_value_internal": 0, "distribution": "{\"name\": \"CategoricalDistribution\", \"attributes\": {\"choices\": [1, 2, 3]}}"}
{"op_code": 7, "worker_id": "2aaffbc0-669a-4a4a-8cdd-2414ee739614-4152", "trial_id": 1, "step": 0, "intermediate_value": 0.25660195841677946}
{"op_code": 7, "worker_id": "2aaffbc0-669a-4a4a-8cdd-2414ee739614-4152", "trial_id": 1, "step": 1, "intermediate_value": 0.25660195841677946}
{"op_code": 7, "worker_id": "2aaffbc0-669a-4a4a-8cdd-2414ee739614-4152", "trial_id": 1, "step": 2, "intermediate_value": 0.25660195841677946}
{"op_code": 6, "worker_id": "2aaffbc0-669a-4a4a-8cdd-2414ee739614-4152", "trial_id": 1, "state": 1, "values": [0.25660195841677946], "datetime_complete": "2024-03-19T11:13:47.433621"}
{"op_code": 4, "worker_id": "2aaffbc0-669a-4a4a-8cdd-2414ee739614-4152", "study_id": 0, "datetime_start": "2024-03-19T11:13:48.133639"}
{"op_code": 5, "worker_id": "2aaffbc0-669a-4a4a-8cdd-2414ee739614-4152", "trial_id": 2, "param_name": "n_estimators", "param_value_internal": 3, "distribution": "{\"name\": \"CategoricalDistribution\", \"attributes\": {\"choices\": [5, 10, 20, 50]}}"}
{"op_code": 5, "worker_id": "2aaffbc0-669a-4a4a-8cdd-2414ee739614-4152", "trial_id": 2, "param_name": "learning_rate", "param_value_internal": 0.1743402206159178, "distribution": "{\"name\": \"FloatDistribution\", \"attributes\": {\"step\": null, \"low\": 0.05, \"high\": 0.175, \"log\": false}}"}
{"op_code": 5, "worker_id": "2aaffbc0-669a-4a4a-8cdd-2414ee739614-4152", "trial_id": 2, "param_name": "max_depth", "param_value_internal": 0, "distribution": "{\"name\": \"CategoricalDistribution\", \"attributes\": {\"choices\": [1, 2, 3]}}"}
{"op_code": 7, "worker_id": "2aaffbc0-669a-4a4a-8cdd-2414ee739614-4152", "trial_id": 2, "step": 0, "intermediate_value": 0.24790040491165313}
{"op_code": 7, "worker_id": "2aaffbc0-669a-4a4a-8cdd-2414ee739614-4152", "trial_id": 2, "step": 1, "intermediate_value": 0.24790040491165313}
{"op_code": 9, "worker_id": "2aaffbc0-669a-4a4a-8cdd-2414ee739614-4152", "trial_id": 2, "system_attr": {"completed_rung_0": 0.24790040491165313}}
{"op_code": 7, "worker_id": "2aaffbc0-669a-4a4a-8cdd-2414ee739614-4152", "trial_id": 2, "step": 2, "intermediate_value": 0.24790040491165313}
{"op_code": 6, "worker_id": "2aaffbc0-669a-4a4a-8cdd-2414ee739614-4152", "trial_id": 2, "state": 1, "values": [0.24790040491165313], "datetime_complete": "2024-03-19T11:13:57.849502"}
{"op_code": 4, "worker_id": "2aaffbc0-669a-4a4a-8cdd-2414ee739614-4152", "study_id": 0, "datetime_start": "2024-03-19T11:13:58.201626"}
{"op_code": 5, "worker_id": "2aaffbc0-669a-4a4a-8cdd-2414ee739614-4152", "trial_id": 3, "param_name": "n_estimators", "param_value_internal": 2, "distribution": "{\"name\": \"CategoricalDistribution\", \"attributes\": {\"choices\": [5, 10, 20, 50]}}"}
{"op_code": 5, "worker_id": "2aaffbc0-669a-4a4a-8cdd-2414ee739614-4152", "trial_id": 3, "param_name": "learning_rate", "param_value_internal": 0.0737358605586503, "distribution": "{\"name\": \"FloatDistribution\", \"attributes\": {\"step\": null, \"low\": 0.05, \"high\": 0.175, \"log\": false}}"}
{"op_code": 5, "worker_id": "2aaffbc0-669a-4a4a-8cdd-2414ee739614-4152", "trial_id": 3, "param_name": "max_depth", "param_value_internal": 1, "distribution": "{\"name\": \"CategoricalDistribution\", \"attributes\": {\"choices\": [1, 2, 3]}}"}
{"op_code": 7, "worker_id": "2aaffbc0-669a-4a4a-8cdd-2414ee739614-4152", "trial_id": 3, "step": 0, "intermediate_value": 0.2527641486937536}
{"op_code": 7, "worker_id": "2aaffbc0-669a-4a4a-8cdd-2414ee739614-4152", "trial_id": 3, "step": 1, "intermediate_value": 0.2527641486937536}
{"op_code": 9, "worker_id": "2aaffbc0-669a-4a4a-8cdd-2414ee739614-4152", "trial_id": 3, "system_attr": {"completed_rung_0": 0.2527641486937536}}
{"op_code": 7, "worker_id": "2aaffbc0-669a-4a4a-8cdd-2414ee739614-4152", "trial_id": 3, "step": 2, "intermediate_value": 0.2527641486937536}
{"op_code": 6, "worker_id": "2aaffbc0-669a-4a4a-8cdd-2414ee739614-4152", "trial_id": 3, "state": 1, "values": [0.2527641486937536], "datetime_complete": "2024-03-19T11:14:04.472261"}
{"op_code": 4, "worker_id": "2aaffbc0-669a-4a4a-8cdd-2414ee739614-4152", "study_id": 0, "datetime_start": "2024-03-19T11:14:04.628186"}
{"op_code": 5, "worker_id": "2aaffbc0-669a-4a4a-8cdd-2414ee739614-4152", "trial_id": 4, "param_name": "n_estimators", "param_value_internal": 0, "distribution": "{\"name\": \"CategoricalDistribution\", \"attributes\": {\"choices\": [5, 10, 20, 50]}}"}
{"op_code": 5, "worker_id": "2aaffbc0-669a-4a4a-8cdd-2414ee739614-4152", "trial_id": 4, "param_name": "learning_rate", "param_value_internal": 0.11515595271469989, "distribution": "{\"name\": \"FloatDistribution\", \"attributes\": {\"step\": null, \"low\": 0.05, \"high\": 0.175, \"log\": false}}"}
{"op_code": 5, "worker_id": "2aaffbc0-669a-4a4a-8cdd-2414ee739614-4152", "trial_id": 4, "param_name": "max_depth", "param_value_internal": 2, "distribution": "{\"name\": \"CategoricalDistribution\", \"attributes\": {\"choices\": [1, 2, 3]}}"}
{"op_code": 7, "worker_id": "2aaffbc0-669a-4a4a-8cdd-2414ee739614-4152", "trial_id": 4, "step": 0, "intermediate_value": 0.21472554070062586}
{"op_code": 7, "worker_id": "2aaffbc0-669a-4a4a-8cdd-2414ee739614-4152", "trial_id": 4, "step": 1, "intermediate_value": 0.21472554070062586}
{"op_code": 7, "worker_id": "2aaffbc0-669a-4a4a-8cdd-2414ee739614-4152", "trial_id": 4, "step": 2, "intermediate_value": 0.21472554070062586}
{"op_code": 6, "worker_id": "2aaffbc0-669a-4a4a-8cdd-2414ee739614-4152", "trial_id": 4, "state": 1, "values": [0.21472554070062586], "datetime_complete": "2024-03-19T11:14:07.823242"}
{"op_code": 4, "worker_id": "2aaffbc0-669a-4a4a-8cdd-2414ee739614-4152", "study_id": 0, "datetime_start": "2024-03-19T11:14:08.099258"}
{"op_code": 5, "worker_id": "2aaffbc0-669a-4a4a-8cdd-2414ee739614-4152", "trial_id": 5, "param_name": "n_estimators", "param_value_internal": 1, "distribution": "{\"name\": \"CategoricalDistribution\", \"attributes\": {\"choices\": [5, 10, 20, 50]}}"}
{"op_code": 5, "worker_id": "2aaffbc0-669a-4a4a-8cdd-2414ee739614-4152", "trial_id": 5, "param_name": "learning_rate", "param_value_internal": 0.05731147726679354, "distribution": "{\"name\": \"FloatDistribution\", \"attributes\": {\"step\": null, \"low\": 0.05, \"high\": 0.175, \"log\": false}}"}
{"op_code": 5, "worker_id": "2aaffbc0-669a-4a4a-8cdd-2414ee739614-4152", "trial_id": 5, "param_name": "max_depth", "param_value_internal": 0, "distribution": "{\"name\": \"CategoricalDistribution\", \"attributes\": {\"choices\": [1, 2, 3]}}"}
{"op_code": 7, "worker_id": "2aaffbc0-669a-4a4a-8cdd-2414ee739614-4152", "trial_id": 5, "step": 0, "intermediate_value": 0.257830311010738}
{"op_code": 7, "worker_id": "2aaffbc0-669a-4a4a-8cdd-2414ee739614-4152", "trial_id": 5, "step": 1, "intermediate_value": 0.257830311010738}
{"op_code": 7, "worker_id": "2aaffbc0-669a-4a4a-8cdd-2414ee739614-4152", "trial_id": 5, "step": 2, "intermediate_value": 0.257830311010738}
{"op_code": 6, "worker_id": "2aaffbc0-669a-4a4a-8cdd-2414ee739614-4152", "trial_id": 5, "state": 1, "values": [0.257830311010738], "datetime_complete": "2024-03-19T11:14:12.073724"}
{"op_code": 4, "worker_id": "2aaffbc0-669a-4a4a-8cdd-2414ee739614-4152", "study_id": 0, "datetime_start": "2024-03-19T11:14:12.643695"}
{"op_code": 5, "worker_id": "2aaffbc0-669a-4a4a-8cdd-2414ee739614-4152", "trial_id": 6, "param_name": "n_estimators", "param_value_internal": 1, "distribution": "{\"name\": \"CategoricalDistribution\", \"attributes\": {\"choices\": [5, 10, 20, 50]}}"}
{"op_code": 5, "worker_id": "2aaffbc0-669a-4a4a-8cdd-2414ee739614-4152", "trial_id": 6, "param_name": "learning_rate", "param_value_internal": 0.05742407631457744, "distribution": "{\"name\": \"FloatDistribution\", \"attributes\": {\"step\": null, \"low\": 0.05, \"high\": 0.175, \"log\": false}}"}
{"op_code": 5, "worker_id": "2aaffbc0-669a-4a4a-8cdd-2414ee739614-4152", "trial_id": 6, "param_name": "max_depth", "param_value_internal": 2, "distribution": "{\"name\": \"CategoricalDistribution\", \"attributes\": {\"choices\": [1, 2, 3]}}"}
{"op_code": 7, "worker_id": "2aaffbc0-669a-4a4a-8cdd-2414ee739614-4152", "trial_id": 6, "step": 0, "intermediate_value": 0.19897057423190254}
{"op_code": 7, "worker_id": "2aaffbc0-669a-4a4a-8cdd-2414ee739614-4152", "trial_id": 6, "step": 1, "intermediate_value": 0.19897057423190254}
{"op_code": 7, "worker_id": "2aaffbc0-669a-4a4a-8cdd-2414ee739614-4152", "trial_id": 6, "step": 2, "intermediate_value": 0.19897057423190254}
{"op_code": 6, "worker_id": "2aaffbc0-669a-4a4a-8cdd-2414ee739614-4152", "trial_id": 6, "state": 1, "values": [0.19897057423190254], "datetime_complete": "2024-03-19T11:14:17.013624"}
{"op_code": 4, "worker_id": "2aaffbc0-669a-4a4a-8cdd-2414ee739614-4152", "study_id": 0, "datetime_start": "2024-03-19T11:14:17.236868"}
{"op_code": 5, "worker_id": "2aaffbc0-669a-4a4a-8cdd-2414ee739614-4152", "trial_id": 7, "param_name": "n_estimators", "param_value_internal": 1, "distribution": "{\"name\": \"CategoricalDistribution\", \"attributes\": {\"choices\": [5, 10, 20, 50]}}"}
{"op_code": 5, "worker_id": "2aaffbc0-669a-4a4a-8cdd-2414ee739614-4152", "trial_id": 7, "param_name": "learning_rate", "param_value_internal": 0.057950561995206935, "distribution": "{\"name\": \"FloatDistribution\", \"attributes\": {\"step\": null, \"low\": 0.05, \"high\": 0.175, \"log\": false}}"}
{"op_code": 5, "worker_id": "2aaffbc0-669a-4a4a-8cdd-2414ee739614-4152", "trial_id": 7, "param_name": "max_depth", "param_value_internal": 1, "distribution": "{\"name\": \"CategoricalDistribution\", \"attributes\": {\"choices\": [1, 2, 3]}}"}
{"op_code": 7, "worker_id": "2aaffbc0-669a-4a4a-8cdd-2414ee739614-4152", "trial_id": 7, "step": 0, "intermediate_value": 0.1831775021947608}
{"op_code": 7, "worker_id": "2aaffbc0-669a-4a4a-8cdd-2414ee739614-4152", "trial_id": 7, "step": 1, "intermediate_value": 0.1831775021947608}
{"op_code": 9, "worker_id": "2aaffbc0-669a-4a4a-8cdd-2414ee739614-4152", "trial_id": 7, "system_attr": {"completed_rung_0": 0.1831775021947608}}
{"op_code": 6, "worker_id": "2aaffbc0-669a-4a4a-8cdd-2414ee739614-4152", "trial_id": 7, "state": 2, "values": [0.1831775021947608], "datetime_complete": "2024-03-19T11:14:20.580109"}
{"op_code": 4, "worker_id": "2aaffbc0-669a-4a4a-8cdd-2414ee739614-4152", "study_id": 0, "datetime_start": "2024-03-19T11:14:20.645370"}
{"op_code": 5, "worker_id": "2aaffbc0-669a-4a4a-8cdd-2414ee739614-4152", "trial_id": 8, "param_name": "n_estimators", "param_value_internal": 1, "distribution": "{\"name\": \"CategoricalDistribution\", \"attributes\": {\"choices\": [5, 10, 20, 50]}}"}
{"op_code": 5, "worker_id": "2aaffbc0-669a-4a4a-8cdd-2414ee739614-4152", "trial_id": 8, "param_name": "learning_rate", "param_value_internal": 0.08686804337961389, "distribution": "{\"name\": \"FloatDistribution\", \"attributes\": {\"step\": null, \"low\": 0.05, \"high\": 0.175, \"log\": false}}"}
{"op_code": 5, "worker_id": "2aaffbc0-669a-4a4a-8cdd-2414ee739614-4152", "trial_id": 8, "param_name": "max_depth", "param_value_internal": 0, "distribution": "{\"name\": \"CategoricalDistribution\", \"attributes\": {\"choices\": [1, 2, 3]}}"}
{"op_code": 7, "worker_id": "2aaffbc0-669a-4a4a-8cdd-2414ee739614-4152", "trial_id": 8, "step": 0, "intermediate_value": 0.257830311010738}
{"op_code": 7, "worker_id": "2aaffbc0-669a-4a4a-8cdd-2414ee739614-4152", "trial_id": 8, "step": 1, "intermediate_value": 0.257830311010738}
{"op_code": 9, "worker_id": "2aaffbc0-669a-4a4a-8cdd-2414ee739614-4152", "trial_id": 8, "system_attr": {"completed_rung_0": 0.257830311010738}}
{"op_code": 7, "worker_id": "2aaffbc0-669a-4a4a-8cdd-2414ee739614-4152", "trial_id": 8, "step": 2, "intermediate_value": 0.257830311010738}
{"op_code": 6, "worker_id": "2aaffbc0-669a-4a4a-8cdd-2414ee739614-4152", "trial_id": 8, "state": 1, "values": [0.257830311010738], "datetime_complete": "2024-03-19T11:14:24.214576"}
{"op_code": 4, "worker_id": "2aaffbc0-669a-4a4a-8cdd-2414ee739614-4152", "study_id": 0, "datetime_start": "2024-03-19T11:14:24.574953"}
{"op_code": 5, "worker_id": "2aaffbc0-669a-4a4a-8cdd-2414ee739614-4152", "trial_id": 9, "param_name": "n_estimators", "param_value_internal": 0, "distribution": "{\"name\": \"CategoricalDistribution\", \"attributes\": {\"choices\": [5, 10, 20, 50]}}"}
{"op_code": 5, "worker_id": "2aaffbc0-669a-4a4a-8cdd-2414ee739614-4152", "trial_id": 9, "param_name": "learning_rate", "param_value_internal": 0.09154861745817736, "distribution": "{\"name\": \"FloatDistribution\", \"attributes\": {\"step\": null, \"low\": 0.05, \"high\": 0.175, \"log\": false}}"}
{"op_code": 5, "worker_id": "2aaffbc0-669a-4a4a-8cdd-2414ee739614-4152", "trial_id": 9, "param_name": "max_depth", "param_value_internal": 0, "distribution": "{\"name\": \"CategoricalDistribution\", \"attributes\": {\"choices\": [1, 2, 3]}}"}
{"op_code": 7, "worker_id": "2aaffbc0-669a-4a4a-8cdd-2414ee739614-4152", "trial_id": 9, "step": 0, "intermediate_value": 0.257830311010738}
{"op_code": 7, "worker_id": "2aaffbc0-669a-4a4a-8cdd-2414ee739614-4152", "trial_id": 9, "step": 1, "intermediate_value": 0.257830311010738}
{"op_code": 9, "worker_id": "2aaffbc0-669a-4a4a-8cdd-2414ee739614-4152", "trial_id": 9, "system_attr": {"completed_rung_0": 0.257830311010738}}
{"op_code": 7, "worker_id": "2aaffbc0-669a-4a4a-8cdd-2414ee739614-4152", "trial_id": 9, "step": 2, "intermediate_value": 0.257830311010738}
{"op_code": 6, "worker_id": "2aaffbc0-669a-4a4a-8cdd-2414ee739614-4152", "trial_id": 9, "state": 1, "values": [0.257830311010738], "datetime_complete": "2024-03-19T11:14:27.745617"}
{"op_code": 4, "worker_id": "2aaffbc0-669a-4a4a-8cdd-2414ee739614-4152", "study_id": 0, "datetime_start": "2024-03-19T11:14:28.388315"}
{"op_code": 5, "worker_id": "2aaffbc0-669a-4a4a-8cdd-2414ee739614-4152", "trial_id": 10, "param_name": "n_estimators", "param_value_internal": 2, "distribution": "{\"name\": \"CategoricalDistribution\", \"attributes\": {\"choices\": [5, 10, 20, 50]}}"}
{"op_code": 5, "worker_id": "2aaffbc0-669a-4a4a-8cdd-2414ee739614-4152", "trial_id": 10, "param_name": "learning_rate", "param_value_internal": 0.061543805707659015, "distribution": "{\"name\": \"FloatDistribution\", \"attributes\": {\"step\": null, \"low\": 0.05, \"high\": 0.175, \"log\": false}}"}
{"op_code": 5, "worker_id": "2aaffbc0-669a-4a4a-8cdd-2414ee739614-4152", "trial_id": 10, "param_name": "max_depth", "param_value_internal": 1, "distribution": "{\"name\": \"CategoricalDistribution\", \"attributes\": {\"choices\": [1, 2, 3]}}"}
{"op_code": 7, "worker_id": "2aaffbc0-669a-4a4a-8cdd-2414ee739614-4152", "trial_id": 10, "step": 0, "intermediate_value": 0.23841237405886848}
{"op_code": 7, "worker_id": "2aaffbc0-669a-4a4a-8cdd-2414ee739614-4152", "trial_id": 10, "step": 1, "intermediate_value": 0.23841237405886848}
{"op_code": 9, "worker_id": "2aaffbc0-669a-4a4a-8cdd-2414ee739614-4152", "trial_id": 10, "system_attr": {"completed_rung_0": 0.23841237405886848}}
{"op_code": 6, "worker_id": "2aaffbc0-669a-4a4a-8cdd-2414ee739614-4152", "trial_id": 10, "state": 2, "values": [0.23841237405886848], "datetime_complete": "2024-03-19T11:14:32.780467"}
{"op_code": 4, "worker_id": "2aaffbc0-669a-4a4a-8cdd-2414ee739614-4152", "study_id": 0, "datetime_start": "2024-03-19T11:14:32.910544"}
{"op_code": 5, "worker_id": "2aaffbc0-669a-4a4a-8cdd-2414ee739614-4152", "trial_id": 11, "param_name": "n_estimators", "param_value_internal": 1, "distribution": "{\"name\": \"CategoricalDistribution\", \"attributes\": {\"choices\": [5, 10, 20, 50]}}"}
{"op_code": 5, "worker_id": "2aaffbc0-669a-4a4a-8cdd-2414ee739614-4152", "trial_id": 11, "param_name": "learning_rate", "param_value_internal": 0.08455003894948217, "distribution": "{\"name\": \"FloatDistribution\", \"attributes\": {\"step\": null, \"low\": 0.05, \"high\": 0.175, \"log\": false}}"}
{"op_code": 5, "worker_id": "2aaffbc0-669a-4a4a-8cdd-2414ee739614-4152", "trial_id": 11, "param_name": "max_depth", "param_value_internal": 0, "distribution": "{\"name\": \"CategoricalDistribution\", \"attributes\": {\"choices\": [1, 2, 3]}}"}
{"op_code": 7, "worker_id": "2aaffbc0-669a-4a4a-8cdd-2414ee739614-4152", "trial_id": 11, "step": 0, "intermediate_value": 0.257830311010738}
{"op_code": 7, "worker_id": "2aaffbc0-669a-4a4a-8cdd-2414ee739614-4152", "trial_id": 11, "step": 1, "intermediate_value": 0.257830311010738}
{"op_code": 7, "worker_id": "2aaffbc0-669a-4a4a-8cdd-2414ee739614-4152", "trial_id": 11, "step": 2, "intermediate_value": 0.257830311010738}
{"op_code": 6, "worker_id": "2aaffbc0-669a-4a4a-8cdd-2414ee739614-4152", "trial_id": 11, "state": 1, "values": [0.257830311010738], "datetime_complete": "2024-03-19T11:14:35.531042"}
{"op_code": 4, "worker_id": "2aaffbc0-669a-4a4a-8cdd-2414ee739614-4152", "study_id": 0, "datetime_start": "2024-03-19T11:14:35.634604"}
{"op_code": 5, "worker_id": "2aaffbc0-669a-4a4a-8cdd-2414ee739614-4152", "trial_id": 12, "param_name": "n_estimators", "param_value_internal": 1, "distribution": "{\"name\": \"CategoricalDistribution\", \"attributes\": {\"choices\": [5, 10, 20, 50]}}"}
{"op_code": 5, "worker_id": "2aaffbc0-669a-4a4a-8cdd-2414ee739614-4152", "trial_id": 12, "param_name": "learning_rate", "param_value_internal": 0.05111352126342575, "distribution": "{\"name\": \"FloatDistribution\", \"attributes\": {\"step\": null, \"low\": 0.05, \"high\": 0.175, \"log\": false}}"}
{"op_code": 5, "worker_id": "2aaffbc0-669a-4a4a-8cdd-2414ee739614-4152", "trial_id": 12, "param_name": "max_depth", "param_value_internal": 0, "distribution": "{\"name\": \"CategoricalDistribution\", \"attributes\": {\"choices\": [1, 2, 3]}}"}
{"op_code": 7, "worker_id": "2aaffbc0-669a-4a4a-8cdd-2414ee739614-4152", "trial_id": 12, "step": 0, "intermediate_value": 0.257830311010738}
{"op_code": 7, "worker_id": "2aaffbc0-669a-4a4a-8cdd-2414ee739614-4152", "trial_id": 12, "step": 1, "intermediate_value": 0.257830311010738}
{"op_code": 9, "worker_id": "2aaffbc0-669a-4a4a-8cdd-2414ee739614-4152", "trial_id": 12, "system_attr": {"completed_rung_0": 0.257830311010738}}
{"op_code": 7, "worker_id": "2aaffbc0-669a-4a4a-8cdd-2414ee739614-4152", "trial_id": 12, "step": 2, "intermediate_value": 0.257830311010738}
{"op_code": 6, "worker_id": "2aaffbc0-669a-4a4a-8cdd-2414ee739614-4152", "trial_id": 12, "state": 1, "values": [0.257830311010738], "datetime_complete": "2024-03-19T11:14:39.138402"}
{"op_code": 4, "worker_id": "2aaffbc0-669a-4a4a-8cdd-2414ee739614-4152", "study_id": 0, "datetime_start": "2024-03-19T11:14:39.604591"}
{"op_code": 5, "worker_id": "2aaffbc0-669a-4a4a-8cdd-2414ee739614-4152", "trial_id": 13, "param_name": "n_estimators", "param_value_internal": 1, "distribution": "{\"name\": \"CategoricalDistribution\", \"attributes\": {\"choices\": [5, 10, 20, 50]}}"}
{"op_code": 5, "worker_id": "2aaffbc0-669a-4a4a-8cdd-2414ee739614-4152", "trial_id": 13, "param_name": "learning_rate", "param_value_internal": 0.08490606709266421, "distribution": "{\"name\": \"FloatDistribution\", \"attributes\": {\"step\": null, \"low\": 0.05, \"high\": 0.175, \"log\": false}}"}
{"op_code": 5, "worker_id": "2aaffbc0-669a-4a4a-8cdd-2414ee739614-4152", "trial_id": 13, "param_name": "max_depth", "param_value_internal": 0, "distribution": "{\"name\": \"CategoricalDistribution\", \"attributes\": {\"choices\": [1, 2, 3]}}"}
{"op_code": 7, "worker_id": "2aaffbc0-669a-4a4a-8cdd-2414ee739614-4152", "trial_id": 13, "step": 0, "intermediate_value": 0.257830311010738}
{"op_code": 7, "worker_id": "2aaffbc0-669a-4a4a-8cdd-2414ee739614-4152", "trial_id": 13, "step": 1, "intermediate_value": 0.257830311010738}
{"op_code": 9, "worker_id": "2aaffbc0-669a-4a4a-8cdd-2414ee739614-4152", "trial_id": 13, "system_attr": {"completed_rung_0": 0.257830311010738}}
{"op_code": 7, "worker_id": "2aaffbc0-669a-4a4a-8cdd-2414ee739614-4152", "trial_id": 13, "step": 2, "intermediate_value": 0.257830311010738}
{"op_code": 6, "worker_id": "2aaffbc0-669a-4a4a-8cdd-2414ee739614-4152", "trial_id": 13, "state": 1, "values": [0.257830311010738], "datetime_complete": "2024-03-19T11:14:43.598768"}
{"op_code": 4, "worker_id": "2aaffbc0-669a-4a4a-8cdd-2414ee739614-4152", "study_id": 0, "datetime_start": "2024-03-19T11:14:44.085978"}
{"op_code": 5, "worker_id": "2aaffbc0-669a-4a4a-8cdd-2414ee739614-4152", "trial_id": 14, "param_name": "n_estimators", "param_value_internal": 1, "distribution": "{\"name\": \"CategoricalDistribution\", \"attributes\": {\"choices\": [5, 10, 20, 50]}}"}
{"op_code": 5, "worker_id": "2aaffbc0-669a-4a4a-8cdd-2414ee739614-4152", "trial_id": 14, "param_name": "learning_rate", "param_value_internal": 0.09649051179217621, "distribution": "{\"name\": \"FloatDistribution\", \"attributes\": {\"step\": null, \"low\": 0.05, \"high\": 0.175, \"log\": false}}"}
{"op_code": 5, "worker_id": "2aaffbc0-669a-4a4a-8cdd-2414ee739614-4152", "trial_id": 14, "param_name": "max_depth", "param_value_internal": 0, "distribution": "{\"name\": \"CategoricalDistribution\", \"attributes\": {\"choices\": [1, 2, 3]}}"}
{"op_code": 7, "worker_id": "2aaffbc0-669a-4a4a-8cdd-2414ee739614-4152", "trial_id": 14, "step": 0, "intermediate_value": 0.257830311010738}
{"op_code": 7, "worker_id": "2aaffbc0-669a-4a4a-8cdd-2414ee739614-4152", "trial_id": 14, "step": 1, "intermediate_value": 0.257830311010738}
{"op_code": 9, "worker_id": "2aaffbc0-669a-4a4a-8cdd-2414ee739614-4152", "trial_id": 14, "system_attr": {"completed_rung_0": 0.257830311010738}}
{"op_code": 7, "worker_id": "2aaffbc0-669a-4a4a-8cdd-2414ee739614-4152", "trial_id": 14, "step": 2, "intermediate_value": 0.257830311010738}
{"op_code": 6, "worker_id": "2aaffbc0-669a-4a4a-8cdd-2414ee739614-4152", "trial_id": 14, "state": 1, "values": [0.257830311010738], "datetime_complete": "2024-03-19T11:14:46.345399"}
{"op_code": 4, "worker_id": "2aaffbc0-669a-4a4a-8cdd-2414ee739614-4152", "study_id": 0, "datetime_start": "2024-03-19T11:14:46.505012"}
{"op_code": 5, "worker_id": "2aaffbc0-669a-4a4a-8cdd-2414ee739614-4152", "trial_id": 15, "param_name": "n_estimators", "param_value_internal": 1, "distribution": "{\"name\": \"CategoricalDistribution\", \"attributes\": {\"choices\": [5, 10, 20, 50]}}"}
{"op_code": 5, "worker_id": "2aaffbc0-669a-4a4a-8cdd-2414ee739614-4152", "trial_id": 15, "param_name": "learning_rate", "param_value_internal": 0.07143447626098509, "distribution": "{\"name\": \"FloatDistribution\", \"attributes\": {\"step\": null, \"low\": 0.05, \"high\": 0.175, \"log\": false}}"}
{"op_code": 5, "worker_id": "2aaffbc0-669a-4a4a-8cdd-2414ee739614-4152", "trial_id": 15, "param_name": "max_depth", "param_value_internal": 2, "distribution": "{\"name\": \"CategoricalDistribution\", \"attributes\": {\"choices\": [1, 2, 3]}}"}
{"op_code": 7, "worker_id": "2aaffbc0-669a-4a4a-8cdd-2414ee739614-4152", "trial_id": 15, "step": 0, "intermediate_value": 0.2154230079176395}
{"op_code": 7, "worker_id": "2aaffbc0-669a-4a4a-8cdd-2414ee739614-4152", "trial_id": 15, "step": 1, "intermediate_value": 0.2154230079176395}
{"op_code": 9, "worker_id": "2aaffbc0-669a-4a4a-8cdd-2414ee739614-4152", "trial_id": 15, "system_attr": {"completed_rung_0": 0.2154230079176395}}
{"op_code": 6, "worker_id": "2aaffbc0-669a-4a4a-8cdd-2414ee739614-4152", "trial_id": 15, "state": 2, "values": [0.2154230079176395], "datetime_complete": "2024-03-19T11:14:50.327238"}
{"op_code": 4, "worker_id": "2aaffbc0-669a-4a4a-8cdd-2414ee739614-4152", "study_id": 0, "datetime_start": "2024-03-19T11:14:50.421197"}
{"op_code": 5, "worker_id": "2aaffbc0-669a-4a4a-8cdd-2414ee739614-4152", "trial_id": 16, "param_name": "n_estimators", "param_value_internal": 1, "distribution": "{\"name\": \"CategoricalDistribution\", \"attributes\": {\"choices\": [5, 10, 20, 50]}}"}
{"op_code": 5, "worker_id": "2aaffbc0-669a-4a4a-8cdd-2414ee739614-4152", "trial_id": 16, "param_name": "learning_rate", "param_value_internal": 0.07179706101076555, "distribution": "{\"name\": \"FloatDistribution\", \"attributes\": {\"step\": null, \"low\": 0.05, \"high\": 0.175, \"log\": false}}"}
{"op_code": 5, "worker_id": "2aaffbc0-669a-4a4a-8cdd-2414ee739614-4152", "trial_id": 16, "param_name": "max_depth", "param_value_internal": 0, "distribution": "{\"name\": \"CategoricalDistribution\", \"attributes\": {\"choices\": [1, 2, 3]}}"}
{"op_code": 7, "worker_id": "2aaffbc0-669a-4a4a-8cdd-2414ee739614-4152", "trial_id": 16, "step": 0, "intermediate_value": 0.257830311010738}
{"op_code": 7, "worker_id": "2aaffbc0-669a-4a4a-8cdd-2414ee739614-4152", "trial_id": 16, "step": 1, "intermediate_value": 0.257830311010738}
{"op_code": 7, "worker_id": "2aaffbc0-669a-4a4a-8cdd-2414ee739614-4152", "trial_id": 16, "step": 2, "intermediate_value": 0.257830311010738}
{"op_code": 6, "worker_id": "2aaffbc0-669a-4a4a-8cdd-2414ee739614-4152", "trial_id": 16, "state": 1, "values": [0.257830311010738], "datetime_complete": "2024-03-19T11:14:52.823215"}
{"op_code": 4, "worker_id": "2aaffbc0-669a-4a4a-8cdd-2414ee739614-4152", "study_id": 0, "datetime_start": "2024-03-19T11:14:53.100504"}
{"op_code": 5, "worker_id": "2aaffbc0-669a-4a4a-8cdd-2414ee739614-4152", "trial_id": 17, "param_name": "n_estimators", "param_value_internal": 2, "distribution": "{\"name\": \"CategoricalDistribution\", \"attributes\": {\"choices\": [5, 10, 20, 50]}}"}
{"op_code": 5, "worker_id": "2aaffbc0-669a-4a4a-8cdd-2414ee739614-4152", "trial_id": 17, "param_name": "learning_rate", "param_value_internal": 0.09912823024907684, "distribution": "{\"name\": \"FloatDistribution\", \"attributes\": {\"step\": null, \"low\": 0.05, \"high\": 0.175, \"log\": false}}"}
{"op_code": 5, "worker_id": "2aaffbc0-669a-4a4a-8cdd-2414ee739614-4152", "trial_id": 17, "param_name": "max_depth", "param_value_internal": 0, "distribution": "{\"name\": \"CategoricalDistribution\", \"attributes\": {\"choices\": [1, 2, 3]}}"}
{"op_code": 7, "worker_id": "2aaffbc0-669a-4a4a-8cdd-2414ee739614-4152", "trial_id": 17, "step": 0, "intermediate_value": 0.23120081081856267}
{"op_code": 7, "worker_id": "2aaffbc0-669a-4a4a-8cdd-2414ee739614-4152", "trial_id": 17, "step": 1, "intermediate_value": 0.23120081081856267}
{"op_code": 7, "worker_id": "2aaffbc0-669a-4a4a-8cdd-2414ee739614-4152", "trial_id": 17, "step": 2, "intermediate_value": 0.23120081081856267}
{"op_code": 6, "worker_id": "2aaffbc0-669a-4a4a-8cdd-2414ee739614-4152", "trial_id": 17, "state": 1, "values": [0.23120081081856267], "datetime_complete": "2024-03-19T11:14:57.743388"}
{"op_code": 4, "worker_id": "2aaffbc0-669a-4a4a-8cdd-2414ee739614-4152", "study_id": 0, "datetime_start": "2024-03-19T11:14:58.119450"}
{"op_code": 5, "worker_id": "2aaffbc0-669a-4a4a-8cdd-2414ee739614-4152", "trial_id": 18, "param_name": "n_estimators", "param_value_internal": 0, "distribution": "{\"name\": \"CategoricalDistribution\", \"attributes\": {\"choices\": [5, 10, 20, 50]}}"}
{"op_code": 5, "worker_id": "2aaffbc0-669a-4a4a-8cdd-2414ee739614-4152", "trial_id": 18, "param_name": "learning_rate", "param_value_internal": 0.05256455227061045, "distribution": "{\"name\": \"FloatDistribution\", \"attributes\": {\"step\": null, \"low\": 0.05, \"high\": 0.175, \"log\": false}}"}
{"op_code": 5, "worker_id": "2aaffbc0-669a-4a4a-8cdd-2414ee739614-4152", "trial_id": 18, "param_name": "max_depth", "param_value_internal": 1, "distribution": "{\"name\": \"CategoricalDistribution\", \"attributes\": {\"choices\": [1, 2, 3]}}"}
{"op_code": 7, "worker_id": "2aaffbc0-669a-4a4a-8cdd-2414ee739614-4152", "trial_id": 18, "step": 0, "intermediate_value": 0.18437569390142544}
{"op_code": 7, "worker_id": "2aaffbc0-669a-4a4a-8cdd-2414ee739614-4152", "trial_id": 18, "step": 1, "intermediate_value": 0.18437569390142544}
{"op_code": 9, "worker_id": "2aaffbc0-669a-4a4a-8cdd-2414ee739614-4152", "trial_id": 18, "system_attr": {"completed_rung_0": 0.18437569390142544}}
{"op_code": 6, "worker_id": "2aaffbc0-669a-4a4a-8cdd-2414ee739614-4152", "trial_id": 18, "state": 2, "values": [0.18437569390142544], "datetime_complete": "2024-03-19T11:15:00.975379"}
{"op_code": 4, "worker_id": "2aaffbc0-669a-4a4a-8cdd-2414ee739614-4152", "study_id": 0, "datetime_start": "2024-03-19T11:15:01.106361"}
{"op_code": 5, "worker_id": "2aaffbc0-669a-4a4a-8cdd-2414ee739614-4152", "trial_id": 19, "param_name": "n_estimators", "param_value_internal": 1, "distribution": "{\"name\": \"CategoricalDistribution\", \"attributes\": {\"choices\": [5, 10, 20, 50]}}"}
{"op_code": 5, "worker_id": "2aaffbc0-669a-4a4a-8cdd-2414ee739614-4152", "trial_id": 19, "param_name": "learning_rate", "param_value_internal": 0.07136990888745279, "distribution": "{\"name\": \"FloatDistribution\", \"attributes\": {\"step\": null, \"low\": 0.05, \"high\": 0.175, \"log\": false}}"}
{"op_code": 5, "worker_id": "2aaffbc0-669a-4a4a-8cdd-2414ee739614-4152", "trial_id": 19, "param_name": "max_depth", "param_value_internal": 2, "distribution": "{\"name\": \"CategoricalDistribution\", \"attributes\": {\"choices\": [1, 2, 3]}}"}
{"op_code": 7, "worker_id": "2aaffbc0-669a-4a4a-8cdd-2414ee739614-4152", "trial_id": 19, "step": 0, "intermediate_value": 0.2154230079176395}
{"op_code": 7, "worker_id": "2aaffbc0-669a-4a4a-8cdd-2414ee739614-4152", "trial_id": 19, "step": 1, "intermediate_value": 0.2154230079176395}
{"op_code": 7, "worker_id": "2aaffbc0-669a-4a4a-8cdd-2414ee739614-4152", "trial_id": 19, "step": 2, "intermediate_value": 0.2154230079176395}
{"op_code": 6, "worker_id": "2aaffbc0-669a-4a4a-8cdd-2414ee739614-4152", "trial_id": 19, "state": 1, "values": [0.2154230079176395], "datetime_complete": "2024-03-19T11:15:04.470192"}
