{"op_code": 0, "worker_id": "cd0a87f5-8ed6-4298-9f1c-48c04f7e2f8a-9760", "study_name": "KRR", "directions": [2]}
{"op_code": 4, "worker_id": "cd0a87f5-8ed6-4298-9f1c-48c04f7e2f8a-3808", "study_id": 0, "datetime_start": "2024-03-19T11:13:25.023333"}
{"op_code": 5, "worker_id": "cd0a87f5-8ed6-4298-9f1c-48c04f7e2f8a-3808", "trial_id": 0, "param_name": "alpha", "param_value_internal": 0.9157969240047507, "distribution": "{\"name\": \"FloatDistribution\", \"attributes\": {\"step\": null, \"low\": 0.3, \"high\": 1.0, \"log\": false}}"}
{"op_code": 5, "worker_id": "cd0a87f5-8ed6-4298-9f1c-48c04f7e2f8a-3808", "trial_id": 0, "param_name": "gamma", "param_value_internal": 0.15455900382154844, "distribution": "{\"name\": \"FloatDistribution\", \"attributes\": {\"step\": null, \"low\": 0.1, \"high\": 0.3, \"log\": false}}"}
{"op_code": 5, "worker_id": "cd0a87f5-8ed6-4298-9f1c-48c04f7e2f8a-3808", "trial_id": 0, "param_name": "kernel", "param_value_internal": 0, "distribution": "{\"name\": \"CategoricalDistribution\", \"attributes\": {\"choices\": [\"laplacian\", \"rbf\"]}}"}
{"op_code": 7, "worker_id": "cd0a87f5-8ed6-4298-9f1c-48c04f7e2f8a-3808", "trial_id": 0, "step": 0, "intermediate_value": 0.24656861484178572}
{"op_code": 7, "worker_id": "cd0a87f5-8ed6-4298-9f1c-48c04f7e2f8a-3808", "trial_id": 0, "step": 1, "intermediate_value": 0.24656861484178572}
{"op_code": 7, "worker_id": "cd0a87f5-8ed6-4298-9f1c-48c04f7e2f8a-3808", "trial_id": 0, "step": 2, "intermediate_value": 0.24656861484178572}
{"op_code": 6, "worker_id": "cd0a87f5-8ed6-4298-9f1c-48c04f7e2f8a-3808", "trial_id": 0, "state": 1, "values": [0.24656861484178572], "datetime_complete": "2024-03-19T11:13:28.512142"}
{"op_code": 4, "worker_id": "cd0a87f5-8ed6-4298-9f1c-48c04f7e2f8a-3808", "study_id": 0, "datetime_start": "2024-03-19T11:13:28.553012"}
{"op_code": 5, "worker_id": "cd0a87f5-8ed6-4298-9f1c-48c04f7e2f8a-3808", "trial_id": 1, "param_name": "alpha", "param_value_internal": 0.9611538801324561, "distribution": "{\"name\": \"FloatDistribution\", \"attributes\": {\"step\": null, \"low\": 0.3, \"high\": 1.0, \"log\": false}}"}
{"op_code": 5, "worker_id": "cd0a87f5-8ed6-4298-9f1c-48c04f7e2f8a-3808", "trial_id": 1, "param_name": "gamma", "param_value_internal": 0.14915297146696385, "distribution": "{\"name\": \"FloatDistribution\", \"attributes\": {\"step\": null, \"low\": 0.1, \"high\": 0.3, \"log\": false}}"}
{"op_code": 5, "worker_id": "cd0a87f5-8ed6-4298-9f1c-48c04f7e2f8a-3808", "trial_id": 1, "param_name": "kernel", "param_value_internal": 0, "distribution": "{\"name\": \"CategoricalDistribution\", \"attributes\": {\"choices\": [\"laplacian\", \"rbf\"]}}"}
{"op_code": 7, "worker_id": "cd0a87f5-8ed6-4298-9f1c-48c04f7e2f8a-3808", "trial_id": 1, "step": 0, "intermediate_value": 0.2515573164272776}
{"op_code": 7, "worker_id": "cd0a87f5-8ed6-4298-9f1c-48c04f7e2f8a-3808", "trial_id": 1, "step": 1, "intermediate_value": 0.2515573164272776}
{"op_code": 9, "worker_id": "cd0a87f5-8ed6-4298-9f1c-48c04f7e2f8a-3808", "trial_id": 1, "system_attr": {"completed_rung_0": 0.2515573164272776}}
{"op_code": 7, "worker_id": "cd0a87f5-8ed6-4298-9f1c-48c04f7e2f8a-3808", "trial_id": 1, "step": 2, "intermediate_value": 0.2515573164272776}
{"op_code": 6, "worker_id": "cd0a87f5-8ed6-4298-9f1c-48c04f7e2f8a-3808", "trial_id": 1, "state": 1, "values": [0.2515573164272776], "datetime_complete": "2024-03-19T11:13:31.456934"}
{"op_code": 4, "worker_id": "cd0a87f5-8ed6-4298-9f1c-48c04f7e2f8a-3808", "study_id": 0, "datetime_start": "2024-03-19T11:13:31.820024"}
{"op_code": 5, "worker_id": "cd0a87f5-8ed6-4298-9f1c-48c04f7e2f8a-3808", "trial_id": 2, "param_name": "alpha", "param_value_internal": 0.9613114377612617, "distribution": "{\"name\": \"FloatDistribution\", \"attributes\": {\"step\": null, \"low\": 0.3, \"high\": 1.0, \"log\": false}}"}
{"op_code": 5, "worker_id": "cd0a87f5-8ed6-4298-9f1c-48c04f7e2f8a-3808", "trial_id": 2, "param_name": "gamma", "param_value_internal": 0.10500478453258041, "distribution": "{\"name\": \"FloatDistribution\", \"attributes\": {\"step\": null, \"low\": 0.1, \"high\": 0.3, \"log\": false}}"}
{"op_code": 5, "worker_id": "cd0a87f5-8ed6-4298-9f1c-48c04f7e2f8a-3808", "trial_id": 2, "param_name": "kernel", "param_value_internal": 1, "distribution": "{\"name\": \"CategoricalDistribution\", \"attributes\": {\"choices\": [\"laplacian\", \"rbf\"]}}"}
{"op_code": 7, "worker_id": "cd0a87f5-8ed6-4298-9f1c-48c04f7e2f8a-3808", "trial_id": 2, "step": 0, "intermediate_value": 0.1705856963346273}
{"op_code": 7, "worker_id": "cd0a87f5-8ed6-4298-9f1c-48c04f7e2f8a-3808", "trial_id": 2, "step": 1, "intermediate_value": 0.1705856963346273}
{"op_code": 9, "worker_id": "cd0a87f5-8ed6-4298-9f1c-48c04f7e2f8a-3808", "trial_id": 2, "system_attr": {"completed_rung_0": 0.1705856963346273}}
{"op_code": 6, "worker_id": "cd0a87f5-8ed6-4298-9f1c-48c04f7e2f8a-3808", "trial_id": 2, "state": 2, "values": [0.1705856963346273], "datetime_complete": "2024-03-19T11:13:36.106687"}
{"op_code": 4, "worker_id": "cd0a87f5-8ed6-4298-9f1c-48c04f7e2f8a-3808", "study_id": 0, "datetime_start": "2024-03-19T11:13:36.495863"}
{"op_code": 5, "worker_id": "cd0a87f5-8ed6-4298-9f1c-48c04f7e2f8a-3808", "trial_id": 3, "param_name": "alpha", "param_value_internal": 0.3925602380697529, "distribution": "{\"name\": \"FloatDistribution\", \"attributes\": {\"step\": null, \"low\": 0.3, \"high\": 1.0, \"log\": false}}"}
{"op_code": 5, "worker_id": "cd0a87f5-8ed6-4298-9f1c-48c04f7e2f8a-3808", "trial_id": 3, "param_name": "gamma", "param_value_internal": 0.2533024610578594, "distribution": "{\"name\": \"FloatDistribution\", \"attributes\": {\"step\": null, \"low\": 0.1, \"high\": 0.3, \"log\": false}}"}
{"op_code": 5, "worker_id": "cd0a87f5-8ed6-4298-9f1c-48c04f7e2f8a-3808", "trial_id": 3, "param_name": "kernel", "param_value_internal": 0, "distribution": "{\"name\": \"CategoricalDistribution\", \"attributes\": {\"choices\": [\"laplacian\", \"rbf\"]}}"}
{"op_code": 7, "worker_id": "cd0a87f5-8ed6-4298-9f1c-48c04f7e2f8a-3808", "trial_id": 3, "step": 0, "intermediate_value": 0.22590016590243858}
{"op_code": 7, "worker_id": "cd0a87f5-8ed6-4298-9f1c-48c04f7e2f8a-3808", "trial_id": 3, "step": 1, "intermediate_value": 0.22590016590243858}
{"op_code": 9, "worker_id": "cd0a87f5-8ed6-4298-9f1c-48c04f7e2f8a-3808", "trial_id": 3, "system_attr": {"completed_rung_0": 0.22590016590243858}}
{"op_code": 6, "worker_id": "cd0a87f5-8ed6-4298-9f1c-48c04f7e2f8a-3808", "trial_id": 3, "state": 2, "values": [0.22590016590243858], "datetime_complete": "2024-03-19T11:13:38.891655"}
{"op_code": 4, "worker_id": "cd0a87f5-8ed6-4298-9f1c-48c04f7e2f8a-3808", "study_id": 0, "datetime_start": "2024-03-19T11:13:39.012724"}
{"op_code": 5, "worker_id": "cd0a87f5-8ed6-4298-9f1c-48c04f7e2f8a-3808", "trial_id": 4, "param_name": "alpha", "param_value_internal": 0.7478407805498404, "distribution": "{\"name\": \"FloatDistribution\", \"attributes\": {\"step\": null, \"low\": 0.3, \"high\": 1.0, \"log\": false}}"}
{"op_code": 5, "worker_id": "cd0a87f5-8ed6-4298-9f1c-48c04f7e2f8a-3808", "trial_id": 4, "param_name": "gamma", "param_value_internal": 0.19017770742365075, "distribution": "{\"name\": \"FloatDistribution\", \"attributes\": {\"step\": null, \"low\": 0.1, \"high\": 0.3, \"log\": false}}"}
{"op_code": 5, "worker_id": "cd0a87f5-8ed6-4298-9f1c-48c04f7e2f8a-3808", "trial_id": 4, "param_name": "kernel", "param_value_internal": 0, "distribution": "{\"name\": \"CategoricalDistribution\", \"attributes\": {\"choices\": [\"laplacian\", \"rbf\"]}}"}
{"op_code": 7, "worker_id": "cd0a87f5-8ed6-4298-9f1c-48c04f7e2f8a-3808", "trial_id": 4, "step": 0, "intermediate_value": 0.2380524798463888}
{"op_code": 7, "worker_id": "cd0a87f5-8ed6-4298-9f1c-48c04f7e2f8a-3808", "trial_id": 4, "step": 1, "intermediate_value": 0.2380524798463888}
{"op_code": 7, "worker_id": "cd0a87f5-8ed6-4298-9f1c-48c04f7e2f8a-3808", "trial_id": 4, "step": 2, "intermediate_value": 0.2380524798463888}
{"op_code": 6, "worker_id": "cd0a87f5-8ed6-4298-9f1c-48c04f7e2f8a-3808", "trial_id": 4, "state": 1, "values": [0.2380524798463888], "datetime_complete": "2024-03-19T11:13:42.343971"}
{"op_code": 4, "worker_id": "cd0a87f5-8ed6-4298-9f1c-48c04f7e2f8a-3808", "study_id": 0, "datetime_start": "2024-03-19T11:13:42.520781"}
{"op_code": 5, "worker_id": "cd0a87f5-8ed6-4298-9f1c-48c04f7e2f8a-3808", "trial_id": 5, "param_name": "alpha", "param_value_internal": 0.6729673970418172, "distribution": "{\"name\": \"FloatDistribution\", \"attributes\": {\"step\": null, \"low\": 0.3, \"high\": 1.0, \"log\": false}}"}
{"op_code": 5, "worker_id": "cd0a87f5-8ed6-4298-9f1c-48c04f7e2f8a-3808", "trial_id": 5, "param_name": "gamma", "param_value_internal": 0.27297463058940324, "distribution": "{\"name\": \"FloatDistribution\", \"attributes\": {\"step\": null, \"low\": 0.1, \"high\": 0.3, \"log\": false}}"}
{"op_code": 5, "worker_id": "cd0a87f5-8ed6-4298-9f1c-48c04f7e2f8a-3808", "trial_id": 5, "param_name": "kernel", "param_value_internal": 1, "distribution": "{\"name\": \"CategoricalDistribution\", \"attributes\": {\"choices\": [\"laplacian\", \"rbf\"]}}"}
{"op_code": 7, "worker_id": "cd0a87f5-8ed6-4298-9f1c-48c04f7e2f8a-3808", "trial_id": 5, "step": 0, "intermediate_value": 0.1553570456801639}
{"op_code": 7, "worker_id": "cd0a87f5-8ed6-4298-9f1c-48c04f7e2f8a-3808", "trial_id": 5, "step": 1, "intermediate_value": 0.1553570456801639}
{"op_code": 9, "worker_id": "cd0a87f5-8ed6-4298-9f1c-48c04f7e2f8a-3808", "trial_id": 5, "system_attr": {"completed_rung_0": 0.1553570456801639}}
{"op_code": 6, "worker_id": "cd0a87f5-8ed6-4298-9f1c-48c04f7e2f8a-3808", "trial_id": 5, "state": 2, "values": [0.1553570456801639], "datetime_complete": "2024-03-19T11:13:46.558628"}
{"op_code": 4, "worker_id": "cd0a87f5-8ed6-4298-9f1c-48c04f7e2f8a-3808", "study_id": 0, "datetime_start": "2024-03-19T11:13:46.717842"}
{"op_code": 5, "worker_id": "cd0a87f5-8ed6-4298-9f1c-48c04f7e2f8a-3808", "trial_id": 6, "param_name": "alpha", "param_value_internal": 0.9954904123149765, "distribution": "{\"name\": \"FloatDistribution\", \"attributes\": {\"step\": null, \"low\": 0.3, \"high\": 1.0, \"log\": false}}"}
{"op_code": 5, "worker_id": "cd0a87f5-8ed6-4298-9f1c-48c04f7e2f8a-3808", "trial_id": 6, "param_name": "gamma", "param_value_internal": 0.13791777644994987, "distribution": "{\"name\": \"FloatDistribution\", \"attributes\": {\"step\": null, \"low\": 0.1, \"high\": 0.3, \"log\": false}}"}
{"op_code": 5, "worker_id": "cd0a87f5-8ed6-4298-9f1c-48c04f7e2f8a-3808", "trial_id": 6, "param_name": "kernel", "param_value_internal": 0, "distribution": "{\"name\": \"CategoricalDistribution\", \"attributes\": {\"choices\": [\"laplacian\", \"rbf\"]}}"}
{"op_code": 7, "worker_id": "cd0a87f5-8ed6-4298-9f1c-48c04f7e2f8a-3808", "trial_id": 6, "step": 0, "intermediate_value": 0.2556046894438449}
{"op_code": 7, "worker_id": "cd0a87f5-8ed6-4298-9f1c-48c04f7e2f8a-3808", "trial_id": 6, "step": 1, "intermediate_value": 0.2556046894438449}
{"op_code": 9, "worker_id": "cd0a87f5-8ed6-4298-9f1c-48c04f7e2f8a-3808", "trial_id": 6, "system_attr": {"completed_rung_0": 0.2556046894438449}}
{"op_code": 7, "worker_id": "cd0a87f5-8ed6-4298-9f1c-48c04f7e2f8a-3808", "trial_id": 6, "step": 2, "intermediate_value": 0.2556046894438449}
{"op_code": 6, "worker_id": "cd0a87f5-8ed6-4298-9f1c-48c04f7e2f8a-3808", "trial_id": 6, "state": 1, "values": [0.2556046894438449], "datetime_complete": "2024-03-19T11:13:50.232911"}
{"op_code": 4, "worker_id": "cd0a87f5-8ed6-4298-9f1c-48c04f7e2f8a-3808", "study_id": 0, "datetime_start": "2024-03-19T11:13:50.649191"}
{"op_code": 5, "worker_id": "cd0a87f5-8ed6-4298-9f1c-48c04f7e2f8a-3808", "trial_id": 7, "param_name": "alpha", "param_value_internal": 0.48482525180617575, "distribution": "{\"name\": \"FloatDistribution\", \"attributes\": {\"step\": null, \"low\": 0.3, \"high\": 1.0, \"log\": false}}"}
{"op_code": 5, "worker_id": "cd0a87f5-8ed6-4298-9f1c-48c04f7e2f8a-3808", "trial_id": 7, "param_name": "gamma", "param_value_internal": 0.10926740003712299, "distribution": "{\"name\": \"FloatDistribution\", \"attributes\": {\"step\": null, \"low\": 0.1, \"high\": 0.3, \"log\": false}}"}
{"op_code": 5, "worker_id": "cd0a87f5-8ed6-4298-9f1c-48c04f7e2f8a-3808", "trial_id": 7, "param_name": "kernel", "param_value_internal": 0, "distribution": "{\"name\": \"CategoricalDistribution\", \"attributes\": {\"choices\": [\"laplacian\", \"rbf\"]}}"}
{"op_code": 7, "worker_id": "cd0a87f5-8ed6-4298-9f1c-48c04f7e2f8a-3808", "trial_id": 7, "step": 0, "intermediate_value": 0.26189493919503387}
{"op_code": 7, "worker_id": "cd0a87f5-8ed6-4298-9f1c-48c04f7e2f8a-3808", "trial_id": 7, "step": 1, "intermediate_value": 0.26189493919503387}
{"op_code": 9, "worker_id": "cd0a87f5-8ed6-4298-9f1c-48c04f7e2f8a-3808", "trial_id": 7, "system_attr": {"completed_rung_0": 0.26189493919503387}}
{"op_code": 7, "worker_id": "cd0a87f5-8ed6-4298-9f1c-48c04f7e2f8a-3808", "trial_id": 7, "step": 2, "intermediate_value": 0.26189493919503387}
{"op_code": 6, "worker_id": "cd0a87f5-8ed6-4298-9f1c-48c04f7e2f8a-3808", "trial_id": 7, "state": 1, "values": [0.26189493919503387], "datetime_complete": "2024-03-19T11:13:53.620237"}
{"op_code": 4, "worker_id": "cd0a87f5-8ed6-4298-9f1c-48c04f7e2f8a-3808", "study_id": 0, "datetime_start": "2024-03-19T11:13:54.004465"}
{"op_code": 5, "worker_id": "cd0a87f5-8ed6-4298-9f1c-48c04f7e2f8a-3808", "trial_id": 8, "param_name": "alpha", "param_value_internal": 0.38513278551524316, "distribution": "{\"name\": \"FloatDistribution\", \"attributes\": {\"step\": null, \"low\": 0.3, \"high\": 1.0, \"log\": false}}"}
{"op_code": 5, "worker_id": "cd0a87f5-8ed6-4298-9f1c-48c04f7e2f8a-3808", "trial_id": 8, "param_name": "gamma", "param_value_internal": 0.10535388127794894, "distribution": "{\"name\": \"FloatDistribution\", \"attributes\": {\"step\": null, \"low\": 0.1, \"high\": 0.3, \"log\": false}}"}
{"op_code": 5, "worker_id": "cd0a87f5-8ed6-4298-9f1c-48c04f7e2f8a-3808", "trial_id": 8, "param_name": "kernel", "param_value_internal": 1, "distribution": "{\"name\": \"CategoricalDistribution\", \"attributes\": {\"choices\": [\"laplacian\", \"rbf\"]}}"}
{"op_code": 7, "worker_id": "cd0a87f5-8ed6-4298-9f1c-48c04f7e2f8a-3808", "trial_id": 8, "step": 0, "intermediate_value": 0.1492737418034646}
{"op_code": 7, "worker_id": "cd0a87f5-8ed6-4298-9f1c-48c04f7e2f8a-3808", "trial_id": 8, "step": 1, "intermediate_value": 0.1492737418034646}
{"op_code": 7, "worker_id": "cd0a87f5-8ed6-4298-9f1c-48c04f7e2f8a-3808", "trial_id": 8, "step": 2, "intermediate_value": 0.1492737418034646}
{"op_code": 6, "worker_id": "cd0a87f5-8ed6-4298-9f1c-48c04f7e2f8a-3808", "trial_id": 8, "state": 1, "values": [0.1492737418034646], "datetime_complete": "2024-03-19T11:13:56.940232"}
{"op_code": 4, "worker_id": "cd0a87f5-8ed6-4298-9f1c-48c04f7e2f8a-3808", "study_id": 0, "datetime_start": "2024-03-19T11:13:57.230281"}
{"op_code": 5, "worker_id": "cd0a87f5-8ed6-4298-9f1c-48c04f7e2f8a-3808", "trial_id": 9, "param_name": "alpha", "param_value_internal": 0.5272525064004976, "distribution": "{\"name\": \"FloatDistribution\", \"attributes\": {\"step\": null, \"low\": 0.3, \"high\": 1.0, \"log\": false}}"}
{"op_code": 5, "worker_id": "cd0a87f5-8ed6-4298-9f1c-48c04f7e2f8a-3808", "trial_id": 9, "param_name": "gamma", "param_value_internal": 0.22060573035133757, "distribution": "{\"name\": \"FloatDistribution\", \"attributes\": {\"step\": null, \"low\": 0.1, \"high\": 0.3, \"log\": false}}"}
{"op_code": 5, "worker_id": "cd0a87f5-8ed6-4298-9f1c-48c04f7e2f8a-3808", "trial_id": 9, "param_name": "kernel", "param_value_internal": 0, "distribution": "{\"name\": \"CategoricalDistribution\", \"attributes\": {\"choices\": [\"laplacian\", \"rbf\"]}}"}
{"op_code": 7, "worker_id": "cd0a87f5-8ed6-4298-9f1c-48c04f7e2f8a-3808", "trial_id": 9, "step": 0, "intermediate_value": 0.2317554334990343}
{"op_code": 7, "worker_id": "cd0a87f5-8ed6-4298-9f1c-48c04f7e2f8a-3808", "trial_id": 9, "step": 1, "intermediate_value": 0.2317554334990343}
{"op_code": 7, "worker_id": "cd0a87f5-8ed6-4298-9f1c-48c04f7e2f8a-3808", "trial_id": 9, "step": 2, "intermediate_value": 0.2317554334990343}
{"op_code": 6, "worker_id": "cd0a87f5-8ed6-4298-9f1c-48c04f7e2f8a-3808", "trial_id": 9, "state": 1, "values": [0.2317554334990343], "datetime_complete": "2024-03-19T11:14:00.537544"}
{"op_code": 4, "worker_id": "cd0a87f5-8ed6-4298-9f1c-48c04f7e2f8a-3808", "study_id": 0, "datetime_start": "2024-03-19T11:14:00.863148"}
{"op_code": 5, "worker_id": "cd0a87f5-8ed6-4298-9f1c-48c04f7e2f8a-3808", "trial_id": 10, "param_name": "alpha", "param_value_internal": 0.3087496525865771, "distribution": "{\"name\": \"FloatDistribution\", \"attributes\": {\"step\": null, \"low\": 0.3, \"high\": 1.0, \"log\": false}}"}
{"op_code": 5, "worker_id": "cd0a87f5-8ed6-4298-9f1c-48c04f7e2f8a-3808", "trial_id": 10, "param_name": "gamma", "param_value_internal": 0.2994469486832518, "distribution": "{\"name\": \"FloatDistribution\", \"attributes\": {\"step\": null, \"low\": 0.1, \"high\": 0.3, \"log\": false}}"}
{"op_code": 5, "worker_id": "cd0a87f5-8ed6-4298-9f1c-48c04f7e2f8a-3808", "trial_id": 10, "param_name": "kernel", "param_value_internal": 1, "distribution": "{\"name\": \"CategoricalDistribution\", \"attributes\": {\"choices\": [\"laplacian\", \"rbf\"]}}"}
{"op_code": 7, "worker_id": "cd0a87f5-8ed6-4298-9f1c-48c04f7e2f8a-3808", "trial_id": 10, "step": 0, "intermediate_value": 0.15389229485845587}
{"op_code": 7, "worker_id": "cd0a87f5-8ed6-4298-9f1c-48c04f7e2f8a-3808", "trial_id": 10, "step": 1, "intermediate_value": 0.15389229485845587}
{"op_code": 7, "worker_id": "cd0a87f5-8ed6-4298-9f1c-48c04f7e2f8a-3808", "trial_id": 10, "step": 2, "intermediate_value": 0.15389229485845587}
{"op_code": 6, "worker_id": "cd0a87f5-8ed6-4298-9f1c-48c04f7e2f8a-3808", "trial_id": 10, "state": 1, "values": [0.15389229485845587], "datetime_complete": "2024-03-19T11:14:04.505242"}
{"op_code": 4, "worker_id": "cd0a87f5-8ed6-4298-9f1c-48c04f7e2f8a-3808", "study_id": 0, "datetime_start": "2024-03-19T11:14:04.799930"}
{"op_code": 5, "worker_id": "cd0a87f5-8ed6-4298-9f1c-48c04f7e2f8a-3808", "trial_id": 11, "param_name": "alpha", "param_value_internal": 0.7996201517488135, "distribution": "{\"name\": \"FloatDistribution\", \"attributes\": {\"step\": null, \"low\": 0.3, \"high\": 1.0, \"log\": false}}"}
{"op_code": 5, "worker_id": "cd0a87f5-8ed6-4298-9f1c-48c04f7e2f8a-3808", "trial_id": 11, "param_name": "gamma", "param_value_internal": 0.138890599735416, "distribution": "{\"name\": \"FloatDistribution\", \"attributes\": {\"step\": null, \"low\": 0.1, \"high\": 0.3, \"log\": false}}"}
{"op_code": 5, "worker_id": "cd0a87f5-8ed6-4298-9f1c-48c04f7e2f8a-3808", "trial_id": 11, "param_name": "kernel", "param_value_internal": 0, "distribution": "{\"name\": \"CategoricalDistribution\", \"attributes\": {\"choices\": [\"laplacian\", \"rbf\"]}}"}
{"op_code": 7, "worker_id": "cd0a87f5-8ed6-4298-9f1c-48c04f7e2f8a-3808", "trial_id": 11, "step": 0, "intermediate_value": 0.2518971462355536}
{"op_code": 7, "worker_id": "cd0a87f5-8ed6-4298-9f1c-48c04f7e2f8a-3808", "trial_id": 11, "step": 1, "intermediate_value": 0.2518971462355536}
{"op_code": 7, "worker_id": "cd0a87f5-8ed6-4298-9f1c-48c04f7e2f8a-3808", "trial_id": 11, "step": 2, "intermediate_value": 0.2518971462355536}
{"op_code": 6, "worker_id": "cd0a87f5-8ed6-4298-9f1c-48c04f7e2f8a-3808", "trial_id": 11, "state": 1, "values": [0.2518971462355536], "datetime_complete": "2024-03-19T11:14:07.815228"}
{"op_code": 4, "worker_id": "cd0a87f5-8ed6-4298-9f1c-48c04f7e2f8a-3808", "study_id": 0, "datetime_start": "2024-03-19T11:14:08.194227"}
{"op_code": 5, "worker_id": "cd0a87f5-8ed6-4298-9f1c-48c04f7e2f8a-3808", "trial_id": 12, "param_name": "alpha", "param_value_internal": 0.5594964608268891, "distribution": "{\"name\": \"FloatDistribution\", \"attributes\": {\"step\": null, \"low\": 0.3, \"high\": 1.0, \"log\": false}}"}
{"op_code": 5, "worker_id": "cd0a87f5-8ed6-4298-9f1c-48c04f7e2f8a-3808", "trial_id": 12, "param_name": "gamma", "param_value_internal": 0.10206387754293234, "distribution": "{\"name\": \"FloatDistribution\", \"attributes\": {\"step\": null, \"low\": 0.1, \"high\": 0.3, \"log\": false}}"}
{"op_code": 5, "worker_id": "cd0a87f5-8ed6-4298-9f1c-48c04f7e2f8a-3808", "trial_id": 12, "param_name": "kernel", "param_value_internal": 0, "distribution": "{\"name\": \"CategoricalDistribution\", \"attributes\": {\"choices\": [\"laplacian\", \"rbf\"]}}"}
{"op_code": 7, "worker_id": "cd0a87f5-8ed6-4298-9f1c-48c04f7e2f8a-3808", "trial_id": 12, "step": 0, "intermediate_value": 0.2632508601300552}
{"op_code": 7, "worker_id": "cd0a87f5-8ed6-4298-9f1c-48c04f7e2f8a-3808", "trial_id": 12, "step": 1, "intermediate_value": 0.2632508601300552}
{"op_code": 7, "worker_id": "cd0a87f5-8ed6-4298-9f1c-48c04f7e2f8a-3808", "trial_id": 12, "step": 2, "intermediate_value": 0.2632508601300552}
{"op_code": 6, "worker_id": "cd0a87f5-8ed6-4298-9f1c-48c04f7e2f8a-3808", "trial_id": 12, "state": 1, "values": [0.2632508601300552], "datetime_complete": "2024-03-19T11:14:11.591486"}
{"op_code": 4, "worker_id": "cd0a87f5-8ed6-4298-9f1c-48c04f7e2f8a-3808", "study_id": 0, "datetime_start": "2024-03-19T11:14:11.731694"}
{"op_code": 5, "worker_id": "cd0a87f5-8ed6-4298-9f1c-48c04f7e2f8a-3808", "trial_id": 13, "param_name": "alpha", "param_value_internal": 0.5642150232435426, "distribution": "{\"name\": \"FloatDistribution\", \"attributes\": {\"step\": null, \"low\": 0.3, \"high\": 1.0, \"log\": false}}"}
{"op_code": 5, "worker_id": "cd0a87f5-8ed6-4298-9f1c-48c04f7e2f8a-3808", "trial_id": 13, "param_name": "gamma", "param_value_internal": 0.11265009577457646, "distribution": "{\"name\": \"FloatDistribution\", \"attributes\": {\"step\": null, \"low\": 0.1, \"high\": 0.3, \"log\": false}}"}
{"op_code": 5, "worker_id": "cd0a87f5-8ed6-4298-9f1c-48c04f7e2f8a-3808", "trial_id": 13, "param_name": "kernel", "param_value_internal": 0, "distribution": "{\"name\": \"CategoricalDistribution\", \"attributes\": {\"choices\": [\"laplacian\", \"rbf\"]}}"}
{"op_code": 7, "worker_id": "cd0a87f5-8ed6-4298-9f1c-48c04f7e2f8a-3808", "trial_id": 13, "step": 0, "intermediate_value": 0.262588192003917}
{"op_code": 7, "worker_id": "cd0a87f5-8ed6-4298-9f1c-48c04f7e2f8a-3808", "trial_id": 13, "step": 1, "intermediate_value": 0.262588192003917}
{"op_code": 9, "worker_id": "cd0a87f5-8ed6-4298-9f1c-48c04f7e2f8a-3808", "trial_id": 13, "system_attr": {"completed_rung_0": 0.262588192003917}}
{"op_code": 7, "worker_id": "cd0a87f5-8ed6-4298-9f1c-48c04f7e2f8a-3808", "trial_id": 13, "step": 2, "intermediate_value": 0.262588192003917}
{"op_code": 6, "worker_id": "cd0a87f5-8ed6-4298-9f1c-48c04f7e2f8a-3808", "trial_id": 13, "state": 1, "values": [0.262588192003917], "datetime_complete": "2024-03-19T11:14:14.901759"}
{"op_code": 4, "worker_id": "cd0a87f5-8ed6-4298-9f1c-48c04f7e2f8a-3808", "study_id": 0, "datetime_start": "2024-03-19T11:14:15.024184"}
{"op_code": 5, "worker_id": "cd0a87f5-8ed6-4298-9f1c-48c04f7e2f8a-3808", "trial_id": 14, "param_name": "alpha", "param_value_internal": 0.5871307366123659, "distribution": "{\"name\": \"FloatDistribution\", \"attributes\": {\"step\": null, \"low\": 0.3, \"high\": 1.0, \"log\": false}}"}
{"op_code": 5, "worker_id": "cd0a87f5-8ed6-4298-9f1c-48c04f7e2f8a-3808", "trial_id": 14, "param_name": "gamma", "param_value_internal": 0.1717506938014239, "distribution": "{\"name\": \"FloatDistribution\", \"attributes\": {\"step\": null, \"low\": 0.1, \"high\": 0.3, \"log\": false}}"}
{"op_code": 5, "worker_id": "cd0a87f5-8ed6-4298-9f1c-48c04f7e2f8a-3808", "trial_id": 14, "param_name": "kernel", "param_value_internal": 0, "distribution": "{\"name\": \"CategoricalDistribution\", \"attributes\": {\"choices\": [\"laplacian\", \"rbf\"]}}"}
{"op_code": 7, "worker_id": "cd0a87f5-8ed6-4298-9f1c-48c04f7e2f8a-3808", "trial_id": 14, "step": 0, "intermediate_value": 0.24674192804400646}
{"op_code": 7, "worker_id": "cd0a87f5-8ed6-4298-9f1c-48c04f7e2f8a-3808", "trial_id": 14, "step": 1, "intermediate_value": 0.24674192804400646}
{"op_code": 7, "worker_id": "cd0a87f5-8ed6-4298-9f1c-48c04f7e2f8a-3808", "trial_id": 14, "step": 2, "intermediate_value": 0.24674192804400646}
{"op_code": 6, "worker_id": "cd0a87f5-8ed6-4298-9f1c-48c04f7e2f8a-3808", "trial_id": 14, "state": 1, "values": [0.2467419280440065], "datetime_complete": "2024-03-19T11:14:17.834914"}
{"op_code": 4, "worker_id": "cd0a87f5-8ed6-4298-9f1c-48c04f7e2f8a-3808", "study_id": 0, "datetime_start": "2024-03-19T11:14:18.447942"}
{"op_code": 5, "worker_id": "cd0a87f5-8ed6-4298-9f1c-48c04f7e2f8a-3808", "trial_id": 15, "param_name": "alpha", "param_value_internal": 0.574351335580893, "distribution": "{\"name\": \"FloatDistribution\", \"attributes\": {\"step\": null, \"low\": 0.3, \"high\": 1.0, \"log\": false}}"}
{"op_code": 5, "worker_id": "cd0a87f5-8ed6-4298-9f1c-48c04f7e2f8a-3808", "trial_id": 15, "param_name": "gamma", "param_value_internal": 0.12748951170550277, "distribution": "{\"name\": \"FloatDistribution\", \"attributes\": {\"step\": null, \"low\": 0.1, \"high\": 0.3, \"log\": false}}"}
{"op_code": 5, "worker_id": "cd0a87f5-8ed6-4298-9f1c-48c04f7e2f8a-3808", "trial_id": 15, "param_name": "kernel", "param_value_internal": 0, "distribution": "{\"name\": \"CategoricalDistribution\", \"attributes\": {\"choices\": [\"laplacian\", \"rbf\"]}}"}
{"op_code": 7, "worker_id": "cd0a87f5-8ed6-4298-9f1c-48c04f7e2f8a-3808", "trial_id": 15, "step": 0, "intermediate_value": 0.2603385186731298}
{"op_code": 7, "worker_id": "cd0a87f5-8ed6-4298-9f1c-48c04f7e2f8a-3808", "trial_id": 15, "step": 1, "intermediate_value": 0.2603385186731298}
{"op_code": 7, "worker_id": "cd0a87f5-8ed6-4298-9f1c-48c04f7e2f8a-3808", "trial_id": 15, "step": 2, "intermediate_value": 0.2603385186731298}
{"op_code": 6, "worker_id": "cd0a87f5-8ed6-4298-9f1c-48c04f7e2f8a-3808", "trial_id": 15, "state": 1, "values": [0.2603385186731298], "datetime_complete": "2024-03-19T11:14:21.127495"}
{"op_code": 4, "worker_id": "cd0a87f5-8ed6-4298-9f1c-48c04f7e2f8a-3808", "study_id": 0, "datetime_start": "2024-03-19T11:14:21.161164"}
{"op_code": 5, "worker_id": "cd0a87f5-8ed6-4298-9f1c-48c04f7e2f8a-3808", "trial_id": 16, "param_name": "alpha", "param_value_internal": 0.6690549275783151, "distribution": "{\"name\": \"FloatDistribution\", \"attributes\": {\"step\": null, \"low\": 0.3, \"high\": 1.0, \"log\": false}}"}
{"op_code": 5, "worker_id": "cd0a87f5-8ed6-4298-9f1c-48c04f7e2f8a-3808", "trial_id": 16, "param_name": "gamma", "param_value_internal": 0.12384214739085551, "distribution": "{\"name\": \"FloatDistribution\", \"attributes\": {\"step\": null, \"low\": 0.1, \"high\": 0.3, \"log\": false}}"}
{"op_code": 5, "worker_id": "cd0a87f5-8ed6-4298-9f1c-48c04f7e2f8a-3808", "trial_id": 16, "param_name": "kernel", "param_value_internal": 0, "distribution": "{\"name\": \"CategoricalDistribution\", \"attributes\": {\"choices\": [\"laplacian\", \"rbf\"]}}"}
{"op_code": 7, "worker_id": "cd0a87f5-8ed6-4298-9f1c-48c04f7e2f8a-3808", "trial_id": 16, "step": 0, "intermediate_value": 0.25500998727936186}
{"op_code": 7, "worker_id": "cd0a87f5-8ed6-4298-9f1c-48c04f7e2f8a-3808", "trial_id": 16, "step": 1, "intermediate_value": 0.25500998727936186}
{"op_code": 9, "worker_id": "cd0a87f5-8ed6-4298-9f1c-48c04f7e2f8a-3808", "trial_id": 16, "system_attr": {"completed_rung_0": 0.25500998727936186}}
{"op_code": 6, "worker_id": "cd0a87f5-8ed6-4298-9f1c-48c04f7e2f8a-3808", "trial_id": 16, "state": 2, "values": [0.25500998727936186], "datetime_complete": "2024-03-19T11:14:22.445550"}
{"op_code": 4, "worker_id": "cd0a87f5-8ed6-4298-9f1c-48c04f7e2f8a-3808", "study_id": 0, "datetime_start": "2024-03-19T11:14:22.889985"}
{"op_code": 5, "worker_id": "cd0a87f5-8ed6-4298-9f1c-48c04f7e2f8a-3808", "trial_id": 17, "param_name": "alpha", "param_value_internal": 0.4661893367706702, "distribution": "{\"name\": \"FloatDistribution\", \"attributes\": {\"step\": null, \"low\": 0.3, \"high\": 1.0, \"log\": false}}"}
{"op_code": 5, "worker_id": "cd0a87f5-8ed6-4298-9f1c-48c04f7e2f8a-3808", "trial_id": 17, "param_name": "gamma", "param_value_internal": 0.17150906283894451, "distribution": "{\"name\": \"FloatDistribution\", \"attributes\": {\"step\": null, \"low\": 0.1, \"high\": 0.3, \"log\": false}}"}
{"op_code": 5, "worker_id": "cd0a87f5-8ed6-4298-9f1c-48c04f7e2f8a-3808", "trial_id": 17, "param_name": "kernel", "param_value_internal": 0, "distribution": "{\"name\": \"CategoricalDistribution\", \"attributes\": {\"choices\": [\"laplacian\", \"rbf\"]}}"}
{"op_code": 7, "worker_id": "cd0a87f5-8ed6-4298-9f1c-48c04f7e2f8a-3808", "trial_id": 17, "step": 0, "intermediate_value": 0.24770024810334487}
{"op_code": 7, "worker_id": "cd0a87f5-8ed6-4298-9f1c-48c04f7e2f8a-3808", "trial_id": 17, "step": 1, "intermediate_value": 0.24770024810334487}
{"op_code": 7, "worker_id": "cd0a87f5-8ed6-4298-9f1c-48c04f7e2f8a-3808", "trial_id": 17, "step": 2, "intermediate_value": 0.24770024810334487}
{"op_code": 6, "worker_id": "cd0a87f5-8ed6-4298-9f1c-48c04f7e2f8a-3808", "trial_id": 17, "state": 1, "values": [0.24770024810334487], "datetime_complete": "2024-03-19T11:14:25.314454"}
{"op_code": 4, "worker_id": "cd0a87f5-8ed6-4298-9f1c-48c04f7e2f8a-3808", "study_id": 0, "datetime_start": "2024-03-19T11:14:25.573085"}
{"op_code": 5, "worker_id": "cd0a87f5-8ed6-4298-9f1c-48c04f7e2f8a-3808", "trial_id": 18, "param_name": "alpha", "param_value_internal": 0.6029953802098144, "distribution": "{\"name\": \"FloatDistribution\", \"attributes\": {\"step\": null, \"low\": 0.3, \"high\": 1.0, \"log\": false}}"}
{"op_code": 5, "worker_id": "cd0a87f5-8ed6-4298-9f1c-48c04f7e2f8a-3808", "trial_id": 18, "param_name": "gamma", "param_value_internal": 0.10091238508478757, "distribution": "{\"name\": \"FloatDistribution\", \"attributes\": {\"step\": null, \"low\": 0.1, \"high\": 0.3, \"log\": false}}"}
{"op_code": 5, "worker_id": "cd0a87f5-8ed6-4298-9f1c-48c04f7e2f8a-3808", "trial_id": 18, "param_name": "kernel", "param_value_internal": 1, "distribution": "{\"name\": \"CategoricalDistribution\", \"attributes\": {\"choices\": [\"laplacian\", \"rbf\"]}}"}
{"op_code": 7, "worker_id": "cd0a87f5-8ed6-4298-9f1c-48c04f7e2f8a-3808", "trial_id": 18, "step": 0, "intermediate_value": 0.1633231151142327}
{"op_code": 7, "worker_id": "cd0a87f5-8ed6-4298-9f1c-48c04f7e2f8a-3808", "trial_id": 18, "step": 1, "intermediate_value": 0.1633231151142327}
{"op_code": 9, "worker_id": "cd0a87f5-8ed6-4298-9f1c-48c04f7e2f8a-3808", "trial_id": 18, "system_attr": {"completed_rung_0": 0.1633231151142327}}
{"op_code": 6, "worker_id": "cd0a87f5-8ed6-4298-9f1c-48c04f7e2f8a-3808", "trial_id": 18, "state": 2, "values": [0.1633231151142327], "datetime_complete": "2024-03-19T11:14:28.773102"}
{"op_code": 4, "worker_id": "cd0a87f5-8ed6-4298-9f1c-48c04f7e2f8a-3808", "study_id": 0, "datetime_start": "2024-03-19T11:14:28.969273"}
{"op_code": 5, "worker_id": "cd0a87f5-8ed6-4298-9f1c-48c04f7e2f8a-3808", "trial_id": 19, "param_name": "alpha", "param_value_internal": 0.5123619706492417, "distribution": "{\"name\": \"FloatDistribution\", \"attributes\": {\"step\": null, \"low\": 0.3, \"high\": 1.0, \"log\": false}}"}
{"op_code": 5, "worker_id": "cd0a87f5-8ed6-4298-9f1c-48c04f7e2f8a-3808", "trial_id": 19, "param_name": "gamma", "param_value_internal": 0.12418606626624931, "distribution": "{\"name\": \"FloatDistribution\", \"attributes\": {\"step\": null, \"low\": 0.1, \"high\": 0.3, \"log\": false}}"}
{"op_code": 5, "worker_id": "cd0a87f5-8ed6-4298-9f1c-48c04f7e2f8a-3808", "trial_id": 19, "param_name": "kernel", "param_value_internal": 0, "distribution": "{\"name\": \"CategoricalDistribution\", \"attributes\": {\"choices\": [\"laplacian\", \"rbf\"]}}"}
{"op_code": 7, "worker_id": "cd0a87f5-8ed6-4298-9f1c-48c04f7e2f8a-3808", "trial_id": 19, "step": 0, "intermediate_value": 0.25476191151932037}
{"op_code": 7, "worker_id": "cd0a87f5-8ed6-4298-9f1c-48c04f7e2f8a-3808", "trial_id": 19, "step": 1, "intermediate_value": 0.25476191151932037}
{"op_code": 7, "worker_id": "cd0a87f5-8ed6-4298-9f1c-48c04f7e2f8a-3808", "trial_id": 19, "step": 2, "intermediate_value": 0.25476191151932037}
{"op_code": 6, "worker_id": "cd0a87f5-8ed6-4298-9f1c-48c04f7e2f8a-3808", "trial_id": 19, "state": 1, "values": [0.25476191151932037], "datetime_complete": "2024-03-19T11:14:31.619529"}
