{"op_code": 0, "worker_id": "4080edad-15cf-4d19-9a22-2150a636f6df-9760", "study_name": "linear", "directions": [2]}
{"op_code": 4, "worker_id": "4080edad-15cf-4d19-9a22-2150a636f6df-5336", "study_id": 0, "datetime_start": "2024-03-19T11:13:09.546922"}
{"op_code": 5, "worker_id": "4080edad-15cf-4d19-9a22-2150a636f6df-5336", "trial_id": 0, "param_name": "alpha", "param_value_internal": 0.048654613533396264, "distribution": "{\"name\": \"FloatDistribution\", \"attributes\": {\"step\": null, \"low\": 0.005, \"high\": 0.1, \"log\": false}}"}
{"op_code": 5, "worker_id": "4080edad-15cf-4d19-9a22-2150a636f6df-5336", "trial_id": 0, "param_name": "l1_ratio", "param_value_internal": 0.023641914354471754, "distribution": "{\"name\": \"FloatDistribution\", \"attributes\": {\"step\": null, \"low\": 0.0, \"high\": 0.05, \"log\": false}}"}
{"op_code": 7, "worker_id": "4080edad-15cf-4d19-9a22-2150a636f6df-5336", "trial_id": 0, "step": 0, "intermediate_value": 0.23878991053034776}
{"op_code": 7, "worker_id": "4080edad-15cf-4d19-9a22-2150a636f6df-5336", "trial_id": 0, "step": 1, "intermediate_value": 0.23878991053034776}
{"op_code": 7, "worker_id": "4080edad-15cf-4d19-9a22-2150a636f6df-5336", "trial_id": 0, "step": 2, "intermediate_value": 0.23878991053034776}
{"op_code": 6, "worker_id": "4080edad-15cf-4d19-9a22-2150a636f6df-5336", "trial_id": 0, "state": 1, "values": [0.2387899105303478], "datetime_complete": "2024-03-19T11:13:10.583680"}
{"op_code": 4, "worker_id": "4080edad-15cf-4d19-9a22-2150a636f6df-5336", "study_id": 0, "datetime_start": "2024-03-19T11:13:10.748576"}
{"op_code": 5, "worker_id": "4080edad-15cf-4d19-9a22-2150a636f6df-5336", "trial_id": 1, "param_name": "alpha", "param_value_internal": 0.041441922921286845, "distribution": "{\"name\": \"FloatDistribution\", \"attributes\": {\"step\": null, \"low\": 0.005, \"high\": 0.1, \"log\": false}}"}
{"op_code": 5, "worker_id": "4080edad-15cf-4d19-9a22-2150a636f6df-5336", "trial_id": 1, "param_name": "l1_ratio", "param_value_internal": 0.02228702398883612, "distribution": "{\"name\": \"FloatDistribution\", \"attributes\": {\"step\": null, \"low\": 0.0, \"high\": 0.05, \"log\": false}}"}
{"op_code": 7, "worker_id": "4080edad-15cf-4d19-9a22-2150a636f6df-5336", "trial_id": 1, "step": 0, "intermediate_value": 0.2385554279626373}
{"op_code": 7, "worker_id": "4080edad-15cf-4d19-9a22-2150a636f6df-5336", "trial_id": 1, "step": 1, "intermediate_value": 0.2385554279626373}
{"op_code": 7, "worker_id": "4080edad-15cf-4d19-9a22-2150a636f6df-5336", "trial_id": 1, "step": 2, "intermediate_value": 0.2385554279626373}
{"op_code": 6, "worker_id": "4080edad-15cf-4d19-9a22-2150a636f6df-5336", "trial_id": 1, "state": 1, "values": [0.2385554279626373], "datetime_complete": "2024-03-19T11:13:12.753582"}
{"op_code": 4, "worker_id": "4080edad-15cf-4d19-9a22-2150a636f6df-5336", "study_id": 0, "datetime_start": "2024-03-19T11:13:13.251564"}
{"op_code": 5, "worker_id": "4080edad-15cf-4d19-9a22-2150a636f6df-5336", "trial_id": 2, "param_name": "alpha", "param_value_internal": 0.08743160748953066, "distribution": "{\"name\": \"FloatDistribution\", \"attributes\": {\"step\": null, \"low\": 0.005, \"high\": 0.1, \"log\": false}}"}
{"op_code": 5, "worker_id": "4080edad-15cf-4d19-9a22-2150a636f6df-5336", "trial_id": 2, "param_name": "l1_ratio", "param_value_internal": 0.04069291954955882, "distribution": "{\"name\": \"FloatDistribution\", \"attributes\": {\"step\": null, \"low\": 0.0, \"high\": 0.05, \"log\": false}}"}
{"op_code": 7, "worker_id": "4080edad-15cf-4d19-9a22-2150a636f6df-5336", "trial_id": 2, "step": 0, "intermediate_value": 0.237539336835892}
{"op_code": 7, "worker_id": "4080edad-15cf-4d19-9a22-2150a636f6df-5336", "trial_id": 2, "step": 1, "intermediate_value": 0.237539336835892}
{"op_code": 7, "worker_id": "4080edad-15cf-4d19-9a22-2150a636f6df-5336", "trial_id": 2, "step": 2, "intermediate_value": 0.237539336835892}
{"op_code": 6, "worker_id": "4080edad-15cf-4d19-9a22-2150a636f6df-5336", "trial_id": 2, "state": 1, "values": [0.237539336835892], "datetime_complete": "2024-03-19T11:13:14.777641"}
{"op_code": 4, "worker_id": "4080edad-15cf-4d19-9a22-2150a636f6df-5336", "study_id": 0, "datetime_start": "2024-03-19T11:13:15.037037"}
{"op_code": 5, "worker_id": "4080edad-15cf-4d19-9a22-2150a636f6df-5336", "trial_id": 3, "param_name": "alpha", "param_value_internal": 0.015178908573965658, "distribution": "{\"name\": \"FloatDistribution\", \"attributes\": {\"step\": null, \"low\": 0.005, \"high\": 0.1, \"log\": false}}"}
{"op_code": 5, "worker_id": "4080edad-15cf-4d19-9a22-2150a636f6df-5336", "trial_id": 3, "param_name": "l1_ratio", "param_value_internal": 0.003037640745767789, "distribution": "{\"name\": \"FloatDistribution\", \"attributes\": {\"step\": null, \"low\": 0.0, \"high\": 0.05, \"log\": false}}"}
{"op_code": 7, "worker_id": "4080edad-15cf-4d19-9a22-2150a636f6df-5336", "trial_id": 3, "step": 0, "intermediate_value": 0.23677811806535376}
{"op_code": 7, "worker_id": "4080edad-15cf-4d19-9a22-2150a636f6df-5336", "trial_id": 3, "step": 1, "intermediate_value": 0.23677811806535376}
{"op_code": 9, "worker_id": "4080edad-15cf-4d19-9a22-2150a636f6df-5336", "trial_id": 3, "system_attr": {"completed_rung_0": 0.23677811806535376}}
{"op_code": 7, "worker_id": "4080edad-15cf-4d19-9a22-2150a636f6df-5336", "trial_id": 3, "step": 2, "intermediate_value": 0.23677811806535376}
{"op_code": 6, "worker_id": "4080edad-15cf-4d19-9a22-2150a636f6df-5336", "trial_id": 3, "state": 1, "values": [0.23677811806535376], "datetime_complete": "2024-03-19T11:13:16.921574"}
{"op_code": 4, "worker_id": "4080edad-15cf-4d19-9a22-2150a636f6df-5336", "study_id": 0, "datetime_start": "2024-03-19T11:13:17.168082"}
{"op_code": 5, "worker_id": "4080edad-15cf-4d19-9a22-2150a636f6df-5336", "trial_id": 4, "param_name": "alpha", "param_value_internal": 0.05914626347833784, "distribution": "{\"name\": \"FloatDistribution\", \"attributes\": {\"step\": null, \"low\": 0.005, \"high\": 0.1, \"log\": false}}"}
{"op_code": 5, "worker_id": "4080edad-15cf-4d19-9a22-2150a636f6df-5336", "trial_id": 4, "param_name": "l1_ratio", "param_value_internal": 0.02561815833064032, "distribution": "{\"name\": \"FloatDistribution\", \"attributes\": {\"step\": null, \"low\": 0.0, \"high\": 0.05, \"log\": false}}"}
{"op_code": 7, "worker_id": "4080edad-15cf-4d19-9a22-2150a636f6df-5336", "trial_id": 4, "step": 0, "intermediate_value": 0.23849086029906486}
{"op_code": 7, "worker_id": "4080edad-15cf-4d19-9a22-2150a636f6df-5336", "trial_id": 4, "step": 1, "intermediate_value": 0.23849086029906486}
{"op_code": 9, "worker_id": "4080edad-15cf-4d19-9a22-2150a636f6df-5336", "trial_id": 4, "system_attr": {"completed_rung_0": 0.23849086029906486}}
{"op_code": 7, "worker_id": "4080edad-15cf-4d19-9a22-2150a636f6df-5336", "trial_id": 4, "step": 2, "intermediate_value": 0.23849086029906486}
{"op_code": 6, "worker_id": "4080edad-15cf-4d19-9a22-2150a636f6df-5336", "trial_id": 4, "state": 1, "values": [0.23849086029906486], "datetime_complete": "2024-03-19T11:13:19.627999"}
{"op_code": 4, "worker_id": "4080edad-15cf-4d19-9a22-2150a636f6df-5336", "study_id": 0, "datetime_start": "2024-03-19T11:13:19.693208"}
{"op_code": 5, "worker_id": "4080edad-15cf-4d19-9a22-2150a636f6df-5336", "trial_id": 5, "param_name": "alpha", "param_value_internal": 0.054030026985277764, "distribution": "{\"name\": \"FloatDistribution\", \"attributes\": {\"step\": null, \"low\": 0.005, \"high\": 0.1, \"log\": false}}"}
{"op_code": 5, "worker_id": "4080edad-15cf-4d19-9a22-2150a636f6df-5336", "trial_id": 5, "param_name": "l1_ratio", "param_value_internal": 0.0477914054977438, "distribution": "{\"name\": \"FloatDistribution\", \"attributes\": {\"step\": null, \"low\": 0.0, \"high\": 0.05, \"log\": false}}"}
{"op_code": 7, "worker_id": "4080edad-15cf-4d19-9a22-2150a636f6df-5336", "trial_id": 5, "step": 0, "intermediate_value": 0.2384874620009821}
{"op_code": 7, "worker_id": "4080edad-15cf-4d19-9a22-2150a636f6df-5336", "trial_id": 5, "step": 1, "intermediate_value": 0.2384874620009821}
{"op_code": 7, "worker_id": "4080edad-15cf-4d19-9a22-2150a636f6df-5336", "trial_id": 5, "step": 2, "intermediate_value": 0.2384874620009821}
{"op_code": 6, "worker_id": "4080edad-15cf-4d19-9a22-2150a636f6df-5336", "trial_id": 5, "state": 1, "values": [0.23848746200098211], "datetime_complete": "2024-03-19T11:13:21.581899"}
{"op_code": 4, "worker_id": "4080edad-15cf-4d19-9a22-2150a636f6df-5336", "study_id": 0, "datetime_start": "2024-03-19T11:13:21.783832"}
{"op_code": 5, "worker_id": "4080edad-15cf-4d19-9a22-2150a636f6df-5336", "trial_id": 6, "param_name": "alpha", "param_value_internal": 0.09397498724394923, "distribution": "{\"name\": \"FloatDistribution\", \"attributes\": {\"step\": null, \"low\": 0.005, \"high\": 0.1, \"log\": false}}"}
{"op_code": 5, "worker_id": "4080edad-15cf-4d19-9a22-2150a636f6df-5336", "trial_id": 6, "param_name": "l1_ratio", "param_value_internal": 0.021801962693012496, "distribution": "{\"name\": \"FloatDistribution\", \"attributes\": {\"step\": null, \"low\": 0.0, \"high\": 0.05, \"log\": false}}"}
{"op_code": 7, "worker_id": "4080edad-15cf-4d19-9a22-2150a636f6df-5336", "trial_id": 6, "step": 0, "intermediate_value": 0.23832094539492685}
{"op_code": 7, "worker_id": "4080edad-15cf-4d19-9a22-2150a636f6df-5336", "trial_id": 6, "step": 1, "intermediate_value": 0.23832094539492685}
{"op_code": 9, "worker_id": "4080edad-15cf-4d19-9a22-2150a636f6df-5336", "trial_id": 6, "system_attr": {"completed_rung_0": 0.23832094539492685}}
{"op_code": 6, "worker_id": "4080edad-15cf-4d19-9a22-2150a636f6df-5336", "trial_id": 6, "state": 2, "values": [0.23832094539492685], "datetime_complete": "2024-03-19T11:13:24.524985"}
{"op_code": 4, "worker_id": "4080edad-15cf-4d19-9a22-2150a636f6df-5336", "study_id": 0, "datetime_start": "2024-03-19T11:13:24.730108"}
{"op_code": 5, "worker_id": "4080edad-15cf-4d19-9a22-2150a636f6df-5336", "trial_id": 7, "param_name": "alpha", "param_value_internal": 0.005338862425021122, "distribution": "{\"name\": \"FloatDistribution\", \"attributes\": {\"step\": null, \"low\": 0.005, \"high\": 0.1, \"log\": false}}"}
{"op_code": 5, "worker_id": "4080edad-15cf-4d19-9a22-2150a636f6df-5336", "trial_id": 7, "param_name": "l1_ratio", "param_value_internal": 0.0034280323045036386, "distribution": "{\"name\": \"FloatDistribution\", \"attributes\": {\"step\": null, \"low\": 0.0, \"high\": 0.05, \"log\": false}}"}
{"op_code": 7, "worker_id": "4080edad-15cf-4d19-9a22-2150a636f6df-5336", "trial_id": 7, "step": 0, "intermediate_value": 0.23685627892125724}
{"op_code": 7, "worker_id": "4080edad-15cf-4d19-9a22-2150a636f6df-5336", "trial_id": 7, "step": 1, "intermediate_value": 0.23685627892125724}
{"op_code": 9, "worker_id": "4080edad-15cf-4d19-9a22-2150a636f6df-5336", "trial_id": 7, "system_attr": {"completed_rung_0": 0.23685627892125724}}
{"op_code": 6, "worker_id": "4080edad-15cf-4d19-9a22-2150a636f6df-5336", "trial_id": 7, "state": 2, "values": [0.23685627892125724], "datetime_complete": "2024-03-19T11:13:26.219208"}
{"op_code": 4, "worker_id": "4080edad-15cf-4d19-9a22-2150a636f6df-5336", "study_id": 0, "datetime_start": "2024-03-19T11:13:26.407801"}
{"op_code": 5, "worker_id": "4080edad-15cf-4d19-9a22-2150a636f6df-5336", "trial_id": 8, "param_name": "alpha", "param_value_internal": 0.033212437592875434, "distribution": "{\"name\": \"FloatDistribution\", \"attributes\": {\"step\": null, \"low\": 0.005, \"high\": 0.1, \"log\": false}}"}
{"op_code": 5, "worker_id": "4080edad-15cf-4d19-9a22-2150a636f6df-5336", "trial_id": 8, "param_name": "l1_ratio", "param_value_internal": 0.03350855647716331, "distribution": "{\"name\": \"FloatDistribution\", \"attributes\": {\"step\": null, \"low\": 0.0, \"high\": 0.05, \"log\": false}}"}
{"op_code": 7, "worker_id": "4080edad-15cf-4d19-9a22-2150a636f6df-5336", "trial_id": 8, "step": 0, "intermediate_value": 0.2385554279626373}
{"op_code": 7, "worker_id": "4080edad-15cf-4d19-9a22-2150a636f6df-5336", "trial_id": 8, "step": 1, "intermediate_value": 0.2385554279626373}
{"op_code": 9, "worker_id": "4080edad-15cf-4d19-9a22-2150a636f6df-5336", "trial_id": 8, "system_attr": {"completed_rung_0": 0.2385554279626373}}
{"op_code": 7, "worker_id": "4080edad-15cf-4d19-9a22-2150a636f6df-5336", "trial_id": 8, "step": 2, "intermediate_value": 0.2385554279626373}
{"op_code": 6, "worker_id": "4080edad-15cf-4d19-9a22-2150a636f6df-5336", "trial_id": 8, "state": 1, "values": [0.2385554279626373], "datetime_complete": "2024-03-19T11:13:28.855488"}
{"op_code": 4, "worker_id": "4080edad-15cf-4d19-9a22-2150a636f6df-5336", "study_id": 0, "datetime_start": "2024-03-19T11:13:29.221213"}
{"op_code": 5, "worker_id": "4080edad-15cf-4d19-9a22-2150a636f6df-5336", "trial_id": 9, "param_name": "alpha", "param_value_internal": 0.0773225234006499, "distribution": "{\"name\": \"FloatDistribution\", \"attributes\": {\"step\": null, \"low\": 0.005, \"high\": 0.1, \"log\": false}}"}
{"op_code": 5, "worker_id": "4080edad-15cf-4d19-9a22-2150a636f6df-5336", "trial_id": 9, "param_name": "l1_ratio", "param_value_internal": 0.01376442834039357, "distribution": "{\"name\": \"FloatDistribution\", \"attributes\": {\"step\": null, \"low\": 0.0, \"high\": 0.05, \"log\": false}}"}
{"op_code": 7, "worker_id": "4080edad-15cf-4d19-9a22-2150a636f6df-5336", "trial_id": 9, "step": 0, "intermediate_value": 0.23793353941349218}
{"op_code": 7, "worker_id": "4080edad-15cf-4d19-9a22-2150a636f6df-5336", "trial_id": 9, "step": 1, "intermediate_value": 0.23793353941349218}
{"op_code": 7, "worker_id": "4080edad-15cf-4d19-9a22-2150a636f6df-5336", "trial_id": 9, "step": 2, "intermediate_value": 0.23793353941349218}
{"op_code": 6, "worker_id": "4080edad-15cf-4d19-9a22-2150a636f6df-5336", "trial_id": 9, "state": 1, "values": [0.23793353941349218], "datetime_complete": "2024-03-19T11:13:30.859682"}
{"op_code": 4, "worker_id": "4080edad-15cf-4d19-9a22-2150a636f6df-5336", "study_id": 0, "datetime_start": "2024-03-19T11:13:31.460876"}
{"op_code": 5, "worker_id": "4080edad-15cf-4d19-9a22-2150a636f6df-5336", "trial_id": 10, "param_name": "alpha", "param_value_internal": 0.06910650708455643, "distribution": "{\"name\": \"FloatDistribution\", \"attributes\": {\"step\": null, \"low\": 0.005, \"high\": 0.1, \"log\": false}}"}
{"op_code": 5, "worker_id": "4080edad-15cf-4d19-9a22-2150a636f6df-5336", "trial_id": 10, "param_name": "l1_ratio", "param_value_internal": 0.03517430438231373, "distribution": "{\"name\": \"FloatDistribution\", \"attributes\": {\"step\": null, \"low\": 0.0, \"high\": 0.05, \"log\": false}}"}
{"op_code": 7, "worker_id": "4080edad-15cf-4d19-9a22-2150a636f6df-5336", "trial_id": 10, "step": 0, "intermediate_value": 0.23892924075174093}
{"op_code": 7, "worker_id": "4080edad-15cf-4d19-9a22-2150a636f6df-5336", "trial_id": 10, "step": 1, "intermediate_value": 0.23892924075174093}
{"op_code": 9, "worker_id": "4080edad-15cf-4d19-9a22-2150a636f6df-5336", "trial_id": 10, "system_attr": {"completed_rung_0": 0.23892924075174093}}
{"op_code": 7, "worker_id": "4080edad-15cf-4d19-9a22-2150a636f6df-5336", "trial_id": 10, "step": 2, "intermediate_value": 0.23892924075174093}
{"op_code": 6, "worker_id": "4080edad-15cf-4d19-9a22-2150a636f6df-5336", "trial_id": 10, "state": 1, "values": [0.23892924075174093], "datetime_complete": "2024-03-19T11:13:34.802216"}
{"op_code": 4, "worker_id": "4080edad-15cf-4d19-9a22-2150a636f6df-5336", "study_id": 0, "datetime_start": "2024-03-19T11:13:35.123564"}
{"op_code": 5, "worker_id": "4080edad-15cf-4d19-9a22-2150a636f6df-5336", "trial_id": 11, "param_name": "alpha", "param_value_internal": 0.06506445973277494, "distribution": "{\"name\": \"FloatDistribution\", \"attributes\": {\"step\": null, \"low\": 0.005, \"high\": 0.1, \"log\": false}}"}
{"op_code": 5, "worker_id": "4080edad-15cf-4d19-9a22-2150a636f6df-5336", "trial_id": 11, "param_name": "l1_ratio", "param_value_internal": 0.034005628540250625, "distribution": "{\"name\": \"FloatDistribution\", \"attributes\": {\"step\": null, \"low\": 0.0, \"high\": 0.05, \"log\": false}}"}
{"op_code": 7, "worker_id": "4080edad-15cf-4d19-9a22-2150a636f6df-5336", "trial_id": 11, "step": 0, "intermediate_value": 0.23897002032873402}
{"op_code": 7, "worker_id": "4080edad-15cf-4d19-9a22-2150a636f6df-5336", "trial_id": 11, "step": 1, "intermediate_value": 0.23897002032873402}
{"op_code": 9, "worker_id": "4080edad-15cf-4d19-9a22-2150a636f6df-5336", "trial_id": 11, "system_attr": {"completed_rung_0": 0.23897002032873402}}
{"op_code": 7, "worker_id": "4080edad-15cf-4d19-9a22-2150a636f6df-5336", "trial_id": 11, "step": 2, "intermediate_value": 0.23897002032873402}
{"op_code": 6, "worker_id": "4080edad-15cf-4d19-9a22-2150a636f6df-5336", "trial_id": 11, "state": 1, "values": [0.23897002032873402], "datetime_complete": "2024-03-19T11:13:36.806681"}
{"op_code": 4, "worker_id": "4080edad-15cf-4d19-9a22-2150a636f6df-5336", "study_id": 0, "datetime_start": "2024-03-19T11:13:37.126425"}
{"op_code": 5, "worker_id": "4080edad-15cf-4d19-9a22-2150a636f6df-5336", "trial_id": 12, "param_name": "alpha", "param_value_internal": 0.06694148059348161, "distribution": "{\"name\": \"FloatDistribution\", \"attributes\": {\"step\": null, \"low\": 0.005, \"high\": 0.1, \"log\": false}}"}
{"op_code": 5, "worker_id": "4080edad-15cf-4d19-9a22-2150a636f6df-5336", "trial_id": 12, "param_name": "l1_ratio", "param_value_internal": 0.03411949773672405, "distribution": "{\"name\": \"FloatDistribution\", \"attributes\": {\"step\": null, \"low\": 0.0, \"high\": 0.05, \"log\": false}}"}
{"op_code": 7, "worker_id": "4080edad-15cf-4d19-9a22-2150a636f6df-5336", "trial_id": 12, "step": 0, "intermediate_value": 0.2384874620009821}
{"op_code": 7, "worker_id": "4080edad-15cf-4d19-9a22-2150a636f6df-5336", "trial_id": 12, "step": 1, "intermediate_value": 0.2384874620009821}
{"op_code": 7, "worker_id": "4080edad-15cf-4d19-9a22-2150a636f6df-5336", "trial_id": 12, "step": 2, "intermediate_value": 0.2384874620009821}
{"op_code": 6, "worker_id": "4080edad-15cf-4d19-9a22-2150a636f6df-5336", "trial_id": 12, "state": 1, "values": [0.23848746200098211], "datetime_complete": "2024-03-19T11:13:39.733457"}
{"op_code": 4, "worker_id": "4080edad-15cf-4d19-9a22-2150a636f6df-5336", "study_id": 0, "datetime_start": "2024-03-19T11:13:40.144164"}
{"op_code": 5, "worker_id": "4080edad-15cf-4d19-9a22-2150a636f6df-5336", "trial_id": 13, "param_name": "alpha", "param_value_internal": 0.07204667239298518, "distribution": "{\"name\": \"FloatDistribution\", \"attributes\": {\"step\": null, \"low\": 0.005, \"high\": 0.1, \"log\": false}}"}
{"op_code": 5, "worker_id": "4080edad-15cf-4d19-9a22-2150a636f6df-5336", "trial_id": 13, "param_name": "l1_ratio", "param_value_internal": 0.04934912874696906, "distribution": "{\"name\": \"FloatDistribution\", \"attributes\": {\"step\": null, \"low\": 0.0, \"high\": 0.05, \"log\": false}}"}
{"op_code": 7, "worker_id": "4080edad-15cf-4d19-9a22-2150a636f6df-5336", "trial_id": 13, "step": 0, "intermediate_value": 0.23693443977716075}
{"op_code": 7, "worker_id": "4080edad-15cf-4d19-9a22-2150a636f6df-5336", "trial_id": 13, "step": 1, "intermediate_value": 0.23693443977716075}
{"op_code": 7, "worker_id": "4080edad-15cf-4d19-9a22-2150a636f6df-5336", "trial_id": 13, "step": 2, "intermediate_value": 0.23693443977716075}
{"op_code": 6, "worker_id": "4080edad-15cf-4d19-9a22-2150a636f6df-5336", "trial_id": 13, "state": 1, "values": [0.23693443977716075], "datetime_complete": "2024-03-19T11:13:43.037635"}
{"op_code": 4, "worker_id": "4080edad-15cf-4d19-9a22-2150a636f6df-5336", "study_id": 0, "datetime_start": "2024-03-19T11:13:43.373931"}
{"op_code": 5, "worker_id": "4080edad-15cf-4d19-9a22-2150a636f6df-5336", "trial_id": 14, "param_name": "alpha", "param_value_internal": 0.08103605217892121, "distribution": "{\"name\": \"FloatDistribution\", \"attributes\": {\"step\": null, \"low\": 0.005, \"high\": 0.1, \"log\": false}}"}
{"op_code": 5, "worker_id": "4080edad-15cf-4d19-9a22-2150a636f6df-5336", "trial_id": 14, "param_name": "l1_ratio", "param_value_internal": 0.034726452509735946, "distribution": "{\"name\": \"FloatDistribution\", \"attributes\": {\"step\": null, \"low\": 0.0, \"high\": 0.05, \"log\": false}}"}
{"op_code": 7, "worker_id": "4080edad-15cf-4d19-9a22-2150a636f6df-5336", "trial_id": 14, "step": 0, "intermediate_value": 0.23856902115496834}
{"op_code": 7, "worker_id": "4080edad-15cf-4d19-9a22-2150a636f6df-5336", "trial_id": 14, "step": 1, "intermediate_value": 0.23856902115496834}
{"op_code": 9, "worker_id": "4080edad-15cf-4d19-9a22-2150a636f6df-5336", "trial_id": 14, "system_attr": {"completed_rung_0": 0.23856902115496834}}
{"op_code": 6, "worker_id": "4080edad-15cf-4d19-9a22-2150a636f6df-5336", "trial_id": 14, "state": 2, "values": [0.23856902115496834], "datetime_complete": "2024-03-19T11:13:45.715916"}
{"op_code": 4, "worker_id": "4080edad-15cf-4d19-9a22-2150a636f6df-5336", "study_id": 0, "datetime_start": "2024-03-19T11:13:46.113188"}
{"op_code": 5, "worker_id": "4080edad-15cf-4d19-9a22-2150a636f6df-5336", "trial_id": 15, "param_name": "alpha", "param_value_internal": 0.06783785086674797, "distribution": "{\"name\": \"FloatDistribution\", \"attributes\": {\"step\": null, \"low\": 0.005, \"high\": 0.1, \"log\": false}}"}
{"op_code": 5, "worker_id": "4080edad-15cf-4d19-9a22-2150a636f6df-5336", "trial_id": 15, "param_name": "l1_ratio", "param_value_internal": 0.04048754875997278, "distribution": "{\"name\": \"FloatDistribution\", \"attributes\": {\"step\": null, \"low\": 0.0, \"high\": 0.05, \"log\": false}}"}
{"op_code": 7, "worker_id": "4080edad-15cf-4d19-9a22-2150a636f6df-5336", "trial_id": 15, "step": 0, "intermediate_value": 0.2388544781939202}
{"op_code": 7, "worker_id": "4080edad-15cf-4d19-9a22-2150a636f6df-5336", "trial_id": 15, "step": 1, "intermediate_value": 0.2388544781939202}
{"op_code": 9, "worker_id": "4080edad-15cf-4d19-9a22-2150a636f6df-5336", "trial_id": 15, "system_attr": {"completed_rung_0": 0.2388544781939202}}
{"op_code": 7, "worker_id": "4080edad-15cf-4d19-9a22-2150a636f6df-5336", "trial_id": 15, "step": 2, "intermediate_value": 0.2388544781939202}
{"op_code": 6, "worker_id": "4080edad-15cf-4d19-9a22-2150a636f6df-5336", "trial_id": 15, "state": 1, "values": [0.23885447819392022], "datetime_complete": "2024-03-19T11:13:47.840160"}
{"op_code": 4, "worker_id": "4080edad-15cf-4d19-9a22-2150a636f6df-5336", "study_id": 0, "datetime_start": "2024-03-19T11:13:48.142516"}
{"op_code": 5, "worker_id": "4080edad-15cf-4d19-9a22-2150a636f6df-5336", "trial_id": 16, "param_name": "alpha", "param_value_internal": 0.09732474934527509, "distribution": "{\"name\": \"FloatDistribution\", \"attributes\": {\"step\": null, \"low\": 0.005, \"high\": 0.1, \"log\": false}}"}
{"op_code": 5, "worker_id": "4080edad-15cf-4d19-9a22-2150a636f6df-5336", "trial_id": 16, "param_name": "l1_ratio", "param_value_internal": 0.030368980052301094, "distribution": "{\"name\": \"FloatDistribution\", \"attributes\": {\"step\": null, \"low\": 0.0, \"high\": 0.05, \"log\": false}}"}
{"op_code": 7, "worker_id": "4080edad-15cf-4d19-9a22-2150a636f6df-5336", "trial_id": 16, "step": 0, "intermediate_value": 0.24006767060946557}
{"op_code": 7, "worker_id": "4080edad-15cf-4d19-9a22-2150a636f6df-5336", "trial_id": 16, "step": 1, "intermediate_value": 0.24006767060946557}
{"op_code": 9, "worker_id": "4080edad-15cf-4d19-9a22-2150a636f6df-5336", "trial_id": 16, "system_attr": {"completed_rung_0": 0.24006767060946557}}
{"op_code": 7, "worker_id": "4080edad-15cf-4d19-9a22-2150a636f6df-5336", "trial_id": 16, "step": 2, "intermediate_value": 0.24006767060946557}
{"op_code": 6, "worker_id": "4080edad-15cf-4d19-9a22-2150a636f6df-5336", "trial_id": 16, "state": 1, "values": [0.24006767060946557], "datetime_complete": "2024-03-19T11:13:48.299910"}
{"op_code": 4, "worker_id": "4080edad-15cf-4d19-9a22-2150a636f6df-5336", "study_id": 0, "datetime_start": "2024-03-19T11:13:48.315466"}
{"op_code": 5, "worker_id": "4080edad-15cf-4d19-9a22-2150a636f6df-5336", "trial_id": 17, "param_name": "alpha", "param_value_internal": 0.09362768242745807, "distribution": "{\"name\": \"FloatDistribution\", \"attributes\": {\"step\": null, \"low\": 0.005, \"high\": 0.1, \"log\": false}}"}
{"op_code": 5, "worker_id": "4080edad-15cf-4d19-9a22-2150a636f6df-5336", "trial_id": 17, "param_name": "l1_ratio", "param_value_internal": 0.028556308986160787, "distribution": "{\"name\": \"FloatDistribution\", \"attributes\": {\"step\": null, \"low\": 0.0, \"high\": 0.05, \"log\": false}}"}
{"op_code": 7, "worker_id": "4080edad-15cf-4d19-9a22-2150a636f6df-5336", "trial_id": 17, "step": 0, "intermediate_value": 0.23936082460825145}
{"op_code": 7, "worker_id": "4080edad-15cf-4d19-9a22-2150a636f6df-5336", "trial_id": 17, "step": 1, "intermediate_value": 0.23936082460825145}
{"op_code": 9, "worker_id": "4080edad-15cf-4d19-9a22-2150a636f6df-5336", "trial_id": 17, "system_attr": {"completed_rung_0": 0.23936082460825145}}
{"op_code": 7, "worker_id": "4080edad-15cf-4d19-9a22-2150a636f6df-5336", "trial_id": 17, "step": 2, "intermediate_value": 0.23936082460825145}
{"op_code": 6, "worker_id": "4080edad-15cf-4d19-9a22-2150a636f6df-5336", "trial_id": 17, "state": 1, "values": [0.23936082460825145], "datetime_complete": "2024-03-19T11:13:50.044957"}
{"op_code": 4, "worker_id": "4080edad-15cf-4d19-9a22-2150a636f6df-5336", "study_id": 0, "datetime_start": "2024-03-19T11:13:50.118427"}
{"op_code": 5, "worker_id": "4080edad-15cf-4d19-9a22-2150a636f6df-5336", "trial_id": 18, "param_name": "alpha", "param_value_internal": 0.0983013985416607, "distribution": "{\"name\": \"FloatDistribution\", \"attributes\": {\"step\": null, \"low\": 0.005, \"high\": 0.1, \"log\": false}}"}
{"op_code": 5, "worker_id": "4080edad-15cf-4d19-9a22-2150a636f6df-5336", "trial_id": 18, "param_name": "l1_ratio", "param_value_internal": 0.027477235160095908, "distribution": "{\"name\": \"FloatDistribution\", \"attributes\": {\"step\": null, \"low\": 0.0, \"high\": 0.05, \"log\": false}}"}
{"op_code": 7, "worker_id": "4080edad-15cf-4d19-9a22-2150a636f6df-5336", "trial_id": 18, "step": 0, "intermediate_value": 0.23958511228171367}
{"op_code": 7, "worker_id": "4080edad-15cf-4d19-9a22-2150a636f6df-5336", "trial_id": 18, "step": 1, "intermediate_value": 0.23958511228171367}
{"op_code": 7, "worker_id": "4080edad-15cf-4d19-9a22-2150a636f6df-5336", "trial_id": 18, "step": 2, "intermediate_value": 0.23958511228171367}
{"op_code": 6, "worker_id": "4080edad-15cf-4d19-9a22-2150a636f6df-5336", "trial_id": 18, "state": 1, "values": [0.23958511228171367], "datetime_complete": "2024-03-19T11:13:50.290745"}
{"op_code": 4, "worker_id": "4080edad-15cf-4d19-9a22-2150a636f6df-5336", "study_id": 0, "datetime_start": "2024-03-19T11:13:50.372060"}
{"op_code": 5, "worker_id": "4080edad-15cf-4d19-9a22-2150a636f6df-5336", "trial_id": 19, "param_name": "alpha", "param_value_internal": 0.09528616475116743, "distribution": "{\"name\": \"FloatDistribution\", \"attributes\": {\"step\": null, \"low\": 0.005, \"high\": 0.1, \"log\": false}}"}
{"op_code": 5, "worker_id": "4080edad-15cf-4d19-9a22-2150a636f6df-5336", "trial_id": 19, "param_name": "l1_ratio", "param_value_internal": 0.015586798519245472, "distribution": "{\"name\": \"FloatDistribution\", \"attributes\": {\"step\": null, \"low\": 0.0, \"high\": 0.05, \"log\": false}}"}
{"op_code": 7, "worker_id": "4080edad-15cf-4d19-9a22-2150a636f6df-5336", "trial_id": 19, "step": 0, "intermediate_value": 0.23836172497191999}
{"op_code": 7, "worker_id": "4080edad-15cf-4d19-9a22-2150a636f6df-5336", "trial_id": 19, "step": 1, "intermediate_value": 0.23836172497191999}
{"op_code": 9, "worker_id": "4080edad-15cf-4d19-9a22-2150a636f6df-5336", "trial_id": 19, "system_attr": {"completed_rung_0": 0.23836172497191999}}
{"op_code": 6, "worker_id": "4080edad-15cf-4d19-9a22-2150a636f6df-5336", "trial_id": 19, "state": 2, "values": [0.23836172497191999], "datetime_complete": "2024-03-19T11:13:50.551201"}
