{"op_code": 0, "worker_id": "9500bf6c-b823-47f8-8274-2a876c53384a-9760", "study_name": "RF", "directions": [2]}
{"op_code": 4, "worker_id": "9500bf6c-b823-47f8-8274-2a876c53384a-14956", "study_id": 0, "datetime_start": "2024-03-19T11:13:31.498190"}
{"op_code": 5, "worker_id": "9500bf6c-b823-47f8-8274-2a876c53384a-14956", "trial_id": 0, "param_name": "n_estimators", "param_value_internal": 1, "distribution": "{\"name\": \"CategoricalDistribution\", \"attributes\": {\"choices\": [500, 750, 1000]}}"}
{"op_code": 5, "worker_id": "9500bf6c-b823-47f8-8274-2a876c53384a-14956", "trial_id": 0, "param_name": "max_features", "param_value_internal": 1, "distribution": "{\"name\": \"CategoricalDistribution\", \"attributes\": {\"choices\": [\"sqrt\", \"log2\"]}}"}
{"op_code": 5, "worker_id": "9500bf6c-b823-47f8-8274-2a876c53384a-14956", "trial_id": 0, "param_name": "max_depth", "param_value_internal": 3, "distribution": "{\"name\": \"CategoricalDistribution\", \"attributes\": {\"choices\": [null, 2, 5, 10, 20]}}"}
{"op_code": 7, "worker_id": "9500bf6c-b823-47f8-8274-2a876c53384a-14956", "trial_id": 0, "step": 0, "intermediate_value": 0.2893057697914908}
{"op_code": 7, "worker_id": "9500bf6c-b823-47f8-8274-2a876c53384a-14956", "trial_id": 0, "step": 1, "intermediate_value": 0.3012379016846854}
{"op_code": 7, "worker_id": "9500bf6c-b823-47f8-8274-2a876c53384a-14956", "trial_id": 0, "step": 2, "intermediate_value": 0.29720388272791465}
{"op_code": 6, "worker_id": "9500bf6c-b823-47f8-8274-2a876c53384a-14956", "trial_id": 0, "state": 1, "values": [0.2959158514013636], "datetime_complete": "2024-03-19T11:17:03.742038"}
{"op_code": 4, "worker_id": "9500bf6c-b823-47f8-8274-2a876c53384a-14956", "study_id": 0, "datetime_start": "2024-03-19T11:17:03.858931"}
{"op_code": 5, "worker_id": "9500bf6c-b823-47f8-8274-2a876c53384a-14956", "trial_id": 1, "param_name": "n_estimators", "param_value_internal": 1, "distribution": "{\"name\": \"CategoricalDistribution\", \"attributes\": {\"choices\": [500, 750, 1000]}}"}
{"op_code": 5, "worker_id": "9500bf6c-b823-47f8-8274-2a876c53384a-14956", "trial_id": 1, "param_name": "max_features", "param_value_internal": 1, "distribution": "{\"name\": \"CategoricalDistribution\", \"attributes\": {\"choices\": [\"sqrt\", \"log2\"]}}"}
{"op_code": 5, "worker_id": "9500bf6c-b823-47f8-8274-2a876c53384a-14956", "trial_id": 1, "param_name": "max_depth", "param_value_internal": 3, "distribution": "{\"name\": \"CategoricalDistribution\", \"attributes\": {\"choices\": [null, 2, 5, 10, 20]}}"}
{"op_code": 7, "worker_id": "9500bf6c-b823-47f8-8274-2a876c53384a-14956", "trial_id": 1, "step": 0, "intermediate_value": 0.29943329842769695}
{"op_code": 7, "worker_id": "9500bf6c-b823-47f8-8274-2a876c53384a-14956", "trial_id": 1, "step": 1, "intermediate_value": 0.2845410734331146}
{"op_code": 9, "worker_id": "9500bf6c-b823-47f8-8274-2a876c53384a-14956", "trial_id": 1, "system_attr": {"completed_rung_0": 0.2845410734331146}}
{"op_code": 7, "worker_id": "9500bf6c-b823-47f8-8274-2a876c53384a-14956", "trial_id": 1, "step": 2, "intermediate_value": 0.30241718102588117}
{"op_code": 6, "worker_id": "9500bf6c-b823-47f8-8274-2a876c53384a-14956", "trial_id": 1, "state": 1, "values": [0.2954638509622309], "datetime_complete": "2024-03-19T11:20:01.311151"}
{"op_code": 4, "worker_id": "9500bf6c-b823-47f8-8274-2a876c53384a-14956", "study_id": 0, "datetime_start": "2024-03-19T11:20:01.649058"}
{"op_code": 5, "worker_id": "9500bf6c-b823-47f8-8274-2a876c53384a-14956", "trial_id": 2, "param_name": "n_estimators", "param_value_internal": 0, "distribution": "{\"name\": \"CategoricalDistribution\", \"attributes\": {\"choices\": [500, 750, 1000]}}"}
{"op_code": 5, "worker_id": "9500bf6c-b823-47f8-8274-2a876c53384a-14956", "trial_id": 2, "param_name": "max_features", "param_value_internal": 1, "distribution": "{\"name\": \"CategoricalDistribution\", \"attributes\": {\"choices\": [\"sqrt\", \"log2\"]}}"}
{"op_code": 5, "worker_id": "9500bf6c-b823-47f8-8274-2a876c53384a-14956", "trial_id": 2, "param_name": "max_depth", "param_value_internal": 1, "distribution": "{\"name\": \"CategoricalDistribution\", \"attributes\": {\"choices\": [null, 2, 5, 10, 20]}}"}
{"op_code": 7, "worker_id": "9500bf6c-b823-47f8-8274-2a876c53384a-14956", "trial_id": 2, "step": 0, "intermediate_value": 0.170382652507448}
{"op_code": 7, "worker_id": "9500bf6c-b823-47f8-8274-2a876c53384a-14956", "trial_id": 2, "step": 1, "intermediate_value": 0.18671388111969053}
{"op_code": 9, "worker_id": "9500bf6c-b823-47f8-8274-2a876c53384a-14956", "trial_id": 2, "system_attr": {"completed_rung_0": 0.18671388111969053}}
{"op_code": 6, "worker_id": "9500bf6c-b823-47f8-8274-2a876c53384a-14956", "trial_id": 2, "state": 2, "values": [0.18671388111969053], "datetime_complete": "2024-03-19T11:20:31.609717"}
{"op_code": 4, "worker_id": "9500bf6c-b823-47f8-8274-2a876c53384a-14956", "study_id": 0, "datetime_start": "2024-03-19T11:20:31.737811"}
{"op_code": 5, "worker_id": "9500bf6c-b823-47f8-8274-2a876c53384a-14956", "trial_id": 3, "param_name": "n_estimators", "param_value_internal": 1, "distribution": "{\"name\": \"CategoricalDistribution\", \"attributes\": {\"choices\": [500, 750, 1000]}}"}
{"op_code": 5, "worker_id": "9500bf6c-b823-47f8-8274-2a876c53384a-14956", "trial_id": 3, "param_name": "max_features", "param_value_internal": 0, "distribution": "{\"name\": \"CategoricalDistribution\", \"attributes\": {\"choices\": [\"sqrt\", \"log2\"]}}"}
{"op_code": 5, "worker_id": "9500bf6c-b823-47f8-8274-2a876c53384a-14956", "trial_id": 3, "param_name": "max_depth", "param_value_internal": 3, "distribution": "{\"name\": \"CategoricalDistribution\", \"attributes\": {\"choices\": [null, 2, 5, 10, 20]}}"}
{"op_code": 7, "worker_id": "9500bf6c-b823-47f8-8274-2a876c53384a-14956", "trial_id": 3, "step": 0, "intermediate_value": 0.25625196324258426}
{"op_code": 7, "worker_id": "9500bf6c-b823-47f8-8274-2a876c53384a-14956", "trial_id": 3, "step": 1, "intermediate_value": 0.29568475343248374}
{"op_code": 7, "worker_id": "9500bf6c-b823-47f8-8274-2a876c53384a-14956", "trial_id": 3, "step": 2, "intermediate_value": 0.2814552358486598}
{"op_code": 6, "worker_id": "9500bf6c-b823-47f8-8274-2a876c53384a-14956", "trial_id": 3, "state": 1, "values": [0.2777973175079092], "datetime_complete": "2024-03-19T11:23:18.976915"}
{"op_code": 4, "worker_id": "9500bf6c-b823-47f8-8274-2a876c53384a-14956", "study_id": 0, "datetime_start": "2024-03-19T11:23:19.158953"}
{"op_code": 5, "worker_id": "9500bf6c-b823-47f8-8274-2a876c53384a-14956", "trial_id": 4, "param_name": "n_estimators", "param_value_internal": 2, "distribution": "{\"name\": \"CategoricalDistribution\", \"attributes\": {\"choices\": [500, 750, 1000]}}"}
{"op_code": 5, "worker_id": "9500bf6c-b823-47f8-8274-2a876c53384a-14956", "trial_id": 4, "param_name": "max_features", "param_value_internal": 1, "distribution": "{\"name\": \"CategoricalDistribution\", \"attributes\": {\"choices\": [\"sqrt\", \"log2\"]}}"}
{"op_code": 5, "worker_id": "9500bf6c-b823-47f8-8274-2a876c53384a-14956", "trial_id": 4, "param_name": "max_depth", "param_value_internal": 2, "distribution": "{\"name\": \"CategoricalDistribution\", \"attributes\": {\"choices\": [null, 2, 5, 10, 20]}}"}
{"op_code": 7, "worker_id": "9500bf6c-b823-47f8-8274-2a876c53384a-14956", "trial_id": 4, "step": 0, "intermediate_value": 0.23747865177063696}
{"op_code": 7, "worker_id": "9500bf6c-b823-47f8-8274-2a876c53384a-14956", "trial_id": 4, "step": 1, "intermediate_value": 0.20753447230298167}
{"op_code": 7, "worker_id": "9500bf6c-b823-47f8-8274-2a876c53384a-14956", "trial_id": 4, "step": 2, "intermediate_value": 0.22595433982252447}
{"op_code": 6, "worker_id": "9500bf6c-b823-47f8-8274-2a876c53384a-14956", "trial_id": 4, "state": 1, "values": [0.22365582129871434], "datetime_complete": "2024-03-19T11:25:56.571901"}
{"op_code": 4, "worker_id": "9500bf6c-b823-47f8-8274-2a876c53384a-14956", "study_id": 0, "datetime_start": "2024-03-19T11:25:56.958865"}
{"op_code": 5, "worker_id": "9500bf6c-b823-47f8-8274-2a876c53384a-14956", "trial_id": 5, "param_name": "n_estimators", "param_value_internal": 1, "distribution": "{\"name\": \"CategoricalDistribution\", \"attributes\": {\"choices\": [500, 750, 1000]}}"}
{"op_code": 5, "worker_id": "9500bf6c-b823-47f8-8274-2a876c53384a-14956", "trial_id": 5, "param_name": "max_features", "param_value_internal": 0, "distribution": "{\"name\": \"CategoricalDistribution\", \"attributes\": {\"choices\": [\"sqrt\", \"log2\"]}}"}
{"op_code": 5, "worker_id": "9500bf6c-b823-47f8-8274-2a876c53384a-14956", "trial_id": 5, "param_name": "max_depth", "param_value_internal": 0, "distribution": "{\"name\": \"CategoricalDistribution\", \"attributes\": {\"choices\": [null, 2, 5, 10, 20]}}"}
{"op_code": 7, "worker_id": "9500bf6c-b823-47f8-8274-2a876c53384a-14956", "trial_id": 5, "step": 0, "intermediate_value": 0.29696938625949243}
{"op_code": 7, "worker_id": "9500bf6c-b823-47f8-8274-2a876c53384a-14956", "trial_id": 5, "step": 1, "intermediate_value": 0.2957901069182966}
{"op_code": 9, "worker_id": "9500bf6c-b823-47f8-8274-2a876c53384a-14956", "trial_id": 5, "system_attr": {"completed_rung_0": 0.2957901069182966}}
