{"op_code": 0, "worker_id": "ac952263-9f0a-409e-8c25-6bef007ac634-9760", "study_name": "ANN", "directions": [2]}
{"op_code": 4, "worker_id": "ac952263-9f0a-409e-8c25-6bef007ac634-20008", "study_id": 0, "datetime_start": "2024-03-19T11:12:15.547817"}
{"op_code": 5, "worker_id": "ac952263-9f0a-409e-8c25-6bef007ac634-20008", "trial_id": 0, "param_name": "learning_rate_init", "param_value_internal": 0.1011391321600472, "distribution": "{\"name\": \"FloatDistribution\", \"attributes\": {\"step\": null, \"low\": 0.05, \"high\": 0.15, \"log\": false}}"}
{"op_code": 5, "worker_id": "ac952263-9f0a-409e-8c25-6bef007ac634-20008", "trial_id": 0, "param_name": "hidden_layer_sizes", "param_value_internal": 2, "distribution": "{\"name\": \"CategoricalDistribution\", \"attributes\": {\"choices\": [[5, 5, 5], [5, 5, 5, 5, 5], [10, 10, 10]]}}"}
{"op_code": 7, "worker_id": "ac952263-9f0a-409e-8c25-6bef007ac634-20008", "trial_id": 0, "step": 0, "intermediate_value": 0.3534400435134606}
{"op_code": 7, "worker_id": "ac952263-9f0a-409e-8c25-6bef007ac634-20008", "trial_id": 0, "step": 1, "intermediate_value": 0.418436354838877}
{"op_code": 7, "worker_id": "ac952263-9f0a-409e-8c25-6bef007ac634-20008", "trial_id": 0, "step": 2, "intermediate_value": 0.14005154964567967}
{"op_code": 6, "worker_id": "ac952263-9f0a-409e-8c25-6bef007ac634-20008", "trial_id": 0, "state": 1, "values": [0.30397598266600573], "datetime_complete": "2024-03-19T11:15:34.868701"}
{"op_code": 4, "worker_id": "ac952263-9f0a-409e-8c25-6bef007ac634-20008", "study_id": 0, "datetime_start": "2024-03-19T11:15:35.091230"}
{"op_code": 5, "worker_id": "ac952263-9f0a-409e-8c25-6bef007ac634-20008", "trial_id": 1, "param_name": "learning_rate_init", "param_value_internal": 0.10439785274495175, "distribution": "{\"name\": \"FloatDistribution\", \"attributes\": {\"step\": null, \"low\": 0.05, \"high\": 0.15, \"log\": false}}"}
{"op_code": 5, "worker_id": "ac952263-9f0a-409e-8c25-6bef007ac634-20008", "trial_id": 1, "param_name": "hidden_layer_sizes", "param_value_internal": 2, "distribution": "{\"name\": \"CategoricalDistribution\", \"attributes\": {\"choices\": [[5, 5, 5], [5, 5, 5, 5, 5], [10, 10, 10]]}}"}
{"op_code": 7, "worker_id": "ac952263-9f0a-409e-8c25-6bef007ac634-20008", "trial_id": 1, "step": 0, "intermediate_value": 0.163893788644207}
{"op_code": 7, "worker_id": "ac952263-9f0a-409e-8c25-6bef007ac634-20008", "trial_id": 1, "step": 1, "intermediate_value": 0.16469883944595046}
{"op_code": 7, "worker_id": "ac952263-9f0a-409e-8c25-6bef007ac634-20008", "trial_id": 1, "step": 2, "intermediate_value": 0.31912759578265365}
{"op_code": 6, "worker_id": "ac952263-9f0a-409e-8c25-6bef007ac634-20008", "trial_id": 1, "state": 1, "values": [0.215906741290937], "datetime_complete": "2024-03-19T11:17:36.620481"}
{"op_code": 4, "worker_id": "ac952263-9f0a-409e-8c25-6bef007ac634-20008", "study_id": 0, "datetime_start": "2024-03-19T11:17:36.764933"}
{"op_code": 5, "worker_id": "ac952263-9f0a-409e-8c25-6bef007ac634-20008", "trial_id": 2, "param_name": "learning_rate_init", "param_value_internal": 0.05964245106167097, "distribution": "{\"name\": \"FloatDistribution\", \"attributes\": {\"step\": null, \"low\": 0.05, \"high\": 0.15, \"log\": false}}"}
{"op_code": 5, "worker_id": "ac952263-9f0a-409e-8c25-6bef007ac634-20008", "trial_id": 2, "param_name": "hidden_layer_sizes", "param_value_internal": 2, "distribution": "{\"name\": \"CategoricalDistribution\", \"attributes\": {\"choices\": [[5, 5, 5], [5, 5, 5, 5, 5], [10, 10, 10]]}}"}
{"op_code": 7, "worker_id": "ac952263-9f0a-409e-8c25-6bef007ac634-20008", "trial_id": 2, "step": 0, "intermediate_value": 0.18641246954495266}
{"op_code": 7, "worker_id": "ac952263-9f0a-409e-8c25-6bef007ac634-20008", "trial_id": 2, "step": 1, "intermediate_value": 0.26497352719631195}
{"op_code": 7, "worker_id": "ac952263-9f0a-409e-8c25-6bef007ac634-20008", "trial_id": 2, "step": 2, "intermediate_value": 0.3235174438119428}
{"op_code": 6, "worker_id": "ac952263-9f0a-409e-8c25-6bef007ac634-20008", "trial_id": 2, "state": 1, "values": [0.25830114685106914], "datetime_complete": "2024-03-19T11:20:03.424950"}
{"op_code": 4, "worker_id": "ac952263-9f0a-409e-8c25-6bef007ac634-20008", "study_id": 0, "datetime_start": "2024-03-19T11:20:03.607212"}
{"op_code": 5, "worker_id": "ac952263-9f0a-409e-8c25-6bef007ac634-20008", "trial_id": 3, "param_name": "learning_rate_init", "param_value_internal": 0.14654783444804395, "distribution": "{\"name\": \"FloatDistribution\", \"attributes\": {\"step\": null, \"low\": 0.05, \"high\": 0.15, \"log\": false}}"}
{"op_code": 5, "worker_id": "ac952263-9f0a-409e-8c25-6bef007ac634-20008", "trial_id": 3, "param_name": "hidden_layer_sizes", "param_value_internal": 1, "distribution": "{\"name\": \"CategoricalDistribution\", \"attributes\": {\"choices\": [[5, 5, 5], [5, 5, 5, 5, 5], [10, 10, 10]]}}"}
{"op_code": 7, "worker_id": "ac952263-9f0a-409e-8c25-6bef007ac634-20008", "trial_id": 3, "step": 0, "intermediate_value": 0.31307569458239937}
{"op_code": 7, "worker_id": "ac952263-9f0a-409e-8c25-6bef007ac634-20008", "trial_id": 3, "step": 1, "intermediate_value": 0.3246556065799398}
{"op_code": 9, "worker_id": "ac952263-9f0a-409e-8c25-6bef007ac634-20008", "trial_id": 3, "system_attr": {"completed_rung_0": 0.3246556065799398}}
{"op_code": 7, "worker_id": "ac952263-9f0a-409e-8c25-6bef007ac634-20008", "trial_id": 3, "step": 2, "intermediate_value": 0.33823996009930946}
{"op_code": 6, "worker_id": "ac952263-9f0a-409e-8c25-6bef007ac634-20008", "trial_id": 3, "state": 1, "values": [0.32532375375388284], "datetime_complete": "2024-03-19T11:22:02.469062"}
{"op_code": 4, "worker_id": "ac952263-9f0a-409e-8c25-6bef007ac634-20008", "study_id": 0, "datetime_start": "2024-03-19T11:22:02.749290"}
{"op_code": 5, "worker_id": "ac952263-9f0a-409e-8c25-6bef007ac634-20008", "trial_id": 4, "param_name": "learning_rate_init", "param_value_internal": 0.14726149965412066, "distribution": "{\"name\": \"FloatDistribution\", \"attributes\": {\"step\": null, \"low\": 0.05, \"high\": 0.15, \"log\": false}}"}
{"op_code": 5, "worker_id": "ac952263-9f0a-409e-8c25-6bef007ac634-20008", "trial_id": 4, "param_name": "hidden_layer_sizes", "param_value_internal": 1, "distribution": "{\"name\": \"CategoricalDistribution\", \"attributes\": {\"choices\": [[5, 5, 5], [5, 5, 5, 5, 5], [10, 10, 10]]}}"}
{"op_code": 7, "worker_id": "ac952263-9f0a-409e-8c25-6bef007ac634-20008", "trial_id": 4, "step": 0, "intermediate_value": 0.2265831400590681}
{"op_code": 7, "worker_id": "ac952263-9f0a-409e-8c25-6bef007ac634-20008", "trial_id": 4, "step": 1, "intermediate_value": 0.17617268935478864}
{"op_code": 9, "worker_id": "ac952263-9f0a-409e-8c25-6bef007ac634-20008", "trial_id": 4, "system_attr": {"completed_rung_0": 0.17617268935478864}}
{"op_code": 6, "worker_id": "ac952263-9f0a-409e-8c25-6bef007ac634-20008", "trial_id": 4, "state": 2, "values": [0.17617268935478864], "datetime_complete": "2024-03-19T11:23:32.858572"}
{"op_code": 4, "worker_id": "ac952263-9f0a-409e-8c25-6bef007ac634-20008", "study_id": 0, "datetime_start": "2024-03-19T11:23:33.011396"}
{"op_code": 5, "worker_id": "ac952263-9f0a-409e-8c25-6bef007ac634-20008", "trial_id": 5, "param_name": "learning_rate_init", "param_value_internal": 0.14856021141253653, "distribution": "{\"name\": \"FloatDistribution\", \"attributes\": {\"step\": null, \"low\": 0.05, \"high\": 0.15, \"log\": false}}"}
{"op_code": 5, "worker_id": "ac952263-9f0a-409e-8c25-6bef007ac634-20008", "trial_id": 5, "param_name": "hidden_layer_sizes", "param_value_internal": 1, "distribution": "{\"name\": \"CategoricalDistribution\", \"attributes\": {\"choices\": [[5, 5, 5], [5, 5, 5, 5, 5], [10, 10, 10]]}}"}
{"op_code": 7, "worker_id": "ac952263-9f0a-409e-8c25-6bef007ac634-20008", "trial_id": 5, "step": 0, "intermediate_value": 0.3796985605515507}
{"op_code": 7, "worker_id": "ac952263-9f0a-409e-8c25-6bef007ac634-20008", "trial_id": 5, "step": 1, "intermediate_value": 0.04601520784067992}
{"op_code": 9, "worker_id": "ac952263-9f0a-409e-8c25-6bef007ac634-20008", "trial_id": 5, "system_attr": {"completed_rung_0": 0.04601520784067992}}
{"op_code": 6, "worker_id": "ac952263-9f0a-409e-8c25-6bef007ac634-20008", "trial_id": 5, "state": 2, "values": [0.04601520784067992], "datetime_complete": "2024-03-19T11:25:21.486619"}
{"op_code": 4, "worker_id": "ac952263-9f0a-409e-8c25-6bef007ac634-20008", "study_id": 0, "datetime_start": "2024-03-19T11:25:21.891018"}
{"op_code": 5, "worker_id": "ac952263-9f0a-409e-8c25-6bef007ac634-20008", "trial_id": 6, "param_name": "learning_rate_init", "param_value_internal": 0.12845872050072207, "distribution": "{\"name\": \"FloatDistribution\", \"attributes\": {\"step\": null, \"low\": 0.05, \"high\": 0.15, \"log\": false}}"}
{"op_code": 5, "worker_id": "ac952263-9f0a-409e-8c25-6bef007ac634-20008", "trial_id": 6, "param_name": "hidden_layer_sizes", "param_value_internal": 0, "distribution": "{\"name\": \"CategoricalDistribution\", \"attributes\": {\"choices\": [[5, 5, 5], [5, 5, 5, 5, 5], [10, 10, 10]]}}"}
{"op_code": 7, "worker_id": "ac952263-9f0a-409e-8c25-6bef007ac634-20008", "trial_id": 6, "step": 0, "intermediate_value": 0.3585706494253759}
{"op_code": 7, "worker_id": "ac952263-9f0a-409e-8c25-6bef007ac634-20008", "trial_id": 6, "step": 1, "intermediate_value": 0.3042098259769993}
{"op_code": 9, "worker_id": "ac952263-9f0a-409e-8c25-6bef007ac634-20008", "trial_id": 6, "system_attr": {"completed_rung_0": 0.3042098259769993}}
{"op_code": 6, "worker_id": "ac952263-9f0a-409e-8c25-6bef007ac634-20008", "trial_id": 6, "state": 2, "values": [0.3042098259769993], "datetime_complete": "2024-03-19T11:26:52.834053"}
{"op_code": 4, "worker_id": "ac952263-9f0a-409e-8c25-6bef007ac634-20008", "study_id": 0, "datetime_start": "2024-03-19T11:26:52.981463"}
{"op_code": 5, "worker_id": "ac952263-9f0a-409e-8c25-6bef007ac634-20008", "trial_id": 7, "param_name": "learning_rate_init", "param_value_internal": 0.12255116851710601, "distribution": "{\"name\": \"FloatDistribution\", \"attributes\": {\"step\": null, \"low\": 0.05, \"high\": 0.15, \"log\": false}}"}
{"op_code": 5, "worker_id": "ac952263-9f0a-409e-8c25-6bef007ac634-20008", "trial_id": 7, "param_name": "hidden_layer_sizes", "param_value_internal": 1, "distribution": "{\"name\": \"CategoricalDistribution\", \"attributes\": {\"choices\": [[5, 5, 5], [5, 5, 5, 5, 5], [10, 10, 10]]}}"}
{"op_code": 7, "worker_id": "ac952263-9f0a-409e-8c25-6bef007ac634-20008", "trial_id": 7, "step": 0, "intermediate_value": 0.4898939767452358}
