{"op_code": 0, "worker_id": "a3c9f696-3939-4adc-bfd1-ae0903295485-9760", "study_name": "GB", "directions": [2]}
{"op_code": 4, "worker_id": "a3c9f696-3939-4adc-bfd1-ae0903295485-7100", "study_id": 0, "datetime_start": "2024-03-19T11:12:14.923256"}
{"op_code": 5, "worker_id": "a3c9f696-3939-4adc-bfd1-ae0903295485-7100", "trial_id": 0, "param_name": "n_estimators", "param_value_internal": 0, "distribution": "{\"name\": \"CategoricalDistribution\", \"attributes\": {\"choices\": [5, 10, 20, 50]}}"}
{"op_code": 5, "worker_id": "a3c9f696-3939-4adc-bfd1-ae0903295485-7100", "trial_id": 0, "param_name": "learning_rate", "param_value_internal": 0.09746872703645452, "distribution": "{\"name\": \"FloatDistribution\", \"attributes\": {\"step\": null, \"low\": 0.05, \"high\": 0.175, \"log\": false}}"}
{"op_code": 5, "worker_id": "a3c9f696-3939-4adc-bfd1-ae0903295485-7100", "trial_id": 0, "param_name": "max_depth", "param_value_internal": 0, "distribution": "{\"name\": \"CategoricalDistribution\", \"attributes\": {\"choices\": [1, 2, 3]}}"}
{"op_code": 7, "worker_id": "a3c9f696-3939-4adc-bfd1-ae0903295485-7100", "trial_id": 0, "step": 0, "intermediate_value": 0.12882700379760967}
{"op_code": 7, "worker_id": "a3c9f696-3939-4adc-bfd1-ae0903295485-7100", "trial_id": 0, "step": 1, "intermediate_value": 0.12882700379760967}
{"op_code": 7, "worker_id": "a3c9f696-3939-4adc-bfd1-ae0903295485-7100", "trial_id": 0, "step": 2, "intermediate_value": 0.12882700379760967}
{"op_code": 6, "worker_id": "a3c9f696-3939-4adc-bfd1-ae0903295485-7100", "trial_id": 0, "state": 1, "values": [0.12882700379760967], "datetime_complete": "2024-03-19T11:12:16.371102"}
{"op_code": 4, "worker_id": "a3c9f696-3939-4adc-bfd1-ae0903295485-7100", "study_id": 0, "datetime_start": "2024-03-19T11:12:16.967423"}
{"op_code": 5, "worker_id": "a3c9f696-3939-4adc-bfd1-ae0903295485-7100", "trial_id": 1, "param_name": "n_estimators", "param_value_internal": 0, "distribution": "{\"name\": \"CategoricalDistribution\", \"attributes\": {\"choices\": [5, 10, 20, 50]}}"}
{"op_code": 5, "worker_id": "a3c9f696-3939-4adc-bfd1-ae0903295485-7100", "trial_id": 1, "param_name": "learning_rate", "param_value_internal": 0.09470661645722135, "distribution": "{\"name\": \"FloatDistribution\", \"attributes\": {\"step\": null, \"low\": 0.05, \"high\": 0.175, \"log\": false}}"}
{"op_code": 5, "worker_id": "a3c9f696-3939-4adc-bfd1-ae0903295485-7100", "trial_id": 1, "param_name": "max_depth", "param_value_internal": 0, "distribution": "{\"name\": \"CategoricalDistribution\", \"attributes\": {\"choices\": [1, 2, 3]}}"}
{"op_code": 7, "worker_id": "a3c9f696-3939-4adc-bfd1-ae0903295485-7100", "trial_id": 1, "step": 0, "intermediate_value": 0.12882700379760967}
{"op_code": 7, "worker_id": "a3c9f696-3939-4adc-bfd1-ae0903295485-7100", "trial_id": 1, "step": 1, "intermediate_value": 0.12882700379760967}
{"op_code": 7, "worker_id": "a3c9f696-3939-4adc-bfd1-ae0903295485-7100", "trial_id": 1, "step": 2, "intermediate_value": 0.12882700379760967}
{"op_code": 6, "worker_id": "a3c9f696-3939-4adc-bfd1-ae0903295485-7100", "trial_id": 1, "state": 1, "values": [0.12882700379760967], "datetime_complete": "2024-03-19T11:12:19.048915"}
{"op_code": 4, "worker_id": "a3c9f696-3939-4adc-bfd1-ae0903295485-7100", "study_id": 0, "datetime_start": "2024-03-19T11:12:19.299062"}
{"op_code": 5, "worker_id": "a3c9f696-3939-4adc-bfd1-ae0903295485-7100", "trial_id": 2, "param_name": "n_estimators", "param_value_internal": 3, "distribution": "{\"name\": \"CategoricalDistribution\", \"attributes\": {\"choices\": [5, 10, 20, 50]}}"}
{"op_code": 5, "worker_id": "a3c9f696-3939-4adc-bfd1-ae0903295485-7100", "trial_id": 2, "param_name": "learning_rate", "param_value_internal": 0.15227401299701876, "distribution": "{\"name\": \"FloatDistribution\", \"attributes\": {\"step\": null, \"low\": 0.05, \"high\": 0.175, \"log\": false}}"}
{"op_code": 5, "worker_id": "a3c9f696-3939-4adc-bfd1-ae0903295485-7100", "trial_id": 2, "param_name": "max_depth", "param_value_internal": 0, "distribution": "{\"name\": \"CategoricalDistribution\", \"attributes\": {\"choices\": [1, 2, 3]}}"}
{"op_code": 7, "worker_id": "a3c9f696-3939-4adc-bfd1-ae0903295485-7100", "trial_id": 2, "step": 0, "intermediate_value": 0.33578347511476664}
{"op_code": 7, "worker_id": "a3c9f696-3939-4adc-bfd1-ae0903295485-7100", "trial_id": 2, "step": 1, "intermediate_value": 0.33578347511476664}
{"op_code": 9, "worker_id": "a3c9f696-3939-4adc-bfd1-ae0903295485-7100", "trial_id": 2, "system_attr": {"completed_rung_0": 0.33578347511476664}}
{"op_code": 7, "worker_id": "a3c9f696-3939-4adc-bfd1-ae0903295485-7100", "trial_id": 2, "step": 2, "intermediate_value": 0.33578347511476664}
{"op_code": 6, "worker_id": "a3c9f696-3939-4adc-bfd1-ae0903295485-7100", "trial_id": 2, "state": 1, "values": [0.33578347511476664], "datetime_complete": "2024-03-19T11:12:26.599530"}
{"op_code": 4, "worker_id": "a3c9f696-3939-4adc-bfd1-ae0903295485-7100", "study_id": 0, "datetime_start": "2024-03-19T11:12:26.926477"}
{"op_code": 5, "worker_id": "a3c9f696-3939-4adc-bfd1-ae0903295485-7100", "trial_id": 3, "param_name": "n_estimators", "param_value_internal": 3, "distribution": "{\"name\": \"CategoricalDistribution\", \"attributes\": {\"choices\": [5, 10, 20, 50]}}"}
{"op_code": 5, "worker_id": "a3c9f696-3939-4adc-bfd1-ae0903295485-7100", "trial_id": 3, "param_name": "learning_rate", "param_value_internal": 0.16962658041917322, "distribution": "{\"name\": \"FloatDistribution\", \"attributes\": {\"step\": null, \"low\": 0.05, \"high\": 0.175, \"log\": false}}"}
{"op_code": 5, "worker_id": "a3c9f696-3939-4adc-bfd1-ae0903295485-7100", "trial_id": 3, "param_name": "max_depth", "param_value_internal": 1, "distribution": "{\"name\": \"CategoricalDistribution\", \"attributes\": {\"choices\": [1, 2, 3]}}"}
{"op_code": 7, "worker_id": "a3c9f696-3939-4adc-bfd1-ae0903295485-7100", "trial_id": 3, "step": 0, "intermediate_value": 0.5106922053236764}
{"op_code": 7, "worker_id": "a3c9f696-3939-4adc-bfd1-ae0903295485-7100", "trial_id": 3, "step": 1, "intermediate_value": 0.5106922053236764}
{"op_code": 9, "worker_id": "a3c9f696-3939-4adc-bfd1-ae0903295485-7100", "trial_id": 3, "system_attr": {"completed_rung_0": 0.5106922053236764}}
{"op_code": 7, "worker_id": "a3c9f696-3939-4adc-bfd1-ae0903295485-7100", "trial_id": 3, "step": 2, "intermediate_value": 0.5106922053236764}
{"op_code": 6, "worker_id": "a3c9f696-3939-4adc-bfd1-ae0903295485-7100", "trial_id": 3, "state": 1, "values": [0.5106922053236764], "datetime_complete": "2024-03-19T11:12:36.960927"}
{"op_code": 4, "worker_id": "a3c9f696-3939-4adc-bfd1-ae0903295485-7100", "study_id": 0, "datetime_start": "2024-03-19T11:12:37.089828"}
{"op_code": 5, "worker_id": "a3c9f696-3939-4adc-bfd1-ae0903295485-7100", "trial_id": 4, "param_name": "n_estimators", "param_value_internal": 3, "distribution": "{\"name\": \"CategoricalDistribution\", \"attributes\": {\"choices\": [5, 10, 20, 50]}}"}
{"op_code": 5, "worker_id": "a3c9f696-3939-4adc-bfd1-ae0903295485-7100", "trial_id": 4, "param_name": "learning_rate", "param_value_internal": 0.16282857309365262, "distribution": "{\"name\": \"FloatDistribution\", \"attributes\": {\"step\": null, \"low\": 0.05, \"high\": 0.175, \"log\": false}}"}
{"op_code": 5, "worker_id": "a3c9f696-3939-4adc-bfd1-ae0903295485-7100", "trial_id": 4, "param_name": "max_depth", "param_value_internal": 1, "distribution": "{\"name\": \"CategoricalDistribution\", \"attributes\": {\"choices\": [1, 2, 3]}}"}
{"op_code": 7, "worker_id": "a3c9f696-3939-4adc-bfd1-ae0903295485-7100", "trial_id": 4, "step": 0, "intermediate_value": 0.47517314424202617}
{"op_code": 7, "worker_id": "a3c9f696-3939-4adc-bfd1-ae0903295485-7100", "trial_id": 4, "step": 1, "intermediate_value": 0.47517314424202617}
{"op_code": 7, "worker_id": "a3c9f696-3939-4adc-bfd1-ae0903295485-7100", "trial_id": 4, "step": 2, "intermediate_value": 0.47517314424202617}
{"op_code": 6, "worker_id": "a3c9f696-3939-4adc-bfd1-ae0903295485-7100", "trial_id": 4, "state": 1, "values": [0.47517314424202617], "datetime_complete": "2024-03-19T11:12:45.528656"}
{"op_code": 4, "worker_id": "a3c9f696-3939-4adc-bfd1-ae0903295485-7100", "study_id": 0, "datetime_start": "2024-03-19T11:12:45.700342"}
{"op_code": 5, "worker_id": "a3c9f696-3939-4adc-bfd1-ae0903295485-7100", "trial_id": 5, "param_name": "n_estimators", "param_value_internal": 1, "distribution": "{\"name\": \"CategoricalDistribution\", \"attributes\": {\"choices\": [5, 10, 20, 50]}}"}
{"op_code": 5, "worker_id": "a3c9f696-3939-4adc-bfd1-ae0903295485-7100", "trial_id": 5, "param_name": "learning_rate", "param_value_internal": 0.05923901741999953, "distribution": "{\"name\": \"FloatDistribution\", \"attributes\": {\"step\": null, \"low\": 0.05, \"high\": 0.175, \"log\": false}}"}
{"op_code": 5, "worker_id": "a3c9f696-3939-4adc-bfd1-ae0903295485-7100", "trial_id": 5, "param_name": "max_depth", "param_value_internal": 1, "distribution": "{\"name\": \"CategoricalDistribution\", \"attributes\": {\"choices\": [1, 2, 3]}}"}
{"op_code": 7, "worker_id": "a3c9f696-3939-4adc-bfd1-ae0903295485-7100", "trial_id": 5, "step": 0, "intermediate_value": 0.29823647289091515}
{"op_code": 7, "worker_id": "a3c9f696-3939-4adc-bfd1-ae0903295485-7100", "trial_id": 5, "step": 1, "intermediate_value": 0.29823647289091515}
{"op_code": 7, "worker_id": "a3c9f696-3939-4adc-bfd1-ae0903295485-7100", "trial_id": 5, "step": 2, "intermediate_value": 0.29823647289091515}
{"op_code": 6, "worker_id": "a3c9f696-3939-4adc-bfd1-ae0903295485-7100", "trial_id": 5, "state": 1, "values": [0.29823647289091515], "datetime_complete": "2024-03-19T11:12:49.116824"}
{"op_code": 4, "worker_id": "a3c9f696-3939-4adc-bfd1-ae0903295485-7100", "study_id": 0, "datetime_start": "2024-03-19T11:12:49.482546"}
{"op_code": 5, "worker_id": "a3c9f696-3939-4adc-bfd1-ae0903295485-7100", "trial_id": 6, "param_name": "n_estimators", "param_value_internal": 2, "distribution": "{\"name\": \"CategoricalDistribution\", \"attributes\": {\"choices\": [5, 10, 20, 50]}}"}
{"op_code": 5, "worker_id": "a3c9f696-3939-4adc-bfd1-ae0903295485-7100", "trial_id": 6, "param_name": "learning_rate", "param_value_internal": 0.1734514845889372, "distribution": "{\"name\": \"FloatDistribution\", \"attributes\": {\"step\": null, \"low\": 0.05, \"high\": 0.175, \"log\": false}}"}
{"op_code": 5, "worker_id": "a3c9f696-3939-4adc-bfd1-ae0903295485-7100", "trial_id": 6, "param_name": "max_depth", "param_value_internal": 2, "distribution": "{\"name\": \"CategoricalDistribution\", \"attributes\": {\"choices\": [1, 2, 3]}}"}
{"op_code": 7, "worker_id": "a3c9f696-3939-4adc-bfd1-ae0903295485-7100", "trial_id": 6, "step": 0, "intermediate_value": 0.3587367018310223}
{"op_code": 7, "worker_id": "a3c9f696-3939-4adc-bfd1-ae0903295485-7100", "trial_id": 6, "step": 1, "intermediate_value": 0.35954630641726226}
{"op_code": 7, "worker_id": "a3c9f696-3939-4adc-bfd1-ae0903295485-7100", "trial_id": 6, "step": 2, "intermediate_value": 0.35835009289939074}
{"op_code": 6, "worker_id": "a3c9f696-3939-4adc-bfd1-ae0903295485-7100", "trial_id": 6, "state": 1, "values": [0.35887770038255845], "datetime_complete": "2024-03-19T11:12:55.967144"}
{"op_code": 4, "worker_id": "a3c9f696-3939-4adc-bfd1-ae0903295485-7100", "study_id": 0, "datetime_start": "2024-03-19T11:12:56.280278"}
{"op_code": 5, "worker_id": "a3c9f696-3939-4adc-bfd1-ae0903295485-7100", "trial_id": 7, "param_name": "n_estimators", "param_value_internal": 3, "distribution": "{\"name\": \"CategoricalDistribution\", \"attributes\": {\"choices\": [5, 10, 20, 50]}}"}
{"op_code": 5, "worker_id": "a3c9f696-3939-4adc-bfd1-ae0903295485-7100", "trial_id": 7, "param_name": "learning_rate", "param_value_internal": 0.13851969222119154, "distribution": "{\"name\": \"FloatDistribution\", \"attributes\": {\"step\": null, \"low\": 0.05, \"high\": 0.175, \"log\": false}}"}
{"op_code": 5, "worker_id": "a3c9f696-3939-4adc-bfd1-ae0903295485-7100", "trial_id": 7, "param_name": "max_depth", "param_value_internal": 1, "distribution": "{\"name\": \"CategoricalDistribution\", \"attributes\": {\"choices\": [1, 2, 3]}}"}
{"op_code": 7, "worker_id": "a3c9f696-3939-4adc-bfd1-ae0903295485-7100", "trial_id": 7, "step": 0, "intermediate_value": 0.4714197092434371}
{"op_code": 7, "worker_id": "a3c9f696-3939-4adc-bfd1-ae0903295485-7100", "trial_id": 7, "step": 1, "intermediate_value": 0.4714197092434371}
{"op_code": 9, "worker_id": "a3c9f696-3939-4adc-bfd1-ae0903295485-7100", "trial_id": 7, "system_attr": {"completed_rung_0": 0.4714197092434371}}
{"op_code": 6, "worker_id": "a3c9f696-3939-4adc-bfd1-ae0903295485-7100", "trial_id": 7, "state": 2, "values": [0.4714197092434371], "datetime_complete": "2024-03-19T11:13:04.080031"}
{"op_code": 4, "worker_id": "a3c9f696-3939-4adc-bfd1-ae0903295485-7100", "study_id": 0, "datetime_start": "2024-03-19T11:13:04.218060"}
{"op_code": 5, "worker_id": "a3c9f696-3939-4adc-bfd1-ae0903295485-7100", "trial_id": 8, "param_name": "n_estimators", "param_value_internal": 1, "distribution": "{\"name\": \"CategoricalDistribution\", \"attributes\": {\"choices\": [5, 10, 20, 50]}}"}
{"op_code": 5, "worker_id": "a3c9f696-3939-4adc-bfd1-ae0903295485-7100", "trial_id": 8, "param_name": "learning_rate", "param_value_internal": 0.13114730216052015, "distribution": "{\"name\": \"FloatDistribution\", \"attributes\": {\"step\": null, \"low\": 0.05, \"high\": 0.175, \"log\": false}}"}
{"op_code": 5, "worker_id": "a3c9f696-3939-4adc-bfd1-ae0903295485-7100", "trial_id": 8, "param_name": "max_depth", "param_value_internal": 2, "distribution": "{\"name\": \"CategoricalDistribution\", \"attributes\": {\"choices\": [1, 2, 3]}}"}
{"op_code": 7, "worker_id": "a3c9f696-3939-4adc-bfd1-ae0903295485-7100", "trial_id": 8, "step": 0, "intermediate_value": 0.37095896976951065}
{"op_code": 7, "worker_id": "a3c9f696-3939-4adc-bfd1-ae0903295485-7100", "trial_id": 8, "step": 1, "intermediate_value": 0.37095896976951065}
{"op_code": 9, "worker_id": "a3c9f696-3939-4adc-bfd1-ae0903295485-7100", "trial_id": 8, "system_attr": {"completed_rung_0": 0.37095896976951065}}
{"op_code": 6, "worker_id": "a3c9f696-3939-4adc-bfd1-ae0903295485-7100", "trial_id": 8, "state": 2, "values": [0.37095896976951065], "datetime_complete": "2024-03-19T11:13:07.311457"}
{"op_code": 4, "worker_id": "a3c9f696-3939-4adc-bfd1-ae0903295485-7100", "study_id": 0, "datetime_start": "2024-03-19T11:13:07.417804"}
{"op_code": 5, "worker_id": "a3c9f696-3939-4adc-bfd1-ae0903295485-7100", "trial_id": 9, "param_name": "n_estimators", "param_value_internal": 2, "distribution": "{\"name\": \"CategoricalDistribution\", \"attributes\": {\"choices\": [5, 10, 20, 50]}}"}
{"op_code": 5, "worker_id": "a3c9f696-3939-4adc-bfd1-ae0903295485-7100", "trial_id": 9, "param_name": "learning_rate", "param_value_internal": 0.17063874371223692, "distribution": "{\"name\": \"FloatDistribution\", \"attributes\": {\"step\": null, \"low\": 0.05, \"high\": 0.175, \"log\": false}}"}
{"op_code": 5, "worker_id": "a3c9f696-3939-4adc-bfd1-ae0903295485-7100", "trial_id": 9, "param_name": "max_depth", "param_value_internal": 1, "distribution": "{\"name\": \"CategoricalDistribution\", \"attributes\": {\"choices\": [1, 2, 3]}}"}
{"op_code": 7, "worker_id": "a3c9f696-3939-4adc-bfd1-ae0903295485-7100", "trial_id": 9, "step": 0, "intermediate_value": 0.4566135861719778}
{"op_code": 7, "worker_id": "a3c9f696-3939-4adc-bfd1-ae0903295485-7100", "trial_id": 9, "step": 1, "intermediate_value": 0.4566135861719778}
{"op_code": 9, "worker_id": "a3c9f696-3939-4adc-bfd1-ae0903295485-7100", "trial_id": 9, "system_attr": {"completed_rung_0": 0.4566135861719778}}
{"op_code": 6, "worker_id": "a3c9f696-3939-4adc-bfd1-ae0903295485-7100", "trial_id": 9, "state": 2, "values": [0.4566135861719778], "datetime_complete": "2024-03-19T11:13:12.060703"}
{"op_code": 4, "worker_id": "a3c9f696-3939-4adc-bfd1-ae0903295485-7100", "study_id": 0, "datetime_start": "2024-03-19T11:13:12.283799"}
{"op_code": 5, "worker_id": "a3c9f696-3939-4adc-bfd1-ae0903295485-7100", "trial_id": 10, "param_name": "n_estimators", "param_value_internal": 3, "distribution": "{\"name\": \"CategoricalDistribution\", \"attributes\": {\"choices\": [5, 10, 20, 50]}}"}
{"op_code": 5, "worker_id": "a3c9f696-3939-4adc-bfd1-ae0903295485-7100", "trial_id": 10, "param_name": "learning_rate", "param_value_internal": 0.12509776928852603, "distribution": "{\"name\": \"FloatDistribution\", \"attributes\": {\"step\": null, \"low\": 0.05, \"high\": 0.175, \"log\": false}}"}
{"op_code": 5, "worker_id": "a3c9f696-3939-4adc-bfd1-ae0903295485-7100", "trial_id": 10, "param_name": "max_depth", "param_value_internal": 1, "distribution": "{\"name\": \"CategoricalDistribution\", \"attributes\": {\"choices\": [1, 2, 3]}}"}
{"op_code": 7, "worker_id": "a3c9f696-3939-4adc-bfd1-ae0903295485-7100", "trial_id": 10, "step": 0, "intermediate_value": 0.4783433303353018}
{"op_code": 7, "worker_id": "a3c9f696-3939-4adc-bfd1-ae0903295485-7100", "trial_id": 10, "step": 1, "intermediate_value": 0.4783433303353018}
{"op_code": 9, "worker_id": "a3c9f696-3939-4adc-bfd1-ae0903295485-7100", "trial_id": 10, "system_attr": {"completed_rung_0": 0.4783433303353018}}
{"op_code": 7, "worker_id": "a3c9f696-3939-4adc-bfd1-ae0903295485-7100", "trial_id": 10, "step": 2, "intermediate_value": 0.4783433303353018}
{"op_code": 6, "worker_id": "a3c9f696-3939-4adc-bfd1-ae0903295485-7100", "trial_id": 10, "state": 1, "values": [0.4783433303353018], "datetime_complete": "2024-03-19T11:13:20.261759"}
{"op_code": 4, "worker_id": "a3c9f696-3939-4adc-bfd1-ae0903295485-7100", "study_id": 0, "datetime_start": "2024-03-19T11:13:20.655319"}
{"op_code": 5, "worker_id": "a3c9f696-3939-4adc-bfd1-ae0903295485-7100", "trial_id": 11, "param_name": "n_estimators", "param_value_internal": 3, "distribution": "{\"name\": \"CategoricalDistribution\", \"attributes\": {\"choices\": [5, 10, 20, 50]}}"}
{"op_code": 5, "worker_id": "a3c9f696-3939-4adc-bfd1-ae0903295485-7100", "trial_id": 11, "param_name": "learning_rate", "param_value_internal": 0.1312496317206264, "distribution": "{\"name\": \"FloatDistribution\", \"attributes\": {\"step\": null, \"low\": 0.05, \"high\": 0.175, \"log\": false}}"}
{"op_code": 5, "worker_id": "a3c9f696-3939-4adc-bfd1-ae0903295485-7100", "trial_id": 11, "param_name": "max_depth", "param_value_internal": 1, "distribution": "{\"name\": \"CategoricalDistribution\", \"attributes\": {\"choices\": [1, 2, 3]}}"}
{"op_code": 7, "worker_id": "a3c9f696-3939-4adc-bfd1-ae0903295485-7100", "trial_id": 11, "step": 0, "intermediate_value": 0.4721973265841129}
{"op_code": 7, "worker_id": "a3c9f696-3939-4adc-bfd1-ae0903295485-7100", "trial_id": 11, "step": 1, "intermediate_value": 0.4721973265841129}
{"op_code": 7, "worker_id": "a3c9f696-3939-4adc-bfd1-ae0903295485-7100", "trial_id": 11, "step": 2, "intermediate_value": 0.4721973265841129}
{"op_code": 6, "worker_id": "a3c9f696-3939-4adc-bfd1-ae0903295485-7100", "trial_id": 11, "state": 1, "values": [0.4721973265841129], "datetime_complete": "2024-03-19T11:13:32.160052"}
{"op_code": 4, "worker_id": "a3c9f696-3939-4adc-bfd1-ae0903295485-7100", "study_id": 0, "datetime_start": "2024-03-19T11:13:32.908964"}
{"op_code": 5, "worker_id": "a3c9f696-3939-4adc-bfd1-ae0903295485-7100", "trial_id": 12, "param_name": "n_estimators", "param_value_internal": 3, "distribution": "{\"name\": \"CategoricalDistribution\", \"attributes\": {\"choices\": [5, 10, 20, 50]}}"}
{"op_code": 5, "worker_id": "a3c9f696-3939-4adc-bfd1-ae0903295485-7100", "trial_id": 12, "param_name": "learning_rate", "param_value_internal": 0.15169990244382714, "distribution": "{\"name\": \"FloatDistribution\", \"attributes\": {\"step\": null, \"low\": 0.05, \"high\": 0.175, \"log\": false}}"}
{"op_code": 5, "worker_id": "a3c9f696-3939-4adc-bfd1-ae0903295485-7100", "trial_id": 12, "param_name": "max_depth", "param_value_internal": 1, "distribution": "{\"name\": \"CategoricalDistribution\", \"attributes\": {\"choices\": [1, 2, 3]}}"}
{"op_code": 7, "worker_id": "a3c9f696-3939-4adc-bfd1-ae0903295485-7100", "trial_id": 12, "step": 0, "intermediate_value": 0.46087423322768306}
{"op_code": 7, "worker_id": "a3c9f696-3939-4adc-bfd1-ae0903295485-7100", "trial_id": 12, "step": 1, "intermediate_value": 0.46087423322768306}
{"op_code": 9, "worker_id": "a3c9f696-3939-4adc-bfd1-ae0903295485-7100", "trial_id": 12, "system_attr": {"completed_rung_0": 0.46087423322768306}}
{"op_code": 6, "worker_id": "a3c9f696-3939-4adc-bfd1-ae0903295485-7100", "trial_id": 12, "state": 2, "values": [0.46087423322768306], "datetime_complete": "2024-03-19T11:13:40.631621"}
{"op_code": 4, "worker_id": "a3c9f696-3939-4adc-bfd1-ae0903295485-7100", "study_id": 0, "datetime_start": "2024-03-19T11:13:41.098905"}
{"op_code": 5, "worker_id": "a3c9f696-3939-4adc-bfd1-ae0903295485-7100", "trial_id": 13, "param_name": "n_estimators", "param_value_internal": 3, "distribution": "{\"name\": \"CategoricalDistribution\", \"attributes\": {\"choices\": [5, 10, 20, 50]}}"}
{"op_code": 5, "worker_id": "a3c9f696-3939-4adc-bfd1-ae0903295485-7100", "trial_id": 13, "param_name": "learning_rate", "param_value_internal": 0.11651614763460552, "distribution": "{\"name\": \"FloatDistribution\", \"attributes\": {\"step\": null, \"low\": 0.05, \"high\": 0.175, \"log\": false}}"}
{"op_code": 5, "worker_id": "a3c9f696-3939-4adc-bfd1-ae0903295485-7100", "trial_id": 13, "param_name": "max_depth", "param_value_internal": 1, "distribution": "{\"name\": \"CategoricalDistribution\", \"attributes\": {\"choices\": [1, 2, 3]}}"}
{"op_code": 7, "worker_id": "a3c9f696-3939-4adc-bfd1-ae0903295485-7100", "trial_id": 13, "step": 0, "intermediate_value": 0.4598727947590649}
{"op_code": 7, "worker_id": "a3c9f696-3939-4adc-bfd1-ae0903295485-7100", "trial_id": 13, "step": 1, "intermediate_value": 0.4598727947590649}
{"op_code": 9, "worker_id": "a3c9f696-3939-4adc-bfd1-ae0903295485-7100", "trial_id": 13, "system_attr": {"completed_rung_0": 0.4598727947590649}}
{"op_code": 6, "worker_id": "a3c9f696-3939-4adc-bfd1-ae0903295485-7100", "trial_id": 13, "state": 2, "values": [0.4598727947590649], "datetime_complete": "2024-03-19T11:13:50.461787"}
{"op_code": 4, "worker_id": "a3c9f696-3939-4adc-bfd1-ae0903295485-7100", "study_id": 0, "datetime_start": "2024-03-19T11:13:50.706564"}
{"op_code": 5, "worker_id": "a3c9f696-3939-4adc-bfd1-ae0903295485-7100", "trial_id": 14, "param_name": "n_estimators", "param_value_internal": 3, "distribution": "{\"name\": \"CategoricalDistribution\", \"attributes\": {\"choices\": [5, 10, 20, 50]}}"}
{"op_code": 5, "worker_id": "a3c9f696-3939-4adc-bfd1-ae0903295485-7100", "trial_id": 14, "param_name": "learning_rate", "param_value_internal": 0.15142472381939415, "distribution": "{\"name\": \"FloatDistribution\", \"attributes\": {\"step\": null, \"low\": 0.05, \"high\": 0.175, \"log\": false}}"}
{"op_code": 5, "worker_id": "a3c9f696-3939-4adc-bfd1-ae0903295485-7100", "trial_id": 14, "param_name": "max_depth", "param_value_internal": 1, "distribution": "{\"name\": \"CategoricalDistribution\", \"attributes\": {\"choices\": [1, 2, 3]}}"}
{"op_code": 7, "worker_id": "a3c9f696-3939-4adc-bfd1-ae0903295485-7100", "trial_id": 14, "step": 0, "intermediate_value": 0.46087423322768306}
{"op_code": 7, "worker_id": "a3c9f696-3939-4adc-bfd1-ae0903295485-7100", "trial_id": 14, "step": 1, "intermediate_value": 0.46087423322768306}
{"op_code": 9, "worker_id": "a3c9f696-3939-4adc-bfd1-ae0903295485-7100", "trial_id": 14, "system_attr": {"completed_rung_0": 0.46087423322768306}}
{"op_code": 6, "worker_id": "a3c9f696-3939-4adc-bfd1-ae0903295485-7100", "trial_id": 14, "state": 2, "values": [0.46087423322768306], "datetime_complete": "2024-03-19T11:13:57.825743"}
{"op_code": 4, "worker_id": "a3c9f696-3939-4adc-bfd1-ae0903295485-7100", "study_id": 0, "datetime_start": "2024-03-19T11:13:58.020834"}
{"op_code": 5, "worker_id": "a3c9f696-3939-4adc-bfd1-ae0903295485-7100", "trial_id": 15, "param_name": "n_estimators", "param_value_internal": 3, "distribution": "{\"name\": \"CategoricalDistribution\", \"attributes\": {\"choices\": [5, 10, 20, 50]}}"}
{"op_code": 5, "worker_id": "a3c9f696-3939-4adc-bfd1-ae0903295485-7100", "trial_id": 15, "param_name": "learning_rate", "param_value_internal": 0.11356645709769043, "distribution": "{\"name\": \"FloatDistribution\", \"attributes\": {\"step\": null, \"low\": 0.05, \"high\": 0.175, \"log\": false}}"}
{"op_code": 5, "worker_id": "a3c9f696-3939-4adc-bfd1-ae0903295485-7100", "trial_id": 15, "param_name": "max_depth", "param_value_internal": 2, "distribution": "{\"name\": \"CategoricalDistribution\", \"attributes\": {\"choices\": [1, 2, 3]}}"}
{"op_code": 7, "worker_id": "a3c9f696-3939-4adc-bfd1-ae0903295485-7100", "trial_id": 15, "step": 0, "intermediate_value": 0.3993351879926982}
{"op_code": 7, "worker_id": "a3c9f696-3939-4adc-bfd1-ae0903295485-7100", "trial_id": 15, "step": 1, "intermediate_value": 0.39896222408218307}
{"op_code": 9, "worker_id": "a3c9f696-3939-4adc-bfd1-ae0903295485-7100", "trial_id": 15, "system_attr": {"completed_rung_0": 0.39896222408218307}}
{"op_code": 6, "worker_id": "a3c9f696-3939-4adc-bfd1-ae0903295485-7100", "trial_id": 15, "state": 2, "values": [0.39896222408218307], "datetime_complete": "2024-03-19T11:14:08.099258"}
{"op_code": 4, "worker_id": "a3c9f696-3939-4adc-bfd1-ae0903295485-7100", "study_id": 0, "datetime_start": "2024-03-19T11:14:08.367765"}
{"op_code": 5, "worker_id": "a3c9f696-3939-4adc-bfd1-ae0903295485-7100", "trial_id": 16, "param_name": "n_estimators", "param_value_internal": 0, "distribution": "{\"name\": \"CategoricalDistribution\", \"attributes\": {\"choices\": [5, 10, 20, 50]}}"}
{"op_code": 5, "worker_id": "a3c9f696-3939-4adc-bfd1-ae0903295485-7100", "trial_id": 16, "param_name": "learning_rate", "param_value_internal": 0.17322282453267665, "distribution": "{\"name\": \"FloatDistribution\", \"attributes\": {\"step\": null, \"low\": 0.05, \"high\": 0.175, \"log\": false}}"}
{"op_code": 5, "worker_id": "a3c9f696-3939-4adc-bfd1-ae0903295485-7100", "trial_id": 16, "param_name": "max_depth", "param_value_internal": 1, "distribution": "{\"name\": \"CategoricalDistribution\", \"attributes\": {\"choices\": [1, 2, 3]}}"}
{"op_code": 7, "worker_id": "a3c9f696-3939-4adc-bfd1-ae0903295485-7100", "trial_id": 16, "step": 0, "intermediate_value": 0.263675935509659}
{"op_code": 7, "worker_id": "a3c9f696-3939-4adc-bfd1-ae0903295485-7100", "trial_id": 16, "step": 1, "intermediate_value": 0.263675935509659}
{"op_code": 7, "worker_id": "a3c9f696-3939-4adc-bfd1-ae0903295485-7100", "trial_id": 16, "step": 2, "intermediate_value": 0.263675935509659}
{"op_code": 6, "worker_id": "a3c9f696-3939-4adc-bfd1-ae0903295485-7100", "trial_id": 16, "state": 1, "values": [0.263675935509659], "datetime_complete": "2024-03-19T11:14:11.073331"}
{"op_code": 4, "worker_id": "a3c9f696-3939-4adc-bfd1-ae0903295485-7100", "study_id": 0, "datetime_start": "2024-03-19T11:14:11.098210"}
{"op_code": 5, "worker_id": "a3c9f696-3939-4adc-bfd1-ae0903295485-7100", "trial_id": 17, "param_name": "n_estimators", "param_value_internal": 2, "distribution": "{\"name\": \"CategoricalDistribution\", \"attributes\": {\"choices\": [5, 10, 20, 50]}}"}
{"op_code": 5, "worker_id": "a3c9f696-3939-4adc-bfd1-ae0903295485-7100", "trial_id": 17, "param_name": "learning_rate", "param_value_internal": 0.1432078273785288, "distribution": "{\"name\": \"FloatDistribution\", \"attributes\": {\"step\": null, \"low\": 0.05, \"high\": 0.175, \"log\": false}}"}
{"op_code": 5, "worker_id": "a3c9f696-3939-4adc-bfd1-ae0903295485-7100", "trial_id": 17, "param_name": "max_depth", "param_value_internal": 1, "distribution": "{\"name\": \"CategoricalDistribution\", \"attributes\": {\"choices\": [1, 2, 3]}}"}
{"op_code": 7, "worker_id": "a3c9f696-3939-4adc-bfd1-ae0903295485-7100", "trial_id": 17, "step": 0, "intermediate_value": 0.47017539319503815}
{"op_code": 7, "worker_id": "a3c9f696-3939-4adc-bfd1-ae0903295485-7100", "trial_id": 17, "step": 1, "intermediate_value": 0.47017539319503815}
{"op_code": 7, "worker_id": "a3c9f696-3939-4adc-bfd1-ae0903295485-7100", "trial_id": 17, "step": 2, "intermediate_value": 0.47017539319503815}
{"op_code": 6, "worker_id": "a3c9f696-3939-4adc-bfd1-ae0903295485-7100", "trial_id": 17, "state": 1, "values": [0.47017539319503815], "datetime_complete": "2024-03-19T11:14:15.016642"}
{"op_code": 4, "worker_id": "a3c9f696-3939-4adc-bfd1-ae0903295485-7100", "study_id": 0, "datetime_start": "2024-03-19T11:14:15.237397"}
{"op_code": 5, "worker_id": "a3c9f696-3939-4adc-bfd1-ae0903295485-7100", "trial_id": 18, "param_name": "n_estimators", "param_value_internal": 1, "distribution": "{\"name\": \"CategoricalDistribution\", \"attributes\": {\"choices\": [5, 10, 20, 50]}}"}
{"op_code": 5, "worker_id": "a3c9f696-3939-4adc-bfd1-ae0903295485-7100", "trial_id": 18, "param_name": "learning_rate", "param_value_internal": 0.15950306468719397, "distribution": "{\"name\": \"FloatDistribution\", \"attributes\": {\"step\": null, \"low\": 0.05, \"high\": 0.175, \"log\": false}}"}
{"op_code": 5, "worker_id": "a3c9f696-3939-4adc-bfd1-ae0903295485-7100", "trial_id": 18, "param_name": "max_depth", "param_value_internal": 2, "distribution": "{\"name\": \"CategoricalDistribution\", \"attributes\": {\"choices\": [1, 2, 3]}}"}
{"op_code": 7, "worker_id": "a3c9f696-3939-4adc-bfd1-ae0903295485-7100", "trial_id": 18, "step": 0, "intermediate_value": 0.3487367261460463}
{"op_code": 7, "worker_id": "a3c9f696-3939-4adc-bfd1-ae0903295485-7100", "trial_id": 18, "step": 1, "intermediate_value": 0.3487367261460463}
{"op_code": 9, "worker_id": "a3c9f696-3939-4adc-bfd1-ae0903295485-7100", "trial_id": 18, "system_attr": {"completed_rung_0": 0.3487367261460463}}
{"op_code": 6, "worker_id": "a3c9f696-3939-4adc-bfd1-ae0903295485-7100", "trial_id": 18, "state": 2, "values": [0.3487367261460463], "datetime_complete": "2024-03-19T11:14:18.391730"}
{"op_code": 4, "worker_id": "a3c9f696-3939-4adc-bfd1-ae0903295485-7100", "study_id": 0, "datetime_start": "2024-03-19T11:14:18.633020"}
{"op_code": 5, "worker_id": "a3c9f696-3939-4adc-bfd1-ae0903295485-7100", "trial_id": 19, "param_name": "n_estimators", "param_value_internal": 3, "distribution": "{\"name\": \"CategoricalDistribution\", \"attributes\": {\"choices\": [5, 10, 20, 50]}}"}
{"op_code": 5, "worker_id": "a3c9f696-3939-4adc-bfd1-ae0903295485-7100", "trial_id": 19, "param_name": "learning_rate", "param_value_internal": 0.12936848998815859, "distribution": "{\"name\": \"FloatDistribution\", \"attributes\": {\"step\": null, \"low\": 0.05, \"high\": 0.175, \"log\": false}}"}
{"op_code": 5, "worker_id": "a3c9f696-3939-4adc-bfd1-ae0903295485-7100", "trial_id": 19, "param_name": "max_depth", "param_value_internal": 0, "distribution": "{\"name\": \"CategoricalDistribution\", \"attributes\": {\"choices\": [1, 2, 3]}}"}
{"op_code": 7, "worker_id": "a3c9f696-3939-4adc-bfd1-ae0903295485-7100", "trial_id": 19, "step": 0, "intermediate_value": 0.3277163256450845}
{"op_code": 7, "worker_id": "a3c9f696-3939-4adc-bfd1-ae0903295485-7100", "trial_id": 19, "step": 1, "intermediate_value": 0.3277163256450845}
{"op_code": 7, "worker_id": "a3c9f696-3939-4adc-bfd1-ae0903295485-7100", "trial_id": 19, "step": 2, "intermediate_value": 0.3277163256450845}
{"op_code": 6, "worker_id": "a3c9f696-3939-4adc-bfd1-ae0903295485-7100", "trial_id": 19, "state": 1, "values": [0.3277163256450845], "datetime_complete": "2024-03-19T11:14:26.373279"}
