{"op_code": 0, "worker_id": "5e74267e-fcd2-4687-8fd6-d9df4773c815-9760", "study_name": "KRR", "directions": [2]}
{"op_code": 4, "worker_id": "5e74267e-fcd2-4687-8fd6-d9df4773c815-4152", "study_id": 0, "datetime_start": "2024-03-19T11:12:14.550716"}
{"op_code": 5, "worker_id": "5e74267e-fcd2-4687-8fd6-d9df4773c815-4152", "trial_id": 0, "param_name": "alpha", "param_value_internal": 0.38157874685060456, "distribution": "{\"name\": \"FloatDistribution\", \"attributes\": {\"step\": null, \"low\": 0.3, \"high\": 1.0, \"log\": false}}"}
{"op_code": 5, "worker_id": "5e74267e-fcd2-4687-8fd6-d9df4773c815-4152", "trial_id": 0, "param_name": "gamma", "param_value_internal": 0.15224240144745044, "distribution": "{\"name\": \"FloatDistribution\", \"attributes\": {\"step\": null, \"low\": 0.1, \"high\": 0.3, \"log\": false}}"}
{"op_code": 5, "worker_id": "5e74267e-fcd2-4687-8fd6-d9df4773c815-4152", "trial_id": 0, "param_name": "kernel", "param_value_internal": 1, "distribution": "{\"name\": \"CategoricalDistribution\", \"attributes\": {\"choices\": [\"laplacian\", \"rbf\"]}}"}
{"op_code": 7, "worker_id": "5e74267e-fcd2-4687-8fd6-d9df4773c815-4152", "trial_id": 0, "step": 0, "intermediate_value": 0.1329971214337919}
{"op_code": 7, "worker_id": "5e74267e-fcd2-4687-8fd6-d9df4773c815-4152", "trial_id": 0, "step": 1, "intermediate_value": 0.1329971214337919}
{"op_code": 7, "worker_id": "5e74267e-fcd2-4687-8fd6-d9df4773c815-4152", "trial_id": 0, "step": 2, "intermediate_value": 0.1329971214337919}
{"op_code": 6, "worker_id": "5e74267e-fcd2-4687-8fd6-d9df4773c815-4152", "trial_id": 0, "state": 1, "values": [0.1329971214337919], "datetime_complete": "2024-03-19T11:12:18.138435"}
{"op_code": 4, "worker_id": "5e74267e-fcd2-4687-8fd6-d9df4773c815-4152", "study_id": 0, "datetime_start": "2024-03-19T11:12:18.757323"}
{"op_code": 5, "worker_id": "5e74267e-fcd2-4687-8fd6-d9df4773c815-4152", "trial_id": 1, "param_name": "alpha", "param_value_internal": 0.337756036799572, "distribution": "{\"name\": \"FloatDistribution\", \"attributes\": {\"step\": null, \"low\": 0.3, \"high\": 1.0, \"log\": false}}"}
{"op_code": 5, "worker_id": "5e74267e-fcd2-4687-8fd6-d9df4773c815-4152", "trial_id": 1, "param_name": "gamma", "param_value_internal": 0.13911072393631552, "distribution": "{\"name\": \"FloatDistribution\", \"attributes\": {\"step\": null, \"low\": 0.1, \"high\": 0.3, \"log\": false}}"}
{"op_code": 5, "worker_id": "5e74267e-fcd2-4687-8fd6-d9df4773c815-4152", "trial_id": 1, "param_name": "kernel", "param_value_internal": 1, "distribution": "{\"name\": \"CategoricalDistribution\", \"attributes\": {\"choices\": [\"laplacian\", \"rbf\"]}}"}
{"op_code": 7, "worker_id": "5e74267e-fcd2-4687-8fd6-d9df4773c815-4152", "trial_id": 1, "step": 0, "intermediate_value": 0.18617595744500542}
{"op_code": 7, "worker_id": "5e74267e-fcd2-4687-8fd6-d9df4773c815-4152", "trial_id": 1, "step": 1, "intermediate_value": 0.18617595744500542}
{"op_code": 9, "worker_id": "5e74267e-fcd2-4687-8fd6-d9df4773c815-4152", "trial_id": 1, "system_attr": {"completed_rung_0": 0.18617595744500542}}
{"op_code": 7, "worker_id": "5e74267e-fcd2-4687-8fd6-d9df4773c815-4152", "trial_id": 1, "step": 2, "intermediate_value": 0.18617595744500542}
{"op_code": 6, "worker_id": "5e74267e-fcd2-4687-8fd6-d9df4773c815-4152", "trial_id": 1, "state": 1, "values": [0.1861759574450054], "datetime_complete": "2024-03-19T11:12:22.738560"}
{"op_code": 4, "worker_id": "5e74267e-fcd2-4687-8fd6-d9df4773c815-4152", "study_id": 0, "datetime_start": "2024-03-19T11:12:23.030683"}
{"op_code": 5, "worker_id": "5e74267e-fcd2-4687-8fd6-d9df4773c815-4152", "trial_id": 2, "param_name": "alpha", "param_value_internal": 0.3006798993457264, "distribution": "{\"name\": \"FloatDistribution\", \"attributes\": {\"step\": null, \"low\": 0.3, \"high\": 1.0, \"log\": false}}"}
{"op_code": 5, "worker_id": "5e74267e-fcd2-4687-8fd6-d9df4773c815-4152", "trial_id": 2, "param_name": "gamma", "param_value_internal": 0.10451193639535604, "distribution": "{\"name\": \"FloatDistribution\", \"attributes\": {\"step\": null, \"low\": 0.1, \"high\": 0.3, \"log\": false}}"}
{"op_code": 5, "worker_id": "5e74267e-fcd2-4687-8fd6-d9df4773c815-4152", "trial_id": 2, "param_name": "kernel", "param_value_internal": 0, "distribution": "{\"name\": \"CategoricalDistribution\", \"attributes\": {\"choices\": [\"laplacian\", \"rbf\"]}}"}
{"op_code": 7, "worker_id": "5e74267e-fcd2-4687-8fd6-d9df4773c815-4152", "trial_id": 2, "step": 0, "intermediate_value": 0.29930151417361495}
{"op_code": 7, "worker_id": "5e74267e-fcd2-4687-8fd6-d9df4773c815-4152", "trial_id": 2, "step": 1, "intermediate_value": 0.29930151417361495}
{"op_code": 9, "worker_id": "5e74267e-fcd2-4687-8fd6-d9df4773c815-4152", "trial_id": 2, "system_attr": {"completed_rung_0": 0.29930151417361495}}
{"op_code": 7, "worker_id": "5e74267e-fcd2-4687-8fd6-d9df4773c815-4152", "trial_id": 2, "step": 2, "intermediate_value": 0.29930151417361495}
{"op_code": 6, "worker_id": "5e74267e-fcd2-4687-8fd6-d9df4773c815-4152", "trial_id": 2, "state": 1, "values": [0.29930151417361495], "datetime_complete": "2024-03-19T11:12:26.811756"}
{"op_code": 4, "worker_id": "5e74267e-fcd2-4687-8fd6-d9df4773c815-4152", "study_id": 0, "datetime_start": "2024-03-19T11:12:27.104994"}
{"op_code": 5, "worker_id": "5e74267e-fcd2-4687-8fd6-d9df4773c815-4152", "trial_id": 3, "param_name": "alpha", "param_value_internal": 0.8869328279937878, "distribution": "{\"name\": \"FloatDistribution\", \"attributes\": {\"step\": null, \"low\": 0.3, \"high\": 1.0, \"log\": false}}"}
{"op_code": 5, "worker_id": "5e74267e-fcd2-4687-8fd6-d9df4773c815-4152", "trial_id": 3, "param_name": "gamma", "param_value_internal": 0.2627942718341916, "distribution": "{\"name\": \"FloatDistribution\", \"attributes\": {\"step\": null, \"low\": 0.1, \"high\": 0.3, \"log\": false}}"}
{"op_code": 5, "worker_id": "5e74267e-fcd2-4687-8fd6-d9df4773c815-4152", "trial_id": 3, "param_name": "kernel", "param_value_internal": 0, "distribution": "{\"name\": \"CategoricalDistribution\", \"attributes\": {\"choices\": [\"laplacian\", \"rbf\"]}}"}
{"op_code": 7, "worker_id": "5e74267e-fcd2-4687-8fd6-d9df4773c815-4152", "trial_id": 3, "step": 0, "intermediate_value": 0.056476360481631745}
{"op_code": 7, "worker_id": "5e74267e-fcd2-4687-8fd6-d9df4773c815-4152", "trial_id": 3, "step": 1, "intermediate_value": 0.056476360481631745}
{"op_code": 9, "worker_id": "5e74267e-fcd2-4687-8fd6-d9df4773c815-4152", "trial_id": 3, "system_attr": {"completed_rung_0": 0.056476360481631745}}
{"op_code": 6, "worker_id": "5e74267e-fcd2-4687-8fd6-d9df4773c815-4152", "trial_id": 3, "state": 2, "values": [0.056476360481631745], "datetime_complete": "2024-03-19T11:12:30.330693"}
{"op_code": 4, "worker_id": "5e74267e-fcd2-4687-8fd6-d9df4773c815-4152", "study_id": 0, "datetime_start": "2024-03-19T11:12:30.849276"}
{"op_code": 5, "worker_id": "5e74267e-fcd2-4687-8fd6-d9df4773c815-4152", "trial_id": 4, "param_name": "alpha", "param_value_internal": 0.570516681597515, "distribution": "{\"name\": \"FloatDistribution\", \"attributes\": {\"step\": null, \"low\": 0.3, \"high\": 1.0, \"log\": false}}"}
{"op_code": 5, "worker_id": "5e74267e-fcd2-4687-8fd6-d9df4773c815-4152", "trial_id": 4, "param_name": "gamma", "param_value_internal": 0.10606820996442409, "distribution": "{\"name\": \"FloatDistribution\", \"attributes\": {\"step\": null, \"low\": 0.1, \"high\": 0.3, \"log\": false}}"}
{"op_code": 5, "worker_id": "5e74267e-fcd2-4687-8fd6-d9df4773c815-4152", "trial_id": 4, "param_name": "kernel", "param_value_internal": 0, "distribution": "{\"name\": \"CategoricalDistribution\", \"attributes\": {\"choices\": [\"laplacian\", \"rbf\"]}}"}
{"op_code": 7, "worker_id": "5e74267e-fcd2-4687-8fd6-d9df4773c815-4152", "trial_id": 4, "step": 0, "intermediate_value": 0.2874622642474099}
{"op_code": 7, "worker_id": "5e74267e-fcd2-4687-8fd6-d9df4773c815-4152", "trial_id": 4, "step": 1, "intermediate_value": 0.2874622642474099}
{"op_code": 7, "worker_id": "5e74267e-fcd2-4687-8fd6-d9df4773c815-4152", "trial_id": 4, "step": 2, "intermediate_value": 0.2874622642474099}
{"op_code": 6, "worker_id": "5e74267e-fcd2-4687-8fd6-d9df4773c815-4152", "trial_id": 4, "state": 1, "values": [0.2874622642474099], "datetime_complete": "2024-03-19T11:12:34.669758"}
{"op_code": 4, "worker_id": "5e74267e-fcd2-4687-8fd6-d9df4773c815-4152", "study_id": 0, "datetime_start": "2024-03-19T11:12:34.693314"}
{"op_code": 5, "worker_id": "5e74267e-fcd2-4687-8fd6-d9df4773c815-4152", "trial_id": 5, "param_name": "alpha", "param_value_internal": 0.3088344840539511, "distribution": "{\"name\": \"FloatDistribution\", \"attributes\": {\"step\": null, \"low\": 0.3, \"high\": 1.0, \"log\": false}}"}
{"op_code": 5, "worker_id": "5e74267e-fcd2-4687-8fd6-d9df4773c815-4152", "trial_id": 5, "param_name": "gamma", "param_value_internal": 0.19812307531309953, "distribution": "{\"name\": \"FloatDistribution\", \"attributes\": {\"step\": null, \"low\": 0.1, \"high\": 0.3, \"log\": false}}"}
{"op_code": 5, "worker_id": "5e74267e-fcd2-4687-8fd6-d9df4773c815-4152", "trial_id": 5, "param_name": "kernel", "param_value_internal": 0, "distribution": "{\"name\": \"CategoricalDistribution\", \"attributes\": {\"choices\": [\"laplacian\", \"rbf\"]}}"}
{"op_code": 7, "worker_id": "5e74267e-fcd2-4687-8fd6-d9df4773c815-4152", "trial_id": 5, "step": 0, "intermediate_value": 0.030801152708513344}
{"op_code": 7, "worker_id": "5e74267e-fcd2-4687-8fd6-d9df4773c815-4152", "trial_id": 5, "step": 1, "intermediate_value": 0.030801152708513344}
{"op_code": 9, "worker_id": "5e74267e-fcd2-4687-8fd6-d9df4773c815-4152", "trial_id": 5, "system_attr": {"completed_rung_0": 0.030801152708513344}}
{"op_code": 6, "worker_id": "5e74267e-fcd2-4687-8fd6-d9df4773c815-4152", "trial_id": 5, "state": 2, "values": [0.030801152708513344], "datetime_complete": "2024-03-19T11:12:36.672526"}
{"op_code": 4, "worker_id": "5e74267e-fcd2-4687-8fd6-d9df4773c815-4152", "study_id": 0, "datetime_start": "2024-03-19T11:12:36.844642"}
{"op_code": 5, "worker_id": "5e74267e-fcd2-4687-8fd6-d9df4773c815-4152", "trial_id": 6, "param_name": "alpha", "param_value_internal": 0.5847675299593661, "distribution": "{\"name\": \"FloatDistribution\", \"attributes\": {\"step\": null, \"low\": 0.3, \"high\": 1.0, \"log\": false}}"}
{"op_code": 5, "worker_id": "5e74267e-fcd2-4687-8fd6-d9df4773c815-4152", "trial_id": 6, "param_name": "gamma", "param_value_internal": 0.10344354012523879, "distribution": "{\"name\": \"FloatDistribution\", \"attributes\": {\"step\": null, \"low\": 0.1, \"high\": 0.3, \"log\": false}}"}
{"op_code": 5, "worker_id": "5e74267e-fcd2-4687-8fd6-d9df4773c815-4152", "trial_id": 6, "param_name": "kernel", "param_value_internal": 0, "distribution": "{\"name\": \"CategoricalDistribution\", \"attributes\": {\"choices\": [\"laplacian\", \"rbf\"]}}"}
{"op_code": 7, "worker_id": "5e74267e-fcd2-4687-8fd6-d9df4773c815-4152", "trial_id": 6, "step": 0, "intermediate_value": 0.2923744386309295}
{"op_code": 7, "worker_id": "5e74267e-fcd2-4687-8fd6-d9df4773c815-4152", "trial_id": 6, "step": 1, "intermediate_value": 0.2923744386309295}
{"op_code": 9, "worker_id": "5e74267e-fcd2-4687-8fd6-d9df4773c815-4152", "trial_id": 6, "system_attr": {"completed_rung_0": 0.2923744386309295}}
{"op_code": 6, "worker_id": "5e74267e-fcd2-4687-8fd6-d9df4773c815-4152", "trial_id": 6, "state": 2, "values": [0.2923744386309295], "datetime_complete": "2024-03-19T11:12:39.773157"}
{"op_code": 4, "worker_id": "5e74267e-fcd2-4687-8fd6-d9df4773c815-4152", "study_id": 0, "datetime_start": "2024-03-19T11:12:39.923032"}
{"op_code": 5, "worker_id": "5e74267e-fcd2-4687-8fd6-d9df4773c815-4152", "trial_id": 7, "param_name": "alpha", "param_value_internal": 0.7784763567213855, "distribution": "{\"name\": \"FloatDistribution\", \"attributes\": {\"step\": null, \"low\": 0.3, \"high\": 1.0, \"log\": false}}"}
{"op_code": 5, "worker_id": "5e74267e-fcd2-4687-8fd6-d9df4773c815-4152", "trial_id": 7, "param_name": "gamma", "param_value_internal": 0.2986383371648669, "distribution": "{\"name\": \"FloatDistribution\", \"attributes\": {\"step\": null, \"low\": 0.1, \"high\": 0.3, \"log\": false}}"}
{"op_code": 5, "worker_id": "5e74267e-fcd2-4687-8fd6-d9df4773c815-4152", "trial_id": 7, "param_name": "kernel", "param_value_internal": 0, "distribution": "{\"name\": \"CategoricalDistribution\", \"attributes\": {\"choices\": [\"laplacian\", \"rbf\"]}}"}
{"op_code": 7, "worker_id": "5e74267e-fcd2-4687-8fd6-d9df4773c815-4152", "trial_id": 7, "step": 0, "intermediate_value": 0.08401182688702745}
{"op_code": 7, "worker_id": "5e74267e-fcd2-4687-8fd6-d9df4773c815-4152", "trial_id": 7, "step": 1, "intermediate_value": 0.08401182688702745}
{"op_code": 9, "worker_id": "5e74267e-fcd2-4687-8fd6-d9df4773c815-4152", "trial_id": 7, "system_attr": {"completed_rung_0": 0.08401182688702745}}
{"op_code": 6, "worker_id": "5e74267e-fcd2-4687-8fd6-d9df4773c815-4152", "trial_id": 7, "state": 2, "values": [0.08401182688702745], "datetime_complete": "2024-03-19T11:12:42.727416"}
{"op_code": 4, "worker_id": "5e74267e-fcd2-4687-8fd6-d9df4773c815-4152", "study_id": 0, "datetime_start": "2024-03-19T11:12:43.152167"}
{"op_code": 5, "worker_id": "5e74267e-fcd2-4687-8fd6-d9df4773c815-4152", "trial_id": 8, "param_name": "alpha", "param_value_internal": 0.462887916896283, "distribution": "{\"name\": \"FloatDistribution\", \"attributes\": {\"step\": null, \"low\": 0.3, \"high\": 1.0, \"log\": false}}"}
{"op_code": 5, "worker_id": "5e74267e-fcd2-4687-8fd6-d9df4773c815-4152", "trial_id": 8, "param_name": "gamma", "param_value_internal": 0.1875439059125209, "distribution": "{\"name\": \"FloatDistribution\", \"attributes\": {\"step\": null, \"low\": 0.1, \"high\": 0.3, \"log\": false}}"}
{"op_code": 5, "worker_id": "5e74267e-fcd2-4687-8fd6-d9df4773c815-4152", "trial_id": 8, "param_name": "kernel", "param_value_internal": 1, "distribution": "{\"name\": \"CategoricalDistribution\", \"attributes\": {\"choices\": [\"laplacian\", \"rbf\"]}}"}
{"op_code": 7, "worker_id": "5e74267e-fcd2-4687-8fd6-d9df4773c815-4152", "trial_id": 8, "step": 0, "intermediate_value": 0.04453704774391061}
{"op_code": 7, "worker_id": "5e74267e-fcd2-4687-8fd6-d9df4773c815-4152", "trial_id": 8, "step": 1, "intermediate_value": 0.04453704774391061}
{"op_code": 7, "worker_id": "5e74267e-fcd2-4687-8fd6-d9df4773c815-4152", "trial_id": 8, "step": 2, "intermediate_value": 0.04453704774391061}
{"op_code": 6, "worker_id": "5e74267e-fcd2-4687-8fd6-d9df4773c815-4152", "trial_id": 8, "state": 1, "values": [0.04453704774391062], "datetime_complete": "2024-03-19T11:12:46.078333"}
{"op_code": 4, "worker_id": "5e74267e-fcd2-4687-8fd6-d9df4773c815-4152", "study_id": 0, "datetime_start": "2024-03-19T11:12:46.268289"}
{"op_code": 5, "worker_id": "5e74267e-fcd2-4687-8fd6-d9df4773c815-4152", "trial_id": 9, "param_name": "alpha", "param_value_internal": 0.4948854409831449, "distribution": "{\"name\": \"FloatDistribution\", \"attributes\": {\"step\": null, \"low\": 0.3, \"high\": 1.0, \"log\": false}}"}
{"op_code": 5, "worker_id": "5e74267e-fcd2-4687-8fd6-d9df4773c815-4152", "trial_id": 9, "param_name": "gamma", "param_value_internal": 0.22913127570979333, "distribution": "{\"name\": \"FloatDistribution\", \"attributes\": {\"step\": null, \"low\": 0.1, \"high\": 0.3, \"log\": false}}"}
{"op_code": 5, "worker_id": "5e74267e-fcd2-4687-8fd6-d9df4773c815-4152", "trial_id": 9, "param_name": "kernel", "param_value_internal": 0, "distribution": "{\"name\": \"CategoricalDistribution\", \"attributes\": {\"choices\": [\"laplacian\", \"rbf\"]}}"}
{"op_code": 7, "worker_id": "5e74267e-fcd2-4687-8fd6-d9df4773c815-4152", "trial_id": 9, "step": 0, "intermediate_value": 0.016396656159803694}
{"op_code": 7, "worker_id": "5e74267e-fcd2-4687-8fd6-d9df4773c815-4152", "trial_id": 9, "step": 1, "intermediate_value": 0.016396656159803694}
{"op_code": 7, "worker_id": "5e74267e-fcd2-4687-8fd6-d9df4773c815-4152", "trial_id": 9, "step": 2, "intermediate_value": 0.016396656159803694}
{"op_code": 6, "worker_id": "5e74267e-fcd2-4687-8fd6-d9df4773c815-4152", "trial_id": 9, "state": 1, "values": [0.016396656159803694], "datetime_complete": "2024-03-19T11:12:50.795124"}
{"op_code": 4, "worker_id": "5e74267e-fcd2-4687-8fd6-d9df4773c815-4152", "study_id": 0, "datetime_start": "2024-03-19T11:12:51.098666"}
{"op_code": 5, "worker_id": "5e74267e-fcd2-4687-8fd6-d9df4773c815-4152", "trial_id": 10, "param_name": "alpha", "param_value_internal": 0.7091200616352415, "distribution": "{\"name\": \"FloatDistribution\", \"attributes\": {\"step\": null, \"low\": 0.3, \"high\": 1.0, \"log\": false}}"}
{"op_code": 5, "worker_id": "5e74267e-fcd2-4687-8fd6-d9df4773c815-4152", "trial_id": 10, "param_name": "gamma", "param_value_internal": 0.14544758174207914, "distribution": "{\"name\": \"FloatDistribution\", \"attributes\": {\"step\": null, \"low\": 0.1, \"high\": 0.3, \"log\": false}}"}
{"op_code": 5, "worker_id": "5e74267e-fcd2-4687-8fd6-d9df4773c815-4152", "trial_id": 10, "param_name": "kernel", "param_value_internal": 1, "distribution": "{\"name\": \"CategoricalDistribution\", \"attributes\": {\"choices\": [\"laplacian\", \"rbf\"]}}"}
{"op_code": 7, "worker_id": "5e74267e-fcd2-4687-8fd6-d9df4773c815-4152", "trial_id": 10, "step": 0, "intermediate_value": 0.1438948712698223}
{"op_code": 7, "worker_id": "5e74267e-fcd2-4687-8fd6-d9df4773c815-4152", "trial_id": 10, "step": 1, "intermediate_value": 0.1438948712698223}
{"op_code": 7, "worker_id": "5e74267e-fcd2-4687-8fd6-d9df4773c815-4152", "trial_id": 10, "step": 2, "intermediate_value": 0.1438948712698223}
{"op_code": 6, "worker_id": "5e74267e-fcd2-4687-8fd6-d9df4773c815-4152", "trial_id": 10, "state": 1, "values": [0.1438948712698223], "datetime_complete": "2024-03-19T11:12:54.057321"}
{"op_code": 4, "worker_id": "5e74267e-fcd2-4687-8fd6-d9df4773c815-4152", "study_id": 0, "datetime_start": "2024-03-19T11:12:54.444640"}
{"op_code": 5, "worker_id": "5e74267e-fcd2-4687-8fd6-d9df4773c815-4152", "trial_id": 11, "param_name": "alpha", "param_value_internal": 0.5892280512991616, "distribution": "{\"name\": \"FloatDistribution\", \"attributes\": {\"step\": null, \"low\": 0.3, \"high\": 1.0, \"log\": false}}"}
{"op_code": 5, "worker_id": "5e74267e-fcd2-4687-8fd6-d9df4773c815-4152", "trial_id": 11, "param_name": "gamma", "param_value_internal": 0.10326671151174395, "distribution": "{\"name\": \"FloatDistribution\", \"attributes\": {\"step\": null, \"low\": 0.1, \"high\": 0.3, \"log\": false}}"}
{"op_code": 5, "worker_id": "5e74267e-fcd2-4687-8fd6-d9df4773c815-4152", "trial_id": 11, "param_name": "kernel", "param_value_internal": 0, "distribution": "{\"name\": \"CategoricalDistribution\", \"attributes\": {\"choices\": [\"laplacian\", \"rbf\"]}}"}
{"op_code": 7, "worker_id": "5e74267e-fcd2-4687-8fd6-d9df4773c815-4152", "trial_id": 11, "step": 0, "intermediate_value": 0.29286110775966706}
{"op_code": 7, "worker_id": "5e74267e-fcd2-4687-8fd6-d9df4773c815-4152", "trial_id": 11, "step": 1, "intermediate_value": 0.29286110775966706}
{"op_code": 7, "worker_id": "5e74267e-fcd2-4687-8fd6-d9df4773c815-4152", "trial_id": 11, "step": 2, "intermediate_value": 0.29286110775966706}
{"op_code": 6, "worker_id": "5e74267e-fcd2-4687-8fd6-d9df4773c815-4152", "trial_id": 11, "state": 1, "values": [0.29286110775966706], "datetime_complete": "2024-03-19T11:12:58.255299"}
{"op_code": 4, "worker_id": "5e74267e-fcd2-4687-8fd6-d9df4773c815-4152", "study_id": 0, "datetime_start": "2024-03-19T11:12:58.599360"}
{"op_code": 5, "worker_id": "5e74267e-fcd2-4687-8fd6-d9df4773c815-4152", "trial_id": 12, "param_name": "alpha", "param_value_internal": 0.45166283873754576, "distribution": "{\"name\": \"FloatDistribution\", \"attributes\": {\"step\": null, \"low\": 0.3, \"high\": 1.0, \"log\": false}}"}
{"op_code": 5, "worker_id": "5e74267e-fcd2-4687-8fd6-d9df4773c815-4152", "trial_id": 12, "param_name": "gamma", "param_value_internal": 0.10724400076190257, "distribution": "{\"name\": \"FloatDistribution\", \"attributes\": {\"step\": null, \"low\": 0.1, \"high\": 0.3, \"log\": false}}"}
{"op_code": 5, "worker_id": "5e74267e-fcd2-4687-8fd6-d9df4773c815-4152", "trial_id": 12, "param_name": "kernel", "param_value_internal": 0, "distribution": "{\"name\": \"CategoricalDistribution\", \"attributes\": {\"choices\": [\"laplacian\", \"rbf\"]}}"}
{"op_code": 7, "worker_id": "5e74267e-fcd2-4687-8fd6-d9df4773c815-4152", "trial_id": 12, "step": 0, "intermediate_value": 0.2849197591729772}
{"op_code": 7, "worker_id": "5e74267e-fcd2-4687-8fd6-d9df4773c815-4152", "trial_id": 12, "step": 1, "intermediate_value": 0.2849197591729772}
{"op_code": 7, "worker_id": "5e74267e-fcd2-4687-8fd6-d9df4773c815-4152", "trial_id": 12, "step": 2, "intermediate_value": 0.2849197591729772}
{"op_code": 6, "worker_id": "5e74267e-fcd2-4687-8fd6-d9df4773c815-4152", "trial_id": 12, "state": 1, "values": [0.2849197591729772], "datetime_complete": "2024-03-19T11:13:02.137771"}
{"op_code": 4, "worker_id": "5e74267e-fcd2-4687-8fd6-d9df4773c815-4152", "study_id": 0, "datetime_start": "2024-03-19T11:13:02.667966"}
{"op_code": 5, "worker_id": "5e74267e-fcd2-4687-8fd6-d9df4773c815-4152", "trial_id": 13, "param_name": "alpha", "param_value_internal": 0.6511588330537896, "distribution": "{\"name\": \"FloatDistribution\", \"attributes\": {\"step\": null, \"low\": 0.3, \"high\": 1.0, \"log\": false}}"}
{"op_code": 5, "worker_id": "5e74267e-fcd2-4687-8fd6-d9df4773c815-4152", "trial_id": 13, "param_name": "gamma", "param_value_internal": 0.13215909873342857, "distribution": "{\"name\": \"FloatDistribution\", \"attributes\": {\"step\": null, \"low\": 0.1, \"high\": 0.3, \"log\": false}}"}
{"op_code": 5, "worker_id": "5e74267e-fcd2-4687-8fd6-d9df4773c815-4152", "trial_id": 13, "param_name": "kernel", "param_value_internal": 0, "distribution": "{\"name\": \"CategoricalDistribution\", \"attributes\": {\"choices\": [\"laplacian\", \"rbf\"]}}"}
{"op_code": 7, "worker_id": "5e74267e-fcd2-4687-8fd6-d9df4773c815-4152", "trial_id": 13, "step": 0, "intermediate_value": 0.2036914977699441}
{"op_code": 7, "worker_id": "5e74267e-fcd2-4687-8fd6-d9df4773c815-4152", "trial_id": 13, "step": 1, "intermediate_value": 0.2036914977699441}
{"op_code": 9, "worker_id": "5e74267e-fcd2-4687-8fd6-d9df4773c815-4152", "trial_id": 13, "system_attr": {"completed_rung_0": 0.2036914977699441}}
{"op_code": 6, "worker_id": "5e74267e-fcd2-4687-8fd6-d9df4773c815-4152", "trial_id": 13, "state": 2, "values": [0.2036914977699441], "datetime_complete": "2024-03-19T11:13:06.025473"}
{"op_code": 4, "worker_id": "5e74267e-fcd2-4687-8fd6-d9df4773c815-4152", "study_id": 0, "datetime_start": "2024-03-19T11:13:06.216379"}
{"op_code": 5, "worker_id": "5e74267e-fcd2-4687-8fd6-d9df4773c815-4152", "trial_id": 14, "param_name": "alpha", "param_value_internal": 0.9775878210575074, "distribution": "{\"name\": \"FloatDistribution\", \"attributes\": {\"step\": null, \"low\": 0.3, \"high\": 1.0, \"log\": false}}"}
{"op_code": 5, "worker_id": "5e74267e-fcd2-4687-8fd6-d9df4773c815-4152", "trial_id": 14, "param_name": "gamma", "param_value_internal": 0.1702733308510883, "distribution": "{\"name\": \"FloatDistribution\", \"attributes\": {\"step\": null, \"low\": 0.1, \"high\": 0.3, \"log\": false}}"}
{"op_code": 5, "worker_id": "5e74267e-fcd2-4687-8fd6-d9df4773c815-4152", "trial_id": 14, "param_name": "kernel", "param_value_internal": 0, "distribution": "{\"name\": \"CategoricalDistribution\", \"attributes\": {\"choices\": [\"laplacian\", \"rbf\"]}}"}
{"op_code": 7, "worker_id": "5e74267e-fcd2-4687-8fd6-d9df4773c815-4152", "trial_id": 14, "step": 0, "intermediate_value": 0.06250741903028631}
{"op_code": 7, "worker_id": "5e74267e-fcd2-4687-8fd6-d9df4773c815-4152", "trial_id": 14, "step": 1, "intermediate_value": 0.06250741903028631}
{"op_code": 7, "worker_id": "5e74267e-fcd2-4687-8fd6-d9df4773c815-4152", "trial_id": 14, "step": 2, "intermediate_value": 0.06250741903028631}
{"op_code": 6, "worker_id": "5e74267e-fcd2-4687-8fd6-d9df4773c815-4152", "trial_id": 14, "state": 1, "values": [0.06250741903028631], "datetime_complete": "2024-03-19T11:13:10.648848"}
{"op_code": 4, "worker_id": "5e74267e-fcd2-4687-8fd6-d9df4773c815-4152", "study_id": 0, "datetime_start": "2024-03-19T11:13:10.838511"}
{"op_code": 5, "worker_id": "5e74267e-fcd2-4687-8fd6-d9df4773c815-4152", "trial_id": 15, "param_name": "alpha", "param_value_internal": 0.30705282467054623, "distribution": "{\"name\": \"FloatDistribution\", \"attributes\": {\"step\": null, \"low\": 0.3, \"high\": 1.0, \"log\": false}}"}
{"op_code": 5, "worker_id": "5e74267e-fcd2-4687-8fd6-d9df4773c815-4152", "trial_id": 15, "param_name": "gamma", "param_value_internal": 0.12083373455914752, "distribution": "{\"name\": \"FloatDistribution\", \"attributes\": {\"step\": null, \"low\": 0.1, \"high\": 0.3, \"log\": false}}"}
{"op_code": 5, "worker_id": "5e74267e-fcd2-4687-8fd6-d9df4773c815-4152", "trial_id": 15, "param_name": "kernel", "param_value_internal": 0, "distribution": "{\"name\": \"CategoricalDistribution\", \"attributes\": {\"choices\": [\"laplacian\", \"rbf\"]}}"}
{"op_code": 7, "worker_id": "5e74267e-fcd2-4687-8fd6-d9df4773c815-4152", "trial_id": 15, "step": 0, "intermediate_value": 0.24925646348670233}
{"op_code": 7, "worker_id": "5e74267e-fcd2-4687-8fd6-d9df4773c815-4152", "trial_id": 15, "step": 1, "intermediate_value": 0.24925646348670233}
{"op_code": 7, "worker_id": "5e74267e-fcd2-4687-8fd6-d9df4773c815-4152", "trial_id": 15, "step": 2, "intermediate_value": 0.24925646348670233}
{"op_code": 6, "worker_id": "5e74267e-fcd2-4687-8fd6-d9df4773c815-4152", "trial_id": 15, "state": 1, "values": [0.24925646348670236], "datetime_complete": "2024-03-19T11:13:13.663345"}
{"op_code": 4, "worker_id": "5e74267e-fcd2-4687-8fd6-d9df4773c815-4152", "study_id": 0, "datetime_start": "2024-03-19T11:13:13.975117"}
{"op_code": 5, "worker_id": "5e74267e-fcd2-4687-8fd6-d9df4773c815-4152", "trial_id": 16, "param_name": "alpha", "param_value_internal": 0.39588788818198684, "distribution": "{\"name\": \"FloatDistribution\", \"attributes\": {\"step\": null, \"low\": 0.3, \"high\": 1.0, \"log\": false}}"}
{"op_code": 5, "worker_id": "5e74267e-fcd2-4687-8fd6-d9df4773c815-4152", "trial_id": 16, "param_name": "gamma", "param_value_internal": 0.1634019685542553, "distribution": "{\"name\": \"FloatDistribution\", \"attributes\": {\"step\": null, \"low\": 0.1, \"high\": 0.3, \"log\": false}}"}
{"op_code": 5, "worker_id": "5e74267e-fcd2-4687-8fd6-d9df4773c815-4152", "trial_id": 16, "param_name": "kernel", "param_value_internal": 0, "distribution": "{\"name\": \"CategoricalDistribution\", \"attributes\": {\"choices\": [\"laplacian\", \"rbf\"]}}"}
{"op_code": 7, "worker_id": "5e74267e-fcd2-4687-8fd6-d9df4773c815-4152", "trial_id": 16, "step": 0, "intermediate_value": 0.10278724897514664}
{"op_code": 7, "worker_id": "5e74267e-fcd2-4687-8fd6-d9df4773c815-4152", "trial_id": 16, "step": 1, "intermediate_value": 0.10278724897514664}
{"op_code": 9, "worker_id": "5e74267e-fcd2-4687-8fd6-d9df4773c815-4152", "trial_id": 16, "system_attr": {"completed_rung_0": 0.10278724897514664}}
{"op_code": 6, "worker_id": "5e74267e-fcd2-4687-8fd6-d9df4773c815-4152", "trial_id": 16, "state": 2, "values": [0.10278724897514664], "datetime_complete": "2024-03-19T11:13:16.389123"}
{"op_code": 4, "worker_id": "5e74267e-fcd2-4687-8fd6-d9df4773c815-4152", "study_id": 0, "datetime_start": "2024-03-19T11:13:16.650544"}
{"op_code": 5, "worker_id": "5e74267e-fcd2-4687-8fd6-d9df4773c815-4152", "trial_id": 17, "param_name": "alpha", "param_value_internal": 0.5272840313943512, "distribution": "{\"name\": \"FloatDistribution\", \"attributes\": {\"step\": null, \"low\": 0.3, \"high\": 1.0, \"log\": false}}"}
{"op_code": 5, "worker_id": "5e74267e-fcd2-4687-8fd6-d9df4773c815-4152", "trial_id": 17, "param_name": "gamma", "param_value_internal": 0.12362321891868946, "distribution": "{\"name\": \"FloatDistribution\", \"attributes\": {\"step\": null, \"low\": 0.1, \"high\": 0.3, \"log\": false}}"}
{"op_code": 5, "worker_id": "5e74267e-fcd2-4687-8fd6-d9df4773c815-4152", "trial_id": 17, "param_name": "kernel", "param_value_internal": 0, "distribution": "{\"name\": \"CategoricalDistribution\", \"attributes\": {\"choices\": [\"laplacian\", \"rbf\"]}}"}
{"op_code": 7, "worker_id": "5e74267e-fcd2-4687-8fd6-d9df4773c815-4152", "trial_id": 17, "step": 0, "intermediate_value": 0.23776288509118948}
{"op_code": 7, "worker_id": "5e74267e-fcd2-4687-8fd6-d9df4773c815-4152", "trial_id": 17, "step": 1, "intermediate_value": 0.23776288509118948}
{"op_code": 7, "worker_id": "5e74267e-fcd2-4687-8fd6-d9df4773c815-4152", "trial_id": 17, "step": 2, "intermediate_value": 0.23776288509118948}
{"op_code": 6, "worker_id": "5e74267e-fcd2-4687-8fd6-d9df4773c815-4152", "trial_id": 17, "state": 1, "values": [0.23776288509118948], "datetime_complete": "2024-03-19T11:13:20.423982"}
{"op_code": 4, "worker_id": "5e74267e-fcd2-4687-8fd6-d9df4773c815-4152", "study_id": 0, "datetime_start": "2024-03-19T11:13:20.604210"}
{"op_code": 5, "worker_id": "5e74267e-fcd2-4687-8fd6-d9df4773c815-4152", "trial_id": 18, "param_name": "alpha", "param_value_internal": 0.43384234437668795, "distribution": "{\"name\": \"FloatDistribution\", \"attributes\": {\"step\": null, \"low\": 0.3, \"high\": 1.0, \"log\": false}}"}
{"op_code": 5, "worker_id": "5e74267e-fcd2-4687-8fd6-d9df4773c815-4152", "trial_id": 18, "param_name": "gamma", "param_value_internal": 0.10085386433795324, "distribution": "{\"name\": \"FloatDistribution\", \"attributes\": {\"step\": null, \"low\": 0.1, \"high\": 0.3, \"log\": false}}"}
{"op_code": 5, "worker_id": "5e74267e-fcd2-4687-8fd6-d9df4773c815-4152", "trial_id": 18, "param_name": "kernel", "param_value_internal": 1, "distribution": "{\"name\": \"CategoricalDistribution\", \"attributes\": {\"choices\": [\"laplacian\", \"rbf\"]}}"}
{"op_code": 7, "worker_id": "5e74267e-fcd2-4687-8fd6-d9df4773c815-4152", "trial_id": 18, "step": 0, "intermediate_value": 0.3046457779704997}
{"op_code": 7, "worker_id": "5e74267e-fcd2-4687-8fd6-d9df4773c815-4152", "trial_id": 18, "step": 1, "intermediate_value": 0.3046457779704997}
{"op_code": 9, "worker_id": "5e74267e-fcd2-4687-8fd6-d9df4773c815-4152", "trial_id": 18, "system_attr": {"completed_rung_0": 0.3046457779704997}}
{"op_code": 7, "worker_id": "5e74267e-fcd2-4687-8fd6-d9df4773c815-4152", "trial_id": 18, "step": 2, "intermediate_value": 0.3046457779704997}
{"op_code": 6, "worker_id": "5e74267e-fcd2-4687-8fd6-d9df4773c815-4152", "trial_id": 18, "state": 1, "values": [0.3046457779704997], "datetime_complete": "2024-03-19T11:13:24.516918"}
{"op_code": 4, "worker_id": "5e74267e-fcd2-4687-8fd6-d9df4773c815-4152", "study_id": 0, "datetime_start": "2024-03-19T11:13:24.811915"}
{"op_code": 5, "worker_id": "5e74267e-fcd2-4687-8fd6-d9df4773c815-4152", "trial_id": 19, "param_name": "alpha", "param_value_internal": 0.40147972683881467, "distribution": "{\"name\": \"FloatDistribution\", \"attributes\": {\"step\": null, \"low\": 0.3, \"high\": 1.0, \"log\": false}}"}
{"op_code": 5, "worker_id": "5e74267e-fcd2-4687-8fd6-d9df4773c815-4152", "trial_id": 19, "param_name": "gamma", "param_value_internal": 0.1713803151491859, "distribution": "{\"name\": \"FloatDistribution\", \"attributes\": {\"step\": null, \"low\": 0.1, \"high\": 0.3, \"log\": false}}"}
{"op_code": 5, "worker_id": "5e74267e-fcd2-4687-8fd6-d9df4773c815-4152", "trial_id": 19, "param_name": "kernel", "param_value_internal": 1, "distribution": "{\"name\": \"CategoricalDistribution\", \"attributes\": {\"choices\": [\"laplacian\", \"rbf\"]}}"}
{"op_code": 7, "worker_id": "5e74267e-fcd2-4687-8fd6-d9df4773c815-4152", "trial_id": 19, "step": 0, "intermediate_value": 0.08529445019827979}
{"op_code": 7, "worker_id": "5e74267e-fcd2-4687-8fd6-d9df4773c815-4152", "trial_id": 19, "step": 1, "intermediate_value": 0.08529445019827979}
{"op_code": 7, "worker_id": "5e74267e-fcd2-4687-8fd6-d9df4773c815-4152", "trial_id": 19, "step": 2, "intermediate_value": 0.08529445019827979}
{"op_code": 6, "worker_id": "5e74267e-fcd2-4687-8fd6-d9df4773c815-4152", "trial_id": 19, "state": 1, "values": [0.08529445019827979], "datetime_complete": "2024-03-19T11:13:27.813736"}
