{"op_code": 0, "worker_id": "a679e604-cbe8-4612-bdfa-456b55cb07a8-9760", "study_name": "linear", "directions": [2]}
{"op_code": 4, "worker_id": "a679e604-cbe8-4612-bdfa-456b55cb07a8-21968", "study_id": 0, "datetime_start": "2024-03-19T11:12:14.158755"}
{"op_code": 5, "worker_id": "a679e604-cbe8-4612-bdfa-456b55cb07a8-21968", "trial_id": 0, "param_name": "alpha", "param_value_internal": 0.04809277827134265, "distribution": "{\"name\": \"FloatDistribution\", \"attributes\": {\"step\": null, \"low\": 0.005, \"high\": 0.1, \"log\": false}}"}
{"op_code": 5, "worker_id": "a679e604-cbe8-4612-bdfa-456b55cb07a8-21968", "trial_id": 0, "param_name": "l1_ratio", "param_value_internal": 0.042996408586279775, "distribution": "{\"name\": \"FloatDistribution\", \"attributes\": {\"step\": null, \"low\": 0.0, \"high\": 0.05, \"log\": false}}"}
{"op_code": 7, "worker_id": "a679e604-cbe8-4612-bdfa-456b55cb07a8-21968", "trial_id": 0, "step": 0, "intermediate_value": 0.3702241405250253}
{"op_code": 7, "worker_id": "a679e604-cbe8-4612-bdfa-456b55cb07a8-21968", "trial_id": 0, "step": 1, "intermediate_value": 0.3702241405250253}
{"op_code": 7, "worker_id": "a679e604-cbe8-4612-bdfa-456b55cb07a8-21968", "trial_id": 0, "step": 2, "intermediate_value": 0.3702241405250253}
{"op_code": 6, "worker_id": "a679e604-cbe8-4612-bdfa-456b55cb07a8-21968", "trial_id": 0, "state": 1, "values": [0.3702241405250253], "datetime_complete": "2024-03-19T11:12:15.773101"}
{"op_code": 4, "worker_id": "a679e604-cbe8-4612-bdfa-456b55cb07a8-21968", "study_id": 0, "datetime_start": "2024-03-19T11:12:15.907739"}
{"op_code": 5, "worker_id": "a679e604-cbe8-4612-bdfa-456b55cb07a8-21968", "trial_id": 1, "param_name": "alpha", "param_value_internal": 0.04887253541204684, "distribution": "{\"name\": \"FloatDistribution\", \"attributes\": {\"step\": null, \"low\": 0.005, \"high\": 0.1, \"log\": false}}"}
{"op_code": 5, "worker_id": "a679e604-cbe8-4612-bdfa-456b55cb07a8-21968", "trial_id": 1, "param_name": "l1_ratio", "param_value_internal": 0.04601774092967029, "distribution": "{\"name\": \"FloatDistribution\", \"attributes\": {\"step\": null, \"low\": 0.0, \"high\": 0.05, \"log\": false}}"}
{"op_code": 7, "worker_id": "a679e604-cbe8-4612-bdfa-456b55cb07a8-21968", "trial_id": 1, "step": 0, "intermediate_value": 0.3721389831889855}
{"op_code": 7, "worker_id": "a679e604-cbe8-4612-bdfa-456b55cb07a8-21968", "trial_id": 1, "step": 1, "intermediate_value": 0.3721389831889855}
{"op_code": 7, "worker_id": "a679e604-cbe8-4612-bdfa-456b55cb07a8-21968", "trial_id": 1, "step": 2, "intermediate_value": 0.3721389831889855}
{"op_code": 6, "worker_id": "a679e604-cbe8-4612-bdfa-456b55cb07a8-21968", "trial_id": 1, "state": 1, "values": [0.3721389831889855], "datetime_complete": "2024-03-19T11:12:18.741461"}
{"op_code": 4, "worker_id": "a679e604-cbe8-4612-bdfa-456b55cb07a8-21968", "study_id": 0, "datetime_start": "2024-03-19T11:12:18.999737"}
{"op_code": 5, "worker_id": "a679e604-cbe8-4612-bdfa-456b55cb07a8-21968", "trial_id": 2, "param_name": "alpha", "param_value_internal": 0.08605180426217657, "distribution": "{\"name\": \"FloatDistribution\", \"attributes\": {\"step\": null, \"low\": 0.005, \"high\": 0.1, \"log\": false}}"}
{"op_code": 5, "worker_id": "a679e604-cbe8-4612-bdfa-456b55cb07a8-21968", "trial_id": 2, "param_name": "l1_ratio", "param_value_internal": 0.04980664340167183, "distribution": "{\"name\": \"FloatDistribution\", \"attributes\": {\"step\": null, \"low\": 0.0, \"high\": 0.05, \"log\": false}}"}
{"op_code": 7, "worker_id": "a679e604-cbe8-4612-bdfa-456b55cb07a8-21968", "trial_id": 2, "step": 0, "intermediate_value": 0.3471740380196977}
{"op_code": 7, "worker_id": "a679e604-cbe8-4612-bdfa-456b55cb07a8-21968", "trial_id": 2, "step": 1, "intermediate_value": 0.3471740380196977}
{"op_code": 7, "worker_id": "a679e604-cbe8-4612-bdfa-456b55cb07a8-21968", "trial_id": 2, "step": 2, "intermediate_value": 0.3471740380196977}
{"op_code": 6, "worker_id": "a679e604-cbe8-4612-bdfa-456b55cb07a8-21968", "trial_id": 2, "state": 1, "values": [0.3471740380196977], "datetime_complete": "2024-03-19T11:12:21.425981"}
{"op_code": 4, "worker_id": "a679e604-cbe8-4612-bdfa-456b55cb07a8-21968", "study_id": 0, "datetime_start": "2024-03-19T11:12:21.457878"}
{"op_code": 5, "worker_id": "a679e604-cbe8-4612-bdfa-456b55cb07a8-21968", "trial_id": 3, "param_name": "alpha", "param_value_internal": 0.0050761505306662, "distribution": "{\"name\": \"FloatDistribution\", \"attributes\": {\"step\": null, \"low\": 0.005, \"high\": 0.1, \"log\": false}}"}
{"op_code": 5, "worker_id": "a679e604-cbe8-4612-bdfa-456b55cb07a8-21968", "trial_id": 3, "param_name": "l1_ratio", "param_value_internal": 0.007867545680506946, "distribution": "{\"name\": \"FloatDistribution\", \"attributes\": {\"step\": null, \"low\": 0.0, \"high\": 0.05, \"log\": false}}"}
{"op_code": 7, "worker_id": "a679e604-cbe8-4612-bdfa-456b55cb07a8-21968", "trial_id": 3, "step": 0, "intermediate_value": 0.3639148005553545}
{"op_code": 7, "worker_id": "a679e604-cbe8-4612-bdfa-456b55cb07a8-21968", "trial_id": 3, "step": 1, "intermediate_value": 0.3639148005553545}
{"op_code": 9, "worker_id": "a679e604-cbe8-4612-bdfa-456b55cb07a8-21968", "trial_id": 3, "system_attr": {"completed_rung_0": 0.3639148005553545}}
{"op_code": 7, "worker_id": "a679e604-cbe8-4612-bdfa-456b55cb07a8-21968", "trial_id": 3, "step": 2, "intermediate_value": 0.3639148005553545}
{"op_code": 6, "worker_id": "a679e604-cbe8-4612-bdfa-456b55cb07a8-21968", "trial_id": 3, "state": 1, "values": [0.3639148005553545], "datetime_complete": "2024-03-19T11:12:21.820447"}
{"op_code": 4, "worker_id": "a679e604-cbe8-4612-bdfa-456b55cb07a8-21968", "study_id": 0, "datetime_start": "2024-03-19T11:12:22.169785"}
{"op_code": 5, "worker_id": "a679e604-cbe8-4612-bdfa-456b55cb07a8-21968", "trial_id": 4, "param_name": "alpha", "param_value_internal": 0.055836075565925875, "distribution": "{\"name\": \"FloatDistribution\", \"attributes\": {\"step\": null, \"low\": 0.005, \"high\": 0.1, \"log\": false}}"}
{"op_code": 5, "worker_id": "a679e604-cbe8-4612-bdfa-456b55cb07a8-21968", "trial_id": 4, "param_name": "l1_ratio", "param_value_internal": 0.030434820810536316, "distribution": "{\"name\": \"FloatDistribution\", \"attributes\": {\"step\": null, \"low\": 0.0, \"high\": 0.05, \"log\": false}}"}
{"op_code": 7, "worker_id": "a679e604-cbe8-4612-bdfa-456b55cb07a8-21968", "trial_id": 4, "step": 0, "intermediate_value": 0.37084187609804004}
{"op_code": 7, "worker_id": "a679e604-cbe8-4612-bdfa-456b55cb07a8-21968", "trial_id": 4, "step": 1, "intermediate_value": 0.37084187609804004}
{"op_code": 9, "worker_id": "a679e604-cbe8-4612-bdfa-456b55cb07a8-21968", "trial_id": 4, "system_attr": {"completed_rung_0": 0.37084187609804004}}
{"op_code": 7, "worker_id": "a679e604-cbe8-4612-bdfa-456b55cb07a8-21968", "trial_id": 4, "step": 2, "intermediate_value": 0.37084187609804004}
{"op_code": 6, "worker_id": "a679e604-cbe8-4612-bdfa-456b55cb07a8-21968", "trial_id": 4, "state": 1, "values": [0.37084187609804004], "datetime_complete": "2024-03-19T11:12:24.494040"}
{"op_code": 4, "worker_id": "a679e604-cbe8-4612-bdfa-456b55cb07a8-21968", "study_id": 0, "datetime_start": "2024-03-19T11:12:24.929639"}
{"op_code": 5, "worker_id": "a679e604-cbe8-4612-bdfa-456b55cb07a8-21968", "trial_id": 5, "param_name": "alpha", "param_value_internal": 0.04550817805204644, "distribution": "{\"name\": \"FloatDistribution\", \"attributes\": {\"step\": null, \"low\": 0.005, \"high\": 0.1, \"log\": false}}"}
{"op_code": 5, "worker_id": "a679e604-cbe8-4612-bdfa-456b55cb07a8-21968", "trial_id": 5, "param_name": "l1_ratio", "param_value_internal": 0.03285675238630048, "distribution": "{\"name\": \"FloatDistribution\", \"attributes\": {\"step\": null, \"low\": 0.0, \"high\": 0.05, \"log\": false}}"}
{"op_code": 7, "worker_id": "a679e604-cbe8-4612-bdfa-456b55cb07a8-21968", "trial_id": 5, "step": 0, "intermediate_value": 0.37493990306058733}
{"op_code": 7, "worker_id": "a679e604-cbe8-4612-bdfa-456b55cb07a8-21968", "trial_id": 5, "step": 1, "intermediate_value": 0.37493990306058733}
{"op_code": 7, "worker_id": "a679e604-cbe8-4612-bdfa-456b55cb07a8-21968", "trial_id": 5, "step": 2, "intermediate_value": 0.37493990306058733}
{"op_code": 6, "worker_id": "a679e604-cbe8-4612-bdfa-456b55cb07a8-21968", "trial_id": 5, "state": 1, "values": [0.37493990306058733], "datetime_complete": "2024-03-19T11:12:27.528798"}
{"op_code": 4, "worker_id": "a679e604-cbe8-4612-bdfa-456b55cb07a8-21968", "study_id": 0, "datetime_start": "2024-03-19T11:12:27.725507"}
{"op_code": 5, "worker_id": "a679e604-cbe8-4612-bdfa-456b55cb07a8-21968", "trial_id": 6, "param_name": "alpha", "param_value_internal": 0.024102525695818427, "distribution": "{\"name\": \"FloatDistribution\", \"attributes\": {\"step\": null, \"low\": 0.005, \"high\": 0.1, \"log\": false}}"}
{"op_code": 5, "worker_id": "a679e604-cbe8-4612-bdfa-456b55cb07a8-21968", "trial_id": 6, "param_name": "l1_ratio", "param_value_internal": 0.023792478575124988, "distribution": "{\"name\": \"FloatDistribution\", \"attributes\": {\"step\": null, \"low\": 0.0, \"high\": 0.05, \"log\": false}}"}
{"op_code": 7, "worker_id": "a679e604-cbe8-4612-bdfa-456b55cb07a8-21968", "trial_id": 6, "step": 0, "intermediate_value": 0.37284313232836275}
{"op_code": 7, "worker_id": "a679e604-cbe8-4612-bdfa-456b55cb07a8-21968", "trial_id": 6, "step": 1, "intermediate_value": 0.37284313232836275}
{"op_code": 9, "worker_id": "a679e604-cbe8-4612-bdfa-456b55cb07a8-21968", "trial_id": 6, "system_attr": {"completed_rung_0": 0.37284313232836275}}
{"op_code": 7, "worker_id": "a679e604-cbe8-4612-bdfa-456b55cb07a8-21968", "trial_id": 6, "step": 2, "intermediate_value": 0.37284313232836275}
{"op_code": 6, "worker_id": "a679e604-cbe8-4612-bdfa-456b55cb07a8-21968", "trial_id": 6, "state": 1, "values": [0.37284313232836275], "datetime_complete": "2024-03-19T11:12:30.897866"}
{"op_code": 4, "worker_id": "a679e604-cbe8-4612-bdfa-456b55cb07a8-21968", "study_id": 0, "datetime_start": "2024-03-19T11:12:31.379724"}
{"op_code": 5, "worker_id": "a679e604-cbe8-4612-bdfa-456b55cb07a8-21968", "trial_id": 7, "param_name": "alpha", "param_value_internal": 0.09942882921890911, "distribution": "{\"name\": \"FloatDistribution\", \"attributes\": {\"step\": null, \"low\": 0.005, \"high\": 0.1, \"log\": false}}"}
{"op_code": 5, "worker_id": "a679e604-cbe8-4612-bdfa-456b55cb07a8-21968", "trial_id": 7, "param_name": "l1_ratio", "param_value_internal": 0.027917504415476652, "distribution": "{\"name\": \"FloatDistribution\", \"attributes\": {\"step\": null, \"low\": 0.0, \"high\": 0.05, \"log\": false}}"}
{"op_code": 7, "worker_id": "a679e604-cbe8-4612-bdfa-456b55cb07a8-21968", "trial_id": 7, "step": 0, "intermediate_value": 0.3544596638663883}
{"op_code": 7, "worker_id": "a679e604-cbe8-4612-bdfa-456b55cb07a8-21968", "trial_id": 7, "step": 1, "intermediate_value": 0.3544596638663883}
{"op_code": 9, "worker_id": "a679e604-cbe8-4612-bdfa-456b55cb07a8-21968", "trial_id": 7, "system_attr": {"completed_rung_0": 0.3544596638663883}}
{"op_code": 6, "worker_id": "a679e604-cbe8-4612-bdfa-456b55cb07a8-21968", "trial_id": 7, "state": 2, "values": [0.3544596638663883], "datetime_complete": "2024-03-19T11:12:33.249667"}
{"op_code": 4, "worker_id": "a679e604-cbe8-4612-bdfa-456b55cb07a8-21968", "study_id": 0, "datetime_start": "2024-03-19T11:12:33.496825"}
{"op_code": 5, "worker_id": "a679e604-cbe8-4612-bdfa-456b55cb07a8-21968", "trial_id": 8, "param_name": "alpha", "param_value_internal": 0.07183240697213868, "distribution": "{\"name\": \"FloatDistribution\", \"attributes\": {\"step\": null, \"low\": 0.005, \"high\": 0.1, \"log\": false}}"}
{"op_code": 5, "worker_id": "a679e604-cbe8-4612-bdfa-456b55cb07a8-21968", "trial_id": 8, "param_name": "l1_ratio", "param_value_internal": 0.0037579606140880177, "distribution": "{\"name\": \"FloatDistribution\", \"attributes\": {\"step\": null, \"low\": 0.0, \"high\": 0.05, \"log\": false}}"}
{"op_code": 7, "worker_id": "a679e604-cbe8-4612-bdfa-456b55cb07a8-21968", "trial_id": 8, "step": 0, "intermediate_value": 0.36055359975033513}
{"op_code": 7, "worker_id": "a679e604-cbe8-4612-bdfa-456b55cb07a8-21968", "trial_id": 8, "step": 1, "intermediate_value": 0.36055359975033513}
{"op_code": 9, "worker_id": "a679e604-cbe8-4612-bdfa-456b55cb07a8-21968", "trial_id": 8, "system_attr": {"completed_rung_0": 0.36055359975033513}}
{"op_code": 6, "worker_id": "a679e604-cbe8-4612-bdfa-456b55cb07a8-21968", "trial_id": 8, "state": 2, "values": [0.36055359975033513], "datetime_complete": "2024-03-19T11:12:35.318867"}
{"op_code": 4, "worker_id": "a679e604-cbe8-4612-bdfa-456b55cb07a8-21968", "study_id": 0, "datetime_start": "2024-03-19T11:12:35.640865"}
{"op_code": 5, "worker_id": "a679e604-cbe8-4612-bdfa-456b55cb07a8-21968", "trial_id": 9, "param_name": "alpha", "param_value_internal": 0.02644800081657895, "distribution": "{\"name\": \"FloatDistribution\", \"attributes\": {\"step\": null, \"low\": 0.005, \"high\": 0.1, \"log\": false}}"}
{"op_code": 5, "worker_id": "a679e604-cbe8-4612-bdfa-456b55cb07a8-21968", "trial_id": 9, "param_name": "l1_ratio", "param_value_internal": 0.03631878736800868, "distribution": "{\"name\": \"FloatDistribution\", \"attributes\": {\"step\": null, \"low\": 0.0, \"high\": 0.05, \"log\": false}}"}
{"op_code": 7, "worker_id": "a679e604-cbe8-4612-bdfa-456b55cb07a8-21968", "trial_id": 9, "step": 0, "intermediate_value": 0.3775961158753794}
{"op_code": 7, "worker_id": "a679e604-cbe8-4612-bdfa-456b55cb07a8-21968", "trial_id": 9, "step": 1, "intermediate_value": 0.3775961158753794}
{"op_code": 7, "worker_id": "a679e604-cbe8-4612-bdfa-456b55cb07a8-21968", "trial_id": 9, "step": 2, "intermediate_value": 0.3775961158753794}
{"op_code": 6, "worker_id": "a679e604-cbe8-4612-bdfa-456b55cb07a8-21968", "trial_id": 9, "state": 1, "values": [0.3775961158753794], "datetime_complete": "2024-03-19T11:12:36.952334"}
{"op_code": 4, "worker_id": "a679e604-cbe8-4612-bdfa-456b55cb07a8-21968", "study_id": 0, "datetime_start": "2024-03-19T11:12:37.089828"}
{"op_code": 5, "worker_id": "a679e604-cbe8-4612-bdfa-456b55cb07a8-21968", "trial_id": 10, "param_name": "alpha", "param_value_internal": 0.027296378073148685, "distribution": "{\"name\": \"FloatDistribution\", \"attributes\": {\"step\": null, \"low\": 0.005, \"high\": 0.1, \"log\": false}}"}
{"op_code": 5, "worker_id": "a679e604-cbe8-4612-bdfa-456b55cb07a8-21968", "trial_id": 10, "param_name": "l1_ratio", "param_value_internal": 0.017218364283442235, "distribution": "{\"name\": \"FloatDistribution\", \"attributes\": {\"step\": null, \"low\": 0.0, \"high\": 0.05, \"log\": false}}"}
{"op_code": 7, "worker_id": "a679e604-cbe8-4612-bdfa-456b55cb07a8-21968", "trial_id": 10, "step": 0, "intermediate_value": 0.3647835276916992}
{"op_code": 7, "worker_id": "a679e604-cbe8-4612-bdfa-456b55cb07a8-21968", "trial_id": 10, "step": 1, "intermediate_value": 0.3647835276916992}
{"op_code": 9, "worker_id": "a679e604-cbe8-4612-bdfa-456b55cb07a8-21968", "trial_id": 10, "system_attr": {"completed_rung_0": 0.3647835276916992}}
{"op_code": 6, "worker_id": "a679e604-cbe8-4612-bdfa-456b55cb07a8-21968", "trial_id": 10, "state": 2, "values": [0.3647835276916992], "datetime_complete": "2024-03-19T11:12:39.106756"}
{"op_code": 4, "worker_id": "a679e604-cbe8-4612-bdfa-456b55cb07a8-21968", "study_id": 0, "datetime_start": "2024-03-19T11:12:39.119874"}
{"op_code": 5, "worker_id": "a679e604-cbe8-4612-bdfa-456b55cb07a8-21968", "trial_id": 11, "param_name": "alpha", "param_value_internal": 0.031834462103105615, "distribution": "{\"name\": \"FloatDistribution\", \"attributes\": {\"step\": null, \"low\": 0.005, \"high\": 0.1, \"log\": false}}"}
{"op_code": 5, "worker_id": "a679e604-cbe8-4612-bdfa-456b55cb07a8-21968", "trial_id": 11, "param_name": "l1_ratio", "param_value_internal": 0.03623036284573696, "distribution": "{\"name\": \"FloatDistribution\", \"attributes\": {\"step\": null, \"low\": 0.0, \"high\": 0.05, \"log\": false}}"}
{"op_code": 7, "worker_id": "a679e604-cbe8-4612-bdfa-456b55cb07a8-21968", "trial_id": 11, "step": 0, "intermediate_value": 0.3804251644555175}
{"op_code": 7, "worker_id": "a679e604-cbe8-4612-bdfa-456b55cb07a8-21968", "trial_id": 11, "step": 1, "intermediate_value": 0.3804251644555175}
{"op_code": 9, "worker_id": "a679e604-cbe8-4612-bdfa-456b55cb07a8-21968", "trial_id": 11, "system_attr": {"completed_rung_0": 0.3804251644555175}}
{"op_code": 7, "worker_id": "a679e604-cbe8-4612-bdfa-456b55cb07a8-21968", "trial_id": 11, "step": 2, "intermediate_value": 0.3804251644555175}
{"op_code": 6, "worker_id": "a679e604-cbe8-4612-bdfa-456b55cb07a8-21968", "trial_id": 11, "state": 1, "values": [0.3804251644555175], "datetime_complete": "2024-03-19T11:12:40.856249"}
{"op_code": 4, "worker_id": "a679e604-cbe8-4612-bdfa-456b55cb07a8-21968", "study_id": 0, "datetime_start": "2024-03-19T11:12:41.027599"}
{"op_code": 5, "worker_id": "a679e604-cbe8-4612-bdfa-456b55cb07a8-21968", "trial_id": 12, "param_name": "alpha", "param_value_internal": 0.029992407476652008, "distribution": "{\"name\": \"FloatDistribution\", \"attributes\": {\"step\": null, \"low\": 0.005, \"high\": 0.1, \"log\": false}}"}
{"op_code": 5, "worker_id": "a679e604-cbe8-4612-bdfa-456b55cb07a8-21968", "trial_id": 12, "param_name": "l1_ratio", "param_value_internal": 0.037969885844264896, "distribution": "{\"name\": \"FloatDistribution\", \"attributes\": {\"step\": null, \"low\": 0.0, \"high\": 0.05, \"log\": false}}"}
{"op_code": 7, "worker_id": "a679e604-cbe8-4612-bdfa-456b55cb07a8-21968", "trial_id": 12, "step": 0, "intermediate_value": 0.38175327086291355}
{"op_code": 7, "worker_id": "a679e604-cbe8-4612-bdfa-456b55cb07a8-21968", "trial_id": 12, "step": 1, "intermediate_value": 0.38175327086291355}
{"op_code": 7, "worker_id": "a679e604-cbe8-4612-bdfa-456b55cb07a8-21968", "trial_id": 12, "step": 2, "intermediate_value": 0.38175327086291355}
{"op_code": 6, "worker_id": "a679e604-cbe8-4612-bdfa-456b55cb07a8-21968", "trial_id": 12, "state": 1, "values": [0.3817532708629135], "datetime_complete": "2024-03-19T11:12:43.066094"}
{"op_code": 4, "worker_id": "a679e604-cbe8-4612-bdfa-456b55cb07a8-21968", "study_id": 0, "datetime_start": "2024-03-19T11:12:43.400304"}
{"op_code": 5, "worker_id": "a679e604-cbe8-4612-bdfa-456b55cb07a8-21968", "trial_id": 13, "param_name": "alpha", "param_value_internal": 0.032970450968199505, "distribution": "{\"name\": \"FloatDistribution\", \"attributes\": {\"step\": null, \"low\": 0.005, \"high\": 0.1, \"log\": false}}"}
{"op_code": 5, "worker_id": "a679e604-cbe8-4612-bdfa-456b55cb07a8-21968", "trial_id": 13, "param_name": "l1_ratio", "param_value_internal": 0.039205394760654814, "distribution": "{\"name\": \"FloatDistribution\", \"attributes\": {\"step\": null, \"low\": 0.0, \"high\": 0.05, \"log\": false}}"}
{"op_code": 7, "worker_id": "a679e604-cbe8-4612-bdfa-456b55cb07a8-21968", "trial_id": 13, "step": 0, "intermediate_value": 0.3765409080448456}
{"op_code": 7, "worker_id": "a679e604-cbe8-4612-bdfa-456b55cb07a8-21968", "trial_id": 13, "step": 1, "intermediate_value": 0.3765409080448456}
{"op_code": 7, "worker_id": "a679e604-cbe8-4612-bdfa-456b55cb07a8-21968", "trial_id": 13, "step": 2, "intermediate_value": 0.3765409080448456}
{"op_code": 6, "worker_id": "a679e604-cbe8-4612-bdfa-456b55cb07a8-21968", "trial_id": 13, "state": 1, "values": [0.3765409080448456], "datetime_complete": "2024-03-19T11:12:44.393894"}
{"op_code": 4, "worker_id": "a679e604-cbe8-4612-bdfa-456b55cb07a8-21968", "study_id": 0, "datetime_start": "2024-03-19T11:12:44.533023"}
{"op_code": 5, "worker_id": "a679e604-cbe8-4612-bdfa-456b55cb07a8-21968", "trial_id": 14, "param_name": "alpha", "param_value_internal": 0.008527546305982753, "distribution": "{\"name\": \"FloatDistribution\", \"attributes\": {\"step\": null, \"low\": 0.005, \"high\": 0.1, \"log\": false}}"}
{"op_code": 5, "worker_id": "a679e604-cbe8-4612-bdfa-456b55cb07a8-21968", "trial_id": 14, "param_name": "l1_ratio", "param_value_internal": 0.039149048269950956, "distribution": "{\"name\": \"FloatDistribution\", \"attributes\": {\"step\": null, \"low\": 0.0, \"high\": 0.05, \"log\": false}}"}
{"op_code": 7, "worker_id": "a679e604-cbe8-4612-bdfa-456b55cb07a8-21968", "trial_id": 14, "step": 0, "intermediate_value": 0.3637328681707797}
{"op_code": 7, "worker_id": "a679e604-cbe8-4612-bdfa-456b55cb07a8-21968", "trial_id": 14, "step": 1, "intermediate_value": 0.3637328681707797}
{"op_code": 9, "worker_id": "a679e604-cbe8-4612-bdfa-456b55cb07a8-21968", "trial_id": 14, "system_attr": {"completed_rung_0": 0.3637328681707797}}
{"op_code": 6, "worker_id": "a679e604-cbe8-4612-bdfa-456b55cb07a8-21968", "trial_id": 14, "state": 2, "values": [0.3637328681707797], "datetime_complete": "2024-03-19T11:12:45.954969"}
{"op_code": 4, "worker_id": "a679e604-cbe8-4612-bdfa-456b55cb07a8-21968", "study_id": 0, "datetime_start": "2024-03-19T11:12:46.268289"}
{"op_code": 5, "worker_id": "a679e604-cbe8-4612-bdfa-456b55cb07a8-21968", "trial_id": 15, "param_name": "alpha", "param_value_internal": 0.0154564183408905, "distribution": "{\"name\": \"FloatDistribution\", \"attributes\": {\"step\": null, \"low\": 0.005, \"high\": 0.1, \"log\": false}}"}
{"op_code": 5, "worker_id": "a679e604-cbe8-4612-bdfa-456b55cb07a8-21968", "trial_id": 15, "param_name": "l1_ratio", "param_value_internal": 0.03413677601790061, "distribution": "{\"name\": \"FloatDistribution\", \"attributes\": {\"step\": null, \"low\": 0.0, \"high\": 0.05, \"log\": false}}"}
{"op_code": 7, "worker_id": "a679e604-cbe8-4612-bdfa-456b55cb07a8-21968", "trial_id": 15, "step": 0, "intermediate_value": 0.3736481831301062}
{"op_code": 7, "worker_id": "a679e604-cbe8-4612-bdfa-456b55cb07a8-21968", "trial_id": 15, "step": 1, "intermediate_value": 0.3736481831301062}
{"op_code": 9, "worker_id": "a679e604-cbe8-4612-bdfa-456b55cb07a8-21968", "trial_id": 15, "system_attr": {"completed_rung_0": 0.3736481831301062}}
{"op_code": 7, "worker_id": "a679e604-cbe8-4612-bdfa-456b55cb07a8-21968", "trial_id": 15, "step": 2, "intermediate_value": 0.3736481831301062}
{"op_code": 6, "worker_id": "a679e604-cbe8-4612-bdfa-456b55cb07a8-21968", "trial_id": 15, "state": 1, "values": [0.3736481831301062], "datetime_complete": "2024-03-19T11:12:49.157227"}
{"op_code": 4, "worker_id": "a679e604-cbe8-4612-bdfa-456b55cb07a8-21968", "study_id": 0, "datetime_start": "2024-03-19T11:12:49.836667"}
{"op_code": 5, "worker_id": "a679e604-cbe8-4612-bdfa-456b55cb07a8-21968", "trial_id": 16, "param_name": "alpha", "param_value_internal": 0.03798266274387979, "distribution": "{\"name\": \"FloatDistribution\", \"attributes\": {\"step\": null, \"low\": 0.005, \"high\": 0.1, \"log\": false}}"}
{"op_code": 5, "worker_id": "a679e604-cbe8-4612-bdfa-456b55cb07a8-21968", "trial_id": 16, "param_name": "l1_ratio", "param_value_internal": 0.04287247780432315, "distribution": "{\"name\": \"FloatDistribution\", \"attributes\": {\"step\": null, \"low\": 0.0, \"high\": 0.05, \"log\": false}}"}
{"op_code": 7, "worker_id": "a679e604-cbe8-4612-bdfa-456b55cb07a8-21968", "trial_id": 16, "step": 0, "intermediate_value": 0.37590414469883376}
{"op_code": 7, "worker_id": "a679e604-cbe8-4612-bdfa-456b55cb07a8-21968", "trial_id": 16, "step": 1, "intermediate_value": 0.37590414469883376}
{"op_code": 9, "worker_id": "a679e604-cbe8-4612-bdfa-456b55cb07a8-21968", "trial_id": 16, "system_attr": {"completed_rung_0": 0.37590414469883376}}
{"op_code": 7, "worker_id": "a679e604-cbe8-4612-bdfa-456b55cb07a8-21968", "trial_id": 16, "step": 2, "intermediate_value": 0.37590414469883376}
{"op_code": 6, "worker_id": "a679e604-cbe8-4612-bdfa-456b55cb07a8-21968", "trial_id": 16, "state": 1, "values": [0.37590414469883376], "datetime_complete": "2024-03-19T11:12:51.991770"}
{"op_code": 4, "worker_id": "a679e604-cbe8-4612-bdfa-456b55cb07a8-21968", "study_id": 0, "datetime_start": "2024-03-19T11:12:52.029109"}
{"op_code": 5, "worker_id": "a679e604-cbe8-4612-bdfa-456b55cb07a8-21968", "trial_id": 17, "param_name": "alpha", "param_value_internal": 0.01793831595062014, "distribution": "{\"name\": \"FloatDistribution\", \"attributes\": {\"step\": null, \"low\": 0.005, \"high\": 0.1, \"log\": false}}"}
{"op_code": 5, "worker_id": "a679e604-cbe8-4612-bdfa-456b55cb07a8-21968", "trial_id": 17, "param_name": "l1_ratio", "param_value_internal": 0.02565505098989003, "distribution": "{\"name\": \"FloatDistribution\", \"attributes\": {\"step\": null, \"low\": 0.0, \"high\": 0.05, \"log\": false}}"}
{"op_code": 7, "worker_id": "a679e604-cbe8-4612-bdfa-456b55cb07a8-21968", "trial_id": 17, "step": 0, "intermediate_value": 0.3705689775211778}
{"op_code": 7, "worker_id": "a679e604-cbe8-4612-bdfa-456b55cb07a8-21968", "trial_id": 17, "step": 1, "intermediate_value": 0.3705689775211778}
{"op_code": 9, "worker_id": "a679e604-cbe8-4612-bdfa-456b55cb07a8-21968", "trial_id": 17, "system_attr": {"completed_rung_0": 0.3705689775211778}}
{"op_code": 6, "worker_id": "a679e604-cbe8-4612-bdfa-456b55cb07a8-21968", "trial_id": 17, "state": 2, "values": [0.3705689775211778], "datetime_complete": "2024-03-19T11:12:54.238982"}
{"op_code": 4, "worker_id": "a679e604-cbe8-4612-bdfa-456b55cb07a8-21968", "study_id": 0, "datetime_start": "2024-03-19T11:12:54.467019"}
{"op_code": 5, "worker_id": "a679e604-cbe8-4612-bdfa-456b55cb07a8-21968", "trial_id": 18, "param_name": "alpha", "param_value_internal": 0.03614435067072068, "distribution": "{\"name\": \"FloatDistribution\", \"attributes\": {\"step\": null, \"low\": 0.005, \"high\": 0.1, \"log\": false}}"}
{"op_code": 5, "worker_id": "a679e604-cbe8-4612-bdfa-456b55cb07a8-21968", "trial_id": 18, "param_name": "l1_ratio", "param_value_internal": 0.04991882324769367, "distribution": "{\"name\": \"FloatDistribution\", \"attributes\": {\"step\": null, \"low\": 0.0, \"high\": 0.05, \"log\": false}}"}
{"op_code": 7, "worker_id": "a679e604-cbe8-4612-bdfa-456b55cb07a8-21968", "trial_id": 18, "step": 0, "intermediate_value": 0.3755547714090191}
{"op_code": 7, "worker_id": "a679e604-cbe8-4612-bdfa-456b55cb07a8-21968", "trial_id": 18, "step": 1, "intermediate_value": 0.3755547714090191}
{"op_code": 7, "worker_id": "a679e604-cbe8-4612-bdfa-456b55cb07a8-21968", "trial_id": 18, "step": 2, "intermediate_value": 0.3755547714090191}
{"op_code": 6, "worker_id": "a679e604-cbe8-4612-bdfa-456b55cb07a8-21968", "trial_id": 18, "state": 1, "values": [0.3755547714090191], "datetime_complete": "2024-03-19T11:12:55.945920"}
{"op_code": 4, "worker_id": "a679e604-cbe8-4612-bdfa-456b55cb07a8-21968", "study_id": 0, "datetime_start": "2024-03-19T11:12:56.338185"}
{"op_code": 5, "worker_id": "a679e604-cbe8-4612-bdfa-456b55cb07a8-21968", "trial_id": 19, "param_name": "alpha", "param_value_internal": 0.05626896777383403, "distribution": "{\"name\": \"FloatDistribution\", \"attributes\": {\"step\": null, \"low\": 0.005, \"high\": 0.1, \"log\": false}}"}
{"op_code": 5, "worker_id": "a679e604-cbe8-4612-bdfa-456b55cb07a8-21968", "trial_id": 19, "param_name": "l1_ratio", "param_value_internal": 0.03700777092809773, "distribution": "{\"name\": \"FloatDistribution\", \"attributes\": {\"step\": null, \"low\": 0.0, \"high\": 0.05, \"log\": false}}"}
{"op_code": 7, "worker_id": "a679e604-cbe8-4612-bdfa-456b55cb07a8-21968", "trial_id": 19, "step": 0, "intermediate_value": 0.36845939241667236}
{"op_code": 7, "worker_id": "a679e604-cbe8-4612-bdfa-456b55cb07a8-21968", "trial_id": 19, "step": 1, "intermediate_value": 0.36845939241667236}
{"op_code": 9, "worker_id": "a679e604-cbe8-4612-bdfa-456b55cb07a8-21968", "trial_id": 19, "system_attr": {"completed_rung_0": 0.36845939241667236}}
{"op_code": 6, "worker_id": "a679e604-cbe8-4612-bdfa-456b55cb07a8-21968", "trial_id": 19, "state": 2, "values": [0.36845939241667236], "datetime_complete": "2024-03-19T11:12:58.327736"}
