{"op_code": 0, "worker_id": "8820b3e1-6cb6-4f9e-a1ca-120d465aab7c-9760", "study_name": "RF", "directions": [2]}
{"op_code": 4, "worker_id": "8820b3e1-6cb6-4f9e-a1ca-120d465aab7c-20200", "study_id": 0, "datetime_start": "2024-03-19T11:12:15.259952"}
{"op_code": 5, "worker_id": "8820b3e1-6cb6-4f9e-a1ca-120d465aab7c-20200", "trial_id": 0, "param_name": "n_estimators", "param_value_internal": 0, "distribution": "{\"name\": \"CategoricalDistribution\", \"attributes\": {\"choices\": [500, 750, 1000]}}"}
{"op_code": 5, "worker_id": "8820b3e1-6cb6-4f9e-a1ca-120d465aab7c-20200", "trial_id": 0, "param_name": "max_features", "param_value_internal": 1, "distribution": "{\"name\": \"CategoricalDistribution\", \"attributes\": {\"choices\": [\"sqrt\", \"log2\"]}}"}
{"op_code": 5, "worker_id": "8820b3e1-6cb6-4f9e-a1ca-120d465aab7c-20200", "trial_id": 0, "param_name": "max_depth", "param_value_internal": 2, "distribution": "{\"name\": \"CategoricalDistribution\", \"attributes\": {\"choices\": [null, 2, 5, 10, 20]}}"}
{"op_code": 7, "worker_id": "8820b3e1-6cb6-4f9e-a1ca-120d465aab7c-20200", "trial_id": 0, "step": 0, "intermediate_value": 0.3975995815593784}
{"op_code": 7, "worker_id": "8820b3e1-6cb6-4f9e-a1ca-120d465aab7c-20200", "trial_id": 0, "step": 1, "intermediate_value": 0.4137915637865355}
{"op_code": 7, "worker_id": "8820b3e1-6cb6-4f9e-a1ca-120d465aab7c-20200", "trial_id": 0, "step": 2, "intermediate_value": 0.40076520505097996}
{"op_code": 6, "worker_id": "8820b3e1-6cb6-4f9e-a1ca-120d465aab7c-20200", "trial_id": 0, "state": 1, "values": [0.40405211679896463], "datetime_complete": "2024-03-19T11:13:00.914630"}
{"op_code": 4, "worker_id": "8820b3e1-6cb6-4f9e-a1ca-120d465aab7c-20200", "study_id": 0, "datetime_start": "2024-03-19T11:13:01.254771"}
{"op_code": 5, "worker_id": "8820b3e1-6cb6-4f9e-a1ca-120d465aab7c-20200", "trial_id": 1, "param_name": "n_estimators", "param_value_internal": 0, "distribution": "{\"name\": \"CategoricalDistribution\", \"attributes\": {\"choices\": [500, 750, 1000]}}"}
{"op_code": 5, "worker_id": "8820b3e1-6cb6-4f9e-a1ca-120d465aab7c-20200", "trial_id": 1, "param_name": "max_features", "param_value_internal": 1, "distribution": "{\"name\": \"CategoricalDistribution\", \"attributes\": {\"choices\": [\"sqrt\", \"log2\"]}}"}
{"op_code": 5, "worker_id": "8820b3e1-6cb6-4f9e-a1ca-120d465aab7c-20200", "trial_id": 1, "param_name": "max_depth", "param_value_internal": 2, "distribution": "{\"name\": \"CategoricalDistribution\", \"attributes\": {\"choices\": [null, 2, 5, 10, 20]}}"}
{"op_code": 7, "worker_id": "8820b3e1-6cb6-4f9e-a1ca-120d465aab7c-20200", "trial_id": 1, "step": 0, "intermediate_value": 0.381071024420758}
{"op_code": 7, "worker_id": "8820b3e1-6cb6-4f9e-a1ca-120d465aab7c-20200", "trial_id": 1, "step": 1, "intermediate_value": 0.39682636892493556}
{"op_code": 9, "worker_id": "8820b3e1-6cb6-4f9e-a1ca-120d465aab7c-20200", "trial_id": 1, "system_attr": {"completed_rung_0": 0.39682636892493556}}
{"op_code": 7, "worker_id": "8820b3e1-6cb6-4f9e-a1ca-120d465aab7c-20200", "trial_id": 1, "step": 2, "intermediate_value": 0.3935970690987329}
{"op_code": 6, "worker_id": "8820b3e1-6cb6-4f9e-a1ca-120d465aab7c-20200", "trial_id": 1, "state": 1, "values": [0.3904981541481422], "datetime_complete": "2024-03-19T11:13:59.425974"}
{"op_code": 4, "worker_id": "8820b3e1-6cb6-4f9e-a1ca-120d465aab7c-20200", "study_id": 0, "datetime_start": "2024-03-19T11:13:59.490607"}
{"op_code": 5, "worker_id": "8820b3e1-6cb6-4f9e-a1ca-120d465aab7c-20200", "trial_id": 2, "param_name": "n_estimators", "param_value_internal": 1, "distribution": "{\"name\": \"CategoricalDistribution\", \"attributes\": {\"choices\": [500, 750, 1000]}}"}
{"op_code": 5, "worker_id": "8820b3e1-6cb6-4f9e-a1ca-120d465aab7c-20200", "trial_id": 2, "param_name": "max_features", "param_value_internal": 0, "distribution": "{\"name\": \"CategoricalDistribution\", \"attributes\": {\"choices\": [\"sqrt\", \"log2\"]}}"}
{"op_code": 5, "worker_id": "8820b3e1-6cb6-4f9e-a1ca-120d465aab7c-20200", "trial_id": 2, "param_name": "max_depth", "param_value_internal": 2, "distribution": "{\"name\": \"CategoricalDistribution\", \"attributes\": {\"choices\": [null, 2, 5, 10, 20]}}"}
{"op_code": 7, "worker_id": "8820b3e1-6cb6-4f9e-a1ca-120d465aab7c-20200", "trial_id": 2, "step": 0, "intermediate_value": 0.38646077131378637}
{"op_code": 7, "worker_id": "8820b3e1-6cb6-4f9e-a1ca-120d465aab7c-20200", "trial_id": 2, "step": 1, "intermediate_value": 0.38853025218832477}
{"op_code": 9, "worker_id": "8820b3e1-6cb6-4f9e-a1ca-120d465aab7c-20200", "trial_id": 2, "system_attr": {"completed_rung_0": 0.38853025218832477}}
{"op_code": 6, "worker_id": "8820b3e1-6cb6-4f9e-a1ca-120d465aab7c-20200", "trial_id": 2, "state": 2, "values": [0.38853025218832477], "datetime_complete": "2024-03-19T11:15:03.926158"}
{"op_code": 4, "worker_id": "8820b3e1-6cb6-4f9e-a1ca-120d465aab7c-20200", "study_id": 0, "datetime_start": "2024-03-19T11:15:04.144365"}
{"op_code": 5, "worker_id": "8820b3e1-6cb6-4f9e-a1ca-120d465aab7c-20200", "trial_id": 3, "param_name": "n_estimators", "param_value_internal": 0, "distribution": "{\"name\": \"CategoricalDistribution\", \"attributes\": {\"choices\": [500, 750, 1000]}}"}
{"op_code": 5, "worker_id": "8820b3e1-6cb6-4f9e-a1ca-120d465aab7c-20200", "trial_id": 3, "param_name": "max_features", "param_value_internal": 1, "distribution": "{\"name\": \"CategoricalDistribution\", \"attributes\": {\"choices\": [\"sqrt\", \"log2\"]}}"}
{"op_code": 5, "worker_id": "8820b3e1-6cb6-4f9e-a1ca-120d465aab7c-20200", "trial_id": 3, "param_name": "max_depth", "param_value_internal": 4, "distribution": "{\"name\": \"CategoricalDistribution\", \"attributes\": {\"choices\": [null, 2, 5, 10, 20]}}"}
{"op_code": 7, "worker_id": "8820b3e1-6cb6-4f9e-a1ca-120d465aab7c-20200", "trial_id": 3, "step": 0, "intermediate_value": 0.40630504616128255}
{"op_code": 7, "worker_id": "8820b3e1-6cb6-4f9e-a1ca-120d465aab7c-20200", "trial_id": 3, "step": 1, "intermediate_value": 0.4166388056051311}
{"op_code": 7, "worker_id": "8820b3e1-6cb6-4f9e-a1ca-120d465aab7c-20200", "trial_id": 3, "step": 2, "intermediate_value": 0.3985865647456967}
{"op_code": 6, "worker_id": "8820b3e1-6cb6-4f9e-a1ca-120d465aab7c-20200", "trial_id": 3, "state": 1, "values": [0.4071768055040368], "datetime_complete": "2024-03-19T11:17:03.344893"}
{"op_code": 4, "worker_id": "8820b3e1-6cb6-4f9e-a1ca-120d465aab7c-20200", "study_id": 0, "datetime_start": "2024-03-19T11:17:03.542556"}
{"op_code": 5, "worker_id": "8820b3e1-6cb6-4f9e-a1ca-120d465aab7c-20200", "trial_id": 4, "param_name": "n_estimators", "param_value_internal": 2, "distribution": "{\"name\": \"CategoricalDistribution\", \"attributes\": {\"choices\": [500, 750, 1000]}}"}
{"op_code": 5, "worker_id": "8820b3e1-6cb6-4f9e-a1ca-120d465aab7c-20200", "trial_id": 4, "param_name": "max_features", "param_value_internal": 1, "distribution": "{\"name\": \"CategoricalDistribution\", \"attributes\": {\"choices\": [\"sqrt\", \"log2\"]}}"}
{"op_code": 5, "worker_id": "8820b3e1-6cb6-4f9e-a1ca-120d465aab7c-20200", "trial_id": 4, "param_name": "max_depth", "param_value_internal": 4, "distribution": "{\"name\": \"CategoricalDistribution\", \"attributes\": {\"choices\": [null, 2, 5, 10, 20]}}"}
{"op_code": 7, "worker_id": "8820b3e1-6cb6-4f9e-a1ca-120d465aab7c-20200", "trial_id": 4, "step": 0, "intermediate_value": 0.4267087630913462}
{"op_code": 7, "worker_id": "8820b3e1-6cb6-4f9e-a1ca-120d465aab7c-20200", "trial_id": 4, "step": 1, "intermediate_value": 0.41359598647311757}
{"op_code": 7, "worker_id": "8820b3e1-6cb6-4f9e-a1ca-120d465aab7c-20200", "trial_id": 4, "step": 2, "intermediate_value": 0.43057937457317497}
{"op_code": 6, "worker_id": "8820b3e1-6cb6-4f9e-a1ca-120d465aab7c-20200", "trial_id": 4, "state": 1, "values": [0.4236280413792129], "datetime_complete": "2024-03-19T11:20:35.142268"}
{"op_code": 4, "worker_id": "8820b3e1-6cb6-4f9e-a1ca-120d465aab7c-20200", "study_id": 0, "datetime_start": "2024-03-19T11:20:35.238614"}
{"op_code": 5, "worker_id": "8820b3e1-6cb6-4f9e-a1ca-120d465aab7c-20200", "trial_id": 5, "param_name": "n_estimators", "param_value_internal": 2, "distribution": "{\"name\": \"CategoricalDistribution\", \"attributes\": {\"choices\": [500, 750, 1000]}}"}
{"op_code": 5, "worker_id": "8820b3e1-6cb6-4f9e-a1ca-120d465aab7c-20200", "trial_id": 5, "param_name": "max_features", "param_value_internal": 0, "distribution": "{\"name\": \"CategoricalDistribution\", \"attributes\": {\"choices\": [\"sqrt\", \"log2\"]}}"}
{"op_code": 5, "worker_id": "8820b3e1-6cb6-4f9e-a1ca-120d465aab7c-20200", "trial_id": 5, "param_name": "max_depth", "param_value_internal": 4, "distribution": "{\"name\": \"CategoricalDistribution\", \"attributes\": {\"choices\": [null, 2, 5, 10, 20]}}"}
{"op_code": 7, "worker_id": "8820b3e1-6cb6-4f9e-a1ca-120d465aab7c-20200", "trial_id": 5, "step": 0, "intermediate_value": 0.4081471115551023}
{"op_code": 7, "worker_id": "8820b3e1-6cb6-4f9e-a1ca-120d465aab7c-20200", "trial_id": 5, "step": 1, "intermediate_value": 0.4233612072151699}
{"op_code": 9, "worker_id": "8820b3e1-6cb6-4f9e-a1ca-120d465aab7c-20200", "trial_id": 5, "system_attr": {"completed_rung_0": 0.4233612072151699}}
{"op_code": 7, "worker_id": "8820b3e1-6cb6-4f9e-a1ca-120d465aab7c-20200", "trial_id": 5, "step": 2, "intermediate_value": 0.43683784860254804}
{"op_code": 6, "worker_id": "8820b3e1-6cb6-4f9e-a1ca-120d465aab7c-20200", "trial_id": 5, "state": 1, "values": [0.4227820557909401], "datetime_complete": "2024-03-19T11:24:48.732393"}
{"op_code": 4, "worker_id": "8820b3e1-6cb6-4f9e-a1ca-120d465aab7c-20200", "study_id": 0, "datetime_start": "2024-03-19T11:24:48.914563"}
{"op_code": 5, "worker_id": "8820b3e1-6cb6-4f9e-a1ca-120d465aab7c-20200", "trial_id": 6, "param_name": "n_estimators", "param_value_internal": 2, "distribution": "{\"name\": \"CategoricalDistribution\", \"attributes\": {\"choices\": [500, 750, 1000]}}"}
{"op_code": 5, "worker_id": "8820b3e1-6cb6-4f9e-a1ca-120d465aab7c-20200", "trial_id": 6, "param_name": "max_features", "param_value_internal": 1, "distribution": "{\"name\": \"CategoricalDistribution\", \"attributes\": {\"choices\": [\"sqrt\", \"log2\"]}}"}
{"op_code": 5, "worker_id": "8820b3e1-6cb6-4f9e-a1ca-120d465aab7c-20200", "trial_id": 6, "param_name": "max_depth", "param_value_internal": 3, "distribution": "{\"name\": \"CategoricalDistribution\", \"attributes\": {\"choices\": [null, 2, 5, 10, 20]}}"}
{"op_code": 7, "worker_id": "8820b3e1-6cb6-4f9e-a1ca-120d465aab7c-20200", "trial_id": 6, "step": 0, "intermediate_value": 0.4101529160950395}
{"op_code": 7, "worker_id": "8820b3e1-6cb6-4f9e-a1ca-120d465aab7c-20200", "trial_id": 6, "step": 1, "intermediate_value": 0.41332763620586976}
{"op_code": 7, "worker_id": "8820b3e1-6cb6-4f9e-a1ca-120d465aab7c-20200", "trial_id": 6, "step": 2, "intermediate_value": 0.4172710206415285}
{"op_code": 6, "worker_id": "8820b3e1-6cb6-4f9e-a1ca-120d465aab7c-20200", "trial_id": 6, "state": 1, "values": [0.41358385764747924], "datetime_complete": "2024-03-19T11:27:56.653322"}
{"op_code": 4, "worker_id": "8820b3e1-6cb6-4f9e-a1ca-120d465aab7c-20200", "study_id": 0, "datetime_start": "2024-03-19T11:27:57.069413"}
{"op_code": 5, "worker_id": "8820b3e1-6cb6-4f9e-a1ca-120d465aab7c-20200", "trial_id": 7, "param_name": "n_estimators", "param_value_internal": 2, "distribution": "{\"name\": \"CategoricalDistribution\", \"attributes\": {\"choices\": [500, 750, 1000]}}"}
{"op_code": 5, "worker_id": "8820b3e1-6cb6-4f9e-a1ca-120d465aab7c-20200", "trial_id": 7, "param_name": "max_features", "param_value_internal": 1, "distribution": "{\"name\": \"CategoricalDistribution\", \"attributes\": {\"choices\": [\"sqrt\", \"log2\"]}}"}
{"op_code": 5, "worker_id": "8820b3e1-6cb6-4f9e-a1ca-120d465aab7c-20200", "trial_id": 7, "param_name": "max_depth", "param_value_internal": 0, "distribution": "{\"name\": \"CategoricalDistribution\", \"attributes\": {\"choices\": [null, 2, 5, 10, 20]}}"}
