{"op_code": 0, "worker_id": "acd8c2a4-f336-403b-b049-1f8199d20653-47279818202944", "study_name": "ANN", "directions": [1]}
{"op_code": 4, "worker_id": "acd8c2a4-f336-403b-b049-1f8199d20653-47280521058048", "study_id": 0, "datetime_start": "2023-11-07T17:12:26.092698"}
{"op_code": 5, "worker_id": "acd8c2a4-f336-403b-b049-1f8199d20653-47280521058048", "trial_id": 0, "param_name": "learning_rate_init", "param_value_internal": 0.0791321638557223, "distribution": "{\"name\": \"FloatDistribution\", \"attributes\": {\"step\": null, \"low\": 0.001, \"high\": 0.1, \"log\": false}}"}
{"op_code": 5, "worker_id": "acd8c2a4-f336-403b-b049-1f8199d20653-47280521058048", "trial_id": 0, "param_name": "hidden_layer_sizes", "param_value_internal": 4, "distribution": "{\"name\": \"CategoricalDistribution\", \"attributes\": {\"choices\": [[5], [10], [20], [50], [5, 5], [10, 10], [20, 20], [50, 50], [5, 5, 5], [10, 10, 10], [50, 50, 50]]}}"}
{"op_code": 6, "worker_id": "acd8c2a4-f336-403b-b049-1f8199d20653-47280521058048", "trial_id": 0, "state": 1, "values": [3.2493659286462506], "datetime_complete": "2023-11-07T17:12:26.963754"}
{"op_code": 0, "worker_id": "45461973-ba04-4779-ae33-7121474f236c-47279818202944", "study_name": "ANN", "directions": [1]}
{"op_code": 4, "worker_id": "45461973-ba04-4779-ae33-7121474f236c-47280521058048", "study_id": 0, "datetime_start": "2023-11-07T17:19:12.786906"}
{"op_code": 5, "worker_id": "45461973-ba04-4779-ae33-7121474f236c-47280521058048", "trial_id": 1, "param_name": "learning_rate_init", "param_value_internal": 0.03913783263260356, "distribution": "{\"name\": \"FloatDistribution\", \"attributes\": {\"step\": null, \"low\": 0.001, \"high\": 0.1, \"log\": false}}"}
{"op_code": 5, "worker_id": "45461973-ba04-4779-ae33-7121474f236c-47280521058048", "trial_id": 1, "param_name": "hidden_layer_sizes", "param_value_internal": 4, "distribution": "{\"name\": \"CategoricalDistribution\", \"attributes\": {\"choices\": [[5], [10], [20], [50], [5, 5], [10, 10], [20, 20], [50, 50], [5, 5, 5], [10, 10, 10], [50, 50, 50]]}}"}
{"op_code": 6, "worker_id": "45461973-ba04-4779-ae33-7121474f236c-47280521058048", "trial_id": 1, "state": 1, "values": [3.224885790358211], "datetime_complete": "2023-11-07T17:19:13.633020"}
{"op_code": 0, "worker_id": "0333447e-1e63-4d8a-906c-163303b2495f-47279818202944", "study_name": "ANN", "directions": [1]}
{"op_code": 4, "worker_id": "0333447e-1e63-4d8a-906c-163303b2495f-47280521058048", "study_id": 0, "datetime_start": "2023-11-07T17:26:01.837541"}
{"op_code": 5, "worker_id": "0333447e-1e63-4d8a-906c-163303b2495f-47280521058048", "trial_id": 2, "param_name": "learning_rate_init", "param_value_internal": 0.03728825439083147, "distribution": "{\"name\": \"FloatDistribution\", \"attributes\": {\"step\": null, \"low\": 0.001, \"high\": 0.1, \"log\": false}}"}
{"op_code": 5, "worker_id": "0333447e-1e63-4d8a-906c-163303b2495f-47280521058048", "trial_id": 2, "param_name": "hidden_layer_sizes", "param_value_internal": 8, "distribution": "{\"name\": \"CategoricalDistribution\", \"attributes\": {\"choices\": [[5], [10], [20], [50], [5, 5], [10, 10], [20, 20], [50, 50], [5, 5, 5], [10, 10, 10], [50, 50, 50]]}}"}
{"op_code": 6, "worker_id": "0333447e-1e63-4d8a-906c-163303b2495f-47280521058048", "trial_id": 2, "state": 1, "values": [3.7484785679196198], "datetime_complete": "2023-11-07T17:26:02.676797"}
{"op_code": 0, "worker_id": "31a28b09-20c3-48ba-9595-7b3c5ad5e4ee-47279818202944", "study_name": "ANN", "directions": [1]}
{"op_code": 4, "worker_id": "31a28b09-20c3-48ba-9595-7b3c5ad5e4ee-47280521058048", "study_id": 0, "datetime_start": "2023-11-07T17:32:48.750553"}
{"op_code": 5, "worker_id": "31a28b09-20c3-48ba-9595-7b3c5ad5e4ee-47280521058048", "trial_id": 3, "param_name": "learning_rate_init", "param_value_internal": 0.011282053846833735, "distribution": "{\"name\": \"FloatDistribution\", \"attributes\": {\"step\": null, \"low\": 0.001, \"high\": 0.1, \"log\": false}}"}
{"op_code": 5, "worker_id": "31a28b09-20c3-48ba-9595-7b3c5ad5e4ee-47280521058048", "trial_id": 3, "param_name": "hidden_layer_sizes", "param_value_internal": 8, "distribution": "{\"name\": \"CategoricalDistribution\", \"attributes\": {\"choices\": [[5], [10], [20], [50], [5, 5], [10, 10], [20, 20], [50, 50], [5, 5, 5], [10, 10, 10], [50, 50, 50]]}}"}
{"op_code": 6, "worker_id": "31a28b09-20c3-48ba-9595-7b3c5ad5e4ee-47280521058048", "trial_id": 3, "state": 1, "values": [4.28752588873787], "datetime_complete": "2023-11-07T17:32:49.895149"}
{"op_code": 0, "worker_id": "da67ac12-c297-4f2d-90ea-03e7ab5f2769-47817365380928", "study_name": "ANN", "directions": [1]}
{"op_code": 4, "worker_id": "da67ac12-c297-4f2d-90ea-03e7ab5f2769-47818068719360", "study_id": 0, "datetime_start": "2023-11-14T15:00:33.120361"}
{"op_code": 5, "worker_id": "da67ac12-c297-4f2d-90ea-03e7ab5f2769-47818068719360", "trial_id": 4, "param_name": "learning_rate_init", "param_value_internal": 0.04639274650168398, "distribution": "{\"name\": \"FloatDistribution\", \"attributes\": {\"step\": null, \"low\": 0.001, \"high\": 0.1, \"log\": false}}"}
{"op_code": 5, "worker_id": "da67ac12-c297-4f2d-90ea-03e7ab5f2769-47818068719360", "trial_id": 4, "param_name": "hidden_layer_sizes", "param_value_internal": 1, "distribution": "{\"name\": \"CategoricalDistribution\", \"attributes\": {\"choices\": [[5], [10], [20], [50], [5, 5], [10, 10], [20, 20], [50, 50], [5, 5, 5], [10, 10, 10], [50, 50, 50]]}}"}
{"op_code": 6, "worker_id": "da67ac12-c297-4f2d-90ea-03e7ab5f2769-47818068719360", "trial_id": 4, "state": 1, "values": [4.634551172466511], "datetime_complete": "2023-11-14T15:00:33.755084"}
{"op_code": 0, "worker_id": "614dc3e0-4e41-4f81-a4a2-8bd2d9ebd91b-47817365380928", "study_name": "ANN", "directions": [1]}
{"op_code": 4, "worker_id": "614dc3e0-4e41-4f81-a4a2-8bd2d9ebd91b-47818068719360", "study_id": 0, "datetime_start": "2023-11-14T15:07:05.339076"}
{"op_code": 5, "worker_id": "614dc3e0-4e41-4f81-a4a2-8bd2d9ebd91b-47818068719360", "trial_id": 5, "param_name": "learning_rate_init", "param_value_internal": 0.021835301025514762, "distribution": "{\"name\": \"FloatDistribution\", \"attributes\": {\"step\": null, \"low\": 0.001, \"high\": 0.1, \"log\": false}}"}
{"op_code": 5, "worker_id": "614dc3e0-4e41-4f81-a4a2-8bd2d9ebd91b-47818068719360", "trial_id": 5, "param_name": "hidden_layer_sizes", "param_value_internal": 2, "distribution": "{\"name\": \"CategoricalDistribution\", \"attributes\": {\"choices\": [[5], [10], [20], [50], [5, 5], [10, 10], [20, 20], [50, 50], [5, 5, 5], [10, 10, 10], [50, 50, 50]]}}"}
{"op_code": 6, "worker_id": "614dc3e0-4e41-4f81-a4a2-8bd2d9ebd91b-47818068719360", "trial_id": 5, "state": 1, "values": [2.522416123018162], "datetime_complete": "2023-11-14T15:07:06.020432"}
{"op_code": 0, "worker_id": "4fc18f86-75c0-47fc-b751-282e3ccc3b2f-47817365380928", "study_name": "ANN", "directions": [1]}
{"op_code": 4, "worker_id": "4fc18f86-75c0-47fc-b751-282e3ccc3b2f-47818068719360", "study_id": 0, "datetime_start": "2023-11-14T15:13:40.887332"}
{"op_code": 5, "worker_id": "4fc18f86-75c0-47fc-b751-282e3ccc3b2f-47818068719360", "trial_id": 6, "param_name": "learning_rate_init", "param_value_internal": 0.030228033746701223, "distribution": "{\"name\": \"FloatDistribution\", \"attributes\": {\"step\": null, \"low\": 0.001, \"high\": 0.1, \"log\": false}}"}
{"op_code": 5, "worker_id": "4fc18f86-75c0-47fc-b751-282e3ccc3b2f-47818068719360", "trial_id": 6, "param_name": "hidden_layer_sizes", "param_value_internal": 4, "distribution": "{\"name\": \"CategoricalDistribution\", \"attributes\": {\"choices\": [[5], [10], [20], [50], [5, 5], [10, 10], [20, 20], [50, 50], [5, 5, 5], [10, 10, 10], [50, 50, 50]]}}"}
{"op_code": 6, "worker_id": "4fc18f86-75c0-47fc-b751-282e3ccc3b2f-47818068719360", "trial_id": 6, "state": 1, "values": [3.8115808397802247], "datetime_complete": "2023-11-14T15:13:41.682379"}
{"op_code": 0, "worker_id": "8f9b7f36-d8e3-4c44-9701-2ac8fc8663b2-47817365380928", "study_name": "ANN", "directions": [1]}
{"op_code": 4, "worker_id": "8f9b7f36-d8e3-4c44-9701-2ac8fc8663b2-47818068719360", "study_id": 0, "datetime_start": "2023-11-14T15:20:20.059309"}
{"op_code": 5, "worker_id": "8f9b7f36-d8e3-4c44-9701-2ac8fc8663b2-47818068719360", "trial_id": 7, "param_name": "learning_rate_init", "param_value_internal": 0.022934038354877832, "distribution": "{\"name\": \"FloatDistribution\", \"attributes\": {\"step\": null, \"low\": 0.001, \"high\": 0.1, \"log\": false}}"}
{"op_code": 5, "worker_id": "8f9b7f36-d8e3-4c44-9701-2ac8fc8663b2-47818068719360", "trial_id": 7, "param_name": "hidden_layer_sizes", "param_value_internal": 4, "distribution": "{\"name\": \"CategoricalDistribution\", \"attributes\": {\"choices\": [[5], [10], [20], [50], [5, 5], [10, 10], [20, 20], [50, 50], [5, 5, 5], [10, 10, 10], [50, 50, 50]]}}"}
{"op_code": 6, "worker_id": "8f9b7f36-d8e3-4c44-9701-2ac8fc8663b2-47818068719360", "trial_id": 7, "state": 1, "values": [2.896605703223532], "datetime_complete": "2023-11-14T15:20:20.862600"}
