{"op_code": 0, "worker_id": "8548e80c-6c35-437e-987f-7953203c00a5-47279818202944", "study_name": "GB", "directions": [1]}
{"op_code": 4, "worker_id": "8548e80c-6c35-437e-987f-7953203c00a5-47280521058048", "study_id": 0, "datetime_start": "2023-11-07T17:12:23.034423"}
{"op_code": 5, "worker_id": "8548e80c-6c35-437e-987f-7953203c00a5-47280521058048", "trial_id": 0, "param_name": "n_estimators", "param_value_internal": 1, "distribution": "{\"name\": \"CategoricalDistribution\", \"attributes\": {\"choices\": [10, 20, 50, 200, 500]}}"}
{"op_code": 5, "worker_id": "8548e80c-6c35-437e-987f-7953203c00a5-47280521058048", "trial_id": 0, "param_name": "learning_rate", "param_value_internal": 0.8828765165061809, "distribution": "{\"name\": \"FloatDistribution\", \"attributes\": {\"step\": null, \"low\": 0.005, \"high\": 1.0, \"log\": false}}"}
{"op_code": 5, "worker_id": "8548e80c-6c35-437e-987f-7953203c00a5-47280521058048", "trial_id": 0, "param_name": "max_depth", "param_value_internal": 0, "distribution": "{\"name\": \"CategoricalDistribution\", \"attributes\": {\"choices\": [1, 2, 3, 4, 5]}}"}
{"op_code": 6, "worker_id": "8548e80c-6c35-437e-987f-7953203c00a5-47280521058048", "trial_id": 0, "state": 1, "values": [0.11603163221557662], "datetime_complete": "2023-11-07T17:12:23.970290"}
{"op_code": 0, "worker_id": "a076682e-288c-43b8-ab58-7bd38cefa380-47279818202944", "study_name": "GB", "directions": [1]}
{"op_code": 4, "worker_id": "a076682e-288c-43b8-ab58-7bd38cefa380-47280521058048", "study_id": 0, "datetime_start": "2023-11-07T17:19:09.781659"}
{"op_code": 5, "worker_id": "a076682e-288c-43b8-ab58-7bd38cefa380-47280521058048", "trial_id": 1, "param_name": "n_estimators", "param_value_internal": 0, "distribution": "{\"name\": \"CategoricalDistribution\", \"attributes\": {\"choices\": [10, 20, 50, 200, 500]}}"}
{"op_code": 5, "worker_id": "a076682e-288c-43b8-ab58-7bd38cefa380-47280521058048", "trial_id": 1, "param_name": "learning_rate", "param_value_internal": 0.8250983160233463, "distribution": "{\"name\": \"FloatDistribution\", \"attributes\": {\"step\": null, \"low\": 0.005, \"high\": 1.0, \"log\": false}}"}
{"op_code": 5, "worker_id": "a076682e-288c-43b8-ab58-7bd38cefa380-47280521058048", "trial_id": 1, "param_name": "max_depth", "param_value_internal": 2, "distribution": "{\"name\": \"CategoricalDistribution\", \"attributes\": {\"choices\": [1, 2, 3, 4, 5]}}"}
{"op_code": 6, "worker_id": "a076682e-288c-43b8-ab58-7bd38cefa380-47280521058048", "trial_id": 1, "state": 1, "values": [0.13987108448077834], "datetime_complete": "2023-11-07T17:19:10.667942"}
{"op_code": 0, "worker_id": "43286305-4b17-4b2e-8f2c-51b22c333a57-47279818202944", "study_name": "GB", "directions": [1]}
{"op_code": 4, "worker_id": "43286305-4b17-4b2e-8f2c-51b22c333a57-47280521058048", "study_id": 0, "datetime_start": "2023-11-07T17:25:58.804739"}
{"op_code": 5, "worker_id": "43286305-4b17-4b2e-8f2c-51b22c333a57-47280521058048", "trial_id": 2, "param_name": "n_estimators", "param_value_internal": 0, "distribution": "{\"name\": \"CategoricalDistribution\", \"attributes\": {\"choices\": [10, 20, 50, 200, 500]}}"}
{"op_code": 5, "worker_id": "43286305-4b17-4b2e-8f2c-51b22c333a57-47280521058048", "trial_id": 2, "param_name": "learning_rate", "param_value_internal": 0.888211806047968, "distribution": "{\"name\": \"FloatDistribution\", \"attributes\": {\"step\": null, \"low\": 0.005, \"high\": 1.0, \"log\": false}}"}
{"op_code": 5, "worker_id": "43286305-4b17-4b2e-8f2c-51b22c333a57-47280521058048", "trial_id": 2, "param_name": "max_depth", "param_value_internal": 2, "distribution": "{\"name\": \"CategoricalDistribution\", \"attributes\": {\"choices\": [1, 2, 3, 4, 5]}}"}
{"op_code": 6, "worker_id": "43286305-4b17-4b2e-8f2c-51b22c333a57-47280521058048", "trial_id": 2, "state": 1, "values": [0.13677205671927883], "datetime_complete": "2023-11-07T17:25:59.689845"}
{"op_code": 0, "worker_id": "b50164b6-9d30-4af2-a515-819e1fc2af2f-47279818202944", "study_name": "GB", "directions": [1]}
{"op_code": 4, "worker_id": "b50164b6-9d30-4af2-a515-819e1fc2af2f-47280521058048", "study_id": 0, "datetime_start": "2023-11-07T17:32:45.679569"}
{"op_code": 5, "worker_id": "b50164b6-9d30-4af2-a515-819e1fc2af2f-47280521058048", "trial_id": 3, "param_name": "n_estimators", "param_value_internal": 2, "distribution": "{\"name\": \"CategoricalDistribution\", \"attributes\": {\"choices\": [10, 20, 50, 200, 500]}}"}
{"op_code": 5, "worker_id": "b50164b6-9d30-4af2-a515-819e1fc2af2f-47280521058048", "trial_id": 3, "param_name": "learning_rate", "param_value_internal": 0.5005120010569913, "distribution": "{\"name\": \"FloatDistribution\", \"attributes\": {\"step\": null, \"low\": 0.005, \"high\": 1.0, \"log\": false}}"}
{"op_code": 5, "worker_id": "b50164b6-9d30-4af2-a515-819e1fc2af2f-47280521058048", "trial_id": 3, "param_name": "max_depth", "param_value_internal": 2, "distribution": "{\"name\": \"CategoricalDistribution\", \"attributes\": {\"choices\": [1, 2, 3, 4, 5]}}"}
{"op_code": 6, "worker_id": "b50164b6-9d30-4af2-a515-819e1fc2af2f-47280521058048", "trial_id": 3, "state": 1, "values": [0.09774487474652337], "datetime_complete": "2023-11-07T17:32:46.566856"}
{"op_code": 0, "worker_id": "d829edba-acf3-4245-bdec-37c93935bcb9-4812", "study_name": "GB", "directions": [1]}
{"op_code": 4, "worker_id": "d829edba-acf3-4245-bdec-37c93935bcb9-6972", "study_id": 0, "datetime_start": "2023-11-13T20:41:39.188871"}
{"op_code": 5, "worker_id": "d829edba-acf3-4245-bdec-37c93935bcb9-6972", "trial_id": 4, "param_name": "n_estimators", "param_value_internal": 3, "distribution": "{\"name\": \"CategoricalDistribution\", \"attributes\": {\"choices\": [10, 20, 50, 200, 500]}}"}
{"op_code": 5, "worker_id": "d829edba-acf3-4245-bdec-37c93935bcb9-6972", "trial_id": 4, "param_name": "learning_rate", "param_value_internal": 0.8903639374732962, "distribution": "{\"name\": \"FloatDistribution\", \"attributes\": {\"step\": null, \"low\": 0.005, \"high\": 1.0, \"log\": false}}"}
{"op_code": 5, "worker_id": "d829edba-acf3-4245-bdec-37c93935bcb9-6972", "trial_id": 4, "param_name": "max_depth", "param_value_internal": 1, "distribution": "{\"name\": \"CategoricalDistribution\", \"attributes\": {\"choices\": [1, 2, 3, 4, 5]}}"}
{"op_code": 6, "worker_id": "d829edba-acf3-4245-bdec-37c93935bcb9-6972", "trial_id": 4, "state": 1, "values": [0.11181929462761316], "datetime_complete": "2023-11-13T20:41:39.886174"}
{"op_code": 0, "worker_id": "492bd337-3912-468a-9e63-d57722434d1e-9840", "study_name": "GB", "directions": [1]}
{"op_code": 4, "worker_id": "492bd337-3912-468a-9e63-d57722434d1e-20496", "study_id": 0, "datetime_start": "2023-11-13T20:41:40.664460"}
{"op_code": 5, "worker_id": "492bd337-3912-468a-9e63-d57722434d1e-20496", "trial_id": 5, "param_name": "n_estimators", "param_value_internal": 0, "distribution": "{\"name\": \"CategoricalDistribution\", \"attributes\": {\"choices\": [10, 20, 50, 200, 500]}}"}
{"op_code": 5, "worker_id": "492bd337-3912-468a-9e63-d57722434d1e-20496", "trial_id": 5, "param_name": "learning_rate", "param_value_internal": 0.6831971326283497, "distribution": "{\"name\": \"FloatDistribution\", \"attributes\": {\"step\": null, \"low\": 0.005, \"high\": 1.0, \"log\": false}}"}
{"op_code": 5, "worker_id": "492bd337-3912-468a-9e63-d57722434d1e-20496", "trial_id": 5, "param_name": "max_depth", "param_value_internal": 2, "distribution": "{\"name\": \"CategoricalDistribution\", \"attributes\": {\"choices\": [1, 2, 3, 4, 5]}}"}
{"op_code": 6, "worker_id": "492bd337-3912-468a-9e63-d57722434d1e-20496", "trial_id": 5, "state": 1, "values": [0.10321246588686041], "datetime_complete": "2023-11-13T20:41:41.394749"}
{"op_code": 0, "worker_id": "571d80ae-711c-47ad-b8d7-e0182fe0d2fb-6556", "study_name": "GB", "directions": [1]}
{"op_code": 0, "worker_id": "460feb08-c3f2-4f66-b486-21ea4519e9ea-6556", "study_name": "GB", "directions": [1]}
{"op_code": 0, "worker_id": "60e5fb09-90bd-4f64-95fc-9e253584d4b9-6556", "study_name": "GB", "directions": [1]}
{"op_code": 0, "worker_id": "0a0844bc-2348-4b40-be29-918162d55c30-6556", "study_name": "GB", "directions": [1]}
{"op_code": 0, "worker_id": "7f0d115f-2e28-4077-9e08-cc559af40bd2-6556", "study_name": "GB", "directions": [1]}
{"op_code": 0, "worker_id": "dc98c896-da24-4f2b-b400-fee99d083aaf-2012", "study_name": "GB", "directions": [1]}
{"op_code": 0, "worker_id": "dfccc706-ac54-40f7-b459-1c762326ed60-2012", "study_name": "GB", "directions": [1]}
{"op_code": 0, "worker_id": "c119dab7-ff86-4967-8c9a-8cc6a8b94798-2012", "study_name": "GB", "directions": [1]}
{"op_code": 0, "worker_id": "5e88f901-e063-4784-98f4-7d46217dce32-2012", "study_name": "GB", "directions": [1]}
{"op_code": 0, "worker_id": "4dde4d75-723d-4703-a23e-b25061f0832e-2012", "study_name": "GB", "directions": [1]}
{"op_code": 4, "worker_id": "dc98c896-da24-4f2b-b400-fee99d083aaf-11236", "study_id": 0, "datetime_start": "2023-11-14T13:25:42.361867"}
{"op_code": 5, "worker_id": "dc98c896-da24-4f2b-b400-fee99d083aaf-11236", "trial_id": 6, "param_name": "n_estimators", "param_value_internal": 2, "distribution": "{\"name\": \"CategoricalDistribution\", \"attributes\": {\"choices\": [10, 20, 50, 200, 500]}}"}
{"op_code": 5, "worker_id": "dc98c896-da24-4f2b-b400-fee99d083aaf-11236", "trial_id": 6, "param_name": "learning_rate", "param_value_internal": 0.49946810154954624, "distribution": "{\"name\": \"FloatDistribution\", \"attributes\": {\"step\": null, \"low\": 0.005, \"high\": 1.0, \"log\": false}}"}
{"op_code": 5, "worker_id": "dc98c896-da24-4f2b-b400-fee99d083aaf-11236", "trial_id": 6, "param_name": "max_depth", "param_value_internal": 4, "distribution": "{\"name\": \"CategoricalDistribution\", \"attributes\": {\"choices\": [1, 2, 3, 4, 5]}}"}
{"op_code": 6, "worker_id": "dc98c896-da24-4f2b-b400-fee99d083aaf-11236", "trial_id": 6, "state": 1, "values": [0.11386528634760389], "datetime_complete": "2023-11-14T13:25:51.294846"}
{"op_code": 4, "worker_id": "dfccc706-ac54-40f7-b459-1c762326ed60-4680", "study_id": 0, "datetime_start": "2023-11-14T13:27:24.847751"}
{"op_code": 5, "worker_id": "dfccc706-ac54-40f7-b459-1c762326ed60-4680", "trial_id": 7, "param_name": "n_estimators", "param_value_internal": 0, "distribution": "{\"name\": \"CategoricalDistribution\", \"attributes\": {\"choices\": [10, 20, 50, 200, 500]}}"}
{"op_code": 5, "worker_id": "dfccc706-ac54-40f7-b459-1c762326ed60-4680", "trial_id": 7, "param_name": "learning_rate", "param_value_internal": 0.8451342795513149, "distribution": "{\"name\": \"FloatDistribution\", \"attributes\": {\"step\": null, \"low\": 0.005, \"high\": 1.0, \"log\": false}}"}
{"op_code": 5, "worker_id": "dfccc706-ac54-40f7-b459-1c762326ed60-4680", "trial_id": 7, "param_name": "max_depth", "param_value_internal": 3, "distribution": "{\"name\": \"CategoricalDistribution\", \"attributes\": {\"choices\": [1, 2, 3, 4, 5]}}"}
{"op_code": 0, "worker_id": "15760572-f3b9-4af1-a30c-31d97be14577-4160", "study_name": "GB", "directions": [1]}
{"op_code": 0, "worker_id": "3d9267bd-708f-4f89-aea6-32e633fd35bf-4160", "study_name": "GB", "directions": [1]}
{"op_code": 0, "worker_id": "5220dedf-8410-4ba6-925a-3852b680f9f5-4160", "study_name": "GB", "directions": [1]}
{"op_code": 0, "worker_id": "af64cf06-e340-4c6c-a4a2-955883ab9b59-4160", "study_name": "GB", "directions": [1]}
{"op_code": 0, "worker_id": "ff9c4cdd-b7d5-4d6d-b303-7aadb9963387-4160", "study_name": "GB", "directions": [1]}
{"op_code": 0, "worker_id": "a29ed8bf-5bcf-48d2-a1c9-32e42fb5e9f9-4160", "study_name": "GB", "directions": [1]}
{"op_code": 0, "worker_id": "35dd243b-39ef-4c3e-ac14-48abfba730dd-4160", "study_name": "GB", "directions": [1]}
{"op_code": 0, "worker_id": "089ccb6c-7fca-4f2b-8d8a-0c3c6ec54e08-4160", "study_name": "GB", "directions": [1]}
{"op_code": 0, "worker_id": "16412f1e-e8c7-4204-9465-38aaa2f656fb-4160", "study_name": "GB", "directions": [1]}
{"op_code": 0, "worker_id": "238728d2-d199-44fa-b750-0dcd783398a6-4160", "study_name": "GB", "directions": [1]}
{"op_code": 0, "worker_id": "56366c83-b2d8-48a9-ae88-0c41814b8545-4160", "study_name": "GB", "directions": [1]}
{"op_code": 0, "worker_id": "f8944d89-33c7-4300-a7e7-19b6d6ecc54b-4160", "study_name": "GB", "directions": [1]}
{"op_code": 0, "worker_id": "80c4d904-148c-44a2-9da4-5f069be30afd-4160", "study_name": "GB", "directions": [1]}
{"op_code": 0, "worker_id": "c4e8ad39-5149-47b0-bc91-17bc37895799-4160", "study_name": "GB", "directions": [1]}
{"op_code": 0, "worker_id": "9d5183d7-3808-4611-9552-385290018f6c-4160", "study_name": "GB", "directions": [1]}
{"op_code": 0, "worker_id": "86181c58-f4f5-4a38-a77f-bef96990f896-4160", "study_name": "GB", "directions": [1]}
{"op_code": 0, "worker_id": "35113b36-4baa-4444-8d57-a07699465182-4160", "study_name": "GB", "directions": [1]}
{"op_code": 0, "worker_id": "69a1fcda-1d66-4ac7-be99-ccc7506276e2-4160", "study_name": "GB", "directions": [1]}
{"op_code": 0, "worker_id": "7d9ecfb0-6c55-4127-83aa-2d60a8e0cdc2-4160", "study_name": "GB", "directions": [1]}
{"op_code": 0, "worker_id": "79547af8-a4e3-4650-8830-759604b9d6a6-4160", "study_name": "GB", "directions": [1]}
{"op_code": 0, "worker_id": "590d91d5-7645-4465-ac82-c237de7c2133-4160", "study_name": "GB", "directions": [1]}
{"op_code": 0, "worker_id": "f469374c-f4e4-49b5-85b3-83989845d74a-4160", "study_name": "GB", "directions": [1]}
{"op_code": 0, "worker_id": "7f3aed55-8dac-40c6-b0fa-4b20f311d8e8-4160", "study_name": "GB", "directions": [1]}
{"op_code": 0, "worker_id": "9cb524e2-236a-45b1-9ced-87ea83cd23da-4160", "study_name": "GB", "directions": [1]}
{"op_code": 0, "worker_id": "a0374a53-020b-40fb-9927-b441e4ca6edf-4160", "study_name": "GB", "directions": [1]}
{"op_code": 0, "worker_id": "21837d8e-059d-4b5c-bfd9-8c63914554ca-4160", "study_name": "GB", "directions": [1]}
{"op_code": 0, "worker_id": "320d98a3-f325-4d6e-9b84-524681e587b3-4160", "study_name": "GB", "directions": [1]}
{"op_code": 0, "worker_id": "a88ed4e6-e45d-4ed3-b5c6-7b3cb7d4d4dd-4160", "study_name": "GB", "directions": [1]}
{"op_code": 0, "worker_id": "06e3e4a7-f54c-4ff9-bbcc-ef84354f2a3f-4160", "study_name": "GB", "directions": [1]}
{"op_code": 0, "worker_id": "91748c05-16b3-4c6c-ae37-5e037f7465cf-4160", "study_name": "GB", "directions": [1]}
{"op_code": 0, "worker_id": "341ed0a7-e069-4998-8163-fa3dccf87129-4160", "study_name": "GB", "directions": [1]}
{"op_code": 0, "worker_id": "7508d5ba-60f2-462e-9f2b-9d52b432623e-4160", "study_name": "GB", "directions": [1]}
{"op_code": 0, "worker_id": "c5bd3450-11d7-4980-8d0b-a94603b8bbdd-4160", "study_name": "GB", "directions": [1]}
{"op_code": 0, "worker_id": "def16f2b-6734-471b-a828-92a25bead061-4160", "study_name": "GB", "directions": [1]}
{"op_code": 0, "worker_id": "cf4cab78-f316-4b7a-82e0-e27d93ab0ac9-4160", "study_name": "GB", "directions": [1]}
{"op_code": 0, "worker_id": "d3c1c437-f08e-43c8-88d0-1b14aac8e26b-4160", "study_name": "GB", "directions": [1]}
{"op_code": 0, "worker_id": "ab3e60d7-f3cb-41bd-b799-8ffde998f672-4160", "study_name": "GB", "directions": [1]}
{"op_code": 0, "worker_id": "4b8809dd-0afc-4ff8-a029-a9152094668b-4160", "study_name": "GB", "directions": [1]}
{"op_code": 0, "worker_id": "4475863c-c4c1-4dc8-b755-8c89b24ff243-4160", "study_name": "GB", "directions": [1]}
{"op_code": 0, "worker_id": "574b489f-b3ed-4edc-ab33-a3e1fc457102-4160", "study_name": "GB", "directions": [1]}
{"op_code": 0, "worker_id": "db2b692a-574a-49b3-a7c7-3f78d6f98ed7-4160", "study_name": "GB", "directions": [1]}
{"op_code": 0, "worker_id": "fef2459a-2e0d-413e-85a1-95fa38786b16-4160", "study_name": "GB", "directions": [1]}
{"op_code": 0, "worker_id": "bd12c532-53f3-43e5-acb2-9afd7cbd6640-4160", "study_name": "GB", "directions": [1]}
{"op_code": 0, "worker_id": "9ddec48b-741a-4afb-b08b-2cc433a3cecc-4160", "study_name": "GB", "directions": [1]}
{"op_code": 0, "worker_id": "50a07df1-c771-4d60-860e-385ce5e24d4c-4160", "study_name": "GB", "directions": [1]}
{"op_code": 0, "worker_id": "b03c77e5-7204-4606-8f27-5c39a9d88360-4160", "study_name": "GB", "directions": [1]}
{"op_code": 0, "worker_id": "a1bfb2d4-acd9-4a42-8c55-b323ad1f5cc6-4160", "study_name": "GB", "directions": [1]}
{"op_code": 0, "worker_id": "30e2c7ae-c76f-4fce-8b77-db3adb0ba666-4160", "study_name": "GB", "directions": [1]}
{"op_code": 0, "worker_id": "65eb3e8b-1f06-4bec-a0ac-e9f016f43542-4160", "study_name": "GB", "directions": [1]}
{"op_code": 0, "worker_id": "717f69a3-1c06-42f6-8b8b-fd275d2f835f-4160", "study_name": "GB", "directions": [1]}
{"op_code": 0, "worker_id": "d9511844-936c-4ed2-9fc6-50cbdecf6c27-4160", "study_name": "GB", "directions": [1]}
{"op_code": 0, "worker_id": "32fba5ec-a8bc-473e-9992-042e3dd9ab57-4160", "study_name": "GB", "directions": [1]}
{"op_code": 0, "worker_id": "cc656188-0170-4bab-81e7-c08f71a63ec4-4160", "study_name": "GB", "directions": [1]}
{"op_code": 0, "worker_id": "1f5db946-ca29-4e77-962d-0e917e19dde3-4160", "study_name": "GB", "directions": [1]}
{"op_code": 0, "worker_id": "f15ca8f4-a195-43ea-9e9e-97a3aa51ca71-4160", "study_name": "GB", "directions": [1]}
{"op_code": 0, "worker_id": "4ebbb36a-3902-4432-9964-ff0a82f3b0e5-4160", "study_name": "GB", "directions": [1]}
{"op_code": 0, "worker_id": "dbe36d79-1b13-43c8-becb-ee66d947a861-4160", "study_name": "GB", "directions": [1]}
{"op_code": 0, "worker_id": "a8e2c54c-80c4-4a62-b01a-40cfc421d1ac-4160", "study_name": "GB", "directions": [1]}
{"op_code": 0, "worker_id": "f390d264-aacb-4183-9c7e-7fe9e4699e74-4160", "study_name": "GB", "directions": [1]}
{"op_code": 0, "worker_id": "9835b21a-2f17-4b8b-afbd-089b2a28f254-4160", "study_name": "GB", "directions": [1]}
{"op_code": 0, "worker_id": "ea2c6e2d-4d6e-4713-a57c-630bd781b746-4160", "study_name": "GB", "directions": [1]}
{"op_code": 0, "worker_id": "c6c59ad0-60b1-4294-8618-c5c026018795-4160", "study_name": "GB", "directions": [1]}
{"op_code": 0, "worker_id": "10d444ee-23ca-489d-9297-fc701293b222-4160", "study_name": "GB", "directions": [1]}
{"op_code": 0, "worker_id": "9d738a12-d255-42c0-93b9-7cb6af00cb3a-4160", "study_name": "GB", "directions": [1]}
{"op_code": 0, "worker_id": "cc5c757a-0160-47d1-a8b4-ba9617d5e989-4160", "study_name": "GB", "directions": [1]}
{"op_code": 0, "worker_id": "a6447b33-d4a5-4423-9412-152ed255d791-4160", "study_name": "GB", "directions": [1]}
{"op_code": 0, "worker_id": "345d8584-861d-46a1-aca6-4b16fb2bb63e-4160", "study_name": "GB", "directions": [1]}
{"op_code": 0, "worker_id": "54b4647b-974d-4030-afc7-1b4cdda0a288-4160", "study_name": "GB", "directions": [1]}
{"op_code": 0, "worker_id": "535b24f1-ed7f-40fb-9e44-573dc5416644-4160", "study_name": "GB", "directions": [1]}
{"op_code": 0, "worker_id": "5940780d-680f-4950-87ba-a406b383f903-4160", "study_name": "GB", "directions": [1]}
{"op_code": 0, "worker_id": "ba594ec7-d7cb-4b10-a339-4e9e34246b8d-4160", "study_name": "GB", "directions": [1]}
{"op_code": 0, "worker_id": "7fe40f02-4755-4938-9ae4-12e6a571afb8-4160", "study_name": "GB", "directions": [1]}
{"op_code": 0, "worker_id": "8c2129ff-fa21-4ca6-99a1-581b0ffef760-4160", "study_name": "GB", "directions": [1]}
{"op_code": 0, "worker_id": "3a934239-d2e0-4503-a527-c30bf1fe9c89-4160", "study_name": "GB", "directions": [1]}
{"op_code": 0, "worker_id": "d79167d1-6996-4122-a1ae-aa8a4be4952c-4160", "study_name": "GB", "directions": [1]}
{"op_code": 0, "worker_id": "124b6b60-784d-42e6-8097-80e9c5858de8-4160", "study_name": "GB", "directions": [1]}
{"op_code": 0, "worker_id": "4fe7852b-f9c2-4fb3-96e7-fc7761945e7e-4160", "study_name": "GB", "directions": [1]}
{"op_code": 0, "worker_id": "2ebc93ee-7365-4084-aa82-1d725a69d2db-4160", "study_name": "GB", "directions": [1]}
{"op_code": 0, "worker_id": "3a42f1b5-ae60-44fb-9e8c-e1f41bb08c76-4160", "study_name": "GB", "directions": [1]}
{"op_code": 0, "worker_id": "b4e95781-d190-4107-b275-1a682f62c04a-4160", "study_name": "GB", "directions": [1]}
{"op_code": 0, "worker_id": "fd1b9f24-5738-4139-99ae-33c0938a027c-4160", "study_name": "GB", "directions": [1]}
{"op_code": 0, "worker_id": "96f118f1-4d56-45d6-9f6e-c0e92e5a5653-4160", "study_name": "GB", "directions": [1]}
{"op_code": 0, "worker_id": "a2d6bf93-8edd-4408-a319-4eddf407a047-4160", "study_name": "GB", "directions": [1]}
{"op_code": 0, "worker_id": "32405445-f6c7-403f-b824-59641761f77f-4160", "study_name": "GB", "directions": [1]}
{"op_code": 0, "worker_id": "7e315170-6566-4a85-8372-440b1c4a581a-4160", "study_name": "GB", "directions": [1]}
{"op_code": 0, "worker_id": "882077cf-ebf7-4f30-8686-18cf15b22e1d-4160", "study_name": "GB", "directions": [1]}
{"op_code": 0, "worker_id": "0c42413a-8ab9-4995-88c3-95500f596463-4160", "study_name": "GB", "directions": [1]}
{"op_code": 0, "worker_id": "82f456e0-d76e-4cec-8e06-b6981fae5952-4160", "study_name": "GB", "directions": [1]}
{"op_code": 0, "worker_id": "7386f946-ab28-4ce3-ba04-b94b74708420-4160", "study_name": "GB", "directions": [1]}
{"op_code": 0, "worker_id": "3545463e-74b2-4aa5-9015-49bb4847117a-4160", "study_name": "GB", "directions": [1]}
{"op_code": 0, "worker_id": "bed88c93-ecc9-4a44-bef5-c01c1e78b948-4160", "study_name": "GB", "directions": [1]}
{"op_code": 0, "worker_id": "ae486a3f-5c34-441e-a5e0-57f3003eaa17-4160", "study_name": "GB", "directions": [1]}
{"op_code": 0, "worker_id": "900376a5-3d52-434a-b945-93dc8692c407-4160", "study_name": "GB", "directions": [1]}
{"op_code": 0, "worker_id": "140051db-614c-4909-9398-fe210a6419d2-4160", "study_name": "GB", "directions": [1]}
{"op_code": 0, "worker_id": "1407e865-1ee0-4fc5-8242-492de9087040-4160", "study_name": "GB", "directions": [1]}
{"op_code": 0, "worker_id": "cbb447dd-81ed-412f-8028-5823c05ed89f-4160", "study_name": "GB", "directions": [1]}
{"op_code": 0, "worker_id": "469211c8-ffec-4ba5-9be8-a1802c5c464b-4160", "study_name": "GB", "directions": [1]}
{"op_code": 0, "worker_id": "dbb4ffb9-b129-479c-8e9d-feadcec78d32-4160", "study_name": "GB", "directions": [1]}
{"op_code": 0, "worker_id": "e67e31cf-3b83-405e-ae1f-31fe4fd7e1fa-4160", "study_name": "GB", "directions": [1]}
{"op_code": 0, "worker_id": "ca098630-6e42-423a-9759-9554f6781c34-4160", "study_name": "GB", "directions": [1]}
{"op_code": 0, "worker_id": "a356862c-b543-418f-b95f-81f5e8ed17e8-4160", "study_name": "GB", "directions": [1]}
{"op_code": 0, "worker_id": "5cf89fd1-809a-45a3-b9fa-04f7587a2e23-4160", "study_name": "GB", "directions": [1]}
{"op_code": 0, "worker_id": "70f26e74-6d3b-45cb-8a98-837b50c7bb31-4160", "study_name": "GB", "directions": [1]}
{"op_code": 0, "worker_id": "562335a1-71cb-4c92-ba1b-caabb4444596-4160", "study_name": "GB", "directions": [1]}
{"op_code": 0, "worker_id": "fcdf6d45-2fcc-409e-b0e0-faadd53fa90e-4160", "study_name": "GB", "directions": [1]}
{"op_code": 0, "worker_id": "a617b5fd-c27a-44de-b1aa-8ea79515792e-4160", "study_name": "GB", "directions": [1]}
{"op_code": 0, "worker_id": "da8fc2ad-3ba0-4034-8ff6-7e92da7cae3c-4160", "study_name": "GB", "directions": [1]}
{"op_code": 0, "worker_id": "3b237074-0973-4f93-83b1-a591192de939-4160", "study_name": "GB", "directions": [1]}
{"op_code": 0, "worker_id": "c8e22984-f1ba-4ef0-b6b4-ea495e6b6b9c-4160", "study_name": "GB", "directions": [1]}
{"op_code": 0, "worker_id": "d49ae542-2da4-4179-994c-5e1770e581d5-4160", "study_name": "GB", "directions": [1]}
{"op_code": 0, "worker_id": "3a3d8603-5ef0-4bc6-bc41-2ead38f50254-4160", "study_name": "GB", "directions": [1]}
{"op_code": 0, "worker_id": "5393b1df-216e-4978-a186-5c454c327864-4160", "study_name": "GB", "directions": [1]}
{"op_code": 0, "worker_id": "0c58d846-3835-4633-a2a4-7ee93f29b494-4160", "study_name": "GB", "directions": [1]}
{"op_code": 0, "worker_id": "77b6572d-3ea9-4562-9681-1103e16c2972-4160", "study_name": "GB", "directions": [1]}
{"op_code": 0, "worker_id": "dd5cf80b-1e7e-4d35-b688-655dbf4b6c4c-4160", "study_name": "GB", "directions": [1]}
{"op_code": 0, "worker_id": "de195cc7-6c61-42ef-a4bb-4b63713283f5-4160", "study_name": "GB", "directions": [1]}
{"op_code": 0, "worker_id": "e4e0a684-9aaf-4edd-9347-79d94cb7f49e-4160", "study_name": "GB", "directions": [1]}
{"op_code": 0, "worker_id": "f72155bf-9628-4743-8084-83f1c6511529-4160", "study_name": "GB", "directions": [1]}
{"op_code": 0, "worker_id": "f6e853ce-6502-425c-9d94-306c477f1104-4160", "study_name": "GB", "directions": [1]}
{"op_code": 0, "worker_id": "44f17be0-3a65-460d-aff4-54f7405550a4-4160", "study_name": "GB", "directions": [1]}
{"op_code": 0, "worker_id": "07733cd2-d11d-451f-826e-68d5271a2449-4160", "study_name": "GB", "directions": [1]}
{"op_code": 0, "worker_id": "892f5f74-5d3e-4be5-906a-3840c074a52d-4160", "study_name": "GB", "directions": [1]}
{"op_code": 0, "worker_id": "3c609c76-0a22-4c36-add8-289091b85d30-4160", "study_name": "GB", "directions": [1]}
{"op_code": 0, "worker_id": "1f225a55-1376-4f66-a6cf-4f3310c89106-4160", "study_name": "GB", "directions": [1]}
{"op_code": 0, "worker_id": "9635dbc8-7f49-4008-8857-26fdb25416a7-4160", "study_name": "GB", "directions": [1]}
{"op_code": 0, "worker_id": "8cf931be-d760-44c2-88ea-140583725c75-4160", "study_name": "GB", "directions": [1]}
{"op_code": 0, "worker_id": "8cabeee4-ec82-4fd6-a793-c8b17feb2393-4160", "study_name": "GB", "directions": [1]}
{"op_code": 0, "worker_id": "c77c8c84-a504-4e88-9321-c2c3495fc001-4160", "study_name": "GB", "directions": [1]}
{"op_code": 0, "worker_id": "03140841-eb94-4f78-8e86-1039f1f1bfb3-4160", "study_name": "GB", "directions": [1]}
{"op_code": 0, "worker_id": "9a34b02a-dab9-4af3-a398-b842dca3d1e7-4160", "study_name": "GB", "directions": [1]}
{"op_code": 0, "worker_id": "ee99036e-1e33-489d-bb7b-fea978f4dd78-4160", "study_name": "GB", "directions": [1]}
{"op_code": 0, "worker_id": "a84bd8c2-8cdd-4d5f-9e44-86d6adfdac64-4160", "study_name": "GB", "directions": [1]}
{"op_code": 0, "worker_id": "22289950-117e-4446-a217-c44e1fc33c9a-4160", "study_name": "GB", "directions": [1]}
{"op_code": 0, "worker_id": "5e0de9d9-a9d6-4534-933d-b65467f3f5ab-4160", "study_name": "GB", "directions": [1]}
{"op_code": 0, "worker_id": "366c2c5b-edc6-493b-8faf-c5cf913818b9-4160", "study_name": "GB", "directions": [1]}
{"op_code": 0, "worker_id": "490c491c-c66c-471a-889b-8f2bb1633e45-4160", "study_name": "GB", "directions": [1]}
{"op_code": 0, "worker_id": "1cb053d0-cb76-4c62-b93e-efa4c5adc2e5-4160", "study_name": "GB", "directions": [1]}
{"op_code": 0, "worker_id": "bc113397-1a56-44fd-a907-ac3a8cc60674-4160", "study_name": "GB", "directions": [1]}
{"op_code": 0, "worker_id": "581a2335-a9fe-41e9-a801-d0a7396d0743-4160", "study_name": "GB", "directions": [1]}
{"op_code": 0, "worker_id": "c55446e0-5bd8-4151-9fb0-c50ed09b9af0-4160", "study_name": "GB", "directions": [1]}
{"op_code": 0, "worker_id": "5ffff263-6774-4878-95c1-1198bced32aa-4160", "study_name": "GB", "directions": [1]}
{"op_code": 0, "worker_id": "056b41d9-8697-422c-9b51-cda505c06fc8-4160", "study_name": "GB", "directions": [1]}
{"op_code": 0, "worker_id": "8a0510f5-80e5-4ead-af1a-8852ff5541bd-4160", "study_name": "GB", "directions": [1]}
{"op_code": 0, "worker_id": "29583217-7aeb-4d36-8874-e6768c2600a3-4160", "study_name": "GB", "directions": [1]}
{"op_code": 0, "worker_id": "4b3e9989-9764-4a77-89c3-2d50b194db16-4160", "study_name": "GB", "directions": [1]}
{"op_code": 0, "worker_id": "037a5ed7-66b2-49bf-92ae-537ccc17c188-4160", "study_name": "GB", "directions": [1]}
{"op_code": 0, "worker_id": "5b18ec5f-b697-4e28-9c6c-00015e8b2fec-4160", "study_name": "GB", "directions": [1]}
{"op_code": 0, "worker_id": "e3f8fff8-7223-4f32-8974-9cadd2bc7a9a-4160", "study_name": "GB", "directions": [1]}
{"op_code": 0, "worker_id": "563ab30c-e46a-4f2b-abfe-6cea25a7ab84-4160", "study_name": "GB", "directions": [1]}
{"op_code": 0, "worker_id": "41b11e37-c635-4c02-ace9-0d1870343016-4160", "study_name": "GB", "directions": [1]}
{"op_code": 0, "worker_id": "a8c11923-3d4a-4936-b501-856a9e0b8c16-4160", "study_name": "GB", "directions": [1]}
{"op_code": 0, "worker_id": "d8202bcf-2016-4e8c-831b-1663f61ca475-4160", "study_name": "GB", "directions": [1]}
{"op_code": 0, "worker_id": "c76d758f-2e80-476d-a1ac-d3a67e4b2144-4160", "study_name": "GB", "directions": [1]}
{"op_code": 0, "worker_id": "fb31ecd5-a210-4b1b-b7a6-3bd4fa55eec3-4160", "study_name": "GB", "directions": [1]}
{"op_code": 0, "worker_id": "b73542cb-6304-462d-a35e-bb81e8ac1e73-4160", "study_name": "GB", "directions": [1]}
{"op_code": 0, "worker_id": "a1a4e8e6-bf22-4f07-bb30-bf83a397f2ee-4160", "study_name": "GB", "directions": [1]}
{"op_code": 0, "worker_id": "64e1c868-6b6c-4b38-81f7-bb94346a7356-4160", "study_name": "GB", "directions": [1]}
{"op_code": 0, "worker_id": "ef4d2ffd-abab-403d-aa83-7b07e23a3bb2-4160", "study_name": "GB", "directions": [1]}
{"op_code": 0, "worker_id": "b18e1e6a-0549-48fe-a8af-162817644cc3-4160", "study_name": "GB", "directions": [1]}
{"op_code": 0, "worker_id": "0d31965a-f2fa-4445-bae5-37977151ca47-4160", "study_name": "GB", "directions": [1]}
{"op_code": 0, "worker_id": "37dedb48-faad-460f-b398-8946262950b2-4160", "study_name": "GB", "directions": [1]}
{"op_code": 0, "worker_id": "43a89f89-65d2-4827-8365-39a634a38ef6-4160", "study_name": "GB", "directions": [1]}
{"op_code": 0, "worker_id": "4d14cd72-a0ee-484a-826b-30fe8896c4bd-4160", "study_name": "GB", "directions": [1]}
{"op_code": 0, "worker_id": "d33c4c5b-0293-4644-8d82-ebafbf8f86ef-4160", "study_name": "GB", "directions": [1]}
{"op_code": 0, "worker_id": "0469ad5a-6bae-4378-ab29-6bb7c346dac1-4160", "study_name": "GB", "directions": [1]}
{"op_code": 0, "worker_id": "b1b59732-032f-4fcc-8396-2917c57b5408-4160", "study_name": "GB", "directions": [1]}
{"op_code": 0, "worker_id": "44a439dd-6461-44c1-b98f-5703a110b64c-4160", "study_name": "GB", "directions": [1]}
{"op_code": 0, "worker_id": "fde90ecf-ecdd-4574-9893-b9d5a436701d-4160", "study_name": "GB", "directions": [1]}
{"op_code": 0, "worker_id": "c34fad29-443a-4e26-b7a3-1b55a52f6ac0-4160", "study_name": "GB", "directions": [1]}
{"op_code": 0, "worker_id": "363a94c2-98f7-430a-b69a-bd0825b07716-4160", "study_name": "GB", "directions": [1]}
{"op_code": 0, "worker_id": "16209479-f80c-4887-a48d-8c1a839af254-4160", "study_name": "GB", "directions": [1]}
{"op_code": 0, "worker_id": "2fe1d1e8-0997-4930-b84f-9da6eb1ccfbb-4160", "study_name": "GB", "directions": [1]}
{"op_code": 0, "worker_id": "afbd7757-d53a-47a6-a832-83a202312bfc-4160", "study_name": "GB", "directions": [1]}
{"op_code": 0, "worker_id": "bcd1694a-e1f7-460e-ad60-2a7bd1726907-4160", "study_name": "GB", "directions": [1]}
{"op_code": 0, "worker_id": "ab32d9e1-1214-414c-9842-f76a07b2822a-4160", "study_name": "GB", "directions": [1]}
{"op_code": 0, "worker_id": "e227b0a1-06a0-4b84-acfc-9150bd9ebca0-4160", "study_name": "GB", "directions": [1]}
{"op_code": 0, "worker_id": "70896e48-5be6-4ffc-8815-bcb960970126-4160", "study_name": "GB", "directions": [1]}
{"op_code": 0, "worker_id": "d2da4f31-7670-4c3b-a71b-a54b2c33bed8-4160", "study_name": "GB", "directions": [1]}
{"op_code": 0, "worker_id": "eb90ca0e-f3dd-4a34-b7da-7916431fc10d-4160", "study_name": "GB", "directions": [1]}
{"op_code": 0, "worker_id": "cfc99883-84fd-4b4b-a73a-88c6f9dc2e11-4160", "study_name": "GB", "directions": [1]}
{"op_code": 0, "worker_id": "812f4d0f-dc3f-4f57-ae73-8bb242b6a759-4160", "study_name": "GB", "directions": [1]}
{"op_code": 0, "worker_id": "70cfa289-3fb7-4ec0-8b66-8c667d8b39b9-4160", "study_name": "GB", "directions": [1]}
{"op_code": 0, "worker_id": "7aa427b1-8882-4cf7-8515-4afc639ca668-4160", "study_name": "GB", "directions": [1]}
{"op_code": 0, "worker_id": "80ba47a3-790a-492d-b28e-8f43bcfeac77-4160", "study_name": "GB", "directions": [1]}
{"op_code": 0, "worker_id": "21c8de0a-7500-4922-baa8-9b877533fd1f-4160", "study_name": "GB", "directions": [1]}
{"op_code": 0, "worker_id": "2bb85715-2c17-4a0d-be52-1590255a1c6a-4160", "study_name": "GB", "directions": [1]}
{"op_code": 0, "worker_id": "95c2985f-e5e6-4cf0-8b91-7ade29787479-4160", "study_name": "GB", "directions": [1]}
{"op_code": 0, "worker_id": "8ce2718e-d4d2-4f83-933c-696ef18084f0-4160", "study_name": "GB", "directions": [1]}
{"op_code": 0, "worker_id": "882f1705-d49c-4d80-8137-f0f904501a89-4160", "study_name": "GB", "directions": [1]}
{"op_code": 0, "worker_id": "a12f910b-797f-4546-abb2-9b354b79b308-4160", "study_name": "GB", "directions": [1]}
{"op_code": 0, "worker_id": "0ec573bc-bcfe-4ca5-9d8e-f7d7b74585cb-4160", "study_name": "GB", "directions": [1]}
{"op_code": 0, "worker_id": "9dfa46ef-cbbb-4675-88f2-ed0eaf1ec798-4160", "study_name": "GB", "directions": [1]}
{"op_code": 0, "worker_id": "4fd2e013-74bc-439f-9e37-fc4f806b719f-4160", "study_name": "GB", "directions": [1]}
{"op_code": 0, "worker_id": "0afcfba8-5bf6-46b8-b0bd-96d07d6209c0-4160", "study_name": "GB", "directions": [1]}
{"op_code": 0, "worker_id": "c75856de-c08e-44b3-8f70-23ea9f1c40cc-4160", "study_name": "GB", "directions": [1]}
{"op_code": 0, "worker_id": "9e12a9be-f5ba-47ca-8450-35a1c373f9f8-4160", "study_name": "GB", "directions": [1]}
{"op_code": 0, "worker_id": "ddb0301c-408f-4dcc-97fe-1f7b2839bf96-4160", "study_name": "GB", "directions": [1]}
{"op_code": 0, "worker_id": "a8a02d08-3e46-4e45-ab60-997ef5a68ef2-4160", "study_name": "GB", "directions": [1]}
{"op_code": 0, "worker_id": "089afcc9-5497-4ef5-86d7-cab75cd8e0fd-4160", "study_name": "GB", "directions": [1]}
{"op_code": 0, "worker_id": "b899925d-d1ab-448f-827d-026a73f2d047-4160", "study_name": "GB", "directions": [1]}
{"op_code": 0, "worker_id": "ad049554-a82b-46be-b916-65b46e07dc08-4160", "study_name": "GB", "directions": [1]}
{"op_code": 0, "worker_id": "caa62294-9c62-466d-b88d-f9daaa4351eb-4160", "study_name": "GB", "directions": [1]}
{"op_code": 0, "worker_id": "61c6f423-e6d8-4cf6-8d18-d01d1639ad0a-4160", "study_name": "GB", "directions": [1]}
{"op_code": 0, "worker_id": "c7bf393d-16d6-4711-b942-0d8824bbdb9e-4160", "study_name": "GB", "directions": [1]}
{"op_code": 0, "worker_id": "282cdbee-55e5-4fdc-8292-d5015c7d189d-4160", "study_name": "GB", "directions": [1]}
{"op_code": 0, "worker_id": "c01e9edf-7fc0-4f02-a552-ff55db5999aa-4160", "study_name": "GB", "directions": [1]}
{"op_code": 0, "worker_id": "58415b04-6298-46b6-b58d-f1d027c417e8-4160", "study_name": "GB", "directions": [1]}
{"op_code": 0, "worker_id": "ae867898-6ef3-411d-9d67-9a1657ceb39c-4160", "study_name": "GB", "directions": [1]}
{"op_code": 0, "worker_id": "f4cb65dc-6ca2-45e3-bbcb-7022de4779dd-4160", "study_name": "GB", "directions": [1]}
{"op_code": 0, "worker_id": "1fb1a98d-5bcd-470a-850c-2de4fff1e847-4160", "study_name": "GB", "directions": [1]}
{"op_code": 0, "worker_id": "fe219ba0-ef65-4190-983c-be517c8a0e60-4160", "study_name": "GB", "directions": [1]}
{"op_code": 0, "worker_id": "03edae80-5ab4-432e-82da-df2497d82e77-4160", "study_name": "GB", "directions": [1]}
{"op_code": 0, "worker_id": "10a0e57e-161f-489e-bac8-f0ed1a78ba43-4160", "study_name": "GB", "directions": [1]}
{"op_code": 0, "worker_id": "53f4535a-1248-4002-bbe9-5263f78a2856-4160", "study_name": "GB", "directions": [1]}
{"op_code": 0, "worker_id": "78cf56ee-93d6-4e3a-b3d5-ed64c8d9448a-4160", "study_name": "GB", "directions": [1]}
{"op_code": 0, "worker_id": "b92268d0-efb5-4164-8037-bd35fa132239-4160", "study_name": "GB", "directions": [1]}
{"op_code": 0, "worker_id": "8a5fad0e-2e18-4312-8272-438d798acf01-4160", "study_name": "GB", "directions": [1]}
{"op_code": 0, "worker_id": "3b55aca7-9202-449e-8c12-8acd3a20b47f-4160", "study_name": "GB", "directions": [1]}
{"op_code": 0, "worker_id": "a2ea28ef-491d-4c41-a798-dbae3bee064f-4160", "study_name": "GB", "directions": [1]}
{"op_code": 0, "worker_id": "2cb5a61b-e68f-4a88-8d87-eeeed0350eb7-4160", "study_name": "GB", "directions": [1]}
{"op_code": 0, "worker_id": "a331a1ed-36d0-464e-acbb-a2c34b1dadf5-4160", "study_name": "GB", "directions": [1]}
{"op_code": 0, "worker_id": "8e971c3f-7853-4547-a3cf-26f81439fe74-4160", "study_name": "GB", "directions": [1]}
{"op_code": 0, "worker_id": "2d7220b0-1dec-4e25-9279-0edb0b8fbcd4-4160", "study_name": "GB", "directions": [1]}
{"op_code": 0, "worker_id": "0abbdfe9-d7be-45f3-bcdd-bec9d190c5b5-4160", "study_name": "GB", "directions": [1]}
{"op_code": 0, "worker_id": "f941509e-4cb6-49de-8d46-839d75dcac3d-4160", "study_name": "GB", "directions": [1]}
{"op_code": 0, "worker_id": "296aa58d-24ad-4a6d-a14e-ff95c0ced939-4160", "study_name": "GB", "directions": [1]}
{"op_code": 0, "worker_id": "1c95b999-fd4b-4632-a357-88bc146f39ff-4160", "study_name": "GB", "directions": [1]}
{"op_code": 0, "worker_id": "d6d7c7f6-0417-4f5d-a51e-17245b146f9c-4160", "study_name": "GB", "directions": [1]}
{"op_code": 0, "worker_id": "dbc8ac7f-54ae-41e8-b0be-9ad51df20c4c-4160", "study_name": "GB", "directions": [1]}
{"op_code": 0, "worker_id": "69ca950c-1d5d-44c7-8bc3-142a0aab83cc-4160", "study_name": "GB", "directions": [1]}
{"op_code": 0, "worker_id": "8a1fb275-4af6-4f6f-b818-570120b805dd-4160", "study_name": "GB", "directions": [1]}
{"op_code": 0, "worker_id": "044b46a3-5d35-45bb-85d4-7230f30c4cff-4160", "study_name": "GB", "directions": [1]}
{"op_code": 0, "worker_id": "a336459c-39b8-4c4f-a0ed-62fdb6f57db3-4160", "study_name": "GB", "directions": [1]}
{"op_code": 0, "worker_id": "62f379d1-72ec-4308-a1f0-e142683a17eb-4160", "study_name": "GB", "directions": [1]}
{"op_code": 0, "worker_id": "076f0c6c-053a-4b19-91c0-f1d4613f834d-4160", "study_name": "GB", "directions": [1]}
{"op_code": 0, "worker_id": "6fa53820-121d-4cbc-92d5-b84a4dfc6c6a-4160", "study_name": "GB", "directions": [1]}
{"op_code": 0, "worker_id": "12a09a3c-318b-40f2-8978-d43d76d179e5-4160", "study_name": "GB", "directions": [1]}
{"op_code": 0, "worker_id": "77eb3927-45aa-4ec2-9ea7-3654b1aa3d14-4160", "study_name": "GB", "directions": [1]}
{"op_code": 0, "worker_id": "e4f6bb5a-9db8-4584-91b6-db7243258447-4160", "study_name": "GB", "directions": [1]}
{"op_code": 0, "worker_id": "4c7194df-4d42-440f-820d-74426ae42268-4160", "study_name": "GB", "directions": [1]}
{"op_code": 0, "worker_id": "b797937f-65dd-442f-8905-6f96d7da776d-4160", "study_name": "GB", "directions": [1]}
{"op_code": 0, "worker_id": "8c7e13d9-3fae-481a-92d7-79cb4ff464fd-4160", "study_name": "GB", "directions": [1]}
{"op_code": 0, "worker_id": "b983db47-7ac0-4820-a747-d23df745868f-4160", "study_name": "GB", "directions": [1]}
{"op_code": 0, "worker_id": "f862cb6c-62ea-42c5-b50a-cd2714503620-4160", "study_name": "GB", "directions": [1]}
{"op_code": 0, "worker_id": "e6ec6e28-22c4-41ce-b740-fb61795fcc96-4160", "study_name": "GB", "directions": [1]}
{"op_code": 0, "worker_id": "ef9e2f1c-b4d5-4a17-aa4d-71d5c24cb7a9-4160", "study_name": "GB", "directions": [1]}
{"op_code": 0, "worker_id": "3edab2a9-3f2d-4d87-99d8-69ebc20c1175-4160", "study_name": "GB", "directions": [1]}
{"op_code": 0, "worker_id": "f691d08d-9d7c-4a0c-acbf-51a8b68e6069-4160", "study_name": "GB", "directions": [1]}
{"op_code": 0, "worker_id": "7fe7ad4e-5db5-4cb6-838c-3afd215a8487-4160", "study_name": "GB", "directions": [1]}
{"op_code": 0, "worker_id": "0f1b01e0-96b0-4436-828e-4da1bd53cb28-4160", "study_name": "GB", "directions": [1]}
{"op_code": 0, "worker_id": "06528260-0819-4894-85fa-c433ebc1a676-4160", "study_name": "GB", "directions": [1]}
{"op_code": 0, "worker_id": "fe7e5691-0c9d-4191-a97e-7c5be49b2fa8-4160", "study_name": "GB", "directions": [1]}
{"op_code": 0, "worker_id": "a72aecbb-0dbc-45c2-a68c-c00cabe27cf6-4160", "study_name": "GB", "directions": [1]}
{"op_code": 0, "worker_id": "6b93de0e-8a70-4af5-83ce-361d1729957b-4160", "study_name": "GB", "directions": [1]}
{"op_code": 0, "worker_id": "53495470-6095-4e02-a876-e4be2497f551-4160", "study_name": "GB", "directions": [1]}
{"op_code": 0, "worker_id": "b1b749c5-0fa2-43eb-a02e-a99ff81640c8-4160", "study_name": "GB", "directions": [1]}
{"op_code": 0, "worker_id": "dcdf8b06-33e9-4854-9609-78ba60ae43fd-4160", "study_name": "GB", "directions": [1]}
{"op_code": 0, "worker_id": "97459726-7bd4-4787-bfaf-942b9afcdcfc-4160", "study_name": "GB", "directions": [1]}
{"op_code": 0, "worker_id": "6b40fca2-44eb-4ab6-bf05-5e72cc001086-4160", "study_name": "GB", "directions": [1]}
{"op_code": 0, "worker_id": "ae6da9c1-0c30-4514-a56f-459cadd42f10-4160", "study_name": "GB", "directions": [1]}
{"op_code": 0, "worker_id": "3eab79b4-0959-4d8e-aac4-1ab9ead6d2ce-4160", "study_name": "GB", "directions": [1]}
{"op_code": 0, "worker_id": "351637bf-f42c-419b-a7ef-148b92eaba05-4160", "study_name": "GB", "directions": [1]}
{"op_code": 0, "worker_id": "755545ff-5c0e-4f74-b1e9-03a81139dd02-4160", "study_name": "GB", "directions": [1]}
{"op_code": 0, "worker_id": "81b7ec8d-9613-497a-9255-14a0f800836d-4160", "study_name": "GB", "directions": [1]}
{"op_code": 0, "worker_id": "8e7c19d1-ed15-462e-ba28-b8fa3e532cbe-4160", "study_name": "GB", "directions": [1]}
{"op_code": 0, "worker_id": "ffd19d16-f54d-41bb-8a43-259bfc708d58-4160", "study_name": "GB", "directions": [1]}
{"op_code": 0, "worker_id": "d918613f-747c-4c01-9088-8f587c4172d5-4160", "study_name": "GB", "directions": [1]}
{"op_code": 0, "worker_id": "5c468cc5-82f1-40c6-b7ac-c660f8caf677-4160", "study_name": "GB", "directions": [1]}
{"op_code": 0, "worker_id": "a4e77c7d-418e-4dcc-bcc4-2106b370bce8-4160", "study_name": "GB", "directions": [1]}
{"op_code": 0, "worker_id": "d90d6c8c-9306-4e13-bf19-f97262504da7-4160", "study_name": "GB", "directions": [1]}
{"op_code": 0, "worker_id": "6dbcd6e4-438d-4946-93dd-344480bb5a06-4160", "study_name": "GB", "directions": [1]}
{"op_code": 0, "worker_id": "6f1ea64b-cf7b-4300-b6f4-1e1fcf53f59d-4160", "study_name": "GB", "directions": [1]}
{"op_code": 0, "worker_id": "332772ae-98d3-4231-b131-2cd503a64ef7-4160", "study_name": "GB", "directions": [1]}
{"op_code": 0, "worker_id": "cf0b7e5b-5f13-4846-97ca-505fe20d32e7-4160", "study_name": "GB", "directions": [1]}
{"op_code": 0, "worker_id": "d73d60c2-b40b-4968-8e6f-59a1d5c85f4b-4160", "study_name": "GB", "directions": [1]}
{"op_code": 0, "worker_id": "0c02d852-252b-4e54-b6aa-4d17ded527ee-4160", "study_name": "GB", "directions": [1]}
{"op_code": 0, "worker_id": "79f03f93-f4fa-4de5-9e16-e8ef59390b68-4160", "study_name": "GB", "directions": [1]}
{"op_code": 0, "worker_id": "9cac282d-3eb7-46fa-8291-bee4348bf6fa-4160", "study_name": "GB", "directions": [1]}
{"op_code": 0, "worker_id": "87bdb774-0f5c-4073-b1a2-b646c2bc3dba-4160", "study_name": "GB", "directions": [1]}
{"op_code": 0, "worker_id": "621ce26d-417c-43bd-8439-9203d76cc02a-4160", "study_name": "GB", "directions": [1]}
{"op_code": 0, "worker_id": "9fd65477-098e-4f16-b0b3-72925b98cf13-4160", "study_name": "GB", "directions": [1]}
{"op_code": 0, "worker_id": "a8e08a7e-a734-4ae6-b214-2831945aa9c2-4160", "study_name": "GB", "directions": [1]}
{"op_code": 0, "worker_id": "1f61c7ef-10ae-4320-b7d4-b441987c2210-4160", "study_name": "GB", "directions": [1]}
{"op_code": 0, "worker_id": "7a2a0233-7ef3-4637-ab95-3e6eb1b6aaad-4160", "study_name": "GB", "directions": [1]}
{"op_code": 0, "worker_id": "5f5750b2-2744-4a52-a989-3ba895a82112-4160", "study_name": "GB", "directions": [1]}
{"op_code": 0, "worker_id": "475da553-a620-41a4-8a04-8b7213edcbf8-4160", "study_name": "GB", "directions": [1]}
{"op_code": 0, "worker_id": "506d632a-c74b-4da2-8da1-5e976612b100-4160", "study_name": "GB", "directions": [1]}
{"op_code": 0, "worker_id": "5924e222-5a78-4bb2-b29b-f503c4c32063-4160", "study_name": "GB", "directions": [1]}
{"op_code": 0, "worker_id": "f1febbdb-1b4d-4848-93a9-edeced35cea2-4160", "study_name": "GB", "directions": [1]}
{"op_code": 0, "worker_id": "a48ee03c-0677-4702-b5fb-19c9d10bc57b-4160", "study_name": "GB", "directions": [1]}
{"op_code": 0, "worker_id": "f6da13ee-5af4-4ad3-b199-099e98bb107d-4160", "study_name": "GB", "directions": [1]}
{"op_code": 0, "worker_id": "8f75f806-e44c-4a5d-93ec-52bdaac61713-4160", "study_name": "GB", "directions": [1]}
{"op_code": 0, "worker_id": "a9a975fa-eb11-40e0-a833-1c189c4aef7c-4160", "study_name": "GB", "directions": [1]}
{"op_code": 0, "worker_id": "92015ea0-5e96-48eb-a5ed-cc6c569f19b2-4160", "study_name": "GB", "directions": [1]}
{"op_code": 0, "worker_id": "c1649e93-e3d0-47a2-8db2-57041f192cfa-4160", "study_name": "GB", "directions": [1]}
{"op_code": 0, "worker_id": "d701c31f-1e9b-4b7d-bd73-832b02bedb54-4160", "study_name": "GB", "directions": [1]}
