{"op_code": 0, "worker_id": "d6fe5401-56bb-4802-8f1d-867961588cff-47279818202944", "study_name": "KRR", "directions": [1]}
{"op_code": 4, "worker_id": "d6fe5401-56bb-4802-8f1d-867961588cff-47280521058048", "study_id": 0, "datetime_start": "2023-11-07T17:12:22.963033"}
{"op_code": 5, "worker_id": "d6fe5401-56bb-4802-8f1d-867961588cff-47280521058048", "trial_id": 0, "param_name": "alpha", "param_value_internal": 0.08046974645504452, "distribution": "{\"name\": \"FloatDistribution\", \"attributes\": {\"step\": null, \"low\": 0.0001, \"high\": 1.0, \"log\": false}}"}
{"op_code": 5, "worker_id": "d6fe5401-56bb-4802-8f1d-867961588cff-47280521058048", "trial_id": 0, "param_name": "gamma", "param_value_internal": 8.087317572849003e-15, "distribution": "{\"name\": \"FloatDistribution\", \"attributes\": {\"step\": null, \"low\": 0.0, \"high\": 1e-14, \"log\": false}}"}
{"op_code": 5, "worker_id": "d6fe5401-56bb-4802-8f1d-867961588cff-47280521058048", "trial_id": 0, "param_name": "kernel", "param_value_internal": 2, "distribution": "{\"name\": \"CategoricalDistribution\", \"attributes\": {\"choices\": [\"linear\", \"laplacian\", \"rbf\"]}}"}
{"op_code": 6, "worker_id": "d6fe5401-56bb-4802-8f1d-867961588cff-47280521058048", "trial_id": 0, "state": 1, "values": [0.21855212137304345], "datetime_complete": "2023-11-07T17:12:23.016400"}
{"op_code": 0, "worker_id": "1959f2f9-ebbe-4c69-8e56-3b65f8614d3f-47279818202944", "study_name": "KRR", "directions": [1]}
{"op_code": 4, "worker_id": "1959f2f9-ebbe-4c69-8e56-3b65f8614d3f-47280521058048", "study_id": 0, "datetime_start": "2023-11-07T17:19:09.739615"}
{"op_code": 5, "worker_id": "1959f2f9-ebbe-4c69-8e56-3b65f8614d3f-47280521058048", "trial_id": 1, "param_name": "alpha", "param_value_internal": 0.3318736691969781, "distribution": "{\"name\": \"FloatDistribution\", \"attributes\": {\"step\": null, \"low\": 0.0001, \"high\": 1.0, \"log\": false}}"}
{"op_code": 5, "worker_id": "1959f2f9-ebbe-4c69-8e56-3b65f8614d3f-47280521058048", "trial_id": 1, "param_name": "gamma", "param_value_internal": 1.3629203401962453e-15, "distribution": "{\"name\": \"FloatDistribution\", \"attributes\": {\"step\": null, \"low\": 0.0, \"high\": 1e-14, \"log\": false}}"}
{"op_code": 5, "worker_id": "1959f2f9-ebbe-4c69-8e56-3b65f8614d3f-47280521058048", "trial_id": 1, "param_name": "kernel", "param_value_internal": 0, "distribution": "{\"name\": \"CategoricalDistribution\", \"attributes\": {\"choices\": [\"linear\", \"laplacian\", \"rbf\"]}}"}
{"op_code": 6, "worker_id": "1959f2f9-ebbe-4c69-8e56-3b65f8614d3f-47280521058048", "trial_id": 1, "state": 1, "values": [0.21366867701019673], "datetime_complete": "2023-11-07T17:19:09.772679"}
{"op_code": 0, "worker_id": "4d603ab8-1455-4e6e-9d42-1feb98a200c5-47279818202944", "study_name": "KRR", "directions": [1]}
{"op_code": 4, "worker_id": "4d603ab8-1455-4e6e-9d42-1feb98a200c5-47280521058048", "study_id": 0, "datetime_start": "2023-11-07T17:25:58.764407"}
{"op_code": 5, "worker_id": "4d603ab8-1455-4e6e-9d42-1feb98a200c5-47280521058048", "trial_id": 2, "param_name": "alpha", "param_value_internal": 0.5015298096476055, "distribution": "{\"name\": \"FloatDistribution\", \"attributes\": {\"step\": null, \"low\": 0.0001, \"high\": 1.0, \"log\": false}}"}
{"op_code": 5, "worker_id": "4d603ab8-1455-4e6e-9d42-1feb98a200c5-47280521058048", "trial_id": 2, "param_name": "gamma", "param_value_internal": 3.0826991662375026e-15, "distribution": "{\"name\": \"FloatDistribution\", \"attributes\": {\"step\": null, \"low\": 0.0, \"high\": 1e-14, \"log\": false}}"}
{"op_code": 5, "worker_id": "4d603ab8-1455-4e6e-9d42-1feb98a200c5-47280521058048", "trial_id": 2, "param_name": "kernel", "param_value_internal": 1, "distribution": "{\"name\": \"CategoricalDistribution\", \"attributes\": {\"choices\": [\"linear\", \"laplacian\", \"rbf\"]}}"}
{"op_code": 6, "worker_id": "4d603ab8-1455-4e6e-9d42-1feb98a200c5-47280521058048", "trial_id": 2, "state": 1, "values": [0.2188281652160634], "datetime_complete": "2023-11-07T17:25:58.795699"}
{"op_code": 0, "worker_id": "50811ff7-020e-4770-803a-8baa5be7a965-47279818202944", "study_name": "KRR", "directions": [1]}
{"op_code": 4, "worker_id": "50811ff7-020e-4770-803a-8baa5be7a965-47280521058048", "study_id": 0, "datetime_start": "2023-11-07T17:32:45.633568"}
{"op_code": 5, "worker_id": "50811ff7-020e-4770-803a-8baa5be7a965-47280521058048", "trial_id": 3, "param_name": "alpha", "param_value_internal": 0.2741912686168318, "distribution": "{\"name\": \"FloatDistribution\", \"attributes\": {\"step\": null, \"low\": 0.0001, \"high\": 1.0, \"log\": false}}"}
{"op_code": 5, "worker_id": "50811ff7-020e-4770-803a-8baa5be7a965-47280521058048", "trial_id": 3, "param_name": "gamma", "param_value_internal": 9.681218067337034e-15, "distribution": "{\"name\": \"FloatDistribution\", \"attributes\": {\"step\": null, \"low\": 0.0, \"high\": 1e-14, \"log\": false}}"}
{"op_code": 5, "worker_id": "50811ff7-020e-4770-803a-8baa5be7a965-47280521058048", "trial_id": 3, "param_name": "kernel", "param_value_internal": 0, "distribution": "{\"name\": \"CategoricalDistribution\", \"attributes\": {\"choices\": [\"linear\", \"laplacian\", \"rbf\"]}}"}
{"op_code": 6, "worker_id": "50811ff7-020e-4770-803a-8baa5be7a965-47280521058048", "trial_id": 3, "state": 1, "values": [0.2145717531693686], "datetime_complete": "2023-11-07T17:32:45.664387"}
{"op_code": 0, "worker_id": "4eb89d79-0025-475d-8203-23a8800555a7-4812", "study_name": "KRR", "directions": [1]}
{"op_code": 4, "worker_id": "4eb89d79-0025-475d-8203-23a8800555a7-10088", "study_id": 0, "datetime_start": "2023-11-13T20:41:39.121856"}
{"op_code": 5, "worker_id": "4eb89d79-0025-475d-8203-23a8800555a7-10088", "trial_id": 4, "param_name": "alpha", "param_value_internal": 0.9435384686482023, "distribution": "{\"name\": \"FloatDistribution\", \"attributes\": {\"step\": null, \"low\": 0.0001, \"high\": 1.0, \"log\": false}}"}
{"op_code": 5, "worker_id": "4eb89d79-0025-475d-8203-23a8800555a7-10088", "trial_id": 4, "param_name": "gamma", "param_value_internal": 3.417205179450197e-15, "distribution": "{\"name\": \"FloatDistribution\", \"attributes\": {\"step\": null, \"low\": 0.0, \"high\": 1e-14, \"log\": false}}"}
{"op_code": 5, "worker_id": "4eb89d79-0025-475d-8203-23a8800555a7-10088", "trial_id": 4, "param_name": "kernel", "param_value_internal": 2, "distribution": "{\"name\": \"CategoricalDistribution\", \"attributes\": {\"choices\": [\"linear\", \"laplacian\", \"rbf\"]}}"}
{"op_code": 6, "worker_id": "4eb89d79-0025-475d-8203-23a8800555a7-10088", "trial_id": 4, "state": 1, "values": [0.22087061217858217], "datetime_complete": "2023-11-13T20:41:39.165865"}
{"op_code": 0, "worker_id": "e47510dd-e289-48dd-b313-ced2990a8ab0-9840", "study_name": "KRR", "directions": [1]}
{"op_code": 4, "worker_id": "e47510dd-e289-48dd-b313-ced2990a8ab0-19264", "study_id": 0, "datetime_start": "2023-11-13T20:41:40.601445"}
{"op_code": 5, "worker_id": "e47510dd-e289-48dd-b313-ced2990a8ab0-19264", "trial_id": 5, "param_name": "alpha", "param_value_internal": 0.6643661578211152, "distribution": "{\"name\": \"FloatDistribution\", \"attributes\": {\"step\": null, \"low\": 0.0001, \"high\": 1.0, \"log\": false}}"}
{"op_code": 5, "worker_id": "e47510dd-e289-48dd-b313-ced2990a8ab0-19264", "trial_id": 5, "param_name": "gamma", "param_value_internal": 3.1334175321657297e-15, "distribution": "{\"name\": \"FloatDistribution\", \"attributes\": {\"step\": null, \"low\": 0.0, \"high\": 1e-14, \"log\": false}}"}
{"op_code": 5, "worker_id": "e47510dd-e289-48dd-b313-ced2990a8ab0-19264", "trial_id": 5, "param_name": "kernel", "param_value_internal": 2, "distribution": "{\"name\": \"CategoricalDistribution\", \"attributes\": {\"choices\": [\"linear\", \"laplacian\", \"rbf\"]}}"}
{"op_code": 6, "worker_id": "e47510dd-e289-48dd-b313-ced2990a8ab0-19264", "trial_id": 5, "state": 1, "values": [0.21491444614560917], "datetime_complete": "2023-11-13T20:41:40.645454"}
{"op_code": 0, "worker_id": "44a8cea0-a04b-4b89-a802-c7c18c3c8336-6556", "study_name": "KRR", "directions": [1]}
{"op_code": 0, "worker_id": "91641471-084f-4783-b925-f9cfc94a3dfd-6556", "study_name": "KRR", "directions": [1]}
{"op_code": 0, "worker_id": "19664dda-19bc-4c79-9508-2c987688fd0e-6556", "study_name": "KRR", "directions": [1]}
{"op_code": 0, "worker_id": "d026c6e2-5851-4149-a6b3-b00e22d72e9e-6556", "study_name": "KRR", "directions": [1]}
{"op_code": 0, "worker_id": "a9e75c38-18e3-451c-be77-506d58a20716-6556", "study_name": "KRR", "directions": [1]}
{"op_code": 0, "worker_id": "1558f7c2-9412-4c33-b3cb-6ebb209f4e99-2012", "study_name": "KRR", "directions": [1]}
{"op_code": 0, "worker_id": "3f653f2c-f368-45df-8e23-031cf948b3ca-2012", "study_name": "KRR", "directions": [1]}
{"op_code": 0, "worker_id": "683a6fdb-a2c6-4e99-9cc9-485df97dadd1-2012", "study_name": "KRR", "directions": [1]}
{"op_code": 0, "worker_id": "2350cfa0-4eb6-42cd-a14f-59dba32a64ff-2012", "study_name": "KRR", "directions": [1]}
{"op_code": 0, "worker_id": "cbdf6162-d1a7-49ab-af51-ca3e588ba4ad-2012", "study_name": "KRR", "directions": [1]}
{"op_code": 4, "worker_id": "1558f7c2-9412-4c33-b3cb-6ebb209f4e99-11236", "study_id": 0, "datetime_start": "2023-11-14T13:25:42.217835"}
{"op_code": 5, "worker_id": "1558f7c2-9412-4c33-b3cb-6ebb209f4e99-11236", "trial_id": 6, "param_name": "alpha", "param_value_internal": 0.39566102933408837, "distribution": "{\"name\": \"FloatDistribution\", \"attributes\": {\"step\": null, \"low\": 0.0001, \"high\": 1.0, \"log\": false}}"}
{"op_code": 5, "worker_id": "1558f7c2-9412-4c33-b3cb-6ebb209f4e99-11236", "trial_id": 6, "param_name": "gamma", "param_value_internal": 6.422768056179789e-15, "distribution": "{\"name\": \"FloatDistribution\", \"attributes\": {\"step\": null, \"low\": 0.0, \"high\": 1e-14, \"log\": false}}"}
{"op_code": 5, "worker_id": "1558f7c2-9412-4c33-b3cb-6ebb209f4e99-11236", "trial_id": 6, "param_name": "kernel", "param_value_internal": 1, "distribution": "{\"name\": \"CategoricalDistribution\", \"attributes\": {\"choices\": [\"linear\", \"laplacian\", \"rbf\"]}}"}
{"op_code": 6, "worker_id": "1558f7c2-9412-4c33-b3cb-6ebb209f4e99-11236", "trial_id": 6, "state": 1, "values": [0.21435734483073784], "datetime_complete": "2023-11-14T13:25:42.331860"}
{"op_code": 4, "worker_id": "3f653f2c-f368-45df-8e23-031cf948b3ca-4680", "study_id": 0, "datetime_start": "2023-11-14T13:27:24.709720"}
{"op_code": 5, "worker_id": "3f653f2c-f368-45df-8e23-031cf948b3ca-4680", "trial_id": 7, "param_name": "alpha", "param_value_internal": 0.35308319586764403, "distribution": "{\"name\": \"FloatDistribution\", \"attributes\": {\"step\": null, \"low\": 0.0001, \"high\": 1.0, \"log\": false}}"}
{"op_code": 5, "worker_id": "3f653f2c-f368-45df-8e23-031cf948b3ca-4680", "trial_id": 7, "param_name": "gamma", "param_value_internal": 6.3338717462000525e-15, "distribution": "{\"name\": \"FloatDistribution\", \"attributes\": {\"step\": null, \"low\": 0.0, \"high\": 1e-14, \"log\": false}}"}
{"op_code": 5, "worker_id": "3f653f2c-f368-45df-8e23-031cf948b3ca-4680", "trial_id": 7, "param_name": "kernel", "param_value_internal": 1, "distribution": "{\"name\": \"CategoricalDistribution\", \"attributes\": {\"choices\": [\"linear\", \"laplacian\", \"rbf\"]}}"}
{"op_code": 6, "worker_id": "3f653f2c-f368-45df-8e23-031cf948b3ca-4680", "trial_id": 7, "state": 1, "values": [0.2241822267166701], "datetime_complete": "2023-11-14T13:27:24.819745"}
{"op_code": 0, "worker_id": "04b9ef38-fadb-4eb9-ae8c-614ae1a6ee16-4160", "study_name": "KRR", "directions": [1]}
{"op_code": 0, "worker_id": "4f21108d-11ef-46a8-863c-f0357b048cc5-4160", "study_name": "KRR", "directions": [1]}
{"op_code": 0, "worker_id": "08a67259-902c-4846-af95-a7167f8bb084-4160", "study_name": "KRR", "directions": [1]}
{"op_code": 0, "worker_id": "e9a284c7-5499-460c-9774-856d8aad6527-4160", "study_name": "KRR", "directions": [1]}
{"op_code": 0, "worker_id": "c9224c4f-a9dd-4837-bdac-e66dd7355a3f-4160", "study_name": "KRR", "directions": [1]}
{"op_code": 0, "worker_id": "a5e6ca99-6b9f-44f4-913f-588f5e2b9054-4160", "study_name": "KRR", "directions": [1]}
{"op_code": 0, "worker_id": "4c9adbae-5411-4a69-a04d-d9cae4b31eef-4160", "study_name": "KRR", "directions": [1]}
{"op_code": 0, "worker_id": "f211a401-cfe7-4e40-94ce-15b589a3574d-4160", "study_name": "KRR", "directions": [1]}
{"op_code": 0, "worker_id": "7ddc0c28-0d43-4684-9d5f-64e78bf68371-4160", "study_name": "KRR", "directions": [1]}
{"op_code": 0, "worker_id": "f664382f-5e62-4f87-b430-7337dadf0543-4160", "study_name": "KRR", "directions": [1]}
{"op_code": 0, "worker_id": "aba6fd69-5014-4a37-9366-c7576ac109ec-4160", "study_name": "KRR", "directions": [1]}
{"op_code": 0, "worker_id": "87227bee-19c7-45ae-a990-f24daf9a1c0f-4160", "study_name": "KRR", "directions": [1]}
{"op_code": 0, "worker_id": "b3a3627d-c4be-4239-aa03-96e280d2cb54-4160", "study_name": "KRR", "directions": [1]}
{"op_code": 0, "worker_id": "0eed9dc7-5b53-450b-8a98-61827be20066-4160", "study_name": "KRR", "directions": [1]}
{"op_code": 0, "worker_id": "d584c738-3348-4cb2-b0cd-828b9eae8b41-4160", "study_name": "KRR", "directions": [1]}
{"op_code": 0, "worker_id": "5a724f67-b9a4-4e51-8f19-eac117fa4ed1-4160", "study_name": "KRR", "directions": [1]}
{"op_code": 0, "worker_id": "53762c21-61c3-4d0e-84ae-6b8c2cf72f64-4160", "study_name": "KRR", "directions": [1]}
{"op_code": 0, "worker_id": "baa8c6f6-39b4-48e0-b6e2-cf9cb33bcb54-4160", "study_name": "KRR", "directions": [1]}
{"op_code": 0, "worker_id": "45fc4023-d458-4792-af07-a8cac619a513-4160", "study_name": "KRR", "directions": [1]}
{"op_code": 0, "worker_id": "7c942709-f8cc-436a-9b96-07d4393cedfb-4160", "study_name": "KRR", "directions": [1]}
{"op_code": 0, "worker_id": "952828ca-2d16-4107-bab7-c48c64c6b459-4160", "study_name": "KRR", "directions": [1]}
{"op_code": 0, "worker_id": "5f4db992-e95b-46c8-9c2c-4bbca8c5c3f7-4160", "study_name": "KRR", "directions": [1]}
{"op_code": 0, "worker_id": "b1baa739-6cc0-4495-af95-5c082f3eb0e9-4160", "study_name": "KRR", "directions": [1]}
{"op_code": 0, "worker_id": "0634cad1-5a0e-4a4c-9541-5730d98be1e9-4160", "study_name": "KRR", "directions": [1]}
{"op_code": 0, "worker_id": "c44587a1-6b4e-494e-a0c7-130c335618ca-4160", "study_name": "KRR", "directions": [1]}
{"op_code": 0, "worker_id": "3c219b78-a7b3-4320-985c-a2f1a87c5974-4160", "study_name": "KRR", "directions": [1]}
{"op_code": 0, "worker_id": "194b79d2-0c30-43b6-ac4e-8ade0b4bb152-4160", "study_name": "KRR", "directions": [1]}
{"op_code": 0, "worker_id": "0d27e157-c977-4124-876d-a1a8060cfc29-4160", "study_name": "KRR", "directions": [1]}
{"op_code": 0, "worker_id": "e43f6fb1-b68a-4c2d-a3dd-86ce808ea3be-4160", "study_name": "KRR", "directions": [1]}
{"op_code": 0, "worker_id": "d2b019a1-764f-4bf7-b50d-40ccf661ed7d-4160", "study_name": "KRR", "directions": [1]}
{"op_code": 0, "worker_id": "1b2edb24-476a-460b-bfc4-bc4096f49e2e-4160", "study_name": "KRR", "directions": [1]}
{"op_code": 0, "worker_id": "75cafdba-9f81-41be-9a71-a2d3ae0a52c0-4160", "study_name": "KRR", "directions": [1]}
{"op_code": 0, "worker_id": "2a7e82db-4237-4bfd-b6b9-c20443304c5d-4160", "study_name": "KRR", "directions": [1]}
{"op_code": 0, "worker_id": "888bf816-78ea-4f86-bbeb-f38c6aa79676-4160", "study_name": "KRR", "directions": [1]}
{"op_code": 0, "worker_id": "4009bb50-5d10-4c5e-88d5-491a2b848d22-4160", "study_name": "KRR", "directions": [1]}
{"op_code": 0, "worker_id": "7b9bc277-0479-44e0-980c-31bd52ac6a2b-4160", "study_name": "KRR", "directions": [1]}
{"op_code": 0, "worker_id": "34736c48-87a7-4e22-83c3-63f9df53515c-4160", "study_name": "KRR", "directions": [1]}
{"op_code": 0, "worker_id": "48f1e039-47fa-4489-a96a-227c876fb2b8-4160", "study_name": "KRR", "directions": [1]}
{"op_code": 0, "worker_id": "8fb8ba0e-098b-4ffb-b49e-5cf671626e78-4160", "study_name": "KRR", "directions": [1]}
{"op_code": 0, "worker_id": "4f3b8aab-57ea-4f6c-9748-b2370f25c0bb-4160", "study_name": "KRR", "directions": [1]}
{"op_code": 0, "worker_id": "92020fe0-420d-496f-b35a-3c268df2910b-4160", "study_name": "KRR", "directions": [1]}
{"op_code": 0, "worker_id": "b62a8051-fa54-4800-aa9a-1ca7c8e6f485-4160", "study_name": "KRR", "directions": [1]}
{"op_code": 0, "worker_id": "345e456e-335f-469e-bc96-78cead9bf403-4160", "study_name": "KRR", "directions": [1]}
{"op_code": 0, "worker_id": "3ad37a4e-3e03-451c-994c-8266e999bcbb-4160", "study_name": "KRR", "directions": [1]}
{"op_code": 0, "worker_id": "8050494a-04cb-4997-87e0-1ec2daeef19c-4160", "study_name": "KRR", "directions": [1]}
{"op_code": 0, "worker_id": "2fea525c-9689-4df9-a6b9-acfda9799d7d-4160", "study_name": "KRR", "directions": [1]}
{"op_code": 0, "worker_id": "07974432-31b2-4b8b-abc2-fdf23dfd7477-4160", "study_name": "KRR", "directions": [1]}
{"op_code": 0, "worker_id": "b0ce11ac-0442-416c-870b-75b98d5d87f6-4160", "study_name": "KRR", "directions": [1]}
{"op_code": 0, "worker_id": "8ee20afb-10a0-4ac3-81c1-40da875e4961-4160", "study_name": "KRR", "directions": [1]}
{"op_code": 0, "worker_id": "49a56e64-e36a-4206-8e03-6df0938bbc9f-4160", "study_name": "KRR", "directions": [1]}
{"op_code": 0, "worker_id": "2ab760e6-60c0-419f-83d6-36476df42fb5-4160", "study_name": "KRR", "directions": [1]}
{"op_code": 0, "worker_id": "2ff0b402-7c4e-4c3e-93c8-56c68f062d8c-4160", "study_name": "KRR", "directions": [1]}
{"op_code": 0, "worker_id": "897da904-5231-4e65-9abd-fdb8e6919500-4160", "study_name": "KRR", "directions": [1]}
{"op_code": 0, "worker_id": "e27726c3-49d9-48c1-a93c-bb4de02e2740-4160", "study_name": "KRR", "directions": [1]}
{"op_code": 0, "worker_id": "03919194-0a38-478e-a70a-130d3819f840-4160", "study_name": "KRR", "directions": [1]}
{"op_code": 0, "worker_id": "e638012d-9741-4d2f-87ac-cadd900ae63c-4160", "study_name": "KRR", "directions": [1]}
{"op_code": 0, "worker_id": "15f4b26a-2970-464e-8ad7-976c17f4ef20-4160", "study_name": "KRR", "directions": [1]}
{"op_code": 0, "worker_id": "4e49b32a-613d-45e9-b832-bfb6aa8075ce-4160", "study_name": "KRR", "directions": [1]}
{"op_code": 0, "worker_id": "ff0250d5-e02d-4896-bc30-c12f621eb0ab-4160", "study_name": "KRR", "directions": [1]}
{"op_code": 0, "worker_id": "aae79848-a11d-4a3d-bb19-c0e7e1bed188-4160", "study_name": "KRR", "directions": [1]}
{"op_code": 0, "worker_id": "624bbae2-c9d2-41b1-9661-17993b7d986d-4160", "study_name": "KRR", "directions": [1]}
{"op_code": 0, "worker_id": "0a5e8f40-80ae-4287-816d-4fb6744e6559-4160", "study_name": "KRR", "directions": [1]}
{"op_code": 0, "worker_id": "ee081423-b86d-4c8f-81be-7a0724428354-4160", "study_name": "KRR", "directions": [1]}
{"op_code": 0, "worker_id": "24565528-1d3b-4081-b18d-fbdffd9db764-4160", "study_name": "KRR", "directions": [1]}
{"op_code": 0, "worker_id": "7b1beb59-757e-4011-9b88-ddd6df1b936f-4160", "study_name": "KRR", "directions": [1]}
{"op_code": 0, "worker_id": "4de3d58e-9a76-4c9a-9c7a-4fc3ca544ff0-4160", "study_name": "KRR", "directions": [1]}
{"op_code": 0, "worker_id": "b17dafe4-2944-42a5-bf33-efdf3533aec0-4160", "study_name": "KRR", "directions": [1]}
{"op_code": 0, "worker_id": "51981d98-b45c-46f9-b0fb-1e27c749264e-4160", "study_name": "KRR", "directions": [1]}
{"op_code": 0, "worker_id": "5e5c5a9c-fbda-4061-a8fb-90ac8921a8b1-4160", "study_name": "KRR", "directions": [1]}
{"op_code": 0, "worker_id": "05828e89-6098-4779-a142-4cda7f742e81-4160", "study_name": "KRR", "directions": [1]}
{"op_code": 0, "worker_id": "092b752a-b237-4c3b-8ec4-eacc99214f0c-4160", "study_name": "KRR", "directions": [1]}
{"op_code": 0, "worker_id": "50e61833-d5fe-46fc-9047-8edd9d9ca065-4160", "study_name": "KRR", "directions": [1]}
{"op_code": 0, "worker_id": "832d16bf-dd4f-4de1-9ec5-561c69dbe0c3-4160", "study_name": "KRR", "directions": [1]}
{"op_code": 0, "worker_id": "040ae939-8da4-42d2-b79c-ae8965d6027c-4160", "study_name": "KRR", "directions": [1]}
{"op_code": 0, "worker_id": "5e7d40c8-4b97-4f5a-8f6a-6d7383ddb601-4160", "study_name": "KRR", "directions": [1]}
{"op_code": 0, "worker_id": "404cba3b-0554-4eac-bdd3-66970fd3ade0-4160", "study_name": "KRR", "directions": [1]}
{"op_code": 0, "worker_id": "000adc34-2284-4c0d-ad6e-94a5e8411035-4160", "study_name": "KRR", "directions": [1]}
{"op_code": 0, "worker_id": "b1babbed-ef2e-4098-9e40-87f41d5d413d-4160", "study_name": "KRR", "directions": [1]}
{"op_code": 0, "worker_id": "36b2c3f8-1b0e-4896-b491-7ae1aba7d2c2-4160", "study_name": "KRR", "directions": [1]}
{"op_code": 0, "worker_id": "f431f240-dacb-4a14-a783-b51047ad2a07-4160", "study_name": "KRR", "directions": [1]}
{"op_code": 0, "worker_id": "cd1313a5-a41e-4d61-b041-06c2badb2bde-4160", "study_name": "KRR", "directions": [1]}
{"op_code": 0, "worker_id": "54dc7e47-2fc4-44ed-ac78-f3925c9d4a24-4160", "study_name": "KRR", "directions": [1]}
{"op_code": 0, "worker_id": "19e813b5-af1f-490e-b662-651675c7c43e-4160", "study_name": "KRR", "directions": [1]}
{"op_code": 0, "worker_id": "70b9e92f-7994-4238-bcc8-c803f269ca7a-4160", "study_name": "KRR", "directions": [1]}
{"op_code": 0, "worker_id": "9bee67ac-f75b-4e2c-b166-043dcc8f2949-4160", "study_name": "KRR", "directions": [1]}
{"op_code": 0, "worker_id": "a4f690e4-1784-4457-a5af-48bd5c63acdf-4160", "study_name": "KRR", "directions": [1]}
{"op_code": 0, "worker_id": "87e54e22-638b-4bc5-9a2f-82ccdb553539-4160", "study_name": "KRR", "directions": [1]}
{"op_code": 0, "worker_id": "3df00011-999a-4620-a0ee-9bc29219816c-4160", "study_name": "KRR", "directions": [1]}
{"op_code": 0, "worker_id": "5a8f3bba-df59-40f4-8748-e7ec95ab760c-4160", "study_name": "KRR", "directions": [1]}
{"op_code": 0, "worker_id": "922fa699-ad93-4bb8-bb6d-c92903133378-4160", "study_name": "KRR", "directions": [1]}
{"op_code": 0, "worker_id": "551869f9-725d-40fd-9420-67aade051a16-4160", "study_name": "KRR", "directions": [1]}
{"op_code": 0, "worker_id": "48ea162f-a20f-4202-b9f1-7adf82480240-4160", "study_name": "KRR", "directions": [1]}
{"op_code": 0, "worker_id": "82c8cdea-f254-490b-9cf1-e12078e89178-4160", "study_name": "KRR", "directions": [1]}
{"op_code": 0, "worker_id": "72e91a07-a94f-4152-bb9b-7fb5442b7412-4160", "study_name": "KRR", "directions": [1]}
{"op_code": 0, "worker_id": "f7ac46ca-9d8d-4389-a53a-6b25cf8f8b6c-4160", "study_name": "KRR", "directions": [1]}
{"op_code": 0, "worker_id": "7706a335-f456-4ce7-9753-b888c36783f8-4160", "study_name": "KRR", "directions": [1]}
{"op_code": 0, "worker_id": "a5d1db59-7734-4118-8243-463c5072a189-4160", "study_name": "KRR", "directions": [1]}
{"op_code": 0, "worker_id": "dfc28905-b6f9-4de8-8ae2-4fc9694b5158-4160", "study_name": "KRR", "directions": [1]}
{"op_code": 0, "worker_id": "38f1fbb1-a6b7-41fe-a955-ee1821f4dcde-4160", "study_name": "KRR", "directions": [1]}
{"op_code": 0, "worker_id": "97fe2344-8f3c-48e4-91e9-75a8860a697a-4160", "study_name": "KRR", "directions": [1]}
{"op_code": 0, "worker_id": "eaea17c4-563f-4efb-ab05-b59fcd441725-4160", "study_name": "KRR", "directions": [1]}
{"op_code": 0, "worker_id": "3c24fc77-3bb2-4b73-b85b-a89dc7e8afe1-4160", "study_name": "KRR", "directions": [1]}
{"op_code": 0, "worker_id": "412415a8-8ab4-4be5-a0d1-6a000723ad1a-4160", "study_name": "KRR", "directions": [1]}
{"op_code": 0, "worker_id": "8dee8544-7608-4ffd-ba72-221c466840c7-4160", "study_name": "KRR", "directions": [1]}
{"op_code": 0, "worker_id": "c0db524c-a022-4384-afa0-1a136c85a29c-4160", "study_name": "KRR", "directions": [1]}
{"op_code": 0, "worker_id": "759a89db-8ee9-4ea2-b590-6082c4784c74-4160", "study_name": "KRR", "directions": [1]}
{"op_code": 0, "worker_id": "2cd595c8-319b-4882-a680-8641897353d3-4160", "study_name": "KRR", "directions": [1]}
{"op_code": 0, "worker_id": "51dbe5e2-de4a-45be-9066-3df9568a4200-4160", "study_name": "KRR", "directions": [1]}
{"op_code": 0, "worker_id": "ff467e2b-675e-448e-a3ff-bd43cfb318ac-4160", "study_name": "KRR", "directions": [1]}
{"op_code": 0, "worker_id": "0b042670-b193-49b0-9c12-ef91a43cdae5-4160", "study_name": "KRR", "directions": [1]}
{"op_code": 0, "worker_id": "aadee336-7338-45e0-a8f7-1641f5284a7e-4160", "study_name": "KRR", "directions": [1]}
{"op_code": 0, "worker_id": "5987a9e5-247d-4414-916b-9c8aff8a2369-4160", "study_name": "KRR", "directions": [1]}
{"op_code": 0, "worker_id": "41980562-57bc-4d4c-99e7-2d47465a9e0c-4160", "study_name": "KRR", "directions": [1]}
{"op_code": 0, "worker_id": "0b8f1921-534a-4df2-b180-a107151c554b-4160", "study_name": "KRR", "directions": [1]}
{"op_code": 0, "worker_id": "884d891e-5a87-4952-977e-6e22ca82a76b-4160", "study_name": "KRR", "directions": [1]}
{"op_code": 0, "worker_id": "d0360342-b0ed-490f-8357-0154006ef538-4160", "study_name": "KRR", "directions": [1]}
{"op_code": 0, "worker_id": "262d503b-59b7-41eb-8853-75aacc604ab0-4160", "study_name": "KRR", "directions": [1]}
{"op_code": 0, "worker_id": "200fd8d2-e9b2-424b-bf9f-4529ce63c305-4160", "study_name": "KRR", "directions": [1]}
{"op_code": 0, "worker_id": "de868c53-c49c-4195-a130-dc84a099a382-4160", "study_name": "KRR", "directions": [1]}
{"op_code": 0, "worker_id": "ad39333a-195e-412a-a33c-d9d67d970c70-4160", "study_name": "KRR", "directions": [1]}
{"op_code": 0, "worker_id": "9ef655e0-4062-4c2d-8762-b4a260e3a3bf-4160", "study_name": "KRR", "directions": [1]}
{"op_code": 0, "worker_id": "4a437e96-7ffa-4ec5-9eed-8c6c5766d675-4160", "study_name": "KRR", "directions": [1]}
{"op_code": 0, "worker_id": "55894775-1c35-43e4-961f-599bd577ea32-4160", "study_name": "KRR", "directions": [1]}
{"op_code": 0, "worker_id": "6f3f168a-aec0-4722-bfb0-55639b5b71cb-4160", "study_name": "KRR", "directions": [1]}
{"op_code": 0, "worker_id": "1857db49-e5a0-40df-9074-752349578dd1-4160", "study_name": "KRR", "directions": [1]}
{"op_code": 0, "worker_id": "629bc759-a9e6-466d-ae31-c6951736d4e0-4160", "study_name": "KRR", "directions": [1]}
{"op_code": 0, "worker_id": "3d9a54e7-df9b-4831-b962-ec326f7d1dbc-4160", "study_name": "KRR", "directions": [1]}
{"op_code": 0, "worker_id": "4432ec30-0ca3-4f11-975f-c4ad33ae9ede-4160", "study_name": "KRR", "directions": [1]}
{"op_code": 0, "worker_id": "1a7ac0b7-4d66-4b32-845d-db2cb842b77c-4160", "study_name": "KRR", "directions": [1]}
{"op_code": 0, "worker_id": "1e1b1ce9-bdc9-4613-8e72-1ab511087708-4160", "study_name": "KRR", "directions": [1]}
{"op_code": 0, "worker_id": "a63b9d7d-f59b-4d6a-8d23-220fb54c4d97-4160", "study_name": "KRR", "directions": [1]}
{"op_code": 0, "worker_id": "b3682007-eb28-4e73-87fe-ab0e9f6043c5-4160", "study_name": "KRR", "directions": [1]}
{"op_code": 0, "worker_id": "0eb8749b-e770-4831-97d7-17b9e27b086c-4160", "study_name": "KRR", "directions": [1]}
{"op_code": 0, "worker_id": "dddff8b5-f68d-4426-a624-b208621a2303-4160", "study_name": "KRR", "directions": [1]}
{"op_code": 0, "worker_id": "7af3c4b3-84d7-45d8-9247-e8093fd86329-4160", "study_name": "KRR", "directions": [1]}
{"op_code": 0, "worker_id": "ba68a1a6-5cb5-455b-8961-e0d9e7fba073-4160", "study_name": "KRR", "directions": [1]}
{"op_code": 0, "worker_id": "a3663de9-b698-4a51-a1c2-fb9d3e2ddc32-4160", "study_name": "KRR", "directions": [1]}
{"op_code": 0, "worker_id": "5e8bb847-dfba-437f-a0f0-4125b23bb698-4160", "study_name": "KRR", "directions": [1]}
{"op_code": 0, "worker_id": "894af5d9-6356-4842-b5bd-a9af70e08370-4160", "study_name": "KRR", "directions": [1]}
{"op_code": 0, "worker_id": "2678419c-42de-4d9d-8c87-e125ab387ba3-4160", "study_name": "KRR", "directions": [1]}
{"op_code": 0, "worker_id": "26fea844-6718-40d1-94d9-ee732d302cbc-4160", "study_name": "KRR", "directions": [1]}
{"op_code": 0, "worker_id": "1087fc80-4fae-4e75-9c72-e02166a2d957-4160", "study_name": "KRR", "directions": [1]}
{"op_code": 0, "worker_id": "692e8df0-87bb-45fb-a009-0dda5a77709b-4160", "study_name": "KRR", "directions": [1]}
{"op_code": 0, "worker_id": "2c1a80ff-d6c5-4533-b1e5-b4bc9e8ff654-4160", "study_name": "KRR", "directions": [1]}
{"op_code": 0, "worker_id": "33ea5f14-ba97-41d3-b08a-4fb4a0a040bb-4160", "study_name": "KRR", "directions": [1]}
{"op_code": 0, "worker_id": "d1687bd3-4f79-4389-b462-6bfc51967f1d-4160", "study_name": "KRR", "directions": [1]}
{"op_code": 0, "worker_id": "e1de3cea-ed57-4032-a4ea-63b5dee33bc9-4160", "study_name": "KRR", "directions": [1]}
{"op_code": 0, "worker_id": "46c92c02-d0b5-4cff-a2c9-0025fab12c8f-4160", "study_name": "KRR", "directions": [1]}
{"op_code": 0, "worker_id": "9fdb8ad0-be4e-42a9-ae66-1772b3eeec53-4160", "study_name": "KRR", "directions": [1]}
{"op_code": 0, "worker_id": "517efa8a-d083-48ab-bce4-23e6d7f5b661-4160", "study_name": "KRR", "directions": [1]}
{"op_code": 0, "worker_id": "96f97249-e184-4430-9e29-35f4369331e7-4160", "study_name": "KRR", "directions": [1]}
{"op_code": 0, "worker_id": "2b508149-f013-4d58-8263-3506d3352c7d-4160", "study_name": "KRR", "directions": [1]}
{"op_code": 0, "worker_id": "a7c4029a-5f68-48b1-bb5d-f2ac7e6de7f9-4160", "study_name": "KRR", "directions": [1]}
{"op_code": 0, "worker_id": "502f118a-d277-41db-bc14-d2e880b9ca64-4160", "study_name": "KRR", "directions": [1]}
{"op_code": 0, "worker_id": "f48cff75-590b-4c05-a4a1-1407e240c60c-4160", "study_name": "KRR", "directions": [1]}
{"op_code": 0, "worker_id": "a3e21c23-3623-40b3-95da-0f796b2e2073-4160", "study_name": "KRR", "directions": [1]}
{"op_code": 0, "worker_id": "a7a7406f-562c-47ab-a21d-a4c63a9035ba-4160", "study_name": "KRR", "directions": [1]}
{"op_code": 0, "worker_id": "d142dda8-eb46-4f0e-a321-ef873b2bc9fa-4160", "study_name": "KRR", "directions": [1]}
{"op_code": 0, "worker_id": "37a5baba-eec8-4580-8ef6-c12d12c7d0c9-4160", "study_name": "KRR", "directions": [1]}
{"op_code": 0, "worker_id": "e197b82f-f738-4305-86f9-da9efb2cde70-4160", "study_name": "KRR", "directions": [1]}
{"op_code": 0, "worker_id": "a7af7795-c925-4d28-a75b-1e2f21b74e7c-4160", "study_name": "KRR", "directions": [1]}
{"op_code": 0, "worker_id": "98b72d34-7b78-4715-8db9-2d441423ea5a-4160", "study_name": "KRR", "directions": [1]}
{"op_code": 0, "worker_id": "a8a767dc-aae5-453b-92bd-211df25990d6-4160", "study_name": "KRR", "directions": [1]}
{"op_code": 0, "worker_id": "1c9f5768-857e-4976-a52d-a95af814f19e-4160", "study_name": "KRR", "directions": [1]}
{"op_code": 0, "worker_id": "5110fb25-dc25-4bea-8332-e6154e794ca7-4160", "study_name": "KRR", "directions": [1]}
{"op_code": 0, "worker_id": "16123477-af79-499d-8aee-5ba0d45526a4-4160", "study_name": "KRR", "directions": [1]}
{"op_code": 0, "worker_id": "afd16ff0-2502-44a4-8fc5-f8292fa0e82f-4160", "study_name": "KRR", "directions": [1]}
{"op_code": 0, "worker_id": "0c83decf-686e-4c4b-bc85-3563fcf6b1bc-4160", "study_name": "KRR", "directions": [1]}
{"op_code": 0, "worker_id": "70db0e87-4b9f-48e7-8a9b-613dc1c20d58-4160", "study_name": "KRR", "directions": [1]}
{"op_code": 0, "worker_id": "051ae461-d6cb-4ed9-af24-5c09bcfff6aa-4160", "study_name": "KRR", "directions": [1]}
{"op_code": 0, "worker_id": "3ea1dd98-97a9-4404-aff9-ec21940dda76-4160", "study_name": "KRR", "directions": [1]}
{"op_code": 0, "worker_id": "1e61a0f8-67d7-43a9-8374-206e786643d9-4160", "study_name": "KRR", "directions": [1]}
{"op_code": 0, "worker_id": "34d411a9-87ad-46b8-9d79-84c46a57d9cd-4160", "study_name": "KRR", "directions": [1]}
{"op_code": 0, "worker_id": "d4864cde-2413-4032-801e-5af2b4cea23f-4160", "study_name": "KRR", "directions": [1]}
{"op_code": 0, "worker_id": "79d60d71-fa76-4d36-8fb1-f612c886b00b-4160", "study_name": "KRR", "directions": [1]}
{"op_code": 0, "worker_id": "ba80e9d0-e3ca-458f-a6a5-f29b6664d9b2-4160", "study_name": "KRR", "directions": [1]}
{"op_code": 0, "worker_id": "4f911170-8476-47d7-bc03-8ff08256f19f-4160", "study_name": "KRR", "directions": [1]}
{"op_code": 0, "worker_id": "936cc2b7-2e20-4037-ac43-5499cd0b357c-4160", "study_name": "KRR", "directions": [1]}
{"op_code": 0, "worker_id": "1896604d-a315-4d1b-a464-bbcf9a6523f2-4160", "study_name": "KRR", "directions": [1]}
{"op_code": 0, "worker_id": "e5a6a49c-061d-4be7-8963-bdbbcdb91de2-4160", "study_name": "KRR", "directions": [1]}
{"op_code": 0, "worker_id": "96bc31b8-a72b-406a-ba52-591bdbf45402-4160", "study_name": "KRR", "directions": [1]}
{"op_code": 0, "worker_id": "51d0fe79-7fe4-4f54-a559-3b591a6a4337-4160", "study_name": "KRR", "directions": [1]}
{"op_code": 0, "worker_id": "67842ec9-e50e-4bce-b378-47deffc66f30-4160", "study_name": "KRR", "directions": [1]}
{"op_code": 0, "worker_id": "eeb02cd9-006a-4096-85ce-d3f9c4c9e130-4160", "study_name": "KRR", "directions": [1]}
{"op_code": 0, "worker_id": "74b5a2fa-4c0f-4952-8515-d297dbdc6c4f-4160", "study_name": "KRR", "directions": [1]}
{"op_code": 0, "worker_id": "35e1137e-ed2c-4f2c-8c83-cbebaf905d76-4160", "study_name": "KRR", "directions": [1]}
{"op_code": 0, "worker_id": "258d7bcb-96ec-4ee2-96e1-7459650f5a45-4160", "study_name": "KRR", "directions": [1]}
{"op_code": 0, "worker_id": "14fd491e-40fb-482f-9f2d-5471706262fc-4160", "study_name": "KRR", "directions": [1]}
{"op_code": 0, "worker_id": "88f92236-c219-4379-9809-a67aa30cd576-4160", "study_name": "KRR", "directions": [1]}
{"op_code": 0, "worker_id": "a03eb320-d54f-4402-9ab6-109e04f2c24e-4160", "study_name": "KRR", "directions": [1]}
{"op_code": 0, "worker_id": "df386318-4fe6-4ea3-b00c-7e6403e46c8e-4160", "study_name": "KRR", "directions": [1]}
{"op_code": 0, "worker_id": "9163060b-c838-47d3-aab6-e2d994cf12d3-4160", "study_name": "KRR", "directions": [1]}
{"op_code": 0, "worker_id": "f5d6f6db-3312-4244-9341-cbd58aec12c1-4160", "study_name": "KRR", "directions": [1]}
{"op_code": 0, "worker_id": "b1decc28-8cd2-45a4-ab85-783286fcf03f-4160", "study_name": "KRR", "directions": [1]}
{"op_code": 0, "worker_id": "0e56893a-bde3-4929-bbff-33a640a10f7a-4160", "study_name": "KRR", "directions": [1]}
{"op_code": 0, "worker_id": "57a33ec1-652a-47b3-8f97-ee018aa55257-4160", "study_name": "KRR", "directions": [1]}
{"op_code": 0, "worker_id": "727f9f4d-3624-48a8-a292-d9a12641f528-4160", "study_name": "KRR", "directions": [1]}
{"op_code": 0, "worker_id": "7257cb00-6d14-46be-b61a-634ea45eb3d2-4160", "study_name": "KRR", "directions": [1]}
{"op_code": 0, "worker_id": "a3142d3a-cea0-43d3-8695-c23df844ce14-4160", "study_name": "KRR", "directions": [1]}
{"op_code": 0, "worker_id": "606ac9fd-5619-4384-ab4b-0c99d22a99c2-4160", "study_name": "KRR", "directions": [1]}
{"op_code": 0, "worker_id": "56b59ae4-f48d-4fff-b9d3-f11e29461678-4160", "study_name": "KRR", "directions": [1]}
{"op_code": 0, "worker_id": "191bf0d4-5dc3-4cb9-a19e-ce03aab510c1-4160", "study_name": "KRR", "directions": [1]}
{"op_code": 0, "worker_id": "3b6649e6-16eb-46fa-984a-97b7d6d40763-4160", "study_name": "KRR", "directions": [1]}
{"op_code": 0, "worker_id": "94058075-a5f4-403f-8b30-c4949447be62-4160", "study_name": "KRR", "directions": [1]}
{"op_code": 0, "worker_id": "f0d446a2-1153-4acd-94d3-862b5d16ae71-4160", "study_name": "KRR", "directions": [1]}
{"op_code": 0, "worker_id": "ff75cca2-dcb3-405d-ad96-8e79e19102bc-4160", "study_name": "KRR", "directions": [1]}
{"op_code": 0, "worker_id": "44f15c58-decd-4e73-89e0-46d8cc24fe83-4160", "study_name": "KRR", "directions": [1]}
{"op_code": 0, "worker_id": "2ba3dd4e-b98c-4a16-96d9-5ae67c0c61e7-4160", "study_name": "KRR", "directions": [1]}
{"op_code": 0, "worker_id": "4d37f357-9715-4038-a998-e7c639eccd71-4160", "study_name": "KRR", "directions": [1]}
{"op_code": 0, "worker_id": "1260c248-add7-4ef8-8057-449d4b739d63-4160", "study_name": "KRR", "directions": [1]}
{"op_code": 0, "worker_id": "74f397b9-8351-4ce7-a5aa-3f3610b82dcc-4160", "study_name": "KRR", "directions": [1]}
{"op_code": 0, "worker_id": "ddae55c1-cb52-4b4c-a6b0-29e71694009f-4160", "study_name": "KRR", "directions": [1]}
{"op_code": 0, "worker_id": "240a2f2f-c648-49bc-b02e-f7b5acd58f9e-4160", "study_name": "KRR", "directions": [1]}
{"op_code": 0, "worker_id": "67f9d0b3-5215-4179-a8a8-7c833c22b019-4160", "study_name": "KRR", "directions": [1]}
{"op_code": 0, "worker_id": "cbe9f812-dc4f-4400-aca1-88d8d3d88282-4160", "study_name": "KRR", "directions": [1]}
{"op_code": 0, "worker_id": "e6e3bb22-7b39-4f12-9f1b-364ce0e82c3e-4160", "study_name": "KRR", "directions": [1]}
{"op_code": 0, "worker_id": "a6b8c4aa-b51b-454c-8a76-cb397db17f7e-4160", "study_name": "KRR", "directions": [1]}
{"op_code": 0, "worker_id": "94261be3-3dde-420e-b3bd-15f6f91f547b-4160", "study_name": "KRR", "directions": [1]}
{"op_code": 0, "worker_id": "b0802257-0a8b-4b0b-b4cc-9fea2ff05236-4160", "study_name": "KRR", "directions": [1]}
{"op_code": 0, "worker_id": "11ae429f-d0d5-4482-9ea4-891b8f2ee2f5-4160", "study_name": "KRR", "directions": [1]}
{"op_code": 0, "worker_id": "7488fa90-106f-43b2-8c3c-252d0f254cd4-4160", "study_name": "KRR", "directions": [1]}
{"op_code": 0, "worker_id": "fb7640d8-9ac8-42da-8d48-1c5ce2a10e7c-4160", "study_name": "KRR", "directions": [1]}
{"op_code": 0, "worker_id": "aa17f099-f6f0-4d30-a218-808fe9803081-4160", "study_name": "KRR", "directions": [1]}
{"op_code": 0, "worker_id": "e4244c80-a55f-489c-a360-8ea383956493-4160", "study_name": "KRR", "directions": [1]}
{"op_code": 0, "worker_id": "e1e1ff22-126c-4491-a717-d54c1d30f434-4160", "study_name": "KRR", "directions": [1]}
{"op_code": 0, "worker_id": "287fc284-68b6-4018-80ce-7b7f6102fb98-4160", "study_name": "KRR", "directions": [1]}
{"op_code": 0, "worker_id": "abd73862-6b77-4541-98dc-56d95a0748c6-4160", "study_name": "KRR", "directions": [1]}
{"op_code": 0, "worker_id": "46a746fe-9a0c-45bf-a4e7-5cca8218de19-4160", "study_name": "KRR", "directions": [1]}
{"op_code": 0, "worker_id": "103cdd9c-2f51-4ed1-a603-802a519b36d1-4160", "study_name": "KRR", "directions": [1]}
{"op_code": 0, "worker_id": "e6e21700-a421-469e-9c3f-c0dd7690fb56-4160", "study_name": "KRR", "directions": [1]}
{"op_code": 0, "worker_id": "f63de6ed-38ef-4929-b8ed-9d31c9b0c64b-4160", "study_name": "KRR", "directions": [1]}
{"op_code": 0, "worker_id": "13b7c4c0-daa9-4df5-969d-4123dd3e4cb8-4160", "study_name": "KRR", "directions": [1]}
{"op_code": 0, "worker_id": "d06a0028-c503-4e46-a6cd-08d7d77df6d0-4160", "study_name": "KRR", "directions": [1]}
{"op_code": 0, "worker_id": "9bdd6aa1-7834-449c-925c-e1dc4e78a6b3-4160", "study_name": "KRR", "directions": [1]}
{"op_code": 0, "worker_id": "f5b3b70b-5a86-4ade-b134-f8be6b75b519-4160", "study_name": "KRR", "directions": [1]}
{"op_code": 0, "worker_id": "e19aa359-acf5-4a21-8e3e-cf92ed998ab7-4160", "study_name": "KRR", "directions": [1]}
{"op_code": 0, "worker_id": "120246ad-da3d-48b1-9bf2-a5524cfc015d-4160", "study_name": "KRR", "directions": [1]}
{"op_code": 0, "worker_id": "0078a628-48dd-4149-a0cf-3a6db771523f-4160", "study_name": "KRR", "directions": [1]}
{"op_code": 0, "worker_id": "b7e5a998-0c7a-420f-bc09-b6f4a748da08-4160", "study_name": "KRR", "directions": [1]}
{"op_code": 0, "worker_id": "d515d6f0-c2e7-4a5f-bca5-a6f63ede672c-4160", "study_name": "KRR", "directions": [1]}
{"op_code": 0, "worker_id": "edc5a935-a189-4b16-b5ba-4d97142992a3-4160", "study_name": "KRR", "directions": [1]}
{"op_code": 0, "worker_id": "67109210-8ae1-4938-ab6a-9fc75f5dac64-4160", "study_name": "KRR", "directions": [1]}
{"op_code": 0, "worker_id": "2a184e66-8356-41a5-b27f-546f532121b7-4160", "study_name": "KRR", "directions": [1]}
{"op_code": 0, "worker_id": "98a71ec9-deea-4f66-9265-c59a81112076-4160", "study_name": "KRR", "directions": [1]}
{"op_code": 0, "worker_id": "c4ae47a5-2c29-4017-ba0b-855ce010f84d-4160", "study_name": "KRR", "directions": [1]}
{"op_code": 0, "worker_id": "48f4a5b0-ff9b-4fec-9fa2-5d88d0026ce9-4160", "study_name": "KRR", "directions": [1]}
{"op_code": 0, "worker_id": "9d0ba331-8e8b-44da-a79a-d72aa5393f35-4160", "study_name": "KRR", "directions": [1]}
{"op_code": 0, "worker_id": "96a114b7-9c78-477b-a935-0942a4574f97-4160", "study_name": "KRR", "directions": [1]}
{"op_code": 0, "worker_id": "90e94bbe-6997-4601-b86f-1f20bca071ed-4160", "study_name": "KRR", "directions": [1]}
{"op_code": 0, "worker_id": "684044ba-1c4e-4107-a2c2-7278beeeced2-4160", "study_name": "KRR", "directions": [1]}
{"op_code": 0, "worker_id": "e48f7690-de7d-494b-9050-21beada23f86-4160", "study_name": "KRR", "directions": [1]}
{"op_code": 0, "worker_id": "ada73eda-e0cf-40e3-9f7d-ecce6cfb72dc-4160", "study_name": "KRR", "directions": [1]}
{"op_code": 0, "worker_id": "423f9e0b-fdd8-490b-a860-4fe4b1b2e2fd-4160", "study_name": "KRR", "directions": [1]}
{"op_code": 0, "worker_id": "315d3042-2f6f-4d5b-8e48-054c95def813-4160", "study_name": "KRR", "directions": [1]}
{"op_code": 0, "worker_id": "7b23b84f-a079-4797-be06-9a6b55c7f964-4160", "study_name": "KRR", "directions": [1]}
{"op_code": 0, "worker_id": "c591d796-1c82-4f77-9cca-075cdeb34cde-4160", "study_name": "KRR", "directions": [1]}
{"op_code": 0, "worker_id": "4f29a58d-e7d0-46fb-9a72-db618878ea97-4160", "study_name": "KRR", "directions": [1]}
{"op_code": 0, "worker_id": "eff015fe-956e-4b8d-bba9-729b2fca7d6a-4160", "study_name": "KRR", "directions": [1]}
{"op_code": 0, "worker_id": "23ab7783-7936-4815-8df2-08953a9e53a4-4160", "study_name": "KRR", "directions": [1]}
{"op_code": 0, "worker_id": "b20804a8-efed-4400-bcec-88ad8c8a25e2-4160", "study_name": "KRR", "directions": [1]}
{"op_code": 0, "worker_id": "30b5029e-c5a6-4782-96d9-79d2657994fc-4160", "study_name": "KRR", "directions": [1]}
{"op_code": 0, "worker_id": "b7920aa8-a07e-4878-a9da-f780b3c484de-4160", "study_name": "KRR", "directions": [1]}
{"op_code": 0, "worker_id": "0a73f296-fbad-470d-8ba5-92ef14add635-4160", "study_name": "KRR", "directions": [1]}
{"op_code": 0, "worker_id": "f4452b73-cc0a-4eae-9ead-16872ddbae51-4160", "study_name": "KRR", "directions": [1]}
{"op_code": 0, "worker_id": "69a01011-e7ac-4102-9326-5341bba80a13-4160", "study_name": "KRR", "directions": [1]}
{"op_code": 0, "worker_id": "335ea592-16e5-4ad0-83bf-6e3f7936138d-4160", "study_name": "KRR", "directions": [1]}
{"op_code": 0, "worker_id": "2f2d2d68-3d45-4d85-a3f8-57689ca2a76b-4160", "study_name": "KRR", "directions": [1]}
{"op_code": 0, "worker_id": "352b3e8d-3ed5-4def-ace4-bdddc2c48ed5-4160", "study_name": "KRR", "directions": [1]}
{"op_code": 0, "worker_id": "1ee3074d-dee2-4b6f-8862-b9f3d3e856d3-4160", "study_name": "KRR", "directions": [1]}
{"op_code": 0, "worker_id": "0f6a163e-7306-47d6-be81-46fc58b12b50-4160", "study_name": "KRR", "directions": [1]}
{"op_code": 0, "worker_id": "3bcca942-cf16-4a52-9c06-8264af3e7bdd-4160", "study_name": "KRR", "directions": [1]}
{"op_code": 0, "worker_id": "2773e0ce-49fb-4808-b945-781baba6b225-4160", "study_name": "KRR", "directions": [1]}
{"op_code": 0, "worker_id": "3a0375ff-bf00-43f7-9d8f-ab1d1883f2fe-4160", "study_name": "KRR", "directions": [1]}
{"op_code": 0, "worker_id": "750ccde1-a3a0-454f-b3e9-12bb57555e02-4160", "study_name": "KRR", "directions": [1]}
{"op_code": 0, "worker_id": "5de0029a-b438-4059-873f-2e7ce996c80f-4160", "study_name": "KRR", "directions": [1]}
{"op_code": 0, "worker_id": "185a90d8-eadd-4ee7-a32a-d8bfc47c2d8e-4160", "study_name": "KRR", "directions": [1]}
{"op_code": 0, "worker_id": "c3edceb2-95e3-49b9-bffa-b587b4217f8c-4160", "study_name": "KRR", "directions": [1]}
{"op_code": 0, "worker_id": "d689f7cc-703e-4547-b926-055f32b522dd-4160", "study_name": "KRR", "directions": [1]}
{"op_code": 0, "worker_id": "da6aeeae-ea85-462e-91fb-8d84de22ce5e-4160", "study_name": "KRR", "directions": [1]}
{"op_code": 0, "worker_id": "1f2de8a2-5672-445a-8d84-1858aa0bb18e-4160", "study_name": "KRR", "directions": [1]}
{"op_code": 0, "worker_id": "28f90329-49e7-45c2-8fb3-244dd8cb3ae8-4160", "study_name": "KRR", "directions": [1]}
{"op_code": 0, "worker_id": "31fcdac9-1430-4f6e-ac5d-bfd6c87af760-4160", "study_name": "KRR", "directions": [1]}
{"op_code": 0, "worker_id": "da0f0c8b-bd94-4518-9f6c-6bc40def472f-4160", "study_name": "KRR", "directions": [1]}
{"op_code": 0, "worker_id": "2973120d-c4a7-46b0-8750-154560f5ce14-4160", "study_name": "KRR", "directions": [1]}
{"op_code": 0, "worker_id": "6247d4fe-67a2-4be6-bc66-2e5995281d6c-4160", "study_name": "KRR", "directions": [1]}
{"op_code": 0, "worker_id": "1eaccc1b-2d48-4f2a-9b11-17aead32f766-4160", "study_name": "KRR", "directions": [1]}
{"op_code": 0, "worker_id": "89b0bd8a-8e2a-410b-9b9b-3d8e79e60cff-4160", "study_name": "KRR", "directions": [1]}
{"op_code": 0, "worker_id": "4d79108b-20f1-40d6-b1b1-46a96c86b5d5-4160", "study_name": "KRR", "directions": [1]}
{"op_code": 0, "worker_id": "5e44f272-1639-42b3-b913-ed40c11cd911-4160", "study_name": "KRR", "directions": [1]}
{"op_code": 0, "worker_id": "49c831ae-78c0-419c-9f53-2ceaf54ac0ca-4160", "study_name": "KRR", "directions": [1]}
{"op_code": 0, "worker_id": "638d67e3-c547-4c33-9c36-e182c11b49c7-4160", "study_name": "KRR", "directions": [1]}
{"op_code": 0, "worker_id": "f9795f1a-e5e8-4f11-8e43-38e29ded5265-4160", "study_name": "KRR", "directions": [1]}
{"op_code": 0, "worker_id": "eae0e911-167a-41c8-ac9a-ec3c0b85735b-4160", "study_name": "KRR", "directions": [1]}
{"op_code": 0, "worker_id": "609e2587-4fb0-4578-bf70-11f00b2943b6-4160", "study_name": "KRR", "directions": [1]}
{"op_code": 0, "worker_id": "07c1b3c4-2424-4c23-a68a-817f9924f692-4160", "study_name": "KRR", "directions": [1]}
{"op_code": 0, "worker_id": "a3312432-2dbb-4163-90c6-58b59e818f6d-4160", "study_name": "KRR", "directions": [1]}
