{"op_code": 0, "worker_id": "e1167681-068e-4707-8938-5e23fb6e46a8-47279818202944", "study_name": "linear", "directions": [1]}
{"op_code": 4, "worker_id": "e1167681-068e-4707-8938-5e23fb6e46a8-47280521058048", "study_id": 0, "datetime_start": "2023-11-07T17:12:22.899140"}
{"op_code": 8, "worker_id": "e1167681-068e-4707-8938-5e23fb6e46a8-47280521058048", "trial_id": 0, "user_attr": {"fit_intercept": true}}
{"op_code": 5, "worker_id": "e1167681-068e-4707-8938-5e23fb6e46a8-47280521058048", "trial_id": 0, "param_name": "alpha", "param_value_internal": 0.02380977408154973, "distribution": "{\"name\": \"FloatDistribution\", \"attributes\": {\"step\": null, \"low\": 1e-05, \"high\": 0.1, \"log\": false}}"}
{"op_code": 5, "worker_id": "e1167681-068e-4707-8938-5e23fb6e46a8-47280521058048", "trial_id": 0, "param_name": "l1_ratio", "param_value_internal": 0.48194767204709366, "distribution": "{\"name\": \"FloatDistribution\", \"attributes\": {\"step\": null, \"low\": 0.0, \"high\": 1.0, \"log\": false}}"}
{"op_code": 6, "worker_id": "e1167681-068e-4707-8938-5e23fb6e46a8-47280521058048", "trial_id": 0, "state": 1, "values": [0.21164275295371157], "datetime_complete": "2023-11-07T17:12:22.944179"}
{"op_code": 0, "worker_id": "5aec25cc-2452-41c3-9968-a3b1a16e8b8b-47279818202944", "study_name": "linear", "directions": [1]}
{"op_code": 4, "worker_id": "5aec25cc-2452-41c3-9968-a3b1a16e8b8b-47280521058048", "study_id": 0, "datetime_start": "2023-11-07T17:19:09.701380"}
{"op_code": 8, "worker_id": "5aec25cc-2452-41c3-9968-a3b1a16e8b8b-47280521058048", "trial_id": 1, "user_attr": {"fit_intercept": true}}
{"op_code": 5, "worker_id": "5aec25cc-2452-41c3-9968-a3b1a16e8b8b-47280521058048", "trial_id": 1, "param_name": "alpha", "param_value_internal": 0.04401414941785595, "distribution": "{\"name\": \"FloatDistribution\", \"attributes\": {\"step\": null, \"low\": 1e-05, \"high\": 0.1, \"log\": false}}"}
{"op_code": 5, "worker_id": "5aec25cc-2452-41c3-9968-a3b1a16e8b8b-47280521058048", "trial_id": 1, "param_name": "l1_ratio", "param_value_internal": 0.2907339073706877, "distribution": "{\"name\": \"FloatDistribution\", \"attributes\": {\"step\": null, \"low\": 0.0, \"high\": 1.0, \"log\": false}}"}
{"op_code": 6, "worker_id": "5aec25cc-2452-41c3-9968-a3b1a16e8b8b-47280521058048", "trial_id": 1, "state": 1, "values": [0.2109852727987428], "datetime_complete": "2023-11-07T17:19:09.730713"}
{"op_code": 0, "worker_id": "0e0f1bc8-7ad6-4774-b497-6d05a49fcf68-47279818202944", "study_name": "linear", "directions": [1]}
{"op_code": 4, "worker_id": "0e0f1bc8-7ad6-4774-b497-6d05a49fcf68-47280521058048", "study_id": 0, "datetime_start": "2023-11-07T17:25:58.727057"}
{"op_code": 8, "worker_id": "0e0f1bc8-7ad6-4774-b497-6d05a49fcf68-47280521058048", "trial_id": 2, "user_attr": {"fit_intercept": true}}
{"op_code": 5, "worker_id": "0e0f1bc8-7ad6-4774-b497-6d05a49fcf68-47280521058048", "trial_id": 2, "param_name": "alpha", "param_value_internal": 0.09030947034997444, "distribution": "{\"name\": \"FloatDistribution\", \"attributes\": {\"step\": null, \"low\": 1e-05, \"high\": 0.1, \"log\": false}}"}
{"op_code": 5, "worker_id": "0e0f1bc8-7ad6-4774-b497-6d05a49fcf68-47280521058048", "trial_id": 2, "param_name": "l1_ratio", "param_value_internal": 0.013383509608830613, "distribution": "{\"name\": \"FloatDistribution\", \"attributes\": {\"step\": null, \"low\": 0.0, \"high\": 1.0, \"log\": false}}"}
{"op_code": 6, "worker_id": "0e0f1bc8-7ad6-4774-b497-6d05a49fcf68-47280521058048", "trial_id": 2, "state": 1, "values": [0.21483203556520095], "datetime_complete": "2023-11-07T17:25:58.755309"}
{"op_code": 0, "worker_id": "179b9f1f-6c51-4fd0-bdba-7ad68073b10b-47279818202944", "study_name": "linear", "directions": [1]}
{"op_code": 4, "worker_id": "179b9f1f-6c51-4fd0-bdba-7ad68073b10b-47280521058048", "study_id": 0, "datetime_start": "2023-11-07T17:32:45.592569"}
{"op_code": 8, "worker_id": "179b9f1f-6c51-4fd0-bdba-7ad68073b10b-47280521058048", "trial_id": 3, "user_attr": {"fit_intercept": true}}
{"op_code": 5, "worker_id": "179b9f1f-6c51-4fd0-bdba-7ad68073b10b-47280521058048", "trial_id": 3, "param_name": "alpha", "param_value_internal": 0.01041208891772215, "distribution": "{\"name\": \"FloatDistribution\", \"attributes\": {\"step\": null, \"low\": 1e-05, \"high\": 0.1, \"log\": false}}"}
{"op_code": 5, "worker_id": "179b9f1f-6c51-4fd0-bdba-7ad68073b10b-47280521058048", "trial_id": 3, "param_name": "l1_ratio", "param_value_internal": 0.6681722015125836, "distribution": "{\"name\": \"FloatDistribution\", \"attributes\": {\"step\": null, \"low\": 0.0, \"high\": 1.0, \"log\": false}}"}
{"op_code": 6, "worker_id": "179b9f1f-6c51-4fd0-bdba-7ad68073b10b-47280521058048", "trial_id": 3, "state": 1, "values": [0.20781347182277535], "datetime_complete": "2023-11-07T17:32:45.621353"}
{"op_code": 0, "worker_id": "76ad9cce-e3e4-4475-ac60-1289e1aa4784-47817365380928", "study_name": "linear", "directions": [1]}
{"op_code": 4, "worker_id": "76ad9cce-e3e4-4475-ac60-1289e1aa4784-47818068719360", "study_id": 0, "datetime_start": "2023-11-14T15:00:29.907814"}
{"op_code": 8, "worker_id": "76ad9cce-e3e4-4475-ac60-1289e1aa4784-47818068719360", "trial_id": 4, "user_attr": {"fit_intercept": true}}
{"op_code": 5, "worker_id": "76ad9cce-e3e4-4475-ac60-1289e1aa4784-47818068719360", "trial_id": 4, "param_name": "alpha", "param_value_internal": 0.04057174307226187, "distribution": "{\"name\": \"FloatDistribution\", \"attributes\": {\"step\": null, \"low\": 1e-05, \"high\": 0.1, \"log\": false}}"}
{"op_code": 5, "worker_id": "76ad9cce-e3e4-4475-ac60-1289e1aa4784-47818068719360", "trial_id": 4, "param_name": "l1_ratio", "param_value_internal": 0.7015247776109466, "distribution": "{\"name\": \"FloatDistribution\", \"attributes\": {\"step\": null, \"low\": 0.0, \"high\": 1.0, \"log\": false}}"}
{"op_code": 6, "worker_id": "76ad9cce-e3e4-4475-ac60-1289e1aa4784-47818068719360", "trial_id": 4, "state": 1, "values": [0.2136593761392499], "datetime_complete": "2023-11-14T15:00:29.936363"}
{"op_code": 0, "worker_id": "5bdc9410-b192-426f-bb4b-4e36675e7c2a-47817365380928", "study_name": "linear", "directions": [1]}
{"op_code": 4, "worker_id": "5bdc9410-b192-426f-bb4b-4e36675e7c2a-47818068719360", "study_id": 0, "datetime_start": "2023-11-14T15:07:02.202329"}
{"op_code": 8, "worker_id": "5bdc9410-b192-426f-bb4b-4e36675e7c2a-47818068719360", "trial_id": 5, "user_attr": {"fit_intercept": true}}
{"op_code": 5, "worker_id": "5bdc9410-b192-426f-bb4b-4e36675e7c2a-47818068719360", "trial_id": 5, "param_name": "alpha", "param_value_internal": 0.09799784935880376, "distribution": "{\"name\": \"FloatDistribution\", \"attributes\": {\"step\": null, \"low\": 1e-05, \"high\": 0.1, \"log\": false}}"}
{"op_code": 5, "worker_id": "5bdc9410-b192-426f-bb4b-4e36675e7c2a-47818068719360", "trial_id": 5, "param_name": "l1_ratio", "param_value_internal": 0.5105837806967878, "distribution": "{\"name\": \"FloatDistribution\", \"attributes\": {\"step\": null, \"low\": 0.0, \"high\": 1.0, \"log\": false}}"}
{"op_code": 6, "worker_id": "5bdc9410-b192-426f-bb4b-4e36675e7c2a-47818068719360", "trial_id": 5, "state": 1, "values": [0.21946634944314702], "datetime_complete": "2023-11-14T15:07:02.232853"}
{"op_code": 0, "worker_id": "f4845eb1-5bb0-44d0-b77a-1367b5ed8b73-47817365380928", "study_name": "linear", "directions": [1]}
{"op_code": 4, "worker_id": "f4845eb1-5bb0-44d0-b77a-1367b5ed8b73-47818068719360", "study_id": 0, "datetime_start": "2023-11-14T15:13:37.725883"}
{"op_code": 8, "worker_id": "f4845eb1-5bb0-44d0-b77a-1367b5ed8b73-47818068719360", "trial_id": 6, "user_attr": {"fit_intercept": true}}
{"op_code": 5, "worker_id": "f4845eb1-5bb0-44d0-b77a-1367b5ed8b73-47818068719360", "trial_id": 6, "param_name": "alpha", "param_value_internal": 0.005202390885952892, "distribution": "{\"name\": \"FloatDistribution\", \"attributes\": {\"step\": null, \"low\": 1e-05, \"high\": 0.1, \"log\": false}}"}
{"op_code": 5, "worker_id": "f4845eb1-5bb0-44d0-b77a-1367b5ed8b73-47818068719360", "trial_id": 6, "param_name": "l1_ratio", "param_value_internal": 0.9320040354714395, "distribution": "{\"name\": \"FloatDistribution\", \"attributes\": {\"step\": null, \"low\": 0.0, \"high\": 1.0, \"log\": false}}"}
{"op_code": 6, "worker_id": "f4845eb1-5bb0-44d0-b77a-1367b5ed8b73-47818068719360", "trial_id": 6, "state": 1, "values": [0.2118146973452595], "datetime_complete": "2023-11-14T15:13:37.760759"}
{"op_code": 0, "worker_id": "48404df6-a924-4e08-a1e3-05a50faac07f-47817365380928", "study_name": "linear", "directions": [1]}
{"op_code": 4, "worker_id": "48404df6-a924-4e08-a1e3-05a50faac07f-47818068719360", "study_id": 0, "datetime_start": "2023-11-14T15:20:16.874517"}
{"op_code": 8, "worker_id": "48404df6-a924-4e08-a1e3-05a50faac07f-47818068719360", "trial_id": 7, "user_attr": {"fit_intercept": true}}
{"op_code": 5, "worker_id": "48404df6-a924-4e08-a1e3-05a50faac07f-47818068719360", "trial_id": 7, "param_name": "alpha", "param_value_internal": 0.03649386337610068, "distribution": "{\"name\": \"FloatDistribution\", \"attributes\": {\"step\": null, \"low\": 1e-05, \"high\": 0.1, \"log\": false}}"}
{"op_code": 5, "worker_id": "48404df6-a924-4e08-a1e3-05a50faac07f-47818068719360", "trial_id": 7, "param_name": "l1_ratio", "param_value_internal": 0.6147433344695155, "distribution": "{\"name\": \"FloatDistribution\", \"attributes\": {\"step\": null, \"low\": 0.0, \"high\": 1.0, \"log\": false}}"}
{"op_code": 6, "worker_id": "48404df6-a924-4e08-a1e3-05a50faac07f-47818068719360", "trial_id": 7, "state": 1, "values": [0.21115415083744948], "datetime_complete": "2023-11-14T15:20:16.915342"}
