{"op_code": 0, "worker_id": "a87c2de4-1090-4e0d-a780-f16e973e4a26-47279818202944", "study_name": "RF", "directions": [1]}
{"op_code": 4, "worker_id": "a87c2de4-1090-4e0d-a780-f16e973e4a26-47280521058048", "study_id": 0, "datetime_start": "2023-11-07T17:12:23.981644"}
{"op_code": 5, "worker_id": "a87c2de4-1090-4e0d-a780-f16e973e4a26-47280521058048", "trial_id": 0, "param_name": "n_estimators", "param_value_internal": 3, "distribution": "{\"name\": \"CategoricalDistribution\", \"attributes\": {\"choices\": [10, 20, 50, 200, 500]}}"}
{"op_code": 5, "worker_id": "a87c2de4-1090-4e0d-a780-f16e973e4a26-47280521058048", "trial_id": 0, "param_name": "max_features", "param_value_internal": 0, "distribution": "{\"name\": \"CategoricalDistribution\", \"attributes\": {\"choices\": [\"auto\", \"sqrt\", \"log2\"]}}"}
{"op_code": 5, "worker_id": "a87c2de4-1090-4e0d-a780-f16e973e4a26-47280521058048", "trial_id": 0, "param_name": "max_depth", "param_value_internal": 3, "distribution": "{\"name\": \"CategoricalDistribution\", \"attributes\": {\"choices\": [null, 2, 3, 4, 5, 10]}}"}
{"op_code": 6, "worker_id": "a87c2de4-1090-4e0d-a780-f16e973e4a26-47280521058048", "trial_id": 0, "state": 1, "values": [0.13688549824105645], "datetime_complete": "2023-11-07T17:12:26.082287"}
{"op_code": 0, "worker_id": "3232f9da-fe74-41f4-9e60-148ce15ec9a8-47279818202944", "study_name": "RF", "directions": [1]}
{"op_code": 4, "worker_id": "3232f9da-fe74-41f4-9e60-148ce15ec9a8-47280521058048", "study_id": 0, "datetime_start": "2023-11-07T17:19:10.679496"}
{"op_code": 5, "worker_id": "3232f9da-fe74-41f4-9e60-148ce15ec9a8-47280521058048", "trial_id": 1, "param_name": "n_estimators", "param_value_internal": 4, "distribution": "{\"name\": \"CategoricalDistribution\", \"attributes\": {\"choices\": [10, 20, 50, 200, 500]}}"}
{"op_code": 5, "worker_id": "3232f9da-fe74-41f4-9e60-148ce15ec9a8-47280521058048", "trial_id": 1, "param_name": "max_features", "param_value_internal": 1, "distribution": "{\"name\": \"CategoricalDistribution\", \"attributes\": {\"choices\": [\"auto\", \"sqrt\", \"log2\"]}}"}
{"op_code": 5, "worker_id": "3232f9da-fe74-41f4-9e60-148ce15ec9a8-47280521058048", "trial_id": 1, "param_name": "max_depth", "param_value_internal": 0, "distribution": "{\"name\": \"CategoricalDistribution\", \"attributes\": {\"choices\": [null, 2, 3, 4, 5, 10]}}"}
{"op_code": 6, "worker_id": "3232f9da-fe74-41f4-9e60-148ce15ec9a8-47280521058048", "trial_id": 1, "state": 1, "values": [0.15728733949029228], "datetime_complete": "2023-11-07T17:19:12.776266"}
{"op_code": 0, "worker_id": "3cfc0144-ca00-4b23-adee-d5e0553d51e6-47279818202944", "study_name": "RF", "directions": [1]}
{"op_code": 4, "worker_id": "3cfc0144-ca00-4b23-adee-d5e0553d51e6-47280521058048", "study_id": 0, "datetime_start": "2023-11-07T17:25:59.701561"}
{"op_code": 5, "worker_id": "3cfc0144-ca00-4b23-adee-d5e0553d51e6-47280521058048", "trial_id": 2, "param_name": "n_estimators", "param_value_internal": 3, "distribution": "{\"name\": \"CategoricalDistribution\", \"attributes\": {\"choices\": [10, 20, 50, 200, 500]}}"}
{"op_code": 5, "worker_id": "3cfc0144-ca00-4b23-adee-d5e0553d51e6-47280521058048", "trial_id": 2, "param_name": "max_features", "param_value_internal": 1, "distribution": "{\"name\": \"CategoricalDistribution\", \"attributes\": {\"choices\": [\"auto\", \"sqrt\", \"log2\"]}}"}
{"op_code": 5, "worker_id": "3cfc0144-ca00-4b23-adee-d5e0553d51e6-47280521058048", "trial_id": 2, "param_name": "max_depth", "param_value_internal": 1, "distribution": "{\"name\": \"CategoricalDistribution\", \"attributes\": {\"choices\": [null, 2, 3, 4, 5, 10]}}"}
{"op_code": 6, "worker_id": "3cfc0144-ca00-4b23-adee-d5e0553d51e6-47280521058048", "trial_id": 2, "state": 1, "values": [0.12796977358527464], "datetime_complete": "2023-11-07T17:26:01.825822"}
{"op_code": 0, "worker_id": "886a9eab-d43d-4e00-a119-901f7b24f89c-47279818202944", "study_name": "RF", "directions": [1]}
{"op_code": 4, "worker_id": "886a9eab-d43d-4e00-a119-901f7b24f89c-47280521058048", "study_id": 0, "datetime_start": "2023-11-07T17:32:46.578350"}
{"op_code": 5, "worker_id": "886a9eab-d43d-4e00-a119-901f7b24f89c-47280521058048", "trial_id": 3, "param_name": "n_estimators", "param_value_internal": 2, "distribution": "{\"name\": \"CategoricalDistribution\", \"attributes\": {\"choices\": [10, 20, 50, 200, 500]}}"}
{"op_code": 5, "worker_id": "886a9eab-d43d-4e00-a119-901f7b24f89c-47280521058048", "trial_id": 3, "param_name": "max_features", "param_value_internal": 2, "distribution": "{\"name\": \"CategoricalDistribution\", \"attributes\": {\"choices\": [\"auto\", \"sqrt\", \"log2\"]}}"}
{"op_code": 5, "worker_id": "886a9eab-d43d-4e00-a119-901f7b24f89c-47280521058048", "trial_id": 3, "param_name": "max_depth", "param_value_internal": 4, "distribution": "{\"name\": \"CategoricalDistribution\", \"attributes\": {\"choices\": [null, 2, 3, 4, 5, 10]}}"}
{"op_code": 6, "worker_id": "886a9eab-d43d-4e00-a119-901f7b24f89c-47280521058048", "trial_id": 3, "state": 1, "values": [0.13732930201330848], "datetime_complete": "2023-11-07T17:32:48.739127"}
{"op_code": 0, "worker_id": "e9a80d18-2b90-4b09-9d85-665bc0344ce9-47817365380928", "study_name": "RF", "directions": [1]}
{"op_code": 4, "worker_id": "e9a80d18-2b90-4b09-9d85-665bc0344ce9-47818068719360", "study_id": 0, "datetime_start": "2023-11-14T15:00:30.981222"}
{"op_code": 5, "worker_id": "e9a80d18-2b90-4b09-9d85-665bc0344ce9-47818068719360", "trial_id": 4, "param_name": "n_estimators", "param_value_internal": 4, "distribution": "{\"name\": \"CategoricalDistribution\", \"attributes\": {\"choices\": [10, 20, 50, 200, 500]}}"}
{"op_code": 5, "worker_id": "e9a80d18-2b90-4b09-9d85-665bc0344ce9-47818068719360", "trial_id": 4, "param_name": "max_features", "param_value_internal": 1, "distribution": "{\"name\": \"CategoricalDistribution\", \"attributes\": {\"choices\": [\"auto\", \"sqrt\", \"log2\"]}}"}
{"op_code": 5, "worker_id": "e9a80d18-2b90-4b09-9d85-665bc0344ce9-47818068719360", "trial_id": 4, "param_name": "max_depth", "param_value_internal": 3, "distribution": "{\"name\": \"CategoricalDistribution\", \"attributes\": {\"choices\": [null, 2, 3, 4, 5, 10]}}"}
{"op_code": 6, "worker_id": "e9a80d18-2b90-4b09-9d85-665bc0344ce9-47818068719360", "trial_id": 4, "state": 1, "values": [0.15230834616909839], "datetime_complete": "2023-11-14T15:00:33.108117"}
{"op_code": 0, "worker_id": "211f5acf-e3c9-4684-ad4a-39543fffe48e-47817365380928", "study_name": "RF", "directions": [1]}
{"op_code": 4, "worker_id": "211f5acf-e3c9-4684-ad4a-39543fffe48e-47818068719360", "study_id": 0, "datetime_start": "2023-11-14T15:07:03.197754"}
{"op_code": 5, "worker_id": "211f5acf-e3c9-4684-ad4a-39543fffe48e-47818068719360", "trial_id": 5, "param_name": "n_estimators", "param_value_internal": 2, "distribution": "{\"name\": \"CategoricalDistribution\", \"attributes\": {\"choices\": [10, 20, 50, 200, 500]}}"}
{"op_code": 5, "worker_id": "211f5acf-e3c9-4684-ad4a-39543fffe48e-47818068719360", "trial_id": 5, "param_name": "max_features", "param_value_internal": 0, "distribution": "{\"name\": \"CategoricalDistribution\", \"attributes\": {\"choices\": [\"auto\", \"sqrt\", \"log2\"]}}"}
{"op_code": 5, "worker_id": "211f5acf-e3c9-4684-ad4a-39543fffe48e-47818068719360", "trial_id": 5, "param_name": "max_depth", "param_value_internal": 5, "distribution": "{\"name\": \"CategoricalDistribution\", \"attributes\": {\"choices\": [null, 2, 3, 4, 5, 10]}}"}
{"op_code": 6, "worker_id": "211f5acf-e3c9-4684-ad4a-39543fffe48e-47818068719360", "trial_id": 5, "state": 1, "values": [0.136566136205397], "datetime_complete": "2023-11-14T15:07:05.326053"}
{"op_code": 0, "worker_id": "243218b9-8a4d-4f1b-8b57-556e07b89b8f-47817365380928", "study_name": "RF", "directions": [1]}
{"op_code": 4, "worker_id": "243218b9-8a4d-4f1b-8b57-556e07b89b8f-47818068719360", "study_id": 0, "datetime_start": "2023-11-14T15:13:38.740459"}
{"op_code": 5, "worker_id": "243218b9-8a4d-4f1b-8b57-556e07b89b8f-47818068719360", "trial_id": 6, "param_name": "n_estimators", "param_value_internal": 0, "distribution": "{\"name\": \"CategoricalDistribution\", \"attributes\": {\"choices\": [10, 20, 50, 200, 500]}}"}
{"op_code": 5, "worker_id": "243218b9-8a4d-4f1b-8b57-556e07b89b8f-47818068719360", "trial_id": 6, "param_name": "max_features", "param_value_internal": 2, "distribution": "{\"name\": \"CategoricalDistribution\", \"attributes\": {\"choices\": [\"auto\", \"sqrt\", \"log2\"]}}"}
{"op_code": 5, "worker_id": "243218b9-8a4d-4f1b-8b57-556e07b89b8f-47818068719360", "trial_id": 6, "param_name": "max_depth", "param_value_internal": 4, "distribution": "{\"name\": \"CategoricalDistribution\", \"attributes\": {\"choices\": [null, 2, 3, 4, 5, 10]}}"}
{"op_code": 6, "worker_id": "243218b9-8a4d-4f1b-8b57-556e07b89b8f-47818068719360", "trial_id": 6, "state": 1, "values": [0.1517630764265438], "datetime_complete": "2023-11-14T15:13:40.873777"}
{"op_code": 0, "worker_id": "7ed6b2f0-584f-4237-82be-74249e2386ff-47817365380928", "study_name": "RF", "directions": [1]}
{"op_code": 4, "worker_id": "7ed6b2f0-584f-4237-82be-74249e2386ff-47818068719360", "study_id": 0, "datetime_start": "2023-11-14T15:20:17.911189"}
{"op_code": 5, "worker_id": "7ed6b2f0-584f-4237-82be-74249e2386ff-47818068719360", "trial_id": 7, "param_name": "n_estimators", "param_value_internal": 0, "distribution": "{\"name\": \"CategoricalDistribution\", \"attributes\": {\"choices\": [10, 20, 50, 200, 500]}}"}
{"op_code": 5, "worker_id": "7ed6b2f0-584f-4237-82be-74249e2386ff-47818068719360", "trial_id": 7, "param_name": "max_features", "param_value_internal": 1, "distribution": "{\"name\": \"CategoricalDistribution\", \"attributes\": {\"choices\": [\"auto\", \"sqrt\", \"log2\"]}}"}
{"op_code": 5, "worker_id": "7ed6b2f0-584f-4237-82be-74249e2386ff-47818068719360", "trial_id": 7, "param_name": "max_depth", "param_value_internal": 3, "distribution": "{\"name\": \"CategoricalDistribution\", \"attributes\": {\"choices\": [null, 2, 3, 4, 5, 10]}}"}
{"op_code": 6, "worker_id": "7ed6b2f0-584f-4237-82be-74249e2386ff-47818068719360", "trial_id": 7, "state": 1, "values": [0.1591702103910981], "datetime_complete": "2023-11-14T15:20:20.045505"}
