{"op_code": 0, "worker_id": "3316334e-998b-4413-b8ff-f989e9eb2b6b-47614746832704", "study_name": "GB", "directions": [1]}
{"op_code": 4, "worker_id": "3316334e-998b-4413-b8ff-f989e9eb2b6b-47615450679040", "study_id": 0, "datetime_start": "2023-11-07T06:59:44.862260"}
{"op_code": 5, "worker_id": "3316334e-998b-4413-b8ff-f989e9eb2b6b-47615450679040", "trial_id": 0, "param_name": "n_estimators", "param_value_internal": 0, "distribution": "{\"name\": \"CategoricalDistribution\", \"attributes\": {\"choices\": [10, 20, 50, 200, 500]}}"}
{"op_code": 5, "worker_id": "3316334e-998b-4413-b8ff-f989e9eb2b6b-47615450679040", "trial_id": 0, "param_name": "learning_rate", "param_value_internal": 0.4897323907681564, "distribution": "{\"name\": \"FloatDistribution\", \"attributes\": {\"step\": null, \"low\": 0.005, \"high\": 1.0, \"log\": false}}"}
{"op_code": 5, "worker_id": "3316334e-998b-4413-b8ff-f989e9eb2b6b-47615450679040", "trial_id": 0, "param_name": "max_depth", "param_value_internal": 1, "distribution": "{\"name\": \"CategoricalDistribution\", \"attributes\": {\"choices\": [1, 2, 3, 4, 5]}}"}
{"op_code": 6, "worker_id": "3316334e-998b-4413-b8ff-f989e9eb2b6b-47615450679040", "trial_id": 0, "state": 1, "values": [0.24325074307290098], "datetime_complete": "2023-11-07T06:59:54.755313"}
{"op_code": 0, "worker_id": "feee59f7-4e64-4b3e-b0de-da5f4621f2a1-6812", "study_name": "GB", "directions": [1]}
{"op_code": 4, "worker_id": "feee59f7-4e64-4b3e-b0de-da5f4621f2a1-7556", "study_id": 0, "datetime_start": "2023-11-07T16:58:32.400173"}
{"op_code": 4, "worker_id": "feee59f7-4e64-4b3e-b0de-da5f4621f2a1-8848", "study_id": 0, "datetime_start": "2023-11-07T16:58:32.408175"}
{"op_code": 4, "worker_id": "feee59f7-4e64-4b3e-b0de-da5f4621f2a1-12204", "study_id": 0, "datetime_start": "2023-11-07T16:58:32.409175"}
{"op_code": 4, "worker_id": "feee59f7-4e64-4b3e-b0de-da5f4621f2a1-15984", "study_id": 0, "datetime_start": "2023-11-07T16:58:32.409175"}
{"op_code": 4, "worker_id": "feee59f7-4e64-4b3e-b0de-da5f4621f2a1-17020", "study_id": 0, "datetime_start": "2023-11-07T16:58:32.409175"}
{"op_code": 5, "worker_id": "feee59f7-4e64-4b3e-b0de-da5f4621f2a1-7556", "trial_id": 1, "param_name": "n_estimators", "param_value_internal": 4, "distribution": "{\"name\": \"CategoricalDistribution\", \"attributes\": {\"choices\": [10, 20, 50, 200, 500]}}"}
{"op_code": 5, "worker_id": "feee59f7-4e64-4b3e-b0de-da5f4621f2a1-7556", "trial_id": 1, "param_name": "learning_rate", "param_value_internal": 0.6524900315711519, "distribution": "{\"name\": \"FloatDistribution\", \"attributes\": {\"step\": null, \"low\": 0.005, \"high\": 1.0, \"log\": false}}"}
{"op_code": 5, "worker_id": "feee59f7-4e64-4b3e-b0de-da5f4621f2a1-8848", "trial_id": 2, "param_name": "n_estimators", "param_value_internal": 0, "distribution": "{\"name\": \"CategoricalDistribution\", \"attributes\": {\"choices\": [10, 20, 50, 200, 500]}}"}
{"op_code": 5, "worker_id": "feee59f7-4e64-4b3e-b0de-da5f4621f2a1-12204", "trial_id": 3, "param_name": "n_estimators", "param_value_internal": 4, "distribution": "{\"name\": \"CategoricalDistribution\", \"attributes\": {\"choices\": [10, 20, 50, 200, 500]}}"}
{"op_code": 5, "worker_id": "feee59f7-4e64-4b3e-b0de-da5f4621f2a1-15984", "trial_id": 4, "param_name": "n_estimators", "param_value_internal": 0, "distribution": "{\"name\": \"CategoricalDistribution\", \"attributes\": {\"choices\": [10, 20, 50, 200, 500]}}"}
{"op_code": 5, "worker_id": "feee59f7-4e64-4b3e-b0de-da5f4621f2a1-17020", "trial_id": 5, "param_name": "n_estimators", "param_value_internal": 2, "distribution": "{\"name\": \"CategoricalDistribution\", \"attributes\": {\"choices\": [10, 20, 50, 200, 500]}}"}
{"op_code": 5, "worker_id": "feee59f7-4e64-4b3e-b0de-da5f4621f2a1-7556", "trial_id": 1, "param_name": "max_depth", "param_value_internal": 0, "distribution": "{\"name\": \"CategoricalDistribution\", \"attributes\": {\"choices\": [1, 2, 3, 4, 5]}}"}
{"op_code": 5, "worker_id": "feee59f7-4e64-4b3e-b0de-da5f4621f2a1-8848", "trial_id": 2, "param_name": "learning_rate", "param_value_internal": 0.6409247073186912, "distribution": "{\"name\": \"FloatDistribution\", \"attributes\": {\"step\": null, \"low\": 0.005, \"high\": 1.0, \"log\": false}}"}
{"op_code": 5, "worker_id": "feee59f7-4e64-4b3e-b0de-da5f4621f2a1-12204", "trial_id": 3, "param_name": "learning_rate", "param_value_internal": 0.1894721767693255, "distribution": "{\"name\": \"FloatDistribution\", \"attributes\": {\"step\": null, \"low\": 0.005, \"high\": 1.0, \"log\": false}}"}
{"op_code": 5, "worker_id": "feee59f7-4e64-4b3e-b0de-da5f4621f2a1-15984", "trial_id": 4, "param_name": "learning_rate", "param_value_internal": 0.6834045454417949, "distribution": "{\"name\": \"FloatDistribution\", \"attributes\": {\"step\": null, \"low\": 0.005, \"high\": 1.0, \"log\": false}}"}
{"op_code": 5, "worker_id": "feee59f7-4e64-4b3e-b0de-da5f4621f2a1-17020", "trial_id": 5, "param_name": "learning_rate", "param_value_internal": 0.24236344823206735, "distribution": "{\"name\": \"FloatDistribution\", \"attributes\": {\"step\": null, \"low\": 0.005, \"high\": 1.0, \"log\": false}}"}
{"op_code": 5, "worker_id": "feee59f7-4e64-4b3e-b0de-da5f4621f2a1-8848", "trial_id": 2, "param_name": "max_depth", "param_value_internal": 2, "distribution": "{\"name\": \"CategoricalDistribution\", \"attributes\": {\"choices\": [1, 2, 3, 4, 5]}}"}
{"op_code": 5, "worker_id": "feee59f7-4e64-4b3e-b0de-da5f4621f2a1-12204", "trial_id": 3, "param_name": "max_depth", "param_value_internal": 1, "distribution": "{\"name\": \"CategoricalDistribution\", \"attributes\": {\"choices\": [1, 2, 3, 4, 5]}}"}
{"op_code": 5, "worker_id": "feee59f7-4e64-4b3e-b0de-da5f4621f2a1-15984", "trial_id": 4, "param_name": "max_depth", "param_value_internal": 4, "distribution": "{\"name\": \"CategoricalDistribution\", \"attributes\": {\"choices\": [1, 2, 3, 4, 5]}}"}
{"op_code": 5, "worker_id": "feee59f7-4e64-4b3e-b0de-da5f4621f2a1-17020", "trial_id": 5, "param_name": "max_depth", "param_value_internal": 2, "distribution": "{\"name\": \"CategoricalDistribution\", \"attributes\": {\"choices\": [1, 2, 3, 4, 5]}}"}
{"op_code": 6, "worker_id": "feee59f7-4e64-4b3e-b0de-da5f4621f2a1-7556", "trial_id": 1, "state": 1, "values": [0.24279751694094356], "datetime_complete": "2023-11-07T16:58:39.219396"}
{"op_code": 6, "worker_id": "feee59f7-4e64-4b3e-b0de-da5f4621f2a1-12204", "trial_id": 3, "state": 1, "values": [0.24286841783059207], "datetime_complete": "2023-11-07T16:58:39.260405"}
{"op_code": 6, "worker_id": "feee59f7-4e64-4b3e-b0de-da5f4621f2a1-17020", "trial_id": 5, "state": 1, "values": [0.24268398989185572], "datetime_complete": "2023-11-07T16:58:39.273407"}
{"op_code": 6, "worker_id": "feee59f7-4e64-4b3e-b0de-da5f4621f2a1-15984", "trial_id": 4, "state": 1, "values": [0.24396560951895788], "datetime_complete": "2023-11-07T16:58:39.282409"}
{"op_code": 6, "worker_id": "feee59f7-4e64-4b3e-b0de-da5f4621f2a1-8848", "trial_id": 2, "state": 1, "values": [0.24279467941288244], "datetime_complete": "2023-11-07T16:58:39.304415"}
