{"op_code": 0, "worker_id": "df7eb0a6-5b83-451c-bc14-56175a0299f1-47614746832704", "study_name": "KRR", "directions": [1]}
{"op_code": 4, "worker_id": "df7eb0a6-5b83-451c-bc14-56175a0299f1-47615450679040", "study_id": 0, "datetime_start": "2023-11-07T06:59:43.447849"}
{"op_code": 5, "worker_id": "df7eb0a6-5b83-451c-bc14-56175a0299f1-47615450679040", "trial_id": 0, "param_name": "alpha", "param_value_internal": 0.01570835404093445, "distribution": "{\"name\": \"FloatDistribution\", \"attributes\": {\"step\": null, \"low\": 0.0001, \"high\": 1.0, \"log\": false}}"}
{"op_code": 5, "worker_id": "df7eb0a6-5b83-451c-bc14-56175a0299f1-47615450679040", "trial_id": 0, "param_name": "gamma", "param_value_internal": 7.822706441110156e-15, "distribution": "{\"name\": \"FloatDistribution\", \"attributes\": {\"step\": null, \"low\": 0.0, \"high\": 1e-14, \"log\": false}}"}
{"op_code": 5, "worker_id": "df7eb0a6-5b83-451c-bc14-56175a0299f1-47615450679040", "trial_id": 0, "param_name": "kernel", "param_value_internal": 0, "distribution": "{\"name\": \"CategoricalDistribution\", \"attributes\": {\"choices\": [\"linear\", \"laplacian\", \"rbf\"]}}"}
{"op_code": 6, "worker_id": "df7eb0a6-5b83-451c-bc14-56175a0299f1-47615450679040", "trial_id": 0, "state": 1, "values": [0.25071909462912334], "datetime_complete": "2023-11-07T06:59:44.848061"}
{"op_code": 0, "worker_id": "29b0568d-9e18-4b27-9b5e-80c807cacbbe-6812", "study_name": "KRR", "directions": [1]}
{"op_code": 4, "worker_id": "29b0568d-9e18-4b27-9b5e-80c807cacbbe-17256", "study_id": 0, "datetime_start": "2023-11-07T16:58:30.453071"}
{"op_code": 4, "worker_id": "29b0568d-9e18-4b27-9b5e-80c807cacbbe-10832", "study_id": 0, "datetime_start": "2023-11-07T16:58:30.461073"}
{"op_code": 4, "worker_id": "29b0568d-9e18-4b27-9b5e-80c807cacbbe-20104", "study_id": 0, "datetime_start": "2023-11-07T16:58:30.461073"}
{"op_code": 4, "worker_id": "29b0568d-9e18-4b27-9b5e-80c807cacbbe-18936", "study_id": 0, "datetime_start": "2023-11-07T16:58:30.462074"}
{"op_code": 4, "worker_id": "29b0568d-9e18-4b27-9b5e-80c807cacbbe-22940", "study_id": 0, "datetime_start": "2023-11-07T16:58:30.462074"}
{"op_code": 5, "worker_id": "29b0568d-9e18-4b27-9b5e-80c807cacbbe-17256", "trial_id": 1, "param_name": "alpha", "param_value_internal": 0.9888661791762672, "distribution": "{\"name\": \"FloatDistribution\", \"attributes\": {\"step\": null, \"low\": 0.0001, \"high\": 1.0, \"log\": false}}"}
{"op_code": 5, "worker_id": "29b0568d-9e18-4b27-9b5e-80c807cacbbe-17256", "trial_id": 1, "param_name": "gamma", "param_value_internal": 3.932500922970952e-15, "distribution": "{\"name\": \"FloatDistribution\", \"attributes\": {\"step\": null, \"low\": 0.0, \"high\": 1e-14, \"log\": false}}"}
{"op_code": 5, "worker_id": "29b0568d-9e18-4b27-9b5e-80c807cacbbe-10832", "trial_id": 2, "param_name": "alpha", "param_value_internal": 0.8248259790726397, "distribution": "{\"name\": \"FloatDistribution\", \"attributes\": {\"step\": null, \"low\": 0.0001, \"high\": 1.0, \"log\": false}}"}
{"op_code": 5, "worker_id": "29b0568d-9e18-4b27-9b5e-80c807cacbbe-20104", "trial_id": 3, "param_name": "alpha", "param_value_internal": 0.2656522764661112, "distribution": "{\"name\": \"FloatDistribution\", \"attributes\": {\"step\": null, \"low\": 0.0001, \"high\": 1.0, \"log\": false}}"}
{"op_code": 5, "worker_id": "29b0568d-9e18-4b27-9b5e-80c807cacbbe-18936", "trial_id": 4, "param_name": "alpha", "param_value_internal": 0.5966242964285897, "distribution": "{\"name\": \"FloatDistribution\", \"attributes\": {\"step\": null, \"low\": 0.0001, \"high\": 1.0, \"log\": false}}"}
{"op_code": 5, "worker_id": "29b0568d-9e18-4b27-9b5e-80c807cacbbe-22940", "trial_id": 5, "param_name": "alpha", "param_value_internal": 0.15557186692764016, "distribution": "{\"name\": \"FloatDistribution\", \"attributes\": {\"step\": null, \"low\": 0.0001, \"high\": 1.0, \"log\": false}}"}
{"op_code": 5, "worker_id": "29b0568d-9e18-4b27-9b5e-80c807cacbbe-17256", "trial_id": 1, "param_name": "kernel", "param_value_internal": 1, "distribution": "{\"name\": \"CategoricalDistribution\", \"attributes\": {\"choices\": [\"linear\", \"laplacian\", \"rbf\"]}}"}
{"op_code": 5, "worker_id": "29b0568d-9e18-4b27-9b5e-80c807cacbbe-10832", "trial_id": 2, "param_name": "gamma", "param_value_internal": 2.4820044367613604e-15, "distribution": "{\"name\": \"FloatDistribution\", \"attributes\": {\"step\": null, \"low\": 0.0, \"high\": 1e-14, \"log\": false}}"}
{"op_code": 5, "worker_id": "29b0568d-9e18-4b27-9b5e-80c807cacbbe-20104", "trial_id": 3, "param_name": "gamma", "param_value_internal": 5.757757311127301e-15, "distribution": "{\"name\": \"FloatDistribution\", \"attributes\": {\"step\": null, \"low\": 0.0, \"high\": 1e-14, \"log\": false}}"}
{"op_code": 5, "worker_id": "29b0568d-9e18-4b27-9b5e-80c807cacbbe-18936", "trial_id": 4, "param_name": "gamma", "param_value_internal": 9.30799041528639e-15, "distribution": "{\"name\": \"FloatDistribution\", \"attributes\": {\"step\": null, \"low\": 0.0, \"high\": 1e-14, \"log\": false}}"}
{"op_code": 5, "worker_id": "29b0568d-9e18-4b27-9b5e-80c807cacbbe-22940", "trial_id": 5, "param_name": "gamma", "param_value_internal": 4.261931217907611e-15, "distribution": "{\"name\": \"FloatDistribution\", \"attributes\": {\"step\": null, \"low\": 0.0, \"high\": 1e-14, \"log\": false}}"}
{"op_code": 5, "worker_id": "29b0568d-9e18-4b27-9b5e-80c807cacbbe-10832", "trial_id": 2, "param_name": "kernel", "param_value_internal": 2, "distribution": "{\"name\": \"CategoricalDistribution\", \"attributes\": {\"choices\": [\"linear\", \"laplacian\", \"rbf\"]}}"}
{"op_code": 5, "worker_id": "29b0568d-9e18-4b27-9b5e-80c807cacbbe-20104", "trial_id": 3, "param_name": "kernel", "param_value_internal": 0, "distribution": "{\"name\": \"CategoricalDistribution\", \"attributes\": {\"choices\": [\"linear\", \"laplacian\", \"rbf\"]}}"}
{"op_code": 5, "worker_id": "29b0568d-9e18-4b27-9b5e-80c807cacbbe-18936", "trial_id": 4, "param_name": "kernel", "param_value_internal": 0, "distribution": "{\"name\": \"CategoricalDistribution\", \"attributes\": {\"choices\": [\"linear\", \"laplacian\", \"rbf\"]}}"}
{"op_code": 5, "worker_id": "29b0568d-9e18-4b27-9b5e-80c807cacbbe-22940", "trial_id": 5, "param_name": "kernel", "param_value_internal": 0, "distribution": "{\"name\": \"CategoricalDistribution\", \"attributes\": {\"choices\": [\"linear\", \"laplacian\", \"rbf\"]}}"}
{"op_code": 6, "worker_id": "29b0568d-9e18-4b27-9b5e-80c807cacbbe-17256", "trial_id": 1, "state": 1, "values": [0.25069461193871984], "datetime_complete": "2023-11-07T16:58:32.122111"}
{"op_code": 6, "worker_id": "29b0568d-9e18-4b27-9b5e-80c807cacbbe-10832", "trial_id": 2, "state": 1, "values": [0.25184129944234385], "datetime_complete": "2023-11-07T16:58:32.301151"}
{"op_code": 6, "worker_id": "29b0568d-9e18-4b27-9b5e-80c807cacbbe-20104", "trial_id": 3, "state": 1, "values": [0.2504517782209816], "datetime_complete": "2023-11-07T16:58:32.302151"}
{"op_code": 6, "worker_id": "29b0568d-9e18-4b27-9b5e-80c807cacbbe-22940", "trial_id": 5, "state": 1, "values": [0.2512063917012426], "datetime_complete": "2023-11-07T16:58:32.357164"}
{"op_code": 6, "worker_id": "29b0568d-9e18-4b27-9b5e-80c807cacbbe-18936", "trial_id": 4, "state": 1, "values": [0.2507839939742647], "datetime_complete": "2023-11-07T16:58:32.367165"}
{"op_code": 0, "worker_id": "d1abf4a2-a846-49e4-b4f8-a5ccafa6a546-47279818202944", "study_name": "KRR", "directions": [1]}
{"op_code": 4, "worker_id": "d1abf4a2-a846-49e4-b4f8-a5ccafa6a546-47280521058048", "study_id": 0, "datetime_start": "2023-11-07T17:07:21.405056"}
{"op_code": 5, "worker_id": "d1abf4a2-a846-49e4-b4f8-a5ccafa6a546-47280521058048", "trial_id": 6, "param_name": "alpha", "param_value_internal": 0.6642718482318362, "distribution": "{\"name\": \"FloatDistribution\", \"attributes\": {\"step\": null, \"low\": 0.0001, \"high\": 1.0, \"log\": false}}"}
{"op_code": 5, "worker_id": "d1abf4a2-a846-49e4-b4f8-a5ccafa6a546-47280521058048", "trial_id": 6, "param_name": "gamma", "param_value_internal": 1.4331350689088363e-15, "distribution": "{\"name\": \"FloatDistribution\", \"attributes\": {\"step\": null, \"low\": 0.0, \"high\": 1e-14, \"log\": false}}"}
{"op_code": 5, "worker_id": "d1abf4a2-a846-49e4-b4f8-a5ccafa6a546-47280521058048", "trial_id": 6, "param_name": "kernel", "param_value_internal": 1, "distribution": "{\"name\": \"CategoricalDistribution\", \"attributes\": {\"choices\": [\"linear\", \"laplacian\", \"rbf\"]}}"}
{"op_code": 6, "worker_id": "d1abf4a2-a846-49e4-b4f8-a5ccafa6a546-47280521058048", "trial_id": 6, "state": 1, "values": [0.2495241394316322], "datetime_complete": "2023-11-07T17:07:22.652700"}
{"op_code": 0, "worker_id": "a428ea19-612b-4165-990b-d85e907a7c8b-47279818202944", "study_name": "KRR", "directions": [1]}
{"op_code": 4, "worker_id": "a428ea19-612b-4165-990b-d85e907a7c8b-47280521058048", "study_id": 0, "datetime_start": "2023-11-07T17:14:02.599108"}
{"op_code": 5, "worker_id": "a428ea19-612b-4165-990b-d85e907a7c8b-47280521058048", "trial_id": 7, "param_name": "alpha", "param_value_internal": 0.026226321567364246, "distribution": "{\"name\": \"FloatDistribution\", \"attributes\": {\"step\": null, \"low\": 0.0001, \"high\": 1.0, \"log\": false}}"}
{"op_code": 5, "worker_id": "a428ea19-612b-4165-990b-d85e907a7c8b-47280521058048", "trial_id": 7, "param_name": "gamma", "param_value_internal": 4.034306813736791e-15, "distribution": "{\"name\": \"FloatDistribution\", \"attributes\": {\"step\": null, \"low\": 0.0, \"high\": 1e-14, \"log\": false}}"}
{"op_code": 5, "worker_id": "a428ea19-612b-4165-990b-d85e907a7c8b-47280521058048", "trial_id": 7, "param_name": "kernel", "param_value_internal": 1, "distribution": "{\"name\": \"CategoricalDistribution\", \"attributes\": {\"choices\": [\"linear\", \"laplacian\", \"rbf\"]}}"}
{"op_code": 6, "worker_id": "a428ea19-612b-4165-990b-d85e907a7c8b-47280521058048", "trial_id": 7, "state": 1, "values": [0.2513061102800583], "datetime_complete": "2023-11-07T17:14:03.553827"}
{"op_code": 0, "worker_id": "beed386f-6746-4691-8fd5-88d68d0675ac-47279818202944", "study_name": "KRR", "directions": [1]}
{"op_code": 4, "worker_id": "beed386f-6746-4691-8fd5-88d68d0675ac-47280521058048", "study_id": 0, "datetime_start": "2023-11-07T17:20:48.232292"}
{"op_code": 5, "worker_id": "beed386f-6746-4691-8fd5-88d68d0675ac-47280521058048", "trial_id": 8, "param_name": "alpha", "param_value_internal": 0.8422270835100318, "distribution": "{\"name\": \"FloatDistribution\", \"attributes\": {\"step\": null, \"low\": 0.0001, \"high\": 1.0, \"log\": false}}"}
{"op_code": 5, "worker_id": "beed386f-6746-4691-8fd5-88d68d0675ac-47280521058048", "trial_id": 8, "param_name": "gamma", "param_value_internal": 3.692406149456366e-15, "distribution": "{\"name\": \"FloatDistribution\", \"attributes\": {\"step\": null, \"low\": 0.0, \"high\": 1e-14, \"log\": false}}"}
{"op_code": 5, "worker_id": "beed386f-6746-4691-8fd5-88d68d0675ac-47280521058048", "trial_id": 8, "param_name": "kernel", "param_value_internal": 0, "distribution": "{\"name\": \"CategoricalDistribution\", \"attributes\": {\"choices\": [\"linear\", \"laplacian\", \"rbf\"]}}"}
{"op_code": 6, "worker_id": "beed386f-6746-4691-8fd5-88d68d0675ac-47280521058048", "trial_id": 8, "state": 1, "values": [0.25067868000303], "datetime_complete": "2023-11-07T17:20:49.260811"}
{"op_code": 0, "worker_id": "e68fbaff-0f14-4706-b823-211f86baacab-47279818202944", "study_name": "KRR", "directions": [1]}
{"op_code": 4, "worker_id": "e68fbaff-0f14-4706-b823-211f86baacab-47280521058048", "study_id": 0, "datetime_start": "2023-11-07T17:27:38.437377"}
{"op_code": 5, "worker_id": "e68fbaff-0f14-4706-b823-211f86baacab-47280521058048", "trial_id": 9, "param_name": "alpha", "param_value_internal": 0.16724642813786772, "distribution": "{\"name\": \"FloatDistribution\", \"attributes\": {\"step\": null, \"low\": 0.0001, \"high\": 1.0, \"log\": false}}"}
{"op_code": 5, "worker_id": "e68fbaff-0f14-4706-b823-211f86baacab-47280521058048", "trial_id": 9, "param_name": "gamma", "param_value_internal": 7.076526300697528e-15, "distribution": "{\"name\": \"FloatDistribution\", \"attributes\": {\"step\": null, \"low\": 0.0, \"high\": 1e-14, \"log\": false}}"}
{"op_code": 5, "worker_id": "e68fbaff-0f14-4706-b823-211f86baacab-47280521058048", "trial_id": 9, "param_name": "kernel", "param_value_internal": 0, "distribution": "{\"name\": \"CategoricalDistribution\", \"attributes\": {\"choices\": [\"linear\", \"laplacian\", \"rbf\"]}}"}
{"op_code": 6, "worker_id": "e68fbaff-0f14-4706-b823-211f86baacab-47280521058048", "trial_id": 9, "state": 1, "values": [0.2510525277240572], "datetime_complete": "2023-11-07T17:27:39.385498"}
{"op_code": 0, "worker_id": "fac7b255-8240-492b-a1e1-6a951faddffd-47279818202944", "study_name": "KRR", "directions": [1]}
{"op_code": 4, "worker_id": "fac7b255-8240-492b-a1e1-6a951faddffd-47280521058048", "study_id": 0, "datetime_start": "2023-11-07T17:34:26.013226"}
{"op_code": 5, "worker_id": "fac7b255-8240-492b-a1e1-6a951faddffd-47280521058048", "trial_id": 10, "param_name": "alpha", "param_value_internal": 0.49229630206145497, "distribution": "{\"name\": \"FloatDistribution\", \"attributes\": {\"step\": null, \"low\": 0.0001, \"high\": 1.0, \"log\": false}}"}
{"op_code": 5, "worker_id": "fac7b255-8240-492b-a1e1-6a951faddffd-47280521058048", "trial_id": 10, "param_name": "gamma", "param_value_internal": 6.03201308922029e-16, "distribution": "{\"name\": \"FloatDistribution\", \"attributes\": {\"step\": null, \"low\": 0.0, \"high\": 1e-14, \"log\": false}}"}
{"op_code": 5, "worker_id": "fac7b255-8240-492b-a1e1-6a951faddffd-47280521058048", "trial_id": 10, "param_name": "kernel", "param_value_internal": 1, "distribution": "{\"name\": \"CategoricalDistribution\", \"attributes\": {\"choices\": [\"linear\", \"laplacian\", \"rbf\"]}}"}
{"op_code": 6, "worker_id": "fac7b255-8240-492b-a1e1-6a951faddffd-47280521058048", "trial_id": 10, "state": 1, "values": [0.2511275472141119], "datetime_complete": "2023-11-07T17:34:27.062158"}
