{"op_code": 0, "worker_id": "28dfa956-1e08-47a4-a7d7-6ace718468bd-47614746832704", "study_name": "linear", "directions": [1]}
{"op_code": 4, "worker_id": "28dfa956-1e08-47a4-a7d7-6ace718468bd-47615450679040", "study_id": 0, "datetime_start": "2023-11-07T06:59:43.339028"}
{"op_code": 8, "worker_id": "28dfa956-1e08-47a4-a7d7-6ace718468bd-47615450679040", "trial_id": 0, "user_attr": {"fit_intercept": true}}
{"op_code": 5, "worker_id": "28dfa956-1e08-47a4-a7d7-6ace718468bd-47615450679040", "trial_id": 0, "param_name": "alpha", "param_value_internal": 0.04588718254929375, "distribution": "{\"name\": \"FloatDistribution\", \"attributes\": {\"step\": null, \"low\": 1e-05, \"high\": 0.1, \"log\": false}}"}
{"op_code": 5, "worker_id": "28dfa956-1e08-47a4-a7d7-6ace718468bd-47615450679040", "trial_id": 0, "param_name": "l1_ratio", "param_value_internal": 0.5660962935955843, "distribution": "{\"name\": \"FloatDistribution\", \"attributes\": {\"step\": null, \"low\": 0.0, \"high\": 1.0, \"log\": false}}"}
{"op_code": 6, "worker_id": "28dfa956-1e08-47a4-a7d7-6ace718468bd-47615450679040", "trial_id": 0, "state": 1, "values": [0.25709786157972925], "datetime_complete": "2023-11-07T06:59:43.425045"}
{"op_code": 0, "worker_id": "85f5cc46-ded2-4d6b-a173-9af2f016a3ed-6812", "study_name": "linear", "directions": [1]}
{"op_code": 4, "worker_id": "85f5cc46-ded2-4d6b-a173-9af2f016a3ed-12792", "study_id": 0, "datetime_start": "2023-11-07T16:58:30.121997"}
{"op_code": 4, "worker_id": "85f5cc46-ded2-4d6b-a173-9af2f016a3ed-22128", "study_id": 0, "datetime_start": "2023-11-07T16:58:30.130999"}
{"op_code": 4, "worker_id": "85f5cc46-ded2-4d6b-a173-9af2f016a3ed-5080", "study_id": 0, "datetime_start": "2023-11-07T16:58:30.132001"}
{"op_code": 4, "worker_id": "85f5cc46-ded2-4d6b-a173-9af2f016a3ed-9232", "study_id": 0, "datetime_start": "2023-11-07T16:58:30.132001"}
{"op_code": 4, "worker_id": "85f5cc46-ded2-4d6b-a173-9af2f016a3ed-11468", "study_id": 0, "datetime_start": "2023-11-07T16:58:30.132001"}
{"op_code": 8, "worker_id": "85f5cc46-ded2-4d6b-a173-9af2f016a3ed-12792", "trial_id": 1, "user_attr": {"fit_intercept": true}}
{"op_code": 8, "worker_id": "85f5cc46-ded2-4d6b-a173-9af2f016a3ed-22128", "trial_id": 2, "user_attr": {"fit_intercept": true}}
{"op_code": 8, "worker_id": "85f5cc46-ded2-4d6b-a173-9af2f016a3ed-5080", "trial_id": 3, "user_attr": {"fit_intercept": true}}
{"op_code": 8, "worker_id": "85f5cc46-ded2-4d6b-a173-9af2f016a3ed-9232", "trial_id": 4, "user_attr": {"fit_intercept": true}}
{"op_code": 8, "worker_id": "85f5cc46-ded2-4d6b-a173-9af2f016a3ed-11468", "trial_id": 5, "user_attr": {"fit_intercept": true}}
{"op_code": 5, "worker_id": "85f5cc46-ded2-4d6b-a173-9af2f016a3ed-12792", "trial_id": 1, "param_name": "alpha", "param_value_internal": 0.08983410735357115, "distribution": "{\"name\": \"FloatDistribution\", \"attributes\": {\"step\": null, \"low\": 1e-05, \"high\": 0.1, \"log\": false}}"}
{"op_code": 5, "worker_id": "85f5cc46-ded2-4d6b-a173-9af2f016a3ed-12792", "trial_id": 1, "param_name": "l1_ratio", "param_value_internal": 0.6399637984280941, "distribution": "{\"name\": \"FloatDistribution\", \"attributes\": {\"step\": null, \"low\": 0.0, \"high\": 1.0, \"log\": false}}"}
{"op_code": 5, "worker_id": "85f5cc46-ded2-4d6b-a173-9af2f016a3ed-22128", "trial_id": 2, "param_name": "alpha", "param_value_internal": 0.030098432660517392, "distribution": "{\"name\": \"FloatDistribution\", \"attributes\": {\"step\": null, \"low\": 1e-05, \"high\": 0.1, \"log\": false}}"}
{"op_code": 5, "worker_id": "85f5cc46-ded2-4d6b-a173-9af2f016a3ed-5080", "trial_id": 3, "param_name": "alpha", "param_value_internal": 0.08787187216932439, "distribution": "{\"name\": \"FloatDistribution\", \"attributes\": {\"step\": null, \"low\": 1e-05, \"high\": 0.1, \"log\": false}}"}
{"op_code": 5, "worker_id": "85f5cc46-ded2-4d6b-a173-9af2f016a3ed-9232", "trial_id": 4, "param_name": "alpha", "param_value_internal": 0.0281251165716348, "distribution": "{\"name\": \"FloatDistribution\", \"attributes\": {\"step\": null, \"low\": 1e-05, \"high\": 0.1, \"log\": false}}"}
{"op_code": 5, "worker_id": "85f5cc46-ded2-4d6b-a173-9af2f016a3ed-11468", "trial_id": 5, "param_name": "alpha", "param_value_internal": 0.012755716931444037, "distribution": "{\"name\": \"FloatDistribution\", \"attributes\": {\"step\": null, \"low\": 1e-05, \"high\": 0.1, \"log\": false}}"}
{"op_code": 5, "worker_id": "85f5cc46-ded2-4d6b-a173-9af2f016a3ed-22128", "trial_id": 2, "param_name": "l1_ratio", "param_value_internal": 0.09644321830256519, "distribution": "{\"name\": \"FloatDistribution\", \"attributes\": {\"step\": null, \"low\": 0.0, \"high\": 1.0, \"log\": false}}"}
{"op_code": 5, "worker_id": "85f5cc46-ded2-4d6b-a173-9af2f016a3ed-5080", "trial_id": 3, "param_name": "l1_ratio", "param_value_internal": 0.6851162050248475, "distribution": "{\"name\": \"FloatDistribution\", \"attributes\": {\"step\": null, \"low\": 0.0, \"high\": 1.0, \"log\": false}}"}
{"op_code": 5, "worker_id": "85f5cc46-ded2-4d6b-a173-9af2f016a3ed-9232", "trial_id": 4, "param_name": "l1_ratio", "param_value_internal": 0.29797876875240537, "distribution": "{\"name\": \"FloatDistribution\", \"attributes\": {\"step\": null, \"low\": 0.0, \"high\": 1.0, \"log\": false}}"}
{"op_code": 5, "worker_id": "85f5cc46-ded2-4d6b-a173-9af2f016a3ed-11468", "trial_id": 5, "param_name": "l1_ratio", "param_value_internal": 0.36798113758980355, "distribution": "{\"name\": \"FloatDistribution\", \"attributes\": {\"step\": null, \"low\": 0.0, \"high\": 1.0, \"log\": false}}"}
{"op_code": 6, "worker_id": "85f5cc46-ded2-4d6b-a173-9af2f016a3ed-12792", "trial_id": 1, "state": 1, "values": [0.257030537632162], "datetime_complete": "2023-11-07T16:58:30.295036"}
{"op_code": 6, "worker_id": "85f5cc46-ded2-4d6b-a173-9af2f016a3ed-22128", "trial_id": 2, "state": 1, "values": [0.25706994787876586], "datetime_complete": "2023-11-07T16:58:30.370057"}
{"op_code": 6, "worker_id": "85f5cc46-ded2-4d6b-a173-9af2f016a3ed-5080", "trial_id": 3, "state": 1, "values": [0.25697647053348455], "datetime_complete": "2023-11-07T16:58:30.393057"}
{"op_code": 6, "worker_id": "85f5cc46-ded2-4d6b-a173-9af2f016a3ed-9232", "trial_id": 4, "state": 1, "values": [0.25691167822082345], "datetime_complete": "2023-11-07T16:58:30.406061"}
{"op_code": 6, "worker_id": "85f5cc46-ded2-4d6b-a173-9af2f016a3ed-11468", "trial_id": 5, "state": 1, "values": [0.257088322865701], "datetime_complete": "2023-11-07T16:58:30.419064"}
