{"op_code": 0, "worker_id": "86a0715b-b37a-459a-acfe-6be0af6a09fa-47614746832704", "study_name": "RF", "directions": [1]}
{"op_code": 4, "worker_id": "86a0715b-b37a-459a-acfe-6be0af6a09fa-47615450679040", "study_id": 0, "datetime_start": "2023-11-07T06:59:54.770324"}
{"op_code": 5, "worker_id": "86a0715b-b37a-459a-acfe-6be0af6a09fa-47615450679040", "trial_id": 0, "param_name": "n_estimators", "param_value_internal": 2, "distribution": "{\"name\": \"CategoricalDistribution\", \"attributes\": {\"choices\": [10, 20, 50, 200, 500]}}"}
{"op_code": 5, "worker_id": "86a0715b-b37a-459a-acfe-6be0af6a09fa-47615450679040", "trial_id": 0, "param_name": "max_features", "param_value_internal": 1, "distribution": "{\"name\": \"CategoricalDistribution\", \"attributes\": {\"choices\": [\"auto\", \"sqrt\", \"log2\"]}}"}
{"op_code": 5, "worker_id": "86a0715b-b37a-459a-acfe-6be0af6a09fa-47615450679040", "trial_id": 0, "param_name": "max_depth", "param_value_internal": 2, "distribution": "{\"name\": \"CategoricalDistribution\", \"attributes\": {\"choices\": [null, 2, 3, 4, 5, 10]}}"}
{"op_code": 6, "worker_id": "86a0715b-b37a-459a-acfe-6be0af6a09fa-47615450679040", "trial_id": 0, "state": 1, "values": [0.23705153402903711], "datetime_complete": "2023-11-07T07:00:36.108630"}
{"op_code": 0, "worker_id": "3bc5b69c-634b-495e-9295-cbd27149b23a-6812", "study_name": "RF", "directions": [1]}
{"op_code": 4, "worker_id": "3bc5b69c-634b-495e-9295-cbd27149b23a-22952", "study_id": 0, "datetime_start": "2023-11-07T16:58:39.332421"}
{"op_code": 4, "worker_id": "3bc5b69c-634b-495e-9295-cbd27149b23a-21188", "study_id": 0, "datetime_start": "2023-11-07T16:58:39.340424"}
{"op_code": 4, "worker_id": "3bc5b69c-634b-495e-9295-cbd27149b23a-18528", "study_id": 0, "datetime_start": "2023-11-07T16:58:39.341424"}
{"op_code": 4, "worker_id": "3bc5b69c-634b-495e-9295-cbd27149b23a-3304", "study_id": 0, "datetime_start": "2023-11-07T16:58:39.341424"}
{"op_code": 4, "worker_id": "3bc5b69c-634b-495e-9295-cbd27149b23a-11516", "study_id": 0, "datetime_start": "2023-11-07T16:58:39.341424"}
{"op_code": 5, "worker_id": "3bc5b69c-634b-495e-9295-cbd27149b23a-22952", "trial_id": 1, "param_name": "n_estimators", "param_value_internal": 0, "distribution": "{\"name\": \"CategoricalDistribution\", \"attributes\": {\"choices\": [10, 20, 50, 200, 500]}}"}
{"op_code": 5, "worker_id": "3bc5b69c-634b-495e-9295-cbd27149b23a-22952", "trial_id": 1, "param_name": "max_features", "param_value_internal": 0, "distribution": "{\"name\": \"CategoricalDistribution\", \"attributes\": {\"choices\": [\"auto\", \"sqrt\", \"log2\"]}}"}
{"op_code": 5, "worker_id": "3bc5b69c-634b-495e-9295-cbd27149b23a-21188", "trial_id": 2, "param_name": "n_estimators", "param_value_internal": 0, "distribution": "{\"name\": \"CategoricalDistribution\", \"attributes\": {\"choices\": [10, 20, 50, 200, 500]}}"}
{"op_code": 5, "worker_id": "3bc5b69c-634b-495e-9295-cbd27149b23a-18528", "trial_id": 3, "param_name": "n_estimators", "param_value_internal": 0, "distribution": "{\"name\": \"CategoricalDistribution\", \"attributes\": {\"choices\": [10, 20, 50, 200, 500]}}"}
{"op_code": 5, "worker_id": "3bc5b69c-634b-495e-9295-cbd27149b23a-3304", "trial_id": 4, "param_name": "n_estimators", "param_value_internal": 2, "distribution": "{\"name\": \"CategoricalDistribution\", \"attributes\": {\"choices\": [10, 20, 50, 200, 500]}}"}
{"op_code": 5, "worker_id": "3bc5b69c-634b-495e-9295-cbd27149b23a-11516", "trial_id": 5, "param_name": "n_estimators", "param_value_internal": 4, "distribution": "{\"name\": \"CategoricalDistribution\", \"attributes\": {\"choices\": [10, 20, 50, 200, 500]}}"}
{"op_code": 5, "worker_id": "3bc5b69c-634b-495e-9295-cbd27149b23a-22952", "trial_id": 1, "param_name": "max_depth", "param_value_internal": 2, "distribution": "{\"name\": \"CategoricalDistribution\", \"attributes\": {\"choices\": [null, 2, 3, 4, 5, 10]}}"}
{"op_code": 5, "worker_id": "3bc5b69c-634b-495e-9295-cbd27149b23a-21188", "trial_id": 2, "param_name": "max_features", "param_value_internal": 2, "distribution": "{\"name\": \"CategoricalDistribution\", \"attributes\": {\"choices\": [\"auto\", \"sqrt\", \"log2\"]}}"}
{"op_code": 5, "worker_id": "3bc5b69c-634b-495e-9295-cbd27149b23a-18528", "trial_id": 3, "param_name": "max_features", "param_value_internal": 0, "distribution": "{\"name\": \"CategoricalDistribution\", \"attributes\": {\"choices\": [\"auto\", \"sqrt\", \"log2\"]}}"}
{"op_code": 5, "worker_id": "3bc5b69c-634b-495e-9295-cbd27149b23a-3304", "trial_id": 4, "param_name": "max_features", "param_value_internal": 0, "distribution": "{\"name\": \"CategoricalDistribution\", \"attributes\": {\"choices\": [\"auto\", \"sqrt\", \"log2\"]}}"}
{"op_code": 5, "worker_id": "3bc5b69c-634b-495e-9295-cbd27149b23a-11516", "trial_id": 5, "param_name": "max_features", "param_value_internal": 2, "distribution": "{\"name\": \"CategoricalDistribution\", \"attributes\": {\"choices\": [\"auto\", \"sqrt\", \"log2\"]}}"}
{"op_code": 5, "worker_id": "3bc5b69c-634b-495e-9295-cbd27149b23a-21188", "trial_id": 2, "param_name": "max_depth", "param_value_internal": 1, "distribution": "{\"name\": \"CategoricalDistribution\", \"attributes\": {\"choices\": [null, 2, 3, 4, 5, 10]}}"}
{"op_code": 5, "worker_id": "3bc5b69c-634b-495e-9295-cbd27149b23a-18528", "trial_id": 3, "param_name": "max_depth", "param_value_internal": 3, "distribution": "{\"name\": \"CategoricalDistribution\", \"attributes\": {\"choices\": [null, 2, 3, 4, 5, 10]}}"}
{"op_code": 5, "worker_id": "3bc5b69c-634b-495e-9295-cbd27149b23a-3304", "trial_id": 4, "param_name": "max_depth", "param_value_internal": 1, "distribution": "{\"name\": \"CategoricalDistribution\", \"attributes\": {\"choices\": [null, 2, 3, 4, 5, 10]}}"}
{"op_code": 5, "worker_id": "3bc5b69c-634b-495e-9295-cbd27149b23a-11516", "trial_id": 5, "param_name": "max_depth", "param_value_internal": 1, "distribution": "{\"name\": \"CategoricalDistribution\", \"attributes\": {\"choices\": [null, 2, 3, 4, 5, 10]}}"}
{"op_code": 6, "worker_id": "3bc5b69c-634b-495e-9295-cbd27149b23a-22952", "trial_id": 1, "state": 1, "values": [0.23698048522062676], "datetime_complete": "2023-11-07T16:59:30.255994"}
{"op_code": 6, "worker_id": "3bc5b69c-634b-495e-9295-cbd27149b23a-21188", "trial_id": 2, "state": 1, "values": [0.23643367289893102], "datetime_complete": "2023-11-07T16:59:30.445037"}
{"op_code": 6, "worker_id": "3bc5b69c-634b-495e-9295-cbd27149b23a-3304", "trial_id": 4, "state": 1, "values": [0.23826770956172763], "datetime_complete": "2023-11-07T16:59:30.573070"}
{"op_code": 6, "worker_id": "3bc5b69c-634b-495e-9295-cbd27149b23a-18528", "trial_id": 3, "state": 1, "values": [0.23838136039049276], "datetime_complete": "2023-11-07T16:59:30.596075"}
{"op_code": 6, "worker_id": "3bc5b69c-634b-495e-9295-cbd27149b23a-11516", "trial_id": 5, "state": 1, "values": [0.236904126743312], "datetime_complete": "2023-11-07T16:59:31.253718"}
