{"op_code": 0, "worker_id": "14c9adf6-41e1-47c2-80df-cb809bfdae1c-9760", "study_name": "ANN", "directions": [2]}
{"op_code": 4, "worker_id": "14c9adf6-41e1-47c2-80df-cb809bfdae1c-8164", "study_id": 0, "datetime_start": "2024-03-19T11:12:09.942644"}
{"op_code": 5, "worker_id": "14c9adf6-41e1-47c2-80df-cb809bfdae1c-8164", "trial_id": 0, "param_name": "learning_rate_init", "param_value_internal": 0.06570850987813401, "distribution": "{\"name\": \"FloatDistribution\", \"attributes\": {\"step\": null, \"low\": 0.05, \"high\": 0.15, \"log\": false}}"}
{"op_code": 5, "worker_id": "14c9adf6-41e1-47c2-80df-cb809bfdae1c-8164", "trial_id": 0, "param_name": "hidden_layer_sizes", "param_value_internal": 1, "distribution": "{\"name\": \"CategoricalDistribution\", \"attributes\": {\"choices\": [[5, 5, 5], [5, 5, 5, 5, 5], [10, 10, 10]]}}"}
{"op_code": 7, "worker_id": "14c9adf6-41e1-47c2-80df-cb809bfdae1c-8164", "trial_id": 0, "step": 0, "intermediate_value": 0.20400907281234837}
{"op_code": 7, "worker_id": "14c9adf6-41e1-47c2-80df-cb809bfdae1c-8164", "trial_id": 0, "step": 1, "intermediate_value": 0.20864124290269204}
{"op_code": 7, "worker_id": "14c9adf6-41e1-47c2-80df-cb809bfdae1c-8164", "trial_id": 0, "step": 2, "intermediate_value": 0.21222803275711363}
{"op_code": 6, "worker_id": "14c9adf6-41e1-47c2-80df-cb809bfdae1c-8164", "trial_id": 0, "state": 1, "values": [0.20829278282405136], "datetime_complete": "2024-03-19T11:15:12.968205"}
{"op_code": 4, "worker_id": "14c9adf6-41e1-47c2-80df-cb809bfdae1c-8164", "study_id": 0, "datetime_start": "2024-03-19T11:15:13.079502"}
{"op_code": 5, "worker_id": "14c9adf6-41e1-47c2-80df-cb809bfdae1c-8164", "trial_id": 1, "param_name": "learning_rate_init", "param_value_internal": 0.05734913390502986, "distribution": "{\"name\": \"FloatDistribution\", \"attributes\": {\"step\": null, \"low\": 0.05, \"high\": 0.15, \"log\": false}}"}
{"op_code": 5, "worker_id": "14c9adf6-41e1-47c2-80df-cb809bfdae1c-8164", "trial_id": 1, "param_name": "hidden_layer_sizes", "param_value_internal": 1, "distribution": "{\"name\": \"CategoricalDistribution\", \"attributes\": {\"choices\": [[5, 5, 5], [5, 5, 5, 5, 5], [10, 10, 10]]}}"}
{"op_code": 7, "worker_id": "14c9adf6-41e1-47c2-80df-cb809bfdae1c-8164", "trial_id": 1, "step": 0, "intermediate_value": 0.06977004009281881}
{"op_code": 7, "worker_id": "14c9adf6-41e1-47c2-80df-cb809bfdae1c-8164", "trial_id": 1, "step": 1, "intermediate_value": 0.1306379749696217}
{"op_code": 7, "worker_id": "14c9adf6-41e1-47c2-80df-cb809bfdae1c-8164", "trial_id": 1, "step": 2, "intermediate_value": 0.24208259847646166}
{"op_code": 6, "worker_id": "14c9adf6-41e1-47c2-80df-cb809bfdae1c-8164", "trial_id": 1, "state": 1, "values": [0.14749687117963406], "datetime_complete": "2024-03-19T11:17:10.648639"}
{"op_code": 4, "worker_id": "14c9adf6-41e1-47c2-80df-cb809bfdae1c-8164", "study_id": 0, "datetime_start": "2024-03-19T11:17:10.834667"}
{"op_code": 5, "worker_id": "14c9adf6-41e1-47c2-80df-cb809bfdae1c-8164", "trial_id": 2, "param_name": "learning_rate_init", "param_value_internal": 0.0910435431764861, "distribution": "{\"name\": \"FloatDistribution\", \"attributes\": {\"step\": null, \"low\": 0.05, \"high\": 0.15, \"log\": false}}"}
{"op_code": 5, "worker_id": "14c9adf6-41e1-47c2-80df-cb809bfdae1c-8164", "trial_id": 2, "param_name": "hidden_layer_sizes", "param_value_internal": 2, "distribution": "{\"name\": \"CategoricalDistribution\", \"attributes\": {\"choices\": [[5, 5, 5], [5, 5, 5, 5, 5], [10, 10, 10]]}}"}
{"op_code": 7, "worker_id": "14c9adf6-41e1-47c2-80df-cb809bfdae1c-8164", "trial_id": 2, "step": 0, "intermediate_value": 0.13527899185282594}
{"op_code": 7, "worker_id": "14c9adf6-41e1-47c2-80df-cb809bfdae1c-8164", "trial_id": 2, "step": 1, "intermediate_value": 0.007608553036471146}
{"op_code": 7, "worker_id": "14c9adf6-41e1-47c2-80df-cb809bfdae1c-8164", "trial_id": 2, "step": 2, "intermediate_value": 0.1537576959035237}
{"op_code": 6, "worker_id": "14c9adf6-41e1-47c2-80df-cb809bfdae1c-8164", "trial_id": 2, "state": 1, "values": [0.09888174693094026], "datetime_complete": "2024-03-19T11:19:36.206070"}
{"op_code": 4, "worker_id": "14c9adf6-41e1-47c2-80df-cb809bfdae1c-8164", "study_id": 0, "datetime_start": "2024-03-19T11:19:36.553151"}
{"op_code": 5, "worker_id": "14c9adf6-41e1-47c2-80df-cb809bfdae1c-8164", "trial_id": 3, "param_name": "learning_rate_init", "param_value_internal": 0.12292563550149355, "distribution": "{\"name\": \"FloatDistribution\", \"attributes\": {\"step\": null, \"low\": 0.05, \"high\": 0.15, \"log\": false}}"}
{"op_code": 5, "worker_id": "14c9adf6-41e1-47c2-80df-cb809bfdae1c-8164", "trial_id": 3, "param_name": "hidden_layer_sizes", "param_value_internal": 0, "distribution": "{\"name\": \"CategoricalDistribution\", \"attributes\": {\"choices\": [[5, 5, 5], [5, 5, 5, 5, 5], [10, 10, 10]]}}"}
{"op_code": 7, "worker_id": "14c9adf6-41e1-47c2-80df-cb809bfdae1c-8164", "trial_id": 3, "step": 0, "intermediate_value": 0.16575488384814355}
{"op_code": 7, "worker_id": "14c9adf6-41e1-47c2-80df-cb809bfdae1c-8164", "trial_id": 3, "step": 1, "intermediate_value": 0.07738281972033484}
{"op_code": 9, "worker_id": "14c9adf6-41e1-47c2-80df-cb809bfdae1c-8164", "trial_id": 3, "system_attr": {"completed_rung_0": 0.07738281972033484}}
{"op_code": 7, "worker_id": "14c9adf6-41e1-47c2-80df-cb809bfdae1c-8164", "trial_id": 3, "step": 2, "intermediate_value": 0.21055126993378862}
{"op_code": 6, "worker_id": "14c9adf6-41e1-47c2-80df-cb809bfdae1c-8164", "trial_id": 3, "state": 1, "values": [0.151229657834089], "datetime_complete": "2024-03-19T11:21:11.101872"}
{"op_code": 4, "worker_id": "14c9adf6-41e1-47c2-80df-cb809bfdae1c-8164", "study_id": 0, "datetime_start": "2024-03-19T11:21:11.280042"}
{"op_code": 5, "worker_id": "14c9adf6-41e1-47c2-80df-cb809bfdae1c-8164", "trial_id": 4, "param_name": "learning_rate_init", "param_value_internal": 0.05022994612006754, "distribution": "{\"name\": \"FloatDistribution\", \"attributes\": {\"step\": null, \"low\": 0.05, \"high\": 0.15, \"log\": false}}"}
{"op_code": 5, "worker_id": "14c9adf6-41e1-47c2-80df-cb809bfdae1c-8164", "trial_id": 4, "param_name": "hidden_layer_sizes", "param_value_internal": 1, "distribution": "{\"name\": \"CategoricalDistribution\", \"attributes\": {\"choices\": [[5, 5, 5], [5, 5, 5, 5, 5], [10, 10, 10]]}}"}
{"op_code": 7, "worker_id": "14c9adf6-41e1-47c2-80df-cb809bfdae1c-8164", "trial_id": 4, "step": 0, "intermediate_value": 0.2556848523596667}
{"op_code": 7, "worker_id": "14c9adf6-41e1-47c2-80df-cb809bfdae1c-8164", "trial_id": 4, "step": 1, "intermediate_value": 0.154747867510275}
{"op_code": 9, "worker_id": "14c9adf6-41e1-47c2-80df-cb809bfdae1c-8164", "trial_id": 4, "system_attr": {"completed_rung_0": 0.154747867510275}}
{"op_code": 7, "worker_id": "14c9adf6-41e1-47c2-80df-cb809bfdae1c-8164", "trial_id": 4, "step": 2, "intermediate_value": 0.1700623657381841}
{"op_code": 6, "worker_id": "14c9adf6-41e1-47c2-80df-cb809bfdae1c-8164", "trial_id": 4, "state": 1, "values": [0.19349836186937527], "datetime_complete": "2024-03-19T11:23:19.575571"}
{"op_code": 4, "worker_id": "14c9adf6-41e1-47c2-80df-cb809bfdae1c-8164", "study_id": 0, "datetime_start": "2024-03-19T11:23:19.764990"}
{"op_code": 5, "worker_id": "14c9adf6-41e1-47c2-80df-cb809bfdae1c-8164", "trial_id": 5, "param_name": "learning_rate_init", "param_value_internal": 0.14662585372392276, "distribution": "{\"name\": \"FloatDistribution\", \"attributes\": {\"step\": null, \"low\": 0.05, \"high\": 0.15, \"log\": false}}"}
{"op_code": 5, "worker_id": "14c9adf6-41e1-47c2-80df-cb809bfdae1c-8164", "trial_id": 5, "param_name": "hidden_layer_sizes", "param_value_internal": 1, "distribution": "{\"name\": \"CategoricalDistribution\", \"attributes\": {\"choices\": [[5, 5, 5], [5, 5, 5, 5, 5], [10, 10, 10]]}}"}
{"op_code": 7, "worker_id": "14c9adf6-41e1-47c2-80df-cb809bfdae1c-8164", "trial_id": 5, "step": 0, "intermediate_value": 0.2792133284129084}
{"op_code": 7, "worker_id": "14c9adf6-41e1-47c2-80df-cb809bfdae1c-8164", "trial_id": 5, "step": 1, "intermediate_value": 0.2153464205297391}
{"op_code": 9, "worker_id": "14c9adf6-41e1-47c2-80df-cb809bfdae1c-8164", "trial_id": 5, "system_attr": {"completed_rung_0": 0.2153464205297391}}
{"op_code": 7, "worker_id": "14c9adf6-41e1-47c2-80df-cb809bfdae1c-8164", "trial_id": 5, "step": 2, "intermediate_value": 0.34930078942210846}
{"op_code": 6, "worker_id": "14c9adf6-41e1-47c2-80df-cb809bfdae1c-8164", "trial_id": 5, "state": 1, "values": [0.28128684612158533], "datetime_complete": "2024-03-19T11:25:54.723209"}
{"op_code": 4, "worker_id": "14c9adf6-41e1-47c2-80df-cb809bfdae1c-8164", "study_id": 0, "datetime_start": "2024-03-19T11:25:55.051971"}
{"op_code": 5, "worker_id": "14c9adf6-41e1-47c2-80df-cb809bfdae1c-8164", "trial_id": 6, "param_name": "learning_rate_init", "param_value_internal": 0.14097858078077824, "distribution": "{\"name\": \"FloatDistribution\", \"attributes\": {\"step\": null, \"low\": 0.05, \"high\": 0.15, \"log\": false}}"}
{"op_code": 5, "worker_id": "14c9adf6-41e1-47c2-80df-cb809bfdae1c-8164", "trial_id": 6, "param_name": "hidden_layer_sizes", "param_value_internal": 2, "distribution": "{\"name\": \"CategoricalDistribution\", \"attributes\": {\"choices\": [[5, 5, 5], [5, 5, 5, 5, 5], [10, 10, 10]]}}"}
{"op_code": 7, "worker_id": "14c9adf6-41e1-47c2-80df-cb809bfdae1c-8164", "trial_id": 6, "step": 0, "intermediate_value": 0.33060740657380294}
{"op_code": 7, "worker_id": "14c9adf6-41e1-47c2-80df-cb809bfdae1c-8164", "trial_id": 6, "step": 1, "intermediate_value": 0.013469131639246606}
{"op_code": 9, "worker_id": "14c9adf6-41e1-47c2-80df-cb809bfdae1c-8164", "trial_id": 6, "system_attr": {"completed_rung_0": 0.013469131639246606}}
{"op_code": 6, "worker_id": "14c9adf6-41e1-47c2-80df-cb809bfdae1c-8164", "trial_id": 6, "state": 2, "values": [0.013469131639246606], "datetime_complete": "2024-03-19T11:28:21.142568"}
{"op_code": 4, "worker_id": "14c9adf6-41e1-47c2-80df-cb809bfdae1c-8164", "study_id": 0, "datetime_start": "2024-03-19T11:28:21.473094"}
{"op_code": 5, "worker_id": "14c9adf6-41e1-47c2-80df-cb809bfdae1c-8164", "trial_id": 7, "param_name": "learning_rate_init", "param_value_internal": 0.14627287584662343, "distribution": "{\"name\": \"FloatDistribution\", \"attributes\": {\"step\": null, \"low\": 0.05, \"high\": 0.15, \"log\": false}}"}
{"op_code": 5, "worker_id": "14c9adf6-41e1-47c2-80df-cb809bfdae1c-8164", "trial_id": 7, "param_name": "hidden_layer_sizes", "param_value_internal": 0, "distribution": "{\"name\": \"CategoricalDistribution\", \"attributes\": {\"choices\": [[5, 5, 5], [5, 5, 5, 5, 5], [10, 10, 10]]}}"}
