{"op_code": 0, "worker_id": "bcbccd58-cf2c-4399-bb89-0ce5a0ba79dd-9760", "study_name": "GB", "directions": [2]}
{"op_code": 4, "worker_id": "bcbccd58-cf2c-4399-bb89-0ce5a0ba79dd-556", "study_id": 0, "datetime_start": "2024-03-19T11:12:09.387730"}
{"op_code": 5, "worker_id": "bcbccd58-cf2c-4399-bb89-0ce5a0ba79dd-556", "trial_id": 0, "param_name": "n_estimators", "param_value_internal": 3, "distribution": "{\"name\": \"CategoricalDistribution\", \"attributes\": {\"choices\": [5, 10, 20, 50]}}"}
{"op_code": 5, "worker_id": "bcbccd58-cf2c-4399-bb89-0ce5a0ba79dd-556", "trial_id": 0, "param_name": "learning_rate", "param_value_internal": 0.10664115425663948, "distribution": "{\"name\": \"FloatDistribution\", \"attributes\": {\"step\": null, \"low\": 0.05, \"high\": 0.175, \"log\": false}}"}
{"op_code": 5, "worker_id": "bcbccd58-cf2c-4399-bb89-0ce5a0ba79dd-556", "trial_id": 0, "param_name": "max_depth", "param_value_internal": 0, "distribution": "{\"name\": \"CategoricalDistribution\", \"attributes\": {\"choices\": [1, 2, 3]}}"}
{"op_code": 7, "worker_id": "bcbccd58-cf2c-4399-bb89-0ce5a0ba79dd-556", "trial_id": 0, "step": 0, "intermediate_value": 0.1321676876888335}
{"op_code": 7, "worker_id": "bcbccd58-cf2c-4399-bb89-0ce5a0ba79dd-556", "trial_id": 0, "step": 1, "intermediate_value": 0.1321676876888335}
{"op_code": 7, "worker_id": "bcbccd58-cf2c-4399-bb89-0ce5a0ba79dd-556", "trial_id": 0, "step": 2, "intermediate_value": 0.1321676876888335}
{"op_code": 6, "worker_id": "bcbccd58-cf2c-4399-bb89-0ce5a0ba79dd-556", "trial_id": 0, "state": 1, "values": [0.1321676876888335], "datetime_complete": "2024-03-19T11:12:15.284614"}
{"op_code": 4, "worker_id": "bcbccd58-cf2c-4399-bb89-0ce5a0ba79dd-556", "study_id": 0, "datetime_start": "2024-03-19T11:12:15.713555"}
{"op_code": 5, "worker_id": "bcbccd58-cf2c-4399-bb89-0ce5a0ba79dd-556", "trial_id": 1, "param_name": "n_estimators", "param_value_internal": 3, "distribution": "{\"name\": \"CategoricalDistribution\", \"attributes\": {\"choices\": [5, 10, 20, 50]}}"}
{"op_code": 5, "worker_id": "bcbccd58-cf2c-4399-bb89-0ce5a0ba79dd-556", "trial_id": 1, "param_name": "learning_rate", "param_value_internal": 0.10945294710730398, "distribution": "{\"name\": \"FloatDistribution\", \"attributes\": {\"step\": null, \"low\": 0.05, \"high\": 0.175, \"log\": false}}"}
{"op_code": 5, "worker_id": "bcbccd58-cf2c-4399-bb89-0ce5a0ba79dd-556", "trial_id": 1, "param_name": "max_depth", "param_value_internal": 0, "distribution": "{\"name\": \"CategoricalDistribution\", \"attributes\": {\"choices\": [1, 2, 3]}}"}
{"op_code": 7, "worker_id": "bcbccd58-cf2c-4399-bb89-0ce5a0ba79dd-556", "trial_id": 1, "step": 0, "intermediate_value": 0.13425771180568913}
{"op_code": 7, "worker_id": "bcbccd58-cf2c-4399-bb89-0ce5a0ba79dd-556", "trial_id": 1, "step": 1, "intermediate_value": 0.13425771180568913}
{"op_code": 7, "worker_id": "bcbccd58-cf2c-4399-bb89-0ce5a0ba79dd-556", "trial_id": 1, "step": 2, "intermediate_value": 0.13425771180568913}
{"op_code": 6, "worker_id": "bcbccd58-cf2c-4399-bb89-0ce5a0ba79dd-556", "trial_id": 1, "state": 1, "values": [0.13425771180568913], "datetime_complete": "2024-03-19T11:12:22.831290"}
{"op_code": 4, "worker_id": "bcbccd58-cf2c-4399-bb89-0ce5a0ba79dd-556", "study_id": 0, "datetime_start": "2024-03-19T11:12:23.025321"}
{"op_code": 5, "worker_id": "bcbccd58-cf2c-4399-bb89-0ce5a0ba79dd-556", "trial_id": 2, "param_name": "n_estimators", "param_value_internal": 3, "distribution": "{\"name\": \"CategoricalDistribution\", \"attributes\": {\"choices\": [5, 10, 20, 50]}}"}
{"op_code": 5, "worker_id": "bcbccd58-cf2c-4399-bb89-0ce5a0ba79dd-556", "trial_id": 2, "param_name": "learning_rate", "param_value_internal": 0.16214927949738914, "distribution": "{\"name\": \"FloatDistribution\", \"attributes\": {\"step\": null, \"low\": 0.05, \"high\": 0.175, \"log\": false}}"}
{"op_code": 5, "worker_id": "bcbccd58-cf2c-4399-bb89-0ce5a0ba79dd-556", "trial_id": 2, "param_name": "max_depth", "param_value_internal": 2, "distribution": "{\"name\": \"CategoricalDistribution\", \"attributes\": {\"choices\": [1, 2, 3]}}"}
{"op_code": 7, "worker_id": "bcbccd58-cf2c-4399-bb89-0ce5a0ba79dd-556", "trial_id": 2, "step": 0, "intermediate_value": 0.30229050850480366}
{"op_code": 7, "worker_id": "bcbccd58-cf2c-4399-bb89-0ce5a0ba79dd-556", "trial_id": 2, "step": 1, "intermediate_value": 0.30229050850480366}
{"op_code": 9, "worker_id": "bcbccd58-cf2c-4399-bb89-0ce5a0ba79dd-556", "trial_id": 2, "system_attr": {"completed_rung_0": 0.30229050850480366}}
{"op_code": 7, "worker_id": "bcbccd58-cf2c-4399-bb89-0ce5a0ba79dd-556", "trial_id": 2, "step": 2, "intermediate_value": 0.30229050850480366}
{"op_code": 6, "worker_id": "bcbccd58-cf2c-4399-bb89-0ce5a0ba79dd-556", "trial_id": 2, "state": 1, "values": [0.30229050850480366], "datetime_complete": "2024-03-19T11:12:34.931281"}
{"op_code": 4, "worker_id": "bcbccd58-cf2c-4399-bb89-0ce5a0ba79dd-556", "study_id": 0, "datetime_start": "2024-03-19T11:12:35.095686"}
{"op_code": 5, "worker_id": "bcbccd58-cf2c-4399-bb89-0ce5a0ba79dd-556", "trial_id": 3, "param_name": "n_estimators", "param_value_internal": 0, "distribution": "{\"name\": \"CategoricalDistribution\", \"attributes\": {\"choices\": [5, 10, 20, 50]}}"}
{"op_code": 5, "worker_id": "bcbccd58-cf2c-4399-bb89-0ce5a0ba79dd-556", "trial_id": 3, "param_name": "learning_rate", "param_value_internal": 0.16616486321694263, "distribution": "{\"name\": \"FloatDistribution\", \"attributes\": {\"step\": null, \"low\": 0.05, \"high\": 0.175, \"log\": false}}"}
{"op_code": 5, "worker_id": "bcbccd58-cf2c-4399-bb89-0ce5a0ba79dd-556", "trial_id": 3, "param_name": "max_depth", "param_value_internal": 2, "distribution": "{\"name\": \"CategoricalDistribution\", \"attributes\": {\"choices\": [1, 2, 3]}}"}
{"op_code": 7, "worker_id": "bcbccd58-cf2c-4399-bb89-0ce5a0ba79dd-556", "trial_id": 3, "step": 0, "intermediate_value": 0.33627365081895877}
{"op_code": 7, "worker_id": "bcbccd58-cf2c-4399-bb89-0ce5a0ba79dd-556", "trial_id": 3, "step": 1, "intermediate_value": 0.33627365081895877}
{"op_code": 9, "worker_id": "bcbccd58-cf2c-4399-bb89-0ce5a0ba79dd-556", "trial_id": 3, "system_attr": {"completed_rung_0": 0.33627365081895877}}
{"op_code": 7, "worker_id": "bcbccd58-cf2c-4399-bb89-0ce5a0ba79dd-556", "trial_id": 3, "step": 2, "intermediate_value": 0.33627365081895877}
{"op_code": 6, "worker_id": "bcbccd58-cf2c-4399-bb89-0ce5a0ba79dd-556", "trial_id": 3, "state": 1, "values": [0.33627365081895877], "datetime_complete": "2024-03-19T11:12:37.560393"}
{"op_code": 4, "worker_id": "bcbccd58-cf2c-4399-bb89-0ce5a0ba79dd-556", "study_id": 0, "datetime_start": "2024-03-19T11:12:38.122762"}
{"op_code": 5, "worker_id": "bcbccd58-cf2c-4399-bb89-0ce5a0ba79dd-556", "trial_id": 4, "param_name": "n_estimators", "param_value_internal": 0, "distribution": "{\"name\": \"CategoricalDistribution\", \"attributes\": {\"choices\": [5, 10, 20, 50]}}"}
{"op_code": 5, "worker_id": "bcbccd58-cf2c-4399-bb89-0ce5a0ba79dd-556", "trial_id": 4, "param_name": "learning_rate", "param_value_internal": 0.1742634191818759, "distribution": "{\"name\": \"FloatDistribution\", \"attributes\": {\"step\": null, \"low\": 0.05, \"high\": 0.175, \"log\": false}}"}
{"op_code": 5, "worker_id": "bcbccd58-cf2c-4399-bb89-0ce5a0ba79dd-556", "trial_id": 4, "param_name": "max_depth", "param_value_internal": 2, "distribution": "{\"name\": \"CategoricalDistribution\", \"attributes\": {\"choices\": [1, 2, 3]}}"}
{"op_code": 7, "worker_id": "bcbccd58-cf2c-4399-bb89-0ce5a0ba79dd-556", "trial_id": 4, "step": 0, "intermediate_value": 0.3367528522416226}
{"op_code": 7, "worker_id": "bcbccd58-cf2c-4399-bb89-0ce5a0ba79dd-556", "trial_id": 4, "step": 1, "intermediate_value": 0.3367528522416226}
{"op_code": 7, "worker_id": "bcbccd58-cf2c-4399-bb89-0ce5a0ba79dd-556", "trial_id": 4, "step": 2, "intermediate_value": 0.3367528522416226}
{"op_code": 6, "worker_id": "bcbccd58-cf2c-4399-bb89-0ce5a0ba79dd-556", "trial_id": 4, "state": 1, "values": [0.3367528522416226], "datetime_complete": "2024-03-19T11:12:41.209930"}
{"op_code": 4, "worker_id": "bcbccd58-cf2c-4399-bb89-0ce5a0ba79dd-556", "study_id": 0, "datetime_start": "2024-03-19T11:12:41.464430"}
{"op_code": 5, "worker_id": "bcbccd58-cf2c-4399-bb89-0ce5a0ba79dd-556", "trial_id": 5, "param_name": "n_estimators", "param_value_internal": 0, "distribution": "{\"name\": \"CategoricalDistribution\", \"attributes\": {\"choices\": [5, 10, 20, 50]}}"}
{"op_code": 5, "worker_id": "bcbccd58-cf2c-4399-bb89-0ce5a0ba79dd-556", "trial_id": 5, "param_name": "learning_rate", "param_value_internal": 0.055571756888749706, "distribution": "{\"name\": \"FloatDistribution\", \"attributes\": {\"step\": null, \"low\": 0.05, \"high\": 0.175, \"log\": false}}"}
{"op_code": 5, "worker_id": "bcbccd58-cf2c-4399-bb89-0ce5a0ba79dd-556", "trial_id": 5, "param_name": "max_depth", "param_value_internal": 1, "distribution": "{\"name\": \"CategoricalDistribution\", \"attributes\": {\"choices\": [1, 2, 3]}}"}
{"op_code": 7, "worker_id": "bcbccd58-cf2c-4399-bb89-0ce5a0ba79dd-556", "trial_id": 5, "step": 0, "intermediate_value": 0.12167088735859048}
{"op_code": 7, "worker_id": "bcbccd58-cf2c-4399-bb89-0ce5a0ba79dd-556", "trial_id": 5, "step": 1, "intermediate_value": 0.12167088735859048}
{"op_code": 7, "worker_id": "bcbccd58-cf2c-4399-bb89-0ce5a0ba79dd-556", "trial_id": 5, "step": 2, "intermediate_value": 0.12167088735859048}
{"op_code": 6, "worker_id": "bcbccd58-cf2c-4399-bb89-0ce5a0ba79dd-556", "trial_id": 5, "state": 1, "values": [0.12167088735859048], "datetime_complete": "2024-03-19T11:12:43.590803"}
{"op_code": 4, "worker_id": "bcbccd58-cf2c-4399-bb89-0ce5a0ba79dd-556", "study_id": 0, "datetime_start": "2024-03-19T11:12:43.819114"}
{"op_code": 5, "worker_id": "bcbccd58-cf2c-4399-bb89-0ce5a0ba79dd-556", "trial_id": 6, "param_name": "n_estimators", "param_value_internal": 2, "distribution": "{\"name\": \"CategoricalDistribution\", \"attributes\": {\"choices\": [5, 10, 20, 50]}}"}
{"op_code": 5, "worker_id": "bcbccd58-cf2c-4399-bb89-0ce5a0ba79dd-556", "trial_id": 6, "param_name": "learning_rate", "param_value_internal": 0.17411426834067326, "distribution": "{\"name\": \"FloatDistribution\", \"attributes\": {\"step\": null, \"low\": 0.05, \"high\": 0.175, \"log\": false}}"}
{"op_code": 5, "worker_id": "bcbccd58-cf2c-4399-bb89-0ce5a0ba79dd-556", "trial_id": 6, "param_name": "max_depth", "param_value_internal": 2, "distribution": "{\"name\": \"CategoricalDistribution\", \"attributes\": {\"choices\": [1, 2, 3]}}"}
{"op_code": 7, "worker_id": "bcbccd58-cf2c-4399-bb89-0ce5a0ba79dd-556", "trial_id": 6, "step": 0, "intermediate_value": 0.27656972713430794}
{"op_code": 7, "worker_id": "bcbccd58-cf2c-4399-bb89-0ce5a0ba79dd-556", "trial_id": 6, "step": 1, "intermediate_value": 0.27656972713430794}
{"op_code": 7, "worker_id": "bcbccd58-cf2c-4399-bb89-0ce5a0ba79dd-556", "trial_id": 6, "step": 2, "intermediate_value": 0.27656972713430794}
{"op_code": 6, "worker_id": "bcbccd58-cf2c-4399-bb89-0ce5a0ba79dd-556", "trial_id": 6, "state": 1, "values": [0.27656972713430794], "datetime_complete": "2024-03-19T11:12:51.077057"}
{"op_code": 4, "worker_id": "bcbccd58-cf2c-4399-bb89-0ce5a0ba79dd-556", "study_id": 0, "datetime_start": "2024-03-19T11:12:51.139556"}
{"op_code": 5, "worker_id": "bcbccd58-cf2c-4399-bb89-0ce5a0ba79dd-556", "trial_id": 7, "param_name": "n_estimators", "param_value_internal": 1, "distribution": "{\"name\": \"CategoricalDistribution\", \"attributes\": {\"choices\": [5, 10, 20, 50]}}"}
{"op_code": 5, "worker_id": "bcbccd58-cf2c-4399-bb89-0ce5a0ba79dd-556", "trial_id": 7, "param_name": "learning_rate", "param_value_internal": 0.1381161574756596, "distribution": "{\"name\": \"FloatDistribution\", \"attributes\": {\"step\": null, \"low\": 0.05, \"high\": 0.175, \"log\": false}}"}
{"op_code": 5, "worker_id": "bcbccd58-cf2c-4399-bb89-0ce5a0ba79dd-556", "trial_id": 7, "param_name": "max_depth", "param_value_internal": 1, "distribution": "{\"name\": \"CategoricalDistribution\", \"attributes\": {\"choices\": [1, 2, 3]}}"}
{"op_code": 7, "worker_id": "bcbccd58-cf2c-4399-bb89-0ce5a0ba79dd-556", "trial_id": 7, "step": 0, "intermediate_value": 0.3337439712484462}
{"op_code": 7, "worker_id": "bcbccd58-cf2c-4399-bb89-0ce5a0ba79dd-556", "trial_id": 7, "step": 1, "intermediate_value": 0.3337439712484462}
{"op_code": 9, "worker_id": "bcbccd58-cf2c-4399-bb89-0ce5a0ba79dd-556", "trial_id": 7, "system_attr": {"completed_rung_0": 0.3337439712484462}}
{"op_code": 6, "worker_id": "bcbccd58-cf2c-4399-bb89-0ce5a0ba79dd-556", "trial_id": 7, "state": 2, "values": [0.3337439712484462], "datetime_complete": "2024-03-19T11:12:54.077921"}
{"op_code": 4, "worker_id": "bcbccd58-cf2c-4399-bb89-0ce5a0ba79dd-556", "study_id": 0, "datetime_start": "2024-03-19T11:12:54.238982"}
{"op_code": 5, "worker_id": "bcbccd58-cf2c-4399-bb89-0ce5a0ba79dd-556", "trial_id": 8, "param_name": "n_estimators", "param_value_internal": 0, "distribution": "{\"name\": \"CategoricalDistribution\", \"attributes\": {\"choices\": [5, 10, 20, 50]}}"}
{"op_code": 5, "worker_id": "bcbccd58-cf2c-4399-bb89-0ce5a0ba79dd-556", "trial_id": 8, "param_name": "learning_rate", "param_value_internal": 0.13389546439019012, "distribution": "{\"name\": \"FloatDistribution\", \"attributes\": {\"step\": null, \"low\": 0.05, \"high\": 0.175, \"log\": false}}"}
{"op_code": 5, "worker_id": "bcbccd58-cf2c-4399-bb89-0ce5a0ba79dd-556", "trial_id": 8, "param_name": "max_depth", "param_value_internal": 2, "distribution": "{\"name\": \"CategoricalDistribution\", \"attributes\": {\"choices\": [1, 2, 3]}}"}
{"op_code": 7, "worker_id": "bcbccd58-cf2c-4399-bb89-0ce5a0ba79dd-556", "trial_id": 8, "step": 0, "intermediate_value": 0.25886403821232207}
{"op_code": 7, "worker_id": "bcbccd58-cf2c-4399-bb89-0ce5a0ba79dd-556", "trial_id": 8, "step": 1, "intermediate_value": 0.25886403821232207}
{"op_code": 9, "worker_id": "bcbccd58-cf2c-4399-bb89-0ce5a0ba79dd-556", "trial_id": 8, "system_attr": {"completed_rung_0": 0.25886403821232207}}
{"op_code": 6, "worker_id": "bcbccd58-cf2c-4399-bb89-0ce5a0ba79dd-556", "trial_id": 8, "state": 2, "values": [0.25886403821232207], "datetime_complete": "2024-03-19T11:12:56.027100"}
{"op_code": 4, "worker_id": "bcbccd58-cf2c-4399-bb89-0ce5a0ba79dd-556", "study_id": 0, "datetime_start": "2024-03-19T11:12:56.050723"}
{"op_code": 5, "worker_id": "bcbccd58-cf2c-4399-bb89-0ce5a0ba79dd-556", "trial_id": 9, "param_name": "n_estimators", "param_value_internal": 2, "distribution": "{\"name\": \"CategoricalDistribution\", \"attributes\": {\"choices\": [5, 10, 20, 50]}}"}
{"op_code": 5, "worker_id": "bcbccd58-cf2c-4399-bb89-0ce5a0ba79dd-556", "trial_id": 9, "param_name": "learning_rate", "param_value_internal": 0.1422648637190836, "distribution": "{\"name\": \"FloatDistribution\", \"attributes\": {\"step\": null, \"low\": 0.05, \"high\": 0.175, \"log\": false}}"}
{"op_code": 5, "worker_id": "bcbccd58-cf2c-4399-bb89-0ce5a0ba79dd-556", "trial_id": 9, "param_name": "max_depth", "param_value_internal": 2, "distribution": "{\"name\": \"CategoricalDistribution\", \"attributes\": {\"choices\": [1, 2, 3]}}"}
{"op_code": 7, "worker_id": "bcbccd58-cf2c-4399-bb89-0ce5a0ba79dd-556", "trial_id": 9, "step": 0, "intermediate_value": 0.345871454680093}
{"op_code": 7, "worker_id": "bcbccd58-cf2c-4399-bb89-0ce5a0ba79dd-556", "trial_id": 9, "step": 1, "intermediate_value": 0.345871454680093}
{"op_code": 9, "worker_id": "bcbccd58-cf2c-4399-bb89-0ce5a0ba79dd-556", "trial_id": 9, "system_attr": {"completed_rung_0": 0.345871454680093}}
{"op_code": 7, "worker_id": "bcbccd58-cf2c-4399-bb89-0ce5a0ba79dd-556", "trial_id": 9, "step": 2, "intermediate_value": 0.345871454680093}
{"op_code": 6, "worker_id": "bcbccd58-cf2c-4399-bb89-0ce5a0ba79dd-556", "trial_id": 9, "state": 1, "values": [0.345871454680093], "datetime_complete": "2024-03-19T11:13:01.564023"}
{"op_code": 4, "worker_id": "bcbccd58-cf2c-4399-bb89-0ce5a0ba79dd-556", "study_id": 0, "datetime_start": "2024-03-19T11:13:01.679012"}
{"op_code": 5, "worker_id": "bcbccd58-cf2c-4399-bb89-0ce5a0ba79dd-556", "trial_id": 10, "param_name": "n_estimators", "param_value_internal": 2, "distribution": "{\"name\": \"CategoricalDistribution\", \"attributes\": {\"choices\": [5, 10, 20, 50]}}"}
{"op_code": 5, "worker_id": "bcbccd58-cf2c-4399-bb89-0ce5a0ba79dd-556", "trial_id": 10, "param_name": "learning_rate", "param_value_internal": 0.08499406249380892, "distribution": "{\"name\": \"FloatDistribution\", \"attributes\": {\"step\": null, \"low\": 0.05, \"high\": 0.175, \"log\": false}}"}
{"op_code": 5, "worker_id": "bcbccd58-cf2c-4399-bb89-0ce5a0ba79dd-556", "trial_id": 10, "param_name": "max_depth", "param_value_internal": 0, "distribution": "{\"name\": \"CategoricalDistribution\", \"attributes\": {\"choices\": [1, 2, 3]}}"}
{"op_code": 7, "worker_id": "bcbccd58-cf2c-4399-bb89-0ce5a0ba79dd-556", "trial_id": 10, "step": 0, "intermediate_value": 0.0815736361838254}
{"op_code": 7, "worker_id": "bcbccd58-cf2c-4399-bb89-0ce5a0ba79dd-556", "trial_id": 10, "step": 1, "intermediate_value": 0.0815736361838254}
{"op_code": 9, "worker_id": "bcbccd58-cf2c-4399-bb89-0ce5a0ba79dd-556", "trial_id": 10, "system_attr": {"completed_rung_0": 0.0815736361838254}}
{"op_code": 6, "worker_id": "bcbccd58-cf2c-4399-bb89-0ce5a0ba79dd-556", "trial_id": 10, "state": 2, "values": [0.0815736361838254], "datetime_complete": "2024-03-19T11:13:05.158362"}
{"op_code": 4, "worker_id": "bcbccd58-cf2c-4399-bb89-0ce5a0ba79dd-556", "study_id": 0, "datetime_start": "2024-03-19T11:13:05.550026"}
{"op_code": 5, "worker_id": "bcbccd58-cf2c-4399-bb89-0ce5a0ba79dd-556", "trial_id": 11, "param_name": "n_estimators", "param_value_internal": 2, "distribution": "{\"name\": \"CategoricalDistribution\", \"attributes\": {\"choices\": [5, 10, 20, 50]}}"}
{"op_code": 5, "worker_id": "bcbccd58-cf2c-4399-bb89-0ce5a0ba79dd-556", "trial_id": 11, "param_name": "learning_rate", "param_value_internal": 0.1531242625970818, "distribution": "{\"name\": \"FloatDistribution\", \"attributes\": {\"step\": null, \"low\": 0.05, \"high\": 0.175, \"log\": false}}"}
{"op_code": 5, "worker_id": "bcbccd58-cf2c-4399-bb89-0ce5a0ba79dd-556", "trial_id": 11, "param_name": "max_depth", "param_value_internal": 2, "distribution": "{\"name\": \"CategoricalDistribution\", \"attributes\": {\"choices\": [1, 2, 3]}}"}
{"op_code": 7, "worker_id": "bcbccd58-cf2c-4399-bb89-0ce5a0ba79dd-556", "trial_id": 11, "step": 0, "intermediate_value": 0.2741836494297077}
{"op_code": 7, "worker_id": "bcbccd58-cf2c-4399-bb89-0ce5a0ba79dd-556", "trial_id": 11, "step": 1, "intermediate_value": 0.2741836494297077}
{"op_code": 7, "worker_id": "bcbccd58-cf2c-4399-bb89-0ce5a0ba79dd-556", "trial_id": 11, "step": 2, "intermediate_value": 0.2741836494297077}
{"op_code": 6, "worker_id": "bcbccd58-cf2c-4399-bb89-0ce5a0ba79dd-556", "trial_id": 11, "state": 1, "values": [0.2741836494297077], "datetime_complete": "2024-03-19T11:13:12.900567"}
{"op_code": 4, "worker_id": "bcbccd58-cf2c-4399-bb89-0ce5a0ba79dd-556", "study_id": 0, "datetime_start": "2024-03-19T11:13:13.277631"}
{"op_code": 5, "worker_id": "bcbccd58-cf2c-4399-bb89-0ce5a0ba79dd-556", "trial_id": 12, "param_name": "n_estimators", "param_value_internal": 1, "distribution": "{\"name\": \"CategoricalDistribution\", \"attributes\": {\"choices\": [5, 10, 20, 50]}}"}
{"op_code": 5, "worker_id": "bcbccd58-cf2c-4399-bb89-0ce5a0ba79dd-556", "trial_id": 12, "param_name": "learning_rate", "param_value_internal": 0.14700765729935053, "distribution": "{\"name\": \"FloatDistribution\", \"attributes\": {\"step\": null, \"low\": 0.05, \"high\": 0.175, \"log\": false}}"}
{"op_code": 5, "worker_id": "bcbccd58-cf2c-4399-bb89-0ce5a0ba79dd-556", "trial_id": 12, "param_name": "max_depth", "param_value_internal": 2, "distribution": "{\"name\": \"CategoricalDistribution\", \"attributes\": {\"choices\": [1, 2, 3]}}"}
{"op_code": 7, "worker_id": "bcbccd58-cf2c-4399-bb89-0ce5a0ba79dd-556", "trial_id": 12, "step": 0, "intermediate_value": 0.22791967875300592}
{"op_code": 7, "worker_id": "bcbccd58-cf2c-4399-bb89-0ce5a0ba79dd-556", "trial_id": 12, "step": 1, "intermediate_value": 0.22791967875300592}
{"op_code": 9, "worker_id": "bcbccd58-cf2c-4399-bb89-0ce5a0ba79dd-556", "trial_id": 12, "system_attr": {"completed_rung_0": 0.22791967875300592}}
{"op_code": 6, "worker_id": "bcbccd58-cf2c-4399-bb89-0ce5a0ba79dd-556", "trial_id": 12, "state": 2, "values": [0.22791967875300592], "datetime_complete": "2024-03-19T11:13:17.613538"}
{"op_code": 4, "worker_id": "bcbccd58-cf2c-4399-bb89-0ce5a0ba79dd-556", "study_id": 0, "datetime_start": "2024-03-19T11:13:17.778480"}
{"op_code": 5, "worker_id": "bcbccd58-cf2c-4399-bb89-0ce5a0ba79dd-556", "trial_id": 13, "param_name": "n_estimators", "param_value_internal": 2, "distribution": "{\"name\": \"CategoricalDistribution\", \"attributes\": {\"choices\": [5, 10, 20, 50]}}"}
{"op_code": 5, "worker_id": "bcbccd58-cf2c-4399-bb89-0ce5a0ba79dd-556", "trial_id": 13, "param_name": "learning_rate", "param_value_internal": 0.17126623458467732, "distribution": "{\"name\": \"FloatDistribution\", \"attributes\": {\"step\": null, \"low\": 0.05, \"high\": 0.175, \"log\": false}}"}
{"op_code": 5, "worker_id": "bcbccd58-cf2c-4399-bb89-0ce5a0ba79dd-556", "trial_id": 13, "param_name": "max_depth", "param_value_internal": 2, "distribution": "{\"name\": \"CategoricalDistribution\", \"attributes\": {\"choices\": [1, 2, 3]}}"}
{"op_code": 7, "worker_id": "bcbccd58-cf2c-4399-bb89-0ce5a0ba79dd-556", "trial_id": 13, "step": 0, "intermediate_value": 0.2809010765516687}
{"op_code": 7, "worker_id": "bcbccd58-cf2c-4399-bb89-0ce5a0ba79dd-556", "trial_id": 13, "step": 1, "intermediate_value": 0.2809010765516687}
{"op_code": 9, "worker_id": "bcbccd58-cf2c-4399-bb89-0ce5a0ba79dd-556", "trial_id": 13, "system_attr": {"completed_rung_0": 0.2809010765516687}}
{"op_code": 6, "worker_id": "bcbccd58-cf2c-4399-bb89-0ce5a0ba79dd-556", "trial_id": 13, "state": 2, "values": [0.2809010765516687], "datetime_complete": "2024-03-19T11:13:23.955312"}
{"op_code": 4, "worker_id": "bcbccd58-cf2c-4399-bb89-0ce5a0ba79dd-556", "study_id": 0, "datetime_start": "2024-03-19T11:13:24.532990"}
{"op_code": 5, "worker_id": "bcbccd58-cf2c-4399-bb89-0ce5a0ba79dd-556", "trial_id": 14, "param_name": "n_estimators", "param_value_internal": 0, "distribution": "{\"name\": \"CategoricalDistribution\", \"attributes\": {\"choices\": [5, 10, 20, 50]}}"}
{"op_code": 5, "worker_id": "bcbccd58-cf2c-4399-bb89-0ce5a0ba79dd-556", "trial_id": 14, "param_name": "learning_rate", "param_value_internal": 0.1305038300079223, "distribution": "{\"name\": \"FloatDistribution\", \"attributes\": {\"step\": null, \"low\": 0.05, \"high\": 0.175, \"log\": false}}"}
{"op_code": 5, "worker_id": "bcbccd58-cf2c-4399-bb89-0ce5a0ba79dd-556", "trial_id": 14, "param_name": "max_depth", "param_value_internal": 2, "distribution": "{\"name\": \"CategoricalDistribution\", \"attributes\": {\"choices\": [1, 2, 3]}}"}
{"op_code": 7, "worker_id": "bcbccd58-cf2c-4399-bb89-0ce5a0ba79dd-556", "trial_id": 14, "step": 0, "intermediate_value": 0.2578648387265287}
{"op_code": 7, "worker_id": "bcbccd58-cf2c-4399-bb89-0ce5a0ba79dd-556", "trial_id": 14, "step": 1, "intermediate_value": 0.2578648387265287}
{"op_code": 9, "worker_id": "bcbccd58-cf2c-4399-bb89-0ce5a0ba79dd-556", "trial_id": 14, "system_attr": {"completed_rung_0": 0.2578648387265287}}
{"op_code": 6, "worker_id": "bcbccd58-cf2c-4399-bb89-0ce5a0ba79dd-556", "trial_id": 14, "state": 2, "values": [0.2578648387265287], "datetime_complete": "2024-03-19T11:13:28.038017"}
{"op_code": 4, "worker_id": "bcbccd58-cf2c-4399-bb89-0ce5a0ba79dd-556", "study_id": 0, "datetime_start": "2024-03-19T11:13:28.365370"}
{"op_code": 5, "worker_id": "bcbccd58-cf2c-4399-bb89-0ce5a0ba79dd-556", "trial_id": 15, "param_name": "n_estimators", "param_value_internal": 2, "distribution": "{\"name\": \"CategoricalDistribution\", \"attributes\": {\"choices\": [5, 10, 20, 50]}}"}
{"op_code": 5, "worker_id": "bcbccd58-cf2c-4399-bb89-0ce5a0ba79dd-556", "trial_id": 15, "param_name": "learning_rate", "param_value_internal": 0.1508030451064518, "distribution": "{\"name\": \"FloatDistribution\", \"attributes\": {\"step\": null, \"low\": 0.05, \"high\": 0.175, \"log\": false}}"}
{"op_code": 5, "worker_id": "bcbccd58-cf2c-4399-bb89-0ce5a0ba79dd-556", "trial_id": 15, "param_name": "max_depth", "param_value_internal": 1, "distribution": "{\"name\": \"CategoricalDistribution\", \"attributes\": {\"choices\": [1, 2, 3]}}"}
{"op_code": 7, "worker_id": "bcbccd58-cf2c-4399-bb89-0ce5a0ba79dd-556", "trial_id": 15, "step": 0, "intermediate_value": 0.20510875898780934}
{"op_code": 7, "worker_id": "bcbccd58-cf2c-4399-bb89-0ce5a0ba79dd-556", "trial_id": 15, "step": 1, "intermediate_value": 0.20510875898780934}
{"op_code": 9, "worker_id": "bcbccd58-cf2c-4399-bb89-0ce5a0ba79dd-556", "trial_id": 15, "system_attr": {"completed_rung_0": 0.20510875898780934}}
{"op_code": 6, "worker_id": "bcbccd58-cf2c-4399-bb89-0ce5a0ba79dd-556", "trial_id": 15, "state": 2, "values": [0.20510875898780934], "datetime_complete": "2024-03-19T11:13:33.330528"}
{"op_code": 4, "worker_id": "bcbccd58-cf2c-4399-bb89-0ce5a0ba79dd-556", "study_id": 0, "datetime_start": "2024-03-19T11:13:33.654831"}
{"op_code": 5, "worker_id": "bcbccd58-cf2c-4399-bb89-0ce5a0ba79dd-556", "trial_id": 16, "param_name": "n_estimators", "param_value_internal": 0, "distribution": "{\"name\": \"CategoricalDistribution\", \"attributes\": {\"choices\": [5, 10, 20, 50]}}"}
{"op_code": 5, "worker_id": "bcbccd58-cf2c-4399-bb89-0ce5a0ba79dd-556", "trial_id": 16, "param_name": "learning_rate", "param_value_internal": 0.17488291419102298, "distribution": "{\"name\": \"FloatDistribution\", \"attributes\": {\"step\": null, \"low\": 0.05, \"high\": 0.175, \"log\": false}}"}
{"op_code": 5, "worker_id": "bcbccd58-cf2c-4399-bb89-0ce5a0ba79dd-556", "trial_id": 16, "param_name": "max_depth", "param_value_internal": 2, "distribution": "{\"name\": \"CategoricalDistribution\", \"attributes\": {\"choices\": [1, 2, 3]}}"}
{"op_code": 7, "worker_id": "bcbccd58-cf2c-4399-bb89-0ce5a0ba79dd-556", "trial_id": 16, "step": 0, "intermediate_value": 0.3367528522416226}
{"op_code": 7, "worker_id": "bcbccd58-cf2c-4399-bb89-0ce5a0ba79dd-556", "trial_id": 16, "step": 1, "intermediate_value": 0.3367528522416226}
{"op_code": 7, "worker_id": "bcbccd58-cf2c-4399-bb89-0ce5a0ba79dd-556", "trial_id": 16, "step": 2, "intermediate_value": 0.3367528522416226}
{"op_code": 6, "worker_id": "bcbccd58-cf2c-4399-bb89-0ce5a0ba79dd-556", "trial_id": 16, "state": 1, "values": [0.3367528522416226], "datetime_complete": "2024-03-19T11:13:36.798671"}
{"op_code": 4, "worker_id": "bcbccd58-cf2c-4399-bb89-0ce5a0ba79dd-556", "study_id": 0, "datetime_start": "2024-03-19T11:13:37.159609"}
{"op_code": 5, "worker_id": "bcbccd58-cf2c-4399-bb89-0ce5a0ba79dd-556", "trial_id": 17, "param_name": "n_estimators", "param_value_internal": 1, "distribution": "{\"name\": \"CategoricalDistribution\", \"attributes\": {\"choices\": [5, 10, 20, 50]}}"}
{"op_code": 5, "worker_id": "bcbccd58-cf2c-4399-bb89-0ce5a0ba79dd-556", "trial_id": 17, "param_name": "learning_rate", "param_value_internal": 0.1567839126973598, "distribution": "{\"name\": \"FloatDistribution\", \"attributes\": {\"step\": null, \"low\": 0.05, \"high\": 0.175, \"log\": false}}"}
{"op_code": 5, "worker_id": "bcbccd58-cf2c-4399-bb89-0ce5a0ba79dd-556", "trial_id": 17, "param_name": "max_depth", "param_value_internal": 2, "distribution": "{\"name\": \"CategoricalDistribution\", \"attributes\": {\"choices\": [1, 2, 3]}}"}
{"op_code": 7, "worker_id": "bcbccd58-cf2c-4399-bb89-0ce5a0ba79dd-556", "trial_id": 17, "step": 0, "intermediate_value": 0.2828118974632798}
{"op_code": 7, "worker_id": "bcbccd58-cf2c-4399-bb89-0ce5a0ba79dd-556", "trial_id": 17, "step": 1, "intermediate_value": 0.2828118974632798}
{"op_code": 7, "worker_id": "bcbccd58-cf2c-4399-bb89-0ce5a0ba79dd-556", "trial_id": 17, "step": 2, "intermediate_value": 0.2828118974632798}
{"op_code": 6, "worker_id": "bcbccd58-cf2c-4399-bb89-0ce5a0ba79dd-556", "trial_id": 17, "state": 1, "values": [0.2828118974632798], "datetime_complete": "2024-03-19T11:13:42.609529"}
{"op_code": 4, "worker_id": "bcbccd58-cf2c-4399-bb89-0ce5a0ba79dd-556", "study_id": 0, "datetime_start": "2024-03-19T11:13:43.025948"}
{"op_code": 5, "worker_id": "bcbccd58-cf2c-4399-bb89-0ce5a0ba79dd-556", "trial_id": 18, "param_name": "n_estimators", "param_value_internal": 0, "distribution": "{\"name\": \"CategoricalDistribution\", \"attributes\": {\"choices\": [5, 10, 20, 50]}}"}
{"op_code": 5, "worker_id": "bcbccd58-cf2c-4399-bb89-0ce5a0ba79dd-556", "trial_id": 18, "param_name": "learning_rate", "param_value_internal": 0.12429479004948382, "distribution": "{\"name\": \"FloatDistribution\", \"attributes\": {\"step\": null, \"low\": 0.05, \"high\": 0.175, \"log\": false}}"}
{"op_code": 5, "worker_id": "bcbccd58-cf2c-4399-bb89-0ce5a0ba79dd-556", "trial_id": 18, "param_name": "max_depth", "param_value_internal": 0, "distribution": "{\"name\": \"CategoricalDistribution\", \"attributes\": {\"choices\": [1, 2, 3]}}"}
{"op_code": 7, "worker_id": "bcbccd58-cf2c-4399-bb89-0ce5a0ba79dd-556", "trial_id": 18, "step": 0, "intermediate_value": 0.04199954173178857}
{"op_code": 7, "worker_id": "bcbccd58-cf2c-4399-bb89-0ce5a0ba79dd-556", "trial_id": 18, "step": 1, "intermediate_value": 0.04199954173178857}
{"op_code": 9, "worker_id": "bcbccd58-cf2c-4399-bb89-0ce5a0ba79dd-556", "trial_id": 18, "system_attr": {"completed_rung_0": 0.04199954173178857}}
{"op_code": 6, "worker_id": "bcbccd58-cf2c-4399-bb89-0ce5a0ba79dd-556", "trial_id": 18, "state": 2, "values": [0.04199954173178857], "datetime_complete": "2024-03-19T11:13:46.679746"}
{"op_code": 4, "worker_id": "bcbccd58-cf2c-4399-bb89-0ce5a0ba79dd-556", "study_id": 0, "datetime_start": "2024-03-19T11:13:46.974288"}
{"op_code": 5, "worker_id": "bcbccd58-cf2c-4399-bb89-0ce5a0ba79dd-556", "trial_id": 19, "param_name": "n_estimators", "param_value_internal": 2, "distribution": "{\"name\": \"CategoricalDistribution\", \"attributes\": {\"choices\": [5, 10, 20, 50]}}"}
{"op_code": 5, "worker_id": "bcbccd58-cf2c-4399-bb89-0ce5a0ba79dd-556", "trial_id": 19, "param_name": "learning_rate", "param_value_internal": 0.14871042250096356, "distribution": "{\"name\": \"FloatDistribution\", \"attributes\": {\"step\": null, \"low\": 0.05, \"high\": 0.175, \"log\": false}}"}
{"op_code": 5, "worker_id": "bcbccd58-cf2c-4399-bb89-0ce5a0ba79dd-556", "trial_id": 19, "param_name": "max_depth", "param_value_internal": 1, "distribution": "{\"name\": \"CategoricalDistribution\", \"attributes\": {\"choices\": [1, 2, 3]}}"}
{"op_code": 7, "worker_id": "bcbccd58-cf2c-4399-bb89-0ce5a0ba79dd-556", "trial_id": 19, "step": 0, "intermediate_value": 0.20500001197572906}
{"op_code": 7, "worker_id": "bcbccd58-cf2c-4399-bb89-0ce5a0ba79dd-556", "trial_id": 19, "step": 1, "intermediate_value": 0.20500001197572906}
{"op_code": 7, "worker_id": "bcbccd58-cf2c-4399-bb89-0ce5a0ba79dd-556", "trial_id": 19, "step": 2, "intermediate_value": 0.20500001197572906}
{"op_code": 6, "worker_id": "bcbccd58-cf2c-4399-bb89-0ce5a0ba79dd-556", "trial_id": 19, "state": 1, "values": [0.20500001197572906], "datetime_complete": "2024-03-19T11:13:53.949490"}
