{"op_code": 0, "worker_id": "38c5ff06-0285-4c65-a5ed-d8e523f2f813-9760", "study_name": "KRR", "directions": [2]}
{"op_code": 4, "worker_id": "38c5ff06-0285-4c65-a5ed-d8e523f2f813-3808", "study_id": 0, "datetime_start": "2024-03-19T11:12:09.258813"}
{"op_code": 5, "worker_id": "38c5ff06-0285-4c65-a5ed-d8e523f2f813-3808", "trial_id": 0, "param_name": "alpha", "param_value_internal": 0.7417530634689598, "distribution": "{\"name\": \"FloatDistribution\", \"attributes\": {\"step\": null, \"low\": 0.3, \"high\": 1.0, \"log\": false}}"}
{"op_code": 5, "worker_id": "38c5ff06-0285-4c65-a5ed-d8e523f2f813-3808", "trial_id": 0, "param_name": "gamma", "param_value_internal": 0.16084344609489876, "distribution": "{\"name\": \"FloatDistribution\", \"attributes\": {\"step\": null, \"low\": 0.1, \"high\": 0.3, \"log\": false}}"}
{"op_code": 5, "worker_id": "38c5ff06-0285-4c65-a5ed-d8e523f2f813-3808", "trial_id": 0, "param_name": "kernel", "param_value_internal": 1, "distribution": "{\"name\": \"CategoricalDistribution\", \"attributes\": {\"choices\": [\"laplacian\", \"rbf\"]}}"}
{"op_code": 7, "worker_id": "38c5ff06-0285-4c65-a5ed-d8e523f2f813-3808", "trial_id": 0, "step": 0, "intermediate_value": 0.2670773437712431}
{"op_code": 7, "worker_id": "38c5ff06-0285-4c65-a5ed-d8e523f2f813-3808", "trial_id": 0, "step": 1, "intermediate_value": 0.2670773437712431}
{"op_code": 7, "worker_id": "38c5ff06-0285-4c65-a5ed-d8e523f2f813-3808", "trial_id": 0, "step": 2, "intermediate_value": 0.2670773437712431}
{"op_code": 6, "worker_id": "38c5ff06-0285-4c65-a5ed-d8e523f2f813-3808", "trial_id": 0, "state": 1, "values": [0.2670773437712431], "datetime_complete": "2024-03-19T11:12:11.829679"}
{"op_code": 4, "worker_id": "38c5ff06-0285-4c65-a5ed-d8e523f2f813-3808", "study_id": 0, "datetime_start": "2024-03-19T11:12:11.993793"}
{"op_code": 5, "worker_id": "38c5ff06-0285-4c65-a5ed-d8e523f2f813-3808", "trial_id": 1, "param_name": "alpha", "param_value_internal": 0.7258480986017743, "distribution": "{\"name\": \"FloatDistribution\", \"attributes\": {\"step\": null, \"low\": 0.3, \"high\": 1.0, \"log\": false}}"}
{"op_code": 5, "worker_id": "38c5ff06-0285-4c65-a5ed-d8e523f2f813-3808", "trial_id": 1, "param_name": "gamma", "param_value_internal": 0.16344148239226655, "distribution": "{\"name\": \"FloatDistribution\", \"attributes\": {\"step\": null, \"low\": 0.1, \"high\": 0.3, \"log\": false}}"}
{"op_code": 5, "worker_id": "38c5ff06-0285-4c65-a5ed-d8e523f2f813-3808", "trial_id": 1, "param_name": "kernel", "param_value_internal": 1, "distribution": "{\"name\": \"CategoricalDistribution\", \"attributes\": {\"choices\": [\"laplacian\", \"rbf\"]}}"}
{"op_code": 7, "worker_id": "38c5ff06-0285-4c65-a5ed-d8e523f2f813-3808", "trial_id": 1, "step": 0, "intermediate_value": 0.2651131274794078}
{"op_code": 7, "worker_id": "38c5ff06-0285-4c65-a5ed-d8e523f2f813-3808", "trial_id": 1, "step": 1, "intermediate_value": 0.2651131274794078}
{"op_code": 9, "worker_id": "38c5ff06-0285-4c65-a5ed-d8e523f2f813-3808", "trial_id": 1, "system_attr": {"completed_rung_0": 0.2651131274794078}}
{"op_code": 7, "worker_id": "38c5ff06-0285-4c65-a5ed-d8e523f2f813-3808", "trial_id": 1, "step": 2, "intermediate_value": 0.2651131274794078}
{"op_code": 6, "worker_id": "38c5ff06-0285-4c65-a5ed-d8e523f2f813-3808", "trial_id": 1, "state": 1, "values": [0.2651131274794078], "datetime_complete": "2024-03-19T11:12:15.556096"}
{"op_code": 4, "worker_id": "38c5ff06-0285-4c65-a5ed-d8e523f2f813-3808", "study_id": 0, "datetime_start": "2024-03-19T11:12:15.827429"}
{"op_code": 5, "worker_id": "38c5ff06-0285-4c65-a5ed-d8e523f2f813-3808", "trial_id": 2, "param_name": "alpha", "param_value_internal": 0.9533381621868287, "distribution": "{\"name\": \"FloatDistribution\", \"attributes\": {\"step\": null, \"low\": 0.3, \"high\": 1.0, \"log\": false}}"}
{"op_code": 5, "worker_id": "38c5ff06-0285-4c65-a5ed-d8e523f2f813-3808", "trial_id": 2, "param_name": "gamma", "param_value_internal": 0.10146643462761737, "distribution": "{\"name\": \"FloatDistribution\", \"attributes\": {\"step\": null, \"low\": 0.1, \"high\": 0.3, \"log\": false}}"}
{"op_code": 5, "worker_id": "38c5ff06-0285-4c65-a5ed-d8e523f2f813-3808", "trial_id": 2, "param_name": "kernel", "param_value_internal": 1, "distribution": "{\"name\": \"CategoricalDistribution\", \"attributes\": {\"choices\": [\"laplacian\", \"rbf\"]}}"}
{"op_code": 7, "worker_id": "38c5ff06-0285-4c65-a5ed-d8e523f2f813-3808", "trial_id": 2, "step": 0, "intermediate_value": 0.34139812284120724}
{"op_code": 7, "worker_id": "38c5ff06-0285-4c65-a5ed-d8e523f2f813-3808", "trial_id": 2, "step": 1, "intermediate_value": 0.34139812284120724}
{"op_code": 9, "worker_id": "38c5ff06-0285-4c65-a5ed-d8e523f2f813-3808", "trial_id": 2, "system_attr": {"completed_rung_0": 0.34139812284120724}}
{"op_code": 7, "worker_id": "38c5ff06-0285-4c65-a5ed-d8e523f2f813-3808", "trial_id": 2, "step": 2, "intermediate_value": 0.34139812284120724}
{"op_code": 6, "worker_id": "38c5ff06-0285-4c65-a5ed-d8e523f2f813-3808", "trial_id": 2, "state": 1, "values": [0.34139812284120724], "datetime_complete": "2024-03-19T11:12:20.113563"}
{"op_code": 4, "worker_id": "38c5ff06-0285-4c65-a5ed-d8e523f2f813-3808", "study_id": 0, "datetime_start": "2024-03-19T11:12:20.562650"}
{"op_code": 5, "worker_id": "38c5ff06-0285-4c65-a5ed-d8e523f2f813-3808", "trial_id": 3, "param_name": "alpha", "param_value_internal": 0.9969698878617854, "distribution": "{\"name\": \"FloatDistribution\", \"attributes\": {\"step\": null, \"low\": 0.3, \"high\": 1.0, \"log\": false}}"}
{"op_code": 5, "worker_id": "38c5ff06-0285-4c65-a5ed-d8e523f2f813-3808", "trial_id": 3, "param_name": "gamma", "param_value_internal": 0.10359996097575534, "distribution": "{\"name\": \"FloatDistribution\", \"attributes\": {\"step\": null, \"low\": 0.1, \"high\": 0.3, \"log\": false}}"}
{"op_code": 5, "worker_id": "38c5ff06-0285-4c65-a5ed-d8e523f2f813-3808", "trial_id": 3, "param_name": "kernel", "param_value_internal": 0, "distribution": "{\"name\": \"CategoricalDistribution\", \"attributes\": {\"choices\": [\"laplacian\", \"rbf\"]}}"}
{"op_code": 7, "worker_id": "38c5ff06-0285-4c65-a5ed-d8e523f2f813-3808", "trial_id": 3, "step": 0, "intermediate_value": 0.33553945694652876}
{"op_code": 7, "worker_id": "38c5ff06-0285-4c65-a5ed-d8e523f2f813-3808", "trial_id": 3, "step": 1, "intermediate_value": 0.33553945694652876}
{"op_code": 9, "worker_id": "38c5ff06-0285-4c65-a5ed-d8e523f2f813-3808", "trial_id": 3, "system_attr": {"completed_rung_0": 0.33553945694652876}}
{"op_code": 6, "worker_id": "38c5ff06-0285-4c65-a5ed-d8e523f2f813-3808", "trial_id": 3, "state": 2, "values": [0.33553945694652876], "datetime_complete": "2024-03-19T11:12:24.397000"}
{"op_code": 4, "worker_id": "38c5ff06-0285-4c65-a5ed-d8e523f2f813-3808", "study_id": 0, "datetime_start": "2024-03-19T11:12:24.665226"}
{"op_code": 5, "worker_id": "38c5ff06-0285-4c65-a5ed-d8e523f2f813-3808", "trial_id": 4, "param_name": "alpha", "param_value_internal": 0.43954124327667626, "distribution": "{\"name\": \"FloatDistribution\", \"attributes\": {\"step\": null, \"low\": 0.3, \"high\": 1.0, \"log\": false}}"}
{"op_code": 5, "worker_id": "38c5ff06-0285-4c65-a5ed-d8e523f2f813-3808", "trial_id": 4, "param_name": "gamma", "param_value_internal": 0.2734754830178691, "distribution": "{\"name\": \"FloatDistribution\", \"attributes\": {\"step\": null, \"low\": 0.1, \"high\": 0.3, \"log\": false}}"}
{"op_code": 5, "worker_id": "38c5ff06-0285-4c65-a5ed-d8e523f2f813-3808", "trial_id": 4, "param_name": "kernel", "param_value_internal": 1, "distribution": "{\"name\": \"CategoricalDistribution\", \"attributes\": {\"choices\": [\"laplacian\", \"rbf\"]}}"}
{"op_code": 7, "worker_id": "38c5ff06-0285-4c65-a5ed-d8e523f2f813-3808", "trial_id": 4, "step": 0, "intermediate_value": 0.25087086021456007}
{"op_code": 7, "worker_id": "38c5ff06-0285-4c65-a5ed-d8e523f2f813-3808", "trial_id": 4, "step": 1, "intermediate_value": 0.25087086021456007}
{"op_code": 7, "worker_id": "38c5ff06-0285-4c65-a5ed-d8e523f2f813-3808", "trial_id": 4, "step": 2, "intermediate_value": 0.25087086021456007}
{"op_code": 6, "worker_id": "38c5ff06-0285-4c65-a5ed-d8e523f2f813-3808", "trial_id": 4, "state": 1, "values": [0.25087086021456007], "datetime_complete": "2024-03-19T11:12:27.528798"}
{"op_code": 4, "worker_id": "38c5ff06-0285-4c65-a5ed-d8e523f2f813-3808", "study_id": 0, "datetime_start": "2024-03-19T11:12:27.766976"}
{"op_code": 5, "worker_id": "38c5ff06-0285-4c65-a5ed-d8e523f2f813-3808", "trial_id": 5, "param_name": "alpha", "param_value_internal": 0.9912930463177702, "distribution": "{\"name\": \"FloatDistribution\", \"attributes\": {\"step\": null, \"low\": 0.3, \"high\": 1.0, \"log\": false}}"}
{"op_code": 5, "worker_id": "38c5ff06-0285-4c65-a5ed-d8e523f2f813-3808", "trial_id": 5, "param_name": "gamma", "param_value_internal": 0.10704657114969983, "distribution": "{\"name\": \"FloatDistribution\", \"attributes\": {\"step\": null, \"low\": 0.1, \"high\": 0.3, \"log\": false}}"}
{"op_code": 5, "worker_id": "38c5ff06-0285-4c65-a5ed-d8e523f2f813-3808", "trial_id": 5, "param_name": "kernel", "param_value_internal": 0, "distribution": "{\"name\": \"CategoricalDistribution\", \"attributes\": {\"choices\": [\"laplacian\", \"rbf\"]}}"}
{"op_code": 7, "worker_id": "38c5ff06-0285-4c65-a5ed-d8e523f2f813-3808", "trial_id": 5, "step": 0, "intermediate_value": 0.33016674767768506}
{"op_code": 7, "worker_id": "38c5ff06-0285-4c65-a5ed-d8e523f2f813-3808", "trial_id": 5, "step": 1, "intermediate_value": 0.33016674767768506}
{"op_code": 9, "worker_id": "38c5ff06-0285-4c65-a5ed-d8e523f2f813-3808", "trial_id": 5, "system_attr": {"completed_rung_0": 0.33016674767768506}}
{"op_code": 6, "worker_id": "38c5ff06-0285-4c65-a5ed-d8e523f2f813-3808", "trial_id": 5, "state": 2, "values": [0.33016674767768506], "datetime_complete": "2024-03-19T11:12:31.964213"}
{"op_code": 4, "worker_id": "38c5ff06-0285-4c65-a5ed-d8e523f2f813-3808", "study_id": 0, "datetime_start": "2024-03-19T11:12:32.095318"}
{"op_code": 5, "worker_id": "38c5ff06-0285-4c65-a5ed-d8e523f2f813-3808", "trial_id": 6, "param_name": "alpha", "param_value_internal": 0.33779141286208586, "distribution": "{\"name\": \"FloatDistribution\", \"attributes\": {\"step\": null, \"low\": 0.3, \"high\": 1.0, \"log\": false}}"}
{"op_code": 5, "worker_id": "38c5ff06-0285-4c65-a5ed-d8e523f2f813-3808", "trial_id": 6, "param_name": "gamma", "param_value_internal": 0.23055800125751533, "distribution": "{\"name\": \"FloatDistribution\", \"attributes\": {\"step\": null, \"low\": 0.1, \"high\": 0.3, \"log\": false}}"}
{"op_code": 5, "worker_id": "38c5ff06-0285-4c65-a5ed-d8e523f2f813-3808", "trial_id": 6, "param_name": "kernel", "param_value_internal": 1, "distribution": "{\"name\": \"CategoricalDistribution\", \"attributes\": {\"choices\": [\"laplacian\", \"rbf\"]}}"}
{"op_code": 7, "worker_id": "38c5ff06-0285-4c65-a5ed-d8e523f2f813-3808", "trial_id": 6, "step": 0, "intermediate_value": 0.25156071472536035}
{"op_code": 7, "worker_id": "38c5ff06-0285-4c65-a5ed-d8e523f2f813-3808", "trial_id": 6, "step": 1, "intermediate_value": 0.25156071472536035}
{"op_code": 9, "worker_id": "38c5ff06-0285-4c65-a5ed-d8e523f2f813-3808", "trial_id": 6, "system_attr": {"completed_rung_0": 0.25156071472536035}}
{"op_code": 6, "worker_id": "38c5ff06-0285-4c65-a5ed-d8e523f2f813-3808", "trial_id": 6, "state": 2, "values": [0.25156071472536035], "datetime_complete": "2024-03-19T11:12:35.244595"}
{"op_code": 4, "worker_id": "38c5ff06-0285-4c65-a5ed-d8e523f2f813-3808", "study_id": 0, "datetime_start": "2024-03-19T11:12:35.515590"}
{"op_code": 5, "worker_id": "38c5ff06-0285-4c65-a5ed-d8e523f2f813-3808", "trial_id": 7, "param_name": "alpha", "param_value_internal": 0.8405454588594551, "distribution": "{\"name\": \"FloatDistribution\", \"attributes\": {\"step\": null, \"low\": 0.3, \"high\": 1.0, \"log\": false}}"}
{"op_code": 5, "worker_id": "38c5ff06-0285-4c65-a5ed-d8e523f2f813-3808", "trial_id": 7, "param_name": "gamma", "param_value_internal": 0.18857279076282463, "distribution": "{\"name\": \"FloatDistribution\", \"attributes\": {\"step\": null, \"low\": 0.1, \"high\": 0.3, \"log\": false}}"}
{"op_code": 5, "worker_id": "38c5ff06-0285-4c65-a5ed-d8e523f2f813-3808", "trial_id": 7, "param_name": "kernel", "param_value_internal": 1, "distribution": "{\"name\": \"CategoricalDistribution\", \"attributes\": {\"choices\": [\"laplacian\", \"rbf\"]}}"}
{"op_code": 7, "worker_id": "38c5ff06-0285-4c65-a5ed-d8e523f2f813-3808", "trial_id": 7, "step": 0, "intermediate_value": 0.2476322821416896}
{"op_code": 7, "worker_id": "38c5ff06-0285-4c65-a5ed-d8e523f2f813-3808", "trial_id": 7, "step": 1, "intermediate_value": 0.2476322821416896}
{"op_code": 9, "worker_id": "38c5ff06-0285-4c65-a5ed-d8e523f2f813-3808", "trial_id": 7, "system_attr": {"completed_rung_0": 0.2476322821416896}}
{"op_code": 6, "worker_id": "38c5ff06-0285-4c65-a5ed-d8e523f2f813-3808", "trial_id": 7, "state": 2, "values": [0.2476322821416896], "datetime_complete": "2024-03-19T11:12:38.042046"}
{"op_code": 4, "worker_id": "38c5ff06-0285-4c65-a5ed-d8e523f2f813-3808", "study_id": 0, "datetime_start": "2024-03-19T11:12:38.302406"}
{"op_code": 5, "worker_id": "38c5ff06-0285-4c65-a5ed-d8e523f2f813-3808", "trial_id": 8, "param_name": "alpha", "param_value_internal": 0.5770097154037814, "distribution": "{\"name\": \"FloatDistribution\", \"attributes\": {\"step\": null, \"low\": 0.3, \"high\": 1.0, \"log\": false}}"}
{"op_code": 5, "worker_id": "38c5ff06-0285-4c65-a5ed-d8e523f2f813-3808", "trial_id": 8, "param_name": "gamma", "param_value_internal": 0.1350657760252272, "distribution": "{\"name\": \"FloatDistribution\", \"attributes\": {\"step\": null, \"low\": 0.1, \"high\": 0.3, \"log\": false}}"}
{"op_code": 5, "worker_id": "38c5ff06-0285-4c65-a5ed-d8e523f2f813-3808", "trial_id": 8, "param_name": "kernel", "param_value_internal": 0, "distribution": "{\"name\": \"CategoricalDistribution\", \"attributes\": {\"choices\": [\"laplacian\", \"rbf\"]}}"}
{"op_code": 7, "worker_id": "38c5ff06-0285-4c65-a5ed-d8e523f2f813-3808", "trial_id": 8, "step": 0, "intermediate_value": 0.2907261001291709}
{"op_code": 7, "worker_id": "38c5ff06-0285-4c65-a5ed-d8e523f2f813-3808", "trial_id": 8, "step": 1, "intermediate_value": 0.2907261001291709}
{"op_code": 7, "worker_id": "38c5ff06-0285-4c65-a5ed-d8e523f2f813-3808", "trial_id": 8, "step": 2, "intermediate_value": 0.2907261001291709}
{"op_code": 6, "worker_id": "38c5ff06-0285-4c65-a5ed-d8e523f2f813-3808", "trial_id": 8, "state": 1, "values": [0.2907261001291709], "datetime_complete": "2024-03-19T11:12:42.414262"}
{"op_code": 4, "worker_id": "38c5ff06-0285-4c65-a5ed-d8e523f2f813-3808", "study_id": 0, "datetime_start": "2024-03-19T11:12:42.693938"}
{"op_code": 5, "worker_id": "38c5ff06-0285-4c65-a5ed-d8e523f2f813-3808", "trial_id": 9, "param_name": "alpha", "param_value_internal": 0.8695885996864782, "distribution": "{\"name\": \"FloatDistribution\", \"attributes\": {\"step\": null, \"low\": 0.3, \"high\": 1.0, \"log\": false}}"}
{"op_code": 5, "worker_id": "38c5ff06-0285-4c65-a5ed-d8e523f2f813-3808", "trial_id": 9, "param_name": "gamma", "param_value_internal": 0.22681891693237619, "distribution": "{\"name\": \"FloatDistribution\", \"attributes\": {\"step\": null, \"low\": 0.1, \"high\": 0.3, \"log\": false}}"}
{"op_code": 5, "worker_id": "38c5ff06-0285-4c65-a5ed-d8e523f2f813-3808", "trial_id": 9, "param_name": "kernel", "param_value_internal": 1, "distribution": "{\"name\": \"CategoricalDistribution\", \"attributes\": {\"choices\": [\"laplacian\", \"rbf\"]}}"}
{"op_code": 7, "worker_id": "38c5ff06-0285-4c65-a5ed-d8e523f2f813-3808", "trial_id": 9, "step": 0, "intermediate_value": 0.24955571885653186}
{"op_code": 7, "worker_id": "38c5ff06-0285-4c65-a5ed-d8e523f2f813-3808", "trial_id": 9, "step": 1, "intermediate_value": 0.24955571885653186}
{"op_code": 7, "worker_id": "38c5ff06-0285-4c65-a5ed-d8e523f2f813-3808", "trial_id": 9, "step": 2, "intermediate_value": 0.24955571885653186}
{"op_code": 6, "worker_id": "38c5ff06-0285-4c65-a5ed-d8e523f2f813-3808", "trial_id": 9, "state": 1, "values": [0.24955571885653186], "datetime_complete": "2024-03-19T11:12:45.577069"}
{"op_code": 4, "worker_id": "38c5ff06-0285-4c65-a5ed-d8e523f2f813-3808", "study_id": 0, "datetime_start": "2024-03-19T11:12:45.933718"}
{"op_code": 5, "worker_id": "38c5ff06-0285-4c65-a5ed-d8e523f2f813-3808", "trial_id": 10, "param_name": "alpha", "param_value_internal": 0.6120776871095859, "distribution": "{\"name\": \"FloatDistribution\", \"attributes\": {\"step\": null, \"low\": 0.3, \"high\": 1.0, \"log\": false}}"}
{"op_code": 5, "worker_id": "38c5ff06-0285-4c65-a5ed-d8e523f2f813-3808", "trial_id": 10, "param_name": "gamma", "param_value_internal": 0.13760468517735588, "distribution": "{\"name\": \"FloatDistribution\", \"attributes\": {\"step\": null, \"low\": 0.1, \"high\": 0.3, \"log\": false}}"}
{"op_code": 5, "worker_id": "38c5ff06-0285-4c65-a5ed-d8e523f2f813-3808", "trial_id": 10, "param_name": "kernel", "param_value_internal": 0, "distribution": "{\"name\": \"CategoricalDistribution\", \"attributes\": {\"choices\": [\"laplacian\", \"rbf\"]}}"}
{"op_code": 7, "worker_id": "38c5ff06-0285-4c65-a5ed-d8e523f2f813-3808", "trial_id": 10, "step": 0, "intermediate_value": 0.2875045135467143}
{"op_code": 7, "worker_id": "38c5ff06-0285-4c65-a5ed-d8e523f2f813-3808", "trial_id": 10, "step": 1, "intermediate_value": 0.2875045135467143}
{"op_code": 7, "worker_id": "38c5ff06-0285-4c65-a5ed-d8e523f2f813-3808", "trial_id": 10, "step": 2, "intermediate_value": 0.2875045135467143}
{"op_code": 6, "worker_id": "38c5ff06-0285-4c65-a5ed-d8e523f2f813-3808", "trial_id": 10, "state": 1, "values": [0.2875045135467143], "datetime_complete": "2024-03-19T11:12:49.647137"}
{"op_code": 4, "worker_id": "38c5ff06-0285-4c65-a5ed-d8e523f2f813-3808", "study_id": 0, "datetime_start": "2024-03-19T11:12:50.033688"}
{"op_code": 5, "worker_id": "38c5ff06-0285-4c65-a5ed-d8e523f2f813-3808", "trial_id": 11, "param_name": "alpha", "param_value_internal": 0.5727476808961598, "distribution": "{\"name\": \"FloatDistribution\", \"attributes\": {\"step\": null, \"low\": 0.3, \"high\": 1.0, \"log\": false}}"}
{"op_code": 5, "worker_id": "38c5ff06-0285-4c65-a5ed-d8e523f2f813-3808", "trial_id": 11, "param_name": "gamma", "param_value_internal": 0.10063744283155054, "distribution": "{\"name\": \"FloatDistribution\", \"attributes\": {\"step\": null, \"low\": 0.1, \"high\": 0.3, \"log\": false}}"}
{"op_code": 5, "worker_id": "38c5ff06-0285-4c65-a5ed-d8e523f2f813-3808", "trial_id": 11, "param_name": "kernel", "param_value_internal": 0, "distribution": "{\"name\": \"CategoricalDistribution\", \"attributes\": {\"choices\": [\"laplacian\", \"rbf\"]}}"}
{"op_code": 7, "worker_id": "38c5ff06-0285-4c65-a5ed-d8e523f2f813-3808", "trial_id": 11, "step": 0, "intermediate_value": 0.34518722520348477}
{"op_code": 7, "worker_id": "38c5ff06-0285-4c65-a5ed-d8e523f2f813-3808", "trial_id": 11, "step": 1, "intermediate_value": 0.34518722520348477}
{"op_code": 7, "worker_id": "38c5ff06-0285-4c65-a5ed-d8e523f2f813-3808", "trial_id": 11, "step": 2, "intermediate_value": 0.34518722520348477}
{"op_code": 6, "worker_id": "38c5ff06-0285-4c65-a5ed-d8e523f2f813-3808", "trial_id": 11, "state": 1, "values": [0.3451872252034847], "datetime_complete": "2024-03-19T11:12:54.122826"}
{"op_code": 4, "worker_id": "38c5ff06-0285-4c65-a5ed-d8e523f2f813-3808", "study_id": 0, "datetime_start": "2024-03-19T11:12:54.500462"}
{"op_code": 5, "worker_id": "38c5ff06-0285-4c65-a5ed-d8e523f2f813-3808", "trial_id": 12, "param_name": "alpha", "param_value_internal": 0.5707879541832804, "distribution": "{\"name\": \"FloatDistribution\", \"attributes\": {\"step\": null, \"low\": 0.3, \"high\": 1.0, \"log\": false}}"}
{"op_code": 5, "worker_id": "38c5ff06-0285-4c65-a5ed-d8e523f2f813-3808", "trial_id": 12, "param_name": "gamma", "param_value_internal": 0.10233521082442121, "distribution": "{\"name\": \"FloatDistribution\", \"attributes\": {\"step\": null, \"low\": 0.1, \"high\": 0.3, \"log\": false}}"}
{"op_code": 5, "worker_id": "38c5ff06-0285-4c65-a5ed-d8e523f2f813-3808", "trial_id": 12, "param_name": "kernel", "param_value_internal": 0, "distribution": "{\"name\": \"CategoricalDistribution\", \"attributes\": {\"choices\": [\"laplacian\", \"rbf\"]}}"}
{"op_code": 7, "worker_id": "38c5ff06-0285-4c65-a5ed-d8e523f2f813-3808", "trial_id": 12, "step": 0, "intermediate_value": 0.344674082192988}
{"op_code": 7, "worker_id": "38c5ff06-0285-4c65-a5ed-d8e523f2f813-3808", "trial_id": 12, "step": 1, "intermediate_value": 0.344674082192988}
{"op_code": 7, "worker_id": "38c5ff06-0285-4c65-a5ed-d8e523f2f813-3808", "trial_id": 12, "step": 2, "intermediate_value": 0.344674082192988}
{"op_code": 6, "worker_id": "38c5ff06-0285-4c65-a5ed-d8e523f2f813-3808", "trial_id": 12, "state": 1, "values": [0.34467408219298806], "datetime_complete": "2024-03-19T11:12:58.298767"}
{"op_code": 4, "worker_id": "38c5ff06-0285-4c65-a5ed-d8e523f2f813-3808", "study_id": 0, "datetime_start": "2024-03-19T11:12:58.640221"}
{"op_code": 5, "worker_id": "38c5ff06-0285-4c65-a5ed-d8e523f2f813-3808", "trial_id": 13, "param_name": "alpha", "param_value_internal": 0.544970954560521, "distribution": "{\"name\": \"FloatDistribution\", \"attributes\": {\"step\": null, \"low\": 0.3, \"high\": 1.0, \"log\": false}}"}
{"op_code": 5, "worker_id": "38c5ff06-0285-4c65-a5ed-d8e523f2f813-3808", "trial_id": 13, "param_name": "gamma", "param_value_internal": 0.1302073517548206, "distribution": "{\"name\": \"FloatDistribution\", \"attributes\": {\"step\": null, \"low\": 0.1, \"high\": 0.3, \"log\": false}}"}
{"op_code": 5, "worker_id": "38c5ff06-0285-4c65-a5ed-d8e523f2f813-3808", "trial_id": 13, "param_name": "kernel", "param_value_internal": 0, "distribution": "{\"name\": \"CategoricalDistribution\", \"attributes\": {\"choices\": [\"laplacian\", \"rbf\"]}}"}
{"op_code": 7, "worker_id": "38c5ff06-0285-4c65-a5ed-d8e523f2f813-3808", "trial_id": 13, "step": 0, "intermediate_value": 0.29646582559095275}
{"op_code": 7, "worker_id": "38c5ff06-0285-4c65-a5ed-d8e523f2f813-3808", "trial_id": 13, "step": 1, "intermediate_value": 0.29646582559095275}
{"op_code": 9, "worker_id": "38c5ff06-0285-4c65-a5ed-d8e523f2f813-3808", "trial_id": 13, "system_attr": {"completed_rung_0": 0.29646582559095275}}
{"op_code": 6, "worker_id": "38c5ff06-0285-4c65-a5ed-d8e523f2f813-3808", "trial_id": 13, "state": 2, "values": [0.29646582559095275], "datetime_complete": "2024-03-19T11:13:01.956061"}
{"op_code": 4, "worker_id": "38c5ff06-0285-4c65-a5ed-d8e523f2f813-3808", "study_id": 0, "datetime_start": "2024-03-19T11:13:02.389814"}
{"op_code": 5, "worker_id": "38c5ff06-0285-4c65-a5ed-d8e523f2f813-3808", "trial_id": 14, "param_name": "alpha", "param_value_internal": 0.5097830150717049, "distribution": "{\"name\": \"FloatDistribution\", \"attributes\": {\"step\": null, \"low\": 0.3, \"high\": 1.0, \"log\": false}}"}
{"op_code": 5, "worker_id": "38c5ff06-0285-4c65-a5ed-d8e523f2f813-3808", "trial_id": 14, "param_name": "gamma", "param_value_internal": 0.12530471102430957, "distribution": "{\"name\": \"FloatDistribution\", \"attributes\": {\"step\": null, \"low\": 0.1, \"high\": 0.3, \"log\": false}}"}
{"op_code": 5, "worker_id": "38c5ff06-0285-4c65-a5ed-d8e523f2f813-3808", "trial_id": 14, "param_name": "kernel", "param_value_internal": 0, "distribution": "{\"name\": \"CategoricalDistribution\", \"attributes\": {\"choices\": [\"laplacian\", \"rbf\"]}}"}
{"op_code": 7, "worker_id": "38c5ff06-0285-4c65-a5ed-d8e523f2f813-3808", "trial_id": 14, "step": 0, "intermediate_value": 0.3059844585207639}
{"op_code": 7, "worker_id": "38c5ff06-0285-4c65-a5ed-d8e523f2f813-3808", "trial_id": 14, "step": 1, "intermediate_value": 0.3059844585207639}
{"op_code": 7, "worker_id": "38c5ff06-0285-4c65-a5ed-d8e523f2f813-3808", "trial_id": 14, "step": 2, "intermediate_value": 0.3059844585207639}
{"op_code": 6, "worker_id": "38c5ff06-0285-4c65-a5ed-d8e523f2f813-3808", "trial_id": 14, "state": 1, "values": [0.3059844585207639], "datetime_complete": "2024-03-19T11:13:05.879552"}
{"op_code": 4, "worker_id": "38c5ff06-0285-4c65-a5ed-d8e523f2f813-3808", "study_id": 0, "datetime_start": "2024-03-19T11:13:06.065760"}
{"op_code": 5, "worker_id": "38c5ff06-0285-4c65-a5ed-d8e523f2f813-3808", "trial_id": 15, "param_name": "alpha", "param_value_internal": 0.6630059231779609, "distribution": "{\"name\": \"FloatDistribution\", \"attributes\": {\"step\": null, \"low\": 0.3, \"high\": 1.0, \"log\": false}}"}
{"op_code": 5, "worker_id": "38c5ff06-0285-4c65-a5ed-d8e523f2f813-3808", "trial_id": 15, "param_name": "gamma", "param_value_internal": 0.15778665908354753, "distribution": "{\"name\": \"FloatDistribution\", \"attributes\": {\"step\": null, \"low\": 0.1, \"high\": 0.3, \"log\": false}}"}
{"op_code": 5, "worker_id": "38c5ff06-0285-4c65-a5ed-d8e523f2f813-3808", "trial_id": 15, "param_name": "kernel", "param_value_internal": 0, "distribution": "{\"name\": \"CategoricalDistribution\", \"attributes\": {\"choices\": [\"laplacian\", \"rbf\"]}}"}
{"op_code": 7, "worker_id": "38c5ff06-0285-4c65-a5ed-d8e523f2f813-3808", "trial_id": 15, "step": 0, "intermediate_value": 0.26782836764753315}
{"op_code": 7, "worker_id": "38c5ff06-0285-4c65-a5ed-d8e523f2f813-3808", "trial_id": 15, "step": 1, "intermediate_value": 0.26782836764753315}
{"op_code": 7, "worker_id": "38c5ff06-0285-4c65-a5ed-d8e523f2f813-3808", "trial_id": 15, "step": 2, "intermediate_value": 0.26782836764753315}
{"op_code": 6, "worker_id": "38c5ff06-0285-4c65-a5ed-d8e523f2f813-3808", "trial_id": 15, "state": 1, "values": [0.26782836764753315], "datetime_complete": "2024-03-19T11:13:09.783336"}
{"op_code": 4, "worker_id": "38c5ff06-0285-4c65-a5ed-d8e523f2f813-3808", "study_id": 0, "datetime_start": "2024-03-19T11:13:09.947054"}
{"op_code": 5, "worker_id": "38c5ff06-0285-4c65-a5ed-d8e523f2f813-3808", "trial_id": 16, "param_name": "alpha", "param_value_internal": 0.4507328076465954, "distribution": "{\"name\": \"FloatDistribution\", \"attributes\": {\"step\": null, \"low\": 0.3, \"high\": 1.0, \"log\": false}}"}
{"op_code": 5, "worker_id": "38c5ff06-0285-4c65-a5ed-d8e523f2f813-3808", "trial_id": 16, "param_name": "gamma", "param_value_internal": 0.1022758783856098, "distribution": "{\"name\": \"FloatDistribution\", \"attributes\": {\"step\": null, \"low\": 0.1, \"high\": 0.3, \"log\": false}}"}
{"op_code": 5, "worker_id": "38c5ff06-0285-4c65-a5ed-d8e523f2f813-3808", "trial_id": 16, "param_name": "kernel", "param_value_internal": 0, "distribution": "{\"name\": \"CategoricalDistribution\", \"attributes\": {\"choices\": [\"laplacian\", \"rbf\"]}}"}
{"op_code": 7, "worker_id": "38c5ff06-0285-4c65-a5ed-d8e523f2f813-3808", "trial_id": 16, "step": 0, "intermediate_value": 0.3455882243772505}
{"op_code": 7, "worker_id": "38c5ff06-0285-4c65-a5ed-d8e523f2f813-3808", "trial_id": 16, "step": 1, "intermediate_value": 0.3455882243772505}
{"op_code": 9, "worker_id": "38c5ff06-0285-4c65-a5ed-d8e523f2f813-3808", "trial_id": 16, "system_attr": {"completed_rung_0": 0.3455882243772505}}
{"op_code": 7, "worker_id": "38c5ff06-0285-4c65-a5ed-d8e523f2f813-3808", "trial_id": 16, "step": 2, "intermediate_value": 0.3455882243772505}
{"op_code": 6, "worker_id": "38c5ff06-0285-4c65-a5ed-d8e523f2f813-3808", "trial_id": 16, "state": 1, "values": [0.3455882243772505], "datetime_complete": "2024-03-19T11:13:14.067302"}
{"op_code": 4, "worker_id": "38c5ff06-0285-4c65-a5ed-d8e523f2f813-3808", "study_id": 0, "datetime_start": "2024-03-19T11:13:14.272709"}
{"op_code": 5, "worker_id": "38c5ff06-0285-4c65-a5ed-d8e523f2f813-3808", "trial_id": 17, "param_name": "alpha", "param_value_internal": 0.45311790765977134, "distribution": "{\"name\": \"FloatDistribution\", \"attributes\": {\"step\": null, \"low\": 0.3, \"high\": 1.0, \"log\": false}}"}
{"op_code": 5, "worker_id": "38c5ff06-0285-4c65-a5ed-d8e523f2f813-3808", "trial_id": 17, "param_name": "gamma", "param_value_internal": 0.1860446592277858, "distribution": "{\"name\": \"FloatDistribution\", \"attributes\": {\"step\": null, \"low\": 0.1, \"high\": 0.3, \"log\": false}}"}
{"op_code": 5, "worker_id": "38c5ff06-0285-4c65-a5ed-d8e523f2f813-3808", "trial_id": 17, "param_name": "kernel", "param_value_internal": 0, "distribution": "{\"name\": \"CategoricalDistribution\", \"attributes\": {\"choices\": [\"laplacian\", \"rbf\"]}}"}
{"op_code": 7, "worker_id": "38c5ff06-0285-4c65-a5ed-d8e523f2f813-3808", "trial_id": 17, "step": 0, "intermediate_value": 0.25244767052496075}
{"op_code": 7, "worker_id": "38c5ff06-0285-4c65-a5ed-d8e523f2f813-3808", "trial_id": 17, "step": 1, "intermediate_value": 0.25244767052496075}
{"op_code": 7, "worker_id": "38c5ff06-0285-4c65-a5ed-d8e523f2f813-3808", "trial_id": 17, "step": 2, "intermediate_value": 0.25244767052496075}
{"op_code": 6, "worker_id": "38c5ff06-0285-4c65-a5ed-d8e523f2f813-3808", "trial_id": 17, "state": 1, "values": [0.25244767052496075], "datetime_complete": "2024-03-19T11:13:17.646228"}
{"op_code": 4, "worker_id": "38c5ff06-0285-4c65-a5ed-d8e523f2f813-3808", "study_id": 0, "datetime_start": "2024-03-19T11:13:17.991241"}
{"op_code": 5, "worker_id": "38c5ff06-0285-4c65-a5ed-d8e523f2f813-3808", "trial_id": 18, "param_name": "alpha", "param_value_internal": 0.3379201844094034, "distribution": "{\"name\": \"FloatDistribution\", \"attributes\": {\"step\": null, \"low\": 0.3, \"high\": 1.0, \"log\": false}}"}
{"op_code": 5, "worker_id": "38c5ff06-0285-4c65-a5ed-d8e523f2f813-3808", "trial_id": 18, "param_name": "gamma", "param_value_internal": 0.12237000048569495, "distribution": "{\"name\": \"FloatDistribution\", \"attributes\": {\"step\": null, \"low\": 0.1, \"high\": 0.3, \"log\": false}}"}
{"op_code": 5, "worker_id": "38c5ff06-0285-4c65-a5ed-d8e523f2f813-3808", "trial_id": 18, "param_name": "kernel", "param_value_internal": 0, "distribution": "{\"name\": \"CategoricalDistribution\", \"attributes\": {\"choices\": [\"laplacian\", \"rbf\"]}}"}
{"op_code": 7, "worker_id": "38c5ff06-0285-4c65-a5ed-d8e523f2f813-3808", "trial_id": 18, "step": 0, "intermediate_value": 0.31355926494723624}
{"op_code": 7, "worker_id": "38c5ff06-0285-4c65-a5ed-d8e523f2f813-3808", "trial_id": 18, "step": 1, "intermediate_value": 0.31355926494723624}
{"op_code": 9, "worker_id": "38c5ff06-0285-4c65-a5ed-d8e523f2f813-3808", "trial_id": 18, "system_attr": {"completed_rung_0": 0.31355926494723624}}
{"op_code": 6, "worker_id": "38c5ff06-0285-4c65-a5ed-d8e523f2f813-3808", "trial_id": 18, "state": 2, "values": [0.31355926494723624], "datetime_complete": "2024-03-19T11:13:21.417478"}
{"op_code": 4, "worker_id": "38c5ff06-0285-4c65-a5ed-d8e523f2f813-3808", "study_id": 0, "datetime_start": "2024-03-19T11:13:21.598568"}
{"op_code": 5, "worker_id": "38c5ff06-0285-4c65-a5ed-d8e523f2f813-3808", "trial_id": 19, "param_name": "alpha", "param_value_internal": 0.44253677748406195, "distribution": "{\"name\": \"FloatDistribution\", \"attributes\": {\"step\": null, \"low\": 0.3, \"high\": 1.0, \"log\": false}}"}
{"op_code": 5, "worker_id": "38c5ff06-0285-4c65-a5ed-d8e523f2f813-3808", "trial_id": 19, "param_name": "gamma", "param_value_internal": 0.14831805561816083, "distribution": "{\"name\": \"FloatDistribution\", \"attributes\": {\"step\": null, \"low\": 0.1, \"high\": 0.3, \"log\": false}}"}
{"op_code": 5, "worker_id": "38c5ff06-0285-4c65-a5ed-d8e523f2f813-3808", "trial_id": 19, "param_name": "kernel", "param_value_internal": 0, "distribution": "{\"name\": \"CategoricalDistribution\", \"attributes\": {\"choices\": [\"laplacian\", \"rbf\"]}}"}
{"op_code": 7, "worker_id": "38c5ff06-0285-4c65-a5ed-d8e523f2f813-3808", "trial_id": 19, "step": 0, "intermediate_value": 0.2766809341531232}
{"op_code": 7, "worker_id": "38c5ff06-0285-4c65-a5ed-d8e523f2f813-3808", "trial_id": 19, "step": 1, "intermediate_value": 0.2766809341531232}
{"op_code": 7, "worker_id": "38c5ff06-0285-4c65-a5ed-d8e523f2f813-3808", "trial_id": 19, "step": 2, "intermediate_value": 0.2766809341531232}
{"op_code": 6, "worker_id": "38c5ff06-0285-4c65-a5ed-d8e523f2f813-3808", "trial_id": 19, "state": 1, "values": [0.2766809341531232], "datetime_complete": "2024-03-19T11:13:24.933955"}
