{"op_code": 0, "worker_id": "7bff51ad-ca7f-4b14-85ea-1fdfc025b8b7-9760", "study_name": "linear", "directions": [2]}
{"op_code": 4, "worker_id": "7bff51ad-ca7f-4b14-85ea-1fdfc025b8b7-17496", "study_id": 0, "datetime_start": "2024-03-19T11:12:09.158439"}
{"op_code": 5, "worker_id": "7bff51ad-ca7f-4b14-85ea-1fdfc025b8b7-17496", "trial_id": 0, "param_name": "alpha", "param_value_internal": 0.06741618241000248, "distribution": "{\"name\": \"FloatDistribution\", \"attributes\": {\"step\": null, \"low\": 0.005, \"high\": 0.1, \"log\": false}}"}
{"op_code": 5, "worker_id": "7bff51ad-ca7f-4b14-85ea-1fdfc025b8b7-17496", "trial_id": 0, "param_name": "l1_ratio", "param_value_internal": 0.017007099535465454, "distribution": "{\"name\": \"FloatDistribution\", \"attributes\": {\"step\": null, \"low\": 0.0, \"high\": 0.05, \"log\": false}}"}
{"op_code": 7, "worker_id": "7bff51ad-ca7f-4b14-85ea-1fdfc025b8b7-17496", "trial_id": 0, "step": 0, "intermediate_value": 0.24324847761492902}
{"op_code": 7, "worker_id": "7bff51ad-ca7f-4b14-85ea-1fdfc025b8b7-17496", "trial_id": 0, "step": 1, "intermediate_value": 0.24324847761492902}
{"op_code": 7, "worker_id": "7bff51ad-ca7f-4b14-85ea-1fdfc025b8b7-17496", "trial_id": 0, "step": 2, "intermediate_value": 0.24324847761492902}
{"op_code": 6, "worker_id": "7bff51ad-ca7f-4b14-85ea-1fdfc025b8b7-17496", "trial_id": 0, "state": 1, "values": [0.243248477614929], "datetime_complete": "2024-03-19T11:12:10.012707"}
{"op_code": 4, "worker_id": "7bff51ad-ca7f-4b14-85ea-1fdfc025b8b7-17496", "study_id": 0, "datetime_start": "2024-03-19T11:12:10.113690"}
{"op_code": 5, "worker_id": "7bff51ad-ca7f-4b14-85ea-1fdfc025b8b7-17496", "trial_id": 1, "param_name": "alpha", "param_value_internal": 0.06899145009104773, "distribution": "{\"name\": \"FloatDistribution\", \"attributes\": {\"step\": null, \"low\": 0.005, \"high\": 0.1, \"log\": false}}"}
{"op_code": 5, "worker_id": "7bff51ad-ca7f-4b14-85ea-1fdfc025b8b7-17496", "trial_id": 1, "param_name": "l1_ratio", "param_value_internal": 0.017845431436068104, "distribution": "{\"name\": \"FloatDistribution\", \"attributes\": {\"step\": null, \"low\": 0.0, \"high\": 0.05, \"log\": false}}"}
{"op_code": 7, "worker_id": "7bff51ad-ca7f-4b14-85ea-1fdfc025b8b7-17496", "trial_id": 1, "step": 0, "intermediate_value": 0.23861659732812698}
{"op_code": 7, "worker_id": "7bff51ad-ca7f-4b14-85ea-1fdfc025b8b7-17496", "trial_id": 1, "step": 1, "intermediate_value": 0.23861659732812698}
{"op_code": 7, "worker_id": "7bff51ad-ca7f-4b14-85ea-1fdfc025b8b7-17496", "trial_id": 1, "step": 2, "intermediate_value": 0.23861659732812698}
{"op_code": 6, "worker_id": "7bff51ad-ca7f-4b14-85ea-1fdfc025b8b7-17496", "trial_id": 1, "state": 1, "values": [0.23861659732812698], "datetime_complete": "2024-03-19T11:12:12.657642"}
{"op_code": 4, "worker_id": "7bff51ad-ca7f-4b14-85ea-1fdfc025b8b7-17496", "study_id": 0, "datetime_start": "2024-03-19T11:12:13.425486"}
{"op_code": 5, "worker_id": "7bff51ad-ca7f-4b14-85ea-1fdfc025b8b7-17496", "trial_id": 2, "param_name": "alpha", "param_value_internal": 0.02864491746933832, "distribution": "{\"name\": \"FloatDistribution\", \"attributes\": {\"step\": null, \"low\": 0.005, \"high\": 0.1, \"log\": false}}"}
{"op_code": 5, "worker_id": "7bff51ad-ca7f-4b14-85ea-1fdfc025b8b7-17496", "trial_id": 2, "param_name": "l1_ratio", "param_value_internal": 0.002102422774588303, "distribution": "{\"name\": \"FloatDistribution\", \"attributes\": {\"step\": null, \"low\": 0.0, \"high\": 0.05, \"log\": false}}"}
{"op_code": 7, "worker_id": "7bff51ad-ca7f-4b14-85ea-1fdfc025b8b7-17496", "trial_id": 2, "step": 0, "intermediate_value": 0.2735273135323218}
{"op_code": 7, "worker_id": "7bff51ad-ca7f-4b14-85ea-1fdfc025b8b7-17496", "trial_id": 2, "step": 1, "intermediate_value": 0.2735273135323218}
{"op_code": 7, "worker_id": "7bff51ad-ca7f-4b14-85ea-1fdfc025b8b7-17496", "trial_id": 2, "step": 2, "intermediate_value": 0.2735273135323218}
{"op_code": 6, "worker_id": "7bff51ad-ca7f-4b14-85ea-1fdfc025b8b7-17496", "trial_id": 2, "state": 1, "values": [0.2735273135323218], "datetime_complete": "2024-03-19T11:12:15.300835"}
{"op_code": 4, "worker_id": "7bff51ad-ca7f-4b14-85ea-1fdfc025b8b7-17496", "study_id": 0, "datetime_start": "2024-03-19T11:12:15.456654"}
{"op_code": 5, "worker_id": "7bff51ad-ca7f-4b14-85ea-1fdfc025b8b7-17496", "trial_id": 3, "param_name": "alpha", "param_value_internal": 0.009056175500417867, "distribution": "{\"name\": \"FloatDistribution\", \"attributes\": {\"step\": null, \"low\": 0.005, \"high\": 0.1, \"log\": false}}"}
{"op_code": 5, "worker_id": "7bff51ad-ca7f-4b14-85ea-1fdfc025b8b7-17496", "trial_id": 3, "param_name": "l1_ratio", "param_value_internal": 0.0008721004974908235, "distribution": "{\"name\": \"FloatDistribution\", \"attributes\": {\"step\": null, \"low\": 0.0, \"high\": 0.05, \"log\": false}}"}
{"op_code": 7, "worker_id": "7bff51ad-ca7f-4b14-85ea-1fdfc025b8b7-17496", "trial_id": 3, "step": 0, "intermediate_value": 0.2684128749177679}
{"op_code": 7, "worker_id": "7bff51ad-ca7f-4b14-85ea-1fdfc025b8b7-17496", "trial_id": 3, "step": 1, "intermediate_value": 0.2684128749177679}
{"op_code": 9, "worker_id": "7bff51ad-ca7f-4b14-85ea-1fdfc025b8b7-17496", "trial_id": 3, "system_attr": {"completed_rung_0": 0.2684128749177679}}
{"op_code": 7, "worker_id": "7bff51ad-ca7f-4b14-85ea-1fdfc025b8b7-17496", "trial_id": 3, "step": 2, "intermediate_value": 0.2684128749177679}
{"op_code": 6, "worker_id": "7bff51ad-ca7f-4b14-85ea-1fdfc025b8b7-17496", "trial_id": 3, "state": 1, "values": [0.2684128749177679], "datetime_complete": "2024-03-19T11:12:17.908886"}
{"op_code": 4, "worker_id": "7bff51ad-ca7f-4b14-85ea-1fdfc025b8b7-17496", "study_id": 0, "datetime_start": "2024-03-19T11:12:18.392722"}
{"op_code": 5, "worker_id": "7bff51ad-ca7f-4b14-85ea-1fdfc025b8b7-17496", "trial_id": 4, "param_name": "alpha", "param_value_internal": 0.027371772854378373, "distribution": "{\"name\": \"FloatDistribution\", \"attributes\": {\"step\": null, \"low\": 0.005, \"high\": 0.1, \"log\": false}}"}
{"op_code": 5, "worker_id": "7bff51ad-ca7f-4b14-85ea-1fdfc025b8b7-17496", "trial_id": 4, "param_name": "l1_ratio", "param_value_internal": 0.04930698267313194, "distribution": "{\"name\": \"FloatDistribution\", \"attributes\": {\"step\": null, \"low\": 0.0, \"high\": 0.05, \"log\": false}}"}
{"op_code": 7, "worker_id": "7bff51ad-ca7f-4b14-85ea-1fdfc025b8b7-17496", "trial_id": 4, "step": 0, "intermediate_value": 0.2479449255653036}
{"op_code": 7, "worker_id": "7bff51ad-ca7f-4b14-85ea-1fdfc025b8b7-17496", "trial_id": 4, "step": 1, "intermediate_value": 0.2479449255653036}
{"op_code": 9, "worker_id": "7bff51ad-ca7f-4b14-85ea-1fdfc025b8b7-17496", "trial_id": 4, "system_attr": {"completed_rung_0": 0.2479449255653036}}
{"op_code": 6, "worker_id": "7bff51ad-ca7f-4b14-85ea-1fdfc025b8b7-17496", "trial_id": 4, "state": 2, "values": [0.2479449255653036], "datetime_complete": "2024-03-19T11:12:20.554452"}
{"op_code": 4, "worker_id": "7bff51ad-ca7f-4b14-85ea-1fdfc025b8b7-17496", "study_id": 0, "datetime_start": "2024-03-19T11:12:20.799457"}
{"op_code": 5, "worker_id": "7bff51ad-ca7f-4b14-85ea-1fdfc025b8b7-17496", "trial_id": 5, "param_name": "alpha", "param_value_internal": 0.09976897362851248, "distribution": "{\"name\": \"FloatDistribution\", \"attributes\": {\"step\": null, \"low\": 0.005, \"high\": 0.1, \"log\": false}}"}
{"op_code": 5, "worker_id": "7bff51ad-ca7f-4b14-85ea-1fdfc025b8b7-17496", "trial_id": 5, "param_name": "l1_ratio", "param_value_internal": 0.0011458269936969185, "distribution": "{\"name\": \"FloatDistribution\", \"attributes\": {\"step\": null, \"low\": 0.0, \"high\": 0.05, \"log\": false}}"}
{"op_code": 7, "worker_id": "7bff51ad-ca7f-4b14-85ea-1fdfc025b8b7-17496", "trial_id": 5, "step": 0, "intermediate_value": 0.2763241128544335}
{"op_code": 7, "worker_id": "7bff51ad-ca7f-4b14-85ea-1fdfc025b8b7-17496", "trial_id": 5, "step": 1, "intermediate_value": 0.2763241128544335}
{"op_code": 7, "worker_id": "7bff51ad-ca7f-4b14-85ea-1fdfc025b8b7-17496", "trial_id": 5, "step": 2, "intermediate_value": 0.2763241128544335}
{"op_code": 6, "worker_id": "7bff51ad-ca7f-4b14-85ea-1fdfc025b8b7-17496", "trial_id": 5, "state": 1, "values": [0.2763241128544335], "datetime_complete": "2024-03-19T11:12:23.076497"}
{"op_code": 4, "worker_id": "7bff51ad-ca7f-4b14-85ea-1fdfc025b8b7-17496", "study_id": 0, "datetime_start": "2024-03-19T11:12:23.544560"}
{"op_code": 5, "worker_id": "7bff51ad-ca7f-4b14-85ea-1fdfc025b8b7-17496", "trial_id": 6, "param_name": "alpha", "param_value_internal": 0.09644305730721013, "distribution": "{\"name\": \"FloatDistribution\", \"attributes\": {\"step\": null, \"low\": 0.005, \"high\": 0.1, \"log\": false}}"}
{"op_code": 5, "worker_id": "7bff51ad-ca7f-4b14-85ea-1fdfc025b8b7-17496", "trial_id": 6, "param_name": "l1_ratio", "param_value_internal": 0.03468663346316523, "distribution": "{\"name\": \"FloatDistribution\", \"attributes\": {\"step\": null, \"low\": 0.0, \"high\": 0.05, \"log\": false}}"}
{"op_code": 7, "worker_id": "7bff51ad-ca7f-4b14-85ea-1fdfc025b8b7-17496", "trial_id": 6, "step": 0, "intermediate_value": 0.20882747001245935}
{"op_code": 7, "worker_id": "7bff51ad-ca7f-4b14-85ea-1fdfc025b8b7-17496", "trial_id": 6, "step": 1, "intermediate_value": 0.20882747001245935}
{"op_code": 9, "worker_id": "7bff51ad-ca7f-4b14-85ea-1fdfc025b8b7-17496", "trial_id": 6, "system_attr": {"completed_rung_0": 0.20882747001245935}}
{"op_code": 6, "worker_id": "7bff51ad-ca7f-4b14-85ea-1fdfc025b8b7-17496", "trial_id": 6, "state": 2, "values": [0.20882747001245935], "datetime_complete": "2024-03-19T11:12:25.181318"}
{"op_code": 4, "worker_id": "7bff51ad-ca7f-4b14-85ea-1fdfc025b8b7-17496", "study_id": 0, "datetime_start": "2024-03-19T11:12:25.253592"}
{"op_code": 5, "worker_id": "7bff51ad-ca7f-4b14-85ea-1fdfc025b8b7-17496", "trial_id": 7, "param_name": "alpha", "param_value_internal": 0.09865122309221074, "distribution": "{\"name\": \"FloatDistribution\", \"attributes\": {\"step\": null, \"low\": 0.005, \"high\": 0.1, \"log\": false}}"}
{"op_code": 5, "worker_id": "7bff51ad-ca7f-4b14-85ea-1fdfc025b8b7-17496", "trial_id": 7, "param_name": "l1_ratio", "param_value_internal": 0.009339756106393923, "distribution": "{\"name\": \"FloatDistribution\", \"attributes\": {\"step\": null, \"low\": 0.0, \"high\": 0.05, \"log\": false}}"}
{"op_code": 7, "worker_id": "7bff51ad-ca7f-4b14-85ea-1fdfc025b8b7-17496", "trial_id": 7, "step": 0, "intermediate_value": 0.24367666317335682}
{"op_code": 7, "worker_id": "7bff51ad-ca7f-4b14-85ea-1fdfc025b8b7-17496", "trial_id": 7, "step": 1, "intermediate_value": 0.24367666317335682}
{"op_code": 9, "worker_id": "7bff51ad-ca7f-4b14-85ea-1fdfc025b8b7-17496", "trial_id": 7, "system_attr": {"completed_rung_0": 0.24367666317335682}}
{"op_code": 6, "worker_id": "7bff51ad-ca7f-4b14-85ea-1fdfc025b8b7-17496", "trial_id": 7, "state": 2, "values": [0.24367666317335682], "datetime_complete": "2024-03-19T11:12:27.068467"}
{"op_code": 4, "worker_id": "7bff51ad-ca7f-4b14-85ea-1fdfc025b8b7-17496", "study_id": 0, "datetime_start": "2024-03-19T11:12:27.422726"}
{"op_code": 5, "worker_id": "7bff51ad-ca7f-4b14-85ea-1fdfc025b8b7-17496", "trial_id": 8, "param_name": "alpha", "param_value_internal": 0.07741847671329466, "distribution": "{\"name\": \"FloatDistribution\", \"attributes\": {\"step\": null, \"low\": 0.005, \"high\": 0.1, \"log\": false}}"}
{"op_code": 5, "worker_id": "7bff51ad-ca7f-4b14-85ea-1fdfc025b8b7-17496", "trial_id": 8, "param_name": "l1_ratio", "param_value_internal": 0.02651441974916331, "distribution": "{\"name\": \"FloatDistribution\", \"attributes\": {\"step\": null, \"low\": 0.0, \"high\": 0.05, \"log\": false}}"}
{"op_code": 7, "worker_id": "7bff51ad-ca7f-4b14-85ea-1fdfc025b8b7-17496", "trial_id": 8, "step": 0, "intermediate_value": 0.22391216152402388}
{"op_code": 7, "worker_id": "7bff51ad-ca7f-4b14-85ea-1fdfc025b8b7-17496", "trial_id": 8, "step": 1, "intermediate_value": 0.22391216152402388}
{"op_code": 9, "worker_id": "7bff51ad-ca7f-4b14-85ea-1fdfc025b8b7-17496", "trial_id": 8, "system_attr": {"completed_rung_0": 0.22391216152402388}}
{"op_code": 6, "worker_id": "7bff51ad-ca7f-4b14-85ea-1fdfc025b8b7-17496", "trial_id": 8, "state": 2, "values": [0.22391216152402388], "datetime_complete": "2024-03-19T11:12:29.438115"}
{"op_code": 4, "worker_id": "7bff51ad-ca7f-4b14-85ea-1fdfc025b8b7-17496", "study_id": 0, "datetime_start": "2024-03-19T11:12:30.001232"}
{"op_code": 5, "worker_id": "7bff51ad-ca7f-4b14-85ea-1fdfc025b8b7-17496", "trial_id": 9, "param_name": "alpha", "param_value_internal": 0.050527655500002454, "distribution": "{\"name\": \"FloatDistribution\", \"attributes\": {\"step\": null, \"low\": 0.005, \"high\": 0.1, \"log\": false}}"}
{"op_code": 5, "worker_id": "7bff51ad-ca7f-4b14-85ea-1fdfc025b8b7-17496", "trial_id": 9, "param_name": "l1_ratio", "param_value_internal": 0.008758143274966313, "distribution": "{\"name\": \"FloatDistribution\", \"attributes\": {\"step\": null, \"low\": 0.0, \"high\": 0.05, \"log\": false}}"}
{"op_code": 7, "worker_id": "7bff51ad-ca7f-4b14-85ea-1fdfc025b8b7-17496", "trial_id": 9, "step": 0, "intermediate_value": 0.2694119745540993}
{"op_code": 7, "worker_id": "7bff51ad-ca7f-4b14-85ea-1fdfc025b8b7-17496", "trial_id": 9, "step": 1, "intermediate_value": 0.2694119745540993}
{"op_code": 7, "worker_id": "7bff51ad-ca7f-4b14-85ea-1fdfc025b8b7-17496", "trial_id": 9, "step": 2, "intermediate_value": 0.2694119745540993}
{"op_code": 6, "worker_id": "7bff51ad-ca7f-4b14-85ea-1fdfc025b8b7-17496", "trial_id": 9, "state": 1, "values": [0.2694119745540993], "datetime_complete": "2024-03-19T11:12:32.656730"}
{"op_code": 4, "worker_id": "7bff51ad-ca7f-4b14-85ea-1fdfc025b8b7-17496", "study_id": 0, "datetime_start": "2024-03-19T11:12:32.935513"}
{"op_code": 5, "worker_id": "7bff51ad-ca7f-4b14-85ea-1fdfc025b8b7-17496", "trial_id": 10, "param_name": "alpha", "param_value_internal": 0.08700998653677938, "distribution": "{\"name\": \"FloatDistribution\", \"attributes\": {\"step\": null, \"low\": 0.005, \"high\": 0.1, \"log\": false}}"}
{"op_code": 5, "worker_id": "7bff51ad-ca7f-4b14-85ea-1fdfc025b8b7-17496", "trial_id": 10, "param_name": "l1_ratio", "param_value_internal": 0.0007426258851667897, "distribution": "{\"name\": \"FloatDistribution\", \"attributes\": {\"step\": null, \"low\": 0.0, \"high\": 0.05, \"log\": false}}"}
{"op_code": 7, "worker_id": "7bff51ad-ca7f-4b14-85ea-1fdfc025b8b7-17496", "trial_id": 10, "step": 0, "intermediate_value": 0.27562746174746766}
{"op_code": 7, "worker_id": "7bff51ad-ca7f-4b14-85ea-1fdfc025b8b7-17496", "trial_id": 10, "step": 1, "intermediate_value": 0.27562746174746766}
{"op_code": 9, "worker_id": "7bff51ad-ca7f-4b14-85ea-1fdfc025b8b7-17496", "trial_id": 10, "system_attr": {"completed_rung_0": 0.27562746174746766}}
{"op_code": 7, "worker_id": "7bff51ad-ca7f-4b14-85ea-1fdfc025b8b7-17496", "trial_id": 10, "step": 2, "intermediate_value": 0.27562746174746766}
{"op_code": 6, "worker_id": "7bff51ad-ca7f-4b14-85ea-1fdfc025b8b7-17496", "trial_id": 10, "state": 1, "values": [0.27562746174746766], "datetime_complete": "2024-03-19T11:12:35.103871"}
{"op_code": 4, "worker_id": "7bff51ad-ca7f-4b14-85ea-1fdfc025b8b7-17496", "study_id": 0, "datetime_start": "2024-03-19T11:12:35.515590"}
{"op_code": 5, "worker_id": "7bff51ad-ca7f-4b14-85ea-1fdfc025b8b7-17496", "trial_id": 11, "param_name": "alpha", "param_value_internal": 0.08705390906483465, "distribution": "{\"name\": \"FloatDistribution\", \"attributes\": {\"step\": null, \"low\": 0.005, \"high\": 0.1, \"log\": false}}"}
{"op_code": 5, "worker_id": "7bff51ad-ca7f-4b14-85ea-1fdfc025b8b7-17496", "trial_id": 11, "param_name": "l1_ratio", "param_value_internal": 0.00013399615461228342, "distribution": "{\"name\": \"FloatDistribution\", \"attributes\": {\"step\": null, \"low\": 0.0, \"high\": 0.05, \"log\": false}}"}
{"op_code": 7, "worker_id": "7bff51ad-ca7f-4b14-85ea-1fdfc025b8b7-17496", "trial_id": 11, "step": 0, "intermediate_value": 0.2783053206366826}
{"op_code": 7, "worker_id": "7bff51ad-ca7f-4b14-85ea-1fdfc025b8b7-17496", "trial_id": 11, "step": 1, "intermediate_value": 0.2783053206366826}
{"op_code": 9, "worker_id": "7bff51ad-ca7f-4b14-85ea-1fdfc025b8b7-17496", "trial_id": 11, "system_attr": {"completed_rung_0": 0.2783053206366826}}
{"op_code": 7, "worker_id": "7bff51ad-ca7f-4b14-85ea-1fdfc025b8b7-17496", "trial_id": 11, "step": 2, "intermediate_value": 0.2783053206366826}
{"op_code": 6, "worker_id": "7bff51ad-ca7f-4b14-85ea-1fdfc025b8b7-17496", "trial_id": 11, "state": 1, "values": [0.2783053206366826], "datetime_complete": "2024-03-19T11:12:37.641948"}
{"op_code": 4, "worker_id": "7bff51ad-ca7f-4b14-85ea-1fdfc025b8b7-17496", "study_id": 0, "datetime_start": "2024-03-19T11:12:38.146689"}
{"op_code": 5, "worker_id": "7bff51ad-ca7f-4b14-85ea-1fdfc025b8b7-17496", "trial_id": 12, "param_name": "alpha", "param_value_internal": 0.09793127566646202, "distribution": "{\"name\": \"FloatDistribution\", \"attributes\": {\"step\": null, \"low\": 0.005, \"high\": 0.1, \"log\": false}}"}
{"op_code": 5, "worker_id": "7bff51ad-ca7f-4b14-85ea-1fdfc025b8b7-17496", "trial_id": 12, "param_name": "l1_ratio", "param_value_internal": 0.009306237482200615, "distribution": "{\"name\": \"FloatDistribution\", \"attributes\": {\"step\": null, \"low\": 0.0, \"high\": 0.05, \"log\": false}}"}
{"op_code": 7, "worker_id": "7bff51ad-ca7f-4b14-85ea-1fdfc025b8b7-17496", "trial_id": 12, "step": 0, "intermediate_value": 0.2437650189235086}
{"op_code": 7, "worker_id": "7bff51ad-ca7f-4b14-85ea-1fdfc025b8b7-17496", "trial_id": 12, "step": 1, "intermediate_value": 0.2437650189235086}
{"op_code": 7, "worker_id": "7bff51ad-ca7f-4b14-85ea-1fdfc025b8b7-17496", "trial_id": 12, "step": 2, "intermediate_value": 0.2437650189235086}
{"op_code": 6, "worker_id": "7bff51ad-ca7f-4b14-85ea-1fdfc025b8b7-17496", "trial_id": 12, "state": 1, "values": [0.24376501892350863], "datetime_complete": "2024-03-19T11:12:39.923032"}
{"op_code": 4, "worker_id": "7bff51ad-ca7f-4b14-85ea-1fdfc025b8b7-17496", "study_id": 0, "datetime_start": "2024-03-19T11:12:40.410624"}
{"op_code": 5, "worker_id": "7bff51ad-ca7f-4b14-85ea-1fdfc025b8b7-17496", "trial_id": 13, "param_name": "alpha", "param_value_internal": 0.08254766883443619, "distribution": "{\"name\": \"FloatDistribution\", \"attributes\": {\"step\": null, \"low\": 0.005, \"high\": 0.1, \"log\": false}}"}
{"op_code": 5, "worker_id": "7bff51ad-ca7f-4b14-85ea-1fdfc025b8b7-17496", "trial_id": 13, "param_name": "l1_ratio", "param_value_internal": 0.006302071164980782, "distribution": "{\"name\": \"FloatDistribution\", \"attributes\": {\"step\": null, \"low\": 0.0, \"high\": 0.05, \"log\": false}}"}
{"op_code": 7, "worker_id": "7bff51ad-ca7f-4b14-85ea-1fdfc025b8b7-17496", "trial_id": 13, "step": 0, "intermediate_value": 0.25929863945980514}
{"op_code": 7, "worker_id": "7bff51ad-ca7f-4b14-85ea-1fdfc025b8b7-17496", "trial_id": 13, "step": 1, "intermediate_value": 0.25929863945980514}
{"op_code": 7, "worker_id": "7bff51ad-ca7f-4b14-85ea-1fdfc025b8b7-17496", "trial_id": 13, "step": 2, "intermediate_value": 0.25929863945980514}
{"op_code": 6, "worker_id": "7bff51ad-ca7f-4b14-85ea-1fdfc025b8b7-17496", "trial_id": 13, "state": 1, "values": [0.25929863945980514], "datetime_complete": "2024-03-19T11:12:42.702397"}
{"op_code": 4, "worker_id": "7bff51ad-ca7f-4b14-85ea-1fdfc025b8b7-17496", "study_id": 0, "datetime_start": "2024-03-19T11:12:42.915746"}
{"op_code": 5, "worker_id": "7bff51ad-ca7f-4b14-85ea-1fdfc025b8b7-17496", "trial_id": 14, "param_name": "alpha", "param_value_internal": 0.08678825676722575, "distribution": "{\"name\": \"FloatDistribution\", \"attributes\": {\"step\": null, \"low\": 0.005, \"high\": 0.1, \"log\": false}}"}
{"op_code": 5, "worker_id": "7bff51ad-ca7f-4b14-85ea-1fdfc025b8b7-17496", "trial_id": 14, "param_name": "l1_ratio", "param_value_internal": 0.014812059291967614, "distribution": "{\"name\": \"FloatDistribution\", \"attributes\": {\"step\": null, \"low\": 0.0, \"high\": 0.05, \"log\": false}}"}
{"op_code": 7, "worker_id": "7bff51ad-ca7f-4b14-85ea-1fdfc025b8b7-17496", "trial_id": 14, "step": 0, "intermediate_value": 0.2350789690239737}
{"op_code": 7, "worker_id": "7bff51ad-ca7f-4b14-85ea-1fdfc025b8b7-17496", "trial_id": 14, "step": 1, "intermediate_value": 0.2350789690239737}
{"op_code": 9, "worker_id": "7bff51ad-ca7f-4b14-85ea-1fdfc025b8b7-17496", "trial_id": 14, "system_attr": {"completed_rung_0": 0.2350789690239737}}
{"op_code": 6, "worker_id": "7bff51ad-ca7f-4b14-85ea-1fdfc025b8b7-17496", "trial_id": 14, "state": 2, "values": [0.2350789690239737], "datetime_complete": "2024-03-19T11:12:44.841029"}
{"op_code": 4, "worker_id": "7bff51ad-ca7f-4b14-85ea-1fdfc025b8b7-17496", "study_id": 0, "datetime_start": "2024-03-19T11:12:45.110733"}
{"op_code": 5, "worker_id": "7bff51ad-ca7f-4b14-85ea-1fdfc025b8b7-17496", "trial_id": 15, "param_name": "alpha", "param_value_internal": 0.06887956747032507, "distribution": "{\"name\": \"FloatDistribution\", \"attributes\": {\"step\": null, \"low\": 0.005, \"high\": 0.1, \"log\": false}}"}
{"op_code": 5, "worker_id": "7bff51ad-ca7f-4b14-85ea-1fdfc025b8b7-17496", "trial_id": 15, "param_name": "l1_ratio", "param_value_internal": 0.0005946551569885755, "distribution": "{\"name\": \"FloatDistribution\", \"attributes\": {\"step\": null, \"low\": 0.0, \"high\": 0.05, \"log\": false}}"}
{"op_code": 7, "worker_id": "7bff51ad-ca7f-4b14-85ea-1fdfc025b8b7-17496", "trial_id": 15, "step": 0, "intermediate_value": 0.2744754386974119}
{"op_code": 7, "worker_id": "7bff51ad-ca7f-4b14-85ea-1fdfc025b8b7-17496", "trial_id": 15, "step": 1, "intermediate_value": 0.2744754386974119}
{"op_code": 9, "worker_id": "7bff51ad-ca7f-4b14-85ea-1fdfc025b8b7-17496", "trial_id": 15, "system_attr": {"completed_rung_0": 0.2744754386974119}}
{"op_code": 7, "worker_id": "7bff51ad-ca7f-4b14-85ea-1fdfc025b8b7-17496", "trial_id": 15, "step": 2, "intermediate_value": 0.2744754386974119}
{"op_code": 6, "worker_id": "7bff51ad-ca7f-4b14-85ea-1fdfc025b8b7-17496", "trial_id": 15, "state": 1, "values": [0.2744754386974119], "datetime_complete": "2024-03-19T11:12:46.997449"}
{"op_code": 4, "worker_id": "7bff51ad-ca7f-4b14-85ea-1fdfc025b8b7-17496", "study_id": 0, "datetime_start": "2024-03-19T11:12:47.328701"}
{"op_code": 5, "worker_id": "7bff51ad-ca7f-4b14-85ea-1fdfc025b8b7-17496", "trial_id": 16, "param_name": "alpha", "param_value_internal": 0.09810951639870828, "distribution": "{\"name\": \"FloatDistribution\", \"attributes\": {\"step\": null, \"low\": 0.005, \"high\": 0.1, \"log\": false}}"}
{"op_code": 5, "worker_id": "7bff51ad-ca7f-4b14-85ea-1fdfc025b8b7-17496", "trial_id": 16, "param_name": "l1_ratio", "param_value_internal": 0.013468873179296445, "distribution": "{\"name\": \"FloatDistribution\", \"attributes\": {\"step\": null, \"low\": 0.0, \"high\": 0.05, \"log\": false}}"}
{"op_code": 7, "worker_id": "7bff51ad-ca7f-4b14-85ea-1fdfc025b8b7-17496", "trial_id": 16, "step": 0, "intermediate_value": 0.23521829924536686}
{"op_code": 7, "worker_id": "7bff51ad-ca7f-4b14-85ea-1fdfc025b8b7-17496", "trial_id": 16, "step": 1, "intermediate_value": 0.23521829924536686}
{"op_code": 9, "worker_id": "7bff51ad-ca7f-4b14-85ea-1fdfc025b8b7-17496", "trial_id": 16, "system_attr": {"completed_rung_0": 0.23521829924536686}}
{"op_code": 6, "worker_id": "7bff51ad-ca7f-4b14-85ea-1fdfc025b8b7-17496", "trial_id": 16, "state": 2, "values": [0.23521829924536686], "datetime_complete": "2024-03-19T11:12:49.606678"}
{"op_code": 4, "worker_id": "7bff51ad-ca7f-4b14-85ea-1fdfc025b8b7-17496", "study_id": 0, "datetime_start": "2024-03-19T11:12:49.762145"}
{"op_code": 5, "worker_id": "7bff51ad-ca7f-4b14-85ea-1fdfc025b8b7-17496", "trial_id": 17, "param_name": "alpha", "param_value_internal": 0.08737406032506344, "distribution": "{\"name\": \"FloatDistribution\", \"attributes\": {\"step\": null, \"low\": 0.005, \"high\": 0.1, \"log\": false}}"}
{"op_code": 5, "worker_id": "7bff51ad-ca7f-4b14-85ea-1fdfc025b8b7-17496", "trial_id": 17, "param_name": "l1_ratio", "param_value_internal": 0.006265546853319525, "distribution": "{\"name\": \"FloatDistribution\", \"attributes\": {\"step\": null, \"low\": 0.0, \"high\": 0.05, \"log\": false}}"}
{"op_code": 7, "worker_id": "7bff51ad-ca7f-4b14-85ea-1fdfc025b8b7-17496", "trial_id": 17, "step": 0, "intermediate_value": 0.26075650933730926}
{"op_code": 7, "worker_id": "7bff51ad-ca7f-4b14-85ea-1fdfc025b8b7-17496", "trial_id": 17, "step": 1, "intermediate_value": 0.26075650933730926}
{"op_code": 9, "worker_id": "7bff51ad-ca7f-4b14-85ea-1fdfc025b8b7-17496", "trial_id": 17, "system_attr": {"completed_rung_0": 0.26075650933730926}}
{"op_code": 6, "worker_id": "7bff51ad-ca7f-4b14-85ea-1fdfc025b8b7-17496", "trial_id": 17, "state": 2, "values": [0.26075650933730926], "datetime_complete": "2024-03-19T11:12:51.198036"}
{"op_code": 4, "worker_id": "7bff51ad-ca7f-4b14-85ea-1fdfc025b8b7-17496", "study_id": 0, "datetime_start": "2024-03-19T11:12:51.507753"}
{"op_code": 5, "worker_id": "7bff51ad-ca7f-4b14-85ea-1fdfc025b8b7-17496", "trial_id": 18, "param_name": "alpha", "param_value_internal": 0.05689667528090529, "distribution": "{\"name\": \"FloatDistribution\", \"attributes\": {\"step\": null, \"low\": 0.005, \"high\": 0.1, \"log\": false}}"}
{"op_code": 5, "worker_id": "7bff51ad-ca7f-4b14-85ea-1fdfc025b8b7-17496", "trial_id": 18, "param_name": "l1_ratio", "param_value_internal": 0.020513158626191852, "distribution": "{\"name\": \"FloatDistribution\", \"attributes\": {\"step\": null, \"low\": 0.0, \"high\": 0.05, \"log\": false}}"}
{"op_code": 7, "worker_id": "7bff51ad-ca7f-4b14-85ea-1fdfc025b8b7-17496", "trial_id": 18, "step": 0, "intermediate_value": 0.2435849091251223}
{"op_code": 7, "worker_id": "7bff51ad-ca7f-4b14-85ea-1fdfc025b8b7-17496", "trial_id": 18, "step": 1, "intermediate_value": 0.2435849091251223}
{"op_code": 7, "worker_id": "7bff51ad-ca7f-4b14-85ea-1fdfc025b8b7-17496", "trial_id": 18, "step": 2, "intermediate_value": 0.2435849091251223}
{"op_code": 6, "worker_id": "7bff51ad-ca7f-4b14-85ea-1fdfc025b8b7-17496", "trial_id": 18, "state": 1, "values": [0.2435849091251223], "datetime_complete": "2024-03-19T11:12:53.452032"}
{"op_code": 4, "worker_id": "7bff51ad-ca7f-4b14-85ea-1fdfc025b8b7-17496", "study_id": 0, "datetime_start": "2024-03-19T11:12:53.689893"}
{"op_code": 5, "worker_id": "7bff51ad-ca7f-4b14-85ea-1fdfc025b8b7-17496", "trial_id": 19, "param_name": "alpha", "param_value_internal": 0.08124709169394696, "distribution": "{\"name\": \"FloatDistribution\", \"attributes\": {\"step\": null, \"low\": 0.005, \"high\": 0.1, \"log\": false}}"}
{"op_code": 5, "worker_id": "7bff51ad-ca7f-4b14-85ea-1fdfc025b8b7-17496", "trial_id": 19, "param_name": "l1_ratio", "param_value_internal": 0.00523503037939313, "distribution": "{\"name\": \"FloatDistribution\", \"attributes\": {\"step\": null, \"low\": 0.0, \"high\": 0.05, \"log\": false}}"}
{"op_code": 7, "worker_id": "7bff51ad-ca7f-4b14-85ea-1fdfc025b8b7-17496", "trial_id": 19, "step": 0, "intermediate_value": 0.26148034682893717}
{"op_code": 7, "worker_id": "7bff51ad-ca7f-4b14-85ea-1fdfc025b8b7-17496", "trial_id": 19, "step": 1, "intermediate_value": 0.26148034682893717}
{"op_code": 9, "worker_id": "7bff51ad-ca7f-4b14-85ea-1fdfc025b8b7-17496", "trial_id": 19, "system_attr": {"completed_rung_0": 0.26148034682893717}}
{"op_code": 6, "worker_id": "7bff51ad-ca7f-4b14-85ea-1fdfc025b8b7-17496", "trial_id": 19, "state": 2, "values": [0.26148034682893717], "datetime_complete": "2024-03-19T11:12:55.548842"}
