{"op_code": 0, "worker_id": "331fffde-0de8-482c-bb32-4ea19c0e0b0f-9760", "study_name": "RF", "directions": [2]}
{"op_code": 4, "worker_id": "331fffde-0de8-482c-bb32-4ea19c0e0b0f-12372", "study_id": 0, "datetime_start": "2024-03-19T11:12:09.581906"}
{"op_code": 5, "worker_id": "331fffde-0de8-482c-bb32-4ea19c0e0b0f-12372", "trial_id": 0, "param_name": "n_estimators", "param_value_internal": 0, "distribution": "{\"name\": \"CategoricalDistribution\", \"attributes\": {\"choices\": [500, 750, 1000]}}"}
{"op_code": 5, "worker_id": "331fffde-0de8-482c-bb32-4ea19c0e0b0f-12372", "trial_id": 0, "param_name": "max_features", "param_value_internal": 1, "distribution": "{\"name\": \"CategoricalDistribution\", \"attributes\": {\"choices\": [\"sqrt\", \"log2\"]}}"}
{"op_code": 5, "worker_id": "331fffde-0de8-482c-bb32-4ea19c0e0b0f-12372", "trial_id": 0, "param_name": "max_depth", "param_value_internal": 3, "distribution": "{\"name\": \"CategoricalDistribution\", \"attributes\": {\"choices\": [null, 2, 5, 10, 20]}}"}
{"op_code": 7, "worker_id": "331fffde-0de8-482c-bb32-4ea19c0e0b0f-12372", "trial_id": 0, "step": 0, "intermediate_value": 0.30437366522953563}
{"op_code": 7, "worker_id": "331fffde-0de8-482c-bb32-4ea19c0e0b0f-12372", "trial_id": 0, "step": 1, "intermediate_value": 0.2942263471544138}
{"op_code": 7, "worker_id": "331fffde-0de8-482c-bb32-4ea19c0e0b0f-12372", "trial_id": 0, "step": 2, "intermediate_value": 0.3032454302660592}
{"op_code": 6, "worker_id": "331fffde-0de8-482c-bb32-4ea19c0e0b0f-12372", "trial_id": 0, "state": 1, "values": [0.3006151475500029], "datetime_complete": "2024-03-19T11:14:22.346379"}
{"op_code": 4, "worker_id": "331fffde-0de8-482c-bb32-4ea19c0e0b0f-12372", "study_id": 0, "datetime_start": "2024-03-19T11:14:22.623206"}
{"op_code": 5, "worker_id": "331fffde-0de8-482c-bb32-4ea19c0e0b0f-12372", "trial_id": 1, "param_name": "n_estimators", "param_value_internal": 0, "distribution": "{\"name\": \"CategoricalDistribution\", \"attributes\": {\"choices\": [500, 750, 1000]}}"}
{"op_code": 5, "worker_id": "331fffde-0de8-482c-bb32-4ea19c0e0b0f-12372", "trial_id": 1, "param_name": "max_features", "param_value_internal": 1, "distribution": "{\"name\": \"CategoricalDistribution\", \"attributes\": {\"choices\": [\"sqrt\", \"log2\"]}}"}
{"op_code": 5, "worker_id": "331fffde-0de8-482c-bb32-4ea19c0e0b0f-12372", "trial_id": 1, "param_name": "max_depth", "param_value_internal": 3, "distribution": "{\"name\": \"CategoricalDistribution\", \"attributes\": {\"choices\": [null, 2, 5, 10, 20]}}"}
{"op_code": 7, "worker_id": "331fffde-0de8-482c-bb32-4ea19c0e0b0f-12372", "trial_id": 1, "step": 0, "intermediate_value": 0.2849489933884787}
{"op_code": 7, "worker_id": "331fffde-0de8-482c-bb32-4ea19c0e0b0f-12372", "trial_id": 1, "step": 1, "intermediate_value": 0.26236050603237204}
{"op_code": 9, "worker_id": "331fffde-0de8-482c-bb32-4ea19c0e0b0f-12372", "trial_id": 1, "system_attr": {"completed_rung_0": 0.26236050603237204}}
{"op_code": 7, "worker_id": "331fffde-0de8-482c-bb32-4ea19c0e0b0f-12372", "trial_id": 1, "step": 2, "intermediate_value": 0.2554381728377897}
{"op_code": 6, "worker_id": "331fffde-0de8-482c-bb32-4ea19c0e0b0f-12372", "trial_id": 1, "state": 1, "values": [0.2675825574195468], "datetime_complete": "2024-03-19T11:16:25.381697"}
{"op_code": 4, "worker_id": "331fffde-0de8-482c-bb32-4ea19c0e0b0f-12372", "study_id": 0, "datetime_start": "2024-03-19T11:16:25.687694"}
{"op_code": 5, "worker_id": "331fffde-0de8-482c-bb32-4ea19c0e0b0f-12372", "trial_id": 2, "param_name": "n_estimators", "param_value_internal": 1, "distribution": "{\"name\": \"CategoricalDistribution\", \"attributes\": {\"choices\": [500, 750, 1000]}}"}
{"op_code": 5, "worker_id": "331fffde-0de8-482c-bb32-4ea19c0e0b0f-12372", "trial_id": 2, "param_name": "max_features", "param_value_internal": 0, "distribution": "{\"name\": \"CategoricalDistribution\", \"attributes\": {\"choices\": [\"sqrt\", \"log2\"]}}"}
{"op_code": 5, "worker_id": "331fffde-0de8-482c-bb32-4ea19c0e0b0f-12372", "trial_id": 2, "param_name": "max_depth", "param_value_internal": 2, "distribution": "{\"name\": \"CategoricalDistribution\", \"attributes\": {\"choices\": [null, 2, 5, 10, 20]}}"}
{"op_code": 7, "worker_id": "331fffde-0de8-482c-bb32-4ea19c0e0b0f-12372", "trial_id": 2, "step": 0, "intermediate_value": 0.2544016919225478}
{"op_code": 7, "worker_id": "331fffde-0de8-482c-bb32-4ea19c0e0b0f-12372", "trial_id": 2, "step": 1, "intermediate_value": 0.2853296027737478}
{"op_code": 9, "worker_id": "331fffde-0de8-482c-bb32-4ea19c0e0b0f-12372", "trial_id": 2, "system_attr": {"completed_rung_0": 0.2853296027737478}}
{"op_code": 7, "worker_id": "331fffde-0de8-482c-bb32-4ea19c0e0b0f-12372", "trial_id": 2, "step": 2, "intermediate_value": 0.24923288053866965}
{"op_code": 6, "worker_id": "331fffde-0de8-482c-bb32-4ea19c0e0b0f-12372", "trial_id": 2, "state": 1, "values": [0.26298805841165507], "datetime_complete": "2024-03-19T11:17:37.672116"}
{"op_code": 4, "worker_id": "331fffde-0de8-482c-bb32-4ea19c0e0b0f-12372", "study_id": 0, "datetime_start": "2024-03-19T11:17:37.939333"}
{"op_code": 5, "worker_id": "331fffde-0de8-482c-bb32-4ea19c0e0b0f-12372", "trial_id": 3, "param_name": "n_estimators", "param_value_internal": 2, "distribution": "{\"name\": \"CategoricalDistribution\", \"attributes\": {\"choices\": [500, 750, 1000]}}"}
{"op_code": 5, "worker_id": "331fffde-0de8-482c-bb32-4ea19c0e0b0f-12372", "trial_id": 3, "param_name": "max_features", "param_value_internal": 1, "distribution": "{\"name\": \"CategoricalDistribution\", \"attributes\": {\"choices\": [\"sqrt\", \"log2\"]}}"}
{"op_code": 5, "worker_id": "331fffde-0de8-482c-bb32-4ea19c0e0b0f-12372", "trial_id": 3, "param_name": "max_depth", "param_value_internal": 3, "distribution": "{\"name\": \"CategoricalDistribution\", \"attributes\": {\"choices\": [null, 2, 5, 10, 20]}}"}
{"op_code": 7, "worker_id": "331fffde-0de8-482c-bb32-4ea19c0e0b0f-12372", "trial_id": 3, "step": 0, "intermediate_value": 0.26925225454420965}
{"op_code": 7, "worker_id": "331fffde-0de8-482c-bb32-4ea19c0e0b0f-12372", "trial_id": 3, "step": 1, "intermediate_value": 0.3124208350895116}
{"op_code": 7, "worker_id": "331fffde-0de8-482c-bb32-4ea19c0e0b0f-12372", "trial_id": 3, "step": 2, "intermediate_value": 0.27409143101406}
{"op_code": 6, "worker_id": "331fffde-0de8-482c-bb32-4ea19c0e0b0f-12372", "trial_id": 3, "state": 1, "values": [0.2852548402159271], "datetime_complete": "2024-03-19T11:20:51.773642"}
{"op_code": 4, "worker_id": "331fffde-0de8-482c-bb32-4ea19c0e0b0f-12372", "study_id": 0, "datetime_start": "2024-03-19T11:20:51.834879"}
{"op_code": 5, "worker_id": "331fffde-0de8-482c-bb32-4ea19c0e0b0f-12372", "trial_id": 4, "param_name": "n_estimators", "param_value_internal": 0, "distribution": "{\"name\": \"CategoricalDistribution\", \"attributes\": {\"choices\": [500, 750, 1000]}}"}
{"op_code": 5, "worker_id": "331fffde-0de8-482c-bb32-4ea19c0e0b0f-12372", "trial_id": 4, "param_name": "max_features", "param_value_internal": 1, "distribution": "{\"name\": \"CategoricalDistribution\", \"attributes\": {\"choices\": [\"sqrt\", \"log2\"]}}"}
{"op_code": 5, "worker_id": "331fffde-0de8-482c-bb32-4ea19c0e0b0f-12372", "trial_id": 4, "param_name": "max_depth", "param_value_internal": 4, "distribution": "{\"name\": \"CategoricalDistribution\", \"attributes\": {\"choices\": [null, 2, 5, 10, 20]}}"}
{"op_code": 7, "worker_id": "331fffde-0de8-482c-bb32-4ea19c0e0b0f-12372", "trial_id": 4, "step": 0, "intermediate_value": 0.23707716829663666}
{"op_code": 7, "worker_id": "331fffde-0de8-482c-bb32-4ea19c0e0b0f-12372", "trial_id": 4, "step": 1, "intermediate_value": 0.27433610847601875}
{"op_code": 7, "worker_id": "331fffde-0de8-482c-bb32-4ea19c0e0b0f-12372", "trial_id": 4, "step": 2, "intermediate_value": 0.29676487582223565}
{"op_code": 6, "worker_id": "331fffde-0de8-482c-bb32-4ea19c0e0b0f-12372", "trial_id": 4, "state": 1, "values": [0.26939271753163035], "datetime_complete": "2024-03-19T11:23:08.990624"}
{"op_code": 4, "worker_id": "331fffde-0de8-482c-bb32-4ea19c0e0b0f-12372", "study_id": 0, "datetime_start": "2024-03-19T11:23:09.287576"}
{"op_code": 5, "worker_id": "331fffde-0de8-482c-bb32-4ea19c0e0b0f-12372", "trial_id": 5, "param_name": "n_estimators", "param_value_internal": 0, "distribution": "{\"name\": \"CategoricalDistribution\", \"attributes\": {\"choices\": [500, 750, 1000]}}"}
{"op_code": 5, "worker_id": "331fffde-0de8-482c-bb32-4ea19c0e0b0f-12372", "trial_id": 5, "param_name": "max_features", "param_value_internal": 0, "distribution": "{\"name\": \"CategoricalDistribution\", \"attributes\": {\"choices\": [\"sqrt\", \"log2\"]}}"}
{"op_code": 5, "worker_id": "331fffde-0de8-482c-bb32-4ea19c0e0b0f-12372", "trial_id": 5, "param_name": "max_depth", "param_value_internal": 1, "distribution": "{\"name\": \"CategoricalDistribution\", \"attributes\": {\"choices\": [null, 2, 5, 10, 20]}}"}
{"op_code": 7, "worker_id": "331fffde-0de8-482c-bb32-4ea19c0e0b0f-12372", "trial_id": 5, "step": 0, "intermediate_value": 0.22708277363523907}
{"op_code": 7, "worker_id": "331fffde-0de8-482c-bb32-4ea19c0e0b0f-12372", "trial_id": 5, "step": 1, "intermediate_value": 0.23520470605303584}
{"op_code": 9, "worker_id": "331fffde-0de8-482c-bb32-4ea19c0e0b0f-12372", "trial_id": 5, "system_attr": {"completed_rung_0": 0.23520470605303584}}
{"op_code": 6, "worker_id": "331fffde-0de8-482c-bb32-4ea19c0e0b0f-12372", "trial_id": 5, "state": 2, "values": [0.23520470605303584], "datetime_complete": "2024-03-19T11:23:32.907151"}
{"op_code": 4, "worker_id": "331fffde-0de8-482c-bb32-4ea19c0e0b0f-12372", "study_id": 0, "datetime_start": "2024-03-19T11:23:33.038637"}
{"op_code": 5, "worker_id": "331fffde-0de8-482c-bb32-4ea19c0e0b0f-12372", "trial_id": 6, "param_name": "n_estimators", "param_value_internal": 2, "distribution": "{\"name\": \"CategoricalDistribution\", \"attributes\": {\"choices\": [500, 750, 1000]}}"}
{"op_code": 5, "worker_id": "331fffde-0de8-482c-bb32-4ea19c0e0b0f-12372", "trial_id": 6, "param_name": "max_features", "param_value_internal": 1, "distribution": "{\"name\": \"CategoricalDistribution\", \"attributes\": {\"choices\": [\"sqrt\", \"log2\"]}}"}
{"op_code": 5, "worker_id": "331fffde-0de8-482c-bb32-4ea19c0e0b0f-12372", "trial_id": 6, "param_name": "max_depth", "param_value_internal": 0, "distribution": "{\"name\": \"CategoricalDistribution\", \"attributes\": {\"choices\": [null, 2, 5, 10, 20]}}"}
{"op_code": 7, "worker_id": "331fffde-0de8-482c-bb32-4ea19c0e0b0f-12372", "trial_id": 6, "step": 0, "intermediate_value": 0.27564445323788145}
{"op_code": 7, "worker_id": "331fffde-0de8-482c-bb32-4ea19c0e0b0f-12372", "trial_id": 6, "step": 1, "intermediate_value": 0.27755089846230985}
{"op_code": 7, "worker_id": "331fffde-0de8-482c-bb32-4ea19c0e0b0f-12372", "trial_id": 6, "step": 2, "intermediate_value": 0.2684128749177679}
{"op_code": 6, "worker_id": "331fffde-0de8-482c-bb32-4ea19c0e0b0f-12372", "trial_id": 6, "state": 1, "values": [0.27386940887265304], "datetime_complete": "2024-03-19T11:28:37.108253"}
{"op_code": 4, "worker_id": "331fffde-0de8-482c-bb32-4ea19c0e0b0f-12372", "study_id": 0, "datetime_start": "2024-03-19T11:28:37.386914"}
{"op_code": 5, "worker_id": "331fffde-0de8-482c-bb32-4ea19c0e0b0f-12372", "trial_id": 7, "param_name": "n_estimators", "param_value_internal": 1, "distribution": "{\"name\": \"CategoricalDistribution\", \"attributes\": {\"choices\": [500, 750, 1000]}}"}
{"op_code": 5, "worker_id": "331fffde-0de8-482c-bb32-4ea19c0e0b0f-12372", "trial_id": 7, "param_name": "max_features", "param_value_internal": 1, "distribution": "{\"name\": \"CategoricalDistribution\", \"attributes\": {\"choices\": [\"sqrt\", \"log2\"]}}"}
{"op_code": 5, "worker_id": "331fffde-0de8-482c-bb32-4ea19c0e0b0f-12372", "trial_id": 7, "param_name": "max_depth", "param_value_internal": 3, "distribution": "{\"name\": \"CategoricalDistribution\", \"attributes\": {\"choices\": [null, 2, 5, 10, 20]}}"}
