{"op_code": 0, "worker_id": "daa286a0-3612-47c4-bd16-484765aafeff-9760", "study_name": "ANN", "directions": [2]}
{"op_code": 4, "worker_id": "daa286a0-3612-47c4-bd16-484765aafeff-20576", "study_id": 0, "datetime_start": "2024-03-19T11:13:02.536662"}
{"op_code": 5, "worker_id": "daa286a0-3612-47c4-bd16-484765aafeff-20576", "trial_id": 0, "param_name": "learning_rate_init", "param_value_internal": 0.115263377166058, "distribution": "{\"name\": \"FloatDistribution\", \"attributes\": {\"step\": null, \"low\": 0.05, \"high\": 0.15, \"log\": false}}"}
{"op_code": 5, "worker_id": "daa286a0-3612-47c4-bd16-484765aafeff-20576", "trial_id": 0, "param_name": "hidden_layer_sizes", "param_value_internal": 1, "distribution": "{\"name\": \"CategoricalDistribution\", \"attributes\": {\"choices\": [[5, 5, 5], [5, 5, 5, 5, 5], [10, 10, 10]]}}"}
{"op_code": 7, "worker_id": "daa286a0-3612-47c4-bd16-484765aafeff-20576", "trial_id": 0, "step": 0, "intermediate_value": 0.044673292508110744}
{"op_code": 7, "worker_id": "daa286a0-3612-47c4-bd16-484765aafeff-20576", "trial_id": 0, "step": 1, "intermediate_value": 0.06894059584468577}
{"op_code": 7, "worker_id": "daa286a0-3612-47c4-bd16-484765aafeff-20576", "trial_id": 0, "step": 2, "intermediate_value": 0.14066926066498062}
{"op_code": 6, "worker_id": "daa286a0-3612-47c4-bd16-484765aafeff-20576", "trial_id": 0, "state": 1, "values": [0.08476104967259239], "datetime_complete": "2024-03-19T11:13:16.929393"}
{"op_code": 4, "worker_id": "daa286a0-3612-47c4-bd16-484765aafeff-20576", "study_id": 0, "datetime_start": "2024-03-19T11:13:17.018933"}
{"op_code": 5, "worker_id": "daa286a0-3612-47c4-bd16-484765aafeff-20576", "trial_id": 1, "param_name": "learning_rate_init", "param_value_internal": 0.11726222670298, "distribution": "{\"name\": \"FloatDistribution\", \"attributes\": {\"step\": null, \"low\": 0.05, \"high\": 0.15, \"log\": false}}"}
{"op_code": 5, "worker_id": "daa286a0-3612-47c4-bd16-484765aafeff-20576", "trial_id": 1, "param_name": "hidden_layer_sizes", "param_value_internal": 1, "distribution": "{\"name\": \"CategoricalDistribution\", \"attributes\": {\"choices\": [[5, 5, 5], [5, 5, 5, 5, 5], [10, 10, 10]]}}"}
{"op_code": 7, "worker_id": "daa286a0-3612-47c4-bd16-484765aafeff-20576", "trial_id": 1, "step": 0, "intermediate_value": 0.05405924488353863}
{"op_code": 7, "worker_id": "daa286a0-3612-47c4-bd16-484765aafeff-20576", "trial_id": 1, "step": 1, "intermediate_value": 0.11568006265265215}
{"op_code": 7, "worker_id": "daa286a0-3612-47c4-bd16-484765aafeff-20576", "trial_id": 1, "step": 2, "intermediate_value": 0.235681122942903}
{"op_code": 6, "worker_id": "daa286a0-3612-47c4-bd16-484765aafeff-20576", "trial_id": 1, "state": 1, "values": [0.13514014349303127], "datetime_complete": "2024-03-19T11:13:21.391847"}
{"op_code": 4, "worker_id": "daa286a0-3612-47c4-bd16-484765aafeff-20576", "study_id": 0, "datetime_start": "2024-03-19T11:13:21.608058"}
{"op_code": 5, "worker_id": "daa286a0-3612-47c4-bd16-484765aafeff-20576", "trial_id": 2, "param_name": "learning_rate_init", "param_value_internal": 0.1465237989177552, "distribution": "{\"name\": \"FloatDistribution\", \"attributes\": {\"step\": null, \"low\": 0.05, \"high\": 0.15, \"log\": false}}"}
{"op_code": 5, "worker_id": "daa286a0-3612-47c4-bd16-484765aafeff-20576", "trial_id": 2, "param_name": "hidden_layer_sizes", "param_value_internal": 0, "distribution": "{\"name\": \"CategoricalDistribution\", \"attributes\": {\"choices\": [[5, 5, 5], [5, 5, 5, 5, 5], [10, 10, 10]]}}"}
{"op_code": 7, "worker_id": "daa286a0-3612-47c4-bd16-484765aafeff-20576", "trial_id": 2, "step": 0, "intermediate_value": 0.06128474786308799}
{"op_code": 7, "worker_id": "daa286a0-3612-47c4-bd16-484765aafeff-20576", "trial_id": 2, "step": 1, "intermediate_value": 0.01302206020282185}
{"op_code": 7, "worker_id": "daa286a0-3612-47c4-bd16-484765aafeff-20576", "trial_id": 2, "step": 2, "intermediate_value": 0.0034925409127869135}
{"op_code": 6, "worker_id": "daa286a0-3612-47c4-bd16-484765aafeff-20576", "trial_id": 2, "state": 1, "values": [0.025933116326232252], "datetime_complete": "2024-03-19T11:13:29.846739"}
{"op_code": 4, "worker_id": "daa286a0-3612-47c4-bd16-484765aafeff-20576", "study_id": 0, "datetime_start": "2024-03-19T11:13:30.229801"}
{"op_code": 5, "worker_id": "daa286a0-3612-47c4-bd16-484765aafeff-20576", "trial_id": 3, "param_name": "learning_rate_init", "param_value_internal": 0.053206327613466727, "distribution": "{\"name\": \"FloatDistribution\", \"attributes\": {\"step\": null, \"low\": 0.05, \"high\": 0.15, \"log\": false}}"}
{"op_code": 5, "worker_id": "daa286a0-3612-47c4-bd16-484765aafeff-20576", "trial_id": 3, "param_name": "hidden_layer_sizes", "param_value_internal": 1, "distribution": "{\"name\": \"CategoricalDistribution\", \"attributes\": {\"choices\": [[5, 5, 5], [5, 5, 5, 5, 5], [10, 10, 10]]}}"}
{"op_code": 7, "worker_id": "daa286a0-3612-47c4-bd16-484765aafeff-20576", "trial_id": 3, "step": 0, "intermediate_value": 0.08408949148625036}
{"op_code": 7, "worker_id": "daa286a0-3612-47c4-bd16-484765aafeff-20576", "trial_id": 3, "step": 1, "intermediate_value": 0.07403139929877138}
{"op_code": 9, "worker_id": "daa286a0-3612-47c4-bd16-484765aafeff-20576", "trial_id": 3, "system_attr": {"completed_rung_0": 0.07403139929877138}}
{"op_code": 7, "worker_id": "daa286a0-3612-47c4-bd16-484765aafeff-20576", "trial_id": 3, "step": 2, "intermediate_value": 0.2743911482843322}
{"op_code": 6, "worker_id": "daa286a0-3612-47c4-bd16-484765aafeff-20576", "trial_id": 3, "state": 1, "values": [0.14417067968978464], "datetime_complete": "2024-03-19T11:13:39.014236"}
{"op_code": 4, "worker_id": "daa286a0-3612-47c4-bd16-484765aafeff-20576", "study_id": 0, "datetime_start": "2024-03-19T11:13:39.153518"}
{"op_code": 5, "worker_id": "daa286a0-3612-47c4-bd16-484765aafeff-20576", "trial_id": 4, "param_name": "learning_rate_init", "param_value_internal": 0.055887322800915865, "distribution": "{\"name\": \"FloatDistribution\", \"attributes\": {\"step\": null, \"low\": 0.05, \"high\": 0.15, \"log\": false}}"}
{"op_code": 5, "worker_id": "daa286a0-3612-47c4-bd16-484765aafeff-20576", "trial_id": 4, "param_name": "hidden_layer_sizes", "param_value_internal": 2, "distribution": "{\"name\": \"CategoricalDistribution\", \"attributes\": {\"choices\": [[5, 5, 5], [5, 5, 5, 5, 5], [10, 10, 10]]}}"}
{"op_code": 7, "worker_id": "daa286a0-3612-47c4-bd16-484765aafeff-20576", "trial_id": 4, "step": 0, "intermediate_value": 0.11697633229017929}
{"op_code": 7, "worker_id": "daa286a0-3612-47c4-bd16-484765aafeff-20576", "trial_id": 4, "step": 1, "intermediate_value": 0.09882855736479954}
{"op_code": 9, "worker_id": "daa286a0-3612-47c4-bd16-484765aafeff-20576", "trial_id": 4, "system_attr": {"completed_rung_0": 0.09882855736479954}}
{"op_code": 7, "worker_id": "daa286a0-3612-47c4-bd16-484765aafeff-20576", "trial_id": 4, "step": 2, "intermediate_value": 0.030846416374488077}
{"op_code": 6, "worker_id": "daa286a0-3612-47c4-bd16-484765aafeff-20576", "trial_id": 4, "state": 1, "values": [0.0822171020098223], "datetime_complete": "2024-03-19T11:13:53.022741"}
{"op_code": 4, "worker_id": "daa286a0-3612-47c4-bd16-484765aafeff-20576", "study_id": 0, "datetime_start": "2024-03-19T11:13:53.628270"}
{"op_code": 5, "worker_id": "daa286a0-3612-47c4-bd16-484765aafeff-20576", "trial_id": 5, "param_name": "learning_rate_init", "param_value_internal": 0.05673700309495143, "distribution": "{\"name\": \"FloatDistribution\", \"attributes\": {\"step\": null, \"low\": 0.05, \"high\": 0.15, \"log\": false}}"}
{"op_code": 5, "worker_id": "daa286a0-3612-47c4-bd16-484765aafeff-20576", "trial_id": 5, "param_name": "hidden_layer_sizes", "param_value_internal": 1, "distribution": "{\"name\": \"CategoricalDistribution\", \"attributes\": {\"choices\": [[5, 5, 5], [5, 5, 5, 5, 5], [10, 10, 10]]}}"}
{"op_code": 7, "worker_id": "daa286a0-3612-47c4-bd16-484765aafeff-20576", "trial_id": 5, "step": 0, "intermediate_value": 0.08279322184872324}
{"op_code": 7, "worker_id": "daa286a0-3612-47c4-bd16-484765aafeff-20576", "trial_id": 5, "step": 1, "intermediate_value": 0.06663786136620926}
{"op_code": 9, "worker_id": "daa286a0-3612-47c4-bd16-484765aafeff-20576", "trial_id": 5, "system_attr": {"completed_rung_0": 0.06663786136620926}}
{"op_code": 6, "worker_id": "daa286a0-3612-47c4-bd16-484765aafeff-20576", "trial_id": 5, "state": 2, "values": [0.06663786136620926], "datetime_complete": "2024-03-19T11:13:56.713950"}
{"op_code": 4, "worker_id": "daa286a0-3612-47c4-bd16-484765aafeff-20576", "study_id": 0, "datetime_start": "2024-03-19T11:13:56.918183"}
{"op_code": 5, "worker_id": "daa286a0-3612-47c4-bd16-484765aafeff-20576", "trial_id": 6, "param_name": "learning_rate_init", "param_value_internal": 0.08221896482364119, "distribution": "{\"name\": \"FloatDistribution\", \"attributes\": {\"step\": null, \"low\": 0.05, \"high\": 0.15, \"log\": false}}"}
{"op_code": 5, "worker_id": "daa286a0-3612-47c4-bd16-484765aafeff-20576", "trial_id": 6, "param_name": "hidden_layer_sizes", "param_value_internal": 0, "distribution": "{\"name\": \"CategoricalDistribution\", \"attributes\": {\"choices\": [[5, 5, 5], [5, 5, 5, 5, 5], [10, 10, 10]]}}"}
{"op_code": 7, "worker_id": "daa286a0-3612-47c4-bd16-484765aafeff-20576", "trial_id": 6, "step": 0, "intermediate_value": 0.07079072520495357}
{"op_code": 7, "worker_id": "daa286a0-3612-47c4-bd16-484765aafeff-20576", "trial_id": 6, "step": 1, "intermediate_value": 0.0034925409127869135}
{"op_code": 9, "worker_id": "daa286a0-3612-47c4-bd16-484765aafeff-20576", "trial_id": 6, "system_attr": {"completed_rung_0": 0.0034925409127869135}}
{"op_code": 6, "worker_id": "daa286a0-3612-47c4-bd16-484765aafeff-20576", "trial_id": 6, "state": 2, "values": [0.0034925409127869135], "datetime_complete": "2024-03-19T11:14:01.658103"}
{"op_code": 4, "worker_id": "daa286a0-3612-47c4-bd16-484765aafeff-20576", "study_id": 0, "datetime_start": "2024-03-19T11:14:01.934524"}
{"op_code": 5, "worker_id": "daa286a0-3612-47c4-bd16-484765aafeff-20576", "trial_id": 7, "param_name": "learning_rate_init", "param_value_internal": 0.08250848705951937, "distribution": "{\"name\": \"FloatDistribution\", \"attributes\": {\"step\": null, \"low\": 0.05, \"high\": 0.15, \"log\": false}}"}
{"op_code": 5, "worker_id": "daa286a0-3612-47c4-bd16-484765aafeff-20576", "trial_id": 7, "param_name": "hidden_layer_sizes", "param_value_internal": 2, "distribution": "{\"name\": \"CategoricalDistribution\", \"attributes\": {\"choices\": [[5, 5, 5], [5, 5, 5, 5, 5], [10, 10, 10]]}}"}
{"op_code": 7, "worker_id": "daa286a0-3612-47c4-bd16-484765aafeff-20576", "trial_id": 7, "step": 0, "intermediate_value": 0.12141305826798257}
{"op_code": 7, "worker_id": "daa286a0-3612-47c4-bd16-484765aafeff-20576", "trial_id": 7, "step": 1, "intermediate_value": 0.0997167421164385}
{"op_code": 9, "worker_id": "daa286a0-3612-47c4-bd16-484765aafeff-20576", "trial_id": 7, "system_attr": {"completed_rung_0": 0.0997167421164385}}
{"op_code": 7, "worker_id": "daa286a0-3612-47c4-bd16-484765aafeff-20576", "trial_id": 7, "step": 2, "intermediate_value": 0.03368511232019343}
{"op_code": 6, "worker_id": "daa286a0-3612-47c4-bd16-484765aafeff-20576", "trial_id": 7, "state": 1, "values": [0.08493830423487149], "datetime_complete": "2024-03-19T11:14:17.797577"}
{"op_code": 4, "worker_id": "daa286a0-3612-47c4-bd16-484765aafeff-20576", "study_id": 0, "datetime_start": "2024-03-19T11:14:18.103326"}
{"op_code": 5, "worker_id": "daa286a0-3612-47c4-bd16-484765aafeff-20576", "trial_id": 8, "param_name": "learning_rate_init", "param_value_internal": 0.05053931380808362, "distribution": "{\"name\": \"FloatDistribution\", \"attributes\": {\"step\": null, \"low\": 0.05, \"high\": 0.15, \"log\": false}}"}
{"op_code": 5, "worker_id": "daa286a0-3612-47c4-bd16-484765aafeff-20576", "trial_id": 8, "param_name": "hidden_layer_sizes", "param_value_internal": 1, "distribution": "{\"name\": \"CategoricalDistribution\", \"attributes\": {\"choices\": [[5, 5, 5], [5, 5, 5, 5, 5], [10, 10, 10]]}}"}
{"op_code": 7, "worker_id": "daa286a0-3612-47c4-bd16-484765aafeff-20576", "trial_id": 8, "step": 0, "intermediate_value": 0.08843439527129499}
{"op_code": 7, "worker_id": "daa286a0-3612-47c4-bd16-484765aafeff-20576", "trial_id": 8, "step": 1, "intermediate_value": 0.06286907742006557}
{"op_code": 9, "worker_id": "daa286a0-3612-47c4-bd16-484765aafeff-20576", "trial_id": 8, "system_attr": {"completed_rung_0": 0.06286907742006557}}
{"op_code": 6, "worker_id": "daa286a0-3612-47c4-bd16-484765aafeff-20576", "trial_id": 8, "state": 2, "values": [0.06286907742006557], "datetime_complete": "2024-03-19T11:14:30.521084"}
{"op_code": 4, "worker_id": "daa286a0-3612-47c4-bd16-484765aafeff-20576", "study_id": 0, "datetime_start": "2024-03-19T11:14:30.726179"}
{"op_code": 5, "worker_id": "daa286a0-3612-47c4-bd16-484765aafeff-20576", "trial_id": 9, "param_name": "learning_rate_init", "param_value_internal": 0.0764026232388546, "distribution": "{\"name\": \"FloatDistribution\", \"attributes\": {\"step\": null, \"low\": 0.05, \"high\": 0.15, \"log\": false}}"}
{"op_code": 5, "worker_id": "daa286a0-3612-47c4-bd16-484765aafeff-20576", "trial_id": 9, "param_name": "hidden_layer_sizes", "param_value_internal": 1, "distribution": "{\"name\": \"CategoricalDistribution\", \"attributes\": {\"choices\": [[5, 5, 5], [5, 5, 5, 5, 5], [10, 10, 10]]}}"}
{"op_code": 7, "worker_id": "daa286a0-3612-47c4-bd16-484765aafeff-20576", "trial_id": 9, "step": 0, "intermediate_value": 0.09083489460004893}
{"op_code": 7, "worker_id": "daa286a0-3612-47c4-bd16-484765aafeff-20576", "trial_id": 9, "step": 1, "intermediate_value": 0.08089682737900762}
{"op_code": 9, "worker_id": "daa286a0-3612-47c4-bd16-484765aafeff-20576", "trial_id": 9, "system_attr": {"completed_rung_0": 0.08089682737900762}}
{"op_code": 6, "worker_id": "daa286a0-3612-47c4-bd16-484765aafeff-20576", "trial_id": 9, "state": 2, "values": [0.08089682737900762], "datetime_complete": "2024-03-19T11:14:34.956278"}
{"op_code": 4, "worker_id": "daa286a0-3612-47c4-bd16-484765aafeff-20576", "study_id": 0, "datetime_start": "2024-03-19T11:14:35.128488"}
{"op_code": 5, "worker_id": "daa286a0-3612-47c4-bd16-484765aafeff-20576", "trial_id": 10, "param_name": "learning_rate_init", "param_value_internal": 0.09944431592215153, "distribution": "{\"name\": \"FloatDistribution\", \"attributes\": {\"step\": null, \"low\": 0.05, \"high\": 0.15, \"log\": false}}"}
{"op_code": 5, "worker_id": "daa286a0-3612-47c4-bd16-484765aafeff-20576", "trial_id": 10, "param_name": "hidden_layer_sizes", "param_value_internal": 0, "distribution": "{\"name\": \"CategoricalDistribution\", \"attributes\": {\"choices\": [[5, 5, 5], [5, 5, 5, 5, 5], [10, 10, 10]]}}"}
{"op_code": 7, "worker_id": "daa286a0-3612-47c4-bd16-484765aafeff-20576", "trial_id": 10, "step": 0, "intermediate_value": 0.0416006533673057}
{"op_code": 7, "worker_id": "daa286a0-3612-47c4-bd16-484765aafeff-20576", "trial_id": 10, "step": 1, "intermediate_value": 0.06985453046673953}
{"op_code": 9, "worker_id": "daa286a0-3612-47c4-bd16-484765aafeff-20576", "trial_id": 10, "system_attr": {"completed_rung_0": 0.06985453046673953}}
{"op_code": 6, "worker_id": "daa286a0-3612-47c4-bd16-484765aafeff-20576", "trial_id": 10, "state": 2, "values": [0.06985453046673953], "datetime_complete": "2024-03-19T11:14:40.696418"}
{"op_code": 4, "worker_id": "daa286a0-3612-47c4-bd16-484765aafeff-20576", "study_id": 0, "datetime_start": "2024-03-19T11:14:40.962913"}
{"op_code": 5, "worker_id": "daa286a0-3612-47c4-bd16-484765aafeff-20576", "trial_id": 11, "param_name": "learning_rate_init", "param_value_internal": 0.12042540216039509, "distribution": "{\"name\": \"FloatDistribution\", \"attributes\": {\"step\": null, \"low\": 0.05, \"high\": 0.15, \"log\": false}}"}
{"op_code": 5, "worker_id": "daa286a0-3612-47c4-bd16-484765aafeff-20576", "trial_id": 11, "param_name": "hidden_layer_sizes", "param_value_internal": 1, "distribution": "{\"name\": \"CategoricalDistribution\", \"attributes\": {\"choices\": [[5, 5, 5], [5, 5, 5, 5, 5], [10, 10, 10]]}}"}
{"op_code": 7, "worker_id": "daa286a0-3612-47c4-bd16-484765aafeff-20576", "trial_id": 11, "step": 0, "intermediate_value": 0.07589360786358512}
{"op_code": 7, "worker_id": "daa286a0-3612-47c4-bd16-484765aafeff-20576", "trial_id": 11, "step": 1, "intermediate_value": 0.13747096090643426}
{"op_code": 7, "worker_id": "daa286a0-3612-47c4-bd16-484765aafeff-20576", "trial_id": 11, "step": 2, "intermediate_value": 0.11944884659879583}
{"op_code": 6, "worker_id": "daa286a0-3612-47c4-bd16-484765aafeff-20576", "trial_id": 11, "state": 1, "values": [0.1109378051229384], "datetime_complete": "2024-03-19T11:14:57.395919"}
{"op_code": 4, "worker_id": "daa286a0-3612-47c4-bd16-484765aafeff-20576", "study_id": 0, "datetime_start": "2024-03-19T11:14:57.785957"}
{"op_code": 5, "worker_id": "daa286a0-3612-47c4-bd16-484765aafeff-20576", "trial_id": 12, "param_name": "learning_rate_init", "param_value_internal": 0.10740881385847476, "distribution": "{\"name\": \"FloatDistribution\", \"attributes\": {\"step\": null, \"low\": 0.05, \"high\": 0.15, \"log\": false}}"}
{"op_code": 5, "worker_id": "daa286a0-3612-47c4-bd16-484765aafeff-20576", "trial_id": 12, "param_name": "hidden_layer_sizes", "param_value_internal": 1, "distribution": "{\"name\": \"CategoricalDistribution\", \"attributes\": {\"choices\": [[5, 5, 5], [5, 5, 5, 5, 5], [10, 10, 10]]}}"}
{"op_code": 7, "worker_id": "daa286a0-3612-47c4-bd16-484765aafeff-20576", "trial_id": 12, "step": 0, "intermediate_value": 0.18128570930749724}
{"op_code": 7, "worker_id": "daa286a0-3612-47c4-bd16-484765aafeff-20576", "trial_id": 12, "step": 1, "intermediate_value": 0.21923760369509696}
{"op_code": 9, "worker_id": "daa286a0-3612-47c4-bd16-484765aafeff-20576", "trial_id": 12, "system_attr": {"completed_rung_0": 0.21923760369509696}}
{"op_code": 7, "worker_id": "daa286a0-3612-47c4-bd16-484765aafeff-20576", "trial_id": 12, "step": 2, "intermediate_value": 0.0849056612580267}
{"op_code": 6, "worker_id": "daa286a0-3612-47c4-bd16-484765aafeff-20576", "trial_id": 12, "state": 1, "values": [0.16180965808687364], "datetime_complete": "2024-03-19T11:15:07.899974"}
{"op_code": 4, "worker_id": "daa286a0-3612-47c4-bd16-484765aafeff-20576", "study_id": 0, "datetime_start": "2024-03-19T11:15:08.036928"}
{"op_code": 5, "worker_id": "daa286a0-3612-47c4-bd16-484765aafeff-20576", "trial_id": 13, "param_name": "learning_rate_init", "param_value_internal": 0.07095986476819252, "distribution": "{\"name\": \"FloatDistribution\", \"attributes\": {\"step\": null, \"low\": 0.05, \"high\": 0.15, \"log\": false}}"}
{"op_code": 5, "worker_id": "daa286a0-3612-47c4-bd16-484765aafeff-20576", "trial_id": 13, "param_name": "hidden_layer_sizes", "param_value_internal": 1, "distribution": "{\"name\": \"CategoricalDistribution\", \"attributes\": {\"choices\": [[5, 5, 5], [5, 5, 5, 5, 5], [10, 10, 10]]}}"}
{"op_code": 7, "worker_id": "daa286a0-3612-47c4-bd16-484765aafeff-20576", "trial_id": 13, "step": 0, "intermediate_value": 0.0034925409127869135}
{"op_code": 7, "worker_id": "daa286a0-3612-47c4-bd16-484765aafeff-20576", "trial_id": 13, "step": 1, "intermediate_value": 0.21597292460799158}
{"op_code": 9, "worker_id": "daa286a0-3612-47c4-bd16-484765aafeff-20576", "trial_id": 13, "system_attr": {"completed_rung_0": 0.21597292460799158}}
{"op_code": 7, "worker_id": "daa286a0-3612-47c4-bd16-484765aafeff-20576", "trial_id": 13, "step": 2, "intermediate_value": 0.09256325411675177}
{"op_code": 6, "worker_id": "daa286a0-3612-47c4-bd16-484765aafeff-20576", "trial_id": 13, "state": 1, "values": [0.10400957321251009], "datetime_complete": "2024-03-19T11:15:18.179541"}
{"op_code": 4, "worker_id": "daa286a0-3612-47c4-bd16-484765aafeff-20576", "study_id": 0, "datetime_start": "2024-03-19T11:15:18.433813"}
{"op_code": 5, "worker_id": "daa286a0-3612-47c4-bd16-484765aafeff-20576", "trial_id": 14, "param_name": "learning_rate_init", "param_value_internal": 0.09628577382132726, "distribution": "{\"name\": \"FloatDistribution\", \"attributes\": {\"step\": null, \"low\": 0.05, \"high\": 0.15, \"log\": false}}"}
{"op_code": 5, "worker_id": "daa286a0-3612-47c4-bd16-484765aafeff-20576", "trial_id": 14, "param_name": "hidden_layer_sizes", "param_value_internal": 2, "distribution": "{\"name\": \"CategoricalDistribution\", \"attributes\": {\"choices\": [[5, 5, 5], [5, 5, 5, 5, 5], [10, 10, 10]]}}"}
{"op_code": 7, "worker_id": "daa286a0-3612-47c4-bd16-484765aafeff-20576", "trial_id": 14, "step": 0, "intermediate_value": 0.09196312928456328}
{"op_code": 7, "worker_id": "daa286a0-3612-47c4-bd16-484765aafeff-20576", "trial_id": 14, "step": 1, "intermediate_value": 0.08731352281967285}
{"op_code": 9, "worker_id": "daa286a0-3612-47c4-bd16-484765aafeff-20576", "trial_id": 14, "system_attr": {"completed_rung_0": 0.08731352281967285}}
{"op_code": 6, "worker_id": "daa286a0-3612-47c4-bd16-484765aafeff-20576", "trial_id": 14, "state": 2, "values": [0.08731352281967285], "datetime_complete": "2024-03-19T11:15:26.290338"}
{"op_code": 4, "worker_id": "daa286a0-3612-47c4-bd16-484765aafeff-20576", "study_id": 0, "datetime_start": "2024-03-19T11:15:26.523850"}
{"op_code": 5, "worker_id": "daa286a0-3612-47c4-bd16-484765aafeff-20576", "trial_id": 15, "param_name": "learning_rate_init", "param_value_internal": 0.06743840547582669, "distribution": "{\"name\": \"FloatDistribution\", \"attributes\": {\"step\": null, \"low\": 0.05, \"high\": 0.15, \"log\": false}}"}
{"op_code": 5, "worker_id": "daa286a0-3612-47c4-bd16-484765aafeff-20576", "trial_id": 15, "param_name": "hidden_layer_sizes", "param_value_internal": 1, "distribution": "{\"name\": \"CategoricalDistribution\", \"attributes\": {\"choices\": [[5, 5, 5], [5, 5, 5, 5, 5], [10, 10, 10]]}}"}
{"op_code": 7, "worker_id": "daa286a0-3612-47c4-bd16-484765aafeff-20576", "trial_id": 15, "step": 0, "intermediate_value": 0.13917131685734707}
{"op_code": 7, "worker_id": "daa286a0-3612-47c4-bd16-484765aafeff-20576", "trial_id": 15, "step": 1, "intermediate_value": 0.061236737876512896}
{"op_code": 7, "worker_id": "daa286a0-3612-47c4-bd16-484765aafeff-20576", "trial_id": 15, "step": 2, "intermediate_value": 0.19558229111606715}
{"op_code": 6, "worker_id": "daa286a0-3612-47c4-bd16-484765aafeff-20576", "trial_id": 15, "state": 1, "values": [0.1319967819499757], "datetime_complete": "2024-03-19T11:15:34.335092"}
{"op_code": 4, "worker_id": "daa286a0-3612-47c4-bd16-484765aafeff-20576", "study_id": 0, "datetime_start": "2024-03-19T11:15:34.484571"}
{"op_code": 5, "worker_id": "daa286a0-3612-47c4-bd16-484765aafeff-20576", "trial_id": 16, "param_name": "learning_rate_init", "param_value_internal": 0.06614081189452603, "distribution": "{\"name\": \"FloatDistribution\", \"attributes\": {\"step\": null, \"low\": 0.05, \"high\": 0.15, \"log\": false}}"}
{"op_code": 5, "worker_id": "daa286a0-3612-47c4-bd16-484765aafeff-20576", "trial_id": 16, "param_name": "hidden_layer_sizes", "param_value_internal": 1, "distribution": "{\"name\": \"CategoricalDistribution\", \"attributes\": {\"choices\": [[5, 5, 5], [5, 5, 5, 5, 5], [10, 10, 10]]}}"}
{"op_code": 7, "worker_id": "daa286a0-3612-47c4-bd16-484765aafeff-20576", "trial_id": 16, "step": 0, "intermediate_value": 0.04868212638712982}
{"op_code": 7, "worker_id": "daa286a0-3612-47c4-bd16-484765aafeff-20576", "trial_id": 16, "step": 1, "intermediate_value": 0.1578308224654458}
{"op_code": 7, "worker_id": "daa286a0-3612-47c4-bd16-484765aafeff-20576", "trial_id": 16, "step": 2, "intermediate_value": 0.0037943700101275603}
{"op_code": 6, "worker_id": "daa286a0-3612-47c4-bd16-484765aafeff-20576", "trial_id": 16, "state": 1, "values": [0.07010243962090106], "datetime_complete": "2024-03-19T11:15:46.010628"}
{"op_code": 4, "worker_id": "daa286a0-3612-47c4-bd16-484765aafeff-20576", "study_id": 0, "datetime_start": "2024-03-19T11:15:46.548266"}
{"op_code": 5, "worker_id": "daa286a0-3612-47c4-bd16-484765aafeff-20576", "trial_id": 17, "param_name": "learning_rate_init", "param_value_internal": 0.09001047346194663, "distribution": "{\"name\": \"FloatDistribution\", \"attributes\": {\"step\": null, \"low\": 0.05, \"high\": 0.15, \"log\": false}}"}
{"op_code": 5, "worker_id": "daa286a0-3612-47c4-bd16-484765aafeff-20576", "trial_id": 17, "param_name": "hidden_layer_sizes", "param_value_internal": 1, "distribution": "{\"name\": \"CategoricalDistribution\", \"attributes\": {\"choices\": [[5, 5, 5], [5, 5, 5, 5, 5], [10, 10, 10]]}}"}
{"op_code": 7, "worker_id": "daa286a0-3612-47c4-bd16-484765aafeff-20576", "trial_id": 17, "step": 0, "intermediate_value": 0.002302444432888745}
{"op_code": 7, "worker_id": "daa286a0-3612-47c4-bd16-484765aafeff-20576", "trial_id": 17, "step": 1, "intermediate_value": 0.10819050474693988}
{"op_code": 9, "worker_id": "daa286a0-3612-47c4-bd16-484765aafeff-20576", "trial_id": 17, "system_attr": {"completed_rung_0": 0.10819050474693988}}
{"op_code": 7, "worker_id": "daa286a0-3612-47c4-bd16-484765aafeff-20576", "trial_id": 17, "step": 2, "intermediate_value": 0.13900472782563827}
{"op_code": 6, "worker_id": "daa286a0-3612-47c4-bd16-484765aafeff-20576", "trial_id": 17, "state": 1, "values": [0.08316589233515563], "datetime_complete": "2024-03-19T11:15:50.978844"}
{"op_code": 4, "worker_id": "daa286a0-3612-47c4-bd16-484765aafeff-20576", "study_id": 0, "datetime_start": "2024-03-19T11:15:51.222619"}
{"op_code": 5, "worker_id": "daa286a0-3612-47c4-bd16-484765aafeff-20576", "trial_id": 18, "param_name": "learning_rate_init", "param_value_internal": 0.10621627285740226, "distribution": "{\"name\": \"FloatDistribution\", \"attributes\": {\"step\": null, \"low\": 0.05, \"high\": 0.15, \"log\": false}}"}
{"op_code": 5, "worker_id": "daa286a0-3612-47c4-bd16-484765aafeff-20576", "trial_id": 18, "param_name": "hidden_layer_sizes", "param_value_internal": 2, "distribution": "{\"name\": \"CategoricalDistribution\", \"attributes\": {\"choices\": [[5, 5, 5], [5, 5, 5, 5, 5], [10, 10, 10]]}}"}
{"op_code": 7, "worker_id": "daa286a0-3612-47c4-bd16-484765aafeff-20576", "trial_id": 18, "step": 0, "intermediate_value": 0.21357242527923767}
{"op_code": 7, "worker_id": "daa286a0-3612-47c4-bd16-484765aafeff-20576", "trial_id": 18, "step": 1, "intermediate_value": 0.04416918764907242}
{"op_code": 7, "worker_id": "daa286a0-3612-47c4-bd16-484765aafeff-20576", "trial_id": 18, "step": 2, "intermediate_value": 0.011330356831718577}
{"op_code": 6, "worker_id": "daa286a0-3612-47c4-bd16-484765aafeff-20576", "trial_id": 18, "state": 1, "values": [0.08969065658667623], "datetime_complete": "2024-03-19T11:16:10.056067"}
{"op_code": 4, "worker_id": "daa286a0-3612-47c4-bd16-484765aafeff-20576", "study_id": 0, "datetime_start": "2024-03-19T11:16:10.265124"}
{"op_code": 5, "worker_id": "daa286a0-3612-47c4-bd16-484765aafeff-20576", "trial_id": 19, "param_name": "learning_rate_init", "param_value_internal": 0.09267651787114134, "distribution": "{\"name\": \"FloatDistribution\", \"attributes\": {\"step\": null, \"low\": 0.05, \"high\": 0.15, \"log\": false}}"}
{"op_code": 5, "worker_id": "daa286a0-3612-47c4-bd16-484765aafeff-20576", "trial_id": 19, "param_name": "hidden_layer_sizes", "param_value_internal": 0, "distribution": "{\"name\": \"CategoricalDistribution\", \"attributes\": {\"choices\": [[5, 5, 5], [5, 5, 5, 5, 5], [10, 10, 10]]}}"}
{"op_code": 7, "worker_id": "daa286a0-3612-47c4-bd16-484765aafeff-20576", "trial_id": 19, "step": 0, "intermediate_value": 0.0034925409127869135}
{"op_code": 7, "worker_id": "daa286a0-3612-47c4-bd16-484765aafeff-20576", "trial_id": 19, "step": 1, "intermediate_value": 0.014835085851699322}
{"op_code": 9, "worker_id": "daa286a0-3612-47c4-bd16-484765aafeff-20576", "trial_id": 19, "system_attr": {"completed_rung_0": 0.014835085851699322}}
{"op_code": 6, "worker_id": "daa286a0-3612-47c4-bd16-484765aafeff-20576", "trial_id": 19, "state": 2, "values": [0.014835085851699322], "datetime_complete": "2024-03-19T11:16:12.142210"}
