{"op_code": 0, "worker_id": "36e09efa-8df4-4def-9cad-64a7cb3c2812-9760", "study_name": "GB", "directions": [2]}
{"op_code": 4, "worker_id": "36e09efa-8df4-4def-9cad-64a7cb3c2812-17496", "study_id": 0, "datetime_start": "2024-03-19T11:12:55.821821"}
{"op_code": 5, "worker_id": "36e09efa-8df4-4def-9cad-64a7cb3c2812-17496", "trial_id": 0, "param_name": "n_estimators", "param_value_internal": 3, "distribution": "{\"name\": \"CategoricalDistribution\", \"attributes\": {\"choices\": [5, 10, 20, 50]}}"}
{"op_code": 5, "worker_id": "36e09efa-8df4-4def-9cad-64a7cb3c2812-17496", "trial_id": 0, "param_name": "learning_rate", "param_value_internal": 0.10856695079076845, "distribution": "{\"name\": \"FloatDistribution\", \"attributes\": {\"step\": null, \"low\": 0.05, \"high\": 0.175, \"log\": false}}"}
{"op_code": 5, "worker_id": "36e09efa-8df4-4def-9cad-64a7cb3c2812-17496", "trial_id": 0, "param_name": "max_depth", "param_value_internal": 1, "distribution": "{\"name\": \"CategoricalDistribution\", \"attributes\": {\"choices\": [1, 2, 3]}}"}
{"op_code": 7, "worker_id": "36e09efa-8df4-4def-9cad-64a7cb3c2812-17496", "trial_id": 0, "step": 0, "intermediate_value": 0.3606530982013439}
{"op_code": 7, "worker_id": "36e09efa-8df4-4def-9cad-64a7cb3c2812-17496", "trial_id": 0, "step": 1, "intermediate_value": 0.3606530982013439}
{"op_code": 7, "worker_id": "36e09efa-8df4-4def-9cad-64a7cb3c2812-17496", "trial_id": 0, "step": 2, "intermediate_value": 0.3606530982013439}
{"op_code": 6, "worker_id": "36e09efa-8df4-4def-9cad-64a7cb3c2812-17496", "trial_id": 0, "state": 1, "values": [0.3606530982013439], "datetime_complete": "2024-03-19T11:13:04.832132"}
{"op_code": 4, "worker_id": "36e09efa-8df4-4def-9cad-64a7cb3c2812-17496", "study_id": 0, "datetime_start": "2024-03-19T11:13:05.158362"}
{"op_code": 5, "worker_id": "36e09efa-8df4-4def-9cad-64a7cb3c2812-17496", "trial_id": 1, "param_name": "n_estimators", "param_value_internal": 3, "distribution": "{\"name\": \"CategoricalDistribution\", \"attributes\": {\"choices\": [5, 10, 20, 50]}}"}
{"op_code": 5, "worker_id": "36e09efa-8df4-4def-9cad-64a7cb3c2812-17496", "trial_id": 1, "param_name": "learning_rate", "param_value_internal": 0.10649096326897323, "distribution": "{\"name\": \"FloatDistribution\", \"attributes\": {\"step\": null, \"low\": 0.05, \"high\": 0.175, \"log\": false}}"}
{"op_code": 5, "worker_id": "36e09efa-8df4-4def-9cad-64a7cb3c2812-17496", "trial_id": 1, "param_name": "max_depth", "param_value_internal": 1, "distribution": "{\"name\": \"CategoricalDistribution\", \"attributes\": {\"choices\": [1, 2, 3]}}"}
{"op_code": 7, "worker_id": "36e09efa-8df4-4def-9cad-64a7cb3c2812-17496", "trial_id": 1, "step": 0, "intermediate_value": 0.3439767537917394}
{"op_code": 7, "worker_id": "36e09efa-8df4-4def-9cad-64a7cb3c2812-17496", "trial_id": 1, "step": 1, "intermediate_value": 0.3439767537917394}
{"op_code": 7, "worker_id": "36e09efa-8df4-4def-9cad-64a7cb3c2812-17496", "trial_id": 1, "step": 2, "intermediate_value": 0.3439767537917394}
{"op_code": 6, "worker_id": "36e09efa-8df4-4def-9cad-64a7cb3c2812-17496", "trial_id": 1, "state": 1, "values": [0.3439767537917395], "datetime_complete": "2024-03-19T11:13:14.389359"}
{"op_code": 4, "worker_id": "36e09efa-8df4-4def-9cad-64a7cb3c2812-17496", "study_id": 0, "datetime_start": "2024-03-19T11:13:14.464507"}
{"op_code": 5, "worker_id": "36e09efa-8df4-4def-9cad-64a7cb3c2812-17496", "trial_id": 2, "param_name": "n_estimators", "param_value_internal": 1, "distribution": "{\"name\": \"CategoricalDistribution\", \"attributes\": {\"choices\": [5, 10, 20, 50]}}"}
{"op_code": 5, "worker_id": "36e09efa-8df4-4def-9cad-64a7cb3c2812-17496", "trial_id": 2, "param_name": "learning_rate", "param_value_internal": 0.15808272083629032, "distribution": "{\"name\": \"FloatDistribution\", \"attributes\": {\"step\": null, \"low\": 0.05, \"high\": 0.175, \"log\": false}}"}
{"op_code": 5, "worker_id": "36e09efa-8df4-4def-9cad-64a7cb3c2812-17496", "trial_id": 2, "param_name": "max_depth", "param_value_internal": 0, "distribution": "{\"name\": \"CategoricalDistribution\", \"attributes\": {\"choices\": [1, 2, 3]}}"}
{"op_code": 7, "worker_id": "36e09efa-8df4-4def-9cad-64a7cb3c2812-17496", "trial_id": 2, "step": 0, "intermediate_value": 0.19558229111606715}
{"op_code": 7, "worker_id": "36e09efa-8df4-4def-9cad-64a7cb3c2812-17496", "trial_id": 2, "step": 1, "intermediate_value": 0.19558229111606715}
{"op_code": 9, "worker_id": "36e09efa-8df4-4def-9cad-64a7cb3c2812-17496", "trial_id": 2, "system_attr": {"completed_rung_0": 0.19558229111606715}}
{"op_code": 7, "worker_id": "36e09efa-8df4-4def-9cad-64a7cb3c2812-17496", "trial_id": 2, "step": 2, "intermediate_value": 0.19558229111606715}
{"op_code": 6, "worker_id": "36e09efa-8df4-4def-9cad-64a7cb3c2812-17496", "trial_id": 2, "state": 1, "values": [0.19558229111606715], "datetime_complete": "2024-03-19T11:13:16.804619"}
{"op_code": 4, "worker_id": "36e09efa-8df4-4def-9cad-64a7cb3c2812-17496", "study_id": 0, "datetime_start": "2024-03-19T11:13:17.313812"}
{"op_code": 5, "worker_id": "36e09efa-8df4-4def-9cad-64a7cb3c2812-17496", "trial_id": 3, "param_name": "n_estimators", "param_value_internal": 2, "distribution": "{\"name\": \"CategoricalDistribution\", \"attributes\": {\"choices\": [5, 10, 20, 50]}}"}
{"op_code": 5, "worker_id": "36e09efa-8df4-4def-9cad-64a7cb3c2812-17496", "trial_id": 3, "param_name": "learning_rate", "param_value_internal": 0.05867129618588054, "distribution": "{\"name\": \"FloatDistribution\", \"attributes\": {\"step\": null, \"low\": 0.05, \"high\": 0.175, \"log\": false}}"}
{"op_code": 5, "worker_id": "36e09efa-8df4-4def-9cad-64a7cb3c2812-17496", "trial_id": 3, "param_name": "max_depth", "param_value_internal": 1, "distribution": "{\"name\": \"CategoricalDistribution\", \"attributes\": {\"choices\": [1, 2, 3]}}"}
{"op_code": 7, "worker_id": "36e09efa-8df4-4def-9cad-64a7cb3c2812-17496", "trial_id": 3, "step": 0, "intermediate_value": 0.32203602707130985}
{"op_code": 7, "worker_id": "36e09efa-8df4-4def-9cad-64a7cb3c2812-17496", "trial_id": 3, "step": 1, "intermediate_value": 0.32203602707130985}
{"op_code": 9, "worker_id": "36e09efa-8df4-4def-9cad-64a7cb3c2812-17496", "trial_id": 3, "system_attr": {"completed_rung_0": 0.32203602707130985}}
{"op_code": 7, "worker_id": "36e09efa-8df4-4def-9cad-64a7cb3c2812-17496", "trial_id": 3, "step": 2, "intermediate_value": 0.32203602707130985}
{"op_code": 6, "worker_id": "36e09efa-8df4-4def-9cad-64a7cb3c2812-17496", "trial_id": 3, "state": 1, "values": [0.32203602707130985], "datetime_complete": "2024-03-19T11:13:21.532866"}
{"op_code": 4, "worker_id": "36e09efa-8df4-4def-9cad-64a7cb3c2812-17496", "study_id": 0, "datetime_start": "2024-03-19T11:13:21.829429"}
{"op_code": 5, "worker_id": "36e09efa-8df4-4def-9cad-64a7cb3c2812-17496", "trial_id": 4, "param_name": "n_estimators", "param_value_internal": 3, "distribution": "{\"name\": \"CategoricalDistribution\", \"attributes\": {\"choices\": [5, 10, 20, 50]}}"}
{"op_code": 5, "worker_id": "36e09efa-8df4-4def-9cad-64a7cb3c2812-17496", "trial_id": 4, "param_name": "learning_rate", "param_value_internal": 0.11313817392952472, "distribution": "{\"name\": \"FloatDistribution\", \"attributes\": {\"step\": null, \"low\": 0.05, \"high\": 0.175, \"log\": false}}"}
{"op_code": 5, "worker_id": "36e09efa-8df4-4def-9cad-64a7cb3c2812-17496", "trial_id": 4, "param_name": "max_depth", "param_value_internal": 2, "distribution": "{\"name\": \"CategoricalDistribution\", \"attributes\": {\"choices\": [1, 2, 3]}}"}
{"op_code": 7, "worker_id": "36e09efa-8df4-4def-9cad-64a7cb3c2812-17496", "trial_id": 4, "step": 0, "intermediate_value": 0.39480604321425233}
{"op_code": 7, "worker_id": "36e09efa-8df4-4def-9cad-64a7cb3c2812-17496", "trial_id": 4, "step": 1, "intermediate_value": 0.38575322696927633}
{"op_code": 7, "worker_id": "36e09efa-8df4-4def-9cad-64a7cb3c2812-17496", "trial_id": 4, "step": 2, "intermediate_value": 0.39480604321425233}
{"op_code": 6, "worker_id": "36e09efa-8df4-4def-9cad-64a7cb3c2812-17496", "trial_id": 4, "state": 1, "values": [0.39178843779926037], "datetime_complete": "2024-03-19T11:13:34.392827"}
{"op_code": 4, "worker_id": "36e09efa-8df4-4def-9cad-64a7cb3c2812-17496", "study_id": 0, "datetime_start": "2024-03-19T11:13:35.113016"}
{"op_code": 5, "worker_id": "36e09efa-8df4-4def-9cad-64a7cb3c2812-17496", "trial_id": 5, "param_name": "n_estimators", "param_value_internal": 0, "distribution": "{\"name\": \"CategoricalDistribution\", \"attributes\": {\"choices\": [5, 10, 20, 50]}}"}
{"op_code": 5, "worker_id": "36e09efa-8df4-4def-9cad-64a7cb3c2812-17496", "trial_id": 5, "param_name": "learning_rate", "param_value_internal": 0.16925969710108957, "distribution": "{\"name\": \"FloatDistribution\", \"attributes\": {\"step\": null, \"low\": 0.05, \"high\": 0.175, \"log\": false}}"}
{"op_code": 5, "worker_id": "36e09efa-8df4-4def-9cad-64a7cb3c2812-17496", "trial_id": 5, "param_name": "max_depth", "param_value_internal": 2, "distribution": "{\"name\": \"CategoricalDistribution\", \"attributes\": {\"choices\": [1, 2, 3]}}"}
{"op_code": 7, "worker_id": "36e09efa-8df4-4def-9cad-64a7cb3c2812-17496", "trial_id": 5, "step": 0, "intermediate_value": 0.5801458324620374}
{"op_code": 7, "worker_id": "36e09efa-8df4-4def-9cad-64a7cb3c2812-17496", "trial_id": 5, "step": 1, "intermediate_value": 0.5801458324620374}
{"op_code": 7, "worker_id": "36e09efa-8df4-4def-9cad-64a7cb3c2812-17496", "trial_id": 5, "step": 2, "intermediate_value": 0.5801458324620374}
{"op_code": 6, "worker_id": "36e09efa-8df4-4def-9cad-64a7cb3c2812-17496", "trial_id": 5, "state": 1, "values": [0.5801458324620374], "datetime_complete": "2024-03-19T11:13:38.001104"}
{"op_code": 4, "worker_id": "36e09efa-8df4-4def-9cad-64a7cb3c2812-17496", "study_id": 0, "datetime_start": "2024-03-19T11:13:38.401731"}
{"op_code": 5, "worker_id": "36e09efa-8df4-4def-9cad-64a7cb3c2812-17496", "trial_id": 6, "param_name": "n_estimators", "param_value_internal": 0, "distribution": "{\"name\": \"CategoricalDistribution\", \"attributes\": {\"choices\": [5, 10, 20, 50]}}"}
{"op_code": 5, "worker_id": "36e09efa-8df4-4def-9cad-64a7cb3c2812-17496", "trial_id": 6, "param_name": "learning_rate", "param_value_internal": 0.17074687408097253, "distribution": "{\"name\": \"FloatDistribution\", \"attributes\": {\"step\": null, \"low\": 0.05, \"high\": 0.175, \"log\": false}}"}
{"op_code": 5, "worker_id": "36e09efa-8df4-4def-9cad-64a7cb3c2812-17496", "trial_id": 6, "param_name": "max_depth", "param_value_internal": 2, "distribution": "{\"name\": \"CategoricalDistribution\", \"attributes\": {\"choices\": [1, 2, 3]}}"}
{"op_code": 7, "worker_id": "36e09efa-8df4-4def-9cad-64a7cb3c2812-17496", "trial_id": 6, "step": 0, "intermediate_value": 0.5801458324620374}
{"op_code": 7, "worker_id": "36e09efa-8df4-4def-9cad-64a7cb3c2812-17496", "trial_id": 6, "step": 1, "intermediate_value": 0.5801458324620374}
{"op_code": 7, "worker_id": "36e09efa-8df4-4def-9cad-64a7cb3c2812-17496", "trial_id": 6, "step": 2, "intermediate_value": 0.5801458324620374}
{"op_code": 6, "worker_id": "36e09efa-8df4-4def-9cad-64a7cb3c2812-17496", "trial_id": 6, "state": 1, "values": [0.5801458324620374], "datetime_complete": "2024-03-19T11:13:42.561064"}
{"op_code": 4, "worker_id": "36e09efa-8df4-4def-9cad-64a7cb3c2812-17496", "study_id": 0, "datetime_start": "2024-03-19T11:13:42.861453"}
{"op_code": 5, "worker_id": "36e09efa-8df4-4def-9cad-64a7cb3c2812-17496", "trial_id": 7, "param_name": "n_estimators", "param_value_internal": 0, "distribution": "{\"name\": \"CategoricalDistribution\", \"attributes\": {\"choices\": [5, 10, 20, 50]}}"}
{"op_code": 5, "worker_id": "36e09efa-8df4-4def-9cad-64a7cb3c2812-17496", "trial_id": 7, "param_name": "learning_rate", "param_value_internal": 0.15018323176287568, "distribution": "{\"name\": \"FloatDistribution\", \"attributes\": {\"step\": null, \"low\": 0.05, \"high\": 0.175, \"log\": false}}"}
{"op_code": 5, "worker_id": "36e09efa-8df4-4def-9cad-64a7cb3c2812-17496", "trial_id": 7, "param_name": "max_depth", "param_value_internal": 2, "distribution": "{\"name\": \"CategoricalDistribution\", \"attributes\": {\"choices\": [1, 2, 3]}}"}
{"op_code": 7, "worker_id": "36e09efa-8df4-4def-9cad-64a7cb3c2812-17496", "trial_id": 7, "step": 0, "intermediate_value": 0.5801458324620374}
{"op_code": 7, "worker_id": "36e09efa-8df4-4def-9cad-64a7cb3c2812-17496", "trial_id": 7, "step": 1, "intermediate_value": 0.5801458324620374}
{"op_code": 9, "worker_id": "36e09efa-8df4-4def-9cad-64a7cb3c2812-17496", "trial_id": 7, "system_attr": {"completed_rung_0": 0.5801458324620374}}
{"op_code": 7, "worker_id": "36e09efa-8df4-4def-9cad-64a7cb3c2812-17496", "trial_id": 7, "step": 2, "intermediate_value": 0.5801458324620374}
{"op_code": 6, "worker_id": "36e09efa-8df4-4def-9cad-64a7cb3c2812-17496", "trial_id": 7, "state": 1, "values": [0.5801458324620374], "datetime_complete": "2024-03-19T11:13:47.309720"}
{"op_code": 4, "worker_id": "36e09efa-8df4-4def-9cad-64a7cb3c2812-17496", "study_id": 0, "datetime_start": "2024-03-19T11:13:48.028387"}
{"op_code": 5, "worker_id": "36e09efa-8df4-4def-9cad-64a7cb3c2812-17496", "trial_id": 8, "param_name": "n_estimators", "param_value_internal": 0, "distribution": "{\"name\": \"CategoricalDistribution\", \"attributes\": {\"choices\": [5, 10, 20, 50]}}"}
{"op_code": 5, "worker_id": "36e09efa-8df4-4def-9cad-64a7cb3c2812-17496", "trial_id": 8, "param_name": "learning_rate", "param_value_internal": 0.17269843120579167, "distribution": "{\"name\": \"FloatDistribution\", \"attributes\": {\"step\": null, \"low\": 0.05, \"high\": 0.175, \"log\": false}}"}
{"op_code": 5, "worker_id": "36e09efa-8df4-4def-9cad-64a7cb3c2812-17496", "trial_id": 8, "param_name": "max_depth", "param_value_internal": 0, "distribution": "{\"name\": \"CategoricalDistribution\", \"attributes\": {\"choices\": [1, 2, 3]}}"}
{"op_code": 7, "worker_id": "36e09efa-8df4-4def-9cad-64a7cb3c2812-17496", "trial_id": 8, "step": 0, "intermediate_value": 0.19558229111606715}
{"op_code": 7, "worker_id": "36e09efa-8df4-4def-9cad-64a7cb3c2812-17496", "trial_id": 8, "step": 1, "intermediate_value": 0.19558229111606715}
{"op_code": 9, "worker_id": "36e09efa-8df4-4def-9cad-64a7cb3c2812-17496", "trial_id": 8, "system_attr": {"completed_rung_0": 0.19558229111606715}}
{"op_code": 6, "worker_id": "36e09efa-8df4-4def-9cad-64a7cb3c2812-17496", "trial_id": 8, "state": 2, "values": [0.19558229111606715], "datetime_complete": "2024-03-19T11:13:50.567677"}
{"op_code": 4, "worker_id": "36e09efa-8df4-4def-9cad-64a7cb3c2812-17496", "study_id": 0, "datetime_start": "2024-03-19T11:13:50.732285"}
{"op_code": 5, "worker_id": "36e09efa-8df4-4def-9cad-64a7cb3c2812-17496", "trial_id": 9, "param_name": "n_estimators", "param_value_internal": 2, "distribution": "{\"name\": \"CategoricalDistribution\", \"attributes\": {\"choices\": [5, 10, 20, 50]}}"}
{"op_code": 5, "worker_id": "36e09efa-8df4-4def-9cad-64a7cb3c2812-17496", "trial_id": 9, "param_name": "learning_rate", "param_value_internal": 0.1370167722625807, "distribution": "{\"name\": \"FloatDistribution\", \"attributes\": {\"step\": null, \"low\": 0.05, \"high\": 0.175, \"log\": false}}"}
{"op_code": 5, "worker_id": "36e09efa-8df4-4def-9cad-64a7cb3c2812-17496", "trial_id": 9, "param_name": "max_depth", "param_value_internal": 2, "distribution": "{\"name\": \"CategoricalDistribution\", \"attributes\": {\"choices\": [1, 2, 3]}}"}
{"op_code": 7, "worker_id": "36e09efa-8df4-4def-9cad-64a7cb3c2812-17496", "trial_id": 9, "step": 0, "intermediate_value": 0.43912730979442965}
{"op_code": 7, "worker_id": "36e09efa-8df4-4def-9cad-64a7cb3c2812-17496", "trial_id": 9, "step": 1, "intermediate_value": 0.43912730979442965}
{"op_code": 9, "worker_id": "36e09efa-8df4-4def-9cad-64a7cb3c2812-17496", "trial_id": 9, "system_attr": {"completed_rung_0": 0.43912730979442965}}
{"op_code": 6, "worker_id": "36e09efa-8df4-4def-9cad-64a7cb3c2812-17496", "trial_id": 9, "state": 2, "values": [0.43912730979442965], "datetime_complete": "2024-03-19T11:13:54.958901"}
{"op_code": 4, "worker_id": "36e09efa-8df4-4def-9cad-64a7cb3c2812-17496", "study_id": 0, "datetime_start": "2024-03-19T11:13:55.236472"}
{"op_code": 5, "worker_id": "36e09efa-8df4-4def-9cad-64a7cb3c2812-17496", "trial_id": 10, "param_name": "n_estimators", "param_value_internal": 1, "distribution": "{\"name\": \"CategoricalDistribution\", \"attributes\": {\"choices\": [5, 10, 20, 50]}}"}
{"op_code": 5, "worker_id": "36e09efa-8df4-4def-9cad-64a7cb3c2812-17496", "trial_id": 10, "param_name": "learning_rate", "param_value_internal": 0.1371274028710232, "distribution": "{\"name\": \"FloatDistribution\", \"attributes\": {\"step\": null, \"low\": 0.05, \"high\": 0.175, \"log\": false}}"}
{"op_code": 5, "worker_id": "36e09efa-8df4-4def-9cad-64a7cb3c2812-17496", "trial_id": 10, "param_name": "max_depth", "param_value_internal": 2, "distribution": "{\"name\": \"CategoricalDistribution\", \"attributes\": {\"choices\": [1, 2, 3]}}"}
{"op_code": 7, "worker_id": "36e09efa-8df4-4def-9cad-64a7cb3c2812-17496", "trial_id": 10, "step": 0, "intermediate_value": 0.5724492532731246}
{"op_code": 7, "worker_id": "36e09efa-8df4-4def-9cad-64a7cb3c2812-17496", "trial_id": 10, "step": 1, "intermediate_value": 0.5724492532731246}
{"op_code": 9, "worker_id": "36e09efa-8df4-4def-9cad-64a7cb3c2812-17496", "trial_id": 10, "system_attr": {"completed_rung_0": 0.5724492532731246}}
{"op_code": 7, "worker_id": "36e09efa-8df4-4def-9cad-64a7cb3c2812-17496", "trial_id": 10, "step": 2, "intermediate_value": 0.5724492532731246}
{"op_code": 6, "worker_id": "36e09efa-8df4-4def-9cad-64a7cb3c2812-17496", "trial_id": 10, "state": 1, "values": [0.5724492532731246], "datetime_complete": "2024-03-19T11:13:58.184541"}
{"op_code": 4, "worker_id": "36e09efa-8df4-4def-9cad-64a7cb3c2812-17496", "study_id": 0, "datetime_start": "2024-03-19T11:13:58.468645"}
{"op_code": 5, "worker_id": "36e09efa-8df4-4def-9cad-64a7cb3c2812-17496", "trial_id": 11, "param_name": "n_estimators", "param_value_internal": 0, "distribution": "{\"name\": \"CategoricalDistribution\", \"attributes\": {\"choices\": [5, 10, 20, 50]}}"}
{"op_code": 5, "worker_id": "36e09efa-8df4-4def-9cad-64a7cb3c2812-17496", "trial_id": 11, "param_name": "learning_rate", "param_value_internal": 0.170945695786206, "distribution": "{\"name\": \"FloatDistribution\", \"attributes\": {\"step\": null, \"low\": 0.05, \"high\": 0.175, \"log\": false}}"}
{"op_code": 5, "worker_id": "36e09efa-8df4-4def-9cad-64a7cb3c2812-17496", "trial_id": 11, "param_name": "max_depth", "param_value_internal": 2, "distribution": "{\"name\": \"CategoricalDistribution\", \"attributes\": {\"choices\": [1, 2, 3]}}"}
{"op_code": 7, "worker_id": "36e09efa-8df4-4def-9cad-64a7cb3c2812-17496", "trial_id": 11, "step": 0, "intermediate_value": 0.5801458324620374}
{"op_code": 7, "worker_id": "36e09efa-8df4-4def-9cad-64a7cb3c2812-17496", "trial_id": 11, "step": 1, "intermediate_value": 0.5801458324620374}
{"op_code": 7, "worker_id": "36e09efa-8df4-4def-9cad-64a7cb3c2812-17496", "trial_id": 11, "step": 2, "intermediate_value": 0.5801458324620374}
{"op_code": 6, "worker_id": "36e09efa-8df4-4def-9cad-64a7cb3c2812-17496", "trial_id": 11, "state": 1, "values": [0.5801458324620374], "datetime_complete": "2024-03-19T11:14:01.238268"}
{"op_code": 4, "worker_id": "36e09efa-8df4-4def-9cad-64a7cb3c2812-17496", "study_id": 0, "datetime_start": "2024-03-19T11:14:01.352031"}
{"op_code": 5, "worker_id": "36e09efa-8df4-4def-9cad-64a7cb3c2812-17496", "trial_id": 12, "param_name": "n_estimators", "param_value_internal": 0, "distribution": "{\"name\": \"CategoricalDistribution\", \"attributes\": {\"choices\": [5, 10, 20, 50]}}"}
{"op_code": 5, "worker_id": "36e09efa-8df4-4def-9cad-64a7cb3c2812-17496", "trial_id": 12, "param_name": "learning_rate", "param_value_internal": 0.17457432644927873, "distribution": "{\"name\": \"FloatDistribution\", \"attributes\": {\"step\": null, \"low\": 0.05, \"high\": 0.175, \"log\": false}}"}
{"op_code": 5, "worker_id": "36e09efa-8df4-4def-9cad-64a7cb3c2812-17496", "trial_id": 12, "param_name": "max_depth", "param_value_internal": 2, "distribution": "{\"name\": \"CategoricalDistribution\", \"attributes\": {\"choices\": [1, 2, 3]}}"}
{"op_code": 7, "worker_id": "36e09efa-8df4-4def-9cad-64a7cb3c2812-17496", "trial_id": 12, "step": 0, "intermediate_value": 0.5575094738754582}
{"op_code": 7, "worker_id": "36e09efa-8df4-4def-9cad-64a7cb3c2812-17496", "trial_id": 12, "step": 1, "intermediate_value": 0.5575094738754582}
{"op_code": 9, "worker_id": "36e09efa-8df4-4def-9cad-64a7cb3c2812-17496", "trial_id": 12, "system_attr": {"completed_rung_0": 0.5575094738754582}}
{"op_code": 6, "worker_id": "36e09efa-8df4-4def-9cad-64a7cb3c2812-17496", "trial_id": 12, "state": 2, "values": [0.5575094738754582], "datetime_complete": "2024-03-19T11:14:04.079224"}
{"op_code": 4, "worker_id": "36e09efa-8df4-4def-9cad-64a7cb3c2812-17496", "study_id": 0, "datetime_start": "2024-03-19T11:14:04.401230"}
{"op_code": 5, "worker_id": "36e09efa-8df4-4def-9cad-64a7cb3c2812-17496", "trial_id": 13, "param_name": "n_estimators", "param_value_internal": 0, "distribution": "{\"name\": \"CategoricalDistribution\", \"attributes\": {\"choices\": [5, 10, 20, 50]}}"}
{"op_code": 5, "worker_id": "36e09efa-8df4-4def-9cad-64a7cb3c2812-17496", "trial_id": 13, "param_name": "learning_rate", "param_value_internal": 0.15148437050522895, "distribution": "{\"name\": \"FloatDistribution\", \"attributes\": {\"step\": null, \"low\": 0.05, \"high\": 0.175, \"log\": false}}"}
{"op_code": 5, "worker_id": "36e09efa-8df4-4def-9cad-64a7cb3c2812-17496", "trial_id": 13, "param_name": "max_depth", "param_value_internal": 2, "distribution": "{\"name\": \"CategoricalDistribution\", \"attributes\": {\"choices\": [1, 2, 3]}}"}
{"op_code": 7, "worker_id": "36e09efa-8df4-4def-9cad-64a7cb3c2812-17496", "trial_id": 13, "step": 0, "intermediate_value": 0.5801458324620374}
{"op_code": 7, "worker_id": "36e09efa-8df4-4def-9cad-64a7cb3c2812-17496", "trial_id": 13, "step": 1, "intermediate_value": 0.5801458324620374}
{"op_code": 9, "worker_id": "36e09efa-8df4-4def-9cad-64a7cb3c2812-17496", "trial_id": 13, "system_attr": {"completed_rung_0": 0.5801458324620374}}
{"op_code": 7, "worker_id": "36e09efa-8df4-4def-9cad-64a7cb3c2812-17496", "trial_id": 13, "step": 2, "intermediate_value": 0.5801458324620374}
{"op_code": 6, "worker_id": "36e09efa-8df4-4def-9cad-64a7cb3c2812-17496", "trial_id": 13, "state": 1, "values": [0.5801458324620374], "datetime_complete": "2024-03-19T11:14:07.374822"}
{"op_code": 4, "worker_id": "36e09efa-8df4-4def-9cad-64a7cb3c2812-17496", "study_id": 0, "datetime_start": "2024-03-19T11:14:07.644285"}
{"op_code": 5, "worker_id": "36e09efa-8df4-4def-9cad-64a7cb3c2812-17496", "trial_id": 14, "param_name": "n_estimators", "param_value_internal": 0, "distribution": "{\"name\": \"CategoricalDistribution\", \"attributes\": {\"choices\": [5, 10, 20, 50]}}"}
{"op_code": 5, "worker_id": "36e09efa-8df4-4def-9cad-64a7cb3c2812-17496", "trial_id": 14, "param_name": "learning_rate", "param_value_internal": 0.15824683590927632, "distribution": "{\"name\": \"FloatDistribution\", \"attributes\": {\"step\": null, \"low\": 0.05, \"high\": 0.175, \"log\": false}}"}
{"op_code": 5, "worker_id": "36e09efa-8df4-4def-9cad-64a7cb3c2812-17496", "trial_id": 14, "param_name": "max_depth", "param_value_internal": 2, "distribution": "{\"name\": \"CategoricalDistribution\", \"attributes\": {\"choices\": [1, 2, 3]}}"}
{"op_code": 7, "worker_id": "36e09efa-8df4-4def-9cad-64a7cb3c2812-17496", "trial_id": 14, "step": 0, "intermediate_value": 0.5801458324620374}
{"op_code": 7, "worker_id": "36e09efa-8df4-4def-9cad-64a7cb3c2812-17496", "trial_id": 14, "step": 1, "intermediate_value": 0.5801458324620374}
{"op_code": 9, "worker_id": "36e09efa-8df4-4def-9cad-64a7cb3c2812-17496", "trial_id": 14, "system_attr": {"completed_rung_0": 0.5801458324620374}}
{"op_code": 7, "worker_id": "36e09efa-8df4-4def-9cad-64a7cb3c2812-17496", "trial_id": 14, "step": 2, "intermediate_value": 0.5801458324620374}
{"op_code": 6, "worker_id": "36e09efa-8df4-4def-9cad-64a7cb3c2812-17496", "trial_id": 14, "state": 1, "values": [0.5801458324620374], "datetime_complete": "2024-03-19T11:14:11.658653"}
{"op_code": 4, "worker_id": "36e09efa-8df4-4def-9cad-64a7cb3c2812-17496", "study_id": 0, "datetime_start": "2024-03-19T11:14:11.795736"}
{"op_code": 5, "worker_id": "36e09efa-8df4-4def-9cad-64a7cb3c2812-17496", "trial_id": 15, "param_name": "n_estimators", "param_value_internal": 0, "distribution": "{\"name\": \"CategoricalDistribution\", \"attributes\": {\"choices\": [5, 10, 20, 50]}}"}
{"op_code": 5, "worker_id": "36e09efa-8df4-4def-9cad-64a7cb3c2812-17496", "trial_id": 15, "param_name": "learning_rate", "param_value_internal": 0.1745549453483912, "distribution": "{\"name\": \"FloatDistribution\", \"attributes\": {\"step\": null, \"low\": 0.05, \"high\": 0.175, \"log\": false}}"}
{"op_code": 5, "worker_id": "36e09efa-8df4-4def-9cad-64a7cb3c2812-17496", "trial_id": 15, "param_name": "max_depth", "param_value_internal": 0, "distribution": "{\"name\": \"CategoricalDistribution\", \"attributes\": {\"choices\": [1, 2, 3]}}"}
{"op_code": 7, "worker_id": "36e09efa-8df4-4def-9cad-64a7cb3c2812-17496", "trial_id": 15, "step": 0, "intermediate_value": 0.19558229111606715}
{"op_code": 7, "worker_id": "36e09efa-8df4-4def-9cad-64a7cb3c2812-17496", "trial_id": 15, "step": 1, "intermediate_value": 0.19558229111606715}
{"op_code": 9, "worker_id": "36e09efa-8df4-4def-9cad-64a7cb3c2812-17496", "trial_id": 15, "system_attr": {"completed_rung_0": 0.19558229111606715}}
{"op_code": 6, "worker_id": "36e09efa-8df4-4def-9cad-64a7cb3c2812-17496", "trial_id": 15, "state": 2, "values": [0.19558229111606715], "datetime_complete": "2024-03-19T11:14:13.733805"}
{"op_code": 4, "worker_id": "36e09efa-8df4-4def-9cad-64a7cb3c2812-17496", "study_id": 0, "datetime_start": "2024-03-19T11:14:14.109213"}
{"op_code": 5, "worker_id": "36e09efa-8df4-4def-9cad-64a7cb3c2812-17496", "trial_id": 16, "param_name": "n_estimators", "param_value_internal": 0, "distribution": "{\"name\": \"CategoricalDistribution\", \"attributes\": {\"choices\": [5, 10, 20, 50]}}"}
{"op_code": 5, "worker_id": "36e09efa-8df4-4def-9cad-64a7cb3c2812-17496", "trial_id": 16, "param_name": "learning_rate", "param_value_internal": 0.13527234569370974, "distribution": "{\"name\": \"FloatDistribution\", \"attributes\": {\"step\": null, \"low\": 0.05, \"high\": 0.175, \"log\": false}}"}
{"op_code": 5, "worker_id": "36e09efa-8df4-4def-9cad-64a7cb3c2812-17496", "trial_id": 16, "param_name": "max_depth", "param_value_internal": 2, "distribution": "{\"name\": \"CategoricalDistribution\", \"attributes\": {\"choices\": [1, 2, 3]}}"}
{"op_code": 7, "worker_id": "36e09efa-8df4-4def-9cad-64a7cb3c2812-17496", "trial_id": 16, "step": 0, "intermediate_value": 0.5801458324620374}
{"op_code": 7, "worker_id": "36e09efa-8df4-4def-9cad-64a7cb3c2812-17496", "trial_id": 16, "step": 1, "intermediate_value": 0.5801458324620374}
{"op_code": 7, "worker_id": "36e09efa-8df4-4def-9cad-64a7cb3c2812-17496", "trial_id": 16, "step": 2, "intermediate_value": 0.5801458324620374}
{"op_code": 6, "worker_id": "36e09efa-8df4-4def-9cad-64a7cb3c2812-17496", "trial_id": 16, "state": 1, "values": [0.5801458324620374], "datetime_complete": "2024-03-19T11:14:16.419529"}
{"op_code": 4, "worker_id": "36e09efa-8df4-4def-9cad-64a7cb3c2812-17496", "study_id": 0, "datetime_start": "2024-03-19T11:14:16.688984"}
{"op_code": 5, "worker_id": "36e09efa-8df4-4def-9cad-64a7cb3c2812-17496", "trial_id": 17, "param_name": "n_estimators", "param_value_internal": 1, "distribution": "{\"name\": \"CategoricalDistribution\", \"attributes\": {\"choices\": [5, 10, 20, 50]}}"}
{"op_code": 5, "worker_id": "36e09efa-8df4-4def-9cad-64a7cb3c2812-17496", "trial_id": 17, "param_name": "learning_rate", "param_value_internal": 0.16098658258103915, "distribution": "{\"name\": \"FloatDistribution\", \"attributes\": {\"step\": null, \"low\": 0.05, \"high\": 0.175, \"log\": false}}"}
{"op_code": 5, "worker_id": "36e09efa-8df4-4def-9cad-64a7cb3c2812-17496", "trial_id": 17, "param_name": "max_depth", "param_value_internal": 2, "distribution": "{\"name\": \"CategoricalDistribution\", \"attributes\": {\"choices\": [1, 2, 3]}}"}
{"op_code": 7, "worker_id": "36e09efa-8df4-4def-9cad-64a7cb3c2812-17496", "trial_id": 17, "step": 0, "intermediate_value": 0.5724492532731246}
{"op_code": 7, "worker_id": "36e09efa-8df4-4def-9cad-64a7cb3c2812-17496", "trial_id": 17, "step": 1, "intermediate_value": 0.5724492532731246}
{"op_code": 7, "worker_id": "36e09efa-8df4-4def-9cad-64a7cb3c2812-17496", "trial_id": 17, "step": 2, "intermediate_value": 0.5724492532731246}
{"op_code": 6, "worker_id": "36e09efa-8df4-4def-9cad-64a7cb3c2812-17496", "trial_id": 17, "state": 1, "values": [0.5724492532731246], "datetime_complete": "2024-03-19T11:14:19.701673"}
{"op_code": 4, "worker_id": "36e09efa-8df4-4def-9cad-64a7cb3c2812-17496", "study_id": 0, "datetime_start": "2024-03-19T11:14:19.841412"}
{"op_code": 5, "worker_id": "36e09efa-8df4-4def-9cad-64a7cb3c2812-17496", "trial_id": 18, "param_name": "n_estimators", "param_value_internal": 2, "distribution": "{\"name\": \"CategoricalDistribution\", \"attributes\": {\"choices\": [5, 10, 20, 50]}}"}
{"op_code": 5, "worker_id": "36e09efa-8df4-4def-9cad-64a7cb3c2812-17496", "trial_id": 18, "param_name": "learning_rate", "param_value_internal": 0.1432836265415384, "distribution": "{\"name\": \"FloatDistribution\", \"attributes\": {\"step\": null, \"low\": 0.05, \"high\": 0.175, \"log\": false}}"}
{"op_code": 5, "worker_id": "36e09efa-8df4-4def-9cad-64a7cb3c2812-17496", "trial_id": 18, "param_name": "max_depth", "param_value_internal": 1, "distribution": "{\"name\": \"CategoricalDistribution\", \"attributes\": {\"choices\": [1, 2, 3]}}"}
{"op_code": 7, "worker_id": "36e09efa-8df4-4def-9cad-64a7cb3c2812-17496", "trial_id": 18, "step": 0, "intermediate_value": 0.32284837907355357}
{"op_code": 7, "worker_id": "36e09efa-8df4-4def-9cad-64a7cb3c2812-17496", "trial_id": 18, "step": 1, "intermediate_value": 0.32284837907355357}
{"op_code": 9, "worker_id": "36e09efa-8df4-4def-9cad-64a7cb3c2812-17496", "trial_id": 18, "system_attr": {"completed_rung_0": 0.32284837907355357}}
{"op_code": 6, "worker_id": "36e09efa-8df4-4def-9cad-64a7cb3c2812-17496", "trial_id": 18, "state": 2, "values": [0.32284837907355357], "datetime_complete": "2024-03-19T11:14:22.899342"}
{"op_code": 4, "worker_id": "36e09efa-8df4-4def-9cad-64a7cb3c2812-17496", "study_id": 0, "datetime_start": "2024-03-19T11:14:23.156692"}
{"op_code": 5, "worker_id": "36e09efa-8df4-4def-9cad-64a7cb3c2812-17496", "trial_id": 19, "param_name": "n_estimators", "param_value_internal": 0, "distribution": "{\"name\": \"CategoricalDistribution\", \"attributes\": {\"choices\": [5, 10, 20, 50]}}"}
{"op_code": 5, "worker_id": "36e09efa-8df4-4def-9cad-64a7cb3c2812-17496", "trial_id": 19, "param_name": "learning_rate", "param_value_internal": 0.12307339427319844, "distribution": "{\"name\": \"FloatDistribution\", \"attributes\": {\"step\": null, \"low\": 0.05, \"high\": 0.175, \"log\": false}}"}
{"op_code": 5, "worker_id": "36e09efa-8df4-4def-9cad-64a7cb3c2812-17496", "trial_id": 19, "param_name": "max_depth", "param_value_internal": 0, "distribution": "{\"name\": \"CategoricalDistribution\", \"attributes\": {\"choices\": [1, 2, 3]}}"}
{"op_code": 7, "worker_id": "36e09efa-8df4-4def-9cad-64a7cb3c2812-17496", "trial_id": 19, "step": 0, "intermediate_value": 0.19558229111606715}
{"op_code": 7, "worker_id": "36e09efa-8df4-4def-9cad-64a7cb3c2812-17496", "trial_id": 19, "step": 1, "intermediate_value": 0.19558229111606715}
{"op_code": 7, "worker_id": "36e09efa-8df4-4def-9cad-64a7cb3c2812-17496", "trial_id": 19, "step": 2, "intermediate_value": 0.19558229111606715}
{"op_code": 6, "worker_id": "36e09efa-8df4-4def-9cad-64a7cb3c2812-17496", "trial_id": 19, "state": 1, "values": [0.19558229111606715], "datetime_complete": "2024-03-19T11:14:25.739920"}
