{"op_code": 0, "worker_id": "b4d841ac-3dcd-428c-96bb-3aa8aa574d61-9760", "study_name": "KRR", "directions": [2]}
{"op_code": 4, "worker_id": "b4d841ac-3dcd-428c-96bb-3aa8aa574d61-17724", "study_id": 0, "datetime_start": "2024-03-19T11:12:46.325178"}
{"op_code": 5, "worker_id": "b4d841ac-3dcd-428c-96bb-3aa8aa574d61-17724", "trial_id": 0, "param_name": "alpha", "param_value_internal": 0.8482439260086363, "distribution": "{\"name\": \"FloatDistribution\", \"attributes\": {\"step\": null, \"low\": 0.3, \"high\": 1.0, \"log\": false}}"}
{"op_code": 5, "worker_id": "b4d841ac-3dcd-428c-96bb-3aa8aa574d61-17724", "trial_id": 0, "param_name": "gamma", "param_value_internal": 0.18678630236217186, "distribution": "{\"name\": \"FloatDistribution\", \"attributes\": {\"step\": null, \"low\": 0.1, \"high\": 0.3, \"log\": false}}"}
{"op_code": 5, "worker_id": "b4d841ac-3dcd-428c-96bb-3aa8aa574d61-17724", "trial_id": 0, "param_name": "kernel", "param_value_internal": 1, "distribution": "{\"name\": \"CategoricalDistribution\", \"attributes\": {\"choices\": [\"laplacian\", \"rbf\"]}}"}
{"op_code": 7, "worker_id": "b4d841ac-3dcd-428c-96bb-3aa8aa574d61-17724", "trial_id": 0, "step": 0, "intermediate_value": 0.02239665873727422}
{"op_code": 7, "worker_id": "b4d841ac-3dcd-428c-96bb-3aa8aa574d61-17724", "trial_id": 0, "step": 1, "intermediate_value": 0.02239665873727422}
{"op_code": 7, "worker_id": "b4d841ac-3dcd-428c-96bb-3aa8aa574d61-17724", "trial_id": 0, "step": 2, "intermediate_value": 0.02239665873727422}
{"op_code": 6, "worker_id": "b4d841ac-3dcd-428c-96bb-3aa8aa574d61-17724", "trial_id": 0, "state": 1, "values": [0.022396658737274217], "datetime_complete": "2024-03-19T11:12:50.157011"}
{"op_code": 4, "worker_id": "b4d841ac-3dcd-428c-96bb-3aa8aa574d61-17724", "study_id": 0, "datetime_start": "2024-03-19T11:12:50.589196"}
{"op_code": 5, "worker_id": "b4d841ac-3dcd-428c-96bb-3aa8aa574d61-17724", "trial_id": 1, "param_name": "alpha", "param_value_internal": 0.8739531735584456, "distribution": "{\"name\": \"FloatDistribution\", \"attributes\": {\"step\": null, \"low\": 0.3, \"high\": 1.0, \"log\": false}}"}
{"op_code": 5, "worker_id": "b4d841ac-3dcd-428c-96bb-3aa8aa574d61-17724", "trial_id": 1, "param_name": "gamma", "param_value_internal": 0.18143852664227056, "distribution": "{\"name\": \"FloatDistribution\", \"attributes\": {\"step\": null, \"low\": 0.1, \"high\": 0.3, \"log\": false}}"}
{"op_code": 5, "worker_id": "b4d841ac-3dcd-428c-96bb-3aa8aa574d61-17724", "trial_id": 1, "param_name": "kernel", "param_value_internal": 1, "distribution": "{\"name\": \"CategoricalDistribution\", \"attributes\": {\"choices\": [\"laplacian\", \"rbf\"]}}"}
{"op_code": 7, "worker_id": "b4d841ac-3dcd-428c-96bb-3aa8aa574d61-17724", "trial_id": 1, "step": 0, "intermediate_value": 0.022156608804398827}
{"op_code": 7, "worker_id": "b4d841ac-3dcd-428c-96bb-3aa8aa574d61-17724", "trial_id": 1, "step": 1, "intermediate_value": 0.022156608804398827}
{"op_code": 9, "worker_id": "b4d841ac-3dcd-428c-96bb-3aa8aa574d61-17724", "trial_id": 1, "system_attr": {"completed_rung_0": 0.022156608804398827}}
{"op_code": 7, "worker_id": "b4d841ac-3dcd-428c-96bb-3aa8aa574d61-17724", "trial_id": 1, "step": 2, "intermediate_value": 0.022156608804398827}
{"op_code": 6, "worker_id": "b4d841ac-3dcd-428c-96bb-3aa8aa574d61-17724", "trial_id": 1, "state": 1, "values": [0.02215660880439883], "datetime_complete": "2024-03-19T11:12:54.247398"}
{"op_code": 4, "worker_id": "b4d841ac-3dcd-428c-96bb-3aa8aa574d61-17724", "study_id": 0, "datetime_start": "2024-03-19T11:12:54.637758"}
{"op_code": 5, "worker_id": "b4d841ac-3dcd-428c-96bb-3aa8aa574d61-17724", "trial_id": 2, "param_name": "alpha", "param_value_internal": 0.5423404315202791, "distribution": "{\"name\": \"FloatDistribution\", \"attributes\": {\"step\": null, \"low\": 0.3, \"high\": 1.0, \"log\": false}}"}
{"op_code": 5, "worker_id": "b4d841ac-3dcd-428c-96bb-3aa8aa574d61-17724", "trial_id": 2, "param_name": "gamma", "param_value_internal": 0.26667164785622405, "distribution": "{\"name\": \"FloatDistribution\", \"attributes\": {\"step\": null, \"low\": 0.1, \"high\": 0.3, \"log\": false}}"}
{"op_code": 5, "worker_id": "b4d841ac-3dcd-428c-96bb-3aa8aa574d61-17724", "trial_id": 2, "param_name": "kernel", "param_value_internal": 0, "distribution": "{\"name\": \"CategoricalDistribution\", \"attributes\": {\"choices\": [\"laplacian\", \"rbf\"]}}"}
{"op_code": 7, "worker_id": "b4d841ac-3dcd-428c-96bb-3aa8aa574d61-17724", "trial_id": 2, "step": 0, "intermediate_value": 0.13214748804790416}
{"op_code": 7, "worker_id": "b4d841ac-3dcd-428c-96bb-3aa8aa574d61-17724", "trial_id": 2, "step": 1, "intermediate_value": 0.13214748804790416}
{"op_code": 9, "worker_id": "b4d841ac-3dcd-428c-96bb-3aa8aa574d61-17724", "trial_id": 2, "system_attr": {"completed_rung_0": 0.13214748804790416}}
{"op_code": 7, "worker_id": "b4d841ac-3dcd-428c-96bb-3aa8aa574d61-17724", "trial_id": 2, "step": 2, "intermediate_value": 0.13214748804790416}
{"op_code": 6, "worker_id": "b4d841ac-3dcd-428c-96bb-3aa8aa574d61-17724", "trial_id": 2, "state": 1, "values": [0.13214748804790416], "datetime_complete": "2024-03-19T11:12:56.669740"}
{"op_code": 4, "worker_id": "b4d841ac-3dcd-428c-96bb-3aa8aa574d61-17724", "study_id": 0, "datetime_start": "2024-03-19T11:12:56.803604"}
{"op_code": 5, "worker_id": "b4d841ac-3dcd-428c-96bb-3aa8aa574d61-17724", "trial_id": 3, "param_name": "alpha", "param_value_internal": 0.38025312232577246, "distribution": "{\"name\": \"FloatDistribution\", \"attributes\": {\"step\": null, \"low\": 0.3, \"high\": 1.0, \"log\": false}}"}
{"op_code": 5, "worker_id": "b4d841ac-3dcd-428c-96bb-3aa8aa574d61-17724", "trial_id": 3, "param_name": "gamma", "param_value_internal": 0.2766224132098626, "distribution": "{\"name\": \"FloatDistribution\", \"attributes\": {\"step\": null, \"low\": 0.1, \"high\": 0.3, \"log\": false}}"}
{"op_code": 5, "worker_id": "b4d841ac-3dcd-428c-96bb-3aa8aa574d61-17724", "trial_id": 3, "param_name": "kernel", "param_value_internal": 0, "distribution": "{\"name\": \"CategoricalDistribution\", \"attributes\": {\"choices\": [\"laplacian\", \"rbf\"]}}"}
{"op_code": 7, "worker_id": "b4d841ac-3dcd-428c-96bb-3aa8aa574d61-17724", "trial_id": 3, "step": 0, "intermediate_value": 0.13349176767200638}
{"op_code": 7, "worker_id": "b4d841ac-3dcd-428c-96bb-3aa8aa574d61-17724", "trial_id": 3, "step": 1, "intermediate_value": 0.13349176767200638}
{"op_code": 9, "worker_id": "b4d841ac-3dcd-428c-96bb-3aa8aa574d61-17724", "trial_id": 3, "system_attr": {"completed_rung_0": 0.13349176767200638}}
{"op_code": 7, "worker_id": "b4d841ac-3dcd-428c-96bb-3aa8aa574d61-17724", "trial_id": 3, "step": 2, "intermediate_value": 0.13349176767200638}
{"op_code": 6, "worker_id": "b4d841ac-3dcd-428c-96bb-3aa8aa574d61-17724", "trial_id": 3, "state": 1, "values": [0.13349176767200638], "datetime_complete": "2024-03-19T11:12:59.287494"}
{"op_code": 4, "worker_id": "b4d841ac-3dcd-428c-96bb-3aa8aa574d61-17724", "study_id": 0, "datetime_start": "2024-03-19T11:12:59.465611"}
{"op_code": 5, "worker_id": "b4d841ac-3dcd-428c-96bb-3aa8aa574d61-17724", "trial_id": 4, "param_name": "alpha", "param_value_internal": 0.31686255707004557, "distribution": "{\"name\": \"FloatDistribution\", \"attributes\": {\"step\": null, \"low\": 0.3, \"high\": 1.0, \"log\": false}}"}
{"op_code": 5, "worker_id": "b4d841ac-3dcd-428c-96bb-3aa8aa574d61-17724", "trial_id": 4, "param_name": "gamma", "param_value_internal": 0.2941667692145873, "distribution": "{\"name\": \"FloatDistribution\", \"attributes\": {\"step\": null, \"low\": 0.1, \"high\": 0.3, \"log\": false}}"}
{"op_code": 5, "worker_id": "b4d841ac-3dcd-428c-96bb-3aa8aa574d61-17724", "trial_id": 4, "param_name": "kernel", "param_value_internal": 0, "distribution": "{\"name\": \"CategoricalDistribution\", \"attributes\": {\"choices\": [\"laplacian\", \"rbf\"]}}"}
{"op_code": 7, "worker_id": "b4d841ac-3dcd-428c-96bb-3aa8aa574d61-17724", "trial_id": 4, "step": 0, "intermediate_value": 0.12636228466560717}
{"op_code": 7, "worker_id": "b4d841ac-3dcd-428c-96bb-3aa8aa574d61-17724", "trial_id": 4, "step": 1, "intermediate_value": 0.12636228466560717}
{"op_code": 7, "worker_id": "b4d841ac-3dcd-428c-96bb-3aa8aa574d61-17724", "trial_id": 4, "step": 2, "intermediate_value": 0.12636228466560717}
{"op_code": 6, "worker_id": "b4d841ac-3dcd-428c-96bb-3aa8aa574d61-17724", "trial_id": 4, "state": 1, "values": [0.12636228466560717], "datetime_complete": "2024-03-19T11:13:02.536662"}
{"op_code": 4, "worker_id": "b4d841ac-3dcd-428c-96bb-3aa8aa574d61-17724", "study_id": 0, "datetime_start": "2024-03-19T11:13:02.879954"}
{"op_code": 5, "worker_id": "b4d841ac-3dcd-428c-96bb-3aa8aa574d61-17724", "trial_id": 5, "param_name": "alpha", "param_value_internal": 0.3101532568775103, "distribution": "{\"name\": \"FloatDistribution\", \"attributes\": {\"step\": null, \"low\": 0.3, \"high\": 1.0, \"log\": false}}"}
{"op_code": 5, "worker_id": "b4d841ac-3dcd-428c-96bb-3aa8aa574d61-17724", "trial_id": 5, "param_name": "gamma", "param_value_internal": 0.10717537839026033, "distribution": "{\"name\": \"FloatDistribution\", \"attributes\": {\"step\": null, \"low\": 0.1, \"high\": 0.3, \"log\": false}}"}
{"op_code": 5, "worker_id": "b4d841ac-3dcd-428c-96bb-3aa8aa574d61-17724", "trial_id": 5, "param_name": "kernel", "param_value_internal": 0, "distribution": "{\"name\": \"CategoricalDistribution\", \"attributes\": {\"choices\": [\"laplacian\", \"rbf\"]}}"}
{"op_code": 7, "worker_id": "b4d841ac-3dcd-428c-96bb-3aa8aa574d61-17724", "trial_id": 5, "step": 0, "intermediate_value": 0.21282827048732395}
{"op_code": 7, "worker_id": "b4d841ac-3dcd-428c-96bb-3aa8aa574d61-17724", "trial_id": 5, "step": 1, "intermediate_value": 0.21282827048732395}
{"op_code": 9, "worker_id": "b4d841ac-3dcd-428c-96bb-3aa8aa574d61-17724", "trial_id": 5, "system_attr": {"completed_rung_0": 0.21282827048732395}}
{"op_code": 7, "worker_id": "b4d841ac-3dcd-428c-96bb-3aa8aa574d61-17724", "trial_id": 5, "step": 2, "intermediate_value": 0.21282827048732395}
{"op_code": 6, "worker_id": "b4d841ac-3dcd-428c-96bb-3aa8aa574d61-17724", "trial_id": 5, "state": 1, "values": [0.21282827048732397], "datetime_complete": "2024-03-19T11:13:05.165378"}
{"op_code": 4, "worker_id": "b4d841ac-3dcd-428c-96bb-3aa8aa574d61-17724", "study_id": 0, "datetime_start": "2024-03-19T11:13:05.558322"}
{"op_code": 5, "worker_id": "b4d841ac-3dcd-428c-96bb-3aa8aa574d61-17724", "trial_id": 6, "param_name": "alpha", "param_value_internal": 0.5528096229649749, "distribution": "{\"name\": \"FloatDistribution\", \"attributes\": {\"step\": null, \"low\": 0.3, \"high\": 1.0, \"log\": false}}"}
{"op_code": 5, "worker_id": "b4d841ac-3dcd-428c-96bb-3aa8aa574d61-17724", "trial_id": 6, "param_name": "gamma", "param_value_internal": 0.10059778116651354, "distribution": "{\"name\": \"FloatDistribution\", \"attributes\": {\"step\": null, \"low\": 0.1, \"high\": 0.3, \"log\": false}}"}
{"op_code": 5, "worker_id": "b4d841ac-3dcd-428c-96bb-3aa8aa574d61-17724", "trial_id": 6, "param_name": "kernel", "param_value_internal": 0, "distribution": "{\"name\": \"CategoricalDistribution\", \"attributes\": {\"choices\": [\"laplacian\", \"rbf\"]}}"}
{"op_code": 7, "worker_id": "b4d841ac-3dcd-428c-96bb-3aa8aa574d61-17724", "trial_id": 6, "step": 0, "intermediate_value": 0.20493062769572348}
{"op_code": 7, "worker_id": "b4d841ac-3dcd-428c-96bb-3aa8aa574d61-17724", "trial_id": 6, "step": 1, "intermediate_value": 0.20493062769572348}
{"op_code": 9, "worker_id": "b4d841ac-3dcd-428c-96bb-3aa8aa574d61-17724", "trial_id": 6, "system_attr": {"completed_rung_0": 0.20493062769572348}}
{"op_code": 6, "worker_id": "b4d841ac-3dcd-428c-96bb-3aa8aa574d61-17724", "trial_id": 6, "state": 2, "values": [0.20493062769572348], "datetime_complete": "2024-03-19T11:13:07.483649"}
{"op_code": 4, "worker_id": "b4d841ac-3dcd-428c-96bb-3aa8aa574d61-17724", "study_id": 0, "datetime_start": "2024-03-19T11:13:07.615162"}
{"op_code": 5, "worker_id": "b4d841ac-3dcd-428c-96bb-3aa8aa574d61-17724", "trial_id": 7, "param_name": "alpha", "param_value_internal": 0.3151738176373305, "distribution": "{\"name\": \"FloatDistribution\", \"attributes\": {\"step\": null, \"low\": 0.3, \"high\": 1.0, \"log\": false}}"}
{"op_code": 5, "worker_id": "b4d841ac-3dcd-428c-96bb-3aa8aa574d61-17724", "trial_id": 7, "param_name": "gamma", "param_value_internal": 0.10002465094125378, "distribution": "{\"name\": \"FloatDistribution\", \"attributes\": {\"step\": null, \"low\": 0.1, \"high\": 0.3, \"log\": false}}"}
{"op_code": 5, "worker_id": "b4d841ac-3dcd-428c-96bb-3aa8aa574d61-17724", "trial_id": 7, "param_name": "kernel", "param_value_internal": 0, "distribution": "{\"name\": \"CategoricalDistribution\", \"attributes\": {\"choices\": [\"laplacian\", \"rbf\"]}}"}
{"op_code": 7, "worker_id": "b4d841ac-3dcd-428c-96bb-3aa8aa574d61-17724", "trial_id": 7, "step": 0, "intermediate_value": 0.21570886968182867}
{"op_code": 7, "worker_id": "b4d841ac-3dcd-428c-96bb-3aa8aa574d61-17724", "trial_id": 7, "step": 1, "intermediate_value": 0.21570886968182867}
{"op_code": 9, "worker_id": "b4d841ac-3dcd-428c-96bb-3aa8aa574d61-17724", "trial_id": 7, "system_attr": {"completed_rung_0": 0.21570886968182867}}
{"op_code": 7, "worker_id": "b4d841ac-3dcd-428c-96bb-3aa8aa574d61-17724", "trial_id": 7, "step": 2, "intermediate_value": 0.21570886968182867}
{"op_code": 6, "worker_id": "b4d841ac-3dcd-428c-96bb-3aa8aa574d61-17724", "trial_id": 7, "state": 1, "values": [0.21570886968182867], "datetime_complete": "2024-03-19T11:13:10.821564"}
{"op_code": 4, "worker_id": "b4d841ac-3dcd-428c-96bb-3aa8aa574d61-17724", "study_id": 0, "datetime_start": "2024-03-19T11:13:10.896257"}
{"op_code": 5, "worker_id": "b4d841ac-3dcd-428c-96bb-3aa8aa574d61-17724", "trial_id": 8, "param_name": "alpha", "param_value_internal": 0.6972875367258544, "distribution": "{\"name\": \"FloatDistribution\", \"attributes\": {\"step\": null, \"low\": 0.3, \"high\": 1.0, \"log\": false}}"}
{"op_code": 5, "worker_id": "b4d841ac-3dcd-428c-96bb-3aa8aa574d61-17724", "trial_id": 8, "param_name": "gamma", "param_value_internal": 0.14920342600936634, "distribution": "{\"name\": \"FloatDistribution\", \"attributes\": {\"step\": null, \"low\": 0.1, \"high\": 0.3, \"log\": false}}"}
{"op_code": 5, "worker_id": "b4d841ac-3dcd-428c-96bb-3aa8aa574d61-17724", "trial_id": 8, "param_name": "kernel", "param_value_internal": 1, "distribution": "{\"name\": \"CategoricalDistribution\", \"attributes\": {\"choices\": [\"laplacian\", \"rbf\"]}}"}
{"op_code": 7, "worker_id": "b4d841ac-3dcd-428c-96bb-3aa8aa574d61-17724", "trial_id": 8, "step": 0, "intermediate_value": 0.09349944885496579}
{"op_code": 7, "worker_id": "b4d841ac-3dcd-428c-96bb-3aa8aa574d61-17724", "trial_id": 8, "step": 1, "intermediate_value": 0.09349944885496579}
{"op_code": 7, "worker_id": "b4d841ac-3dcd-428c-96bb-3aa8aa574d61-17724", "trial_id": 8, "step": 2, "intermediate_value": 0.09349944885496579}
{"op_code": 6, "worker_id": "b4d841ac-3dcd-428c-96bb-3aa8aa574d61-17724", "trial_id": 8, "state": 1, "values": [0.09349944885496579], "datetime_complete": "2024-03-19T11:13:13.301244"}
{"op_code": 4, "worker_id": "b4d841ac-3dcd-428c-96bb-3aa8aa574d61-17724", "study_id": 0, "datetime_start": "2024-03-19T11:13:13.572290"}
{"op_code": 5, "worker_id": "b4d841ac-3dcd-428c-96bb-3aa8aa574d61-17724", "trial_id": 9, "param_name": "alpha", "param_value_internal": 0.45111575203763743, "distribution": "{\"name\": \"FloatDistribution\", \"attributes\": {\"step\": null, \"low\": 0.3, \"high\": 1.0, \"log\": false}}"}
{"op_code": 5, "worker_id": "b4d841ac-3dcd-428c-96bb-3aa8aa574d61-17724", "trial_id": 9, "param_name": "gamma", "param_value_internal": 0.225100864510682, "distribution": "{\"name\": \"FloatDistribution\", \"attributes\": {\"step\": null, \"low\": 0.1, \"high\": 0.3, \"log\": false}}"}
{"op_code": 5, "worker_id": "b4d841ac-3dcd-428c-96bb-3aa8aa574d61-17724", "trial_id": 9, "param_name": "kernel", "param_value_internal": 0, "distribution": "{\"name\": \"CategoricalDistribution\", \"attributes\": {\"choices\": [\"laplacian\", \"rbf\"]}}"}
{"op_code": 7, "worker_id": "b4d841ac-3dcd-428c-96bb-3aa8aa574d61-17724", "trial_id": 9, "step": 0, "intermediate_value": 0.1387008512154024}
{"op_code": 7, "worker_id": "b4d841ac-3dcd-428c-96bb-3aa8aa574d61-17724", "trial_id": 9, "step": 1, "intermediate_value": 0.1387008512154024}
{"op_code": 7, "worker_id": "b4d841ac-3dcd-428c-96bb-3aa8aa574d61-17724", "trial_id": 9, "step": 2, "intermediate_value": 0.1387008512154024}
{"op_code": 6, "worker_id": "b4d841ac-3dcd-428c-96bb-3aa8aa574d61-17724", "trial_id": 9, "state": 1, "values": [0.1387008512154024], "datetime_complete": "2024-03-19T11:13:16.020476"}
{"op_code": 4, "worker_id": "b4d841ac-3dcd-428c-96bb-3aa8aa574d61-17724", "study_id": 0, "datetime_start": "2024-03-19T11:13:16.199042"}
{"op_code": 5, "worker_id": "b4d841ac-3dcd-428c-96bb-3aa8aa574d61-17724", "trial_id": 10, "param_name": "alpha", "param_value_internal": 0.6903845359565559, "distribution": "{\"name\": \"FloatDistribution\", \"attributes\": {\"step\": null, \"low\": 0.3, \"high\": 1.0, \"log\": false}}"}
{"op_code": 5, "worker_id": "b4d841ac-3dcd-428c-96bb-3aa8aa574d61-17724", "trial_id": 10, "param_name": "gamma", "param_value_internal": 0.14230504003349015, "distribution": "{\"name\": \"FloatDistribution\", \"attributes\": {\"step\": null, \"low\": 0.1, \"high\": 0.3, \"log\": false}}"}
{"op_code": 5, "worker_id": "b4d841ac-3dcd-428c-96bb-3aa8aa574d61-17724", "trial_id": 10, "param_name": "kernel", "param_value_internal": 1, "distribution": "{\"name\": \"CategoricalDistribution\", \"attributes\": {\"choices\": [\"laplacian\", \"rbf\"]}}"}
{"op_code": 7, "worker_id": "b4d841ac-3dcd-428c-96bb-3aa8aa574d61-17724", "trial_id": 10, "step": 0, "intermediate_value": 0.09241922415702652}
{"op_code": 7, "worker_id": "b4d841ac-3dcd-428c-96bb-3aa8aa574d61-17724", "trial_id": 10, "step": 1, "intermediate_value": 0.09241922415702652}
{"op_code": 7, "worker_id": "b4d841ac-3dcd-428c-96bb-3aa8aa574d61-17724", "trial_id": 10, "step": 2, "intermediate_value": 0.09241922415702652}
{"op_code": 6, "worker_id": "b4d841ac-3dcd-428c-96bb-3aa8aa574d61-17724", "trial_id": 10, "state": 1, "values": [0.09241922415702652], "datetime_complete": "2024-03-19T11:13:19.651904"}
{"op_code": 4, "worker_id": "b4d841ac-3dcd-428c-96bb-3aa8aa574d61-17724", "study_id": 0, "datetime_start": "2024-03-19T11:13:20.081035"}
{"op_code": 5, "worker_id": "b4d841ac-3dcd-428c-96bb-3aa8aa574d61-17724", "trial_id": 11, "param_name": "alpha", "param_value_internal": 0.30193280977119913, "distribution": "{\"name\": \"FloatDistribution\", \"attributes\": {\"step\": null, \"low\": 0.3, \"high\": 1.0, \"log\": false}}"}
{"op_code": 5, "worker_id": "b4d841ac-3dcd-428c-96bb-3aa8aa574d61-17724", "trial_id": 11, "param_name": "gamma", "param_value_internal": 0.10561884128557804, "distribution": "{\"name\": \"FloatDistribution\", \"attributes\": {\"step\": null, \"low\": 0.1, \"high\": 0.3, \"log\": false}}"}
{"op_code": 5, "worker_id": "b4d841ac-3dcd-428c-96bb-3aa8aa574d61-17724", "trial_id": 11, "param_name": "kernel", "param_value_internal": 0, "distribution": "{\"name\": \"CategoricalDistribution\", \"attributes\": {\"choices\": [\"laplacian\", \"rbf\"]}}"}
{"op_code": 7, "worker_id": "b4d841ac-3dcd-428c-96bb-3aa8aa574d61-17724", "trial_id": 11, "step": 0, "intermediate_value": 0.21340439032622488}
{"op_code": 7, "worker_id": "b4d841ac-3dcd-428c-96bb-3aa8aa574d61-17724", "trial_id": 11, "step": 1, "intermediate_value": 0.21340439032622488}
{"op_code": 7, "worker_id": "b4d841ac-3dcd-428c-96bb-3aa8aa574d61-17724", "trial_id": 11, "step": 2, "intermediate_value": 0.21340439032622488}
{"op_code": 6, "worker_id": "b4d841ac-3dcd-428c-96bb-3aa8aa574d61-17724", "trial_id": 11, "state": 1, "values": [0.2134043903262249], "datetime_complete": "2024-03-19T11:13:22.059001"}
{"op_code": 4, "worker_id": "b4d841ac-3dcd-428c-96bb-3aa8aa574d61-17724", "study_id": 0, "datetime_start": "2024-03-19T11:13:22.445328"}
{"op_code": 5, "worker_id": "b4d841ac-3dcd-428c-96bb-3aa8aa574d61-17724", "trial_id": 12, "param_name": "alpha", "param_value_internal": 0.4211102627717944, "distribution": "{\"name\": \"FloatDistribution\", \"attributes\": {\"step\": null, \"low\": 0.3, \"high\": 1.0, \"log\": false}}"}
{"op_code": 5, "worker_id": "b4d841ac-3dcd-428c-96bb-3aa8aa574d61-17724", "trial_id": 12, "param_name": "gamma", "param_value_internal": 0.11952894775247627, "distribution": "{\"name\": \"FloatDistribution\", \"attributes\": {\"step\": null, \"low\": 0.1, \"high\": 0.3, \"log\": false}}"}
{"op_code": 5, "worker_id": "b4d841ac-3dcd-428c-96bb-3aa8aa574d61-17724", "trial_id": 12, "param_name": "kernel", "param_value_internal": 0, "distribution": "{\"name\": \"CategoricalDistribution\", \"attributes\": {\"choices\": [\"laplacian\", \"rbf\"]}}"}
{"op_code": 7, "worker_id": "b4d841ac-3dcd-428c-96bb-3aa8aa574d61-17724", "trial_id": 12, "step": 0, "intermediate_value": 0.20279418329313248}
{"op_code": 7, "worker_id": "b4d841ac-3dcd-428c-96bb-3aa8aa574d61-17724", "trial_id": 12, "step": 1, "intermediate_value": 0.20279418329313248}
{"op_code": 7, "worker_id": "b4d841ac-3dcd-428c-96bb-3aa8aa574d61-17724", "trial_id": 12, "step": 2, "intermediate_value": 0.20279418329313248}
{"op_code": 6, "worker_id": "b4d841ac-3dcd-428c-96bb-3aa8aa574d61-17724", "trial_id": 12, "state": 1, "values": [0.20279418329313248], "datetime_complete": "2024-03-19T11:13:25.113865"}
{"op_code": 4, "worker_id": "b4d841ac-3dcd-428c-96bb-3aa8aa574d61-17724", "study_id": 0, "datetime_start": "2024-03-19T11:13:25.411866"}
{"op_code": 5, "worker_id": "b4d841ac-3dcd-428c-96bb-3aa8aa574d61-17724", "trial_id": 13, "param_name": "alpha", "param_value_internal": 0.31173254403108447, "distribution": "{\"name\": \"FloatDistribution\", \"attributes\": {\"step\": null, \"low\": 0.3, \"high\": 1.0, \"log\": false}}"}
{"op_code": 5, "worker_id": "b4d841ac-3dcd-428c-96bb-3aa8aa574d61-17724", "trial_id": 13, "param_name": "gamma", "param_value_internal": 0.1349943643724018, "distribution": "{\"name\": \"FloatDistribution\", \"attributes\": {\"step\": null, \"low\": 0.1, \"high\": 0.3, \"log\": false}}"}
{"op_code": 5, "worker_id": "b4d841ac-3dcd-428c-96bb-3aa8aa574d61-17724", "trial_id": 13, "param_name": "kernel", "param_value_internal": 0, "distribution": "{\"name\": \"CategoricalDistribution\", \"attributes\": {\"choices\": [\"laplacian\", \"rbf\"]}}"}
{"op_code": 7, "worker_id": "b4d841ac-3dcd-428c-96bb-3aa8aa574d61-17724", "trial_id": 13, "step": 0, "intermediate_value": 0.20392241797764682}
{"op_code": 7, "worker_id": "b4d841ac-3dcd-428c-96bb-3aa8aa574d61-17724", "trial_id": 13, "step": 1, "intermediate_value": 0.20392241797764682}
{"op_code": 9, "worker_id": "b4d841ac-3dcd-428c-96bb-3aa8aa574d61-17724", "trial_id": 13, "system_attr": {"completed_rung_0": 0.20392241797764682}}
{"op_code": 6, "worker_id": "b4d841ac-3dcd-428c-96bb-3aa8aa574d61-17724", "trial_id": 13, "state": 2, "values": [0.20392241797764682], "datetime_complete": "2024-03-19T11:13:27.849749"}
{"op_code": 4, "worker_id": "b4d841ac-3dcd-428c-96bb-3aa8aa574d61-17724", "study_id": 0, "datetime_start": "2024-03-19T11:13:28.103791"}
{"op_code": 5, "worker_id": "b4d841ac-3dcd-428c-96bb-3aa8aa574d61-17724", "trial_id": 14, "param_name": "alpha", "param_value_internal": 0.48662553132038433, "distribution": "{\"name\": \"FloatDistribution\", \"attributes\": {\"step\": null, \"low\": 0.3, \"high\": 1.0, \"log\": false}}"}
{"op_code": 5, "worker_id": "b4d841ac-3dcd-428c-96bb-3aa8aa574d61-17724", "trial_id": 14, "param_name": "gamma", "param_value_internal": 0.14954008348309114, "distribution": "{\"name\": \"FloatDistribution\", \"attributes\": {\"step\": null, \"low\": 0.1, \"high\": 0.3, \"log\": false}}"}
{"op_code": 5, "worker_id": "b4d841ac-3dcd-428c-96bb-3aa8aa574d61-17724", "trial_id": 14, "param_name": "kernel", "param_value_internal": 0, "distribution": "{\"name\": \"CategoricalDistribution\", \"attributes\": {\"choices\": [\"laplacian\", \"rbf\"]}}"}
{"op_code": 7, "worker_id": "b4d841ac-3dcd-428c-96bb-3aa8aa574d61-17724", "trial_id": 14, "step": 0, "intermediate_value": 0.15864900063734763}
{"op_code": 7, "worker_id": "b4d841ac-3dcd-428c-96bb-3aa8aa574d61-17724", "trial_id": 14, "step": 1, "intermediate_value": 0.15864900063734763}
{"op_code": 7, "worker_id": "b4d841ac-3dcd-428c-96bb-3aa8aa574d61-17724", "trial_id": 14, "step": 2, "intermediate_value": 0.15864900063734763}
{"op_code": 6, "worker_id": "b4d841ac-3dcd-428c-96bb-3aa8aa574d61-17724", "trial_id": 14, "state": 1, "values": [0.15864900063734763], "datetime_complete": "2024-03-19T11:13:30.619359"}
{"op_code": 4, "worker_id": "b4d841ac-3dcd-428c-96bb-3aa8aa574d61-17724", "study_id": 0, "datetime_start": "2024-03-19T11:13:31.498190"}
{"op_code": 5, "worker_id": "b4d841ac-3dcd-428c-96bb-3aa8aa574d61-17724", "trial_id": 15, "param_name": "alpha", "param_value_internal": 0.41132314887666643, "distribution": "{\"name\": \"FloatDistribution\", \"attributes\": {\"step\": null, \"low\": 0.3, \"high\": 1.0, \"log\": false}}"}
{"op_code": 5, "worker_id": "b4d841ac-3dcd-428c-96bb-3aa8aa574d61-17724", "trial_id": 15, "param_name": "gamma", "param_value_internal": 0.10063642971166638, "distribution": "{\"name\": \"FloatDistribution\", \"attributes\": {\"step\": null, \"low\": 0.1, \"high\": 0.3, \"log\": false}}"}
{"op_code": 5, "worker_id": "b4d841ac-3dcd-428c-96bb-3aa8aa574d61-17724", "trial_id": 15, "param_name": "kernel", "param_value_internal": 0, "distribution": "{\"name\": \"CategoricalDistribution\", \"attributes\": {\"choices\": [\"laplacian\", \"rbf\"]}}"}
{"op_code": 7, "worker_id": "b4d841ac-3dcd-428c-96bb-3aa8aa574d61-17724", "trial_id": 15, "step": 0, "intermediate_value": 0.21347640530608752}
{"op_code": 7, "worker_id": "b4d841ac-3dcd-428c-96bb-3aa8aa574d61-17724", "trial_id": 15, "step": 1, "intermediate_value": 0.21347640530608752}
{"op_code": 7, "worker_id": "b4d841ac-3dcd-428c-96bb-3aa8aa574d61-17724", "trial_id": 15, "step": 2, "intermediate_value": 0.21347640530608752}
{"op_code": 6, "worker_id": "b4d841ac-3dcd-428c-96bb-3aa8aa574d61-17724", "trial_id": 15, "state": 1, "values": [0.2134764053060875], "datetime_complete": "2024-03-19T11:13:35.072191"}
{"op_code": 4, "worker_id": "b4d841ac-3dcd-428c-96bb-3aa8aa574d61-17724", "study_id": 0, "datetime_start": "2024-03-19T11:13:35.399062"}
{"op_code": 5, "worker_id": "b4d841ac-3dcd-428c-96bb-3aa8aa574d61-17724", "trial_id": 16, "param_name": "alpha", "param_value_internal": 0.3876348383610172, "distribution": "{\"name\": \"FloatDistribution\", \"attributes\": {\"step\": null, \"low\": 0.3, \"high\": 1.0, \"log\": false}}"}
{"op_code": 5, "worker_id": "b4d841ac-3dcd-428c-96bb-3aa8aa574d61-17724", "trial_id": 16, "param_name": "gamma", "param_value_internal": 0.12511154778919434, "distribution": "{\"name\": \"FloatDistribution\", \"attributes\": {\"step\": null, \"low\": 0.1, \"high\": 0.3, \"log\": false}}"}
{"op_code": 5, "worker_id": "b4d841ac-3dcd-428c-96bb-3aa8aa574d61-17724", "trial_id": 16, "param_name": "kernel", "param_value_internal": 0, "distribution": "{\"name\": \"CategoricalDistribution\", \"attributes\": {\"choices\": [\"laplacian\", \"rbf\"]}}"}
{"op_code": 7, "worker_id": "b4d841ac-3dcd-428c-96bb-3aa8aa574d61-17724", "trial_id": 16, "step": 0, "intermediate_value": 0.2064429422728385}
{"op_code": 7, "worker_id": "b4d841ac-3dcd-428c-96bb-3aa8aa574d61-17724", "trial_id": 16, "step": 1, "intermediate_value": 0.2064429422728385}
{"op_code": 9, "worker_id": "b4d841ac-3dcd-428c-96bb-3aa8aa574d61-17724", "trial_id": 16, "system_attr": {"completed_rung_0": 0.2064429422728385}}
{"op_code": 6, "worker_id": "b4d841ac-3dcd-428c-96bb-3aa8aa574d61-17724", "trial_id": 16, "state": 2, "values": [0.2064429422728385], "datetime_complete": "2024-03-19T11:13:37.702335"}
{"op_code": 4, "worker_id": "b4d841ac-3dcd-428c-96bb-3aa8aa574d61-17724", "study_id": 0, "datetime_start": "2024-03-19T11:13:38.123296"}
{"op_code": 5, "worker_id": "b4d841ac-3dcd-428c-96bb-3aa8aa574d61-17724", "trial_id": 17, "param_name": "alpha", "param_value_internal": 0.5997255781872088, "distribution": "{\"name\": \"FloatDistribution\", \"attributes\": {\"step\": null, \"low\": 0.3, \"high\": 1.0, \"log\": false}}"}
{"op_code": 5, "worker_id": "b4d841ac-3dcd-428c-96bb-3aa8aa574d61-17724", "trial_id": 17, "param_name": "gamma", "param_value_internal": 0.1617196731504338, "distribution": "{\"name\": \"FloatDistribution\", \"attributes\": {\"step\": null, \"low\": 0.1, \"high\": 0.3, \"log\": false}}"}
{"op_code": 5, "worker_id": "b4d841ac-3dcd-428c-96bb-3aa8aa574d61-17724", "trial_id": 17, "param_name": "kernel", "param_value_internal": 0, "distribution": "{\"name\": \"CategoricalDistribution\", \"attributes\": {\"choices\": [\"laplacian\", \"rbf\"]}}"}
{"op_code": 7, "worker_id": "b4d841ac-3dcd-428c-96bb-3aa8aa574d61-17724", "trial_id": 17, "step": 0, "intermediate_value": 0.15593643639585567}
{"op_code": 7, "worker_id": "b4d841ac-3dcd-428c-96bb-3aa8aa574d61-17724", "trial_id": 17, "step": 1, "intermediate_value": 0.15593643639585567}
{"op_code": 7, "worker_id": "b4d841ac-3dcd-428c-96bb-3aa8aa574d61-17724", "trial_id": 17, "step": 2, "intermediate_value": 0.15593643639585567}
{"op_code": 6, "worker_id": "b4d841ac-3dcd-428c-96bb-3aa8aa574d61-17724", "trial_id": 17, "state": 1, "values": [0.15593643639585567], "datetime_complete": "2024-03-19T11:13:41.331183"}
{"op_code": 4, "worker_id": "b4d841ac-3dcd-428c-96bb-3aa8aa574d61-17724", "study_id": 0, "datetime_start": "2024-03-19T11:13:42.145268"}
{"op_code": 5, "worker_id": "b4d841ac-3dcd-428c-96bb-3aa8aa574d61-17724", "trial_id": 18, "param_name": "alpha", "param_value_internal": 0.4698487863219606, "distribution": "{\"name\": \"FloatDistribution\", \"attributes\": {\"step\": null, \"low\": 0.3, \"high\": 1.0, \"log\": false}}"}
{"op_code": 5, "worker_id": "b4d841ac-3dcd-428c-96bb-3aa8aa574d61-17724", "trial_id": 18, "param_name": "gamma", "param_value_internal": 0.12810665504939595, "distribution": "{\"name\": \"FloatDistribution\", \"attributes\": {\"step\": null, \"low\": 0.1, \"high\": 0.3, \"log\": false}}"}
{"op_code": 5, "worker_id": "b4d841ac-3dcd-428c-96bb-3aa8aa574d61-17724", "trial_id": 18, "param_name": "kernel", "param_value_internal": 1, "distribution": "{\"name\": \"CategoricalDistribution\", \"attributes\": {\"choices\": [\"laplacian\", \"rbf\"]}}"}
{"op_code": 7, "worker_id": "b4d841ac-3dcd-428c-96bb-3aa8aa574d61-17724", "trial_id": 18, "step": 0, "intermediate_value": 0.08879447017060808}
{"op_code": 7, "worker_id": "b4d841ac-3dcd-428c-96bb-3aa8aa574d61-17724", "trial_id": 18, "step": 1, "intermediate_value": 0.08879447017060808}
{"op_code": 9, "worker_id": "b4d841ac-3dcd-428c-96bb-3aa8aa574d61-17724", "trial_id": 18, "system_attr": {"completed_rung_0": 0.08879447017060808}}
{"op_code": 6, "worker_id": "b4d841ac-3dcd-428c-96bb-3aa8aa574d61-17724", "trial_id": 18, "state": 2, "values": [0.08879447017060808], "datetime_complete": "2024-03-19T11:13:45.743307"}
{"op_code": 4, "worker_id": "b4d841ac-3dcd-428c-96bb-3aa8aa574d61-17724", "study_id": 0, "datetime_start": "2024-03-19T11:13:46.162326"}
{"op_code": 5, "worker_id": "b4d841ac-3dcd-428c-96bb-3aa8aa574d61-17724", "trial_id": 19, "param_name": "alpha", "param_value_internal": 0.38507126877315495, "distribution": "{\"name\": \"FloatDistribution\", \"attributes\": {\"step\": null, \"low\": 0.3, \"high\": 1.0, \"log\": false}}"}
{"op_code": 5, "worker_id": "b4d841ac-3dcd-428c-96bb-3aa8aa574d61-17724", "trial_id": 19, "param_name": "gamma", "param_value_internal": 0.16788322623186908, "distribution": "{\"name\": \"FloatDistribution\", \"attributes\": {\"step\": null, \"low\": 0.1, \"high\": 0.3, \"log\": false}}"}
{"op_code": 5, "worker_id": "b4d841ac-3dcd-428c-96bb-3aa8aa574d61-17724", "trial_id": 19, "param_name": "kernel", "param_value_internal": 0, "distribution": "{\"name\": \"CategoricalDistribution\", \"attributes\": {\"choices\": [\"laplacian\", \"rbf\"]}}"}
{"op_code": 7, "worker_id": "b4d841ac-3dcd-428c-96bb-3aa8aa574d61-17724", "trial_id": 19, "step": 0, "intermediate_value": 0.15728071601995788}
{"op_code": 7, "worker_id": "b4d841ac-3dcd-428c-96bb-3aa8aa574d61-17724", "trial_id": 19, "step": 1, "intermediate_value": 0.15728071601995788}
{"op_code": 7, "worker_id": "b4d841ac-3dcd-428c-96bb-3aa8aa574d61-17724", "trial_id": 19, "step": 2, "intermediate_value": 0.15728071601995788}
{"op_code": 6, "worker_id": "b4d841ac-3dcd-428c-96bb-3aa8aa574d61-17724", "trial_id": 19, "state": 1, "values": [0.15728071601995788], "datetime_complete": "2024-03-19T11:13:50.397453"}
