{"op_code": 0, "worker_id": "1833fb4e-4493-42ba-8a9a-2f597ea80f2b-9760", "study_name": "linear", "directions": [2]}
{"op_code": 4, "worker_id": "1833fb4e-4493-42ba-8a9a-2f597ea80f2b-20576", "study_id": 0, "datetime_start": "2024-03-19T11:12:16.129623"}
{"op_code": 5, "worker_id": "1833fb4e-4493-42ba-8a9a-2f597ea80f2b-20576", "trial_id": 0, "param_name": "alpha", "param_value_internal": 0.07194268012690544, "distribution": "{\"name\": \"FloatDistribution\", \"attributes\": {\"step\": null, \"low\": 0.005, \"high\": 0.1, \"log\": false}}"}
{"op_code": 5, "worker_id": "1833fb4e-4493-42ba-8a9a-2f597ea80f2b-20576", "trial_id": 0, "param_name": "l1_ratio", "param_value_internal": 0.03588854034341139, "distribution": "{\"name\": \"FloatDistribution\", \"attributes\": {\"step\": null, \"low\": 0.0, \"high\": 0.05, \"log\": false}}"}
{"op_code": 7, "worker_id": "1833fb4e-4493-42ba-8a9a-2f597ea80f2b-20576", "trial_id": 0, "step": 0, "intermediate_value": 0.04186470829346864}
{"op_code": 7, "worker_id": "1833fb4e-4493-42ba-8a9a-2f597ea80f2b-20576", "trial_id": 0, "step": 1, "intermediate_value": 0.04186470829346864}
{"op_code": 7, "worker_id": "1833fb4e-4493-42ba-8a9a-2f597ea80f2b-20576", "trial_id": 0, "step": 2, "intermediate_value": 0.04186470829346864}
{"op_code": 6, "worker_id": "1833fb4e-4493-42ba-8a9a-2f597ea80f2b-20576", "trial_id": 0, "state": 1, "values": [0.04186470829346864], "datetime_complete": "2024-03-19T11:12:18.744981"}
{"op_code": 4, "worker_id": "1833fb4e-4493-42ba-8a9a-2f597ea80f2b-20576", "study_id": 0, "datetime_start": "2024-03-19T11:12:18.999737"}
{"op_code": 5, "worker_id": "1833fb4e-4493-42ba-8a9a-2f597ea80f2b-20576", "trial_id": 1, "param_name": "alpha", "param_value_internal": 0.07846267953794571, "distribution": "{\"name\": \"FloatDistribution\", \"attributes\": {\"step\": null, \"low\": 0.005, \"high\": 0.1, \"log\": false}}"}
{"op_code": 5, "worker_id": "1833fb4e-4493-42ba-8a9a-2f597ea80f2b-20576", "trial_id": 1, "param_name": "l1_ratio", "param_value_internal": 0.03727755283628752, "distribution": "{\"name\": \"FloatDistribution\", \"attributes\": {\"step\": null, \"low\": 0.0, \"high\": 0.05, \"log\": false}}"}
{"op_code": 7, "worker_id": "1833fb4e-4493-42ba-8a9a-2f597ea80f2b-20576", "trial_id": 1, "step": 0, "intermediate_value": 0.04186470829346864}
{"op_code": 7, "worker_id": "1833fb4e-4493-42ba-8a9a-2f597ea80f2b-20576", "trial_id": 1, "step": 1, "intermediate_value": 0.04186470829346864}
{"op_code": 7, "worker_id": "1833fb4e-4493-42ba-8a9a-2f597ea80f2b-20576", "trial_id": 1, "step": 2, "intermediate_value": 0.04186470829346864}
{"op_code": 6, "worker_id": "1833fb4e-4493-42ba-8a9a-2f597ea80f2b-20576", "trial_id": 1, "state": 1, "values": [0.04186470829346864], "datetime_complete": "2024-03-19T11:12:21.320225"}
{"op_code": 4, "worker_id": "1833fb4e-4493-42ba-8a9a-2f597ea80f2b-20576", "study_id": 0, "datetime_start": "2024-03-19T11:12:22.169785"}
{"op_code": 5, "worker_id": "1833fb4e-4493-42ba-8a9a-2f597ea80f2b-20576", "trial_id": 2, "param_name": "alpha", "param_value_internal": 0.03461378442839823, "distribution": "{\"name\": \"FloatDistribution\", \"attributes\": {\"step\": null, \"low\": 0.005, \"high\": 0.1, \"log\": false}}"}
{"op_code": 5, "worker_id": "1833fb4e-4493-42ba-8a9a-2f597ea80f2b-20576", "trial_id": 2, "param_name": "l1_ratio", "param_value_internal": 0.014718528234695386, "distribution": "{\"name\": \"FloatDistribution\", \"attributes\": {\"step\": null, \"low\": 0.0, \"high\": 0.05, \"log\": false}}"}
{"op_code": 7, "worker_id": "1833fb4e-4493-42ba-8a9a-2f597ea80f2b-20576", "trial_id": 2, "step": 0, "intermediate_value": 0.04054443366265398}
{"op_code": 7, "worker_id": "1833fb4e-4493-42ba-8a9a-2f597ea80f2b-20576", "trial_id": 2, "step": 1, "intermediate_value": 0.04054443366265398}
{"op_code": 7, "worker_id": "1833fb4e-4493-42ba-8a9a-2f597ea80f2b-20576", "trial_id": 2, "step": 2, "intermediate_value": 0.04054443366265398}
{"op_code": 6, "worker_id": "1833fb4e-4493-42ba-8a9a-2f597ea80f2b-20576", "trial_id": 2, "state": 1, "values": [0.04054443366265398], "datetime_complete": "2024-03-19T11:12:24.494040"}
{"op_code": 4, "worker_id": "1833fb4e-4493-42ba-8a9a-2f597ea80f2b-20576", "study_id": 0, "datetime_start": "2024-03-19T11:12:24.723137"}
{"op_code": 5, "worker_id": "1833fb4e-4493-42ba-8a9a-2f597ea80f2b-20576", "trial_id": 3, "param_name": "alpha", "param_value_internal": 0.0908165346179303, "distribution": "{\"name\": \"FloatDistribution\", \"attributes\": {\"step\": null, \"low\": 0.005, \"high\": 0.1, \"log\": false}}"}
{"op_code": 5, "worker_id": "1833fb4e-4493-42ba-8a9a-2f597ea80f2b-20576", "trial_id": 3, "param_name": "l1_ratio", "param_value_internal": 0.04938735742724432, "distribution": "{\"name\": \"FloatDistribution\", \"attributes\": {\"step\": null, \"low\": 0.0, \"high\": 0.05, \"log\": false}}"}
{"op_code": 7, "worker_id": "1833fb4e-4493-42ba-8a9a-2f597ea80f2b-20576", "trial_id": 3, "step": 0, "intermediate_value": 0.04412117766249734}
{"op_code": 7, "worker_id": "1833fb4e-4493-42ba-8a9a-2f597ea80f2b-20576", "trial_id": 3, "step": 1, "intermediate_value": 0.04412117766249734}
{"op_code": 9, "worker_id": "1833fb4e-4493-42ba-8a9a-2f597ea80f2b-20576", "trial_id": 3, "system_attr": {"completed_rung_0": 0.04412117766249734}}
{"op_code": 7, "worker_id": "1833fb4e-4493-42ba-8a9a-2f597ea80f2b-20576", "trial_id": 3, "step": 2, "intermediate_value": 0.04412117766249734}
{"op_code": 6, "worker_id": "1833fb4e-4493-42ba-8a9a-2f597ea80f2b-20576", "trial_id": 3, "state": 1, "values": [0.04412117766249734], "datetime_complete": "2024-03-19T11:12:26.501092"}
{"op_code": 4, "worker_id": "1833fb4e-4493-42ba-8a9a-2f597ea80f2b-20576", "study_id": 0, "datetime_start": "2024-03-19T11:12:26.720018"}
{"op_code": 5, "worker_id": "1833fb4e-4493-42ba-8a9a-2f597ea80f2b-20576", "trial_id": 4, "param_name": "alpha", "param_value_internal": 0.09818512894827731, "distribution": "{\"name\": \"FloatDistribution\", \"attributes\": {\"step\": null, \"low\": 0.005, \"high\": 0.1, \"log\": false}}"}
{"op_code": 5, "worker_id": "1833fb4e-4493-42ba-8a9a-2f597ea80f2b-20576", "trial_id": 4, "param_name": "l1_ratio", "param_value_internal": 0.048686729363623164, "distribution": "{\"name\": \"FloatDistribution\", \"attributes\": {\"step\": null, \"low\": 0.0, \"high\": 0.05, \"log\": false}}"}
{"op_code": 7, "worker_id": "1833fb4e-4493-42ba-8a9a-2f597ea80f2b-20576", "trial_id": 4, "step": 0, "intermediate_value": 0.04412117766249734}
{"op_code": 7, "worker_id": "1833fb4e-4493-42ba-8a9a-2f597ea80f2b-20576", "trial_id": 4, "step": 1, "intermediate_value": 0.04412117766249734}
{"op_code": 9, "worker_id": "1833fb4e-4493-42ba-8a9a-2f597ea80f2b-20576", "trial_id": 4, "system_attr": {"completed_rung_0": 0.04412117766249734}}
{"op_code": 7, "worker_id": "1833fb4e-4493-42ba-8a9a-2f597ea80f2b-20576", "trial_id": 4, "step": 2, "intermediate_value": 0.04412117766249734}
{"op_code": 6, "worker_id": "1833fb4e-4493-42ba-8a9a-2f597ea80f2b-20576", "trial_id": 4, "state": 1, "values": [0.04412117766249734], "datetime_complete": "2024-03-19T11:12:28.971456"}
{"op_code": 4, "worker_id": "1833fb4e-4493-42ba-8a9a-2f597ea80f2b-20576", "study_id": 0, "datetime_start": "2024-03-19T11:12:29.258792"}
{"op_code": 5, "worker_id": "1833fb4e-4493-42ba-8a9a-2f597ea80f2b-20576", "trial_id": 5, "param_name": "alpha", "param_value_internal": 0.017731050925178016, "distribution": "{\"name\": \"FloatDistribution\", \"attributes\": {\"step\": null, \"low\": 0.005, \"high\": 0.1, \"log\": false}}"}
{"op_code": 5, "worker_id": "1833fb4e-4493-42ba-8a9a-2f597ea80f2b-20576", "trial_id": 5, "param_name": "l1_ratio", "param_value_internal": 0.0017257768799716425, "distribution": "{\"name\": \"FloatDistribution\", \"attributes\": {\"step\": null, \"low\": 0.0, \"high\": 0.05, \"log\": false}}"}
{"op_code": 7, "worker_id": "1833fb4e-4493-42ba-8a9a-2f597ea80f2b-20576", "trial_id": 5, "step": 0, "intermediate_value": 0.05117864568903391}
{"op_code": 7, "worker_id": "1833fb4e-4493-42ba-8a9a-2f597ea80f2b-20576", "trial_id": 5, "step": 1, "intermediate_value": 0.05117864568903391}
{"op_code": 7, "worker_id": "1833fb4e-4493-42ba-8a9a-2f597ea80f2b-20576", "trial_id": 5, "step": 2, "intermediate_value": 0.05117864568903391}
{"op_code": 6, "worker_id": "1833fb4e-4493-42ba-8a9a-2f597ea80f2b-20576", "trial_id": 5, "state": 1, "values": [0.05117864568903391], "datetime_complete": "2024-03-19T11:12:31.964213"}
{"op_code": 4, "worker_id": "1833fb4e-4493-42ba-8a9a-2f597ea80f2b-20576", "study_id": 0, "datetime_start": "2024-03-19T11:12:32.220149"}
{"op_code": 5, "worker_id": "1833fb4e-4493-42ba-8a9a-2f597ea80f2b-20576", "trial_id": 6, "param_name": "alpha", "param_value_internal": 0.006335971929460763, "distribution": "{\"name\": \"FloatDistribution\", \"attributes\": {\"step\": null, \"low\": 0.005, \"high\": 0.1, \"log\": false}}"}
{"op_code": 5, "worker_id": "1833fb4e-4493-42ba-8a9a-2f597ea80f2b-20576", "trial_id": 6, "param_name": "l1_ratio", "param_value_internal": 0.003113510804843381, "distribution": "{\"name\": \"FloatDistribution\", \"attributes\": {\"step\": null, \"low\": 0.0, \"high\": 0.05, \"log\": false}}"}
{"op_code": 7, "worker_id": "1833fb4e-4493-42ba-8a9a-2f597ea80f2b-20576", "trial_id": 6, "step": 0, "intermediate_value": 0.05117864568903391}
{"op_code": 7, "worker_id": "1833fb4e-4493-42ba-8a9a-2f597ea80f2b-20576", "trial_id": 6, "step": 1, "intermediate_value": 0.05117864568903391}
{"op_code": 9, "worker_id": "1833fb4e-4493-42ba-8a9a-2f597ea80f2b-20576", "trial_id": 6, "system_attr": {"completed_rung_0": 0.05117864568903391}}
{"op_code": 7, "worker_id": "1833fb4e-4493-42ba-8a9a-2f597ea80f2b-20576", "trial_id": 6, "step": 2, "intermediate_value": 0.05117864568903391}
{"op_code": 6, "worker_id": "1833fb4e-4493-42ba-8a9a-2f597ea80f2b-20576", "trial_id": 6, "state": 1, "values": [0.05117864568903391], "datetime_complete": "2024-03-19T11:12:35.099340"}
{"op_code": 4, "worker_id": "1833fb4e-4493-42ba-8a9a-2f597ea80f2b-20576", "study_id": 0, "datetime_start": "2024-03-19T11:12:35.449979"}
{"op_code": 5, "worker_id": "1833fb4e-4493-42ba-8a9a-2f597ea80f2b-20576", "trial_id": 7, "param_name": "alpha", "param_value_internal": 0.03550905197953348, "distribution": "{\"name\": \"FloatDistribution\", \"attributes\": {\"step\": null, \"low\": 0.005, \"high\": 0.1, \"log\": false}}"}
{"op_code": 5, "worker_id": "1833fb4e-4493-42ba-8a9a-2f597ea80f2b-20576", "trial_id": 7, "param_name": "l1_ratio", "param_value_internal": 0.0009241869638334665, "distribution": "{\"name\": \"FloatDistribution\", \"attributes\": {\"step\": null, \"low\": 0.0, \"high\": 0.05, \"log\": false}}"}
{"op_code": 7, "worker_id": "1833fb4e-4493-42ba-8a9a-2f597ea80f2b-20576", "trial_id": 7, "step": 0, "intermediate_value": 0.048826156346855054}
{"op_code": 7, "worker_id": "1833fb4e-4493-42ba-8a9a-2f597ea80f2b-20576", "trial_id": 7, "step": 1, "intermediate_value": 0.048826156346855054}
{"op_code": 9, "worker_id": "1833fb4e-4493-42ba-8a9a-2f597ea80f2b-20576", "trial_id": 7, "system_attr": {"completed_rung_0": 0.048826156346855054}}
{"op_code": 6, "worker_id": "1833fb4e-4493-42ba-8a9a-2f597ea80f2b-20576", "trial_id": 7, "state": 2, "values": [0.048826156346855054], "datetime_complete": "2024-03-19T11:12:36.811583"}
{"op_code": 4, "worker_id": "1833fb4e-4493-42ba-8a9a-2f597ea80f2b-20576", "study_id": 0, "datetime_start": "2024-03-19T11:12:36.968467"}
{"op_code": 5, "worker_id": "1833fb4e-4493-42ba-8a9a-2f597ea80f2b-20576", "trial_id": 8, "param_name": "alpha", "param_value_internal": 0.01020113043324785, "distribution": "{\"name\": \"FloatDistribution\", \"attributes\": {\"step\": null, \"low\": 0.005, \"high\": 0.1, \"log\": false}}"}
{"op_code": 5, "worker_id": "1833fb4e-4493-42ba-8a9a-2f597ea80f2b-20576", "trial_id": 8, "param_name": "l1_ratio", "param_value_internal": 0.016838133984248868, "distribution": "{\"name\": \"FloatDistribution\", \"attributes\": {\"step\": null, \"low\": 0.0, \"high\": 0.05, \"log\": false}}"}
{"op_code": 7, "worker_id": "1833fb4e-4493-42ba-8a9a-2f597ea80f2b-20576", "trial_id": 8, "step": 0, "intermediate_value": 0.0479379715952161}
{"op_code": 7, "worker_id": "1833fb4e-4493-42ba-8a9a-2f597ea80f2b-20576", "trial_id": 8, "step": 1, "intermediate_value": 0.0479379715952161}
{"op_code": 9, "worker_id": "1833fb4e-4493-42ba-8a9a-2f597ea80f2b-20576", "trial_id": 8, "system_attr": {"completed_rung_0": 0.0479379715952161}}
{"op_code": 6, "worker_id": "1833fb4e-4493-42ba-8a9a-2f597ea80f2b-20576", "trial_id": 8, "state": 2, "values": [0.0479379715952161], "datetime_complete": "2024-03-19T11:12:39.332954"}
{"op_code": 4, "worker_id": "1833fb4e-4493-42ba-8a9a-2f597ea80f2b-20576", "study_id": 0, "datetime_start": "2024-03-19T11:12:39.529281"}
{"op_code": 5, "worker_id": "1833fb4e-4493-42ba-8a9a-2f597ea80f2b-20576", "trial_id": 9, "param_name": "alpha", "param_value_internal": 0.051051483601183556, "distribution": "{\"name\": \"FloatDistribution\", \"attributes\": {\"step\": null, \"low\": 0.005, \"high\": 0.1, \"log\": false}}"}
{"op_code": 5, "worker_id": "1833fb4e-4493-42ba-8a9a-2f597ea80f2b-20576", "trial_id": 9, "param_name": "l1_ratio", "param_value_internal": 0.011980176670922023, "distribution": "{\"name\": \"FloatDistribution\", \"attributes\": {\"step\": null, \"low\": 0.0, \"high\": 0.05, \"log\": false}}"}
{"op_code": 7, "worker_id": "1833fb4e-4493-42ba-8a9a-2f597ea80f2b-20576", "trial_id": 9, "step": 0, "intermediate_value": 0.04181669830689356}
{"op_code": 7, "worker_id": "1833fb4e-4493-42ba-8a9a-2f597ea80f2b-20576", "trial_id": 9, "step": 1, "intermediate_value": 0.04181669830689356}
{"op_code": 7, "worker_id": "1833fb4e-4493-42ba-8a9a-2f597ea80f2b-20576", "trial_id": 9, "step": 2, "intermediate_value": 0.04181669830689356}
{"op_code": 6, "worker_id": "1833fb4e-4493-42ba-8a9a-2f597ea80f2b-20576", "trial_id": 9, "state": 1, "values": [0.04181669830689356], "datetime_complete": "2024-03-19T11:12:41.109727"}
{"op_code": 4, "worker_id": "1833fb4e-4493-42ba-8a9a-2f597ea80f2b-20576", "study_id": 0, "datetime_start": "2024-03-19T11:12:41.432336"}
{"op_code": 5, "worker_id": "1833fb4e-4493-42ba-8a9a-2f597ea80f2b-20576", "trial_id": 10, "param_name": "alpha", "param_value_internal": 0.023843206886159256, "distribution": "{\"name\": \"FloatDistribution\", \"attributes\": {\"step\": null, \"low\": 0.005, \"high\": 0.1, \"log\": false}}"}
{"op_code": 5, "worker_id": "1833fb4e-4493-42ba-8a9a-2f597ea80f2b-20576", "trial_id": 10, "param_name": "l1_ratio", "param_value_internal": 0.024147689531343306, "distribution": "{\"name\": \"FloatDistribution\", \"attributes\": {\"step\": null, \"low\": 0.0, \"high\": 0.05, \"log\": false}}"}
{"op_code": 7, "worker_id": "1833fb4e-4493-42ba-8a9a-2f597ea80f2b-20576", "trial_id": 10, "step": 0, "intermediate_value": 0.04181669830689356}
{"op_code": 7, "worker_id": "1833fb4e-4493-42ba-8a9a-2f597ea80f2b-20576", "trial_id": 10, "step": 1, "intermediate_value": 0.04181669830689356}
{"op_code": 9, "worker_id": "1833fb4e-4493-42ba-8a9a-2f597ea80f2b-20576", "trial_id": 10, "system_attr": {"completed_rung_0": 0.04181669830689356}}
{"op_code": 6, "worker_id": "1833fb4e-4493-42ba-8a9a-2f597ea80f2b-20576", "trial_id": 10, "state": 2, "values": [0.04181669830689356], "datetime_complete": "2024-03-19T11:12:42.888720"}
{"op_code": 4, "worker_id": "1833fb4e-4493-42ba-8a9a-2f597ea80f2b-20576", "study_id": 0, "datetime_start": "2024-03-19T11:12:43.317798"}
{"op_code": 5, "worker_id": "1833fb4e-4493-42ba-8a9a-2f597ea80f2b-20576", "trial_id": 11, "param_name": "alpha", "param_value_internal": 0.007669612688734959, "distribution": "{\"name\": \"FloatDistribution\", \"attributes\": {\"step\": null, \"low\": 0.005, \"high\": 0.1, \"log\": false}}"}
{"op_code": 5, "worker_id": "1833fb4e-4493-42ba-8a9a-2f597ea80f2b-20576", "trial_id": 11, "param_name": "l1_ratio", "param_value_internal": 0.0009093121383397403, "distribution": "{\"name\": \"FloatDistribution\", \"attributes\": {\"step\": null, \"low\": 0.0, \"high\": 0.05, \"log\": false}}"}
{"op_code": 7, "worker_id": "1833fb4e-4493-42ba-8a9a-2f597ea80f2b-20576", "trial_id": 11, "step": 0, "intermediate_value": 0.050458495890407726}
{"op_code": 7, "worker_id": "1833fb4e-4493-42ba-8a9a-2f597ea80f2b-20576", "trial_id": 11, "step": 1, "intermediate_value": 0.050458495890407726}
{"op_code": 9, "worker_id": "1833fb4e-4493-42ba-8a9a-2f597ea80f2b-20576", "trial_id": 11, "system_attr": {"completed_rung_0": 0.050458495890407726}}
{"op_code": 7, "worker_id": "1833fb4e-4493-42ba-8a9a-2f597ea80f2b-20576", "trial_id": 11, "step": 2, "intermediate_value": 0.050458495890407726}
{"op_code": 6, "worker_id": "1833fb4e-4493-42ba-8a9a-2f597ea80f2b-20576", "trial_id": 11, "state": 1, "values": [0.05045849589040772], "datetime_complete": "2024-03-19T11:12:45.004499"}
{"op_code": 4, "worker_id": "1833fb4e-4493-42ba-8a9a-2f597ea80f2b-20576", "study_id": 0, "datetime_start": "2024-03-19T11:12:45.126293"}
{"op_code": 5, "worker_id": "1833fb4e-4493-42ba-8a9a-2f597ea80f2b-20576", "trial_id": 12, "param_name": "alpha", "param_value_internal": 0.00876809059706344, "distribution": "{\"name\": \"FloatDistribution\", \"attributes\": {\"step\": null, \"low\": 0.005, \"high\": 0.1, \"log\": false}}"}
{"op_code": 5, "worker_id": "1833fb4e-4493-42ba-8a9a-2f597ea80f2b-20576", "trial_id": 12, "param_name": "l1_ratio", "param_value_internal": 0.006430187555889699, "distribution": "{\"name\": \"FloatDistribution\", \"attributes\": {\"step\": null, \"low\": 0.0, \"high\": 0.05, \"log\": false}}"}
{"op_code": 7, "worker_id": "1833fb4e-4493-42ba-8a9a-2f597ea80f2b-20576", "trial_id": 12, "step": 0, "intermediate_value": 0.0522108604003981}
{"op_code": 7, "worker_id": "1833fb4e-4493-42ba-8a9a-2f597ea80f2b-20576", "trial_id": 12, "step": 1, "intermediate_value": 0.0522108604003981}
{"op_code": 7, "worker_id": "1833fb4e-4493-42ba-8a9a-2f597ea80f2b-20576", "trial_id": 12, "step": 2, "intermediate_value": 0.0522108604003981}
{"op_code": 6, "worker_id": "1833fb4e-4493-42ba-8a9a-2f597ea80f2b-20576", "trial_id": 12, "state": 1, "values": [0.0522108604003981], "datetime_complete": "2024-03-19T11:12:46.660525"}
{"op_code": 4, "worker_id": "1833fb4e-4493-42ba-8a9a-2f597ea80f2b-20576", "study_id": 0, "datetime_start": "2024-03-19T11:12:47.038437"}
{"op_code": 5, "worker_id": "1833fb4e-4493-42ba-8a9a-2f597ea80f2b-20576", "trial_id": 13, "param_name": "alpha", "param_value_internal": 0.024301832241436033, "distribution": "{\"name\": \"FloatDistribution\", \"attributes\": {\"step\": null, \"low\": 0.005, \"high\": 0.1, \"log\": false}}"}
{"op_code": 5, "worker_id": "1833fb4e-4493-42ba-8a9a-2f597ea80f2b-20576", "trial_id": 13, "param_name": "l1_ratio", "param_value_internal": 0.00825782632001619, "distribution": "{\"name\": \"FloatDistribution\", \"attributes\": {\"step\": null, \"low\": 0.0, \"high\": 0.05, \"log\": false}}"}
{"op_code": 7, "worker_id": "1833fb4e-4493-42ba-8a9a-2f597ea80f2b-20576", "trial_id": 13, "step": 0, "intermediate_value": 0.04690575688385191}
{"op_code": 7, "worker_id": "1833fb4e-4493-42ba-8a9a-2f597ea80f2b-20576", "trial_id": 13, "step": 1, "intermediate_value": 0.04690575688385191}
{"op_code": 7, "worker_id": "1833fb4e-4493-42ba-8a9a-2f597ea80f2b-20576", "trial_id": 13, "step": 2, "intermediate_value": 0.04690575688385191}
{"op_code": 6, "worker_id": "1833fb4e-4493-42ba-8a9a-2f597ea80f2b-20576", "trial_id": 13, "state": 1, "values": [0.04690575688385191], "datetime_complete": "2024-03-19T11:12:49.140416"}
{"op_code": 4, "worker_id": "1833fb4e-4493-42ba-8a9a-2f597ea80f2b-20576", "study_id": 0, "datetime_start": "2024-03-19T11:12:49.310782"}
{"op_code": 5, "worker_id": "1833fb4e-4493-42ba-8a9a-2f597ea80f2b-20576", "trial_id": 14, "param_name": "alpha", "param_value_internal": 0.020790424906003, "distribution": "{\"name\": \"FloatDistribution\", \"attributes\": {\"step\": null, \"low\": 0.005, \"high\": 0.1, \"log\": false}}"}
{"op_code": 5, "worker_id": "1833fb4e-4493-42ba-8a9a-2f597ea80f2b-20576", "trial_id": 14, "param_name": "l1_ratio", "param_value_internal": 0.007822573262667509, "distribution": "{\"name\": \"FloatDistribution\", \"attributes\": {\"step\": null, \"low\": 0.0, \"high\": 0.05, \"log\": false}}"}
{"op_code": 7, "worker_id": "1833fb4e-4493-42ba-8a9a-2f597ea80f2b-20576", "trial_id": 14, "step": 0, "intermediate_value": 0.0479379715952161}
{"op_code": 7, "worker_id": "1833fb4e-4493-42ba-8a9a-2f597ea80f2b-20576", "trial_id": 14, "step": 1, "intermediate_value": 0.0479379715952161}
{"op_code": 9, "worker_id": "1833fb4e-4493-42ba-8a9a-2f597ea80f2b-20576", "trial_id": 14, "system_attr": {"completed_rung_0": 0.0479379715952161}}
{"op_code": 6, "worker_id": "1833fb4e-4493-42ba-8a9a-2f597ea80f2b-20576", "trial_id": 14, "state": 2, "values": [0.0479379715952161], "datetime_complete": "2024-03-19T11:12:51.139556"}
{"op_code": 4, "worker_id": "1833fb4e-4493-42ba-8a9a-2f597ea80f2b-20576", "study_id": 0, "datetime_start": "2024-03-19T11:12:51.483643"}
{"op_code": 5, "worker_id": "1833fb4e-4493-42ba-8a9a-2f597ea80f2b-20576", "trial_id": 15, "param_name": "alpha", "param_value_internal": 0.04480242947015117, "distribution": "{\"name\": \"FloatDistribution\", \"attributes\": {\"step\": null, \"low\": 0.005, \"high\": 0.1, \"log\": false}}"}
{"op_code": 5, "worker_id": "1833fb4e-4493-42ba-8a9a-2f597ea80f2b-20576", "trial_id": 15, "param_name": "l1_ratio", "param_value_internal": 0.007348471948617097, "distribution": "{\"name\": \"FloatDistribution\", \"attributes\": {\"step\": null, \"low\": 0.0, \"high\": 0.05, \"log\": false}}"}
{"op_code": 7, "worker_id": "1833fb4e-4493-42ba-8a9a-2f597ea80f2b-20576", "trial_id": 15, "step": 0, "intermediate_value": 0.048658121393842284}
{"op_code": 7, "worker_id": "1833fb4e-4493-42ba-8a9a-2f597ea80f2b-20576", "trial_id": 15, "step": 1, "intermediate_value": 0.048658121393842284}
{"op_code": 9, "worker_id": "1833fb4e-4493-42ba-8a9a-2f597ea80f2b-20576", "trial_id": 15, "system_attr": {"completed_rung_0": 0.048658121393842284}}
{"op_code": 6, "worker_id": "1833fb4e-4493-42ba-8a9a-2f597ea80f2b-20576", "trial_id": 15, "state": 2, "values": [0.048658121393842284], "datetime_complete": "2024-03-19T11:12:53.410713"}
{"op_code": 4, "worker_id": "1833fb4e-4493-42ba-8a9a-2f597ea80f2b-20576", "study_id": 0, "datetime_start": "2024-03-19T11:12:53.797111"}
{"op_code": 5, "worker_id": "1833fb4e-4493-42ba-8a9a-2f597ea80f2b-20576", "trial_id": 16, "param_name": "alpha", "param_value_internal": 0.01933384915795061, "distribution": "{\"name\": \"FloatDistribution\", \"attributes\": {\"step\": null, \"low\": 0.005, \"high\": 0.1, \"log\": false}}"}
{"op_code": 5, "worker_id": "1833fb4e-4493-42ba-8a9a-2f597ea80f2b-20576", "trial_id": 16, "param_name": "l1_ratio", "param_value_internal": 3.401393405559269e-05, "distribution": "{\"name\": \"FloatDistribution\", \"attributes\": {\"step\": null, \"low\": 0.0, \"high\": 0.05, \"log\": false}}"}
{"op_code": 7, "worker_id": "1833fb4e-4493-42ba-8a9a-2f597ea80f2b-20576", "trial_id": 16, "step": 0, "intermediate_value": 0.05117864568903391}
{"op_code": 7, "worker_id": "1833fb4e-4493-42ba-8a9a-2f597ea80f2b-20576", "trial_id": 16, "step": 1, "intermediate_value": 0.05117864568903391}
{"op_code": 9, "worker_id": "1833fb4e-4493-42ba-8a9a-2f597ea80f2b-20576", "trial_id": 16, "system_attr": {"completed_rung_0": 0.05117864568903391}}
{"op_code": 7, "worker_id": "1833fb4e-4493-42ba-8a9a-2f597ea80f2b-20576", "trial_id": 16, "step": 2, "intermediate_value": 0.05117864568903391}
{"op_code": 6, "worker_id": "1833fb4e-4493-42ba-8a9a-2f597ea80f2b-20576", "trial_id": 16, "state": 1, "values": [0.05117864568903391], "datetime_complete": "2024-03-19T11:12:56.010014"}
{"op_code": 4, "worker_id": "1833fb4e-4493-42ba-8a9a-2f597ea80f2b-20576", "study_id": 0, "datetime_start": "2024-03-19T11:12:56.378250"}
{"op_code": 5, "worker_id": "1833fb4e-4493-42ba-8a9a-2f597ea80f2b-20576", "trial_id": 17, "param_name": "alpha", "param_value_internal": 0.060636340352470654, "distribution": "{\"name\": \"FloatDistribution\", \"attributes\": {\"step\": null, \"low\": 0.005, \"high\": 0.1, \"log\": false}}"}
{"op_code": 5, "worker_id": "1833fb4e-4493-42ba-8a9a-2f597ea80f2b-20576", "trial_id": 17, "param_name": "l1_ratio", "param_value_internal": 0.018627504189725686, "distribution": "{\"name\": \"FloatDistribution\", \"attributes\": {\"step\": null, \"low\": 0.0, \"high\": 0.05, \"log\": false}}"}
{"op_code": 7, "worker_id": "1833fb4e-4493-42ba-8a9a-2f597ea80f2b-20576", "trial_id": 17, "step": 0, "intermediate_value": 0.04332901288400854}
{"op_code": 7, "worker_id": "1833fb4e-4493-42ba-8a9a-2f597ea80f2b-20576", "trial_id": 17, "step": 1, "intermediate_value": 0.04332901288400854}
{"op_code": 9, "worker_id": "1833fb4e-4493-42ba-8a9a-2f597ea80f2b-20576", "trial_id": 17, "system_attr": {"completed_rung_0": 0.04332901288400854}}
{"op_code": 6, "worker_id": "1833fb4e-4493-42ba-8a9a-2f597ea80f2b-20576", "trial_id": 17, "state": 2, "values": [0.04332901288400854], "datetime_complete": "2024-03-19T11:12:57.692524"}
{"op_code": 4, "worker_id": "1833fb4e-4493-42ba-8a9a-2f597ea80f2b-20576", "study_id": 0, "datetime_start": "2024-03-19T11:12:58.119383"}
{"op_code": 5, "worker_id": "1833fb4e-4493-42ba-8a9a-2f597ea80f2b-20576", "trial_id": 18, "param_name": "alpha", "param_value_internal": 0.03513784010727421, "distribution": "{\"name\": \"FloatDistribution\", \"attributes\": {\"step\": null, \"low\": 0.005, \"high\": 0.1, \"log\": false}}"}
{"op_code": 5, "worker_id": "1833fb4e-4493-42ba-8a9a-2f597ea80f2b-20576", "trial_id": 18, "param_name": "l1_ratio", "param_value_internal": 0.011017922437039085, "distribution": "{\"name\": \"FloatDistribution\", \"attributes\": {\"step\": null, \"low\": 0.0, \"high\": 0.05, \"log\": false}}"}
{"op_code": 7, "worker_id": "1833fb4e-4493-42ba-8a9a-2f597ea80f2b-20576", "trial_id": 18, "step": 0, "intermediate_value": 0.04649767199796374}
{"op_code": 7, "worker_id": "1833fb4e-4493-42ba-8a9a-2f597ea80f2b-20576", "trial_id": 18, "step": 1, "intermediate_value": 0.04649767199796374}
{"op_code": 7, "worker_id": "1833fb4e-4493-42ba-8a9a-2f597ea80f2b-20576", "trial_id": 18, "step": 2, "intermediate_value": 0.04649767199796374}
{"op_code": 6, "worker_id": "1833fb4e-4493-42ba-8a9a-2f597ea80f2b-20576", "trial_id": 18, "state": 1, "values": [0.04649767199796374], "datetime_complete": "2024-03-19T11:12:59.727155"}
{"op_code": 4, "worker_id": "1833fb4e-4493-42ba-8a9a-2f597ea80f2b-20576", "study_id": 0, "datetime_start": "2024-03-19T11:13:00.046269"}
{"op_code": 5, "worker_id": "1833fb4e-4493-42ba-8a9a-2f597ea80f2b-20576", "trial_id": 19, "param_name": "alpha", "param_value_internal": 0.013930973396736625, "distribution": "{\"name\": \"FloatDistribution\", \"attributes\": {\"step\": null, \"low\": 0.005, \"high\": 0.1, \"log\": false}}"}
{"op_code": 5, "worker_id": "1833fb4e-4493-42ba-8a9a-2f597ea80f2b-20576", "trial_id": 19, "param_name": "l1_ratio", "param_value_internal": 0.0055927708868616696, "distribution": "{\"name\": \"FloatDistribution\", \"attributes\": {\"step\": null, \"low\": 0.0, \"high\": 0.05, \"log\": false}}"}
{"op_code": 7, "worker_id": "1833fb4e-4493-42ba-8a9a-2f597ea80f2b-20576", "trial_id": 19, "step": 0, "intermediate_value": 0.05264295027957381}
{"op_code": 7, "worker_id": "1833fb4e-4493-42ba-8a9a-2f597ea80f2b-20576", "trial_id": 19, "step": 1, "intermediate_value": 0.05264295027957381}
{"op_code": 9, "worker_id": "1833fb4e-4493-42ba-8a9a-2f597ea80f2b-20576", "trial_id": 19, "system_attr": {"completed_rung_0": 0.05264295027957381}}
{"op_code": 7, "worker_id": "1833fb4e-4493-42ba-8a9a-2f597ea80f2b-20576", "trial_id": 19, "step": 2, "intermediate_value": 0.05264295027957381}
{"op_code": 6, "worker_id": "1833fb4e-4493-42ba-8a9a-2f597ea80f2b-20576", "trial_id": 19, "state": 1, "values": [0.05264295027957381], "datetime_complete": "2024-03-19T11:13:02.006018"}
