{"op_code": 0, "worker_id": "1f3f4b00-da01-46b8-b12a-6ca19598641f-9760", "study_name": "RF", "directions": [2]}
{"op_code": 4, "worker_id": "1f3f4b00-da01-46b8-b12a-6ca19598641f-21968", "study_id": 0, "datetime_start": "2024-03-19T11:12:58.779178"}
{"op_code": 5, "worker_id": "1f3f4b00-da01-46b8-b12a-6ca19598641f-21968", "trial_id": 0, "param_name": "n_estimators", "param_value_internal": 2, "distribution": "{\"name\": \"CategoricalDistribution\", \"attributes\": {\"choices\": [500, 750, 1000]}}"}
{"op_code": 5, "worker_id": "1f3f4b00-da01-46b8-b12a-6ca19598641f-21968", "trial_id": 0, "param_name": "max_features", "param_value_internal": 0, "distribution": "{\"name\": \"CategoricalDistribution\", \"attributes\": {\"choices\": [\"sqrt\", \"log2\"]}}"}
{"op_code": 5, "worker_id": "1f3f4b00-da01-46b8-b12a-6ca19598641f-21968", "trial_id": 0, "param_name": "max_depth", "param_value_internal": 2, "distribution": "{\"name\": \"CategoricalDistribution\", \"attributes\": {\"choices\": [null, 2, 5, 10, 20]}}"}
{"op_code": 7, "worker_id": "1f3f4b00-da01-46b8-b12a-6ca19598641f-21968", "trial_id": 0, "step": 0, "intermediate_value": 0.32219501990535326}
{"op_code": 7, "worker_id": "1f3f4b00-da01-46b8-b12a-6ca19598641f-21968", "trial_id": 0, "step": 1, "intermediate_value": 0.35220126151477743}
{"op_code": 7, "worker_id": "1f3f4b00-da01-46b8-b12a-6ca19598641f-21968", "trial_id": 0, "step": 2, "intermediate_value": 0.2968697519869992}
{"op_code": 6, "worker_id": "1f3f4b00-da01-46b8-b12a-6ca19598641f-21968", "trial_id": 0, "state": 1, "values": [0.3237553444690433], "datetime_complete": "2024-03-19T11:15:13.985075"}
{"op_code": 4, "worker_id": "1f3f4b00-da01-46b8-b12a-6ca19598641f-21968", "study_id": 0, "datetime_start": "2024-03-19T11:15:14.241440"}
{"op_code": 5, "worker_id": "1f3f4b00-da01-46b8-b12a-6ca19598641f-21968", "trial_id": 1, "param_name": "n_estimators", "param_value_internal": 2, "distribution": "{\"name\": \"CategoricalDistribution\", \"attributes\": {\"choices\": [500, 750, 1000]}}"}
{"op_code": 5, "worker_id": "1f3f4b00-da01-46b8-b12a-6ca19598641f-21968", "trial_id": 1, "param_name": "max_features", "param_value_internal": 0, "distribution": "{\"name\": \"CategoricalDistribution\", \"attributes\": {\"choices\": [\"sqrt\", \"log2\"]}}"}
{"op_code": 5, "worker_id": "1f3f4b00-da01-46b8-b12a-6ca19598641f-21968", "trial_id": 1, "param_name": "max_depth", "param_value_internal": 2, "distribution": "{\"name\": \"CategoricalDistribution\", \"attributes\": {\"choices\": [null, 2, 5, 10, 20]}}"}
{"op_code": 7, "worker_id": "1f3f4b00-da01-46b8-b12a-6ca19598641f-21968", "trial_id": 1, "step": 0, "intermediate_value": 0.28618752997404423}
{"op_code": 7, "worker_id": "1f3f4b00-da01-46b8-b12a-6ca19598641f-21968", "trial_id": 1, "step": 1, "intermediate_value": 0.3562581053803716}
{"op_code": 9, "worker_id": "1f3f4b00-da01-46b8-b12a-6ca19598641f-21968", "trial_id": 1, "system_attr": {"completed_rung_0": 0.3562581053803716}}
{"op_code": 7, "worker_id": "1f3f4b00-da01-46b8-b12a-6ca19598641f-21968", "trial_id": 1, "step": 2, "intermediate_value": 0.32389937442876854}
{"op_code": 6, "worker_id": "1f3f4b00-da01-46b8-b12a-6ca19598641f-21968", "trial_id": 1, "state": 1, "values": [0.3221150032610615], "datetime_complete": "2024-03-19T11:17:11.038911"}
{"op_code": 4, "worker_id": "1f3f4b00-da01-46b8-b12a-6ca19598641f-21968", "study_id": 0, "datetime_start": "2024-03-19T11:17:11.129999"}
{"op_code": 5, "worker_id": "1f3f4b00-da01-46b8-b12a-6ca19598641f-21968", "trial_id": 2, "param_name": "n_estimators", "param_value_internal": 1, "distribution": "{\"name\": \"CategoricalDistribution\", \"attributes\": {\"choices\": [500, 750, 1000]}}"}
{"op_code": 5, "worker_id": "1f3f4b00-da01-46b8-b12a-6ca19598641f-21968", "trial_id": 2, "param_name": "max_features", "param_value_internal": 1, "distribution": "{\"name\": \"CategoricalDistribution\", \"attributes\": {\"choices\": [\"sqrt\", \"log2\"]}}"}
{"op_code": 5, "worker_id": "1f3f4b00-da01-46b8-b12a-6ca19598641f-21968", "trial_id": 2, "param_name": "max_depth", "param_value_internal": 2, "distribution": "{\"name\": \"CategoricalDistribution\", \"attributes\": {\"choices\": [null, 2, 5, 10, 20]}}"}
{"op_code": 7, "worker_id": "1f3f4b00-da01-46b8-b12a-6ca19598641f-21968", "trial_id": 2, "step": 0, "intermediate_value": 0.3440875737835892}
{"op_code": 7, "worker_id": "1f3f4b00-da01-46b8-b12a-6ca19598641f-21968", "trial_id": 2, "step": 1, "intermediate_value": 0.34617600819960503}
{"op_code": 9, "worker_id": "1f3f4b00-da01-46b8-b12a-6ca19598641f-21968", "trial_id": 2, "system_attr": {"completed_rung_0": 0.34617600819960503}}
{"op_code": 6, "worker_id": "1f3f4b00-da01-46b8-b12a-6ca19598641f-21968", "trial_id": 2, "state": 2, "values": [0.34617600819960503], "datetime_complete": "2024-03-19T11:18:03.733969"}
{"op_code": 4, "worker_id": "1f3f4b00-da01-46b8-b12a-6ca19598641f-21968", "study_id": 0, "datetime_start": "2024-03-19T11:18:04.068617"}
{"op_code": 5, "worker_id": "1f3f4b00-da01-46b8-b12a-6ca19598641f-21968", "trial_id": 3, "param_name": "n_estimators", "param_value_internal": 2, "distribution": "{\"name\": \"CategoricalDistribution\", \"attributes\": {\"choices\": [500, 750, 1000]}}"}
{"op_code": 5, "worker_id": "1f3f4b00-da01-46b8-b12a-6ca19598641f-21968", "trial_id": 3, "param_name": "max_features", "param_value_internal": 0, "distribution": "{\"name\": \"CategoricalDistribution\", \"attributes\": {\"choices\": [\"sqrt\", \"log2\"]}}"}
{"op_code": 5, "worker_id": "1f3f4b00-da01-46b8-b12a-6ca19598641f-21968", "trial_id": 3, "param_name": "max_depth", "param_value_internal": 0, "distribution": "{\"name\": \"CategoricalDistribution\", \"attributes\": {\"choices\": [null, 2, 5, 10, 20]}}"}
{"op_code": 7, "worker_id": "1f3f4b00-da01-46b8-b12a-6ca19598641f-21968", "trial_id": 3, "step": 0, "intermediate_value": 0.3086562036911811}
{"op_code": 7, "worker_id": "1f3f4b00-da01-46b8-b12a-6ca19598641f-21968", "trial_id": 3, "step": 1, "intermediate_value": 0.34783235273644525}
{"op_code": 7, "worker_id": "1f3f4b00-da01-46b8-b12a-6ca19598641f-21968", "trial_id": 3, "step": 2, "intermediate_value": 0.3431753840386626}
{"op_code": 6, "worker_id": "1f3f4b00-da01-46b8-b12a-6ca19598641f-21968", "trial_id": 3, "state": 1, "values": [0.333221313488763], "datetime_complete": "2024-03-19T11:21:35.214900"}
{"op_code": 4, "worker_id": "1f3f4b00-da01-46b8-b12a-6ca19598641f-21968", "study_id": 0, "datetime_start": "2024-03-19T11:21:35.503811"}
{"op_code": 5, "worker_id": "1f3f4b00-da01-46b8-b12a-6ca19598641f-21968", "trial_id": 4, "param_name": "n_estimators", "param_value_internal": 0, "distribution": "{\"name\": \"CategoricalDistribution\", \"attributes\": {\"choices\": [500, 750, 1000]}}"}
{"op_code": 5, "worker_id": "1f3f4b00-da01-46b8-b12a-6ca19598641f-21968", "trial_id": 4, "param_name": "max_features", "param_value_internal": 0, "distribution": "{\"name\": \"CategoricalDistribution\", \"attributes\": {\"choices\": [\"sqrt\", \"log2\"]}}"}
{"op_code": 5, "worker_id": "1f3f4b00-da01-46b8-b12a-6ca19598641f-21968", "trial_id": 4, "param_name": "max_depth", "param_value_internal": 0, "distribution": "{\"name\": \"CategoricalDistribution\", \"attributes\": {\"choices\": [null, 2, 5, 10, 20]}}"}
{"op_code": 7, "worker_id": "1f3f4b00-da01-46b8-b12a-6ca19598641f-21968", "trial_id": 4, "step": 0, "intermediate_value": 0.3447837185889278}
{"op_code": 7, "worker_id": "1f3f4b00-da01-46b8-b12a-6ca19598641f-21968", "trial_id": 4, "step": 1, "intermediate_value": 0.3676844821852403}
{"op_code": 7, "worker_id": "1f3f4b00-da01-46b8-b12a-6ca19598641f-21968", "trial_id": 4, "step": 2, "intermediate_value": 0.3231312146435673}
{"op_code": 6, "worker_id": "1f3f4b00-da01-46b8-b12a-6ca19598641f-21968", "trial_id": 4, "state": 1, "values": [0.3451998051392451], "datetime_complete": "2024-03-19T11:23:27.487270"}
{"op_code": 4, "worker_id": "1f3f4b00-da01-46b8-b12a-6ca19598641f-21968", "study_id": 0, "datetime_start": "2024-03-19T11:23:27.685334"}
{"op_code": 5, "worker_id": "1f3f4b00-da01-46b8-b12a-6ca19598641f-21968", "trial_id": 5, "param_name": "n_estimators", "param_value_internal": 0, "distribution": "{\"name\": \"CategoricalDistribution\", \"attributes\": {\"choices\": [500, 750, 1000]}}"}
{"op_code": 5, "worker_id": "1f3f4b00-da01-46b8-b12a-6ca19598641f-21968", "trial_id": 5, "param_name": "max_features", "param_value_internal": 1, "distribution": "{\"name\": \"CategoricalDistribution\", \"attributes\": {\"choices\": [\"sqrt\", \"log2\"]}}"}
{"op_code": 5, "worker_id": "1f3f4b00-da01-46b8-b12a-6ca19598641f-21968", "trial_id": 5, "param_name": "max_depth", "param_value_internal": 0, "distribution": "{\"name\": \"CategoricalDistribution\", \"attributes\": {\"choices\": [null, 2, 5, 10, 20]}}"}
{"op_code": 7, "worker_id": "1f3f4b00-da01-46b8-b12a-6ca19598641f-21968", "trial_id": 5, "step": 0, "intermediate_value": 0.3366220208711644}
{"op_code": 7, "worker_id": "1f3f4b00-da01-46b8-b12a-6ca19598641f-21968", "trial_id": 5, "step": 1, "intermediate_value": 0.3893609911238884}
{"op_code": 9, "worker_id": "1f3f4b00-da01-46b8-b12a-6ca19598641f-21968", "trial_id": 5, "system_attr": {"completed_rung_0": 0.3893609911238884}}
{"op_code": 7, "worker_id": "1f3f4b00-da01-46b8-b12a-6ca19598641f-21968", "trial_id": 5, "step": 2, "intermediate_value": 0.38251956803693965}
{"op_code": 6, "worker_id": "1f3f4b00-da01-46b8-b12a-6ca19598641f-21968", "trial_id": 5, "state": 1, "values": [0.3695008600106641], "datetime_complete": "2024-03-19T11:25:28.325006"}
{"op_code": 4, "worker_id": "1f3f4b00-da01-46b8-b12a-6ca19598641f-21968", "study_id": 0, "datetime_start": "2024-03-19T11:25:28.657809"}
{"op_code": 5, "worker_id": "1f3f4b00-da01-46b8-b12a-6ca19598641f-21968", "trial_id": 6, "param_name": "n_estimators", "param_value_internal": 0, "distribution": "{\"name\": \"CategoricalDistribution\", \"attributes\": {\"choices\": [500, 750, 1000]}}"}
{"op_code": 5, "worker_id": "1f3f4b00-da01-46b8-b12a-6ca19598641f-21968", "trial_id": 6, "param_name": "max_features", "param_value_internal": 1, "distribution": "{\"name\": \"CategoricalDistribution\", \"attributes\": {\"choices\": [\"sqrt\", \"log2\"]}}"}
{"op_code": 5, "worker_id": "1f3f4b00-da01-46b8-b12a-6ca19598641f-21968", "trial_id": 6, "param_name": "max_depth", "param_value_internal": 3, "distribution": "{\"name\": \"CategoricalDistribution\", \"attributes\": {\"choices\": [null, 2, 5, 10, 20]}}"}
{"op_code": 7, "worker_id": "1f3f4b00-da01-46b8-b12a-6ca19598641f-21968", "trial_id": 6, "step": 0, "intermediate_value": 0.33969466001196946}
{"op_code": 7, "worker_id": "1f3f4b00-da01-46b8-b12a-6ca19598641f-21968", "trial_id": 6, "step": 1, "intermediate_value": 0.3584425597695377}
{"op_code": 7, "worker_id": "1f3f4b00-da01-46b8-b12a-6ca19598641f-21968", "trial_id": 6, "step": 2, "intermediate_value": 0.2949973625105712}
{"op_code": 6, "worker_id": "1f3f4b00-da01-46b8-b12a-6ca19598641f-21968", "trial_id": 6, "state": 1, "values": [0.3310448607640261], "datetime_complete": "2024-03-19T11:26:59.467658"}
{"op_code": 4, "worker_id": "1f3f4b00-da01-46b8-b12a-6ca19598641f-21968", "study_id": 0, "datetime_start": "2024-03-19T11:26:59.692777"}
{"op_code": 5, "worker_id": "1f3f4b00-da01-46b8-b12a-6ca19598641f-21968", "trial_id": 7, "param_name": "n_estimators", "param_value_internal": 0, "distribution": "{\"name\": \"CategoricalDistribution\", \"attributes\": {\"choices\": [500, 750, 1000]}}"}
{"op_code": 5, "worker_id": "1f3f4b00-da01-46b8-b12a-6ca19598641f-21968", "trial_id": 7, "param_name": "max_features", "param_value_internal": 1, "distribution": "{\"name\": \"CategoricalDistribution\", \"attributes\": {\"choices\": [\"sqrt\", \"log2\"]}}"}
{"op_code": 5, "worker_id": "1f3f4b00-da01-46b8-b12a-6ca19598641f-21968", "trial_id": 7, "param_name": "max_depth", "param_value_internal": 1, "distribution": "{\"name\": \"CategoricalDistribution\", \"attributes\": {\"choices\": [null, 2, 5, 10, 20]}}"}
{"op_code": 7, "worker_id": "1f3f4b00-da01-46b8-b12a-6ca19598641f-21968", "trial_id": 7, "step": 0, "intermediate_value": 0.3250075044830747}
{"op_code": 7, "worker_id": "1f3f4b00-da01-46b8-b12a-6ca19598641f-21968", "trial_id": 7, "step": 1, "intermediate_value": 0.3420793648761942}
{"op_code": 9, "worker_id": "1f3f4b00-da01-46b8-b12a-6ca19598641f-21968", "trial_id": 7, "system_attr": {"completed_rung_0": 0.3420793648761942}}
{"op_code": 6, "worker_id": "1f3f4b00-da01-46b8-b12a-6ca19598641f-21968", "trial_id": 7, "state": 2, "values": [0.3420793648761942], "datetime_complete": "2024-03-19T11:27:26.300107"}
{"op_code": 4, "worker_id": "1f3f4b00-da01-46b8-b12a-6ca19598641f-21968", "study_id": 0, "datetime_start": "2024-03-19T11:27:26.703943"}
{"op_code": 5, "worker_id": "1f3f4b00-da01-46b8-b12a-6ca19598641f-21968", "trial_id": 8, "param_name": "n_estimators", "param_value_internal": 1, "distribution": "{\"name\": \"CategoricalDistribution\", \"attributes\": {\"choices\": [500, 750, 1000]}}"}
{"op_code": 5, "worker_id": "1f3f4b00-da01-46b8-b12a-6ca19598641f-21968", "trial_id": 8, "param_name": "max_features", "param_value_internal": 1, "distribution": "{\"name\": \"CategoricalDistribution\", \"attributes\": {\"choices\": [\"sqrt\", \"log2\"]}}"}
{"op_code": 5, "worker_id": "1f3f4b00-da01-46b8-b12a-6ca19598641f-21968", "trial_id": 8, "param_name": "max_depth", "param_value_internal": 4, "distribution": "{\"name\": \"CategoricalDistribution\", \"attributes\": {\"choices\": [null, 2, 5, 10, 20]}}"}
{"op_code": 7, "worker_id": "1f3f4b00-da01-46b8-b12a-6ca19598641f-21968", "trial_id": 8, "step": 0, "intermediate_value": 0.3106726231273344}
