{"op_code": 0, "worker_id": "4dadae5e-2e47-4fe9-bffb-842e4fac4575-47614746832704", "study_name": "ANN", "directions": [1]}
{"op_code": 4, "worker_id": "4dadae5e-2e47-4fe9-bffb-842e4fac4575-47615450679040", "study_id": 0, "datetime_start": "2023-11-07T07:01:10.408273"}
{"op_code": 5, "worker_id": "4dadae5e-2e47-4fe9-bffb-842e4fac4575-47615450679040", "trial_id": 0, "param_name": "learning_rate_init", "param_value_internal": 0.041962032308890035, "distribution": "{\"name\": \"FloatDistribution\", \"attributes\": {\"step\": null, \"low\": 0.001, \"high\": 0.1, \"log\": false}}"}
{"op_code": 5, "worker_id": "4dadae5e-2e47-4fe9-bffb-842e4fac4575-47615450679040", "trial_id": 0, "param_name": "hidden_layer_sizes", "param_value_internal": 7, "distribution": "{\"name\": \"CategoricalDistribution\", \"attributes\": {\"choices\": [[5], [10], [20], [50], [5, 5], [10, 10], [20, 20], [50, 50], [5, 5, 5], [10, 10, 10], [50, 50, 50]]}}"}
{"op_code": 6, "worker_id": "4dadae5e-2e47-4fe9-bffb-842e4fac4575-47615450679040", "trial_id": 0, "state": 1, "values": [0.2465075969227216], "datetime_complete": "2023-11-07T07:01:11.778945"}
{"op_code": 0, "worker_id": "f536813d-f25f-4e4d-b1b0-20ada982be0e-47279818202944", "study_name": "ANN", "directions": [1]}
{"op_code": 4, "worker_id": "f536813d-f25f-4e4d-b1b0-20ada982be0e-47280521058048", "study_id": 0, "datetime_start": "2023-11-07T17:08:46.501096"}
{"op_code": 5, "worker_id": "f536813d-f25f-4e4d-b1b0-20ada982be0e-47280521058048", "trial_id": 1, "param_name": "learning_rate_init", "param_value_internal": 0.07413412885025543, "distribution": "{\"name\": \"FloatDistribution\", \"attributes\": {\"step\": null, \"low\": 0.001, \"high\": 0.1, \"log\": false}}"}
{"op_code": 5, "worker_id": "f536813d-f25f-4e4d-b1b0-20ada982be0e-47280521058048", "trial_id": 1, "param_name": "hidden_layer_sizes", "param_value_internal": 4, "distribution": "{\"name\": \"CategoricalDistribution\", \"attributes\": {\"choices\": [[5], [10], [20], [50], [5, 5], [10, 10], [20, 20], [50, 50], [5, 5, 5], [10, 10, 10], [50, 50, 50]]}}"}
{"op_code": 6, "worker_id": "f536813d-f25f-4e4d-b1b0-20ada982be0e-47280521058048", "trial_id": 1, "state": 1, "values": [0.2618024767633292], "datetime_complete": "2023-11-07T17:08:48.080744"}
{"op_code": 0, "worker_id": "40892137-5a1e-4370-95a4-c4cf59ec3b67-47279818202944", "study_name": "ANN", "directions": [1]}
{"op_code": 4, "worker_id": "40892137-5a1e-4370-95a4-c4cf59ec3b67-47280521058048", "study_id": 0, "datetime_start": "2023-11-07T17:15:30.685952"}
{"op_code": 5, "worker_id": "40892137-5a1e-4370-95a4-c4cf59ec3b67-47280521058048", "trial_id": 2, "param_name": "learning_rate_init", "param_value_internal": 0.011484411002926218, "distribution": "{\"name\": \"FloatDistribution\", \"attributes\": {\"step\": null, \"low\": 0.001, \"high\": 0.1, \"log\": false}}"}
{"op_code": 5, "worker_id": "40892137-5a1e-4370-95a4-c4cf59ec3b67-47280521058048", "trial_id": 2, "param_name": "hidden_layer_sizes", "param_value_internal": 9, "distribution": "{\"name\": \"CategoricalDistribution\", \"attributes\": {\"choices\": [[5], [10], [20], [50], [5, 5], [10, 10], [20, 20], [50, 50], [5, 5, 5], [10, 10, 10], [50, 50, 50]]}}"}
{"op_code": 6, "worker_id": "40892137-5a1e-4370-95a4-c4cf59ec3b67-47280521058048", "trial_id": 2, "state": 1, "values": [0.2717648863224549], "datetime_complete": "2023-11-07T17:15:32.268639"}
{"op_code": 0, "worker_id": "b2299bbb-8787-43bb-a796-41647cb27c14-47279818202944", "study_name": "ANN", "directions": [1]}
{"op_code": 4, "worker_id": "b2299bbb-8787-43bb-a796-41647cb27c14-47280521058048", "study_id": 0, "datetime_start": "2023-11-07T17:22:18.014999"}
{"op_code": 5, "worker_id": "b2299bbb-8787-43bb-a796-41647cb27c14-47280521058048", "trial_id": 3, "param_name": "learning_rate_init", "param_value_internal": 0.08876864822649215, "distribution": "{\"name\": \"FloatDistribution\", \"attributes\": {\"step\": null, \"low\": 0.001, \"high\": 0.1, \"log\": false}}"}
{"op_code": 5, "worker_id": "b2299bbb-8787-43bb-a796-41647cb27c14-47280521058048", "trial_id": 3, "param_name": "hidden_layer_sizes", "param_value_internal": 0, "distribution": "{\"name\": \"CategoricalDistribution\", \"attributes\": {\"choices\": [[5], [10], [20], [50], [5, 5], [10, 10], [20, 20], [50, 50], [5, 5, 5], [10, 10, 10], [50, 50, 50]]}}"}
{"op_code": 6, "worker_id": "b2299bbb-8787-43bb-a796-41647cb27c14-47280521058048", "trial_id": 3, "state": 1, "values": [0.26714979546455897], "datetime_complete": "2023-11-07T17:22:19.863863"}
{"op_code": 0, "worker_id": "3d3773ef-9f74-4962-838a-ab71d05ec637-47279818202944", "study_name": "ANN", "directions": [1]}
{"op_code": 4, "worker_id": "3d3773ef-9f74-4962-838a-ab71d05ec637-47280521058048", "study_id": 0, "datetime_start": "2023-11-07T17:29:08.579652"}
{"op_code": 5, "worker_id": "3d3773ef-9f74-4962-838a-ab71d05ec637-47280521058048", "trial_id": 4, "param_name": "learning_rate_init", "param_value_internal": 0.016669648064947168, "distribution": "{\"name\": \"FloatDistribution\", \"attributes\": {\"step\": null, \"low\": 0.001, \"high\": 0.1, \"log\": false}}"}
{"op_code": 5, "worker_id": "3d3773ef-9f74-4962-838a-ab71d05ec637-47280521058048", "trial_id": 4, "param_name": "hidden_layer_sizes", "param_value_internal": 2, "distribution": "{\"name\": \"CategoricalDistribution\", \"attributes\": {\"choices\": [[5], [10], [20], [50], [5, 5], [10, 10], [20, 20], [50, 50], [5, 5, 5], [10, 10, 10], [50, 50, 50]]}}"}
{"op_code": 6, "worker_id": "3d3773ef-9f74-4962-838a-ab71d05ec637-47280521058048", "trial_id": 4, "state": 1, "values": [0.24951454690348926], "datetime_complete": "2023-11-07T17:29:10.476292"}
{"op_code": 0, "worker_id": "98a8dcad-7bce-4dec-9afa-afb272503709-47279818202944", "study_name": "ANN", "directions": [1]}
{"op_code": 4, "worker_id": "98a8dcad-7bce-4dec-9afa-afb272503709-47280521058048", "study_id": 0, "datetime_start": "2023-11-07T17:35:54.272516"}
{"op_code": 5, "worker_id": "98a8dcad-7bce-4dec-9afa-afb272503709-47280521058048", "trial_id": 5, "param_name": "learning_rate_init", "param_value_internal": 0.058074709991788306, "distribution": "{\"name\": \"FloatDistribution\", \"attributes\": {\"step\": null, \"low\": 0.001, \"high\": 0.1, \"log\": false}}"}
{"op_code": 5, "worker_id": "98a8dcad-7bce-4dec-9afa-afb272503709-47280521058048", "trial_id": 5, "param_name": "hidden_layer_sizes", "param_value_internal": 4, "distribution": "{\"name\": \"CategoricalDistribution\", \"attributes\": {\"choices\": [[5], [10], [20], [50], [5, 5], [10, 10], [20, 20], [50, 50], [5, 5, 5], [10, 10, 10], [50, 50, 50]]}}"}
{"op_code": 6, "worker_id": "98a8dcad-7bce-4dec-9afa-afb272503709-47280521058048", "trial_id": 5, "state": 1, "values": [0.2574223147193054], "datetime_complete": "2023-11-07T17:35:55.811831"}
{"op_code": 0, "worker_id": "21b81de0-779f-434e-b900-85ce8d560a64-47817365380928", "study_name": "ANN", "directions": [1]}
{"op_code": 4, "worker_id": "21b81de0-779f-434e-b900-85ce8d560a64-47818068719360", "study_id": 0, "datetime_start": "2023-11-14T14:57:00.747548"}
{"op_code": 5, "worker_id": "21b81de0-779f-434e-b900-85ce8d560a64-47818068719360", "trial_id": 6, "param_name": "learning_rate_init", "param_value_internal": 0.05451534491420222, "distribution": "{\"name\": \"FloatDistribution\", \"attributes\": {\"step\": null, \"low\": 0.001, \"high\": 0.1, \"log\": false}}"}
{"op_code": 5, "worker_id": "21b81de0-779f-434e-b900-85ce8d560a64-47818068719360", "trial_id": 6, "param_name": "hidden_layer_sizes", "param_value_internal": 7, "distribution": "{\"name\": \"CategoricalDistribution\", \"attributes\": {\"choices\": [[5], [10], [20], [50], [5, 5], [10, 10], [20, 20], [50, 50], [5, 5, 5], [10, 10, 10], [50, 50, 50]]}}"}
{"op_code": 6, "worker_id": "21b81de0-779f-434e-b900-85ce8d560a64-47818068719360", "trial_id": 6, "state": 1, "values": [0.25740715532746467], "datetime_complete": "2023-11-14T14:57:02.238027"}
{"op_code": 0, "worker_id": "6dcc5171-ea6f-4edb-bcf1-7cf7a166f2ed-47817365380928", "study_name": "ANN", "directions": [1]}
{"op_code": 4, "worker_id": "6dcc5171-ea6f-4edb-bcf1-7cf7a166f2ed-47818068719360", "study_id": 0, "datetime_start": "2023-11-14T15:03:29.342685"}
{"op_code": 5, "worker_id": "6dcc5171-ea6f-4edb-bcf1-7cf7a166f2ed-47818068719360", "trial_id": 7, "param_name": "learning_rate_init", "param_value_internal": 0.08842596844266429, "distribution": "{\"name\": \"FloatDistribution\", \"attributes\": {\"step\": null, \"low\": 0.001, \"high\": 0.1, \"log\": false}}"}
{"op_code": 5, "worker_id": "6dcc5171-ea6f-4edb-bcf1-7cf7a166f2ed-47818068719360", "trial_id": 7, "param_name": "hidden_layer_sizes", "param_value_internal": 8, "distribution": "{\"name\": \"CategoricalDistribution\", \"attributes\": {\"choices\": [[5], [10], [20], [50], [5, 5], [10, 10], [20, 20], [50, 50], [5, 5, 5], [10, 10, 10], [50, 50, 50]]}}"}
{"op_code": 6, "worker_id": "6dcc5171-ea6f-4edb-bcf1-7cf7a166f2ed-47818068719360", "trial_id": 7, "state": 1, "values": [0.2529951208357399], "datetime_complete": "2023-11-14T15:03:30.857326"}
{"op_code": 0, "worker_id": "b7b7330a-2629-4c42-83d2-8307359104f4-47817365380928", "study_name": "ANN", "directions": [1]}
{"op_code": 4, "worker_id": "b7b7330a-2629-4c42-83d2-8307359104f4-47818068719360", "study_id": 0, "datetime_start": "2023-11-14T15:10:04.580907"}
{"op_code": 5, "worker_id": "b7b7330a-2629-4c42-83d2-8307359104f4-47818068719360", "trial_id": 8, "param_name": "learning_rate_init", "param_value_internal": 0.03491434828987036, "distribution": "{\"name\": \"FloatDistribution\", \"attributes\": {\"step\": null, \"low\": 0.001, \"high\": 0.1, \"log\": false}}"}
{"op_code": 5, "worker_id": "b7b7330a-2629-4c42-83d2-8307359104f4-47818068719360", "trial_id": 8, "param_name": "hidden_layer_sizes", "param_value_internal": 6, "distribution": "{\"name\": \"CategoricalDistribution\", \"attributes\": {\"choices\": [[5], [10], [20], [50], [5, 5], [10, 10], [20, 20], [50, 50], [5, 5, 5], [10, 10, 10], [50, 50, 50]]}}"}
{"op_code": 6, "worker_id": "b7b7330a-2629-4c42-83d2-8307359104f4-47818068719360", "trial_id": 8, "state": 1, "values": [0.2038062315976115], "datetime_complete": "2023-11-14T15:10:06.192565"}
{"op_code": 0, "worker_id": "98a05caa-b062-4cbb-83a1-291379674d77-47817365380928", "study_name": "ANN", "directions": [1]}
{"op_code": 4, "worker_id": "98a05caa-b062-4cbb-83a1-291379674d77-47818068719360", "study_id": 0, "datetime_start": "2023-11-14T15:16:41.496509"}
{"op_code": 5, "worker_id": "98a05caa-b062-4cbb-83a1-291379674d77-47818068719360", "trial_id": 9, "param_name": "learning_rate_init", "param_value_internal": 0.05266835238918059, "distribution": "{\"name\": \"FloatDistribution\", \"attributes\": {\"step\": null, \"low\": 0.001, \"high\": 0.1, \"log\": false}}"}
{"op_code": 5, "worker_id": "98a05caa-b062-4cbb-83a1-291379674d77-47818068719360", "trial_id": 9, "param_name": "hidden_layer_sizes", "param_value_internal": 7, "distribution": "{\"name\": \"CategoricalDistribution\", \"attributes\": {\"choices\": [[5], [10], [20], [50], [5, 5], [10, 10], [20, 20], [50, 50], [5, 5, 5], [10, 10, 10], [50, 50, 50]]}}"}
{"op_code": 6, "worker_id": "98a05caa-b062-4cbb-83a1-291379674d77-47818068719360", "trial_id": 9, "state": 1, "values": [0.24694227131107802], "datetime_complete": "2023-11-14T15:16:43.092525"}
{"op_code": 0, "worker_id": "fe5b2e5f-bdee-49ab-be54-f4edab3ad367-47817365380928", "study_name": "ANN", "directions": [1]}
{"op_code": 4, "worker_id": "fe5b2e5f-bdee-49ab-be54-f4edab3ad367-47818068719360", "study_id": 0, "datetime_start": "2023-11-14T15:23:19.610896"}
{"op_code": 5, "worker_id": "fe5b2e5f-bdee-49ab-be54-f4edab3ad367-47818068719360", "trial_id": 10, "param_name": "learning_rate_init", "param_value_internal": 0.030393912746875022, "distribution": "{\"name\": \"FloatDistribution\", \"attributes\": {\"step\": null, \"low\": 0.001, \"high\": 0.1, \"log\": false}}"}
{"op_code": 5, "worker_id": "fe5b2e5f-bdee-49ab-be54-f4edab3ad367-47818068719360", "trial_id": 10, "param_name": "hidden_layer_sizes", "param_value_internal": 6, "distribution": "{\"name\": \"CategoricalDistribution\", \"attributes\": {\"choices\": [[5], [10], [20], [50], [5, 5], [10, 10], [20, 20], [50, 50], [5, 5, 5], [10, 10, 10], [50, 50, 50]]}}"}
{"op_code": 6, "worker_id": "fe5b2e5f-bdee-49ab-be54-f4edab3ad367-47818068719360", "trial_id": 10, "state": 1, "values": [0.2487012333220028], "datetime_complete": "2023-11-14T15:23:21.077733"}
