{"op_code": 0, "worker_id": "0c01b2d1-969c-475a-8f55-7c226421a5e1-47614746832704", "study_name": "GB", "directions": [1]}
{"op_code": 4, "worker_id": "0c01b2d1-969c-475a-8f55-7c226421a5e1-47615450679040", "study_id": 0, "datetime_start": "2023-11-07T07:01:06.163486"}
{"op_code": 5, "worker_id": "0c01b2d1-969c-475a-8f55-7c226421a5e1-47615450679040", "trial_id": 0, "param_name": "n_estimators", "param_value_internal": 1, "distribution": "{\"name\": \"CategoricalDistribution\", \"attributes\": {\"choices\": [10, 20, 50, 200, 500]}}"}
{"op_code": 5, "worker_id": "0c01b2d1-969c-475a-8f55-7c226421a5e1-47615450679040", "trial_id": 0, "param_name": "learning_rate", "param_value_internal": 0.7500582789287965, "distribution": "{\"name\": \"FloatDistribution\", \"attributes\": {\"step\": null, \"low\": 0.005, \"high\": 1.0, \"log\": false}}"}
{"op_code": 5, "worker_id": "0c01b2d1-969c-475a-8f55-7c226421a5e1-47615450679040", "trial_id": 0, "param_name": "max_depth", "param_value_internal": 1, "distribution": "{\"name\": \"CategoricalDistribution\", \"attributes\": {\"choices\": [1, 2, 3, 4, 5]}}"}
{"op_code": 6, "worker_id": "0c01b2d1-969c-475a-8f55-7c226421a5e1-47615450679040", "trial_id": 0, "state": 1, "values": [0.10324836117333373], "datetime_complete": "2023-11-07T07:01:07.456021"}
{"op_code": 0, "worker_id": "5393dd59-f53e-4a1b-a95c-815da7fda79a-47279818202944", "study_name": "GB", "directions": [1]}
{"op_code": 4, "worker_id": "5393dd59-f53e-4a1b-a95c-815da7fda79a-47280521058048", "study_id": 0, "datetime_start": "2023-11-07T17:08:42.312627"}
{"op_code": 5, "worker_id": "5393dd59-f53e-4a1b-a95c-815da7fda79a-47280521058048", "trial_id": 1, "param_name": "n_estimators", "param_value_internal": 1, "distribution": "{\"name\": \"CategoricalDistribution\", \"attributes\": {\"choices\": [10, 20, 50, 200, 500]}}"}
{"op_code": 5, "worker_id": "5393dd59-f53e-4a1b-a95c-815da7fda79a-47280521058048", "trial_id": 1, "param_name": "learning_rate", "param_value_internal": 0.43621302087042224, "distribution": "{\"name\": \"FloatDistribution\", \"attributes\": {\"step\": null, \"low\": 0.005, \"high\": 1.0, \"log\": false}}"}
{"op_code": 5, "worker_id": "5393dd59-f53e-4a1b-a95c-815da7fda79a-47280521058048", "trial_id": 1, "param_name": "max_depth", "param_value_internal": 3, "distribution": "{\"name\": \"CategoricalDistribution\", \"attributes\": {\"choices\": [1, 2, 3, 4, 5]}}"}
{"op_code": 6, "worker_id": "5393dd59-f53e-4a1b-a95c-815da7fda79a-47280521058048", "trial_id": 1, "state": 1, "values": [0.15461286119072667], "datetime_complete": "2023-11-07T17:08:43.588065"}
{"op_code": 0, "worker_id": "491d1e1c-cfca-42f9-8a00-f8d10c6d46bf-47279818202944", "study_name": "GB", "directions": [1]}
{"op_code": 4, "worker_id": "491d1e1c-cfca-42f9-8a00-f8d10c6d46bf-47280521058048", "study_id": 0, "datetime_start": "2023-11-07T17:15:26.488906"}
{"op_code": 5, "worker_id": "491d1e1c-cfca-42f9-8a00-f8d10c6d46bf-47280521058048", "trial_id": 2, "param_name": "n_estimators", "param_value_internal": 4, "distribution": "{\"name\": \"CategoricalDistribution\", \"attributes\": {\"choices\": [10, 20, 50, 200, 500]}}"}
{"op_code": 5, "worker_id": "491d1e1c-cfca-42f9-8a00-f8d10c6d46bf-47280521058048", "trial_id": 2, "param_name": "learning_rate", "param_value_internal": 0.4966737444025495, "distribution": "{\"name\": \"FloatDistribution\", \"attributes\": {\"step\": null, \"low\": 0.005, \"high\": 1.0, \"log\": false}}"}
{"op_code": 5, "worker_id": "491d1e1c-cfca-42f9-8a00-f8d10c6d46bf-47280521058048", "trial_id": 2, "param_name": "max_depth", "param_value_internal": 0, "distribution": "{\"name\": \"CategoricalDistribution\", \"attributes\": {\"choices\": [1, 2, 3, 4, 5]}}"}
{"op_code": 6, "worker_id": "491d1e1c-cfca-42f9-8a00-f8d10c6d46bf-47280521058048", "trial_id": 2, "state": 1, "values": [0.12612633967275041], "datetime_complete": "2023-11-07T17:15:27.762554"}
{"op_code": 0, "worker_id": "e6abad61-8a16-4c54-9c76-c5783146f852-47279818202944", "study_name": "GB", "directions": [1]}
{"op_code": 4, "worker_id": "e6abad61-8a16-4c54-9c76-c5783146f852-47280521058048", "study_id": 0, "datetime_start": "2023-11-07T17:22:13.768555"}
{"op_code": 5, "worker_id": "e6abad61-8a16-4c54-9c76-c5783146f852-47280521058048", "trial_id": 3, "param_name": "n_estimators", "param_value_internal": 1, "distribution": "{\"name\": \"CategoricalDistribution\", \"attributes\": {\"choices\": [10, 20, 50, 200, 500]}}"}
{"op_code": 5, "worker_id": "e6abad61-8a16-4c54-9c76-c5783146f852-47280521058048", "trial_id": 3, "param_name": "learning_rate", "param_value_internal": 0.5972433366982403, "distribution": "{\"name\": \"FloatDistribution\", \"attributes\": {\"step\": null, \"low\": 0.005, \"high\": 1.0, \"log\": false}}"}
{"op_code": 5, "worker_id": "e6abad61-8a16-4c54-9c76-c5783146f852-47280521058048", "trial_id": 3, "param_name": "max_depth", "param_value_internal": 1, "distribution": "{\"name\": \"CategoricalDistribution\", \"attributes\": {\"choices\": [1, 2, 3, 4, 5]}}"}
{"op_code": 6, "worker_id": "e6abad61-8a16-4c54-9c76-c5783146f852-47280521058048", "trial_id": 3, "state": 1, "values": [0.11390374404191177], "datetime_complete": "2023-11-07T17:22:15.046033"}
{"op_code": 0, "worker_id": "58d65e01-b281-4c61-9902-7f0c039dee8d-47279818202944", "study_name": "GB", "directions": [1]}
{"op_code": 4, "worker_id": "58d65e01-b281-4c61-9902-7f0c039dee8d-47280521058048", "study_id": 0, "datetime_start": "2023-11-07T17:29:04.268764"}
{"op_code": 5, "worker_id": "58d65e01-b281-4c61-9902-7f0c039dee8d-47280521058048", "trial_id": 4, "param_name": "n_estimators", "param_value_internal": 3, "distribution": "{\"name\": \"CategoricalDistribution\", \"attributes\": {\"choices\": [10, 20, 50, 200, 500]}}"}
{"op_code": 5, "worker_id": "58d65e01-b281-4c61-9902-7f0c039dee8d-47280521058048", "trial_id": 4, "param_name": "learning_rate", "param_value_internal": 0.9960812468101133, "distribution": "{\"name\": \"FloatDistribution\", \"attributes\": {\"step\": null, \"low\": 0.005, \"high\": 1.0, \"log\": false}}"}
{"op_code": 5, "worker_id": "58d65e01-b281-4c61-9902-7f0c039dee8d-47280521058048", "trial_id": 4, "param_name": "max_depth", "param_value_internal": 2, "distribution": "{\"name\": \"CategoricalDistribution\", \"attributes\": {\"choices\": [1, 2, 3, 4, 5]}}"}
{"op_code": 6, "worker_id": "58d65e01-b281-4c61-9902-7f0c039dee8d-47280521058048", "trial_id": 4, "state": 1, "values": [0.1572673145445879], "datetime_complete": "2023-11-07T17:29:05.611137"}
{"op_code": 0, "worker_id": "cdddfaa9-14cc-4607-a43b-45a5bc13b240-47279818202944", "study_name": "GB", "directions": [1]}
{"op_code": 4, "worker_id": "cdddfaa9-14cc-4607-a43b-45a5bc13b240-47280521058048", "study_id": 0, "datetime_start": "2023-11-07T17:35:50.086514"}
{"op_code": 5, "worker_id": "cdddfaa9-14cc-4607-a43b-45a5bc13b240-47280521058048", "trial_id": 5, "param_name": "n_estimators", "param_value_internal": 2, "distribution": "{\"name\": \"CategoricalDistribution\", \"attributes\": {\"choices\": [10, 20, 50, 200, 500]}}"}
{"op_code": 5, "worker_id": "cdddfaa9-14cc-4607-a43b-45a5bc13b240-47280521058048", "trial_id": 5, "param_name": "learning_rate", "param_value_internal": 0.07887944416179489, "distribution": "{\"name\": \"FloatDistribution\", \"attributes\": {\"step\": null, \"low\": 0.005, \"high\": 1.0, \"log\": false}}"}
{"op_code": 5, "worker_id": "cdddfaa9-14cc-4607-a43b-45a5bc13b240-47280521058048", "trial_id": 5, "param_name": "max_depth", "param_value_internal": 3, "distribution": "{\"name\": \"CategoricalDistribution\", \"attributes\": {\"choices\": [1, 2, 3, 4, 5]}}"}
{"op_code": 6, "worker_id": "cdddfaa9-14cc-4607-a43b-45a5bc13b240-47280521058048", "trial_id": 5, "state": 1, "values": [0.14765887618466939], "datetime_complete": "2023-11-07T17:35:51.363853"}
{"op_code": 0, "worker_id": "c8d10074-06f7-47b9-8180-571f79087245-47817365380928", "study_name": "GB", "directions": [1]}
{"op_code": 4, "worker_id": "c8d10074-06f7-47b9-8180-571f79087245-47818068719360", "study_id": 0, "datetime_start": "2023-11-14T14:56:56.490579"}
{"op_code": 5, "worker_id": "c8d10074-06f7-47b9-8180-571f79087245-47818068719360", "trial_id": 6, "param_name": "n_estimators", "param_value_internal": 4, "distribution": "{\"name\": \"CategoricalDistribution\", \"attributes\": {\"choices\": [10, 20, 50, 200, 500]}}"}
{"op_code": 5, "worker_id": "c8d10074-06f7-47b9-8180-571f79087245-47818068719360", "trial_id": 6, "param_name": "learning_rate", "param_value_internal": 0.0135898155154131, "distribution": "{\"name\": \"FloatDistribution\", \"attributes\": {\"step\": null, \"low\": 0.005, \"high\": 1.0, \"log\": false}}"}
{"op_code": 5, "worker_id": "c8d10074-06f7-47b9-8180-571f79087245-47818068719360", "trial_id": 6, "param_name": "max_depth", "param_value_internal": 0, "distribution": "{\"name\": \"CategoricalDistribution\", \"attributes\": {\"choices\": [1, 2, 3, 4, 5]}}"}
{"op_code": 6, "worker_id": "c8d10074-06f7-47b9-8180-571f79087245-47818068719360", "trial_id": 6, "state": 1, "values": [0.11582876644827678], "datetime_complete": "2023-11-14T14:56:57.790962"}
{"op_code": 0, "worker_id": "1fbfbc03-85bc-4c27-8e2f-e770a98fca9a-47817365380928", "study_name": "GB", "directions": [1]}
{"op_code": 4, "worker_id": "1fbfbc03-85bc-4c27-8e2f-e770a98fca9a-47818068719360", "study_id": 0, "datetime_start": "2023-11-14T15:03:25.116352"}
{"op_code": 5, "worker_id": "1fbfbc03-85bc-4c27-8e2f-e770a98fca9a-47818068719360", "trial_id": 7, "param_name": "n_estimators", "param_value_internal": 0, "distribution": "{\"name\": \"CategoricalDistribution\", \"attributes\": {\"choices\": [10, 20, 50, 200, 500]}}"}
{"op_code": 5, "worker_id": "1fbfbc03-85bc-4c27-8e2f-e770a98fca9a-47818068719360", "trial_id": 7, "param_name": "learning_rate", "param_value_internal": 0.050950556313275, "distribution": "{\"name\": \"FloatDistribution\", \"attributes\": {\"step\": null, \"low\": 0.005, \"high\": 1.0, \"log\": false}}"}
{"op_code": 5, "worker_id": "1fbfbc03-85bc-4c27-8e2f-e770a98fca9a-47818068719360", "trial_id": 7, "param_name": "max_depth", "param_value_internal": 1, "distribution": "{\"name\": \"CategoricalDistribution\", \"attributes\": {\"choices\": [1, 2, 3, 4, 5]}}"}
{"op_code": 6, "worker_id": "1fbfbc03-85bc-4c27-8e2f-e770a98fca9a-47818068719360", "trial_id": 7, "state": 1, "values": [0.13319513541441397], "datetime_complete": "2023-11-14T15:03:26.394329"}
{"op_code": 0, "worker_id": "3cdbc2ed-bf51-4407-b87c-764ea9ceb4b7-47817365380928", "study_name": "GB", "directions": [1]}
{"op_code": 4, "worker_id": "3cdbc2ed-bf51-4407-b87c-764ea9ceb4b7-47818068719360", "study_id": 0, "datetime_start": "2023-11-14T15:10:00.291494"}
{"op_code": 5, "worker_id": "3cdbc2ed-bf51-4407-b87c-764ea9ceb4b7-47818068719360", "trial_id": 8, "param_name": "n_estimators", "param_value_internal": 2, "distribution": "{\"name\": \"CategoricalDistribution\", \"attributes\": {\"choices\": [10, 20, 50, 200, 500]}}"}
{"op_code": 5, "worker_id": "3cdbc2ed-bf51-4407-b87c-764ea9ceb4b7-47818068719360", "trial_id": 8, "param_name": "learning_rate", "param_value_internal": 0.914214085486448, "distribution": "{\"name\": \"FloatDistribution\", \"attributes\": {\"step\": null, \"low\": 0.005, \"high\": 1.0, \"log\": false}}"}
{"op_code": 5, "worker_id": "3cdbc2ed-bf51-4407-b87c-764ea9ceb4b7-47818068719360", "trial_id": 8, "param_name": "max_depth", "param_value_internal": 0, "distribution": "{\"name\": \"CategoricalDistribution\", \"attributes\": {\"choices\": [1, 2, 3, 4, 5]}}"}
{"op_code": 6, "worker_id": "3cdbc2ed-bf51-4407-b87c-764ea9ceb4b7-47818068719360", "trial_id": 8, "state": 1, "values": [0.15340978622591903], "datetime_complete": "2023-11-14T15:10:01.629321"}
{"op_code": 0, "worker_id": "066ced0f-08ef-4f09-9075-9c27039a16cc-47817365380928", "study_name": "GB", "directions": [1]}
{"op_code": 4, "worker_id": "066ced0f-08ef-4f09-9075-9c27039a16cc-47818068719360", "study_id": 0, "datetime_start": "2023-11-14T15:16:37.241148"}
{"op_code": 5, "worker_id": "066ced0f-08ef-4f09-9075-9c27039a16cc-47818068719360", "trial_id": 9, "param_name": "n_estimators", "param_value_internal": 1, "distribution": "{\"name\": \"CategoricalDistribution\", \"attributes\": {\"choices\": [10, 20, 50, 200, 500]}}"}
{"op_code": 5, "worker_id": "066ced0f-08ef-4f09-9075-9c27039a16cc-47818068719360", "trial_id": 9, "param_name": "learning_rate", "param_value_internal": 0.6179671323625197, "distribution": "{\"name\": \"FloatDistribution\", \"attributes\": {\"step\": null, \"low\": 0.005, \"high\": 1.0, \"log\": false}}"}
{"op_code": 5, "worker_id": "066ced0f-08ef-4f09-9075-9c27039a16cc-47818068719360", "trial_id": 9, "param_name": "max_depth", "param_value_internal": 4, "distribution": "{\"name\": \"CategoricalDistribution\", \"attributes\": {\"choices\": [1, 2, 3, 4, 5]}}"}
{"op_code": 6, "worker_id": "066ced0f-08ef-4f09-9075-9c27039a16cc-47818068719360", "trial_id": 9, "state": 1, "values": [0.1380456331778154], "datetime_complete": "2023-11-14T15:16:38.523026"}
{"op_code": 0, "worker_id": "374f5b82-761b-4629-a038-626afe9e103d-47817365380928", "study_name": "GB", "directions": [1]}
{"op_code": 4, "worker_id": "374f5b82-761b-4629-a038-626afe9e103d-47818068719360", "study_id": 0, "datetime_start": "2023-11-14T15:23:15.327326"}
{"op_code": 5, "worker_id": "374f5b82-761b-4629-a038-626afe9e103d-47818068719360", "trial_id": 10, "param_name": "n_estimators", "param_value_internal": 0, "distribution": "{\"name\": \"CategoricalDistribution\", \"attributes\": {\"choices\": [10, 20, 50, 200, 500]}}"}
{"op_code": 5, "worker_id": "374f5b82-761b-4629-a038-626afe9e103d-47818068719360", "trial_id": 10, "param_name": "learning_rate", "param_value_internal": 0.8717879779729333, "distribution": "{\"name\": \"FloatDistribution\", \"attributes\": {\"step\": null, \"low\": 0.005, \"high\": 1.0, \"log\": false}}"}
{"op_code": 5, "worker_id": "374f5b82-761b-4629-a038-626afe9e103d-47818068719360", "trial_id": 10, "param_name": "max_depth", "param_value_internal": 1, "distribution": "{\"name\": \"CategoricalDistribution\", \"attributes\": {\"choices\": [1, 2, 3, 4, 5]}}"}
{"op_code": 6, "worker_id": "374f5b82-761b-4629-a038-626afe9e103d-47818068719360", "trial_id": 10, "state": 1, "values": [0.128924818057207], "datetime_complete": "2023-11-14T15:23:16.646638"}
