{"op_code": 0, "worker_id": "a03cde5b-062b-49f7-825e-06a81b48282e-47614746832704", "study_name": "KRR", "directions": [1]}
{"op_code": 4, "worker_id": "a03cde5b-062b-49f7-825e-06a81b48282e-47615450679040", "study_id": 0, "datetime_start": "2023-11-07T07:01:06.112427"}
{"op_code": 5, "worker_id": "a03cde5b-062b-49f7-825e-06a81b48282e-47615450679040", "trial_id": 0, "param_name": "alpha", "param_value_internal": 0.9931103258593889, "distribution": "{\"name\": \"FloatDistribution\", \"attributes\": {\"step\": null, \"low\": 0.0001, \"high\": 1.0, \"log\": false}}"}
{"op_code": 5, "worker_id": "a03cde5b-062b-49f7-825e-06a81b48282e-47615450679040", "trial_id": 0, "param_name": "gamma", "param_value_internal": 7.954842994140757e-15, "distribution": "{\"name\": \"FloatDistribution\", \"attributes\": {\"step\": null, \"low\": 0.0, \"high\": 1e-14, \"log\": false}}"}
{"op_code": 5, "worker_id": "a03cde5b-062b-49f7-825e-06a81b48282e-47615450679040", "trial_id": 0, "param_name": "kernel", "param_value_internal": 1, "distribution": "{\"name\": \"CategoricalDistribution\", \"attributes\": {\"choices\": [\"linear\", \"laplacian\", \"rbf\"]}}"}
{"op_code": 6, "worker_id": "a03cde5b-062b-49f7-825e-06a81b48282e-47615450679040", "trial_id": 0, "state": 1, "values": [0.17160099741555582], "datetime_complete": "2023-11-07T07:01:06.150939"}
{"op_code": 0, "worker_id": "89f11c5c-8b0f-4791-9800-78df53361c3e-47279818202944", "study_name": "KRR", "directions": [1]}
{"op_code": 4, "worker_id": "89f11c5c-8b0f-4791-9800-78df53361c3e-47280521058048", "study_id": 0, "datetime_start": "2023-11-07T17:08:42.270024"}
{"op_code": 5, "worker_id": "89f11c5c-8b0f-4791-9800-78df53361c3e-47280521058048", "trial_id": 1, "param_name": "alpha", "param_value_internal": 0.1299572518722846, "distribution": "{\"name\": \"FloatDistribution\", \"attributes\": {\"step\": null, \"low\": 0.0001, \"high\": 1.0, \"log\": false}}"}
{"op_code": 5, "worker_id": "89f11c5c-8b0f-4791-9800-78df53361c3e-47280521058048", "trial_id": 1, "param_name": "gamma", "param_value_internal": 8.475198484929381e-15, "distribution": "{\"name\": \"FloatDistribution\", \"attributes\": {\"step\": null, \"low\": 0.0, \"high\": 1e-14, \"log\": false}}"}
{"op_code": 5, "worker_id": "89f11c5c-8b0f-4791-9800-78df53361c3e-47280521058048", "trial_id": 1, "param_name": "kernel", "param_value_internal": 2, "distribution": "{\"name\": \"CategoricalDistribution\", \"attributes\": {\"choices\": [\"linear\", \"laplacian\", \"rbf\"]}}"}
{"op_code": 6, "worker_id": "89f11c5c-8b0f-4791-9800-78df53361c3e-47280521058048", "trial_id": 1, "state": 1, "values": [0.14728674332771385], "datetime_complete": "2023-11-07T17:08:42.303237"}
{"op_code": 0, "worker_id": "88c87a3b-37d8-498d-88c4-a38767a7e6e3-47279818202944", "study_name": "KRR", "directions": [1]}
{"op_code": 4, "worker_id": "88c87a3b-37d8-498d-88c4-a38767a7e6e3-47280521058048", "study_id": 0, "datetime_start": "2023-11-07T17:15:26.443373"}
{"op_code": 5, "worker_id": "88c87a3b-37d8-498d-88c4-a38767a7e6e3-47280521058048", "trial_id": 2, "param_name": "alpha", "param_value_internal": 0.00927211531835612, "distribution": "{\"name\": \"FloatDistribution\", \"attributes\": {\"step\": null, \"low\": 0.0001, \"high\": 1.0, \"log\": false}}"}
{"op_code": 5, "worker_id": "88c87a3b-37d8-498d-88c4-a38767a7e6e3-47280521058048", "trial_id": 2, "param_name": "gamma", "param_value_internal": 2.2195428839641586e-15, "distribution": "{\"name\": \"FloatDistribution\", \"attributes\": {\"step\": null, \"low\": 0.0, \"high\": 1e-14, \"log\": false}}"}
{"op_code": 5, "worker_id": "88c87a3b-37d8-498d-88c4-a38767a7e6e3-47280521058048", "trial_id": 2, "param_name": "kernel", "param_value_internal": 1, "distribution": "{\"name\": \"CategoricalDistribution\", \"attributes\": {\"choices\": [\"linear\", \"laplacian\", \"rbf\"]}}"}
{"op_code": 6, "worker_id": "88c87a3b-37d8-498d-88c4-a38767a7e6e3-47280521058048", "trial_id": 2, "state": 1, "values": [0.13967776073074545], "datetime_complete": "2023-11-07T17:15:26.479786"}
{"op_code": 0, "worker_id": "f165143b-413b-44e1-9296-97dd2b6ae829-47279818202944", "study_name": "KRR", "directions": [1]}
{"op_code": 4, "worker_id": "f165143b-413b-44e1-9296-97dd2b6ae829-47280521058048", "study_id": 0, "datetime_start": "2023-11-07T17:22:13.720552"}
{"op_code": 5, "worker_id": "f165143b-413b-44e1-9296-97dd2b6ae829-47280521058048", "trial_id": 3, "param_name": "alpha", "param_value_internal": 0.5227010265440184, "distribution": "{\"name\": \"FloatDistribution\", \"attributes\": {\"step\": null, \"low\": 0.0001, \"high\": 1.0, \"log\": false}}"}
{"op_code": 5, "worker_id": "f165143b-413b-44e1-9296-97dd2b6ae829-47280521058048", "trial_id": 3, "param_name": "gamma", "param_value_internal": 5.1992037533728796e-15, "distribution": "{\"name\": \"FloatDistribution\", \"attributes\": {\"step\": null, \"low\": 0.0, \"high\": 1e-14, \"log\": false}}"}
{"op_code": 5, "worker_id": "f165143b-413b-44e1-9296-97dd2b6ae829-47280521058048", "trial_id": 3, "param_name": "kernel", "param_value_internal": 2, "distribution": "{\"name\": \"CategoricalDistribution\", \"attributes\": {\"choices\": [\"linear\", \"laplacian\", \"rbf\"]}}"}
{"op_code": 6, "worker_id": "f165143b-413b-44e1-9296-97dd2b6ae829-47280521058048", "trial_id": 3, "state": 1, "values": [0.1499490663807542], "datetime_complete": "2023-11-07T17:22:13.756140"}
{"op_code": 0, "worker_id": "e01704ac-4d22-40f9-be45-8c60ffbecd50-47279818202944", "study_name": "KRR", "directions": [1]}
{"op_code": 4, "worker_id": "e01704ac-4d22-40f9-be45-8c60ffbecd50-47280521058048", "study_id": 0, "datetime_start": "2023-11-07T17:29:04.193133"}
{"op_code": 5, "worker_id": "e01704ac-4d22-40f9-be45-8c60ffbecd50-47280521058048", "trial_id": 4, "param_name": "alpha", "param_value_internal": 0.8675887113894024, "distribution": "{\"name\": \"FloatDistribution\", \"attributes\": {\"step\": null, \"low\": 0.0001, \"high\": 1.0, \"log\": false}}"}
{"op_code": 5, "worker_id": "e01704ac-4d22-40f9-be45-8c60ffbecd50-47280521058048", "trial_id": 4, "param_name": "gamma", "param_value_internal": 7.744859284293017e-15, "distribution": "{\"name\": \"FloatDistribution\", \"attributes\": {\"step\": null, \"low\": 0.0, \"high\": 1e-14, \"log\": false}}"}
{"op_code": 5, "worker_id": "e01704ac-4d22-40f9-be45-8c60ffbecd50-47280521058048", "trial_id": 4, "param_name": "kernel", "param_value_internal": 0, "distribution": "{\"name\": \"CategoricalDistribution\", \"attributes\": {\"choices\": [\"linear\", \"laplacian\", \"rbf\"]}}"}
{"op_code": 6, "worker_id": "e01704ac-4d22-40f9-be45-8c60ffbecd50-47280521058048", "trial_id": 4, "state": 1, "values": [0.16103804476499503], "datetime_complete": "2023-11-07T17:29:04.250070"}
{"op_code": 0, "worker_id": "6140e442-4a00-4ea3-89eb-b96b947905b2-47279818202944", "study_name": "KRR", "directions": [1]}
{"op_code": 4, "worker_id": "6140e442-4a00-4ea3-89eb-b96b947905b2-47280521058048", "study_id": 0, "datetime_start": "2023-11-07T17:35:50.042692"}
{"op_code": 5, "worker_id": "6140e442-4a00-4ea3-89eb-b96b947905b2-47280521058048", "trial_id": 5, "param_name": "alpha", "param_value_internal": 0.04933029279116332, "distribution": "{\"name\": \"FloatDistribution\", \"attributes\": {\"step\": null, \"low\": 0.0001, \"high\": 1.0, \"log\": false}}"}
{"op_code": 5, "worker_id": "6140e442-4a00-4ea3-89eb-b96b947905b2-47280521058048", "trial_id": 5, "param_name": "gamma", "param_value_internal": 4.889452358614591e-15, "distribution": "{\"name\": \"FloatDistribution\", \"attributes\": {\"step\": null, \"low\": 0.0, \"high\": 1e-14, \"log\": false}}"}
{"op_code": 5, "worker_id": "6140e442-4a00-4ea3-89eb-b96b947905b2-47280521058048", "trial_id": 5, "param_name": "kernel", "param_value_internal": 1, "distribution": "{\"name\": \"CategoricalDistribution\", \"attributes\": {\"choices\": [\"linear\", \"laplacian\", \"rbf\"]}}"}
{"op_code": 6, "worker_id": "6140e442-4a00-4ea3-89eb-b96b947905b2-47280521058048", "trial_id": 5, "state": 1, "values": [0.1459018563744187], "datetime_complete": "2023-11-07T17:35:50.076793"}
{"op_code": 0, "worker_id": "d33570ca-5dc9-48fa-9da5-2f106ed079c1-47817365380928", "study_name": "KRR", "directions": [1]}
{"op_code": 4, "worker_id": "d33570ca-5dc9-48fa-9da5-2f106ed079c1-47818068719360", "study_id": 0, "datetime_start": "2023-11-14T14:56:56.406448"}
{"op_code": 5, "worker_id": "d33570ca-5dc9-48fa-9da5-2f106ed079c1-47818068719360", "trial_id": 6, "param_name": "alpha", "param_value_internal": 0.7650169373454063, "distribution": "{\"name\": \"FloatDistribution\", \"attributes\": {\"step\": null, \"low\": 0.0001, \"high\": 1.0, \"log\": false}}"}
{"op_code": 5, "worker_id": "d33570ca-5dc9-48fa-9da5-2f106ed079c1-47818068719360", "trial_id": 6, "param_name": "gamma", "param_value_internal": 2.133030926271623e-15, "distribution": "{\"name\": \"FloatDistribution\", \"attributes\": {\"step\": null, \"low\": 0.0, \"high\": 1e-14, \"log\": false}}"}
{"op_code": 5, "worker_id": "d33570ca-5dc9-48fa-9da5-2f106ed079c1-47818068719360", "trial_id": 6, "param_name": "kernel", "param_value_internal": 0, "distribution": "{\"name\": \"CategoricalDistribution\", \"attributes\": {\"choices\": [\"linear\", \"laplacian\", \"rbf\"]}}"}
{"op_code": 6, "worker_id": "d33570ca-5dc9-48fa-9da5-2f106ed079c1-47818068719360", "trial_id": 6, "state": 1, "values": [0.156459885498589], "datetime_complete": "2023-11-14T14:56:56.469024"}
{"op_code": 0, "worker_id": "a54eff93-55fd-462b-83bd-2271ae7ba9c5-47817365380928", "study_name": "KRR", "directions": [1]}
{"op_code": 4, "worker_id": "a54eff93-55fd-462b-83bd-2271ae7ba9c5-47818068719360", "study_id": 0, "datetime_start": "2023-11-14T15:03:25.069369"}
{"op_code": 5, "worker_id": "a54eff93-55fd-462b-83bd-2271ae7ba9c5-47818068719360", "trial_id": 7, "param_name": "alpha", "param_value_internal": 0.8872776504881549, "distribution": "{\"name\": \"FloatDistribution\", \"attributes\": {\"step\": null, \"low\": 0.0001, \"high\": 1.0, \"log\": false}}"}
{"op_code": 5, "worker_id": "a54eff93-55fd-462b-83bd-2271ae7ba9c5-47818068719360", "trial_id": 7, "param_name": "gamma", "param_value_internal": 5.992279591756332e-15, "distribution": "{\"name\": \"FloatDistribution\", \"attributes\": {\"step\": null, \"low\": 0.0, \"high\": 1e-14, \"log\": false}}"}
{"op_code": 5, "worker_id": "a54eff93-55fd-462b-83bd-2271ae7ba9c5-47818068719360", "trial_id": 7, "param_name": "kernel", "param_value_internal": 0, "distribution": "{\"name\": \"CategoricalDistribution\", \"attributes\": {\"choices\": [\"linear\", \"laplacian\", \"rbf\"]}}"}
{"op_code": 6, "worker_id": "a54eff93-55fd-462b-83bd-2271ae7ba9c5-47818068719360", "trial_id": 7, "state": 1, "values": [0.14662668548966337], "datetime_complete": "2023-11-14T15:03:25.104732"}
{"op_code": 0, "worker_id": "c9da62be-b1b3-47e4-9342-22e182858a0d-47817365380928", "study_name": "KRR", "directions": [1]}
{"op_code": 4, "worker_id": "c9da62be-b1b3-47e4-9342-22e182858a0d-47818068719360", "study_id": 0, "datetime_start": "2023-11-14T15:10:00.203731"}
{"op_code": 5, "worker_id": "c9da62be-b1b3-47e4-9342-22e182858a0d-47818068719360", "trial_id": 8, "param_name": "alpha", "param_value_internal": 0.7330441513833985, "distribution": "{\"name\": \"FloatDistribution\", \"attributes\": {\"step\": null, \"low\": 0.0001, \"high\": 1.0, \"log\": false}}"}
{"op_code": 5, "worker_id": "c9da62be-b1b3-47e4-9342-22e182858a0d-47818068719360", "trial_id": 8, "param_name": "gamma", "param_value_internal": 8.455369364634063e-15, "distribution": "{\"name\": \"FloatDistribution\", \"attributes\": {\"step\": null, \"low\": 0.0, \"high\": 1e-14, \"log\": false}}"}
{"op_code": 5, "worker_id": "c9da62be-b1b3-47e4-9342-22e182858a0d-47818068719360", "trial_id": 8, "param_name": "kernel", "param_value_internal": 2, "distribution": "{\"name\": \"CategoricalDistribution\", \"attributes\": {\"choices\": [\"linear\", \"laplacian\", \"rbf\"]}}"}
{"op_code": 6, "worker_id": "c9da62be-b1b3-47e4-9342-22e182858a0d-47818068719360", "trial_id": 8, "state": 1, "values": [0.15999387314320015], "datetime_complete": "2023-11-14T15:10:00.267869"}
{"op_code": 0, "worker_id": "4a704c81-2c4c-4e91-973b-cd8a040569a3-47817365380928", "study_name": "KRR", "directions": [1]}
{"op_code": 4, "worker_id": "4a704c81-2c4c-4e91-973b-cd8a040569a3-47818068719360", "study_id": 0, "datetime_start": "2023-11-14T15:16:37.190570"}
{"op_code": 5, "worker_id": "4a704c81-2c4c-4e91-973b-cd8a040569a3-47818068719360", "trial_id": 9, "param_name": "alpha", "param_value_internal": 0.3568115244361204, "distribution": "{\"name\": \"FloatDistribution\", \"attributes\": {\"step\": null, \"low\": 0.0001, \"high\": 1.0, \"log\": false}}"}
{"op_code": 5, "worker_id": "4a704c81-2c4c-4e91-973b-cd8a040569a3-47818068719360", "trial_id": 9, "param_name": "gamma", "param_value_internal": 5.95880098451343e-15, "distribution": "{\"name\": \"FloatDistribution\", \"attributes\": {\"step\": null, \"low\": 0.0, \"high\": 1e-14, \"log\": false}}"}
{"op_code": 5, "worker_id": "4a704c81-2c4c-4e91-973b-cd8a040569a3-47818068719360", "trial_id": 9, "param_name": "kernel", "param_value_internal": 0, "distribution": "{\"name\": \"CategoricalDistribution\", \"attributes\": {\"choices\": [\"linear\", \"laplacian\", \"rbf\"]}}"}
{"op_code": 6, "worker_id": "4a704c81-2c4c-4e91-973b-cd8a040569a3-47818068719360", "trial_id": 9, "state": 1, "values": [0.15713734700990753], "datetime_complete": "2023-11-14T15:16:37.228906"}
{"op_code": 0, "worker_id": "75e854aa-121f-439d-bef5-dd15e8a1d753-47817365380928", "study_name": "KRR", "directions": [1]}
{"op_code": 4, "worker_id": "75e854aa-121f-439d-bef5-dd15e8a1d753-47818068719360", "study_id": 0, "datetime_start": "2023-11-14T15:23:15.254051"}
{"op_code": 5, "worker_id": "75e854aa-121f-439d-bef5-dd15e8a1d753-47818068719360", "trial_id": 10, "param_name": "alpha", "param_value_internal": 0.010413149704375457, "distribution": "{\"name\": \"FloatDistribution\", \"attributes\": {\"step\": null, \"low\": 0.0001, \"high\": 1.0, \"log\": false}}"}
{"op_code": 5, "worker_id": "75e854aa-121f-439d-bef5-dd15e8a1d753-47818068719360", "trial_id": 10, "param_name": "gamma", "param_value_internal": 5.249331513716909e-17, "distribution": "{\"name\": \"FloatDistribution\", \"attributes\": {\"step\": null, \"low\": 0.0, \"high\": 1e-14, \"log\": false}}"}
{"op_code": 5, "worker_id": "75e854aa-121f-439d-bef5-dd15e8a1d753-47818068719360", "trial_id": 10, "param_name": "kernel", "param_value_internal": 1, "distribution": "{\"name\": \"CategoricalDistribution\", \"attributes\": {\"choices\": [\"linear\", \"laplacian\", \"rbf\"]}}"}
{"op_code": 6, "worker_id": "75e854aa-121f-439d-bef5-dd15e8a1d753-47818068719360", "trial_id": 10, "state": 1, "values": [0.14315996571159517], "datetime_complete": "2023-11-14T15:23:15.304369"}
