{"op_code": 0, "worker_id": "9486813a-9499-4bbc-97e5-f08c1ad8c11c-47614746832704", "study_name": "linear", "directions": [1]}
{"op_code": 4, "worker_id": "9486813a-9499-4bbc-97e5-f08c1ad8c11c-47615450679040", "study_id": 0, "datetime_start": "2023-11-07T07:01:06.063556"}
{"op_code": 8, "worker_id": "9486813a-9499-4bbc-97e5-f08c1ad8c11c-47615450679040", "trial_id": 0, "user_attr": {"fit_intercept": true}}
{"op_code": 5, "worker_id": "9486813a-9499-4bbc-97e5-f08c1ad8c11c-47615450679040", "trial_id": 0, "param_name": "alpha", "param_value_internal": 0.036353218139025485, "distribution": "{\"name\": \"FloatDistribution\", \"attributes\": {\"step\": null, \"low\": 1e-05, \"high\": 0.1, \"log\": false}}"}
{"op_code": 5, "worker_id": "9486813a-9499-4bbc-97e5-f08c1ad8c11c-47615450679040", "trial_id": 0, "param_name": "l1_ratio", "param_value_internal": 0.4269604730124714, "distribution": "{\"name\": \"FloatDistribution\", \"attributes\": {\"step\": null, \"low\": 0.0, \"high\": 1.0, \"log\": false}}"}
{"op_code": 6, "worker_id": "9486813a-9499-4bbc-97e5-f08c1ad8c11c-47615450679040", "trial_id": 0, "state": 1, "values": [0.21509211913030166], "datetime_complete": "2023-11-07T07:01:06.097551"}
{"op_code": 0, "worker_id": "0e914973-3dc9-4601-b96d-a35b7202e5ac-47279818202944", "study_name": "linear", "directions": [1]}
{"op_code": 4, "worker_id": "0e914973-3dc9-4601-b96d-a35b7202e5ac-47280521058048", "study_id": 0, "datetime_start": "2023-11-07T17:08:42.231948"}
{"op_code": 8, "worker_id": "0e914973-3dc9-4601-b96d-a35b7202e5ac-47280521058048", "trial_id": 1, "user_attr": {"fit_intercept": true}}
{"op_code": 5, "worker_id": "0e914973-3dc9-4601-b96d-a35b7202e5ac-47280521058048", "trial_id": 1, "param_name": "alpha", "param_value_internal": 0.02939278866703981, "distribution": "{\"name\": \"FloatDistribution\", \"attributes\": {\"step\": null, \"low\": 1e-05, \"high\": 0.1, \"log\": false}}"}
{"op_code": 5, "worker_id": "0e914973-3dc9-4601-b96d-a35b7202e5ac-47280521058048", "trial_id": 1, "param_name": "l1_ratio", "param_value_internal": 0.5385899433753308, "distribution": "{\"name\": \"FloatDistribution\", \"attributes\": {\"step\": null, \"low\": 0.0, \"high\": 1.0, \"log\": false}}"}
{"op_code": 6, "worker_id": "0e914973-3dc9-4601-b96d-a35b7202e5ac-47280521058048", "trial_id": 1, "state": 1, "values": [0.21187289129156708], "datetime_complete": "2023-11-07T17:08:42.260782"}
{"op_code": 0, "worker_id": "bac59c01-1304-4089-beff-e52bec1a3328-47279818202944", "study_name": "linear", "directions": [1]}
{"op_code": 4, "worker_id": "bac59c01-1304-4089-beff-e52bec1a3328-47280521058048", "study_id": 0, "datetime_start": "2023-11-07T17:15:26.404252"}
{"op_code": 8, "worker_id": "bac59c01-1304-4089-beff-e52bec1a3328-47280521058048", "trial_id": 2, "user_attr": {"fit_intercept": true}}
{"op_code": 5, "worker_id": "bac59c01-1304-4089-beff-e52bec1a3328-47280521058048", "trial_id": 2, "param_name": "alpha", "param_value_internal": 0.048890753847077195, "distribution": "{\"name\": \"FloatDistribution\", \"attributes\": {\"step\": null, \"low\": 1e-05, \"high\": 0.1, \"log\": false}}"}
{"op_code": 5, "worker_id": "bac59c01-1304-4089-beff-e52bec1a3328-47280521058048", "trial_id": 2, "param_name": "l1_ratio", "param_value_internal": 0.32714377630650204, "distribution": "{\"name\": \"FloatDistribution\", \"attributes\": {\"step\": null, \"low\": 0.0, \"high\": 1.0, \"log\": false}}"}
{"op_code": 6, "worker_id": "bac59c01-1304-4089-beff-e52bec1a3328-47280521058048", "trial_id": 2, "state": 1, "values": [0.2141942185958121], "datetime_complete": "2023-11-07T17:15:26.433652"}
{"op_code": 0, "worker_id": "6fc1ff81-778d-4692-b537-6d30cb464b17-47279818202944", "study_name": "linear", "directions": [1]}
{"op_code": 4, "worker_id": "6fc1ff81-778d-4692-b537-6d30cb464b17-47280521058048", "study_id": 0, "datetime_start": "2023-11-07T17:22:13.676583"}
{"op_code": 8, "worker_id": "6fc1ff81-778d-4692-b537-6d30cb464b17-47280521058048", "trial_id": 3, "user_attr": {"fit_intercept": true}}
{"op_code": 5, "worker_id": "6fc1ff81-778d-4692-b537-6d30cb464b17-47280521058048", "trial_id": 3, "param_name": "alpha", "param_value_internal": 0.0714225337942749, "distribution": "{\"name\": \"FloatDistribution\", \"attributes\": {\"step\": null, \"low\": 1e-05, \"high\": 0.1, \"log\": false}}"}
{"op_code": 5, "worker_id": "6fc1ff81-778d-4692-b537-6d30cb464b17-47280521058048", "trial_id": 3, "param_name": "l1_ratio", "param_value_internal": 0.0050353378603426036, "distribution": "{\"name\": \"FloatDistribution\", \"attributes\": {\"step\": null, \"low\": 0.0, \"high\": 1.0, \"log\": false}}"}
{"op_code": 6, "worker_id": "6fc1ff81-778d-4692-b537-6d30cb464b17-47280521058048", "trial_id": 3, "state": 1, "values": [0.21357779308933156], "datetime_complete": "2023-11-07T17:22:13.705616"}
{"op_code": 0, "worker_id": "018c2c01-4f93-4f91-b81f-fb2d3ff7a479-47279818202944", "study_name": "linear", "directions": [1]}
{"op_code": 4, "worker_id": "018c2c01-4f93-4f91-b81f-fb2d3ff7a479-47280521058048", "study_id": 0, "datetime_start": "2023-11-07T17:29:04.136209"}
{"op_code": 8, "worker_id": "018c2c01-4f93-4f91-b81f-fb2d3ff7a479-47280521058048", "trial_id": 4, "user_attr": {"fit_intercept": true}}
{"op_code": 5, "worker_id": "018c2c01-4f93-4f91-b81f-fb2d3ff7a479-47280521058048", "trial_id": 4, "param_name": "alpha", "param_value_internal": 0.061188449999987495, "distribution": "{\"name\": \"FloatDistribution\", \"attributes\": {\"step\": null, \"low\": 1e-05, \"high\": 0.1, \"log\": false}}"}
{"op_code": 5, "worker_id": "018c2c01-4f93-4f91-b81f-fb2d3ff7a479-47280521058048", "trial_id": 4, "param_name": "l1_ratio", "param_value_internal": 0.07448769835469848, "distribution": "{\"name\": \"FloatDistribution\", \"attributes\": {\"step\": null, \"low\": 0.0, \"high\": 1.0, \"log\": false}}"}
{"op_code": 6, "worker_id": "018c2c01-4f93-4f91-b81f-fb2d3ff7a479-47280521058048", "trial_id": 4, "state": 1, "values": [0.21164794516737984], "datetime_complete": "2023-11-07T17:29:04.174437"}
{"op_code": 0, "worker_id": "19b2f1d4-2947-41b2-849e-dcca5ce5ca52-47279818202944", "study_name": "linear", "directions": [1]}
{"op_code": 4, "worker_id": "19b2f1d4-2947-41b2-849e-dcca5ce5ca52-47280521058048", "study_id": 0, "datetime_start": "2023-11-07T17:35:50.004064"}
{"op_code": 8, "worker_id": "19b2f1d4-2947-41b2-849e-dcca5ce5ca52-47280521058048", "trial_id": 5, "user_attr": {"fit_intercept": true}}
{"op_code": 5, "worker_id": "19b2f1d4-2947-41b2-849e-dcca5ce5ca52-47280521058048", "trial_id": 5, "param_name": "alpha", "param_value_internal": 0.0445104783199412, "distribution": "{\"name\": \"FloatDistribution\", \"attributes\": {\"step\": null, \"low\": 1e-05, \"high\": 0.1, \"log\": false}}"}
{"op_code": 5, "worker_id": "19b2f1d4-2947-41b2-849e-dcca5ce5ca52-47280521058048", "trial_id": 5, "param_name": "l1_ratio", "param_value_internal": 0.37577661054196754, "distribution": "{\"name\": \"FloatDistribution\", \"attributes\": {\"step\": null, \"low\": 0.0, \"high\": 1.0, \"log\": false}}"}
{"op_code": 6, "worker_id": "19b2f1d4-2947-41b2-849e-dcca5ce5ca52-47280521058048", "trial_id": 5, "state": 1, "values": [0.2115237764076703], "datetime_complete": "2023-11-07T17:35:50.033075"}
{"op_code": 0, "worker_id": "738d0134-4298-4d69-ac77-5438fb251978-47817365380928", "study_name": "linear", "directions": [1]}
{"op_code": 4, "worker_id": "738d0134-4298-4d69-ac77-5438fb251978-47818068719360", "study_id": 0, "datetime_start": "2023-11-14T14:56:56.350682"}
{"op_code": 8, "worker_id": "738d0134-4298-4d69-ac77-5438fb251978-47818068719360", "trial_id": 6, "user_attr": {"fit_intercept": true}}
{"op_code": 5, "worker_id": "738d0134-4298-4d69-ac77-5438fb251978-47818068719360", "trial_id": 6, "param_name": "alpha", "param_value_internal": 0.07812680455736831, "distribution": "{\"name\": \"FloatDistribution\", \"attributes\": {\"step\": null, \"low\": 1e-05, \"high\": 0.1, \"log\": false}}"}
{"op_code": 5, "worker_id": "738d0134-4298-4d69-ac77-5438fb251978-47818068719360", "trial_id": 6, "param_name": "l1_ratio", "param_value_internal": 0.5057868139723559, "distribution": "{\"name\": \"FloatDistribution\", \"attributes\": {\"step\": null, \"low\": 0.0, \"high\": 1.0, \"log\": false}}"}
{"op_code": 6, "worker_id": "738d0134-4298-4d69-ac77-5438fb251978-47818068719360", "trial_id": 6, "state": 1, "values": [0.20673463984829107], "datetime_complete": "2023-11-14T14:56:56.384739"}
{"op_code": 0, "worker_id": "2c103594-6788-4075-902e-38adc09ad24e-47817365380928", "study_name": "linear", "directions": [1]}
{"op_code": 4, "worker_id": "2c103594-6788-4075-902e-38adc09ad24e-47818068719360", "study_id": 0, "datetime_start": "2023-11-14T15:03:25.019460"}
{"op_code": 8, "worker_id": "2c103594-6788-4075-902e-38adc09ad24e-47818068719360", "trial_id": 7, "user_attr": {"fit_intercept": true}}
{"op_code": 5, "worker_id": "2c103594-6788-4075-902e-38adc09ad24e-47818068719360", "trial_id": 7, "param_name": "alpha", "param_value_internal": 0.07778160947638807, "distribution": "{\"name\": \"FloatDistribution\", \"attributes\": {\"step\": null, \"low\": 1e-05, \"high\": 0.1, \"log\": false}}"}
{"op_code": 5, "worker_id": "2c103594-6788-4075-902e-38adc09ad24e-47818068719360", "trial_id": 7, "param_name": "l1_ratio", "param_value_internal": 0.4763664086209538, "distribution": "{\"name\": \"FloatDistribution\", \"attributes\": {\"step\": null, \"low\": 0.0, \"high\": 1.0, \"log\": false}}"}
{"op_code": 6, "worker_id": "2c103594-6788-4075-902e-38adc09ad24e-47818068719360", "trial_id": 7, "state": 1, "values": [0.21225702382670053], "datetime_complete": "2023-11-14T15:03:25.049779"}
{"op_code": 0, "worker_id": "e3b251a2-c6e7-4191-926a-d8334ce6838c-47817365380928", "study_name": "linear", "directions": [1]}
{"op_code": 4, "worker_id": "e3b251a2-c6e7-4191-926a-d8334ce6838c-47818068719360", "study_id": 0, "datetime_start": "2023-11-14T15:10:00.141023"}
{"op_code": 8, "worker_id": "e3b251a2-c6e7-4191-926a-d8334ce6838c-47818068719360", "trial_id": 8, "user_attr": {"fit_intercept": true}}
{"op_code": 5, "worker_id": "e3b251a2-c6e7-4191-926a-d8334ce6838c-47818068719360", "trial_id": 8, "param_name": "alpha", "param_value_internal": 0.05899266411928913, "distribution": "{\"name\": \"FloatDistribution\", \"attributes\": {\"step\": null, \"low\": 1e-05, \"high\": 0.1, \"log\": false}}"}
{"op_code": 5, "worker_id": "e3b251a2-c6e7-4191-926a-d8334ce6838c-47818068719360", "trial_id": 8, "param_name": "l1_ratio", "param_value_internal": 0.24988872606734625, "distribution": "{\"name\": \"FloatDistribution\", \"attributes\": {\"step\": null, \"low\": 0.0, \"high\": 1.0, \"log\": false}}"}
{"op_code": 6, "worker_id": "e3b251a2-c6e7-4191-926a-d8334ce6838c-47818068719360", "trial_id": 8, "state": 1, "values": [0.20943924455980642], "datetime_complete": "2023-11-14T15:10:00.180309"}
{"op_code": 0, "worker_id": "7dd3b1dc-7e99-44ab-9135-395ab254407a-47817365380928", "study_name": "linear", "directions": [1]}
{"op_code": 4, "worker_id": "7dd3b1dc-7e99-44ab-9135-395ab254407a-47818068719360", "study_id": 0, "datetime_start": "2023-11-14T15:16:37.145581"}
{"op_code": 8, "worker_id": "7dd3b1dc-7e99-44ab-9135-395ab254407a-47818068719360", "trial_id": 9, "user_attr": {"fit_intercept": true}}
{"op_code": 5, "worker_id": "7dd3b1dc-7e99-44ab-9135-395ab254407a-47818068719360", "trial_id": 9, "param_name": "alpha", "param_value_internal": 0.09551860862748136, "distribution": "{\"name\": \"FloatDistribution\", \"attributes\": {\"step\": null, \"low\": 1e-05, \"high\": 0.1, \"log\": false}}"}
{"op_code": 5, "worker_id": "7dd3b1dc-7e99-44ab-9135-395ab254407a-47818068719360", "trial_id": 9, "param_name": "l1_ratio", "param_value_internal": 0.8543020522552051, "distribution": "{\"name\": \"FloatDistribution\", \"attributes\": {\"step\": null, \"low\": 0.0, \"high\": 1.0, \"log\": false}}"}
{"op_code": 6, "worker_id": "7dd3b1dc-7e99-44ab-9135-395ab254407a-47818068719360", "trial_id": 9, "state": 1, "values": [0.21237962750759168], "datetime_complete": "2023-11-14T15:16:37.178203"}
{"op_code": 0, "worker_id": "cda552fb-6bf2-46fd-aad5-c9c752552186-47817365380928", "study_name": "linear", "directions": [1]}
{"op_code": 4, "worker_id": "cda552fb-6bf2-46fd-aad5-c9c752552186-47818068719360", "study_id": 0, "datetime_start": "2023-11-14T15:23:15.161313"}
{"op_code": 8, "worker_id": "cda552fb-6bf2-46fd-aad5-c9c752552186-47818068719360", "trial_id": 10, "user_attr": {"fit_intercept": true}}
{"op_code": 5, "worker_id": "cda552fb-6bf2-46fd-aad5-c9c752552186-47818068719360", "trial_id": 10, "param_name": "alpha", "param_value_internal": 0.005177043123184712, "distribution": "{\"name\": \"FloatDistribution\", \"attributes\": {\"step\": null, \"low\": 1e-05, \"high\": 0.1, \"log\": false}}"}
{"op_code": 5, "worker_id": "cda552fb-6bf2-46fd-aad5-c9c752552186-47818068719360", "trial_id": 10, "param_name": "l1_ratio", "param_value_internal": 0.7157927679339159, "distribution": "{\"name\": \"FloatDistribution\", \"attributes\": {\"step\": null, \"low\": 0.0, \"high\": 1.0, \"log\": false}}"}
{"op_code": 6, "worker_id": "cda552fb-6bf2-46fd-aad5-c9c752552186-47818068719360", "trial_id": 10, "state": 1, "values": [0.21064715329449157], "datetime_complete": "2023-11-14T15:23:15.230921"}
