{"op_code": 0, "worker_id": "7df8fcb2-ab2a-4181-b4ab-0557fedacd34-47614746832704", "study_name": "RF", "directions": [1]}
{"op_code": 4, "worker_id": "7df8fcb2-ab2a-4181-b4ab-0557fedacd34-47615450679040", "study_id": 0, "datetime_start": "2023-11-07T07:01:07.472193"}
{"op_code": 5, "worker_id": "7df8fcb2-ab2a-4181-b4ab-0557fedacd34-47615450679040", "trial_id": 0, "param_name": "n_estimators", "param_value_internal": 3, "distribution": "{\"name\": \"CategoricalDistribution\", \"attributes\": {\"choices\": [10, 20, 50, 200, 500]}}"}
{"op_code": 5, "worker_id": "7df8fcb2-ab2a-4181-b4ab-0557fedacd34-47615450679040", "trial_id": 0, "param_name": "max_features", "param_value_internal": 1, "distribution": "{\"name\": \"CategoricalDistribution\", \"attributes\": {\"choices\": [\"auto\", \"sqrt\", \"log2\"]}}"}
{"op_code": 5, "worker_id": "7df8fcb2-ab2a-4181-b4ab-0557fedacd34-47615450679040", "trial_id": 0, "param_name": "max_depth", "param_value_internal": 4, "distribution": "{\"name\": \"CategoricalDistribution\", \"attributes\": {\"choices\": [null, 2, 3, 4, 5, 10]}}"}
{"op_code": 6, "worker_id": "7df8fcb2-ab2a-4181-b4ab-0557fedacd34-47615450679040", "trial_id": 0, "state": 1, "values": [0.14777618822896488], "datetime_complete": "2023-11-07T07:01:10.393705"}
{"op_code": 0, "worker_id": "571beee0-4a57-47d5-9fd6-7151da6107a4-47279818202944", "study_name": "RF", "directions": [1]}
{"op_code": 4, "worker_id": "571beee0-4a57-47d5-9fd6-7151da6107a4-47280521058048", "study_id": 0, "datetime_start": "2023-11-07T17:08:43.599381"}
{"op_code": 5, "worker_id": "571beee0-4a57-47d5-9fd6-7151da6107a4-47280521058048", "trial_id": 1, "param_name": "n_estimators", "param_value_internal": 4, "distribution": "{\"name\": \"CategoricalDistribution\", \"attributes\": {\"choices\": [10, 20, 50, 200, 500]}}"}
{"op_code": 5, "worker_id": "571beee0-4a57-47d5-9fd6-7151da6107a4-47280521058048", "trial_id": 1, "param_name": "max_features", "param_value_internal": 2, "distribution": "{\"name\": \"CategoricalDistribution\", \"attributes\": {\"choices\": [\"auto\", \"sqrt\", \"log2\"]}}"}
{"op_code": 5, "worker_id": "571beee0-4a57-47d5-9fd6-7151da6107a4-47280521058048", "trial_id": 1, "param_name": "max_depth", "param_value_internal": 1, "distribution": "{\"name\": \"CategoricalDistribution\", \"attributes\": {\"choices\": [null, 2, 3, 4, 5, 10]}}"}
{"op_code": 6, "worker_id": "571beee0-4a57-47d5-9fd6-7151da6107a4-47280521058048", "trial_id": 1, "state": 1, "values": [0.13033864323678376], "datetime_complete": "2023-11-07T17:08:46.490266"}
{"op_code": 0, "worker_id": "00a442e5-aa24-45ba-840d-d3c6497131cb-47279818202944", "study_name": "RF", "directions": [1]}
{"op_code": 4, "worker_id": "00a442e5-aa24-45ba-840d-d3c6497131cb-47280521058048", "study_id": 0, "datetime_start": "2023-11-07T17:15:27.773950"}
{"op_code": 5, "worker_id": "00a442e5-aa24-45ba-840d-d3c6497131cb-47280521058048", "trial_id": 2, "param_name": "n_estimators", "param_value_internal": 0, "distribution": "{\"name\": \"CategoricalDistribution\", \"attributes\": {\"choices\": [10, 20, 50, 200, 500]}}"}
{"op_code": 5, "worker_id": "00a442e5-aa24-45ba-840d-d3c6497131cb-47280521058048", "trial_id": 2, "param_name": "max_features", "param_value_internal": 2, "distribution": "{\"name\": \"CategoricalDistribution\", \"attributes\": {\"choices\": [\"auto\", \"sqrt\", \"log2\"]}}"}
{"op_code": 5, "worker_id": "00a442e5-aa24-45ba-840d-d3c6497131cb-47280521058048", "trial_id": 2, "param_name": "max_depth", "param_value_internal": 3, "distribution": "{\"name\": \"CategoricalDistribution\", \"attributes\": {\"choices\": [null, 2, 3, 4, 5, 10]}}"}
{"op_code": 6, "worker_id": "00a442e5-aa24-45ba-840d-d3c6497131cb-47280521058048", "trial_id": 2, "state": 1, "values": [0.1591532879393868], "datetime_complete": "2023-11-07T17:15:30.674344"}
{"op_code": 0, "worker_id": "359f6998-56a6-4457-a0cc-882e6c1a895b-47279818202944", "study_name": "RF", "directions": [1]}
{"op_code": 4, "worker_id": "359f6998-56a6-4457-a0cc-882e6c1a895b-47280521058048", "study_id": 0, "datetime_start": "2023-11-07T17:22:15.057627"}
{"op_code": 5, "worker_id": "359f6998-56a6-4457-a0cc-882e6c1a895b-47280521058048", "trial_id": 3, "param_name": "n_estimators", "param_value_internal": 3, "distribution": "{\"name\": \"CategoricalDistribution\", \"attributes\": {\"choices\": [10, 20, 50, 200, 500]}}"}
{"op_code": 5, "worker_id": "359f6998-56a6-4457-a0cc-882e6c1a895b-47280521058048", "trial_id": 3, "param_name": "max_features", "param_value_internal": 0, "distribution": "{\"name\": \"CategoricalDistribution\", \"attributes\": {\"choices\": [\"auto\", \"sqrt\", \"log2\"]}}"}
{"op_code": 5, "worker_id": "359f6998-56a6-4457-a0cc-882e6c1a895b-47280521058048", "trial_id": 3, "param_name": "max_depth", "param_value_internal": 2, "distribution": "{\"name\": \"CategoricalDistribution\", \"attributes\": {\"choices\": [null, 2, 3, 4, 5, 10]}}"}
{"op_code": 6, "worker_id": "359f6998-56a6-4457-a0cc-882e6c1a895b-47280521058048", "trial_id": 3, "state": 1, "values": [0.13878426983142023], "datetime_complete": "2023-11-07T17:22:18.003609"}
{"op_code": 0, "worker_id": "93eed8bd-a72c-43bb-9a5b-92fc21fc58b7-47279818202944", "study_name": "RF", "directions": [1]}
{"op_code": 4, "worker_id": "93eed8bd-a72c-43bb-9a5b-92fc21fc58b7-47280521058048", "study_id": 0, "datetime_start": "2023-11-07T17:29:05.623094"}
{"op_code": 5, "worker_id": "93eed8bd-a72c-43bb-9a5b-92fc21fc58b7-47280521058048", "trial_id": 4, "param_name": "n_estimators", "param_value_internal": 2, "distribution": "{\"name\": \"CategoricalDistribution\", \"attributes\": {\"choices\": [10, 20, 50, 200, 500]}}"}
{"op_code": 5, "worker_id": "93eed8bd-a72c-43bb-9a5b-92fc21fc58b7-47280521058048", "trial_id": 4, "param_name": "max_features", "param_value_internal": 1, "distribution": "{\"name\": \"CategoricalDistribution\", \"attributes\": {\"choices\": [\"auto\", \"sqrt\", \"log2\"]}}"}
{"op_code": 5, "worker_id": "93eed8bd-a72c-43bb-9a5b-92fc21fc58b7-47280521058048", "trial_id": 4, "param_name": "max_depth", "param_value_internal": 1, "distribution": "{\"name\": \"CategoricalDistribution\", \"attributes\": {\"choices\": [null, 2, 3, 4, 5, 10]}}"}
{"op_code": 6, "worker_id": "93eed8bd-a72c-43bb-9a5b-92fc21fc58b7-47280521058048", "trial_id": 4, "state": 1, "values": [0.1457692880960244], "datetime_complete": "2023-11-07T17:29:08.568043"}
{"op_code": 0, "worker_id": "7c50e74c-bcbb-4c92-bca2-240945f86e24-47279818202944", "study_name": "RF", "directions": [1]}
{"op_code": 4, "worker_id": "7c50e74c-bcbb-4c92-bca2-240945f86e24-47280521058048", "study_id": 0, "datetime_start": "2023-11-07T17:35:51.376860"}
{"op_code": 5, "worker_id": "7c50e74c-bcbb-4c92-bca2-240945f86e24-47280521058048", "trial_id": 5, "param_name": "n_estimators", "param_value_internal": 4, "distribution": "{\"name\": \"CategoricalDistribution\", \"attributes\": {\"choices\": [10, 20, 50, 200, 500]}}"}
{"op_code": 5, "worker_id": "7c50e74c-bcbb-4c92-bca2-240945f86e24-47280521058048", "trial_id": 5, "param_name": "max_features", "param_value_internal": 1, "distribution": "{\"name\": \"CategoricalDistribution\", \"attributes\": {\"choices\": [\"auto\", \"sqrt\", \"log2\"]}}"}
{"op_code": 5, "worker_id": "7c50e74c-bcbb-4c92-bca2-240945f86e24-47280521058048", "trial_id": 5, "param_name": "max_depth", "param_value_internal": 3, "distribution": "{\"name\": \"CategoricalDistribution\", \"attributes\": {\"choices\": [null, 2, 3, 4, 5, 10]}}"}
{"op_code": 6, "worker_id": "7c50e74c-bcbb-4c92-bca2-240945f86e24-47280521058048", "trial_id": 5, "state": 1, "values": [0.14343183594051157], "datetime_complete": "2023-11-07T17:35:54.260092"}
{"op_code": 0, "worker_id": "83f1bc2b-433a-4a43-8f99-77e79a9bf221-47817365380928", "study_name": "RF", "directions": [1]}
{"op_code": 4, "worker_id": "83f1bc2b-433a-4a43-8f99-77e79a9bf221-47818068719360", "study_id": 0, "datetime_start": "2023-11-14T14:56:57.804801"}
{"op_code": 5, "worker_id": "83f1bc2b-433a-4a43-8f99-77e79a9bf221-47818068719360", "trial_id": 6, "param_name": "n_estimators", "param_value_internal": 1, "distribution": "{\"name\": \"CategoricalDistribution\", \"attributes\": {\"choices\": [10, 20, 50, 200, 500]}}"}
{"op_code": 5, "worker_id": "83f1bc2b-433a-4a43-8f99-77e79a9bf221-47818068719360", "trial_id": 6, "param_name": "max_features", "param_value_internal": 2, "distribution": "{\"name\": \"CategoricalDistribution\", \"attributes\": {\"choices\": [\"auto\", \"sqrt\", \"log2\"]}}"}
{"op_code": 5, "worker_id": "83f1bc2b-433a-4a43-8f99-77e79a9bf221-47818068719360", "trial_id": 6, "param_name": "max_depth", "param_value_internal": 0, "distribution": "{\"name\": \"CategoricalDistribution\", \"attributes\": {\"choices\": [null, 2, 3, 4, 5, 10]}}"}
{"op_code": 6, "worker_id": "83f1bc2b-433a-4a43-8f99-77e79a9bf221-47818068719360", "trial_id": 6, "state": 1, "values": [0.13598695110929415], "datetime_complete": "2023-11-14T14:57:00.733198"}
{"op_code": 0, "worker_id": "c309db13-e476-4811-b142-7acbf1eae466-47817365380928", "study_name": "RF", "directions": [1]}
{"op_code": 4, "worker_id": "c309db13-e476-4811-b142-7acbf1eae466-47818068719360", "study_id": 0, "datetime_start": "2023-11-14T15:03:26.409079"}
{"op_code": 5, "worker_id": "c309db13-e476-4811-b142-7acbf1eae466-47818068719360", "trial_id": 7, "param_name": "n_estimators", "param_value_internal": 0, "distribution": "{\"name\": \"CategoricalDistribution\", \"attributes\": {\"choices\": [10, 20, 50, 200, 500]}}"}
{"op_code": 5, "worker_id": "c309db13-e476-4811-b142-7acbf1eae466-47818068719360", "trial_id": 7, "param_name": "max_features", "param_value_internal": 2, "distribution": "{\"name\": \"CategoricalDistribution\", \"attributes\": {\"choices\": [\"auto\", \"sqrt\", \"log2\"]}}"}
{"op_code": 5, "worker_id": "c309db13-e476-4811-b142-7acbf1eae466-47818068719360", "trial_id": 7, "param_name": "max_depth", "param_value_internal": 5, "distribution": "{\"name\": \"CategoricalDistribution\", \"attributes\": {\"choices\": [null, 2, 3, 4, 5, 10]}}"}
{"op_code": 6, "worker_id": "c309db13-e476-4811-b142-7acbf1eae466-47818068719360", "trial_id": 7, "state": 1, "values": [0.16134433844027538], "datetime_complete": "2023-11-14T15:03:29.328793"}
{"op_code": 0, "worker_id": "fa8dc2c6-493c-4b34-b107-4c61398d18fa-47817365380928", "study_name": "RF", "directions": [1]}
{"op_code": 4, "worker_id": "fa8dc2c6-493c-4b34-b107-4c61398d18fa-47818068719360", "study_id": 0, "datetime_start": "2023-11-14T15:10:01.645609"}
{"op_code": 5, "worker_id": "fa8dc2c6-493c-4b34-b107-4c61398d18fa-47818068719360", "trial_id": 8, "param_name": "n_estimators", "param_value_internal": 0, "distribution": "{\"name\": \"CategoricalDistribution\", \"attributes\": {\"choices\": [10, 20, 50, 200, 500]}}"}
{"op_code": 5, "worker_id": "fa8dc2c6-493c-4b34-b107-4c61398d18fa-47818068719360", "trial_id": 8, "param_name": "max_features", "param_value_internal": 1, "distribution": "{\"name\": \"CategoricalDistribution\", \"attributes\": {\"choices\": [\"auto\", \"sqrt\", \"log2\"]}}"}
{"op_code": 5, "worker_id": "fa8dc2c6-493c-4b34-b107-4c61398d18fa-47818068719360", "trial_id": 8, "param_name": "max_depth", "param_value_internal": 2, "distribution": "{\"name\": \"CategoricalDistribution\", \"attributes\": {\"choices\": [null, 2, 3, 4, 5, 10]}}"}
{"op_code": 6, "worker_id": "fa8dc2c6-493c-4b34-b107-4c61398d18fa-47818068719360", "trial_id": 8, "state": 1, "values": [0.14396662861551413], "datetime_complete": "2023-11-14T15:10:04.566091"}
{"op_code": 0, "worker_id": "b9e78976-467f-4225-b52c-71a5fc5fbd1a-47817365380928", "study_name": "RF", "directions": [1]}
{"op_code": 4, "worker_id": "b9e78976-467f-4225-b52c-71a5fc5fbd1a-47818068719360", "study_id": 0, "datetime_start": "2023-11-14T15:16:38.537654"}
{"op_code": 5, "worker_id": "b9e78976-467f-4225-b52c-71a5fc5fbd1a-47818068719360", "trial_id": 9, "param_name": "n_estimators", "param_value_internal": 2, "distribution": "{\"name\": \"CategoricalDistribution\", \"attributes\": {\"choices\": [10, 20, 50, 200, 500]}}"}
{"op_code": 5, "worker_id": "b9e78976-467f-4225-b52c-71a5fc5fbd1a-47818068719360", "trial_id": 9, "param_name": "max_features", "param_value_internal": 0, "distribution": "{\"name\": \"CategoricalDistribution\", \"attributes\": {\"choices\": [\"auto\", \"sqrt\", \"log2\"]}}"}
{"op_code": 5, "worker_id": "b9e78976-467f-4225-b52c-71a5fc5fbd1a-47818068719360", "trial_id": 9, "param_name": "max_depth", "param_value_internal": 1, "distribution": "{\"name\": \"CategoricalDistribution\", \"attributes\": {\"choices\": [null, 2, 3, 4, 5, 10]}}"}
{"op_code": 6, "worker_id": "b9e78976-467f-4225-b52c-71a5fc5fbd1a-47818068719360", "trial_id": 9, "state": 1, "values": [0.14300242049225176], "datetime_complete": "2023-11-14T15:16:41.481009"}
{"op_code": 0, "worker_id": "65b4c74a-c113-4348-b83f-cf39ee2ceb87-47817365380928", "study_name": "RF", "directions": [1]}
{"op_code": 4, "worker_id": "65b4c74a-c113-4348-b83f-cf39ee2ceb87-47818068719360", "study_id": 0, "datetime_start": "2023-11-14T15:23:16.664773"}
{"op_code": 5, "worker_id": "65b4c74a-c113-4348-b83f-cf39ee2ceb87-47818068719360", "trial_id": 10, "param_name": "n_estimators", "param_value_internal": 4, "distribution": "{\"name\": \"CategoricalDistribution\", \"attributes\": {\"choices\": [10, 20, 50, 200, 500]}}"}
{"op_code": 5, "worker_id": "65b4c74a-c113-4348-b83f-cf39ee2ceb87-47818068719360", "trial_id": 10, "param_name": "max_features", "param_value_internal": 2, "distribution": "{\"name\": \"CategoricalDistribution\", \"attributes\": {\"choices\": [\"auto\", \"sqrt\", \"log2\"]}}"}
{"op_code": 5, "worker_id": "65b4c74a-c113-4348-b83f-cf39ee2ceb87-47818068719360", "trial_id": 10, "param_name": "max_depth", "param_value_internal": 1, "distribution": "{\"name\": \"CategoricalDistribution\", \"attributes\": {\"choices\": [null, 2, 3, 4, 5, 10]}}"}
{"op_code": 6, "worker_id": "65b4c74a-c113-4348-b83f-cf39ee2ceb87-47818068719360", "trial_id": 10, "state": 1, "values": [0.1562354057528861], "datetime_complete": "2023-11-14T15:23:19.593843"}
