{"op_code": 0, "worker_id": "97269635-7357-4802-9362-5667e90a0fce-47279818202944", "study_name": "ANN", "directions": [1]}
{"op_code": 4, "worker_id": "97269635-7357-4802-9362-5667e90a0fce-47280521058048", "study_id": 0, "datetime_start": "2023-11-07T17:13:55.519078"}
{"op_code": 5, "worker_id": "97269635-7357-4802-9362-5667e90a0fce-47280521058048", "trial_id": 0, "param_name": "learning_rate_init", "param_value_internal": 0.0022378224522026737, "distribution": "{\"name\": \"FloatDistribution\", \"attributes\": {\"step\": null, \"low\": 0.001, \"high\": 0.1, \"log\": false}}"}
{"op_code": 5, "worker_id": "97269635-7357-4802-9362-5667e90a0fce-47280521058048", "trial_id": 0, "param_name": "hidden_layer_sizes", "param_value_internal": 8, "distribution": "{\"name\": \"CategoricalDistribution\", \"attributes\": {\"choices\": [[5], [10], [20], [50], [5, 5], [10, 10], [20, 20], [50, 50], [5, 5, 5], [10, 10, 10], [50, 50, 50]]}}"}
{"op_code": 6, "worker_id": "97269635-7357-4802-9362-5667e90a0fce-47280521058048", "trial_id": 0, "state": 1, "values": [1.9652226724146955], "datetime_complete": "2023-11-07T17:13:56.412382"}
{"op_code": 0, "worker_id": "83d71f36-0f6b-49a9-9cda-9e29eb4493b3-47279818202944", "study_name": "ANN", "directions": [1]}
{"op_code": 4, "worker_id": "83d71f36-0f6b-49a9-9cda-9e29eb4493b3-47280521058048", "study_id": 0, "datetime_start": "2023-11-07T17:20:41.137999"}
{"op_code": 5, "worker_id": "83d71f36-0f6b-49a9-9cda-9e29eb4493b3-47280521058048", "trial_id": 1, "param_name": "learning_rate_init", "param_value_internal": 0.008966401955787143, "distribution": "{\"name\": \"FloatDistribution\", \"attributes\": {\"step\": null, \"low\": 0.001, \"high\": 0.1, \"log\": false}}"}
{"op_code": 5, "worker_id": "83d71f36-0f6b-49a9-9cda-9e29eb4493b3-47280521058048", "trial_id": 1, "param_name": "hidden_layer_sizes", "param_value_internal": 4, "distribution": "{\"name\": \"CategoricalDistribution\", \"attributes\": {\"choices\": [[5], [10], [20], [50], [5, 5], [10, 10], [20, 20], [50, 50], [5, 5, 5], [10, 10, 10], [50, 50, 50]]}}"}
{"op_code": 6, "worker_id": "83d71f36-0f6b-49a9-9cda-9e29eb4493b3-47280521058048", "trial_id": 1, "state": 1, "values": [1.639642688866486], "datetime_complete": "2023-11-07T17:20:42.326193"}
{"op_code": 0, "worker_id": "9011605d-1e08-441a-8dba-9cc0cf9efac4-47279818202944", "study_name": "ANN", "directions": [1]}
{"op_code": 4, "worker_id": "9011605d-1e08-441a-8dba-9cc0cf9efac4-47280521058048", "study_id": 0, "datetime_start": "2023-11-07T17:27:30.974607"}
{"op_code": 5, "worker_id": "9011605d-1e08-441a-8dba-9cc0cf9efac4-47280521058048", "trial_id": 2, "param_name": "learning_rate_init", "param_value_internal": 0.0380403542614305, "distribution": "{\"name\": \"FloatDistribution\", \"attributes\": {\"step\": null, \"low\": 0.001, \"high\": 0.1, \"log\": false}}"}
{"op_code": 5, "worker_id": "9011605d-1e08-441a-8dba-9cc0cf9efac4-47280521058048", "trial_id": 2, "param_name": "hidden_layer_sizes", "param_value_internal": 2, "distribution": "{\"name\": \"CategoricalDistribution\", \"attributes\": {\"choices\": [[5], [10], [20], [50], [5, 5], [10, 10], [20, 20], [50, 50], [5, 5, 5], [10, 10, 10], [50, 50, 50]]}}"}
{"op_code": 6, "worker_id": "9011605d-1e08-441a-8dba-9cc0cf9efac4-47280521058048", "trial_id": 2, "state": 1, "values": [2.3456383347835206], "datetime_complete": "2023-11-07T17:27:32.254216"}
{"op_code": 0, "worker_id": "7b48276e-4bb0-40d7-bac6-78727df618f6-47279818202944", "study_name": "ANN", "directions": [1]}
{"op_code": 4, "worker_id": "7b48276e-4bb0-40d7-bac6-78727df618f6-47280521058048", "study_id": 0, "datetime_start": "2023-11-07T17:34:18.851339"}
{"op_code": 5, "worker_id": "7b48276e-4bb0-40d7-bac6-78727df618f6-47280521058048", "trial_id": 3, "param_name": "learning_rate_init", "param_value_internal": 0.04386478293414348, "distribution": "{\"name\": \"FloatDistribution\", \"attributes\": {\"step\": null, \"low\": 0.001, \"high\": 0.1, \"log\": false}}"}
{"op_code": 5, "worker_id": "7b48276e-4bb0-40d7-bac6-78727df618f6-47280521058048", "trial_id": 3, "param_name": "hidden_layer_sizes", "param_value_internal": 0, "distribution": "{\"name\": \"CategoricalDistribution\", \"attributes\": {\"choices\": [[5], [10], [20], [50], [5, 5], [10, 10], [20, 20], [50, 50], [5, 5, 5], [10, 10, 10], [50, 50, 50]]}}"}
{"op_code": 6, "worker_id": "7b48276e-4bb0-40d7-bac6-78727df618f6-47280521058048", "trial_id": 3, "state": 1, "values": [1.579185543938225], "datetime_complete": "2023-11-07T17:34:19.993730"}
