{"op_code": 0, "worker_id": "a0339d40-054e-4e6f-9b9f-d01b470ec2df-47279818202944", "study_name": "GB", "directions": [1]}
{"op_code": 4, "worker_id": "a0339d40-054e-4e6f-9b9f-d01b470ec2df-47280521058048", "study_id": 0, "datetime_start": "2023-11-07T17:13:51.569086"}
{"op_code": 5, "worker_id": "a0339d40-054e-4e6f-9b9f-d01b470ec2df-47280521058048", "trial_id": 0, "param_name": "n_estimators", "param_value_internal": 3, "distribution": "{\"name\": \"CategoricalDistribution\", \"attributes\": {\"choices\": [10, 20, 50, 200, 500]}}"}
{"op_code": 5, "worker_id": "a0339d40-054e-4e6f-9b9f-d01b470ec2df-47280521058048", "trial_id": 0, "param_name": "learning_rate", "param_value_internal": 0.7786747451294574, "distribution": "{\"name\": \"FloatDistribution\", \"attributes\": {\"step\": null, \"low\": 0.005, \"high\": 1.0, \"log\": false}}"}
{"op_code": 5, "worker_id": "a0339d40-054e-4e6f-9b9f-d01b470ec2df-47280521058048", "trial_id": 0, "param_name": "max_depth", "param_value_internal": 3, "distribution": "{\"name\": \"CategoricalDistribution\", \"attributes\": {\"choices\": [1, 2, 3, 4, 5]}}"}
{"op_code": 6, "worker_id": "a0339d40-054e-4e6f-9b9f-d01b470ec2df-47280521058048", "trial_id": 0, "state": 1, "values": [0.31942632473903604], "datetime_complete": "2023-11-07T17:13:52.815363"}
{"op_code": 0, "worker_id": "a38ee7d3-a29c-4376-af6b-29dd7a45d2d4-47279818202944", "study_name": "GB", "directions": [1]}
{"op_code": 4, "worker_id": "a38ee7d3-a29c-4376-af6b-29dd7a45d2d4-47280521058048", "study_id": 0, "datetime_start": "2023-11-07T17:20:37.224584"}
{"op_code": 5, "worker_id": "a38ee7d3-a29c-4376-af6b-29dd7a45d2d4-47280521058048", "trial_id": 1, "param_name": "n_estimators", "param_value_internal": 0, "distribution": "{\"name\": \"CategoricalDistribution\", \"attributes\": {\"choices\": [10, 20, 50, 200, 500]}}"}
{"op_code": 5, "worker_id": "a38ee7d3-a29c-4376-af6b-29dd7a45d2d4-47280521058048", "trial_id": 1, "param_name": "learning_rate", "param_value_internal": 0.5167371350565503, "distribution": "{\"name\": \"FloatDistribution\", \"attributes\": {\"step\": null, \"low\": 0.005, \"high\": 1.0, \"log\": false}}"}
{"op_code": 5, "worker_id": "a38ee7d3-a29c-4376-af6b-29dd7a45d2d4-47280521058048", "trial_id": 1, "param_name": "max_depth", "param_value_internal": 4, "distribution": "{\"name\": \"CategoricalDistribution\", \"attributes\": {\"choices\": [1, 2, 3, 4, 5]}}"}
{"op_code": 6, "worker_id": "a38ee7d3-a29c-4376-af6b-29dd7a45d2d4-47280521058048", "trial_id": 1, "state": 1, "values": [0.31702193814557766], "datetime_complete": "2023-11-07T17:20:38.468039"}
{"op_code": 0, "worker_id": "68c3b7f7-e334-4f15-9c55-b598c02b2f74-47279818202944", "study_name": "GB", "directions": [1]}
{"op_code": 4, "worker_id": "68c3b7f7-e334-4f15-9c55-b598c02b2f74-47280521058048", "study_id": 0, "datetime_start": "2023-11-07T17:27:27.042627"}
{"op_code": 5, "worker_id": "68c3b7f7-e334-4f15-9c55-b598c02b2f74-47280521058048", "trial_id": 2, "param_name": "n_estimators", "param_value_internal": 1, "distribution": "{\"name\": \"CategoricalDistribution\", \"attributes\": {\"choices\": [10, 20, 50, 200, 500]}}"}
{"op_code": 5, "worker_id": "68c3b7f7-e334-4f15-9c55-b598c02b2f74-47280521058048", "trial_id": 2, "param_name": "learning_rate", "param_value_internal": 0.2870940260320847, "distribution": "{\"name\": \"FloatDistribution\", \"attributes\": {\"step\": null, \"low\": 0.005, \"high\": 1.0, \"log\": false}}"}
{"op_code": 5, "worker_id": "68c3b7f7-e334-4f15-9c55-b598c02b2f74-47280521058048", "trial_id": 2, "param_name": "max_depth", "param_value_internal": 2, "distribution": "{\"name\": \"CategoricalDistribution\", \"attributes\": {\"choices\": [1, 2, 3, 4, 5]}}"}
{"op_code": 6, "worker_id": "68c3b7f7-e334-4f15-9c55-b598c02b2f74-47280521058048", "trial_id": 2, "state": 1, "values": [0.32069714246314307], "datetime_complete": "2023-11-07T17:27:28.292207"}
{"op_code": 0, "worker_id": "a97a43cf-3131-4d4a-b237-b6cfe0704038-47279818202944", "study_name": "GB", "directions": [1]}
{"op_code": 4, "worker_id": "a97a43cf-3131-4d4a-b237-b6cfe0704038-47280521058048", "study_id": 0, "datetime_start": "2023-11-07T17:34:14.942972"}
{"op_code": 5, "worker_id": "a97a43cf-3131-4d4a-b237-b6cfe0704038-47280521058048", "trial_id": 3, "param_name": "n_estimators", "param_value_internal": 3, "distribution": "{\"name\": \"CategoricalDistribution\", \"attributes\": {\"choices\": [10, 20, 50, 200, 500]}}"}
{"op_code": 5, "worker_id": "a97a43cf-3131-4d4a-b237-b6cfe0704038-47280521058048", "trial_id": 3, "param_name": "learning_rate", "param_value_internal": 0.9941188327427596, "distribution": "{\"name\": \"FloatDistribution\", \"attributes\": {\"step\": null, \"low\": 0.005, \"high\": 1.0, \"log\": false}}"}
{"op_code": 5, "worker_id": "a97a43cf-3131-4d4a-b237-b6cfe0704038-47280521058048", "trial_id": 3, "param_name": "max_depth", "param_value_internal": 2, "distribution": "{\"name\": \"CategoricalDistribution\", \"attributes\": {\"choices\": [1, 2, 3, 4, 5]}}"}
{"op_code": 6, "worker_id": "a97a43cf-3131-4d4a-b237-b6cfe0704038-47280521058048", "trial_id": 3, "state": 1, "values": [0.3049753040434926], "datetime_complete": "2023-11-07T17:34:16.187483"}
{"op_code": 0, "worker_id": "16b2be73-1d27-4bfa-a483-ff0d119479ef-47817365380928", "study_name": "GB", "directions": [1]}
{"op_code": 4, "worker_id": "16b2be73-1d27-4bfa-a483-ff0d119479ef-47818068719360", "study_id": 0, "datetime_start": "2023-11-14T15:01:53.109219"}
{"op_code": 5, "worker_id": "16b2be73-1d27-4bfa-a483-ff0d119479ef-47818068719360", "trial_id": 4, "param_name": "n_estimators", "param_value_internal": 1, "distribution": "{\"name\": \"CategoricalDistribution\", \"attributes\": {\"choices\": [10, 20, 50, 200, 500]}}"}
{"op_code": 5, "worker_id": "16b2be73-1d27-4bfa-a483-ff0d119479ef-47818068719360", "trial_id": 4, "param_name": "learning_rate", "param_value_internal": 0.5663137525501303, "distribution": "{\"name\": \"FloatDistribution\", \"attributes\": {\"step\": null, \"low\": 0.005, \"high\": 1.0, \"log\": false}}"}
{"op_code": 5, "worker_id": "16b2be73-1d27-4bfa-a483-ff0d119479ef-47818068719360", "trial_id": 4, "param_name": "max_depth", "param_value_internal": 2, "distribution": "{\"name\": \"CategoricalDistribution\", \"attributes\": {\"choices\": [1, 2, 3, 4, 5]}}"}
{"op_code": 6, "worker_id": "16b2be73-1d27-4bfa-a483-ff0d119479ef-47818068719360", "trial_id": 4, "state": 1, "values": [0.3160835433950433], "datetime_complete": "2023-11-14T15:01:54.369015"}
{"op_code": 0, "worker_id": "627c8d72-55ef-4288-b20f-024e8e5f3f83-47817365380928", "study_name": "GB", "directions": [1]}
{"op_code": 4, "worker_id": "627c8d72-55ef-4288-b20f-024e8e5f3f83-47818068719360", "study_id": 0, "datetime_start": "2023-11-14T15:08:26.215471"}
{"op_code": 5, "worker_id": "627c8d72-55ef-4288-b20f-024e8e5f3f83-47818068719360", "trial_id": 5, "param_name": "n_estimators", "param_value_internal": 0, "distribution": "{\"name\": \"CategoricalDistribution\", \"attributes\": {\"choices\": [10, 20, 50, 200, 500]}}"}
{"op_code": 5, "worker_id": "627c8d72-55ef-4288-b20f-024e8e5f3f83-47818068719360", "trial_id": 5, "param_name": "learning_rate", "param_value_internal": 0.507863627376449, "distribution": "{\"name\": \"FloatDistribution\", \"attributes\": {\"step\": null, \"low\": 0.005, \"high\": 1.0, \"log\": false}}"}
{"op_code": 5, "worker_id": "627c8d72-55ef-4288-b20f-024e8e5f3f83-47818068719360", "trial_id": 5, "param_name": "max_depth", "param_value_internal": 4, "distribution": "{\"name\": \"CategoricalDistribution\", \"attributes\": {\"choices\": [1, 2, 3, 4, 5]}}"}
{"op_code": 6, "worker_id": "627c8d72-55ef-4288-b20f-024e8e5f3f83-47818068719360", "trial_id": 5, "state": 1, "values": [0.31599890233830674], "datetime_complete": "2023-11-14T15:08:27.458508"}
{"op_code": 0, "worker_id": "8e144b4f-43f1-429b-a065-593ef085646a-47817365380928", "study_name": "GB", "directions": [1]}
{"op_code": 4, "worker_id": "8e144b4f-43f1-429b-a065-593ef085646a-47818068719360", "study_id": 0, "datetime_start": "2023-11-14T15:15:03.433572"}
{"op_code": 5, "worker_id": "8e144b4f-43f1-429b-a065-593ef085646a-47818068719360", "trial_id": 6, "param_name": "n_estimators", "param_value_internal": 2, "distribution": "{\"name\": \"CategoricalDistribution\", \"attributes\": {\"choices\": [10, 20, 50, 200, 500]}}"}
{"op_code": 5, "worker_id": "8e144b4f-43f1-429b-a065-593ef085646a-47818068719360", "trial_id": 6, "param_name": "learning_rate", "param_value_internal": 0.8687749041915683, "distribution": "{\"name\": \"FloatDistribution\", \"attributes\": {\"step\": null, \"low\": 0.005, \"high\": 1.0, \"log\": false}}"}
{"op_code": 5, "worker_id": "8e144b4f-43f1-429b-a065-593ef085646a-47818068719360", "trial_id": 6, "param_name": "max_depth", "param_value_internal": 4, "distribution": "{\"name\": \"CategoricalDistribution\", \"attributes\": {\"choices\": [1, 2, 3, 4, 5]}}"}
{"op_code": 6, "worker_id": "8e144b4f-43f1-429b-a065-593ef085646a-47818068719360", "trial_id": 6, "state": 1, "values": [0.322422118738984], "datetime_complete": "2023-11-14T15:15:04.695307"}
{"op_code": 0, "worker_id": "62cd4e0b-d0c7-4cf4-94a0-914a5b9f4421-47817365380928", "study_name": "GB", "directions": [1]}
{"op_code": 4, "worker_id": "62cd4e0b-d0c7-4cf4-94a0-914a5b9f4421-47818068719360", "study_id": 0, "datetime_start": "2023-11-14T15:21:40.980920"}
{"op_code": 5, "worker_id": "62cd4e0b-d0c7-4cf4-94a0-914a5b9f4421-47818068719360", "trial_id": 7, "param_name": "n_estimators", "param_value_internal": 2, "distribution": "{\"name\": \"CategoricalDistribution\", \"attributes\": {\"choices\": [10, 20, 50, 200, 500]}}"}
{"op_code": 5, "worker_id": "62cd4e0b-d0c7-4cf4-94a0-914a5b9f4421-47818068719360", "trial_id": 7, "param_name": "learning_rate", "param_value_internal": 0.47531798600956043, "distribution": "{\"name\": \"FloatDistribution\", \"attributes\": {\"step\": null, \"low\": 0.005, \"high\": 1.0, \"log\": false}}"}
{"op_code": 5, "worker_id": "62cd4e0b-d0c7-4cf4-94a0-914a5b9f4421-47818068719360", "trial_id": 7, "param_name": "max_depth", "param_value_internal": 0, "distribution": "{\"name\": \"CategoricalDistribution\", \"attributes\": {\"choices\": [1, 2, 3, 4, 5]}}"}
{"op_code": 6, "worker_id": "62cd4e0b-d0c7-4cf4-94a0-914a5b9f4421-47818068719360", "trial_id": 7, "state": 1, "values": [0.30853271291686296], "datetime_complete": "2023-11-14T15:21:42.233059"}
