{"op_code": 0, "worker_id": "21f8d7b4-8dd8-4c62-bea9-7b82bfe7477e-47279818202944", "study_name": "KRR", "directions": [1]}
{"op_code": 4, "worker_id": "21f8d7b4-8dd8-4c62-bea9-7b82bfe7477e-47280521058048", "study_id": 0, "datetime_start": "2023-11-07T17:13:51.520359"}
{"op_code": 5, "worker_id": "21f8d7b4-8dd8-4c62-bea9-7b82bfe7477e-47280521058048", "trial_id": 0, "param_name": "alpha", "param_value_internal": 0.1106705137021047, "distribution": "{\"name\": \"FloatDistribution\", \"attributes\": {\"step\": null, \"low\": 0.0001, \"high\": 1.0, \"log\": false}}"}
{"op_code": 5, "worker_id": "21f8d7b4-8dd8-4c62-bea9-7b82bfe7477e-47280521058048", "trial_id": 0, "param_name": "gamma", "param_value_internal": 9.717604275362472e-15, "distribution": "{\"name\": \"FloatDistribution\", \"attributes\": {\"step\": null, \"low\": 0.0, \"high\": 1e-14, \"log\": false}}"}
{"op_code": 5, "worker_id": "21f8d7b4-8dd8-4c62-bea9-7b82bfe7477e-47280521058048", "trial_id": 0, "param_name": "kernel", "param_value_internal": 2, "distribution": "{\"name\": \"CategoricalDistribution\", \"attributes\": {\"choices\": [\"linear\", \"laplacian\", \"rbf\"]}}"}
{"op_code": 6, "worker_id": "21f8d7b4-8dd8-4c62-bea9-7b82bfe7477e-47280521058048", "trial_id": 0, "state": 1, "values": [0.31400253574319087], "datetime_complete": "2023-11-07T17:13:51.560275"}
{"op_code": 0, "worker_id": "8d4ec8f4-5ac9-4660-a2e3-27651c9ddc6f-47279818202944", "study_name": "KRR", "directions": [1]}
{"op_code": 4, "worker_id": "8d4ec8f4-5ac9-4660-a2e3-27651c9ddc6f-47280521058048", "study_id": 0, "datetime_start": "2023-11-07T17:20:37.169563"}
{"op_code": 5, "worker_id": "8d4ec8f4-5ac9-4660-a2e3-27651c9ddc6f-47280521058048", "trial_id": 1, "param_name": "alpha", "param_value_internal": 0.5495772753617841, "distribution": "{\"name\": \"FloatDistribution\", \"attributes\": {\"step\": null, \"low\": 0.0001, \"high\": 1.0, \"log\": false}}"}
{"op_code": 5, "worker_id": "8d4ec8f4-5ac9-4660-a2e3-27651c9ddc6f-47280521058048", "trial_id": 1, "param_name": "gamma", "param_value_internal": 1.706033677562393e-15, "distribution": "{\"name\": \"FloatDistribution\", \"attributes\": {\"step\": null, \"low\": 0.0, \"high\": 1e-14, \"log\": false}}"}
{"op_code": 5, "worker_id": "8d4ec8f4-5ac9-4660-a2e3-27651c9ddc6f-47280521058048", "trial_id": 1, "param_name": "kernel", "param_value_internal": 0, "distribution": "{\"name\": \"CategoricalDistribution\", \"attributes\": {\"choices\": [\"linear\", \"laplacian\", \"rbf\"]}}"}
{"op_code": 6, "worker_id": "8d4ec8f4-5ac9-4660-a2e3-27651c9ddc6f-47280521058048", "trial_id": 1, "state": 1, "values": [0.31332218527644823], "datetime_complete": "2023-11-07T17:20:37.209703"}
{"op_code": 0, "worker_id": "27c7ce05-c015-4a65-838f-008353eddf24-47279818202944", "study_name": "KRR", "directions": [1]}
{"op_code": 4, "worker_id": "27c7ce05-c015-4a65-838f-008353eddf24-47280521058048", "study_id": 0, "datetime_start": "2023-11-07T17:27:26.991894"}
{"op_code": 5, "worker_id": "27c7ce05-c015-4a65-838f-008353eddf24-47280521058048", "trial_id": 2, "param_name": "alpha", "param_value_internal": 0.5940649226898713, "distribution": "{\"name\": \"FloatDistribution\", \"attributes\": {\"step\": null, \"low\": 0.0001, \"high\": 1.0, \"log\": false}}"}
{"op_code": 5, "worker_id": "27c7ce05-c015-4a65-838f-008353eddf24-47280521058048", "trial_id": 2, "param_name": "gamma", "param_value_internal": 3.041756008807317e-15, "distribution": "{\"name\": \"FloatDistribution\", \"attributes\": {\"step\": null, \"low\": 0.0, \"high\": 1e-14, \"log\": false}}"}
{"op_code": 5, "worker_id": "27c7ce05-c015-4a65-838f-008353eddf24-47280521058048", "trial_id": 2, "param_name": "kernel", "param_value_internal": 0, "distribution": "{\"name\": \"CategoricalDistribution\", \"attributes\": {\"choices\": [\"linear\", \"laplacian\", \"rbf\"]}}"}
{"op_code": 6, "worker_id": "27c7ce05-c015-4a65-838f-008353eddf24-47280521058048", "trial_id": 2, "state": 1, "values": [0.31081813887420157], "datetime_complete": "2023-11-07T17:27:27.032659"}
{"op_code": 0, "worker_id": "09516a39-1f03-472e-84f8-539374ace979-47279818202944", "study_name": "KRR", "directions": [1]}
{"op_code": 4, "worker_id": "09516a39-1f03-472e-84f8-539374ace979-47280521058048", "study_id": 0, "datetime_start": "2023-11-07T17:34:14.891806"}
{"op_code": 5, "worker_id": "09516a39-1f03-472e-84f8-539374ace979-47280521058048", "trial_id": 3, "param_name": "alpha", "param_value_internal": 0.7768047436190378, "distribution": "{\"name\": \"FloatDistribution\", \"attributes\": {\"step\": null, \"low\": 0.0001, \"high\": 1.0, \"log\": false}}"}
{"op_code": 5, "worker_id": "09516a39-1f03-472e-84f8-539374ace979-47280521058048", "trial_id": 3, "param_name": "gamma", "param_value_internal": 8.164249509533099e-15, "distribution": "{\"name\": \"FloatDistribution\", \"attributes\": {\"step\": null, \"low\": 0.0, \"high\": 1e-14, \"log\": false}}"}
{"op_code": 5, "worker_id": "09516a39-1f03-472e-84f8-539374ace979-47280521058048", "trial_id": 3, "param_name": "kernel", "param_value_internal": 2, "distribution": "{\"name\": \"CategoricalDistribution\", \"attributes\": {\"choices\": [\"linear\", \"laplacian\", \"rbf\"]}}"}
{"op_code": 6, "worker_id": "09516a39-1f03-472e-84f8-539374ace979-47280521058048", "trial_id": 3, "state": 1, "values": [0.31446177189011554], "datetime_complete": "2023-11-07T17:34:14.933315"}
{"op_code": 0, "worker_id": "d5fbbdab-d1ca-4c3a-b5dd-64ff30b0ef6b-47817365380928", "study_name": "KRR", "directions": [1]}
{"op_code": 4, "worker_id": "d5fbbdab-d1ca-4c3a-b5dd-64ff30b0ef6b-47818068719360", "study_id": 0, "datetime_start": "2023-11-14T15:01:53.055889"}
{"op_code": 5, "worker_id": "d5fbbdab-d1ca-4c3a-b5dd-64ff30b0ef6b-47818068719360", "trial_id": 4, "param_name": "alpha", "param_value_internal": 0.2470803376027958, "distribution": "{\"name\": \"FloatDistribution\", \"attributes\": {\"step\": null, \"low\": 0.0001, \"high\": 1.0, \"log\": false}}"}
{"op_code": 5, "worker_id": "d5fbbdab-d1ca-4c3a-b5dd-64ff30b0ef6b-47818068719360", "trial_id": 4, "param_name": "gamma", "param_value_internal": 2.505469635291485e-15, "distribution": "{\"name\": \"FloatDistribution\", \"attributes\": {\"step\": null, \"low\": 0.0, \"high\": 1e-14, \"log\": false}}"}
{"op_code": 5, "worker_id": "d5fbbdab-d1ca-4c3a-b5dd-64ff30b0ef6b-47818068719360", "trial_id": 4, "param_name": "kernel", "param_value_internal": 0, "distribution": "{\"name\": \"CategoricalDistribution\", \"attributes\": {\"choices\": [\"linear\", \"laplacian\", \"rbf\"]}}"}
{"op_code": 6, "worker_id": "d5fbbdab-d1ca-4c3a-b5dd-64ff30b0ef6b-47818068719360", "trial_id": 4, "state": 1, "values": [0.31380366291829537], "datetime_complete": "2023-11-14T15:01:53.098198"}
{"op_code": 0, "worker_id": "a421ce18-21b5-4cec-90de-6bcd78c86f55-47817365380928", "study_name": "KRR", "directions": [1]}
{"op_code": 4, "worker_id": "a421ce18-21b5-4cec-90de-6bcd78c86f55-47818068719360", "study_id": 0, "datetime_start": "2023-11-14T15:08:26.156444"}
{"op_code": 5, "worker_id": "a421ce18-21b5-4cec-90de-6bcd78c86f55-47818068719360", "trial_id": 5, "param_name": "alpha", "param_value_internal": 0.7134314429554975, "distribution": "{\"name\": \"FloatDistribution\", \"attributes\": {\"step\": null, \"low\": 0.0001, \"high\": 1.0, \"log\": false}}"}
{"op_code": 5, "worker_id": "a421ce18-21b5-4cec-90de-6bcd78c86f55-47818068719360", "trial_id": 5, "param_name": "gamma", "param_value_internal": 9.549953245246043e-15, "distribution": "{\"name\": \"FloatDistribution\", \"attributes\": {\"step\": null, \"low\": 0.0, \"high\": 1e-14, \"log\": false}}"}
{"op_code": 5, "worker_id": "a421ce18-21b5-4cec-90de-6bcd78c86f55-47818068719360", "trial_id": 5, "param_name": "kernel", "param_value_internal": 1, "distribution": "{\"name\": \"CategoricalDistribution\", \"attributes\": {\"choices\": [\"linear\", \"laplacian\", \"rbf\"]}}"}
{"op_code": 6, "worker_id": "a421ce18-21b5-4cec-90de-6bcd78c86f55-47818068719360", "trial_id": 5, "state": 1, "values": [0.3136812940473645], "datetime_complete": "2023-11-14T15:08:26.195860"}
{"op_code": 0, "worker_id": "75504a13-cab9-42e8-85d1-fa6277b46003-47817365380928", "study_name": "KRR", "directions": [1]}
{"op_code": 4, "worker_id": "75504a13-cab9-42e8-85d1-fa6277b46003-47818068719360", "study_id": 0, "datetime_start": "2023-11-14T15:15:03.382692"}
{"op_code": 5, "worker_id": "75504a13-cab9-42e8-85d1-fa6277b46003-47818068719360", "trial_id": 6, "param_name": "alpha", "param_value_internal": 0.7196177200648476, "distribution": "{\"name\": \"FloatDistribution\", \"attributes\": {\"step\": null, \"low\": 0.0001, \"high\": 1.0, \"log\": false}}"}
{"op_code": 5, "worker_id": "75504a13-cab9-42e8-85d1-fa6277b46003-47818068719360", "trial_id": 6, "param_name": "gamma", "param_value_internal": 4.310213016511817e-15, "distribution": "{\"name\": \"FloatDistribution\", \"attributes\": {\"step\": null, \"low\": 0.0, \"high\": 1e-14, \"log\": false}}"}
{"op_code": 5, "worker_id": "75504a13-cab9-42e8-85d1-fa6277b46003-47818068719360", "trial_id": 6, "param_name": "kernel", "param_value_internal": 1, "distribution": "{\"name\": \"CategoricalDistribution\", \"attributes\": {\"choices\": [\"linear\", \"laplacian\", \"rbf\"]}}"}
{"op_code": 6, "worker_id": "75504a13-cab9-42e8-85d1-fa6277b46003-47818068719360", "trial_id": 6, "state": 1, "values": [0.31592638231633247], "datetime_complete": "2023-11-14T15:15:03.422274"}
{"op_code": 0, "worker_id": "dcf9cc0f-8023-41b4-9de7-670118f08766-47817365380928", "study_name": "KRR", "directions": [1]}
{"op_code": 4, "worker_id": "dcf9cc0f-8023-41b4-9de7-670118f08766-47818068719360", "study_id": 0, "datetime_start": "2023-11-14T15:21:40.931109"}
{"op_code": 5, "worker_id": "dcf9cc0f-8023-41b4-9de7-670118f08766-47818068719360", "trial_id": 7, "param_name": "alpha", "param_value_internal": 0.7219294871251334, "distribution": "{\"name\": \"FloatDistribution\", \"attributes\": {\"step\": null, \"low\": 0.0001, \"high\": 1.0, \"log\": false}}"}
{"op_code": 5, "worker_id": "dcf9cc0f-8023-41b4-9de7-670118f08766-47818068719360", "trial_id": 7, "param_name": "gamma", "param_value_internal": 7.975906410805755e-15, "distribution": "{\"name\": \"FloatDistribution\", \"attributes\": {\"step\": null, \"low\": 0.0, \"high\": 1e-14, \"log\": false}}"}
{"op_code": 5, "worker_id": "dcf9cc0f-8023-41b4-9de7-670118f08766-47818068719360", "trial_id": 7, "param_name": "kernel", "param_value_internal": 2, "distribution": "{\"name\": \"CategoricalDistribution\", \"attributes\": {\"choices\": [\"linear\", \"laplacian\", \"rbf\"]}}"}
{"op_code": 6, "worker_id": "dcf9cc0f-8023-41b4-9de7-670118f08766-47818068719360", "trial_id": 7, "state": 1, "values": [0.3132915680823752], "datetime_complete": "2023-11-14T15:21:40.970488"}
