{"op_code": 0, "worker_id": "e8c0e5c2-bdd5-4e7e-9527-efd89bbeb739-47279818202944", "study_name": "linear", "directions": [1]}
{"op_code": 4, "worker_id": "e8c0e5c2-bdd5-4e7e-9527-efd89bbeb739-47280521058048", "study_id": 0, "datetime_start": "2023-11-07T17:13:51.483962"}
{"op_code": 8, "worker_id": "e8c0e5c2-bdd5-4e7e-9527-efd89bbeb739-47280521058048", "trial_id": 0, "user_attr": {"fit_intercept": true}}
{"op_code": 5, "worker_id": "e8c0e5c2-bdd5-4e7e-9527-efd89bbeb739-47280521058048", "trial_id": 0, "param_name": "alpha", "param_value_internal": 0.0028559394331091055, "distribution": "{\"name\": \"FloatDistribution\", \"attributes\": {\"step\": null, \"low\": 1e-05, \"high\": 0.1, \"log\": false}}"}
{"op_code": 5, "worker_id": "e8c0e5c2-bdd5-4e7e-9527-efd89bbeb739-47280521058048", "trial_id": 0, "param_name": "l1_ratio", "param_value_internal": 0.14982609602742103, "distribution": "{\"name\": \"FloatDistribution\", \"attributes\": {\"step\": null, \"low\": 0.0, \"high\": 1.0, \"log\": false}}"}
{"op_code": 6, "worker_id": "e8c0e5c2-bdd5-4e7e-9527-efd89bbeb739-47280521058048", "trial_id": 0, "state": 1, "values": [0.3069047936495366], "datetime_complete": "2023-11-07T17:13:51.511658"}
{"op_code": 0, "worker_id": "47e23cff-0ee8-46c5-8f53-27a1b5fe78b6-47279818202944", "study_name": "linear", "directions": [1]}
{"op_code": 4, "worker_id": "47e23cff-0ee8-46c5-8f53-27a1b5fe78b6-47280521058048", "study_id": 0, "datetime_start": "2023-11-07T17:20:37.126571"}
{"op_code": 8, "worker_id": "47e23cff-0ee8-46c5-8f53-27a1b5fe78b6-47280521058048", "trial_id": 1, "user_attr": {"fit_intercept": true}}
{"op_code": 5, "worker_id": "47e23cff-0ee8-46c5-8f53-27a1b5fe78b6-47280521058048", "trial_id": 1, "param_name": "alpha", "param_value_internal": 0.013433991380932625, "distribution": "{\"name\": \"FloatDistribution\", \"attributes\": {\"step\": null, \"low\": 1e-05, \"high\": 0.1, \"log\": false}}"}
{"op_code": 5, "worker_id": "47e23cff-0ee8-46c5-8f53-27a1b5fe78b6-47280521058048", "trial_id": 1, "param_name": "l1_ratio", "param_value_internal": 0.10770453265657365, "distribution": "{\"name\": \"FloatDistribution\", \"attributes\": {\"step\": null, \"low\": 0.0, \"high\": 1.0, \"log\": false}}"}
{"op_code": 6, "worker_id": "47e23cff-0ee8-46c5-8f53-27a1b5fe78b6-47280521058048", "trial_id": 1, "state": 1, "values": [0.3074872570942636], "datetime_complete": "2023-11-07T17:20:37.154892"}
{"op_code": 0, "worker_id": "fdae667f-73a5-410a-856d-809e7e4601bd-47279818202944", "study_name": "linear", "directions": [1]}
{"op_code": 4, "worker_id": "fdae667f-73a5-410a-856d-809e7e4601bd-47280521058048", "study_id": 0, "datetime_start": "2023-11-07T17:27:26.953581"}
{"op_code": 8, "worker_id": "fdae667f-73a5-410a-856d-809e7e4601bd-47280521058048", "trial_id": 2, "user_attr": {"fit_intercept": true}}
{"op_code": 5, "worker_id": "fdae667f-73a5-410a-856d-809e7e4601bd-47280521058048", "trial_id": 2, "param_name": "alpha", "param_value_internal": 0.08427631044709506, "distribution": "{\"name\": \"FloatDistribution\", \"attributes\": {\"step\": null, \"low\": 1e-05, \"high\": 0.1, \"log\": false}}"}
{"op_code": 5, "worker_id": "fdae667f-73a5-410a-856d-809e7e4601bd-47280521058048", "trial_id": 2, "param_name": "l1_ratio", "param_value_internal": 0.8767073161656561, "distribution": "{\"name\": \"FloatDistribution\", \"attributes\": {\"step\": null, \"low\": 0.0, \"high\": 1.0, \"log\": false}}"}
{"op_code": 6, "worker_id": "fdae667f-73a5-410a-856d-809e7e4601bd-47280521058048", "trial_id": 2, "state": 1, "values": [0.30743025567346605], "datetime_complete": "2023-11-07T17:27:26.981928"}
{"op_code": 0, "worker_id": "7a1fc131-4e3e-4c72-a54a-53068d157442-47279818202944", "study_name": "linear", "directions": [1]}
{"op_code": 4, "worker_id": "7a1fc131-4e3e-4c72-a54a-53068d157442-47280521058048", "study_id": 0, "datetime_start": "2023-11-07T17:34:14.852785"}
{"op_code": 8, "worker_id": "7a1fc131-4e3e-4c72-a54a-53068d157442-47280521058048", "trial_id": 3, "user_attr": {"fit_intercept": true}}
{"op_code": 5, "worker_id": "7a1fc131-4e3e-4c72-a54a-53068d157442-47280521058048", "trial_id": 3, "param_name": "alpha", "param_value_internal": 0.06705708988699799, "distribution": "{\"name\": \"FloatDistribution\", \"attributes\": {\"step\": null, \"low\": 1e-05, \"high\": 0.1, \"log\": false}}"}
{"op_code": 5, "worker_id": "7a1fc131-4e3e-4c72-a54a-53068d157442-47280521058048", "trial_id": 3, "param_name": "l1_ratio", "param_value_internal": 0.4580442582785542, "distribution": "{\"name\": \"FloatDistribution\", \"attributes\": {\"step\": null, \"low\": 0.0, \"high\": 1.0, \"log\": false}}"}
{"op_code": 6, "worker_id": "7a1fc131-4e3e-4c72-a54a-53068d157442-47280521058048", "trial_id": 3, "state": 1, "values": [0.3073494666108683], "datetime_complete": "2023-11-07T17:34:14.882345"}
{"op_code": 0, "worker_id": "e93d0025-c402-47c9-b707-a1075d24c9d6-6556", "study_name": "linear", "directions": [1]}
{"op_code": 0, "worker_id": "8cebd4b1-1d6a-4604-9998-3a7a98ffb641-6556", "study_name": "linear", "directions": [1]}
{"op_code": 0, "worker_id": "46e54700-ce6c-475f-bffe-78f0c51b952c-6556", "study_name": "linear", "directions": [1]}
{"op_code": 0, "worker_id": "38313331-0b4c-4877-95a6-5bcc69cba93e-6556", "study_name": "linear", "directions": [1]}
{"op_code": 0, "worker_id": "df46b565-872c-4bbf-ba73-df37bc5c23ea-2012", "study_name": "linear", "directions": [1]}
{"op_code": 0, "worker_id": "42ac5e3c-3dc6-4a75-ae2b-cefdd3c2d439-2012", "study_name": "linear", "directions": [1]}
{"op_code": 0, "worker_id": "9daa0485-b24f-4790-8065-7e63c2aef4cc-2012", "study_name": "linear", "directions": [1]}
{"op_code": 0, "worker_id": "c2cb5530-489b-4226-afe4-d536079721c8-2012", "study_name": "linear", "directions": [1]}
{"op_code": 0, "worker_id": "39612e7c-7da3-46fb-b336-af759417fdd0-2012", "study_name": "linear", "directions": [1]}
{"op_code": 4, "worker_id": "df46b565-872c-4bbf-ba73-df37bc5c23ea-13764", "study_id": 0, "datetime_start": "2023-11-14T13:26:08.336825"}
{"op_code": 8, "worker_id": "df46b565-872c-4bbf-ba73-df37bc5c23ea-13764", "trial_id": 4, "user_attr": {"fit_intercept": true}}
{"op_code": 5, "worker_id": "df46b565-872c-4bbf-ba73-df37bc5c23ea-13764", "trial_id": 4, "param_name": "alpha", "param_value_internal": 0.09697197910986512, "distribution": "{\"name\": \"FloatDistribution\", \"attributes\": {\"step\": null, \"low\": 1e-05, \"high\": 0.1, \"log\": false}}"}
{"op_code": 5, "worker_id": "df46b565-872c-4bbf-ba73-df37bc5c23ea-13764", "trial_id": 4, "param_name": "l1_ratio", "param_value_internal": 0.5441507502879366, "distribution": "{\"name\": \"FloatDistribution\", \"attributes\": {\"step\": null, \"low\": 0.0, \"high\": 1.0, \"log\": false}}"}
{"op_code": 6, "worker_id": "df46b565-872c-4bbf-ba73-df37bc5c23ea-13764", "trial_id": 4, "state": 1, "values": [0.3078053636620142], "datetime_complete": "2023-11-14T13:26:08.436848"}
{"op_code": 0, "worker_id": "c51fbe8a-73b8-43bb-bac4-1279f862e66f-4160", "study_name": "linear", "directions": [1]}
{"op_code": 0, "worker_id": "2b2ea2da-6800-4241-a122-eac38bcbf0be-4160", "study_name": "linear", "directions": [1]}
{"op_code": 0, "worker_id": "6562e16e-3806-40a1-9f8b-d696e858b0c6-4160", "study_name": "linear", "directions": [1]}
{"op_code": 0, "worker_id": "b618a847-1c84-431e-83ee-3df52a12f4f4-4160", "study_name": "linear", "directions": [1]}
{"op_code": 0, "worker_id": "77a73dd3-5049-4f91-8179-670498c7657c-4160", "study_name": "linear", "directions": [1]}
{"op_code": 0, "worker_id": "0a384604-6e08-43e6-b5f8-f57f218412eb-4160", "study_name": "linear", "directions": [1]}
{"op_code": 0, "worker_id": "5907c537-a02e-4bb9-b35c-0d4deb7e3ca4-4160", "study_name": "linear", "directions": [1]}
{"op_code": 0, "worker_id": "db3bd418-cda4-43d8-82e7-79ba9ed5acf4-4160", "study_name": "linear", "directions": [1]}
{"op_code": 0, "worker_id": "1526f44b-63cb-42d0-89e0-ee7cbcc512dd-4160", "study_name": "linear", "directions": [1]}
{"op_code": 0, "worker_id": "509c0e85-efc6-4bd1-b207-f45264e038e9-4160", "study_name": "linear", "directions": [1]}
{"op_code": 0, "worker_id": "35b77321-7ef4-4885-b40c-58ecedc7e510-4160", "study_name": "linear", "directions": [1]}
{"op_code": 0, "worker_id": "0fde3f59-6482-4956-89ec-79ec771709e1-4160", "study_name": "linear", "directions": [1]}
{"op_code": 0, "worker_id": "20c2955a-9324-462e-9168-9e42c8779417-4160", "study_name": "linear", "directions": [1]}
{"op_code": 0, "worker_id": "4617527a-e580-40c7-832f-3ce742009d36-4160", "study_name": "linear", "directions": [1]}
{"op_code": 0, "worker_id": "518c9af9-b0b7-4ccc-93f1-ec7ab7c9e2ee-4160", "study_name": "linear", "directions": [1]}
{"op_code": 0, "worker_id": "38df940c-48bb-49c0-ab35-5d2e7b9e130e-4160", "study_name": "linear", "directions": [1]}
{"op_code": 0, "worker_id": "6eda05d5-3315-4b9e-b9cb-9d54cd783395-4160", "study_name": "linear", "directions": [1]}
{"op_code": 0, "worker_id": "9ffc52d3-b789-41dd-833c-ef9a11bc2cbf-4160", "study_name": "linear", "directions": [1]}
{"op_code": 0, "worker_id": "aece28fa-2473-4614-a665-e30339cbe862-4160", "study_name": "linear", "directions": [1]}
{"op_code": 0, "worker_id": "d8d6afe8-ef81-49f3-bbd0-785a54e9b664-4160", "study_name": "linear", "directions": [1]}
{"op_code": 0, "worker_id": "8951dfdc-c5ed-4d24-b3ee-1048eab8babd-4160", "study_name": "linear", "directions": [1]}
{"op_code": 0, "worker_id": "19ebc2ee-9d1b-4fd0-9b58-dc2e7d1abecc-4160", "study_name": "linear", "directions": [1]}
{"op_code": 0, "worker_id": "b4436d06-ba86-46ae-acf1-40e5270d4235-4160", "study_name": "linear", "directions": [1]}
{"op_code": 0, "worker_id": "add0c044-df5c-4e11-a9fc-185beac108d5-4160", "study_name": "linear", "directions": [1]}
{"op_code": 0, "worker_id": "ade0d7ea-2ae3-405a-9784-66e3bda142e8-4160", "study_name": "linear", "directions": [1]}
{"op_code": 0, "worker_id": "41cf4df9-5370-45cb-b731-20a776d49f96-4160", "study_name": "linear", "directions": [1]}
{"op_code": 0, "worker_id": "0b9f9aab-7355-463e-9116-621aeb34c982-4160", "study_name": "linear", "directions": [1]}
{"op_code": 0, "worker_id": "2511d096-13cb-41a3-b471-37c9c2aee21d-4160", "study_name": "linear", "directions": [1]}
{"op_code": 0, "worker_id": "a24e1ea5-043b-4373-ac53-bf5f3ade580e-4160", "study_name": "linear", "directions": [1]}
{"op_code": 0, "worker_id": "6879b813-3a04-4799-ba79-4caa2a696d34-4160", "study_name": "linear", "directions": [1]}
{"op_code": 0, "worker_id": "c562a37a-d449-47ff-aad6-b6c03d27126e-4160", "study_name": "linear", "directions": [1]}
{"op_code": 0, "worker_id": "9176d967-3a7d-45c1-ab15-79f69774e974-4160", "study_name": "linear", "directions": [1]}
{"op_code": 0, "worker_id": "bc5a501c-d3c4-4b50-84ed-eea966521339-4160", "study_name": "linear", "directions": [1]}
{"op_code": 0, "worker_id": "27ad6947-3580-462b-a3ea-4e69a6c72db0-4160", "study_name": "linear", "directions": [1]}
{"op_code": 0, "worker_id": "d9e24408-ee5e-43ba-b957-172a27d6e998-4160", "study_name": "linear", "directions": [1]}
{"op_code": 0, "worker_id": "b0a6a40b-a7ee-4001-8695-1ab4afcd73f4-4160", "study_name": "linear", "directions": [1]}
{"op_code": 0, "worker_id": "28f6e796-ca47-4c12-8ce0-b8655d79cb58-4160", "study_name": "linear", "directions": [1]}
{"op_code": 0, "worker_id": "98968686-bd99-4d4a-98c0-77acce6aa42b-4160", "study_name": "linear", "directions": [1]}
{"op_code": 0, "worker_id": "9f57751e-2e79-4f2f-8c0f-eccb9499da00-4160", "study_name": "linear", "directions": [1]}
{"op_code": 0, "worker_id": "235f5171-18f0-40c0-b81e-35fc0840713a-4160", "study_name": "linear", "directions": [1]}
{"op_code": 0, "worker_id": "91e034bd-f574-42cb-a644-6151f0ae51fc-4160", "study_name": "linear", "directions": [1]}
{"op_code": 0, "worker_id": "5de278e1-bcda-46e0-a4d5-2354b1ce11af-4160", "study_name": "linear", "directions": [1]}
{"op_code": 0, "worker_id": "1f010546-3619-40f3-b432-db0b940027b8-4160", "study_name": "linear", "directions": [1]}
{"op_code": 0, "worker_id": "74b43b81-158e-449d-b9ff-fddda1169b46-4160", "study_name": "linear", "directions": [1]}
{"op_code": 0, "worker_id": "04c156cd-a570-41f1-bdc5-dd0ba6b5711f-4160", "study_name": "linear", "directions": [1]}
{"op_code": 0, "worker_id": "733a08ca-0c94-4fc1-9c46-f799addf49f1-4160", "study_name": "linear", "directions": [1]}
{"op_code": 0, "worker_id": "ab8e9bb7-7dbd-47f8-afe0-2e93491d400c-4160", "study_name": "linear", "directions": [1]}
{"op_code": 0, "worker_id": "a60cdf47-168f-47e0-a96d-48c680967592-4160", "study_name": "linear", "directions": [1]}
{"op_code": 0, "worker_id": "9fba697c-d63d-48d6-bd08-500e54f2451c-4160", "study_name": "linear", "directions": [1]}
{"op_code": 0, "worker_id": "224ca6a1-79dc-4d89-bda1-ec5cc733fb3c-4160", "study_name": "linear", "directions": [1]}
{"op_code": 0, "worker_id": "e3c64e94-44f0-41d6-b570-595343e13295-4160", "study_name": "linear", "directions": [1]}
{"op_code": 0, "worker_id": "54ab4ede-595e-48cc-8c2b-689fc2747b80-4160", "study_name": "linear", "directions": [1]}
{"op_code": 0, "worker_id": "3182a162-f322-466b-8e9e-796f9df0020b-4160", "study_name": "linear", "directions": [1]}
{"op_code": 0, "worker_id": "6ed58ea0-42e3-4f4f-bced-f0eebba5e8b6-4160", "study_name": "linear", "directions": [1]}
{"op_code": 0, "worker_id": "a8942ab9-56a7-424a-acc5-409683e410fe-4160", "study_name": "linear", "directions": [1]}
{"op_code": 0, "worker_id": "fbd909f1-721c-4e4a-b2db-807c5bb00832-4160", "study_name": "linear", "directions": [1]}
{"op_code": 0, "worker_id": "8abf442a-203d-4722-951b-5405bc621951-4160", "study_name": "linear", "directions": [1]}
{"op_code": 0, "worker_id": "b452b569-efde-46c9-8182-41f2c54e808b-4160", "study_name": "linear", "directions": [1]}
{"op_code": 0, "worker_id": "313ccfe0-b422-4923-a1cb-9e11d98b7340-4160", "study_name": "linear", "directions": [1]}
{"op_code": 0, "worker_id": "dcecca00-dbd9-4ea4-83de-80a9ecf40a9f-4160", "study_name": "linear", "directions": [1]}
{"op_code": 0, "worker_id": "bbea3d87-d502-453b-9266-e6ce03f8d188-4160", "study_name": "linear", "directions": [1]}
{"op_code": 0, "worker_id": "ead4443c-5265-45c7-b9e1-91a9cb3e9c14-4160", "study_name": "linear", "directions": [1]}
{"op_code": 0, "worker_id": "e85c6ea0-dd03-4366-a314-8f1a8fb323ee-4160", "study_name": "linear", "directions": [1]}
{"op_code": 0, "worker_id": "74681495-c672-442c-b76b-dafd40a5c3b9-4160", "study_name": "linear", "directions": [1]}
{"op_code": 0, "worker_id": "a6971cda-03d2-4b35-8620-f335d178dbba-4160", "study_name": "linear", "directions": [1]}
{"op_code": 0, "worker_id": "70e03999-7298-43d0-94c4-65b8b0c5550b-4160", "study_name": "linear", "directions": [1]}
{"op_code": 0, "worker_id": "60890cbb-6ef3-4f9b-a77f-d76077ba8013-4160", "study_name": "linear", "directions": [1]}
{"op_code": 0, "worker_id": "b8c6a8f9-3a2d-4ed0-a3df-e703434e57e8-4160", "study_name": "linear", "directions": [1]}
{"op_code": 0, "worker_id": "ae090350-6d0a-465d-ba5a-734689689747-4160", "study_name": "linear", "directions": [1]}
{"op_code": 0, "worker_id": "e4681e7e-5b23-4670-b5b5-69c18cc3a674-4160", "study_name": "linear", "directions": [1]}
{"op_code": 0, "worker_id": "31643b17-08e8-4c2e-8a23-127e0e6940f6-4160", "study_name": "linear", "directions": [1]}
{"op_code": 0, "worker_id": "9fc1ef3b-1f3d-4cf8-9516-7498ed935edd-4160", "study_name": "linear", "directions": [1]}
{"op_code": 0, "worker_id": "3c97edc1-5d98-4064-a78f-ee550a75edec-4160", "study_name": "linear", "directions": [1]}
{"op_code": 0, "worker_id": "8d44ed96-10d9-4f36-8202-e7958132abda-4160", "study_name": "linear", "directions": [1]}
{"op_code": 0, "worker_id": "59aa220c-8baa-4299-845b-531b2858e8d2-4160", "study_name": "linear", "directions": [1]}
{"op_code": 0, "worker_id": "08693171-ef4a-4b0f-b795-e6b24e627114-4160", "study_name": "linear", "directions": [1]}
{"op_code": 0, "worker_id": "3f4889a6-1acf-46e2-8cda-97f9acc10204-4160", "study_name": "linear", "directions": [1]}
{"op_code": 0, "worker_id": "c406154d-1d6c-4f73-b994-1c8ddef9b1de-4160", "study_name": "linear", "directions": [1]}
{"op_code": 0, "worker_id": "fb970529-e810-4137-b271-f1e76e5d2f63-4160", "study_name": "linear", "directions": [1]}
{"op_code": 0, "worker_id": "39722007-ea94-47dd-a33c-af573b05e07d-4160", "study_name": "linear", "directions": [1]}
{"op_code": 0, "worker_id": "921a1212-1eca-4072-bd0c-68c38de97cdf-4160", "study_name": "linear", "directions": [1]}
{"op_code": 0, "worker_id": "29661b05-30b5-41e3-9429-b84e6263b67d-4160", "study_name": "linear", "directions": [1]}
{"op_code": 0, "worker_id": "2448b6d9-12dd-4b61-8593-32d048fae567-4160", "study_name": "linear", "directions": [1]}
{"op_code": 0, "worker_id": "06485b2a-cc20-4d97-88d4-54cbcecbc9c2-4160", "study_name": "linear", "directions": [1]}
{"op_code": 0, "worker_id": "f54c0ec3-74d0-4d86-9911-8a62f4918010-4160", "study_name": "linear", "directions": [1]}
{"op_code": 0, "worker_id": "7f1bfec0-e961-4a34-a084-781ae3193af1-4160", "study_name": "linear", "directions": [1]}
{"op_code": 0, "worker_id": "93563a72-794a-4cc8-8f95-e558ea628439-4160", "study_name": "linear", "directions": [1]}
{"op_code": 0, "worker_id": "1b9d7ce1-cea7-46f3-874c-71e263048055-4160", "study_name": "linear", "directions": [1]}
{"op_code": 0, "worker_id": "12bac75e-4202-480b-a836-3a63ecf98d38-4160", "study_name": "linear", "directions": [1]}
{"op_code": 0, "worker_id": "f5299ba2-9285-4e42-bccc-c0fb46cb4cef-4160", "study_name": "linear", "directions": [1]}
{"op_code": 0, "worker_id": "a98603ec-4472-4d22-9328-7fc385cbb5d0-4160", "study_name": "linear", "directions": [1]}
{"op_code": 0, "worker_id": "ed187ac0-aa3f-4374-9c44-ef5cf72e3191-4160", "study_name": "linear", "directions": [1]}
{"op_code": 0, "worker_id": "29c55ee6-2957-4073-83fe-b11e6f36a60d-4160", "study_name": "linear", "directions": [1]}
{"op_code": 0, "worker_id": "7db22c36-70e8-4d78-8a30-746f1901512d-4160", "study_name": "linear", "directions": [1]}
{"op_code": 0, "worker_id": "3d62af07-708c-472b-9104-979d6924bedc-4160", "study_name": "linear", "directions": [1]}
{"op_code": 0, "worker_id": "c58f0a05-3fcb-4d17-ad65-cc53c586c41b-4160", "study_name": "linear", "directions": [1]}
{"op_code": 0, "worker_id": "1f2cbf52-0b4d-4bad-a3e5-985d4ef98ecc-4160", "study_name": "linear", "directions": [1]}
{"op_code": 0, "worker_id": "76c948b8-8758-43c2-ac46-d08eaf2574f5-4160", "study_name": "linear", "directions": [1]}
{"op_code": 0, "worker_id": "f6817f0f-169e-4b6d-a6a0-95494cb10ac3-4160", "study_name": "linear", "directions": [1]}
{"op_code": 0, "worker_id": "127e9118-25a9-4126-b680-d77679a42bce-4160", "study_name": "linear", "directions": [1]}
{"op_code": 0, "worker_id": "2c904b05-9b7c-4fae-a6c0-2d249637ce64-4160", "study_name": "linear", "directions": [1]}
{"op_code": 0, "worker_id": "fd218b24-21dd-4584-83e4-806c9191d599-4160", "study_name": "linear", "directions": [1]}
{"op_code": 0, "worker_id": "54f9e9f7-c195-4081-a202-f7c20a52e603-4160", "study_name": "linear", "directions": [1]}
{"op_code": 0, "worker_id": "76edf0df-bae6-4214-9a1a-d59da350688d-4160", "study_name": "linear", "directions": [1]}
{"op_code": 0, "worker_id": "fca04352-5e2a-4325-8c5f-d6b0e6db5518-4160", "study_name": "linear", "directions": [1]}
{"op_code": 0, "worker_id": "33776eee-1823-431b-8f4e-876ee628fb79-4160", "study_name": "linear", "directions": [1]}
{"op_code": 0, "worker_id": "09d9299c-25ee-4e56-b839-c99e14d81576-4160", "study_name": "linear", "directions": [1]}
{"op_code": 0, "worker_id": "e455a12a-4d13-41b7-8c1c-6d77a047b52c-4160", "study_name": "linear", "directions": [1]}
{"op_code": 0, "worker_id": "9935b433-8fb8-40bd-8c03-a880fabd6eda-4160", "study_name": "linear", "directions": [1]}
{"op_code": 0, "worker_id": "fd991386-ed64-48e1-94a1-b23bccb2e9a4-4160", "study_name": "linear", "directions": [1]}
{"op_code": 0, "worker_id": "a6cf4dd8-c0fb-49f5-a4fc-91ec514d6820-4160", "study_name": "linear", "directions": [1]}
{"op_code": 0, "worker_id": "fa22b15d-91c1-4056-8d89-8bfad7addae8-4160", "study_name": "linear", "directions": [1]}
{"op_code": 0, "worker_id": "86c6a663-4035-42fb-9786-6b2c117a3072-4160", "study_name": "linear", "directions": [1]}
{"op_code": 0, "worker_id": "d93ffea8-77b5-474c-aef1-301b2d2ee2a3-4160", "study_name": "linear", "directions": [1]}
{"op_code": 0, "worker_id": "3af86e79-7571-411e-9dc8-98be4327e607-4160", "study_name": "linear", "directions": [1]}
{"op_code": 0, "worker_id": "0cb64e19-0e46-4c21-a0d5-f06cbea81029-4160", "study_name": "linear", "directions": [1]}
{"op_code": 0, "worker_id": "9daa0723-62cc-46a6-a9a5-35cdb7a87333-4160", "study_name": "linear", "directions": [1]}
{"op_code": 0, "worker_id": "7b042b41-6c19-4f79-96ac-eafb6a4058c4-4160", "study_name": "linear", "directions": [1]}
{"op_code": 0, "worker_id": "e69e9434-7214-4b5d-b750-11a65f350a1b-4160", "study_name": "linear", "directions": [1]}
{"op_code": 0, "worker_id": "40e8afc8-fccf-44e6-9f98-bf3f629e97ff-4160", "study_name": "linear", "directions": [1]}
{"op_code": 0, "worker_id": "249b9be8-22b7-4f12-94bf-02d037122558-4160", "study_name": "linear", "directions": [1]}
{"op_code": 0, "worker_id": "38a92d7f-cf13-4376-a5ed-6c98e5389181-4160", "study_name": "linear", "directions": [1]}
{"op_code": 0, "worker_id": "fd376867-4ad7-485f-aa5c-8fb8c3591b26-4160", "study_name": "linear", "directions": [1]}
{"op_code": 0, "worker_id": "84583aa4-0d0f-49f2-9766-ded53e4040dd-4160", "study_name": "linear", "directions": [1]}
{"op_code": 0, "worker_id": "11943efc-bfc4-4083-bf20-89a62d343030-4160", "study_name": "linear", "directions": [1]}
{"op_code": 0, "worker_id": "18b59514-28ac-4895-8a0a-a77ec650809b-4160", "study_name": "linear", "directions": [1]}
{"op_code": 0, "worker_id": "2212a21e-176c-4042-8eb7-9d358197f10d-4160", "study_name": "linear", "directions": [1]}
{"op_code": 0, "worker_id": "9ab78f0b-8e98-4bf3-b759-5665bd501c61-4160", "study_name": "linear", "directions": [1]}
{"op_code": 0, "worker_id": "f7d92686-fe4b-4bfc-bff3-8d21742428fd-4160", "study_name": "linear", "directions": [1]}
{"op_code": 0, "worker_id": "6cb40e81-8d66-42f8-bebc-3c329dafdafb-4160", "study_name": "linear", "directions": [1]}
{"op_code": 0, "worker_id": "a046fd7f-aa69-4d18-8574-8be8172be102-4160", "study_name": "linear", "directions": [1]}
{"op_code": 0, "worker_id": "3b6ecaf1-adc5-4861-9771-36faa56d93fc-4160", "study_name": "linear", "directions": [1]}
{"op_code": 0, "worker_id": "b498541e-d213-44d0-871c-ed95c270318a-4160", "study_name": "linear", "directions": [1]}
{"op_code": 0, "worker_id": "561fe7e8-e337-46f9-82ff-566f6a05fc4f-4160", "study_name": "linear", "directions": [1]}
{"op_code": 0, "worker_id": "9f101643-505a-4ab3-a6c6-491218572b4c-4160", "study_name": "linear", "directions": [1]}
{"op_code": 0, "worker_id": "3cf416cd-f0eb-4230-8279-9982ebbbf71b-4160", "study_name": "linear", "directions": [1]}
{"op_code": 0, "worker_id": "f0d90140-9836-4877-b878-ecfbb0724d6d-4160", "study_name": "linear", "directions": [1]}
{"op_code": 0, "worker_id": "140e360e-a161-46e8-8e02-cbc94a8bc7f5-4160", "study_name": "linear", "directions": [1]}
{"op_code": 0, "worker_id": "8fb5163a-7e95-4415-9c04-81e1713bb460-4160", "study_name": "linear", "directions": [1]}
{"op_code": 0, "worker_id": "07650ff8-96f7-40b5-b054-e590ff33eca7-4160", "study_name": "linear", "directions": [1]}
{"op_code": 0, "worker_id": "3592aba8-e519-49b9-8fd9-65c4a7a89470-4160", "study_name": "linear", "directions": [1]}
{"op_code": 0, "worker_id": "5425d5c0-c95c-4191-bfac-6b0972238f90-4160", "study_name": "linear", "directions": [1]}
{"op_code": 0, "worker_id": "5e2b2d3d-83e6-4b9b-a132-0db18445fe12-4160", "study_name": "linear", "directions": [1]}
{"op_code": 0, "worker_id": "3bd12850-3d72-4440-9892-55bbb2831a6d-4160", "study_name": "linear", "directions": [1]}
{"op_code": 0, "worker_id": "d9cf6c56-424e-41e1-b540-1082ea115768-4160", "study_name": "linear", "directions": [1]}
{"op_code": 0, "worker_id": "cc3dda51-bcaf-4f4b-8d49-10c330de62ee-4160", "study_name": "linear", "directions": [1]}
{"op_code": 0, "worker_id": "86baa6bc-1044-4b30-9217-a70c7e223fa4-4160", "study_name": "linear", "directions": [1]}
{"op_code": 0, "worker_id": "24db1358-2c77-4597-8bd3-65e885719955-4160", "study_name": "linear", "directions": [1]}
{"op_code": 0, "worker_id": "6ae9491c-ad95-49fa-9f4a-79cb985169c5-4160", "study_name": "linear", "directions": [1]}
{"op_code": 0, "worker_id": "fa040ac9-5b37-4768-a58a-329802bcf87c-4160", "study_name": "linear", "directions": [1]}
{"op_code": 0, "worker_id": "fcda8e3e-2a56-4e81-97b3-c87091a32f8f-4160", "study_name": "linear", "directions": [1]}
{"op_code": 0, "worker_id": "cca6a35e-c950-4c3a-8f71-7370ece7c607-4160", "study_name": "linear", "directions": [1]}
{"op_code": 0, "worker_id": "50becb44-a97d-48aa-a57e-b2c33b135ca9-4160", "study_name": "linear", "directions": [1]}
{"op_code": 0, "worker_id": "23f32abe-ca13-4230-9f3f-51bb2026300e-4160", "study_name": "linear", "directions": [1]}
{"op_code": 0, "worker_id": "09be3d3c-2819-4e75-bb5b-621ae385be0f-4160", "study_name": "linear", "directions": [1]}
{"op_code": 0, "worker_id": "f486c349-6cf6-42e0-bb23-9374f85dced8-4160", "study_name": "linear", "directions": [1]}
{"op_code": 0, "worker_id": "1c2c98e2-8301-4633-bc6d-163b52900557-4160", "study_name": "linear", "directions": [1]}
{"op_code": 0, "worker_id": "9e2fd632-d601-4d01-bc05-7db98ee44a4d-4160", "study_name": "linear", "directions": [1]}
{"op_code": 0, "worker_id": "74d0e41b-4d32-41ef-880c-36873c31aa53-4160", "study_name": "linear", "directions": [1]}
{"op_code": 0, "worker_id": "d29544ae-be72-4378-bfb9-356d37efdbab-4160", "study_name": "linear", "directions": [1]}
{"op_code": 0, "worker_id": "38ecee29-eea0-47e7-a93c-5d79df932a32-4160", "study_name": "linear", "directions": [1]}
{"op_code": 0, "worker_id": "0574657d-ae1e-4c77-86d9-c07161a613fe-4160", "study_name": "linear", "directions": [1]}
{"op_code": 0, "worker_id": "b8b35734-e2c3-4199-bd25-8ffe09c1e2ca-4160", "study_name": "linear", "directions": [1]}
{"op_code": 0, "worker_id": "37e52ce4-c4f5-4ca7-92e7-13a82f701f6c-4160", "study_name": "linear", "directions": [1]}
{"op_code": 0, "worker_id": "94b8f18d-090e-4ac5-a1a9-633c1538dae9-4160", "study_name": "linear", "directions": [1]}
{"op_code": 0, "worker_id": "1d93071a-a02a-4bc9-b4e7-48f02f3c3267-4160", "study_name": "linear", "directions": [1]}
{"op_code": 0, "worker_id": "83fc5af4-e225-44b3-a74a-b08128d99960-4160", "study_name": "linear", "directions": [1]}
{"op_code": 0, "worker_id": "62eba1d7-89f5-4cb7-94ca-063020acbcec-4160", "study_name": "linear", "directions": [1]}
{"op_code": 0, "worker_id": "c2223300-ade7-4d03-b487-751bb82c7728-4160", "study_name": "linear", "directions": [1]}
{"op_code": 0, "worker_id": "8bb3641c-40d0-4be2-b644-f96c35f38e8d-4160", "study_name": "linear", "directions": [1]}
{"op_code": 0, "worker_id": "09e9adbd-1941-41f9-878e-21cdde0a9230-4160", "study_name": "linear", "directions": [1]}
{"op_code": 0, "worker_id": "d0caca73-6198-4811-8d2f-a608aa251a89-4160", "study_name": "linear", "directions": [1]}
{"op_code": 0, "worker_id": "ac50e46e-5590-4b10-a275-4dc0ef83a442-4160", "study_name": "linear", "directions": [1]}
{"op_code": 0, "worker_id": "d075e85d-6920-4593-aad9-c97b22473bb7-4160", "study_name": "linear", "directions": [1]}
{"op_code": 0, "worker_id": "2ea2c61d-2789-4ad1-855a-0c5a6ab03096-4160", "study_name": "linear", "directions": [1]}
{"op_code": 0, "worker_id": "d500e41f-6064-4d5b-97d8-35a54e9f0ed8-4160", "study_name": "linear", "directions": [1]}
{"op_code": 0, "worker_id": "e164146a-e256-446e-abf2-c7f977ba44de-4160", "study_name": "linear", "directions": [1]}
{"op_code": 0, "worker_id": "49e23e68-530a-4b83-a971-a61031146601-4160", "study_name": "linear", "directions": [1]}
{"op_code": 0, "worker_id": "40c41d01-6285-4b79-a521-9ddaea1cf486-4160", "study_name": "linear", "directions": [1]}
{"op_code": 0, "worker_id": "bbc89493-bdb7-4da9-a4c9-6fa79431aa9a-4160", "study_name": "linear", "directions": [1]}
{"op_code": 0, "worker_id": "a2f9fbab-a885-43e4-b1d3-6770810f57a4-4160", "study_name": "linear", "directions": [1]}
{"op_code": 0, "worker_id": "8b411cf7-35fe-4dd4-8ca0-8318e3b13e1a-4160", "study_name": "linear", "directions": [1]}
{"op_code": 0, "worker_id": "93ef9652-d7d4-4ae8-86b5-6825d8694d77-4160", "study_name": "linear", "directions": [1]}
{"op_code": 0, "worker_id": "e73dea44-127c-422c-a2c4-91f795c50839-4160", "study_name": "linear", "directions": [1]}
{"op_code": 0, "worker_id": "2df900c8-7610-4d85-8e4a-4f112c9eef9d-4160", "study_name": "linear", "directions": [1]}
{"op_code": 0, "worker_id": "615b0746-57fc-429e-b748-5af012830f51-4160", "study_name": "linear", "directions": [1]}
{"op_code": 0, "worker_id": "0e8c5254-752b-4c63-8640-da6a20106371-4160", "study_name": "linear", "directions": [1]}
{"op_code": 0, "worker_id": "1c8a92e4-d4ff-427f-b4d8-189e58ae1884-4160", "study_name": "linear", "directions": [1]}
{"op_code": 0, "worker_id": "9596bfcd-94dd-44d7-80d5-0e9b03b1e79c-4160", "study_name": "linear", "directions": [1]}
{"op_code": 0, "worker_id": "7f856bb2-48a0-4954-86d8-f42264b681bf-4160", "study_name": "linear", "directions": [1]}
{"op_code": 0, "worker_id": "6d5ba4dc-2189-444c-a050-5d9bf50c45ab-4160", "study_name": "linear", "directions": [1]}
{"op_code": 0, "worker_id": "dfc03c43-90d4-44b3-b8f7-63f912fe485a-4160", "study_name": "linear", "directions": [1]}
{"op_code": 0, "worker_id": "70918927-6df9-4949-9186-4488bcdc5964-4160", "study_name": "linear", "directions": [1]}
{"op_code": 0, "worker_id": "486b58b4-8873-4ee1-bf56-0af1e78f2de5-4160", "study_name": "linear", "directions": [1]}
{"op_code": 0, "worker_id": "bd6633d1-e699-4062-bd72-b99754e8610b-4160", "study_name": "linear", "directions": [1]}
{"op_code": 0, "worker_id": "365f9556-5252-496b-b3ef-486321f8e3c0-4160", "study_name": "linear", "directions": [1]}
{"op_code": 0, "worker_id": "619cc567-6e9c-4bdb-9bb9-dcbdf29a2504-4160", "study_name": "linear", "directions": [1]}
{"op_code": 0, "worker_id": "9dbb0379-04ef-4e6f-a14c-de62263c27fc-4160", "study_name": "linear", "directions": [1]}
{"op_code": 0, "worker_id": "09c8ccd9-b1d0-4216-8f77-bc43f06a98ea-4160", "study_name": "linear", "directions": [1]}
{"op_code": 0, "worker_id": "23186a26-5a19-49f8-bbf8-58f6c8caea7b-4160", "study_name": "linear", "directions": [1]}
{"op_code": 0, "worker_id": "e6a7b437-6303-4ebd-a620-b4aa61270fd4-4160", "study_name": "linear", "directions": [1]}
{"op_code": 0, "worker_id": "56d1de0f-d419-48a7-a400-fe5aa1cc2c7c-4160", "study_name": "linear", "directions": [1]}
{"op_code": 0, "worker_id": "0f47cb31-01ce-4e8d-8ab9-f728559c2552-4160", "study_name": "linear", "directions": [1]}
{"op_code": 0, "worker_id": "bf647dce-4a1f-4dba-b67c-65f2cae3a401-4160", "study_name": "linear", "directions": [1]}
{"op_code": 0, "worker_id": "73579ff7-e7d1-4538-9edb-68a373983b2a-4160", "study_name": "linear", "directions": [1]}
{"op_code": 0, "worker_id": "c8e0f712-763f-47ae-a9d9-3bca454147f7-4160", "study_name": "linear", "directions": [1]}
{"op_code": 0, "worker_id": "fb933c48-4e12-4558-a05d-f61e432288f3-4160", "study_name": "linear", "directions": [1]}
{"op_code": 0, "worker_id": "7dd84851-ccdb-47ff-b94c-e9473d32c4a0-4160", "study_name": "linear", "directions": [1]}
{"op_code": 0, "worker_id": "b2201ee5-e96e-47cb-85c1-d36bd53fc9e4-4160", "study_name": "linear", "directions": [1]}
{"op_code": 0, "worker_id": "4bfee82b-30d4-4b9b-b089-e60671381e3c-4160", "study_name": "linear", "directions": [1]}
{"op_code": 0, "worker_id": "e4036df9-5f3f-493e-8bca-d80df9248c8d-4160", "study_name": "linear", "directions": [1]}
{"op_code": 0, "worker_id": "2610eab7-0b34-4348-8d87-fdca2dc70697-4160", "study_name": "linear", "directions": [1]}
{"op_code": 0, "worker_id": "3e589231-367d-45e2-a068-d4625a83dfdb-4160", "study_name": "linear", "directions": [1]}
{"op_code": 0, "worker_id": "b01a9463-4344-4db1-8285-9958f7562ca2-4160", "study_name": "linear", "directions": [1]}
{"op_code": 0, "worker_id": "8d5200e3-fbe1-4e98-a947-58326d789910-4160", "study_name": "linear", "directions": [1]}
{"op_code": 0, "worker_id": "0397962a-8283-4e5a-866b-1fa35efa933a-4160", "study_name": "linear", "directions": [1]}
{"op_code": 0, "worker_id": "d17a54ea-8a98-4855-a13e-c1082c23a658-4160", "study_name": "linear", "directions": [1]}
{"op_code": 0, "worker_id": "ada0c091-e430-44af-8a4c-9384e4367aad-4160", "study_name": "linear", "directions": [1]}
{"op_code": 0, "worker_id": "c63a2e77-011c-4fa6-9667-ee892bf98f91-4160", "study_name": "linear", "directions": [1]}
{"op_code": 0, "worker_id": "812d2f20-53e0-4cf1-9da0-4074908ba3b9-4160", "study_name": "linear", "directions": [1]}
{"op_code": 0, "worker_id": "1b72e83a-4b73-4799-883e-f1c90c04429d-4160", "study_name": "linear", "directions": [1]}
{"op_code": 0, "worker_id": "77d2b4e5-615b-46fe-b232-2b5e12a3ca04-4160", "study_name": "linear", "directions": [1]}
{"op_code": 0, "worker_id": "f9fc9312-b7d0-4e4d-9905-91436534b338-4160", "study_name": "linear", "directions": [1]}
{"op_code": 0, "worker_id": "83d31f4d-575f-42c1-aed5-21aac28f60c3-4160", "study_name": "linear", "directions": [1]}
{"op_code": 0, "worker_id": "71bca2eb-f7c3-40fa-a511-5aeb81e47452-4160", "study_name": "linear", "directions": [1]}
{"op_code": 0, "worker_id": "f00be06d-6e9e-40d3-97da-7e5d070b4ce6-4160", "study_name": "linear", "directions": [1]}
{"op_code": 0, "worker_id": "5252cc3b-ebd8-4436-b8b7-ca442b4a850f-4160", "study_name": "linear", "directions": [1]}
{"op_code": 0, "worker_id": "b7fd3d7a-5bb7-4028-8031-b092b4ca2f8a-4160", "study_name": "linear", "directions": [1]}
{"op_code": 0, "worker_id": "1b390c47-0381-41b6-a002-b1dd4256a0ce-4160", "study_name": "linear", "directions": [1]}
{"op_code": 0, "worker_id": "fa654915-79e2-47c8-894a-b1d22c70a7cc-4160", "study_name": "linear", "directions": [1]}
{"op_code": 0, "worker_id": "546c5223-1184-4a0e-83d7-45f30cef8baa-4160", "study_name": "linear", "directions": [1]}
{"op_code": 0, "worker_id": "ebc61b59-cc51-4d54-8100-357e6889e08a-4160", "study_name": "linear", "directions": [1]}
{"op_code": 0, "worker_id": "5dae02d7-3697-4d25-b2f3-f1363e86d813-4160", "study_name": "linear", "directions": [1]}
{"op_code": 0, "worker_id": "6268daeb-0af2-4e47-a7e4-1f6e0f752193-4160", "study_name": "linear", "directions": [1]}
{"op_code": 0, "worker_id": "d33e54a3-0a13-4a08-aac1-54fb21da8945-4160", "study_name": "linear", "directions": [1]}
{"op_code": 0, "worker_id": "3f570a8c-2301-42ba-86e6-4560f757f1b1-4160", "study_name": "linear", "directions": [1]}
{"op_code": 0, "worker_id": "5ebb8661-559e-4814-bdc7-925d2241ce56-4160", "study_name": "linear", "directions": [1]}
{"op_code": 0, "worker_id": "af332862-0180-48d5-8d1e-9682a1f0cd76-4160", "study_name": "linear", "directions": [1]}
{"op_code": 0, "worker_id": "76e1252e-1af2-452a-b1a3-658884c803de-4160", "study_name": "linear", "directions": [1]}
{"op_code": 0, "worker_id": "6a9c15d0-973f-4895-b98e-d4e3aeccacd1-4160", "study_name": "linear", "directions": [1]}
{"op_code": 0, "worker_id": "a4a7bde4-a559-45eb-937f-83bd0703363f-4160", "study_name": "linear", "directions": [1]}
{"op_code": 0, "worker_id": "e3e1ce79-d20c-4bc9-b12c-f430da8b9ba4-4160", "study_name": "linear", "directions": [1]}
{"op_code": 0, "worker_id": "e1ddb2dc-2b99-4bac-ace2-a2ea5d7b6d61-4160", "study_name": "linear", "directions": [1]}
{"op_code": 0, "worker_id": "1b9b0842-557c-4bb0-8f16-d92d3c389b6f-4160", "study_name": "linear", "directions": [1]}
{"op_code": 0, "worker_id": "70f87b19-6ec1-4d4f-9bbb-cb082ff33d50-4160", "study_name": "linear", "directions": [1]}
{"op_code": 0, "worker_id": "9b2e96bc-e787-40c2-96c8-3ba7f3a6f511-4160", "study_name": "linear", "directions": [1]}
{"op_code": 0, "worker_id": "95004aa3-7531-4385-b0a9-f94f24202892-4160", "study_name": "linear", "directions": [1]}
{"op_code": 0, "worker_id": "f6ee2a0e-22b1-4f81-8122-520d3a226930-4160", "study_name": "linear", "directions": [1]}
{"op_code": 0, "worker_id": "1c937e32-f648-4fd3-afa7-4900d6980ab6-4160", "study_name": "linear", "directions": [1]}
{"op_code": 0, "worker_id": "b33fa0af-6c63-42d2-95a1-1d995e285243-4160", "study_name": "linear", "directions": [1]}
{"op_code": 0, "worker_id": "41260046-20b3-460d-bb26-07e14515b727-4160", "study_name": "linear", "directions": [1]}
{"op_code": 0, "worker_id": "a88c5a58-1aa6-48bb-ba8c-12d3a93c6ebc-4160", "study_name": "linear", "directions": [1]}
{"op_code": 0, "worker_id": "0fab9413-940d-46c4-9073-5fc1ffba5c1f-4160", "study_name": "linear", "directions": [1]}
{"op_code": 0, "worker_id": "0e37d46f-2709-4425-af15-c2b41e765688-4160", "study_name": "linear", "directions": [1]}
{"op_code": 0, "worker_id": "5e9cc33d-7f0a-4038-95bb-595138d07d7f-4160", "study_name": "linear", "directions": [1]}
{"op_code": 0, "worker_id": "b9ba0a17-9417-418f-914a-7e66946da2ae-4160", "study_name": "linear", "directions": [1]}
{"op_code": 0, "worker_id": "f42245cf-2b93-4bbe-9ee3-2ef53a97bffb-4160", "study_name": "linear", "directions": [1]}
{"op_code": 0, "worker_id": "0be6f2b3-9d32-4de4-84e4-d1746c7ac9e6-4160", "study_name": "linear", "directions": [1]}
{"op_code": 0, "worker_id": "1b0976c8-19ee-474f-bc78-64c81bb5fef3-4160", "study_name": "linear", "directions": [1]}
{"op_code": 0, "worker_id": "309d0f26-dbf4-442f-b4aa-ddd5dff7632d-4160", "study_name": "linear", "directions": [1]}
{"op_code": 0, "worker_id": "29b692ca-dfe9-482e-b96a-7e6186e7ab70-4160", "study_name": "linear", "directions": [1]}
{"op_code": 0, "worker_id": "3c47e62b-19cc-422d-9bcd-8787b8257ccc-4160", "study_name": "linear", "directions": [1]}
{"op_code": 0, "worker_id": "2b4b51da-07fa-43ba-b1f0-55b311046a52-4160", "study_name": "linear", "directions": [1]}
{"op_code": 0, "worker_id": "cbcd4b86-0bf7-4d4f-ba59-bb5c2739c640-4160", "study_name": "linear", "directions": [1]}
{"op_code": 0, "worker_id": "03455a03-f102-4ae8-a8bf-f14629f8f4ef-4160", "study_name": "linear", "directions": [1]}
{"op_code": 0, "worker_id": "1e51cd1c-55d3-400e-80fe-02a326989709-4160", "study_name": "linear", "directions": [1]}
{"op_code": 0, "worker_id": "601228ea-a5ec-4f59-807b-59a7533077dd-4160", "study_name": "linear", "directions": [1]}
{"op_code": 0, "worker_id": "c292d3f9-e5e1-4d4f-9353-88674df0e137-4160", "study_name": "linear", "directions": [1]}
{"op_code": 0, "worker_id": "853597fc-0b6c-4ebc-aa1d-57f3a385f254-4160", "study_name": "linear", "directions": [1]}
{"op_code": 0, "worker_id": "66bfe9a9-92c8-47dd-86db-75bf9f470f75-4160", "study_name": "linear", "directions": [1]}
{"op_code": 0, "worker_id": "48abc657-87f1-4cc2-9dd9-4250fe68c566-4160", "study_name": "linear", "directions": [1]}
{"op_code": 0, "worker_id": "260bd20f-3409-463c-a8f6-22f00d5d6081-4160", "study_name": "linear", "directions": [1]}
{"op_code": 0, "worker_id": "42066140-dd43-45ff-9ce7-e3ad87064ecf-4160", "study_name": "linear", "directions": [1]}
{"op_code": 0, "worker_id": "77069c0d-072d-4d3f-9fd5-7652f0b0a6d6-4160", "study_name": "linear", "directions": [1]}
{"op_code": 0, "worker_id": "cee7fca8-dc2b-43c5-99f9-750ce9f010fc-4160", "study_name": "linear", "directions": [1]}
{"op_code": 0, "worker_id": "00e468bd-391d-4d91-924e-fa2e7efa0a92-4160", "study_name": "linear", "directions": [1]}
{"op_code": 0, "worker_id": "8a1ffdc4-94c8-4a7a-a37d-1dadb0ed5780-4160", "study_name": "linear", "directions": [1]}
{"op_code": 0, "worker_id": "dc967192-add1-48d8-be12-77d31dfbcad6-4160", "study_name": "linear", "directions": [1]}
{"op_code": 0, "worker_id": "e679b983-b3ca-42f5-a0c0-0554da303c3e-4160", "study_name": "linear", "directions": [1]}
{"op_code": 0, "worker_id": "c16f00c6-d70f-4da9-8480-3138314d4567-4160", "study_name": "linear", "directions": [1]}
{"op_code": 0, "worker_id": "b7dc138c-bcfd-4f3a-9a9c-ef253c00d91e-4160", "study_name": "linear", "directions": [1]}
{"op_code": 0, "worker_id": "b7e5c9dc-1211-4baf-9da7-54678ea4463b-4160", "study_name": "linear", "directions": [1]}
{"op_code": 0, "worker_id": "418d736e-fc86-4874-964a-92e79c1b29e8-4160", "study_name": "linear", "directions": [1]}
{"op_code": 0, "worker_id": "66280d0b-abc9-4c2d-9c3a-126adb9cdc25-4160", "study_name": "linear", "directions": [1]}
{"op_code": 0, "worker_id": "012ae34c-7985-4061-9039-e5e611ce3e68-4160", "study_name": "linear", "directions": [1]}
{"op_code": 0, "worker_id": "751dc04f-412d-4975-8642-f382b2744858-4160", "study_name": "linear", "directions": [1]}
{"op_code": 0, "worker_id": "62214421-4f55-490c-aee2-f19e5fd1724e-4160", "study_name": "linear", "directions": [1]}
{"op_code": 0, "worker_id": "1f61c462-c638-4408-919f-4664c4d51838-4160", "study_name": "linear", "directions": [1]}
{"op_code": 0, "worker_id": "6e49d1c5-1db5-49ca-ac23-66a0d3df730a-4160", "study_name": "linear", "directions": [1]}
{"op_code": 0, "worker_id": "fa3d3855-b3f2-4ebc-9d4a-7c05b96b8fc2-4160", "study_name": "linear", "directions": [1]}
{"op_code": 0, "worker_id": "6e0e852d-5418-420b-8b19-401b703d9a05-4160", "study_name": "linear", "directions": [1]}
{"op_code": 0, "worker_id": "de954cff-bd0a-4f4e-9aee-0071c43f4e96-4160", "study_name": "linear", "directions": [1]}
{"op_code": 0, "worker_id": "a31e4225-d1bd-439a-b0ac-cb0f8852ba50-4160", "study_name": "linear", "directions": [1]}
{"op_code": 0, "worker_id": "2161603d-9487-49eb-90a6-d56a5c415efd-4160", "study_name": "linear", "directions": [1]}
{"op_code": 0, "worker_id": "1d33bfe3-40a5-486c-9c4f-da6283045070-4160", "study_name": "linear", "directions": [1]}
