{"op_code": 0, "worker_id": "55d2c13d-5655-4e55-bec7-1fbc590751e7-47279818202944", "study_name": "RF", "directions": [1]}
{"op_code": 4, "worker_id": "55d2c13d-5655-4e55-bec7-1fbc590751e7-47280521058048", "study_id": 0, "datetime_start": "2023-11-07T17:13:52.834623"}
{"op_code": 5, "worker_id": "55d2c13d-5655-4e55-bec7-1fbc590751e7-47280521058048", "trial_id": 0, "param_name": "n_estimators", "param_value_internal": 4, "distribution": "{\"name\": \"CategoricalDistribution\", \"attributes\": {\"choices\": [10, 20, 50, 200, 500]}}"}
{"op_code": 5, "worker_id": "55d2c13d-5655-4e55-bec7-1fbc590751e7-47280521058048", "trial_id": 0, "param_name": "max_features", "param_value_internal": 0, "distribution": "{\"name\": \"CategoricalDistribution\", \"attributes\": {\"choices\": [\"auto\", \"sqrt\", \"log2\"]}}"}
{"op_code": 5, "worker_id": "55d2c13d-5655-4e55-bec7-1fbc590751e7-47280521058048", "trial_id": 0, "param_name": "max_depth", "param_value_internal": 5, "distribution": "{\"name\": \"CategoricalDistribution\", \"attributes\": {\"choices\": [null, 2, 3, 4, 5, 10]}}"}
{"op_code": 6, "worker_id": "55d2c13d-5655-4e55-bec7-1fbc590751e7-47280521058048", "trial_id": 0, "state": 1, "values": [0.29394151500954263], "datetime_complete": "2023-11-07T17:13:55.507895"}
{"op_code": 0, "worker_id": "f1053200-f80a-4d96-b95d-6ee866bb8897-47279818202944", "study_name": "RF", "directions": [1]}
{"op_code": 4, "worker_id": "f1053200-f80a-4d96-b95d-6ee866bb8897-47280521058048", "study_id": 0, "datetime_start": "2023-11-07T17:20:38.479273"}
{"op_code": 5, "worker_id": "f1053200-f80a-4d96-b95d-6ee866bb8897-47280521058048", "trial_id": 1, "param_name": "n_estimators", "param_value_internal": 3, "distribution": "{\"name\": \"CategoricalDistribution\", \"attributes\": {\"choices\": [10, 20, 50, 200, 500]}}"}
{"op_code": 5, "worker_id": "f1053200-f80a-4d96-b95d-6ee866bb8897-47280521058048", "trial_id": 1, "param_name": "max_features", "param_value_internal": 0, "distribution": "{\"name\": \"CategoricalDistribution\", \"attributes\": {\"choices\": [\"auto\", \"sqrt\", \"log2\"]}}"}
{"op_code": 5, "worker_id": "f1053200-f80a-4d96-b95d-6ee866bb8897-47280521058048", "trial_id": 1, "param_name": "max_depth", "param_value_internal": 3, "distribution": "{\"name\": \"CategoricalDistribution\", \"attributes\": {\"choices\": [null, 2, 3, 4, 5, 10]}}"}
{"op_code": 6, "worker_id": "f1053200-f80a-4d96-b95d-6ee866bb8897-47280521058048", "trial_id": 1, "state": 1, "values": [0.29491253509311866], "datetime_complete": "2023-11-07T17:20:41.127271"}
{"op_code": 0, "worker_id": "04c31062-a94b-4e79-bc14-4a12006aecab-47279818202944", "study_name": "RF", "directions": [1]}
{"op_code": 4, "worker_id": "04c31062-a94b-4e79-bc14-4a12006aecab-47280521058048", "study_id": 0, "datetime_start": "2023-11-07T17:27:28.303574"}
{"op_code": 5, "worker_id": "04c31062-a94b-4e79-bc14-4a12006aecab-47280521058048", "trial_id": 2, "param_name": "n_estimators", "param_value_internal": 3, "distribution": "{\"name\": \"CategoricalDistribution\", \"attributes\": {\"choices\": [10, 20, 50, 200, 500]}}"}
{"op_code": 5, "worker_id": "04c31062-a94b-4e79-bc14-4a12006aecab-47280521058048", "trial_id": 2, "param_name": "max_features", "param_value_internal": 1, "distribution": "{\"name\": \"CategoricalDistribution\", \"attributes\": {\"choices\": [\"auto\", \"sqrt\", \"log2\"]}}"}
{"op_code": 5, "worker_id": "04c31062-a94b-4e79-bc14-4a12006aecab-47280521058048", "trial_id": 2, "param_name": "max_depth", "param_value_internal": 2, "distribution": "{\"name\": \"CategoricalDistribution\", \"attributes\": {\"choices\": [null, 2, 3, 4, 5, 10]}}"}
{"op_code": 6, "worker_id": "04c31062-a94b-4e79-bc14-4a12006aecab-47280521058048", "trial_id": 2, "state": 1, "values": [0.29036943204607796], "datetime_complete": "2023-11-07T17:27:30.963256"}
{"op_code": 0, "worker_id": "1001952f-9c7b-4385-9e11-0f4e2882c601-47279818202944", "study_name": "RF", "directions": [1]}
{"op_code": 4, "worker_id": "1001952f-9c7b-4385-9e11-0f4e2882c601-47280521058048", "study_id": 0, "datetime_start": "2023-11-07T17:34:16.200108"}
{"op_code": 5, "worker_id": "1001952f-9c7b-4385-9e11-0f4e2882c601-47280521058048", "trial_id": 3, "param_name": "n_estimators", "param_value_internal": 0, "distribution": "{\"name\": \"CategoricalDistribution\", \"attributes\": {\"choices\": [10, 20, 50, 200, 500]}}"}
{"op_code": 5, "worker_id": "1001952f-9c7b-4385-9e11-0f4e2882c601-47280521058048", "trial_id": 3, "param_name": "max_features", "param_value_internal": 1, "distribution": "{\"name\": \"CategoricalDistribution\", \"attributes\": {\"choices\": [\"auto\", \"sqrt\", \"log2\"]}}"}
{"op_code": 5, "worker_id": "1001952f-9c7b-4385-9e11-0f4e2882c601-47280521058048", "trial_id": 3, "param_name": "max_depth", "param_value_internal": 1, "distribution": "{\"name\": \"CategoricalDistribution\", \"attributes\": {\"choices\": [null, 2, 3, 4, 5, 10]}}"}
{"op_code": 6, "worker_id": "1001952f-9c7b-4385-9e11-0f4e2882c601-47280521058048", "trial_id": 3, "state": 1, "values": [0.2995547421566076], "datetime_complete": "2023-11-07T17:34:18.838939"}
{"op_code": 0, "worker_id": "2c6482a6-0036-42fe-9a2b-e2db12a196f1-6556", "study_name": "RF", "directions": [1]}
{"op_code": 0, "worker_id": "8a7b849e-03f7-485e-8d2c-ba7b927b1509-6556", "study_name": "RF", "directions": [1]}
{"op_code": 0, "worker_id": "73446cbf-b3c4-4c11-991b-2803557bc898-6556", "study_name": "RF", "directions": [1]}
{"op_code": 0, "worker_id": "a3533e63-c670-4056-9733-8f5274df0aec-6556", "study_name": "RF", "directions": [1]}
{"op_code": 0, "worker_id": "2a771405-8d05-433b-afb2-49dfe9cc7d17-2012", "study_name": "RF", "directions": [1]}
{"op_code": 0, "worker_id": "bedde7f7-fd3c-4974-b368-9c167d89f1fc-2012", "study_name": "RF", "directions": [1]}
{"op_code": 0, "worker_id": "810edae2-2a70-4e28-a3bc-0a6a9e770b4b-2012", "study_name": "RF", "directions": [1]}
{"op_code": 0, "worker_id": "db022806-e55d-4b8d-aed5-f1d5cb719bd7-2012", "study_name": "RF", "directions": [1]}
{"op_code": 0, "worker_id": "9c612287-1ceb-431e-bc0c-c2ee41ef73e9-2012", "study_name": "RF", "directions": [1]}
{"op_code": 4, "worker_id": "2a771405-8d05-433b-afb2-49dfe9cc7d17-3744", "study_id": 0, "datetime_start": "2023-11-14T13:26:08.811932"}
{"op_code": 5, "worker_id": "2a771405-8d05-433b-afb2-49dfe9cc7d17-3744", "trial_id": 4, "param_name": "n_estimators", "param_value_internal": 2, "distribution": "{\"name\": \"CategoricalDistribution\", \"attributes\": {\"choices\": [10, 20, 50, 200, 500]}}"}
{"op_code": 5, "worker_id": "2a771405-8d05-433b-afb2-49dfe9cc7d17-3744", "trial_id": 4, "param_name": "max_features", "param_value_internal": 0, "distribution": "{\"name\": \"CategoricalDistribution\", \"attributes\": {\"choices\": [\"auto\", \"sqrt\", \"log2\"]}}"}
{"op_code": 5, "worker_id": "2a771405-8d05-433b-afb2-49dfe9cc7d17-3744", "trial_id": 4, "param_name": "max_depth", "param_value_internal": 4, "distribution": "{\"name\": \"CategoricalDistribution\", \"attributes\": {\"choices\": [null, 2, 3, 4, 5, 10]}}"}
{"op_code": 6, "worker_id": "2a771405-8d05-433b-afb2-49dfe9cc7d17-3744", "trial_id": 4, "state": 1, "values": [0.3045265715004217], "datetime_complete": "2023-11-14T13:26:23.731931"}
{"op_code": 0, "worker_id": "5a3397ca-cfe1-48ed-b473-8d24fc9eed60-4160", "study_name": "RF", "directions": [1]}
{"op_code": 0, "worker_id": "c70dc83d-7bd8-46e6-a09c-9f859b6793b3-4160", "study_name": "RF", "directions": [1]}
{"op_code": 0, "worker_id": "6d7384d3-1884-4d30-8774-9a876b1eaca2-4160", "study_name": "RF", "directions": [1]}
{"op_code": 0, "worker_id": "0e275d49-94f3-4d63-995b-00ecc79652ea-4160", "study_name": "RF", "directions": [1]}
{"op_code": 0, "worker_id": "2c566b22-7188-4b70-afe4-953f11f7aefc-4160", "study_name": "RF", "directions": [1]}
{"op_code": 0, "worker_id": "5502e340-0f5a-4221-b135-70057b77152c-4160", "study_name": "RF", "directions": [1]}
{"op_code": 0, "worker_id": "dfa277f0-4d88-4ab1-8979-8d3fac40ce07-4160", "study_name": "RF", "directions": [1]}
{"op_code": 0, "worker_id": "de7ceb1c-b029-41fa-9a1a-ade572f23739-4160", "study_name": "RF", "directions": [1]}
{"op_code": 0, "worker_id": "40d3c7f9-b802-4724-a058-b16246b1eeb5-4160", "study_name": "RF", "directions": [1]}
{"op_code": 0, "worker_id": "23b8c9a3-89a7-4d55-ad0a-78e257fadd13-4160", "study_name": "RF", "directions": [1]}
{"op_code": 0, "worker_id": "f5afc05f-5d67-4c87-b1b0-50c3a82a49b1-4160", "study_name": "RF", "directions": [1]}
{"op_code": 0, "worker_id": "7c43324c-9993-4421-b72e-f2c88f1556c9-4160", "study_name": "RF", "directions": [1]}
{"op_code": 0, "worker_id": "3ab7cacd-df54-4cd7-a553-d78105292c34-4160", "study_name": "RF", "directions": [1]}
{"op_code": 0, "worker_id": "0e9a142b-c112-45cb-8c05-2be2e8a065be-4160", "study_name": "RF", "directions": [1]}
{"op_code": 0, "worker_id": "2e96566b-c2ae-4466-b4a0-63599f949490-4160", "study_name": "RF", "directions": [1]}
{"op_code": 0, "worker_id": "c796d356-c3d7-40ac-9c57-f9a5bc9f70e0-4160", "study_name": "RF", "directions": [1]}
{"op_code": 0, "worker_id": "f43ffd27-5af2-46a8-a349-40685d32aa64-4160", "study_name": "RF", "directions": [1]}
{"op_code": 0, "worker_id": "eb99c5a4-bebf-4547-a56c-7493e23751bd-4160", "study_name": "RF", "directions": [1]}
{"op_code": 0, "worker_id": "881681d9-67a2-4026-8243-1fcca029de22-4160", "study_name": "RF", "directions": [1]}
{"op_code": 0, "worker_id": "1f72b712-bd8d-4bb4-9f01-bf3787b1ed02-4160", "study_name": "RF", "directions": [1]}
{"op_code": 0, "worker_id": "5c83662e-003e-4f7a-9850-fc987880c1bd-4160", "study_name": "RF", "directions": [1]}
{"op_code": 0, "worker_id": "bebfb27d-d022-4afa-ab41-0d507ef80f83-4160", "study_name": "RF", "directions": [1]}
{"op_code": 0, "worker_id": "f436bb26-43d0-4386-80cd-11efb4172846-4160", "study_name": "RF", "directions": [1]}
{"op_code": 0, "worker_id": "96d37e16-2270-4d61-bde6-07167a6179a8-4160", "study_name": "RF", "directions": [1]}
{"op_code": 0, "worker_id": "d80026c5-1c4a-4812-9a48-5459bea250b4-4160", "study_name": "RF", "directions": [1]}
{"op_code": 0, "worker_id": "b4cd0042-12c5-40fa-a675-63591fae2177-4160", "study_name": "RF", "directions": [1]}
{"op_code": 0, "worker_id": "83296e3d-c988-4f6c-af4f-31d1cc7a6012-4160", "study_name": "RF", "directions": [1]}
{"op_code": 0, "worker_id": "5565d9b9-541c-4fa5-a68d-4ed260918376-4160", "study_name": "RF", "directions": [1]}
{"op_code": 0, "worker_id": "5af3c700-2c12-46ed-b911-9151f87001e5-4160", "study_name": "RF", "directions": [1]}
{"op_code": 0, "worker_id": "3ec5eb02-b731-45e2-a645-4042d274e5e7-4160", "study_name": "RF", "directions": [1]}
{"op_code": 0, "worker_id": "463d2a07-10a7-4267-b181-c02b02b45378-4160", "study_name": "RF", "directions": [1]}
{"op_code": 0, "worker_id": "00dfbfd8-1612-45a4-95dd-ecfd96dab47a-4160", "study_name": "RF", "directions": [1]}
{"op_code": 0, "worker_id": "8b6053b6-638f-4013-8fc5-f4942649f2e7-4160", "study_name": "RF", "directions": [1]}
{"op_code": 0, "worker_id": "37243a68-79a2-4bee-902e-2420d5b5ce45-4160", "study_name": "RF", "directions": [1]}
{"op_code": 0, "worker_id": "2b5b2fc1-24b6-430d-968c-06aaad6f4b9a-4160", "study_name": "RF", "directions": [1]}
{"op_code": 0, "worker_id": "bf36ed77-9c73-407b-ba19-d3a4fead2c8e-4160", "study_name": "RF", "directions": [1]}
{"op_code": 0, "worker_id": "3b3eec32-730e-42a9-ad5e-595c96e1a334-4160", "study_name": "RF", "directions": [1]}
{"op_code": 0, "worker_id": "27a92f5b-2f23-4f21-bbbb-6e8d149260ff-4160", "study_name": "RF", "directions": [1]}
{"op_code": 0, "worker_id": "46555ec9-364f-45db-9a8f-967e87065ac4-4160", "study_name": "RF", "directions": [1]}
{"op_code": 0, "worker_id": "e675608b-173c-42f6-a7f9-4a980dccc184-4160", "study_name": "RF", "directions": [1]}
{"op_code": 0, "worker_id": "022cce1e-808f-49d9-8777-52068291e605-4160", "study_name": "RF", "directions": [1]}
{"op_code": 0, "worker_id": "1862b90a-fb38-4f87-a77d-7e318fd4194e-4160", "study_name": "RF", "directions": [1]}
{"op_code": 0, "worker_id": "79808fc1-6a13-412f-971c-51b356e630a6-4160", "study_name": "RF", "directions": [1]}
{"op_code": 0, "worker_id": "26e8e2cd-5aeb-4939-8a7c-28d07822291c-4160", "study_name": "RF", "directions": [1]}
{"op_code": 0, "worker_id": "f94c2f9b-3a8e-42af-8d88-d0625f88cc00-4160", "study_name": "RF", "directions": [1]}
{"op_code": 0, "worker_id": "e62e36e1-17cf-4970-8778-3ff1e8b67e7d-4160", "study_name": "RF", "directions": [1]}
{"op_code": 0, "worker_id": "90d51b3b-6694-4300-91b1-ba19aaef2ddc-4160", "study_name": "RF", "directions": [1]}
{"op_code": 0, "worker_id": "02a51781-0282-4c40-8853-c384b3519800-4160", "study_name": "RF", "directions": [1]}
{"op_code": 0, "worker_id": "1ac99cb8-c46e-4728-900c-61d8245e6add-4160", "study_name": "RF", "directions": [1]}
{"op_code": 0, "worker_id": "01be4403-5f5c-41d0-9b6c-e63338005902-4160", "study_name": "RF", "directions": [1]}
{"op_code": 0, "worker_id": "9cc84bc0-91b9-461d-a51c-c2869165a6b6-4160", "study_name": "RF", "directions": [1]}
{"op_code": 0, "worker_id": "9d3a8836-14b6-44a1-be80-da018a9747f8-4160", "study_name": "RF", "directions": [1]}
{"op_code": 0, "worker_id": "dc947e46-5fd2-43c8-9362-3364169f5888-4160", "study_name": "RF", "directions": [1]}
{"op_code": 0, "worker_id": "64d9e0f9-9780-4592-9fb6-3fedd5b52413-4160", "study_name": "RF", "directions": [1]}
{"op_code": 0, "worker_id": "2d48bf42-8548-47f0-84e2-34470634bc16-4160", "study_name": "RF", "directions": [1]}
{"op_code": 0, "worker_id": "05ee6db0-d962-4774-9d5c-04dccd779713-4160", "study_name": "RF", "directions": [1]}
{"op_code": 0, "worker_id": "fdc7d617-5774-4259-a159-7dceb874aa63-4160", "study_name": "RF", "directions": [1]}
{"op_code": 0, "worker_id": "b7bd1858-f72a-4eb8-9d69-9bea675aa5b7-4160", "study_name": "RF", "directions": [1]}
{"op_code": 0, "worker_id": "37b1ecd4-e064-4679-b314-84072e648c39-4160", "study_name": "RF", "directions": [1]}
{"op_code": 0, "worker_id": "bcea6409-b269-496b-8b92-18983c102369-4160", "study_name": "RF", "directions": [1]}
{"op_code": 0, "worker_id": "610ea3bb-7272-4161-85b0-f99b91b08087-4160", "study_name": "RF", "directions": [1]}
{"op_code": 0, "worker_id": "d3f9ec9c-5241-43b7-9bf6-1b864bcf7be1-4160", "study_name": "RF", "directions": [1]}
{"op_code": 0, "worker_id": "5c8f1ac8-7c52-43f8-a8e9-502db0db719e-4160", "study_name": "RF", "directions": [1]}
{"op_code": 0, "worker_id": "496cc7f1-c675-4f03-9fa5-2e61d5c43908-4160", "study_name": "RF", "directions": [1]}
{"op_code": 0, "worker_id": "0eee0c6f-bd16-40f1-afb4-0732b26568fc-4160", "study_name": "RF", "directions": [1]}
{"op_code": 0, "worker_id": "a6196c86-868c-4891-a4f9-3d62814a6a78-4160", "study_name": "RF", "directions": [1]}
{"op_code": 0, "worker_id": "60cbf418-c17f-4058-a5ce-6525a2739b6e-4160", "study_name": "RF", "directions": [1]}
{"op_code": 0, "worker_id": "308b0cef-6fd3-455c-8a25-b7b71e623e07-4160", "study_name": "RF", "directions": [1]}
{"op_code": 0, "worker_id": "81e48bd7-204a-4092-a646-fb8e16acd40c-4160", "study_name": "RF", "directions": [1]}
{"op_code": 0, "worker_id": "2c6f7f25-2b35-46f5-b576-cd5059873e72-4160", "study_name": "RF", "directions": [1]}
{"op_code": 0, "worker_id": "4308d61d-35fc-45f3-b446-8b3c8743831c-4160", "study_name": "RF", "directions": [1]}
{"op_code": 0, "worker_id": "03161890-bb52-4dec-b2c2-5daf4e27b47e-4160", "study_name": "RF", "directions": [1]}
{"op_code": 0, "worker_id": "3b686270-e7a0-4cd0-b618-0d1d6c1aa7ef-4160", "study_name": "RF", "directions": [1]}
{"op_code": 0, "worker_id": "44f7f7d4-75d9-4a0d-ac88-19970a5f3036-4160", "study_name": "RF", "directions": [1]}
{"op_code": 0, "worker_id": "15b84864-f43e-4a95-8b54-7ce1f6eea62b-4160", "study_name": "RF", "directions": [1]}
{"op_code": 0, "worker_id": "cfc968d7-3816-42ec-9806-cdea22917fc1-4160", "study_name": "RF", "directions": [1]}
{"op_code": 0, "worker_id": "99fc8c9a-a4a6-444b-943b-a83dd6d7af9e-4160", "study_name": "RF", "directions": [1]}
{"op_code": 0, "worker_id": "e0ac98ec-26a2-4591-896c-510bc56d55aa-4160", "study_name": "RF", "directions": [1]}
{"op_code": 0, "worker_id": "65cb5d1f-fa33-4b23-8f9b-a64012a0cae1-4160", "study_name": "RF", "directions": [1]}
{"op_code": 0, "worker_id": "aeb48c3d-d6a1-4d02-bc55-411a84e2f53c-4160", "study_name": "RF", "directions": [1]}
{"op_code": 0, "worker_id": "3682fca8-9227-4a8e-97d7-7ef27b42d1e3-4160", "study_name": "RF", "directions": [1]}
{"op_code": 0, "worker_id": "bc7ffdbe-4927-4b5c-a07e-df22f1f1d34f-4160", "study_name": "RF", "directions": [1]}
{"op_code": 0, "worker_id": "33078829-8b9d-49a7-ac4d-77afe90e8696-4160", "study_name": "RF", "directions": [1]}
{"op_code": 0, "worker_id": "f392c32c-74d8-4c31-9a9b-c94cde78c024-4160", "study_name": "RF", "directions": [1]}
{"op_code": 0, "worker_id": "c34aa084-1be0-42b0-b01f-0bb007e1b735-4160", "study_name": "RF", "directions": [1]}
{"op_code": 0, "worker_id": "2a649fa0-522a-47df-97c5-08c7fb5cd0dc-4160", "study_name": "RF", "directions": [1]}
{"op_code": 0, "worker_id": "7f14b0af-7f95-423d-9fd6-935d61fd148a-4160", "study_name": "RF", "directions": [1]}
{"op_code": 0, "worker_id": "ce925d91-581d-429a-8fd4-f089c36eebf5-4160", "study_name": "RF", "directions": [1]}
{"op_code": 0, "worker_id": "e4bff946-3d6b-44de-837a-e3a36415bfae-4160", "study_name": "RF", "directions": [1]}
{"op_code": 0, "worker_id": "e049c0f4-bf11-448e-aae1-c707aace7756-4160", "study_name": "RF", "directions": [1]}
{"op_code": 0, "worker_id": "b0450731-1de8-4ea4-8e6b-d3f1446ce6d6-4160", "study_name": "RF", "directions": [1]}
{"op_code": 0, "worker_id": "a2ead386-1035-40eb-b39c-575cfa95a102-4160", "study_name": "RF", "directions": [1]}
{"op_code": 0, "worker_id": "321240f7-e236-4f14-bd3b-472f7a3424e8-4160", "study_name": "RF", "directions": [1]}
{"op_code": 0, "worker_id": "8bae0442-b416-49ed-9c0d-9fd8ab123bdf-4160", "study_name": "RF", "directions": [1]}
{"op_code": 0, "worker_id": "5e8e6b2b-73aa-433b-a2ac-4aa20775631d-4160", "study_name": "RF", "directions": [1]}
{"op_code": 0, "worker_id": "5a49a8d2-1a22-4f3c-855b-f903b66fe09c-4160", "study_name": "RF", "directions": [1]}
{"op_code": 0, "worker_id": "706549b9-2284-4641-9cca-f970f9a74383-4160", "study_name": "RF", "directions": [1]}
{"op_code": 0, "worker_id": "adbeecdf-de0a-477c-b8b0-68975eb68008-4160", "study_name": "RF", "directions": [1]}
{"op_code": 0, "worker_id": "0ded0f73-be9e-434f-9086-d9a69c03f881-4160", "study_name": "RF", "directions": [1]}
{"op_code": 0, "worker_id": "1087b970-1fa7-4a87-b623-97d5fc2af42c-4160", "study_name": "RF", "directions": [1]}
{"op_code": 0, "worker_id": "3f2c5668-cdd8-407a-a9c9-91783748eb92-4160", "study_name": "RF", "directions": [1]}
{"op_code": 0, "worker_id": "2f327905-577a-4edd-b24a-8717455e2a2e-4160", "study_name": "RF", "directions": [1]}
{"op_code": 0, "worker_id": "4f33d625-0faf-42c0-8ff1-f76b18b6f599-4160", "study_name": "RF", "directions": [1]}
{"op_code": 0, "worker_id": "3a10242a-da7b-46b5-a8d1-3febe9bfe805-4160", "study_name": "RF", "directions": [1]}
{"op_code": 0, "worker_id": "d8d2dd36-1de2-4c04-ae4d-fad1adece713-4160", "study_name": "RF", "directions": [1]}
{"op_code": 0, "worker_id": "c753e519-80fd-460e-9bdf-6953d109745e-4160", "study_name": "RF", "directions": [1]}
{"op_code": 0, "worker_id": "1b354e54-7ba8-4e5c-906b-d776943655b9-4160", "study_name": "RF", "directions": [1]}
{"op_code": 0, "worker_id": "052de60e-89e0-439a-aa16-004fe829ada8-4160", "study_name": "RF", "directions": [1]}
{"op_code": 0, "worker_id": "01eaa5ac-dc3f-4c14-9b53-f38b7a803c25-4160", "study_name": "RF", "directions": [1]}
{"op_code": 0, "worker_id": "01372956-1847-4e3c-829c-9fb36c25d9eb-4160", "study_name": "RF", "directions": [1]}
{"op_code": 0, "worker_id": "ec343268-1980-4ea2-80a7-fa5706b73014-4160", "study_name": "RF", "directions": [1]}
{"op_code": 0, "worker_id": "72853d93-a118-4693-bdd7-c0dc57565e40-4160", "study_name": "RF", "directions": [1]}
{"op_code": 0, "worker_id": "a95c4fb4-e70a-400e-8cf8-bc9aebf26bf4-4160", "study_name": "RF", "directions": [1]}
{"op_code": 0, "worker_id": "136e9af0-5f60-40c1-94f5-38eac51f5eec-4160", "study_name": "RF", "directions": [1]}
{"op_code": 0, "worker_id": "f8746de9-3e8e-4eb7-a3af-d2da8f14333b-4160", "study_name": "RF", "directions": [1]}
{"op_code": 0, "worker_id": "433aa374-ed16-437f-b6a7-e3cd000edd66-4160", "study_name": "RF", "directions": [1]}
{"op_code": 0, "worker_id": "005be3f6-7ecf-45c0-94c3-793892052488-4160", "study_name": "RF", "directions": [1]}
{"op_code": 0, "worker_id": "1dbabf4d-098b-4c4b-9bd4-4aad0c19dc58-4160", "study_name": "RF", "directions": [1]}
{"op_code": 0, "worker_id": "4b1c9799-015f-4a05-abfd-83c499ecbd98-4160", "study_name": "RF", "directions": [1]}
{"op_code": 0, "worker_id": "c9bfe818-2a95-41e1-8fce-3fd8d72fa9f0-4160", "study_name": "RF", "directions": [1]}
{"op_code": 0, "worker_id": "4fe8d66d-51df-445b-9adc-71700665c1ff-4160", "study_name": "RF", "directions": [1]}
{"op_code": 0, "worker_id": "1434f0ac-7743-4849-976c-e4345ea6adb8-4160", "study_name": "RF", "directions": [1]}
{"op_code": 0, "worker_id": "4e7fcb41-e27f-4137-8657-3d9a56a52651-4160", "study_name": "RF", "directions": [1]}
{"op_code": 0, "worker_id": "9cf76e42-8722-43fe-8b0f-1f1aaf558c67-4160", "study_name": "RF", "directions": [1]}
{"op_code": 0, "worker_id": "2b1cfac5-1143-4316-b4bb-bf323bb428b6-4160", "study_name": "RF", "directions": [1]}
{"op_code": 0, "worker_id": "10024dc8-733c-466b-9438-1b3cdd98f683-4160", "study_name": "RF", "directions": [1]}
{"op_code": 0, "worker_id": "68819fad-e7b7-4146-ae2e-8fc4910caea5-4160", "study_name": "RF", "directions": [1]}
{"op_code": 0, "worker_id": "55917fd3-7eea-4d45-95c5-27b54847bb0b-4160", "study_name": "RF", "directions": [1]}
{"op_code": 0, "worker_id": "da9fbc24-d9e6-4f8f-878e-fdbdd500a1bc-4160", "study_name": "RF", "directions": [1]}
{"op_code": 0, "worker_id": "df4272a1-9d72-4a31-af77-7a55204404b9-4160", "study_name": "RF", "directions": [1]}
{"op_code": 0, "worker_id": "aa52fa12-ec25-460e-8325-4302a7f653bb-4160", "study_name": "RF", "directions": [1]}
{"op_code": 0, "worker_id": "17016c4a-c9d9-4fe1-b9d2-fbb91844ab23-4160", "study_name": "RF", "directions": [1]}
{"op_code": 0, "worker_id": "799985ff-315a-4883-8660-5754e65dfbff-4160", "study_name": "RF", "directions": [1]}
{"op_code": 0, "worker_id": "05004ce3-656a-4d3b-8e37-901651c4223c-4160", "study_name": "RF", "directions": [1]}
{"op_code": 0, "worker_id": "2e320171-d806-4905-a060-d64039a123d4-4160", "study_name": "RF", "directions": [1]}
{"op_code": 0, "worker_id": "7cf92a4c-1b9c-47ca-96ac-bb78151d04cf-4160", "study_name": "RF", "directions": [1]}
{"op_code": 0, "worker_id": "bd237dee-a3a0-4955-b907-a55cd430b144-4160", "study_name": "RF", "directions": [1]}
{"op_code": 0, "worker_id": "04f77cff-e089-4d2c-839e-71d7596c1b86-4160", "study_name": "RF", "directions": [1]}
{"op_code": 0, "worker_id": "cf9a4a57-dd93-42eb-bfb4-50b693b7e5fb-4160", "study_name": "RF", "directions": [1]}
{"op_code": 0, "worker_id": "a7d3629d-b207-4f2f-b963-b7a6145c6022-4160", "study_name": "RF", "directions": [1]}
{"op_code": 0, "worker_id": "34d16fc1-991d-4e92-9577-067f853b949e-4160", "study_name": "RF", "directions": [1]}
{"op_code": 0, "worker_id": "a957f364-5bd9-4d5f-a78e-ecdb94b82978-4160", "study_name": "RF", "directions": [1]}
{"op_code": 0, "worker_id": "e4c91c8f-f468-479e-be11-1ed3d6cda52b-4160", "study_name": "RF", "directions": [1]}
{"op_code": 0, "worker_id": "77a5e75a-f6eb-4790-82f0-b47598a593e4-4160", "study_name": "RF", "directions": [1]}
{"op_code": 0, "worker_id": "e136d5bf-14dc-4eba-8624-37bdafb5fe0c-4160", "study_name": "RF", "directions": [1]}
{"op_code": 0, "worker_id": "50d111d5-78eb-478f-9c9c-198527296c4c-4160", "study_name": "RF", "directions": [1]}
{"op_code": 0, "worker_id": "7a720b36-9f5f-4d87-a387-43ee444c0424-4160", "study_name": "RF", "directions": [1]}
{"op_code": 0, "worker_id": "52261c2c-8ba8-4584-97d0-4e45155881e0-4160", "study_name": "RF", "directions": [1]}
{"op_code": 0, "worker_id": "d7574019-3bab-49f8-918e-41d92ec4c223-4160", "study_name": "RF", "directions": [1]}
{"op_code": 0, "worker_id": "8cbd79d6-4b2e-45d1-b5c6-026c08581a71-4160", "study_name": "RF", "directions": [1]}
{"op_code": 0, "worker_id": "50d1abf2-f4db-4eac-a2c7-fa3bfd020668-4160", "study_name": "RF", "directions": [1]}
{"op_code": 0, "worker_id": "760ee3fb-8aeb-4068-b3d1-3b7dbe30a521-4160", "study_name": "RF", "directions": [1]}
{"op_code": 0, "worker_id": "f7917ec6-bf81-4cab-b332-2d784d4d8593-4160", "study_name": "RF", "directions": [1]}
{"op_code": 0, "worker_id": "74fe98d0-61ff-42e2-be26-b9738434f73d-4160", "study_name": "RF", "directions": [1]}
{"op_code": 0, "worker_id": "0541ba8c-dce6-4bf6-8672-7a47795f0106-4160", "study_name": "RF", "directions": [1]}
{"op_code": 0, "worker_id": "00b00512-9b94-4979-9829-74f4f36e21a1-4160", "study_name": "RF", "directions": [1]}
{"op_code": 0, "worker_id": "b1233983-83ff-4de3-88f6-9d067cb5b01d-4160", "study_name": "RF", "directions": [1]}
{"op_code": 0, "worker_id": "66419c44-74d7-4ec2-9828-a11f2dbc06f6-4160", "study_name": "RF", "directions": [1]}
{"op_code": 0, "worker_id": "a5539246-b8d1-4f55-9697-50097dcf4c98-4160", "study_name": "RF", "directions": [1]}
{"op_code": 0, "worker_id": "8f7b9ba9-69e3-4c55-82b6-4565d6fa02e9-4160", "study_name": "RF", "directions": [1]}
{"op_code": 0, "worker_id": "196ee6eb-f2d6-472f-869a-7f9901c156a9-4160", "study_name": "RF", "directions": [1]}
{"op_code": 0, "worker_id": "7633278b-a82c-413c-816b-1081b1fe2ba6-4160", "study_name": "RF", "directions": [1]}
{"op_code": 0, "worker_id": "21f4b856-b98a-485f-8b14-9c7521b2e5ba-4160", "study_name": "RF", "directions": [1]}
{"op_code": 0, "worker_id": "0dd5075d-8265-4603-89c1-e675759601b6-4160", "study_name": "RF", "directions": [1]}
{"op_code": 0, "worker_id": "8bc4618e-e347-440e-95b6-f89203c83ddf-4160", "study_name": "RF", "directions": [1]}
{"op_code": 0, "worker_id": "19f12edd-0586-4a85-990c-aa9ac4789666-4160", "study_name": "RF", "directions": [1]}
{"op_code": 0, "worker_id": "0616bb87-ca1d-4132-98dd-48ffd7a9a425-4160", "study_name": "RF", "directions": [1]}
{"op_code": 0, "worker_id": "235f1c59-4907-4abc-837f-d91ab48f7070-4160", "study_name": "RF", "directions": [1]}
{"op_code": 0, "worker_id": "464137aa-0145-416b-8449-192e26f77441-4160", "study_name": "RF", "directions": [1]}
{"op_code": 0, "worker_id": "2f348e79-5964-4f7c-82dc-512cb7b707f5-4160", "study_name": "RF", "directions": [1]}
{"op_code": 0, "worker_id": "85d310b3-204d-4b39-a309-97e1fdd4a8c0-4160", "study_name": "RF", "directions": [1]}
{"op_code": 0, "worker_id": "b035a993-8787-46f7-b911-af1e16ab2ac1-4160", "study_name": "RF", "directions": [1]}
{"op_code": 0, "worker_id": "6a49098a-99b6-4dd0-b89a-f80437d15127-4160", "study_name": "RF", "directions": [1]}
{"op_code": 0, "worker_id": "71d46b77-f2dd-48cf-834f-1b29b186c198-4160", "study_name": "RF", "directions": [1]}
{"op_code": 0, "worker_id": "58ca8c68-4984-4b2b-8a51-24af114b79e8-4160", "study_name": "RF", "directions": [1]}
{"op_code": 0, "worker_id": "d2caadcd-244a-43bb-8f19-4a4d459df396-4160", "study_name": "RF", "directions": [1]}
{"op_code": 0, "worker_id": "4f49085c-941e-4386-87c9-ea494f08e49f-4160", "study_name": "RF", "directions": [1]}
{"op_code": 0, "worker_id": "557813c9-ff0d-41ba-80a9-16b1f7b41bec-4160", "study_name": "RF", "directions": [1]}
{"op_code": 0, "worker_id": "df727edf-2d5a-4538-be41-1af545285a09-4160", "study_name": "RF", "directions": [1]}
{"op_code": 0, "worker_id": "131ee76c-8f94-497d-9df0-a27ff59be7ef-4160", "study_name": "RF", "directions": [1]}
{"op_code": 0, "worker_id": "c68370b3-5872-42d3-9c81-25cb3041856d-4160", "study_name": "RF", "directions": [1]}
{"op_code": 0, "worker_id": "530c6a25-c8eb-41af-8ad6-31afddf9306d-4160", "study_name": "RF", "directions": [1]}
{"op_code": 0, "worker_id": "5e3a5a41-21cc-4b3c-b905-c264170d9e02-4160", "study_name": "RF", "directions": [1]}
{"op_code": 0, "worker_id": "347fccba-aa5d-4308-b255-b92cf76c953e-4160", "study_name": "RF", "directions": [1]}
{"op_code": 0, "worker_id": "51c0e3b0-688c-41b1-a21b-e9f80bb1ef7c-4160", "study_name": "RF", "directions": [1]}
{"op_code": 0, "worker_id": "893ebd7d-157c-4bf8-940d-808afd13eaf7-4160", "study_name": "RF", "directions": [1]}
{"op_code": 0, "worker_id": "75a89bb1-31ed-4b1d-b110-8d1b5a5d7284-4160", "study_name": "RF", "directions": [1]}
{"op_code": 0, "worker_id": "79592eb1-4849-403f-b3af-526bcd102c5a-4160", "study_name": "RF", "directions": [1]}
{"op_code": 0, "worker_id": "2f2101c6-96a3-4988-9948-a70783a7081a-4160", "study_name": "RF", "directions": [1]}
{"op_code": 0, "worker_id": "adf0a3c2-e57b-492b-af97-54f96687d0a8-4160", "study_name": "RF", "directions": [1]}
{"op_code": 0, "worker_id": "894f5939-25e4-409b-8456-c9474420b558-4160", "study_name": "RF", "directions": [1]}
{"op_code": 0, "worker_id": "abd4766d-54d4-4e51-8e32-e785befb252b-4160", "study_name": "RF", "directions": [1]}
{"op_code": 0, "worker_id": "34ed6ec0-7c1b-467f-be48-af027ea84566-4160", "study_name": "RF", "directions": [1]}
{"op_code": 0, "worker_id": "8212fc61-ca81-4167-b941-d83616445af8-4160", "study_name": "RF", "directions": [1]}
{"op_code": 0, "worker_id": "f670fa67-180f-483b-88f5-dc8a85dbb0be-4160", "study_name": "RF", "directions": [1]}
{"op_code": 0, "worker_id": "450d109d-7bb5-4b82-a17c-38656a5be6f8-4160", "study_name": "RF", "directions": [1]}
{"op_code": 0, "worker_id": "7fadcc46-2dbc-4733-a6ec-b123c54963bd-4160", "study_name": "RF", "directions": [1]}
{"op_code": 0, "worker_id": "dfd0a67e-7252-4390-92e4-434f8ab425ee-4160", "study_name": "RF", "directions": [1]}
{"op_code": 0, "worker_id": "15aec693-ced7-496f-99b5-216098638899-4160", "study_name": "RF", "directions": [1]}
{"op_code": 0, "worker_id": "5c4de3b2-6edf-41e5-9892-6a551bdd20b7-4160", "study_name": "RF", "directions": [1]}
{"op_code": 0, "worker_id": "1c310de7-3bfc-4a22-9bad-0e44c0b653a6-4160", "study_name": "RF", "directions": [1]}
{"op_code": 0, "worker_id": "bb749c3c-a359-4596-abfd-255d2c538c8a-4160", "study_name": "RF", "directions": [1]}
{"op_code": 0, "worker_id": "ee8fd445-16c2-4045-950f-575de34b84f7-4160", "study_name": "RF", "directions": [1]}
{"op_code": 0, "worker_id": "4c1768e1-5ced-4832-bb14-d573be7bd01d-4160", "study_name": "RF", "directions": [1]}
{"op_code": 0, "worker_id": "a5387dcc-be25-488c-9b23-c2371f7a96db-4160", "study_name": "RF", "directions": [1]}
{"op_code": 0, "worker_id": "4baed368-a0cd-43c4-83d8-9ab8eff5d6c0-4160", "study_name": "RF", "directions": [1]}
{"op_code": 0, "worker_id": "c61b6e6f-4751-4aff-a36a-32dcc068db1b-4160", "study_name": "RF", "directions": [1]}
{"op_code": 0, "worker_id": "fb719644-5421-48a8-84b0-fea328d98c51-4160", "study_name": "RF", "directions": [1]}
{"op_code": 0, "worker_id": "26de9cc8-40c3-4167-86f5-831f88940828-4160", "study_name": "RF", "directions": [1]}
{"op_code": 0, "worker_id": "b5fea3f9-5193-489b-a08c-8e92e9289e2b-4160", "study_name": "RF", "directions": [1]}
{"op_code": 0, "worker_id": "51459b65-ded0-458f-aa3f-2730646a6757-4160", "study_name": "RF", "directions": [1]}
{"op_code": 0, "worker_id": "00a07867-979b-4e10-a08d-72680aca6715-4160", "study_name": "RF", "directions": [1]}
{"op_code": 0, "worker_id": "879ecf80-ffed-4e3d-b5ce-b2042b44858e-4160", "study_name": "RF", "directions": [1]}
{"op_code": 0, "worker_id": "c944426b-eecb-4294-afb8-315388f99a0c-4160", "study_name": "RF", "directions": [1]}
{"op_code": 0, "worker_id": "ccbb2ae0-530f-4467-9613-a164676c2824-4160", "study_name": "RF", "directions": [1]}
{"op_code": 0, "worker_id": "dbfb0e6c-2e3b-4340-a3e5-1529b6db7239-4160", "study_name": "RF", "directions": [1]}
{"op_code": 0, "worker_id": "772c3ed9-cf01-495e-85ff-18a728a828b1-4160", "study_name": "RF", "directions": [1]}
{"op_code": 0, "worker_id": "c1dd6ecb-2842-41a3-b632-bf9c465d2974-4160", "study_name": "RF", "directions": [1]}
{"op_code": 0, "worker_id": "472043da-76b9-445d-881c-10b1cb0213f9-4160", "study_name": "RF", "directions": [1]}
{"op_code": 0, "worker_id": "1fb601e0-f3ed-4a0e-ae79-5280277b0e13-4160", "study_name": "RF", "directions": [1]}
{"op_code": 0, "worker_id": "300af66f-7eee-4631-8e46-b8847463c455-4160", "study_name": "RF", "directions": [1]}
{"op_code": 0, "worker_id": "38170b9b-2649-40d8-b02c-1ef4ac5fa26a-4160", "study_name": "RF", "directions": [1]}
{"op_code": 0, "worker_id": "d323742b-0933-432c-a5ee-6354b4357ee6-4160", "study_name": "RF", "directions": [1]}
{"op_code": 0, "worker_id": "714777e6-0334-40f5-8bdd-04b1a4c94f3b-4160", "study_name": "RF", "directions": [1]}
{"op_code": 0, "worker_id": "0a7ab8a6-0cde-4b32-9f20-b6fd58c67fa7-4160", "study_name": "RF", "directions": [1]}
{"op_code": 0, "worker_id": "8d80aeac-1309-456c-a2d2-fc064971a0f8-4160", "study_name": "RF", "directions": [1]}
{"op_code": 0, "worker_id": "c175572b-ce9d-4778-8991-4607ba779490-4160", "study_name": "RF", "directions": [1]}
{"op_code": 0, "worker_id": "68352de5-d068-4bca-850e-67f860dc71b1-4160", "study_name": "RF", "directions": [1]}
{"op_code": 0, "worker_id": "da9e17f9-85c9-439c-a748-40a0321f9bb0-4160", "study_name": "RF", "directions": [1]}
{"op_code": 0, "worker_id": "860801a6-edb9-47f8-a262-741878a8b87e-4160", "study_name": "RF", "directions": [1]}
{"op_code": 0, "worker_id": "a1153b93-96d5-49a8-9cc5-64adb52ea0c2-4160", "study_name": "RF", "directions": [1]}
{"op_code": 0, "worker_id": "3a37eec4-1257-4b8e-8155-f5d6b62d9cd7-4160", "study_name": "RF", "directions": [1]}
{"op_code": 0, "worker_id": "05840b62-fa60-4f49-a91a-4caca8994d69-4160", "study_name": "RF", "directions": [1]}
{"op_code": 0, "worker_id": "5aab6056-c6bb-4ab9-952a-1c357a97cafd-4160", "study_name": "RF", "directions": [1]}
{"op_code": 0, "worker_id": "dbfc1b2d-8619-46e2-8d7c-680360b76787-4160", "study_name": "RF", "directions": [1]}
{"op_code": 0, "worker_id": "310995a7-7ee0-4167-9805-e78169845120-4160", "study_name": "RF", "directions": [1]}
{"op_code": 0, "worker_id": "9bdb0119-c05c-4ba5-a83d-6c0230f5083e-4160", "study_name": "RF", "directions": [1]}
{"op_code": 0, "worker_id": "a833cc53-9a27-4923-8aa1-54bfbd87f484-4160", "study_name": "RF", "directions": [1]}
{"op_code": 0, "worker_id": "286bcc1d-09ff-4110-a1a6-5e81584adfaf-4160", "study_name": "RF", "directions": [1]}
{"op_code": 0, "worker_id": "0e11e1af-6826-4bc4-be06-6751f24ba6a0-4160", "study_name": "RF", "directions": [1]}
{"op_code": 0, "worker_id": "9d5a0ae5-7615-440d-9a27-53aa6b1fa4c5-4160", "study_name": "RF", "directions": [1]}
{"op_code": 0, "worker_id": "af72228f-ca86-415d-bfe1-94d2a51798bc-4160", "study_name": "RF", "directions": [1]}
{"op_code": 0, "worker_id": "d66da181-dec2-4d3f-89c1-d00cbff47ca1-4160", "study_name": "RF", "directions": [1]}
{"op_code": 0, "worker_id": "6ef5661b-5374-4ead-8887-71a17c84e225-4160", "study_name": "RF", "directions": [1]}
{"op_code": 0, "worker_id": "834ad141-e1ae-4087-92e2-0b7ebddce8b1-4160", "study_name": "RF", "directions": [1]}
{"op_code": 0, "worker_id": "8d123b55-3e42-4bf4-ae0a-110e4c1c8e7f-4160", "study_name": "RF", "directions": [1]}
{"op_code": 0, "worker_id": "86bf8613-6375-4418-bc12-ffe3dc0500bb-4160", "study_name": "RF", "directions": [1]}
{"op_code": 0, "worker_id": "6fefb2c4-b814-47ec-8156-295f9d719783-4160", "study_name": "RF", "directions": [1]}
{"op_code": 0, "worker_id": "9639eb4d-d722-42a4-ab16-e9da342e010d-4160", "study_name": "RF", "directions": [1]}
{"op_code": 0, "worker_id": "fe2aaac7-1bb9-4197-b3c6-d277afffb8b8-4160", "study_name": "RF", "directions": [1]}
{"op_code": 0, "worker_id": "6a000fdf-1c56-4f1c-975c-7b902d3aac4e-4160", "study_name": "RF", "directions": [1]}
{"op_code": 0, "worker_id": "f36f9c7a-8d97-403e-81f8-be3b782642ef-4160", "study_name": "RF", "directions": [1]}
{"op_code": 0, "worker_id": "55225668-f4d1-4aa2-bfe0-0d394d15aa27-4160", "study_name": "RF", "directions": [1]}
{"op_code": 0, "worker_id": "f76f22b3-7b6d-40e4-bef3-18250a83de6c-4160", "study_name": "RF", "directions": [1]}
{"op_code": 0, "worker_id": "b9ebf533-9cbb-41c8-ae53-2b975257c004-4160", "study_name": "RF", "directions": [1]}
{"op_code": 0, "worker_id": "d1025bf3-7707-44c0-adb6-5df93dec0612-4160", "study_name": "RF", "directions": [1]}
{"op_code": 0, "worker_id": "a89d974b-8de4-4465-8327-24cb3908890c-4160", "study_name": "RF", "directions": [1]}
{"op_code": 0, "worker_id": "061b8ee8-e931-4739-8c12-680d79a1ea79-4160", "study_name": "RF", "directions": [1]}
{"op_code": 0, "worker_id": "7fade18f-b74f-46f3-8d02-b52871be84c5-4160", "study_name": "RF", "directions": [1]}
{"op_code": 0, "worker_id": "77a9fa1b-ae5f-457f-b3de-f759e5063a3e-4160", "study_name": "RF", "directions": [1]}
{"op_code": 0, "worker_id": "6d1c7d7a-358c-4fa1-90f6-5d6cfbf2d668-4160", "study_name": "RF", "directions": [1]}
{"op_code": 0, "worker_id": "939c4f39-e68f-4272-82d5-29f9682559ca-4160", "study_name": "RF", "directions": [1]}
{"op_code": 0, "worker_id": "968aefd7-8b2d-458d-95fd-5a9bb0359d80-4160", "study_name": "RF", "directions": [1]}
{"op_code": 0, "worker_id": "223ecc74-7bf3-4af4-a700-fed671843954-4160", "study_name": "RF", "directions": [1]}
{"op_code": 0, "worker_id": "530cb29d-20a4-4904-b165-9892a99d3307-4160", "study_name": "RF", "directions": [1]}
{"op_code": 0, "worker_id": "25e2896e-648d-49a1-9512-fa66d4640ea5-4160", "study_name": "RF", "directions": [1]}
{"op_code": 0, "worker_id": "b992cda5-f020-41de-bc27-24edbf6c2c91-4160", "study_name": "RF", "directions": [1]}
{"op_code": 0, "worker_id": "3eb91c6e-6b18-45d3-b803-18558eb57b39-4160", "study_name": "RF", "directions": [1]}
{"op_code": 0, "worker_id": "1d4e653b-07e9-4c7b-ac11-cf2df22b6ce0-4160", "study_name": "RF", "directions": [1]}
{"op_code": 0, "worker_id": "c49b597b-8c27-45e8-80c5-69b3ae191d2f-4160", "study_name": "RF", "directions": [1]}
{"op_code": 0, "worker_id": "b105e918-c8db-4918-b3e9-51f31a69bc9a-4160", "study_name": "RF", "directions": [1]}
{"op_code": 0, "worker_id": "bb0aa75c-631f-45a3-9ccc-58ecf672c05f-4160", "study_name": "RF", "directions": [1]}
{"op_code": 0, "worker_id": "612fb05a-4b1d-4d2f-9756-3f42bb64a323-4160", "study_name": "RF", "directions": [1]}
{"op_code": 0, "worker_id": "0f88608e-4cbb-42a0-9ad9-bb43b9e1f886-4160", "study_name": "RF", "directions": [1]}
{"op_code": 0, "worker_id": "137d864b-be90-4205-b166-8c86652dcf46-4160", "study_name": "RF", "directions": [1]}
{"op_code": 0, "worker_id": "af6544ad-65c8-4784-9749-1379f95547f8-4160", "study_name": "RF", "directions": [1]}
{"op_code": 0, "worker_id": "bb406ba2-3549-4509-b514-517d67e4aaf0-4160", "study_name": "RF", "directions": [1]}
{"op_code": 0, "worker_id": "01f1c7d5-096f-4ed1-b7de-afdea494d2dd-4160", "study_name": "RF", "directions": [1]}
{"op_code": 0, "worker_id": "f1b75f39-4bc9-411c-a73b-99f679433e9b-4160", "study_name": "RF", "directions": [1]}
{"op_code": 0, "worker_id": "365514bf-4a10-4c66-b058-67323d40d956-4160", "study_name": "RF", "directions": [1]}
{"op_code": 0, "worker_id": "653cdf6b-cedf-4233-bb5e-5d8b4ee0a047-4160", "study_name": "RF", "directions": [1]}
{"op_code": 0, "worker_id": "bc8c7e87-48c0-4163-9cee-398ea1655d16-4160", "study_name": "RF", "directions": [1]}
{"op_code": 0, "worker_id": "930587b1-0548-4e39-8cdd-5195b9e018af-4160", "study_name": "RF", "directions": [1]}
{"op_code": 0, "worker_id": "c9450679-951a-42b4-be43-4dc26677b61e-4160", "study_name": "RF", "directions": [1]}
{"op_code": 0, "worker_id": "10c13d30-a48e-480f-b806-0bd870404822-4160", "study_name": "RF", "directions": [1]}
{"op_code": 0, "worker_id": "624cfe5c-fffa-4529-a227-45839adefdd2-4160", "study_name": "RF", "directions": [1]}
{"op_code": 0, "worker_id": "23857ebd-24d0-4036-b885-f3ff95e25c39-4160", "study_name": "RF", "directions": [1]}
{"op_code": 0, "worker_id": "69c33a72-3eb1-4f94-abb5-d7a93ea0d12e-4160", "study_name": "RF", "directions": [1]}
{"op_code": 0, "worker_id": "78a9b0c8-d774-44a0-8ead-60ad125e59ab-4160", "study_name": "RF", "directions": [1]}
{"op_code": 0, "worker_id": "85749248-684e-4ff5-a98e-7be2ac91cf05-4160", "study_name": "RF", "directions": [1]}
{"op_code": 0, "worker_id": "99c0ac86-86d4-4147-afb4-b64867eaa505-4160", "study_name": "RF", "directions": [1]}
{"op_code": 0, "worker_id": "89be4806-4f15-4016-92d2-4a50cc8a084e-4160", "study_name": "RF", "directions": [1]}
{"op_code": 0, "worker_id": "93bde467-9e66-40ad-9629-c511cbe52d9c-4160", "study_name": "RF", "directions": [1]}
{"op_code": 0, "worker_id": "5353af3e-35cf-4789-a903-d966a4d40ac1-4160", "study_name": "RF", "directions": [1]}
{"op_code": 0, "worker_id": "0dee5662-b7d5-4b87-8561-82e876fb684b-4160", "study_name": "RF", "directions": [1]}
