{"op_code": 0, "worker_id": "9181cc0e-d392-4b37-94bd-9724b38b79a1-47279818202944", "study_name": "ANN", "directions": [1]}
{"op_code": 4, "worker_id": "9181cc0e-d392-4b37-94bd-9724b38b79a1-47280521058048", "study_id": 0, "datetime_start": "2023-11-07T17:13:12.549170"}
{"op_code": 5, "worker_id": "9181cc0e-d392-4b37-94bd-9724b38b79a1-47280521058048", "trial_id": 0, "param_name": "learning_rate_init", "param_value_internal": 0.08972691060066294, "distribution": "{\"name\": \"FloatDistribution\", \"attributes\": {\"step\": null, \"low\": 0.001, \"high\": 0.1, \"log\": false}}"}
{"op_code": 5, "worker_id": "9181cc0e-d392-4b37-94bd-9724b38b79a1-47280521058048", "trial_id": 0, "param_name": "hidden_layer_sizes", "param_value_internal": 8, "distribution": "{\"name\": \"CategoricalDistribution\", \"attributes\": {\"choices\": [[5], [10], [20], [50], [5, 5], [10, 10], [20, 20], [50, 50], [5, 5, 5], [10, 10, 10], [50, 50, 50]]}}"}
{"op_code": 6, "worker_id": "9181cc0e-d392-4b37-94bd-9724b38b79a1-47280521058048", "trial_id": 0, "state": 1, "values": [3.3090363012368105], "datetime_complete": "2023-11-07T17:13:13.534378"}
{"op_code": 0, "worker_id": "ee3a9bb0-c82d-4a79-a8d8-ce9fb158c548-47279818202944", "study_name": "ANN", "directions": [1]}
{"op_code": 4, "worker_id": "ee3a9bb0-c82d-4a79-a8d8-ce9fb158c548-47280521058048", "study_id": 0, "datetime_start": "2023-11-07T17:19:58.367897"}
{"op_code": 5, "worker_id": "ee3a9bb0-c82d-4a79-a8d8-ce9fb158c548-47280521058048", "trial_id": 1, "param_name": "learning_rate_init", "param_value_internal": 0.07001152361681061, "distribution": "{\"name\": \"FloatDistribution\", \"attributes\": {\"step\": null, \"low\": 0.001, \"high\": 0.1, \"log\": false}}"}
{"op_code": 5, "worker_id": "ee3a9bb0-c82d-4a79-a8d8-ce9fb158c548-47280521058048", "trial_id": 1, "param_name": "hidden_layer_sizes", "param_value_internal": 6, "distribution": "{\"name\": \"CategoricalDistribution\", \"attributes\": {\"choices\": [[5], [10], [20], [50], [5, 5], [10, 10], [20, 20], [50, 50], [5, 5, 5], [10, 10, 10], [50, 50, 50]]}}"}
{"op_code": 6, "worker_id": "ee3a9bb0-c82d-4a79-a8d8-ce9fb158c548-47280521058048", "trial_id": 1, "state": 1, "values": [3.0110506383483333], "datetime_complete": "2023-11-07T17:19:59.133079"}
{"op_code": 0, "worker_id": "6bfe1980-b0af-4e57-8cf8-e6ae1b3118d9-47279818202944", "study_name": "ANN", "directions": [1]}
{"op_code": 4, "worker_id": "6bfe1980-b0af-4e57-8cf8-e6ae1b3118d9-47280521058048", "study_id": 0, "datetime_start": "2023-11-07T17:26:47.512183"}
{"op_code": 5, "worker_id": "6bfe1980-b0af-4e57-8cf8-e6ae1b3118d9-47280521058048", "trial_id": 2, "param_name": "learning_rate_init", "param_value_internal": 0.015626465267408008, "distribution": "{\"name\": \"FloatDistribution\", \"attributes\": {\"step\": null, \"low\": 0.001, \"high\": 0.1, \"log\": false}}"}
{"op_code": 5, "worker_id": "6bfe1980-b0af-4e57-8cf8-e6ae1b3118d9-47280521058048", "trial_id": 2, "param_name": "hidden_layer_sizes", "param_value_internal": 5, "distribution": "{\"name\": \"CategoricalDistribution\", \"attributes\": {\"choices\": [[5], [10], [20], [50], [5, 5], [10, 10], [20, 20], [50, 50], [5, 5, 5], [10, 10, 10], [50, 50, 50]]}}"}
{"op_code": 6, "worker_id": "6bfe1980-b0af-4e57-8cf8-e6ae1b3118d9-47280521058048", "trial_id": 2, "state": 1, "values": [5.047635967988825], "datetime_complete": "2023-11-07T17:26:48.437873"}
{"op_code": 0, "worker_id": "e62ac051-bdaa-4bac-836c-dcfe8d8da50e-47279818202944", "study_name": "ANN", "directions": [1]}
{"op_code": 4, "worker_id": "e62ac051-bdaa-4bac-836c-dcfe8d8da50e-47280521058048", "study_id": 0, "datetime_start": "2023-11-07T17:33:35.746800"}
{"op_code": 5, "worker_id": "e62ac051-bdaa-4bac-836c-dcfe8d8da50e-47280521058048", "trial_id": 3, "param_name": "learning_rate_init", "param_value_internal": 0.011248032700587128, "distribution": "{\"name\": \"FloatDistribution\", \"attributes\": {\"step\": null, \"low\": 0.001, \"high\": 0.1, \"log\": false}}"}
{"op_code": 5, "worker_id": "e62ac051-bdaa-4bac-836c-dcfe8d8da50e-47280521058048", "trial_id": 3, "param_name": "hidden_layer_sizes", "param_value_internal": 7, "distribution": "{\"name\": \"CategoricalDistribution\", \"attributes\": {\"choices\": [[5], [10], [20], [50], [5, 5], [10, 10], [20, 20], [50, 50], [5, 5, 5], [10, 10, 10], [50, 50, 50]]}}"}
{"op_code": 6, "worker_id": "e62ac051-bdaa-4bac-836c-dcfe8d8da50e-47280521058048", "trial_id": 3, "state": 1, "values": [4.815754815136373], "datetime_complete": "2023-11-07T17:33:36.496036"}
