{"op_code": 0, "worker_id": "6aacd0de-4391-4fbf-887e-a5fde693ccd3-47279818202944", "study_name": "GB", "directions": [1]}
{"op_code": 4, "worker_id": "6aacd0de-4391-4fbf-887e-a5fde693ccd3-47280521058048", "study_id": 0, "datetime_start": "2023-11-07T17:13:09.535121"}
{"op_code": 5, "worker_id": "6aacd0de-4391-4fbf-887e-a5fde693ccd3-47280521058048", "trial_id": 0, "param_name": "n_estimators", "param_value_internal": 0, "distribution": "{\"name\": \"CategoricalDistribution\", \"attributes\": {\"choices\": [10, 20, 50, 200, 500]}}"}
{"op_code": 5, "worker_id": "6aacd0de-4391-4fbf-887e-a5fde693ccd3-47280521058048", "trial_id": 0, "param_name": "learning_rate", "param_value_internal": 0.3315669621603929, "distribution": "{\"name\": \"FloatDistribution\", \"attributes\": {\"step\": null, \"low\": 0.005, \"high\": 1.0, \"log\": false}}"}
{"op_code": 5, "worker_id": "6aacd0de-4391-4fbf-887e-a5fde693ccd3-47280521058048", "trial_id": 0, "param_name": "max_depth", "param_value_internal": 3, "distribution": "{\"name\": \"CategoricalDistribution\", \"attributes\": {\"choices\": [1, 2, 3, 4, 5]}}"}
{"op_code": 6, "worker_id": "6aacd0de-4391-4fbf-887e-a5fde693ccd3-47280521058048", "trial_id": 0, "state": 1, "values": [0.14250964764089025], "datetime_complete": "2023-11-07T17:13:10.419953"}
{"op_code": 0, "worker_id": "2107f248-ba34-4614-80e7-6f25d367e3bd-47279818202944", "study_name": "GB", "directions": [1]}
{"op_code": 4, "worker_id": "2107f248-ba34-4614-80e7-6f25d367e3bd-47280521058048", "study_id": 0, "datetime_start": "2023-11-07T17:19:55.291921"}
{"op_code": 5, "worker_id": "2107f248-ba34-4614-80e7-6f25d367e3bd-47280521058048", "trial_id": 1, "param_name": "n_estimators", "param_value_internal": 1, "distribution": "{\"name\": \"CategoricalDistribution\", \"attributes\": {\"choices\": [10, 20, 50, 200, 500]}}"}
{"op_code": 5, "worker_id": "2107f248-ba34-4614-80e7-6f25d367e3bd-47280521058048", "trial_id": 1, "param_name": "learning_rate", "param_value_internal": 0.7423493801249397, "distribution": "{\"name\": \"FloatDistribution\", \"attributes\": {\"step\": null, \"low\": 0.005, \"high\": 1.0, \"log\": false}}"}
{"op_code": 5, "worker_id": "2107f248-ba34-4614-80e7-6f25d367e3bd-47280521058048", "trial_id": 1, "param_name": "max_depth", "param_value_internal": 4, "distribution": "{\"name\": \"CategoricalDistribution\", \"attributes\": {\"choices\": [1, 2, 3, 4, 5]}}"}
{"op_code": 6, "worker_id": "2107f248-ba34-4614-80e7-6f25d367e3bd-47280521058048", "trial_id": 1, "state": 1, "values": [0.13850647819036657], "datetime_complete": "2023-11-07T17:19:56.225200"}
{"op_code": 0, "worker_id": "4e6b45fa-3dc1-4763-902e-a59a673c4b2c-47279818202944", "study_name": "GB", "directions": [1]}
{"op_code": 4, "worker_id": "4e6b45fa-3dc1-4763-902e-a59a673c4b2c-47280521058048", "study_id": 0, "datetime_start": "2023-11-07T17:26:44.449130"}
{"op_code": 5, "worker_id": "4e6b45fa-3dc1-4763-902e-a59a673c4b2c-47280521058048", "trial_id": 2, "param_name": "n_estimators", "param_value_internal": 4, "distribution": "{\"name\": \"CategoricalDistribution\", \"attributes\": {\"choices\": [10, 20, 50, 200, 500]}}"}
{"op_code": 5, "worker_id": "4e6b45fa-3dc1-4763-902e-a59a673c4b2c-47280521058048", "trial_id": 2, "param_name": "learning_rate", "param_value_internal": 0.9027097821706986, "distribution": "{\"name\": \"FloatDistribution\", \"attributes\": {\"step\": null, \"low\": 0.005, \"high\": 1.0, \"log\": false}}"}
{"op_code": 5, "worker_id": "4e6b45fa-3dc1-4763-902e-a59a673c4b2c-47280521058048", "trial_id": 2, "param_name": "max_depth", "param_value_internal": 1, "distribution": "{\"name\": \"CategoricalDistribution\", \"attributes\": {\"choices\": [1, 2, 3, 4, 5]}}"}
{"op_code": 6, "worker_id": "4e6b45fa-3dc1-4763-902e-a59a673c4b2c-47280521058048", "trial_id": 2, "state": 1, "values": [0.1341859578008293], "datetime_complete": "2023-11-07T17:26:45.347152"}
{"op_code": 0, "worker_id": "9ca6acc0-ffb6-452d-aa8c-868f0f04775f-47279818202944", "study_name": "GB", "directions": [1]}
{"op_code": 4, "worker_id": "9ca6acc0-ffb6-452d-aa8c-868f0f04775f-47280521058048", "study_id": 0, "datetime_start": "2023-11-07T17:33:32.724188"}
{"op_code": 5, "worker_id": "9ca6acc0-ffb6-452d-aa8c-868f0f04775f-47280521058048", "trial_id": 3, "param_name": "n_estimators", "param_value_internal": 3, "distribution": "{\"name\": \"CategoricalDistribution\", \"attributes\": {\"choices\": [10, 20, 50, 200, 500]}}"}
{"op_code": 5, "worker_id": "9ca6acc0-ffb6-452d-aa8c-868f0f04775f-47280521058048", "trial_id": 3, "param_name": "learning_rate", "param_value_internal": 0.5051051731397067, "distribution": "{\"name\": \"FloatDistribution\", \"attributes\": {\"step\": null, \"low\": 0.005, \"high\": 1.0, \"log\": false}}"}
{"op_code": 5, "worker_id": "9ca6acc0-ffb6-452d-aa8c-868f0f04775f-47280521058048", "trial_id": 3, "param_name": "max_depth", "param_value_internal": 1, "distribution": "{\"name\": \"CategoricalDistribution\", \"attributes\": {\"choices\": [1, 2, 3, 4, 5]}}"}
{"op_code": 6, "worker_id": "9ca6acc0-ffb6-452d-aa8c-868f0f04775f-47280521058048", "trial_id": 3, "state": 1, "values": [0.13394781991819732], "datetime_complete": "2023-11-07T17:33:33.612948"}
