{"op_code": 0, "worker_id": "b5f64373-05fa-4290-aac6-b29f5bd4a5e3-47279818202944", "study_name": "KRR", "directions": [1]}
{"op_code": 4, "worker_id": "b5f64373-05fa-4290-aac6-b29f5bd4a5e3-47280521058048", "study_id": 0, "datetime_start": "2023-11-07T17:13:09.496301"}
{"op_code": 5, "worker_id": "b5f64373-05fa-4290-aac6-b29f5bd4a5e3-47280521058048", "trial_id": 0, "param_name": "alpha", "param_value_internal": 0.5783707969042786, "distribution": "{\"name\": \"FloatDistribution\", \"attributes\": {\"step\": null, \"low\": 0.0001, \"high\": 1.0, \"log\": false}}"}
{"op_code": 5, "worker_id": "b5f64373-05fa-4290-aac6-b29f5bd4a5e3-47280521058048", "trial_id": 0, "param_name": "gamma", "param_value_internal": 6.481212694665385e-15, "distribution": "{\"name\": \"FloatDistribution\", \"attributes\": {\"step\": null, \"low\": 0.0, \"high\": 1e-14, \"log\": false}}"}
{"op_code": 5, "worker_id": "b5f64373-05fa-4290-aac6-b29f5bd4a5e3-47280521058048", "trial_id": 0, "param_name": "kernel", "param_value_internal": 0, "distribution": "{\"name\": \"CategoricalDistribution\", \"attributes\": {\"choices\": [\"linear\", \"laplacian\", \"rbf\"]}}"}
{"op_code": 6, "worker_id": "b5f64373-05fa-4290-aac6-b29f5bd4a5e3-47280521058048", "trial_id": 0, "state": 1, "values": [0.12615569502793386], "datetime_complete": "2023-11-07T17:13:09.526850"}
{"op_code": 0, "worker_id": "c920a48f-dc0c-4f69-8200-d1dac8c5343c-47279818202944", "study_name": "KRR", "directions": [1]}
{"op_code": 4, "worker_id": "c920a48f-dc0c-4f69-8200-d1dac8c5343c-47280521058048", "study_id": 0, "datetime_start": "2023-11-07T17:19:55.222645"}
{"op_code": 5, "worker_id": "c920a48f-dc0c-4f69-8200-d1dac8c5343c-47280521058048", "trial_id": 1, "param_name": "alpha", "param_value_internal": 0.9650755178707234, "distribution": "{\"name\": \"FloatDistribution\", \"attributes\": {\"step\": null, \"low\": 0.0001, \"high\": 1.0, \"log\": false}}"}
{"op_code": 5, "worker_id": "c920a48f-dc0c-4f69-8200-d1dac8c5343c-47280521058048", "trial_id": 1, "param_name": "gamma", "param_value_internal": 9.484670679164959e-15, "distribution": "{\"name\": \"FloatDistribution\", \"attributes\": {\"step\": null, \"low\": 0.0, \"high\": 1e-14, \"log\": false}}"}
{"op_code": 5, "worker_id": "c920a48f-dc0c-4f69-8200-d1dac8c5343c-47280521058048", "trial_id": 1, "param_name": "kernel", "param_value_internal": 0, "distribution": "{\"name\": \"CategoricalDistribution\", \"attributes\": {\"choices\": [\"linear\", \"laplacian\", \"rbf\"]}}"}
{"op_code": 6, "worker_id": "c920a48f-dc0c-4f69-8200-d1dac8c5343c-47280521058048", "trial_id": 1, "state": 1, "values": [0.1275965418769797], "datetime_complete": "2023-11-07T17:19:55.278165"}
{"op_code": 0, "worker_id": "ec61c55b-b8a7-4339-8b04-d7573d1cd39d-47279818202944", "study_name": "KRR", "directions": [1]}
{"op_code": 4, "worker_id": "ec61c55b-b8a7-4339-8b04-d7573d1cd39d-47280521058048", "study_id": 0, "datetime_start": "2023-11-07T17:26:44.402530"}
{"op_code": 5, "worker_id": "ec61c55b-b8a7-4339-8b04-d7573d1cd39d-47280521058048", "trial_id": 2, "param_name": "alpha", "param_value_internal": 0.11581073353662395, "distribution": "{\"name\": \"FloatDistribution\", \"attributes\": {\"step\": null, \"low\": 0.0001, \"high\": 1.0, \"log\": false}}"}
{"op_code": 5, "worker_id": "ec61c55b-b8a7-4339-8b04-d7573d1cd39d-47280521058048", "trial_id": 2, "param_name": "gamma", "param_value_internal": 3.0912898350191774e-15, "distribution": "{\"name\": \"FloatDistribution\", \"attributes\": {\"step\": null, \"low\": 0.0, \"high\": 1e-14, \"log\": false}}"}
{"op_code": 5, "worker_id": "ec61c55b-b8a7-4339-8b04-d7573d1cd39d-47280521058048", "trial_id": 2, "param_name": "kernel", "param_value_internal": 0, "distribution": "{\"name\": \"CategoricalDistribution\", \"attributes\": {\"choices\": [\"linear\", \"laplacian\", \"rbf\"]}}"}
{"op_code": 6, "worker_id": "ec61c55b-b8a7-4339-8b04-d7573d1cd39d-47280521058048", "trial_id": 2, "state": 1, "values": [0.12647447384769736], "datetime_complete": "2023-11-07T17:26:44.438789"}
{"op_code": 0, "worker_id": "eecf710e-f978-4900-b337-7f767eca47f5-47279818202944", "study_name": "KRR", "directions": [1]}
{"op_code": 4, "worker_id": "eecf710e-f978-4900-b337-7f767eca47f5-47280521058048", "study_id": 0, "datetime_start": "2023-11-07T17:33:32.683330"}
{"op_code": 5, "worker_id": "eecf710e-f978-4900-b337-7f767eca47f5-47280521058048", "trial_id": 3, "param_name": "alpha", "param_value_internal": 0.8406452380441473, "distribution": "{\"name\": \"FloatDistribution\", \"attributes\": {\"step\": null, \"low\": 0.0001, \"high\": 1.0, \"log\": false}}"}
{"op_code": 5, "worker_id": "eecf710e-f978-4900-b337-7f767eca47f5-47280521058048", "trial_id": 3, "param_name": "gamma", "param_value_internal": 8.668368103177915e-16, "distribution": "{\"name\": \"FloatDistribution\", \"attributes\": {\"step\": null, \"low\": 0.0, \"high\": 1e-14, \"log\": false}}"}
{"op_code": 5, "worker_id": "eecf710e-f978-4900-b337-7f767eca47f5-47280521058048", "trial_id": 3, "param_name": "kernel", "param_value_internal": 2, "distribution": "{\"name\": \"CategoricalDistribution\", \"attributes\": {\"choices\": [\"linear\", \"laplacian\", \"rbf\"]}}"}
{"op_code": 6, "worker_id": "eecf710e-f978-4900-b337-7f767eca47f5-47280521058048", "trial_id": 3, "state": 1, "values": [0.12499296112108534], "datetime_complete": "2023-11-07T17:33:32.715254"}
{"op_code": 0, "worker_id": "f1e592d2-e84a-4b94-b0b5-0e35acfbdb6a-6556", "study_name": "KRR", "directions": [1]}
{"op_code": 0, "worker_id": "d4098dc3-dbea-453b-84ab-bd59b1396783-6556", "study_name": "KRR", "directions": [1]}
{"op_code": 0, "worker_id": "70dff64f-d050-4e38-a396-f9a1cc5ec950-6556", "study_name": "KRR", "directions": [1]}
{"op_code": 0, "worker_id": "cd391862-d07c-4ffd-9750-e3a9013b4ab2-6556", "study_name": "KRR", "directions": [1]}
{"op_code": 0, "worker_id": "a82b4cef-8207-4997-a94f-21ae65cc9a0b-6556", "study_name": "KRR", "directions": [1]}
{"op_code": 0, "worker_id": "c59e85f2-9d91-4b91-be0b-7386be30dffb-2012", "study_name": "KRR", "directions": [1]}
{"op_code": 0, "worker_id": "ab8706c1-407e-4bb0-a571-6edb27bb9e25-2012", "study_name": "KRR", "directions": [1]}
{"op_code": 0, "worker_id": "42552dce-4deb-4267-bea2-d423a2f4946c-2012", "study_name": "KRR", "directions": [1]}
{"op_code": 0, "worker_id": "dc6ca522-2385-45e5-ba86-014b06f24a19-2012", "study_name": "KRR", "directions": [1]}
{"op_code": 0, "worker_id": "8186e2a5-e78e-4149-9cae-cd2e282714f8-2012", "study_name": "KRR", "directions": [1]}
{"op_code": 4, "worker_id": "c59e85f2-9d91-4b91-be0b-7386be30dffb-15632", "study_id": 0, "datetime_start": "2023-11-14T13:25:55.070451"}
{"op_code": 5, "worker_id": "c59e85f2-9d91-4b91-be0b-7386be30dffb-15632", "trial_id": 4, "param_name": "alpha", "param_value_internal": 0.5215150526056296, "distribution": "{\"name\": \"FloatDistribution\", \"attributes\": {\"step\": null, \"low\": 0.0001, \"high\": 1.0, \"log\": false}}"}
{"op_code": 5, "worker_id": "c59e85f2-9d91-4b91-be0b-7386be30dffb-15632", "trial_id": 4, "param_name": "gamma", "param_value_internal": 1.9996140297563337e-15, "distribution": "{\"name\": \"FloatDistribution\", \"attributes\": {\"step\": null, \"low\": 0.0, \"high\": 1e-14, \"log\": false}}"}
{"op_code": 5, "worker_id": "c59e85f2-9d91-4b91-be0b-7386be30dffb-15632", "trial_id": 4, "param_name": "kernel", "param_value_internal": 1, "distribution": "{\"name\": \"CategoricalDistribution\", \"attributes\": {\"choices\": [\"linear\", \"laplacian\", \"rbf\"]}}"}
{"op_code": 6, "worker_id": "c59e85f2-9d91-4b91-be0b-7386be30dffb-15632", "trial_id": 4, "state": 1, "values": [0.1262862966535543], "datetime_complete": "2023-11-14T13:25:55.181476"}
{"op_code": 0, "worker_id": "dabad99e-a9a2-4ea9-9b61-06b16fe76214-4160", "study_name": "KRR", "directions": [1]}
{"op_code": 0, "worker_id": "240ad4a5-da82-43e4-8e14-793169fae725-4160", "study_name": "KRR", "directions": [1]}
{"op_code": 0, "worker_id": "d305fec5-e234-4255-9877-1014d88b6f6c-4160", "study_name": "KRR", "directions": [1]}
{"op_code": 0, "worker_id": "784f5e8a-b85a-4fbe-86a6-08809073957d-4160", "study_name": "KRR", "directions": [1]}
{"op_code": 0, "worker_id": "04d0c705-72fa-43ea-9c49-2a27e2fb81ea-4160", "study_name": "KRR", "directions": [1]}
{"op_code": 0, "worker_id": "d9097d82-57ca-4b22-bc0e-59333c6d2615-4160", "study_name": "KRR", "directions": [1]}
{"op_code": 0, "worker_id": "1be16869-af32-434c-9a0f-b435be53733c-4160", "study_name": "KRR", "directions": [1]}
{"op_code": 0, "worker_id": "ed59d0dd-b0a0-45c4-9f95-1eb0b56ff0cc-4160", "study_name": "KRR", "directions": [1]}
{"op_code": 0, "worker_id": "ead22b97-5d10-4f92-8dcd-32217b3cfcfa-4160", "study_name": "KRR", "directions": [1]}
{"op_code": 0, "worker_id": "9f08633f-828c-4ee1-b818-ac06c37cfa64-4160", "study_name": "KRR", "directions": [1]}
{"op_code": 0, "worker_id": "eb7201ab-5964-4a0a-874f-5186f2eb1c17-4160", "study_name": "KRR", "directions": [1]}
{"op_code": 0, "worker_id": "e9b6cc16-4f80-41eb-be78-58b5f2aa6af5-4160", "study_name": "KRR", "directions": [1]}
{"op_code": 0, "worker_id": "2402e841-4c2d-43c5-9018-ab2446e2e293-4160", "study_name": "KRR", "directions": [1]}
{"op_code": 0, "worker_id": "c9f6ccbb-76c3-4a7f-a794-2f537bfda367-4160", "study_name": "KRR", "directions": [1]}
{"op_code": 0, "worker_id": "e25c67e3-0737-42c5-b700-824ab40af842-4160", "study_name": "KRR", "directions": [1]}
{"op_code": 0, "worker_id": "1ee023a1-3914-4dfe-bf58-d3e56e1b0bf1-4160", "study_name": "KRR", "directions": [1]}
{"op_code": 0, "worker_id": "81bcd297-75ce-44d4-896f-0e007268e6d1-4160", "study_name": "KRR", "directions": [1]}
{"op_code": 0, "worker_id": "f56351fd-8d61-48a7-bb7d-0eb3e6aae387-4160", "study_name": "KRR", "directions": [1]}
{"op_code": 0, "worker_id": "71a996b3-3b3c-4289-aa9b-44a498453de7-4160", "study_name": "KRR", "directions": [1]}
{"op_code": 0, "worker_id": "2fae8442-e810-4835-9beb-095f7388c00d-4160", "study_name": "KRR", "directions": [1]}
{"op_code": 0, "worker_id": "58ca7ac2-be13-47d3-b068-d0ccd7f61d69-4160", "study_name": "KRR", "directions": [1]}
{"op_code": 0, "worker_id": "13fe81cc-ccc0-4af0-b213-a85b1fce00a4-4160", "study_name": "KRR", "directions": [1]}
{"op_code": 0, "worker_id": "0bc8b0ff-1767-4241-9c46-7844eda63fad-4160", "study_name": "KRR", "directions": [1]}
{"op_code": 0, "worker_id": "b9ecbf91-ac7a-4779-b3fc-f1ed4484bc7e-4160", "study_name": "KRR", "directions": [1]}
{"op_code": 0, "worker_id": "bb2d9589-3324-405e-b059-b3117fc18e7e-4160", "study_name": "KRR", "directions": [1]}
{"op_code": 0, "worker_id": "fbf0853a-88d8-4949-857c-47d3e6d80519-4160", "study_name": "KRR", "directions": [1]}
{"op_code": 0, "worker_id": "451b4d94-f903-4e10-8a11-0f6399ff7d6d-4160", "study_name": "KRR", "directions": [1]}
{"op_code": 0, "worker_id": "61973ae2-1065-44c8-b2c5-978b3a6a5a77-4160", "study_name": "KRR", "directions": [1]}
{"op_code": 0, "worker_id": "e6f4f00f-8231-494a-883d-cd1b2772bd1b-4160", "study_name": "KRR", "directions": [1]}
{"op_code": 0, "worker_id": "6bb13164-d5c9-4868-ac7d-05d1ab5998e7-4160", "study_name": "KRR", "directions": [1]}
{"op_code": 0, "worker_id": "2480aef7-f8b7-412c-8d5f-7f7cf2de874c-4160", "study_name": "KRR", "directions": [1]}
{"op_code": 0, "worker_id": "0204edb7-f0e7-4afd-9625-19689df9f840-4160", "study_name": "KRR", "directions": [1]}
{"op_code": 0, "worker_id": "e6e7f254-fc85-4c35-a63f-d2a03da5418b-4160", "study_name": "KRR", "directions": [1]}
{"op_code": 0, "worker_id": "c6558fe2-f375-4739-8f78-dbe278766fb4-4160", "study_name": "KRR", "directions": [1]}
{"op_code": 0, "worker_id": "319ae63a-28a7-48d7-988d-1a8a9cd3d54a-4160", "study_name": "KRR", "directions": [1]}
{"op_code": 0, "worker_id": "166a07cb-87f3-47b9-a359-95e9757adad0-4160", "study_name": "KRR", "directions": [1]}
{"op_code": 0, "worker_id": "361edd80-e29c-4e85-a9ee-f914053689d8-4160", "study_name": "KRR", "directions": [1]}
{"op_code": 0, "worker_id": "875724ed-f380-46a1-8802-11fdb59b6e70-4160", "study_name": "KRR", "directions": [1]}
{"op_code": 0, "worker_id": "92a9c027-3761-4e4d-b51b-c71f371f68ce-4160", "study_name": "KRR", "directions": [1]}
{"op_code": 0, "worker_id": "1066be75-7bf0-4c59-bf31-52fafc6babb3-4160", "study_name": "KRR", "directions": [1]}
{"op_code": 0, "worker_id": "828c8e25-f927-402d-8d4e-c0297a308d55-4160", "study_name": "KRR", "directions": [1]}
{"op_code": 0, "worker_id": "4c459f15-2380-46b4-bfeb-9290f5664605-4160", "study_name": "KRR", "directions": [1]}
{"op_code": 0, "worker_id": "211db894-0f05-45d0-b028-39a556a27ed1-4160", "study_name": "KRR", "directions": [1]}
{"op_code": 0, "worker_id": "c4686764-7227-41bc-98dd-3736befe2a35-4160", "study_name": "KRR", "directions": [1]}
{"op_code": 0, "worker_id": "6f87406f-4af9-47bf-9e31-1d438493fe78-4160", "study_name": "KRR", "directions": [1]}
{"op_code": 0, "worker_id": "aff088e4-97b2-4740-abdb-9de852d27572-4160", "study_name": "KRR", "directions": [1]}
{"op_code": 0, "worker_id": "9bc2521d-788d-41fc-b351-9d86609220a6-4160", "study_name": "KRR", "directions": [1]}
{"op_code": 0, "worker_id": "8c194ae0-828f-4fab-9915-fdf07c99ebc5-4160", "study_name": "KRR", "directions": [1]}
{"op_code": 0, "worker_id": "42b049ff-1b16-49b2-9a39-1c2ee04b9b61-4160", "study_name": "KRR", "directions": [1]}
{"op_code": 0, "worker_id": "f51e043b-30fb-4b95-bf72-8bb8aa1d3f14-4160", "study_name": "KRR", "directions": [1]}
{"op_code": 0, "worker_id": "30f80262-6b19-44a3-a36e-e54da2499a99-4160", "study_name": "KRR", "directions": [1]}
{"op_code": 0, "worker_id": "17c92366-2d2e-49b4-ba0a-715c3f884ea0-4160", "study_name": "KRR", "directions": [1]}
{"op_code": 0, "worker_id": "60448755-457f-4a1a-9fa6-b736fb4d48bd-4160", "study_name": "KRR", "directions": [1]}
{"op_code": 0, "worker_id": "fc4a8e23-25ad-4f1a-a818-6942d1ca881b-4160", "study_name": "KRR", "directions": [1]}
{"op_code": 0, "worker_id": "fc4ca47e-9eb0-4e0a-8f8e-6bf46ed787e3-4160", "study_name": "KRR", "directions": [1]}
{"op_code": 0, "worker_id": "643e127d-f922-4282-9e0e-12261e37c522-4160", "study_name": "KRR", "directions": [1]}
{"op_code": 0, "worker_id": "ebc1b779-b78f-4f17-899f-f699d994bb52-4160", "study_name": "KRR", "directions": [1]}
{"op_code": 0, "worker_id": "b2093205-316a-4e76-8ac4-2efe923b1da8-4160", "study_name": "KRR", "directions": [1]}
{"op_code": 0, "worker_id": "d134633f-624f-4f03-a7c7-ded4e0e10275-4160", "study_name": "KRR", "directions": [1]}
{"op_code": 0, "worker_id": "dd541a22-cb4e-4e2b-985d-70c7cfdf47a9-4160", "study_name": "KRR", "directions": [1]}
{"op_code": 0, "worker_id": "465b6db8-8ab9-4454-904f-a6bc997e0581-4160", "study_name": "KRR", "directions": [1]}
{"op_code": 0, "worker_id": "3e51350b-a699-43f0-8af5-ecbd7189e1a1-4160", "study_name": "KRR", "directions": [1]}
{"op_code": 0, "worker_id": "720f40d3-e79b-4cb0-8779-4b521372273a-4160", "study_name": "KRR", "directions": [1]}
{"op_code": 0, "worker_id": "617a335f-1bb7-4771-93bb-d84733e1bee7-4160", "study_name": "KRR", "directions": [1]}
{"op_code": 0, "worker_id": "5d9a6283-985a-46f2-9389-c3cc24bb106f-4160", "study_name": "KRR", "directions": [1]}
{"op_code": 0, "worker_id": "fe6d4454-51d8-42eb-be36-2b6b9a9be93c-4160", "study_name": "KRR", "directions": [1]}
{"op_code": 0, "worker_id": "5b5a4675-c740-40bf-a476-d64c16d3d558-4160", "study_name": "KRR", "directions": [1]}
{"op_code": 0, "worker_id": "da2c8b1e-78f1-481b-b453-1ba9008f8b4f-4160", "study_name": "KRR", "directions": [1]}
{"op_code": 0, "worker_id": "314632f4-b840-4ae2-88de-c00a5786c8cf-4160", "study_name": "KRR", "directions": [1]}
{"op_code": 0, "worker_id": "05b14455-a515-47d9-b3fd-b484f244724d-4160", "study_name": "KRR", "directions": [1]}
{"op_code": 0, "worker_id": "5c6dcd1e-b585-4ced-9bff-928e49979031-4160", "study_name": "KRR", "directions": [1]}
{"op_code": 0, "worker_id": "1fc0fa9d-95db-4e60-8509-89fd4c7f4bc2-4160", "study_name": "KRR", "directions": [1]}
{"op_code": 0, "worker_id": "1f5ce367-d7cc-4eaf-aad8-4cf63d534663-4160", "study_name": "KRR", "directions": [1]}
{"op_code": 0, "worker_id": "3fd8f8c2-da7e-4b12-bf7d-d6cbeb1801ce-4160", "study_name": "KRR", "directions": [1]}
{"op_code": 0, "worker_id": "3b278e53-829d-4ae1-8f80-e4526d4a0b09-4160", "study_name": "KRR", "directions": [1]}
{"op_code": 0, "worker_id": "cdcbcb78-50d0-4495-98bb-7b00fb45816f-4160", "study_name": "KRR", "directions": [1]}
{"op_code": 0, "worker_id": "9952dc85-7d55-4967-ae97-59a47edf64c9-4160", "study_name": "KRR", "directions": [1]}
{"op_code": 0, "worker_id": "f4222efc-18d0-4255-9534-e8bec5ddb148-4160", "study_name": "KRR", "directions": [1]}
{"op_code": 0, "worker_id": "41063872-f2c3-4da1-86b9-bd87b22e689a-4160", "study_name": "KRR", "directions": [1]}
{"op_code": 0, "worker_id": "21b2186b-94f5-4ecd-b497-789aefc0cb77-4160", "study_name": "KRR", "directions": [1]}
{"op_code": 0, "worker_id": "5db10a62-7c62-4438-ae30-5976032e1fc1-4160", "study_name": "KRR", "directions": [1]}
{"op_code": 0, "worker_id": "155451d5-96c6-4282-816f-24738a00d696-4160", "study_name": "KRR", "directions": [1]}
{"op_code": 0, "worker_id": "52f3c187-b190-4d1d-bd65-b9ffc465d645-4160", "study_name": "KRR", "directions": [1]}
{"op_code": 0, "worker_id": "c8a896e5-7208-4893-a2f9-94d1c56f0008-4160", "study_name": "KRR", "directions": [1]}
{"op_code": 0, "worker_id": "3876d3cf-8855-4d6c-9f75-13e15b9f0181-4160", "study_name": "KRR", "directions": [1]}
{"op_code": 0, "worker_id": "b38e0ce9-c2da-4f8d-9f40-f3be421bfcf7-4160", "study_name": "KRR", "directions": [1]}
{"op_code": 0, "worker_id": "038dc3a1-b67e-49e2-800e-60fdd3a49e01-4160", "study_name": "KRR", "directions": [1]}
{"op_code": 0, "worker_id": "b3dab414-5156-41af-8dca-39221609f394-4160", "study_name": "KRR", "directions": [1]}
{"op_code": 0, "worker_id": "a339e3b1-eb69-4db6-94b3-8fdc59709d89-4160", "study_name": "KRR", "directions": [1]}
{"op_code": 0, "worker_id": "9ba411ec-1d97-4ed6-8d7d-8c4d21e64c26-4160", "study_name": "KRR", "directions": [1]}
{"op_code": 0, "worker_id": "14763ca9-a91b-4100-bec8-b438df0183c0-4160", "study_name": "KRR", "directions": [1]}
{"op_code": 0, "worker_id": "c5cfc2e2-88d9-403e-93fe-8971eeb57148-4160", "study_name": "KRR", "directions": [1]}
{"op_code": 0, "worker_id": "d4463855-ac04-4fa4-aa82-00f6e1a75d6d-4160", "study_name": "KRR", "directions": [1]}
{"op_code": 0, "worker_id": "255563b2-01f1-4da7-9b4a-7f837db07443-4160", "study_name": "KRR", "directions": [1]}
{"op_code": 0, "worker_id": "0d4914e3-7bff-4be8-9eb5-b28a4b260780-4160", "study_name": "KRR", "directions": [1]}
{"op_code": 0, "worker_id": "a0f5e2b7-03c8-44c3-9c82-1f87ce0cf659-4160", "study_name": "KRR", "directions": [1]}
{"op_code": 0, "worker_id": "b8e0859b-f61a-4629-80cc-7b0b839f2512-4160", "study_name": "KRR", "directions": [1]}
{"op_code": 0, "worker_id": "898ab4ff-f171-4a82-8b0f-bbb92f20feee-4160", "study_name": "KRR", "directions": [1]}
{"op_code": 0, "worker_id": "718dfbe4-b3dd-489e-abcd-1d0ed3dcd378-4160", "study_name": "KRR", "directions": [1]}
{"op_code": 0, "worker_id": "36504b01-f314-4898-932b-97c944f43c38-4160", "study_name": "KRR", "directions": [1]}
{"op_code": 0, "worker_id": "7581efd4-a3c3-4a95-97b6-7185e13e1e7d-4160", "study_name": "KRR", "directions": [1]}
{"op_code": 0, "worker_id": "fc8c280f-149f-4dbc-a581-5783817cde13-4160", "study_name": "KRR", "directions": [1]}
{"op_code": 0, "worker_id": "499712d2-23bd-44c3-ba4e-2a2677474ea5-4160", "study_name": "KRR", "directions": [1]}
{"op_code": 0, "worker_id": "08b2c39f-9ea6-4640-8f56-fb17a73324a5-4160", "study_name": "KRR", "directions": [1]}
{"op_code": 0, "worker_id": "32f011cb-46b4-48f8-a16a-d18228559d7e-4160", "study_name": "KRR", "directions": [1]}
{"op_code": 0, "worker_id": "78be1e80-ae51-4258-9c1c-d0dcde2ec80a-4160", "study_name": "KRR", "directions": [1]}
{"op_code": 0, "worker_id": "81339dc6-2353-4f1a-8a5a-4de01826c4de-4160", "study_name": "KRR", "directions": [1]}
{"op_code": 0, "worker_id": "79357914-832f-47fe-8e64-8c9110444624-4160", "study_name": "KRR", "directions": [1]}
{"op_code": 0, "worker_id": "323d62f0-6a1f-4242-a927-8bd8e206e4e0-4160", "study_name": "KRR", "directions": [1]}
{"op_code": 0, "worker_id": "2a613754-8da5-43d8-b0a9-6e0527384b57-4160", "study_name": "KRR", "directions": [1]}
{"op_code": 0, "worker_id": "fc5c6675-bbb1-4d6b-b308-42ed164681f1-4160", "study_name": "KRR", "directions": [1]}
{"op_code": 0, "worker_id": "29a5cbb7-71fc-444c-8047-e062128d76eb-4160", "study_name": "KRR", "directions": [1]}
{"op_code": 0, "worker_id": "d3d50fa0-1a52-4d38-81f3-044a41596bef-4160", "study_name": "KRR", "directions": [1]}
{"op_code": 0, "worker_id": "39c04687-0660-4882-8f27-c395889995fa-4160", "study_name": "KRR", "directions": [1]}
{"op_code": 0, "worker_id": "bae7c2fd-cdd0-4154-b5b9-89da47f6162b-4160", "study_name": "KRR", "directions": [1]}
{"op_code": 0, "worker_id": "28db1bd6-1563-4e50-8dff-4f8139997307-4160", "study_name": "KRR", "directions": [1]}
{"op_code": 0, "worker_id": "5acea490-6d4a-4104-a37a-7aaea6762833-4160", "study_name": "KRR", "directions": [1]}
{"op_code": 0, "worker_id": "e4eaaedb-6020-40eb-be94-53f85c69e66d-4160", "study_name": "KRR", "directions": [1]}
{"op_code": 0, "worker_id": "a0c3a81e-93df-4c4e-bbc3-acb9b1e2a379-4160", "study_name": "KRR", "directions": [1]}
{"op_code": 0, "worker_id": "79e2dcf4-b253-4579-93e3-3104b2b6bd04-4160", "study_name": "KRR", "directions": [1]}
{"op_code": 0, "worker_id": "a2f421ef-f4d1-459d-9651-e689bc1d14ec-4160", "study_name": "KRR", "directions": [1]}
{"op_code": 0, "worker_id": "05266a9f-e002-4673-8459-7fd187d345a4-4160", "study_name": "KRR", "directions": [1]}
{"op_code": 0, "worker_id": "834f3adf-314a-467b-a2d8-d8bb3cbcaaf2-4160", "study_name": "KRR", "directions": [1]}
{"op_code": 0, "worker_id": "d5f2e50c-d8a7-43da-b059-9afc8b4747ca-4160", "study_name": "KRR", "directions": [1]}
{"op_code": 0, "worker_id": "7cae474d-abd3-49ac-9d32-7d6eea90bfea-4160", "study_name": "KRR", "directions": [1]}
{"op_code": 0, "worker_id": "ee1b58da-f9d2-44ca-b92f-ffa05cb9ce32-4160", "study_name": "KRR", "directions": [1]}
{"op_code": 0, "worker_id": "5c806dd0-47a5-4778-9a6e-42e531ff75f9-4160", "study_name": "KRR", "directions": [1]}
{"op_code": 0, "worker_id": "e9da4f2a-a5df-44e9-80b8-54f8913e2e11-4160", "study_name": "KRR", "directions": [1]}
{"op_code": 0, "worker_id": "9fa2ec1d-e897-42b1-8bec-e789db60c40a-4160", "study_name": "KRR", "directions": [1]}
{"op_code": 0, "worker_id": "0a188fc1-b27c-4920-b643-59f789f50131-4160", "study_name": "KRR", "directions": [1]}
{"op_code": 0, "worker_id": "02c2e991-ce75-4901-80a0-ad1062151172-4160", "study_name": "KRR", "directions": [1]}
{"op_code": 0, "worker_id": "ae91b618-dc64-4be8-b342-6c93c21be439-4160", "study_name": "KRR", "directions": [1]}
{"op_code": 0, "worker_id": "e2f11b5e-5970-40a3-9af7-afc1e6bf5e61-4160", "study_name": "KRR", "directions": [1]}
{"op_code": 0, "worker_id": "63998ba4-f860-42c5-be72-c5f3040f96eb-4160", "study_name": "KRR", "directions": [1]}
{"op_code": 0, "worker_id": "316c5ce3-8619-4bf0-a8f2-2692182c48b7-4160", "study_name": "KRR", "directions": [1]}
{"op_code": 0, "worker_id": "47a40daf-92eb-41ac-8e4d-e96f86fbfa75-4160", "study_name": "KRR", "directions": [1]}
{"op_code": 0, "worker_id": "8db8a8a4-698f-4860-98b2-a999673f49c8-4160", "study_name": "KRR", "directions": [1]}
{"op_code": 0, "worker_id": "c46d02c9-b744-413d-a2e7-57f0556bf76e-4160", "study_name": "KRR", "directions": [1]}
{"op_code": 0, "worker_id": "bcea2e23-f664-45b6-aac3-040d27ffceae-4160", "study_name": "KRR", "directions": [1]}
{"op_code": 0, "worker_id": "fe2500e3-761c-4547-97fe-6ed0b8f67704-4160", "study_name": "KRR", "directions": [1]}
{"op_code": 0, "worker_id": "94f2609f-dafb-41fe-931c-7bc6cf2f897f-4160", "study_name": "KRR", "directions": [1]}
{"op_code": 0, "worker_id": "9232f1b6-9016-4eb7-bf82-af84a1f8a1ad-4160", "study_name": "KRR", "directions": [1]}
{"op_code": 0, "worker_id": "ab4cab64-1edc-427f-919c-8a8926fd7905-4160", "study_name": "KRR", "directions": [1]}
{"op_code": 0, "worker_id": "a5100c83-f6cf-44c8-bc48-e0c39e97a099-4160", "study_name": "KRR", "directions": [1]}
{"op_code": 0, "worker_id": "16e9770b-a746-4a94-86bb-fecd85869d68-4160", "study_name": "KRR", "directions": [1]}
{"op_code": 0, "worker_id": "1bf191b6-8c3a-4e7d-b20e-eeb5610536ff-4160", "study_name": "KRR", "directions": [1]}
{"op_code": 0, "worker_id": "cb880015-67ed-4b71-8b63-b8ba801cda32-4160", "study_name": "KRR", "directions": [1]}
{"op_code": 0, "worker_id": "b584195e-1f4b-441a-84d4-46a8b96688e9-4160", "study_name": "KRR", "directions": [1]}
{"op_code": 0, "worker_id": "82a97a72-3ac8-48f0-837b-728ac0b90392-4160", "study_name": "KRR", "directions": [1]}
{"op_code": 0, "worker_id": "d80e4cd8-8b81-4f5c-8998-75d9826e9bb7-4160", "study_name": "KRR", "directions": [1]}
{"op_code": 0, "worker_id": "91f683d6-44e6-41b2-ba9c-5c9ef7ecde98-4160", "study_name": "KRR", "directions": [1]}
{"op_code": 0, "worker_id": "f66d9802-2240-4ea4-9fd0-a10ef7355532-4160", "study_name": "KRR", "directions": [1]}
{"op_code": 0, "worker_id": "ee500bfe-fd00-4e2c-b511-a03c039c6ccf-4160", "study_name": "KRR", "directions": [1]}
{"op_code": 0, "worker_id": "ba995672-3190-4dc1-a78f-3a2c1591168f-4160", "study_name": "KRR", "directions": [1]}
{"op_code": 0, "worker_id": "17fce50b-86d1-4cf6-aff1-489b267b120f-4160", "study_name": "KRR", "directions": [1]}
{"op_code": 0, "worker_id": "152f5717-a876-4d57-9ddb-a057c423695d-4160", "study_name": "KRR", "directions": [1]}
{"op_code": 0, "worker_id": "a441979d-b5dd-4672-94bf-248452152942-4160", "study_name": "KRR", "directions": [1]}
{"op_code": 0, "worker_id": "477d8b16-0339-4f39-bbe0-d8b92c4762a0-4160", "study_name": "KRR", "directions": [1]}
{"op_code": 0, "worker_id": "d8e6637e-c218-447a-9340-607bccf00387-4160", "study_name": "KRR", "directions": [1]}
{"op_code": 0, "worker_id": "bb410e2c-09ec-402f-b1cf-575d681da461-4160", "study_name": "KRR", "directions": [1]}
{"op_code": 0, "worker_id": "f16d7782-6414-4cfa-acce-536336b2809e-4160", "study_name": "KRR", "directions": [1]}
{"op_code": 0, "worker_id": "6cf81d48-22d9-4252-874f-fc0a42120544-4160", "study_name": "KRR", "directions": [1]}
{"op_code": 0, "worker_id": "726a1268-4631-434a-ad56-346361d33c03-4160", "study_name": "KRR", "directions": [1]}
{"op_code": 0, "worker_id": "e3c0c4dc-63c7-48d3-8bb1-6a39b4b62eda-4160", "study_name": "KRR", "directions": [1]}
{"op_code": 0, "worker_id": "f3ec243c-3823-4b83-af42-fba6be455b9e-4160", "study_name": "KRR", "directions": [1]}
{"op_code": 0, "worker_id": "706dc779-a080-4b20-8d96-1e6ba999c6fa-4160", "study_name": "KRR", "directions": [1]}
{"op_code": 0, "worker_id": "3622a5ba-097b-4a61-9e8c-e442b5ed6d23-4160", "study_name": "KRR", "directions": [1]}
{"op_code": 0, "worker_id": "ad2caed3-1837-49ae-ad03-7380d6c9a42d-4160", "study_name": "KRR", "directions": [1]}
{"op_code": 0, "worker_id": "7148e1ec-06d1-4042-93b0-2c9afa50324c-4160", "study_name": "KRR", "directions": [1]}
{"op_code": 0, "worker_id": "0177ee75-83ba-437f-a956-bb7e092aebf3-4160", "study_name": "KRR", "directions": [1]}
{"op_code": 0, "worker_id": "6e400c7c-ffd2-4877-859b-3b6e122b471b-4160", "study_name": "KRR", "directions": [1]}
{"op_code": 0, "worker_id": "989656c9-9b6b-48f7-b6c5-f7523cc42897-4160", "study_name": "KRR", "directions": [1]}
{"op_code": 0, "worker_id": "8f7d9d6f-7a5c-4989-a3dc-bfe3a1d6f216-4160", "study_name": "KRR", "directions": [1]}
{"op_code": 0, "worker_id": "8786727a-2054-4e0a-a27e-fe0de254f913-4160", "study_name": "KRR", "directions": [1]}
{"op_code": 0, "worker_id": "a2320e51-d47f-44de-9d40-f9f3fa1396f7-4160", "study_name": "KRR", "directions": [1]}
{"op_code": 0, "worker_id": "47d8ef6b-e59e-4f9c-9e9f-a131bd1fcd9b-4160", "study_name": "KRR", "directions": [1]}
{"op_code": 0, "worker_id": "f40522c9-37e4-4e4f-8836-f7e54cb71d50-4160", "study_name": "KRR", "directions": [1]}
{"op_code": 0, "worker_id": "6e0eb080-c464-4bfc-a9fa-4e5444710708-4160", "study_name": "KRR", "directions": [1]}
{"op_code": 0, "worker_id": "7066d5ae-ee79-4f0b-97f2-314932befec1-4160", "study_name": "KRR", "directions": [1]}
{"op_code": 0, "worker_id": "2b3fb0bd-e86e-42a0-9d1b-c73ab72c1c95-4160", "study_name": "KRR", "directions": [1]}
{"op_code": 0, "worker_id": "81469185-8bb2-4ada-b2a7-afd002f27e3f-4160", "study_name": "KRR", "directions": [1]}
{"op_code": 0, "worker_id": "668746a1-17ee-4c27-a623-66c068a6e9f1-4160", "study_name": "KRR", "directions": [1]}
{"op_code": 0, "worker_id": "1ad4eabe-c4aa-40ea-a6f5-e4c52a3613d9-4160", "study_name": "KRR", "directions": [1]}
{"op_code": 0, "worker_id": "a414b167-0cc7-46a1-bb88-11b61256f800-4160", "study_name": "KRR", "directions": [1]}
{"op_code": 0, "worker_id": "a0550854-c975-4872-b5a7-5ee29e2b35d5-4160", "study_name": "KRR", "directions": [1]}
{"op_code": 0, "worker_id": "8097230d-e098-4443-a1f7-3dbf84c36580-4160", "study_name": "KRR", "directions": [1]}
{"op_code": 0, "worker_id": "8011f5da-f3eb-4d72-8103-28c6e5e0f995-4160", "study_name": "KRR", "directions": [1]}
{"op_code": 0, "worker_id": "ab707bf7-4e00-4670-afc5-e588902b31cf-4160", "study_name": "KRR", "directions": [1]}
{"op_code": 0, "worker_id": "3ab826d3-7316-4c4e-8829-814cc9428d6b-4160", "study_name": "KRR", "directions": [1]}
{"op_code": 0, "worker_id": "8ca9f14d-d718-4211-a280-79ebefe16954-4160", "study_name": "KRR", "directions": [1]}
{"op_code": 0, "worker_id": "5d709dc8-9440-4793-91a1-71e699e202ba-4160", "study_name": "KRR", "directions": [1]}
{"op_code": 0, "worker_id": "ee447454-6ab1-4d47-a843-613e7ecabd92-4160", "study_name": "KRR", "directions": [1]}
{"op_code": 0, "worker_id": "bc1d9fd3-1944-4b01-82f6-055e60dde144-4160", "study_name": "KRR", "directions": [1]}
{"op_code": 0, "worker_id": "91911552-f84e-4de9-89a0-071ecf4d31bd-4160", "study_name": "KRR", "directions": [1]}
{"op_code": 0, "worker_id": "71bae3c3-3bec-42b0-a40b-0180ff738bc0-4160", "study_name": "KRR", "directions": [1]}
{"op_code": 0, "worker_id": "79dea934-762b-45a0-bb49-be98178f02b7-4160", "study_name": "KRR", "directions": [1]}
{"op_code": 0, "worker_id": "0c0cbd5a-8975-40d5-bba4-6b3c7efc19d2-4160", "study_name": "KRR", "directions": [1]}
{"op_code": 0, "worker_id": "f8a41b21-9b35-4af8-9a90-fa3298c9836f-4160", "study_name": "KRR", "directions": [1]}
{"op_code": 0, "worker_id": "0636a076-28dd-489f-8169-0bdfe984c808-4160", "study_name": "KRR", "directions": [1]}
{"op_code": 0, "worker_id": "3b2c96bf-0eed-471e-b01d-1212aad8119e-4160", "study_name": "KRR", "directions": [1]}
{"op_code": 0, "worker_id": "6f88ea03-26cd-47ff-8c1d-3e5e3c204053-4160", "study_name": "KRR", "directions": [1]}
{"op_code": 0, "worker_id": "28ed7192-d785-4049-af91-2d6390b35f80-4160", "study_name": "KRR", "directions": [1]}
{"op_code": 0, "worker_id": "af766af6-105e-4f69-adb8-a99862093b32-4160", "study_name": "KRR", "directions": [1]}
{"op_code": 0, "worker_id": "5f6ff005-6dc9-438a-99c5-33d0fe718fd2-4160", "study_name": "KRR", "directions": [1]}
{"op_code": 0, "worker_id": "1bb7b5a6-03e7-4740-93f6-ddb302b156a7-4160", "study_name": "KRR", "directions": [1]}
{"op_code": 0, "worker_id": "6cad028a-d6e5-47e3-8ed5-01d74fe057bb-4160", "study_name": "KRR", "directions": [1]}
{"op_code": 0, "worker_id": "5480f7b0-e11a-4936-b7f1-54c7b1332b91-4160", "study_name": "KRR", "directions": [1]}
{"op_code": 0, "worker_id": "c121eb98-b32f-4dab-a760-f4233c94f23b-4160", "study_name": "KRR", "directions": [1]}
{"op_code": 0, "worker_id": "6fa79524-77cc-4720-94f4-13b994932fad-4160", "study_name": "KRR", "directions": [1]}
{"op_code": 0, "worker_id": "0542edcd-ded4-47ff-b098-34f68fa1716c-4160", "study_name": "KRR", "directions": [1]}
{"op_code": 0, "worker_id": "0a67afa4-906c-417b-b686-3e3483114169-4160", "study_name": "KRR", "directions": [1]}
{"op_code": 0, "worker_id": "8d80393f-cf39-46fa-b305-917144060429-4160", "study_name": "KRR", "directions": [1]}
{"op_code": 0, "worker_id": "87169375-fe7c-4d05-b451-54019b0260d4-4160", "study_name": "KRR", "directions": [1]}
{"op_code": 0, "worker_id": "c40dee8a-3d7b-446c-95e3-20a9b8dc721f-4160", "study_name": "KRR", "directions": [1]}
{"op_code": 0, "worker_id": "ec15f9ea-aaf7-4e72-9829-527ee352be6a-4160", "study_name": "KRR", "directions": [1]}
{"op_code": 0, "worker_id": "eb8bc8d1-cf9d-4d36-8949-36e6fb0052e4-4160", "study_name": "KRR", "directions": [1]}
{"op_code": 0, "worker_id": "7288fe54-90ee-4eed-95ff-344fe307b432-4160", "study_name": "KRR", "directions": [1]}
{"op_code": 0, "worker_id": "384f8490-5ee8-4ff1-bc48-4838407c17c8-4160", "study_name": "KRR", "directions": [1]}
{"op_code": 0, "worker_id": "088431fc-ec3f-4e52-a2d0-bf7500d16c08-4160", "study_name": "KRR", "directions": [1]}
{"op_code": 0, "worker_id": "95e8d575-b97c-4ccf-9a8c-6fa5254605f3-4160", "study_name": "KRR", "directions": [1]}
{"op_code": 0, "worker_id": "b1f423e3-a91e-42db-beb0-672235dd939e-4160", "study_name": "KRR", "directions": [1]}
{"op_code": 0, "worker_id": "7eaa2350-2f4b-49fb-bdf8-aa9895e56e2e-4160", "study_name": "KRR", "directions": [1]}
{"op_code": 0, "worker_id": "5d984b6c-00a6-4ee5-be37-d181b04be96a-4160", "study_name": "KRR", "directions": [1]}
{"op_code": 0, "worker_id": "a43fe1f2-0369-4d9d-babb-04ec06705982-4160", "study_name": "KRR", "directions": [1]}
{"op_code": 0, "worker_id": "a0ba8c20-8099-4e63-a515-32494e131bba-4160", "study_name": "KRR", "directions": [1]}
{"op_code": 0, "worker_id": "853ff30c-c420-4882-91ad-96e3ccb95fc6-4160", "study_name": "KRR", "directions": [1]}
{"op_code": 0, "worker_id": "a1084271-0f54-4336-a1a4-2d9863265320-4160", "study_name": "KRR", "directions": [1]}
{"op_code": 0, "worker_id": "f0eca59f-dd11-4080-8d45-ee2b0219b4d1-4160", "study_name": "KRR", "directions": [1]}
{"op_code": 0, "worker_id": "21f4dbb3-f37d-4ca2-90b3-ba2cee5957b9-4160", "study_name": "KRR", "directions": [1]}
{"op_code": 0, "worker_id": "10493c16-0ec9-415f-8a9c-6fb02f6c65b5-4160", "study_name": "KRR", "directions": [1]}
{"op_code": 0, "worker_id": "419c4a37-08f3-47a4-8a92-205314985a5f-4160", "study_name": "KRR", "directions": [1]}
{"op_code": 0, "worker_id": "f7750b77-674c-44c6-82ba-b89d5e0c5d3a-4160", "study_name": "KRR", "directions": [1]}
{"op_code": 0, "worker_id": "6ef519ab-15c7-4bb6-95f0-fd56ece13f4b-4160", "study_name": "KRR", "directions": [1]}
{"op_code": 0, "worker_id": "0ec2270e-ed33-44ae-8de1-c865e2da6a0e-4160", "study_name": "KRR", "directions": [1]}
{"op_code": 0, "worker_id": "2d8086bb-841f-4bd2-97bc-8faf8218bf1f-4160", "study_name": "KRR", "directions": [1]}
{"op_code": 0, "worker_id": "42893a63-dab1-464c-a531-d71525d43811-4160", "study_name": "KRR", "directions": [1]}
{"op_code": 0, "worker_id": "36823f04-f9e4-42fd-9d28-a16f4a337f04-4160", "study_name": "KRR", "directions": [1]}
{"op_code": 0, "worker_id": "ba4be467-12cc-4cd5-b09e-9cf7ee3f423c-4160", "study_name": "KRR", "directions": [1]}
{"op_code": 0, "worker_id": "6e6f6181-f915-4562-bc9f-640355c96d3b-4160", "study_name": "KRR", "directions": [1]}
{"op_code": 0, "worker_id": "748e43d2-7e89-4e8a-86c5-dbb35c827b2d-4160", "study_name": "KRR", "directions": [1]}
{"op_code": 0, "worker_id": "29636d45-a0b2-4713-a088-9431e0cd6d61-4160", "study_name": "KRR", "directions": [1]}
{"op_code": 0, "worker_id": "d228ec57-89e1-45e1-b1d9-9a037683ccf2-4160", "study_name": "KRR", "directions": [1]}
{"op_code": 0, "worker_id": "9c1257ae-4d98-4d05-be5e-a66687235941-4160", "study_name": "KRR", "directions": [1]}
{"op_code": 0, "worker_id": "efde7467-b52e-4d74-97b7-73d51b23c9b6-4160", "study_name": "KRR", "directions": [1]}
{"op_code": 0, "worker_id": "1455144a-acf9-44ac-8161-2306b051cffe-4160", "study_name": "KRR", "directions": [1]}
{"op_code": 0, "worker_id": "8e199686-4ee3-4b8f-b13a-98501f0f0fd9-4160", "study_name": "KRR", "directions": [1]}
{"op_code": 0, "worker_id": "7427cc1c-235a-424d-8a63-96108234a3d6-4160", "study_name": "KRR", "directions": [1]}
{"op_code": 0, "worker_id": "d31a8bb4-e1c1-46e6-a65a-80ee52bfdf33-4160", "study_name": "KRR", "directions": [1]}
{"op_code": 0, "worker_id": "642759cf-2ac7-4d3c-9ca6-eee9ab77bfe1-4160", "study_name": "KRR", "directions": [1]}
{"op_code": 0, "worker_id": "6ce3b1c8-592d-42b8-8847-365aa52d40a6-4160", "study_name": "KRR", "directions": [1]}
{"op_code": 0, "worker_id": "a04c3191-0018-4ef8-8a71-0fd5df34d0d5-4160", "study_name": "KRR", "directions": [1]}
{"op_code": 0, "worker_id": "70dff4e0-96cf-4492-88db-252b3f7d552f-4160", "study_name": "KRR", "directions": [1]}
{"op_code": 0, "worker_id": "e5892527-e9e5-4745-a8f3-8f64e0d2cf1d-4160", "study_name": "KRR", "directions": [1]}
{"op_code": 0, "worker_id": "54140131-9103-4d24-aada-caf548df2e11-4160", "study_name": "KRR", "directions": [1]}
{"op_code": 0, "worker_id": "d24739ca-6743-4b14-b82a-5858a6ad94a3-4160", "study_name": "KRR", "directions": [1]}
{"op_code": 0, "worker_id": "9ffe7206-4585-4318-afce-b7aeb8783280-4160", "study_name": "KRR", "directions": [1]}
{"op_code": 0, "worker_id": "bea97e5c-9d1f-4d9e-8dfe-954dd05c00b9-4160", "study_name": "KRR", "directions": [1]}
{"op_code": 0, "worker_id": "50888633-410a-4f7e-9988-99569f890631-4160", "study_name": "KRR", "directions": [1]}
{"op_code": 0, "worker_id": "1d6fc9f2-aaa2-423b-9dd9-35cea71f5cd5-4160", "study_name": "KRR", "directions": [1]}
{"op_code": 0, "worker_id": "46b642fb-77a4-4141-97a2-1faa0a41fa87-4160", "study_name": "KRR", "directions": [1]}
{"op_code": 0, "worker_id": "d2217edf-7543-46b3-b6a8-85b8d9d94354-4160", "study_name": "KRR", "directions": [1]}
{"op_code": 0, "worker_id": "d8d500d2-c487-4777-90dd-4b3620cdae0f-4160", "study_name": "KRR", "directions": [1]}
{"op_code": 0, "worker_id": "c2bdc745-03b0-41d8-8456-4c79402d8256-4160", "study_name": "KRR", "directions": [1]}
{"op_code": 0, "worker_id": "e00782d6-e52e-445a-b120-0c9eb7073383-4160", "study_name": "KRR", "directions": [1]}
{"op_code": 0, "worker_id": "4683f311-386b-4cae-ac15-e58de6c7f2f6-4160", "study_name": "KRR", "directions": [1]}
{"op_code": 0, "worker_id": "43dc1237-4cde-44c5-8f0b-6f5b38bf9f9e-4160", "study_name": "KRR", "directions": [1]}
{"op_code": 0, "worker_id": "297d4ced-8de7-498e-bf8d-8e4924f86449-4160", "study_name": "KRR", "directions": [1]}
{"op_code": 0, "worker_id": "d5db4ad4-a48a-469a-8f0d-8dd40fea94bc-4160", "study_name": "KRR", "directions": [1]}
{"op_code": 0, "worker_id": "095231c7-78bf-4075-9f21-641f8c0ca736-4160", "study_name": "KRR", "directions": [1]}
{"op_code": 0, "worker_id": "3168d256-7ee2-4329-87ad-b9e3c7470eff-4160", "study_name": "KRR", "directions": [1]}
{"op_code": 0, "worker_id": "dfb30725-8c83-4351-8781-d611d425b5ba-4160", "study_name": "KRR", "directions": [1]}
{"op_code": 0, "worker_id": "dc5e9b98-467e-4c94-ad9c-6646c6de9cde-4160", "study_name": "KRR", "directions": [1]}
{"op_code": 0, "worker_id": "d071a006-d1d7-471b-b457-68c08dfa1d7e-4160", "study_name": "KRR", "directions": [1]}
{"op_code": 0, "worker_id": "abbae3e2-d238-4dbc-835e-96b97f281c78-4160", "study_name": "KRR", "directions": [1]}
{"op_code": 0, "worker_id": "a83aceb7-71d3-40f8-89c4-96c20cb5161b-4160", "study_name": "KRR", "directions": [1]}
{"op_code": 0, "worker_id": "4429e2c5-434f-46e3-9dd4-c131c4d4ddd9-4160", "study_name": "KRR", "directions": [1]}
{"op_code": 0, "worker_id": "d3b55456-29ba-4d36-9352-fede9b83bb1f-4160", "study_name": "KRR", "directions": [1]}
{"op_code": 0, "worker_id": "c112db79-124f-4d9d-9ce1-525acabadc57-4160", "study_name": "KRR", "directions": [1]}
{"op_code": 0, "worker_id": "e175e585-5b60-4adf-8277-bdb65d90bb39-4160", "study_name": "KRR", "directions": [1]}
{"op_code": 0, "worker_id": "8bd1d414-1e78-48a2-87b9-f0ab2fbd9fe9-4160", "study_name": "KRR", "directions": [1]}
{"op_code": 0, "worker_id": "fc3bf7bf-9338-4027-a6d0-c3111fa13ca4-4160", "study_name": "KRR", "directions": [1]}
{"op_code": 0, "worker_id": "a9fcd959-bb04-4f31-a805-f49d11dbc5b1-4160", "study_name": "KRR", "directions": [1]}
{"op_code": 0, "worker_id": "7c88fd8f-cb3b-4363-b0e4-a44cd44af050-4160", "study_name": "KRR", "directions": [1]}
{"op_code": 0, "worker_id": "8c3de669-319d-4073-9bec-5d4a51bc9830-4160", "study_name": "KRR", "directions": [1]}
{"op_code": 0, "worker_id": "3896a000-3658-49b2-9bc7-05891e3ae0b1-4160", "study_name": "KRR", "directions": [1]}
{"op_code": 0, "worker_id": "191f6c30-7d9f-4b81-a6c1-6264dec90455-4160", "study_name": "KRR", "directions": [1]}
{"op_code": 0, "worker_id": "d8dc5be7-82b0-4d3f-99ac-cf6d5d31cac2-4160", "study_name": "KRR", "directions": [1]}
{"op_code": 0, "worker_id": "ca1d11ec-35ca-4556-85f5-134e2736abff-4160", "study_name": "KRR", "directions": [1]}
{"op_code": 0, "worker_id": "50615eda-e4d3-4ad9-afae-001ddfd4ada3-4160", "study_name": "KRR", "directions": [1]}
{"op_code": 0, "worker_id": "91dde11c-0587-4187-9747-2073970a2a73-4160", "study_name": "KRR", "directions": [1]}
{"op_code": 0, "worker_id": "5fb22d22-5182-4f3c-99c7-37fbb5e76fd1-4160", "study_name": "KRR", "directions": [1]}
{"op_code": 0, "worker_id": "be664cdc-ab54-4b9d-8315-1ce2fe8bb028-4160", "study_name": "KRR", "directions": [1]}
{"op_code": 0, "worker_id": "16ff035a-1834-49c1-94f9-68d770834cc6-4160", "study_name": "KRR", "directions": [1]}
{"op_code": 0, "worker_id": "5adbc466-1d8c-4bdb-8a0b-f9959728d704-4160", "study_name": "KRR", "directions": [1]}
{"op_code": 0, "worker_id": "12d382fe-ed6a-4244-8765-ad786e50e430-4160", "study_name": "KRR", "directions": [1]}
{"op_code": 0, "worker_id": "ea7ee917-3156-4b9b-bf92-b95d8993de6c-4160", "study_name": "KRR", "directions": [1]}
