{"op_code": 0, "worker_id": "b1e06268-9082-4e06-88ef-9e6732eea8a1-47279818202944", "study_name": "linear", "directions": [1]}
{"op_code": 4, "worker_id": "b1e06268-9082-4e06-88ef-9e6732eea8a1-47280521058048", "study_id": 0, "datetime_start": "2023-11-07T17:13:09.460452"}
{"op_code": 8, "worker_id": "b1e06268-9082-4e06-88ef-9e6732eea8a1-47280521058048", "trial_id": 0, "user_attr": {"fit_intercept": true}}
{"op_code": 5, "worker_id": "b1e06268-9082-4e06-88ef-9e6732eea8a1-47280521058048", "trial_id": 0, "param_name": "alpha", "param_value_internal": 0.020266613118202277, "distribution": "{\"name\": \"FloatDistribution\", \"attributes\": {\"step\": null, \"low\": 1e-05, \"high\": 0.1, \"log\": false}}"}
{"op_code": 5, "worker_id": "b1e06268-9082-4e06-88ef-9e6732eea8a1-47280521058048", "trial_id": 0, "param_name": "l1_ratio", "param_value_internal": 0.28212212510325785, "distribution": "{\"name\": \"FloatDistribution\", \"attributes\": {\"step\": null, \"low\": 0.0, \"high\": 1.0, \"log\": false}}"}
{"op_code": 6, "worker_id": "b1e06268-9082-4e06-88ef-9e6732eea8a1-47280521058048", "trial_id": 0, "state": 1, "values": [0.1256588047315301], "datetime_complete": "2023-11-07T17:13:09.487949"}
{"op_code": 0, "worker_id": "c68967ac-aede-41d9-8e8f-7e8670f3e1d3-47279818202944", "study_name": "linear", "directions": [1]}
{"op_code": 4, "worker_id": "c68967ac-aede-41d9-8e8f-7e8670f3e1d3-47280521058048", "study_id": 0, "datetime_start": "2023-11-07T17:19:55.165943"}
{"op_code": 8, "worker_id": "c68967ac-aede-41d9-8e8f-7e8670f3e1d3-47280521058048", "trial_id": 1, "user_attr": {"fit_intercept": true}}
{"op_code": 5, "worker_id": "c68967ac-aede-41d9-8e8f-7e8670f3e1d3-47280521058048", "trial_id": 1, "param_name": "alpha", "param_value_internal": 0.09207219116050044, "distribution": "{\"name\": \"FloatDistribution\", \"attributes\": {\"step\": null, \"low\": 1e-05, \"high\": 0.1, \"log\": false}}"}
{"op_code": 5, "worker_id": "c68967ac-aede-41d9-8e8f-7e8670f3e1d3-47280521058048", "trial_id": 1, "param_name": "l1_ratio", "param_value_internal": 0.8778660727078519, "distribution": "{\"name\": \"FloatDistribution\", \"attributes\": {\"step\": null, \"low\": 0.0, \"high\": 1.0, \"log\": false}}"}
{"op_code": 6, "worker_id": "c68967ac-aede-41d9-8e8f-7e8670f3e1d3-47280521058048", "trial_id": 1, "state": 1, "values": [0.1259228107709839], "datetime_complete": "2023-11-07T17:19:55.208490"}
{"op_code": 0, "worker_id": "adf0c116-fe8a-46c8-ab1e-c120a382c3e3-47279818202944", "study_name": "linear", "directions": [1]}
{"op_code": 4, "worker_id": "adf0c116-fe8a-46c8-ab1e-c120a382c3e3-47280521058048", "study_id": 0, "datetime_start": "2023-11-07T17:26:44.361594"}
{"op_code": 8, "worker_id": "adf0c116-fe8a-46c8-ab1e-c120a382c3e3-47280521058048", "trial_id": 2, "user_attr": {"fit_intercept": true}}
{"op_code": 5, "worker_id": "adf0c116-fe8a-46c8-ab1e-c120a382c3e3-47280521058048", "trial_id": 2, "param_name": "alpha", "param_value_internal": 0.0672019478821568, "distribution": "{\"name\": \"FloatDistribution\", \"attributes\": {\"step\": null, \"low\": 1e-05, \"high\": 0.1, \"log\": false}}"}
{"op_code": 5, "worker_id": "adf0c116-fe8a-46c8-ab1e-c120a382c3e3-47280521058048", "trial_id": 2, "param_name": "l1_ratio", "param_value_internal": 0.7329557851410814, "distribution": "{\"name\": \"FloatDistribution\", \"attributes\": {\"step\": null, \"low\": 0.0, \"high\": 1.0, \"log\": false}}"}
{"op_code": 6, "worker_id": "adf0c116-fe8a-46c8-ab1e-c120a382c3e3-47280521058048", "trial_id": 2, "state": 1, "values": [0.12599654780695166], "datetime_complete": "2023-11-07T17:26:44.392048"}
{"op_code": 0, "worker_id": "aeff06bc-ba00-4fba-9753-de4aa64e158f-47279818202944", "study_name": "linear", "directions": [1]}
{"op_code": 4, "worker_id": "aeff06bc-ba00-4fba-9753-de4aa64e158f-47280521058048", "study_id": 0, "datetime_start": "2023-11-07T17:33:32.646623"}
{"op_code": 8, "worker_id": "aeff06bc-ba00-4fba-9753-de4aa64e158f-47280521058048", "trial_id": 3, "user_attr": {"fit_intercept": true}}
{"op_code": 5, "worker_id": "aeff06bc-ba00-4fba-9753-de4aa64e158f-47280521058048", "trial_id": 3, "param_name": "alpha", "param_value_internal": 0.043257237342344566, "distribution": "{\"name\": \"FloatDistribution\", \"attributes\": {\"step\": null, \"low\": 1e-05, \"high\": 0.1, \"log\": false}}"}
{"op_code": 5, "worker_id": "aeff06bc-ba00-4fba-9753-de4aa64e158f-47280521058048", "trial_id": 3, "param_name": "l1_ratio", "param_value_internal": 0.4218398671859819, "distribution": "{\"name\": \"FloatDistribution\", \"attributes\": {\"step\": null, \"low\": 0.0, \"high\": 1.0, \"log\": false}}"}
{"op_code": 6, "worker_id": "aeff06bc-ba00-4fba-9753-de4aa64e158f-47280521058048", "trial_id": 3, "state": 1, "values": [0.125286460804254], "datetime_complete": "2023-11-07T17:33:32.674270"}
{"op_code": 0, "worker_id": "8004b537-a6ec-43fd-9d08-f510ecb5afed-47817365380928", "study_name": "linear", "directions": [1]}
{"op_code": 4, "worker_id": "8004b537-a6ec-43fd-9d08-f510ecb5afed-47818068719360", "study_id": 0, "datetime_start": "2023-11-14T15:01:13.954108"}
{"op_code": 8, "worker_id": "8004b537-a6ec-43fd-9d08-f510ecb5afed-47818068719360", "trial_id": 4, "user_attr": {"fit_intercept": true}}
{"op_code": 5, "worker_id": "8004b537-a6ec-43fd-9d08-f510ecb5afed-47818068719360", "trial_id": 4, "param_name": "alpha", "param_value_internal": 0.02501193923934014, "distribution": "{\"name\": \"FloatDistribution\", \"attributes\": {\"step\": null, \"low\": 1e-05, \"high\": 0.1, \"log\": false}}"}
{"op_code": 5, "worker_id": "8004b537-a6ec-43fd-9d08-f510ecb5afed-47818068719360", "trial_id": 4, "param_name": "l1_ratio", "param_value_internal": 0.061468386943437814, "distribution": "{\"name\": \"FloatDistribution\", \"attributes\": {\"step\": null, \"low\": 0.0, \"high\": 1.0, \"log\": false}}"}
{"op_code": 6, "worker_id": "8004b537-a6ec-43fd-9d08-f510ecb5afed-47818068719360", "trial_id": 4, "state": 1, "values": [0.12629048855228261], "datetime_complete": "2023-11-14T15:01:13.984604"}
{"op_code": 0, "worker_id": "2a049da7-362d-4fe6-b121-ff8fe494467e-47817365380928", "study_name": "linear", "directions": [1]}
{"op_code": 4, "worker_id": "2a049da7-362d-4fe6-b121-ff8fe494467e-47818068719360", "study_id": 0, "datetime_start": "2023-11-14T15:07:47.320685"}
{"op_code": 8, "worker_id": "2a049da7-362d-4fe6-b121-ff8fe494467e-47818068719360", "trial_id": 5, "user_attr": {"fit_intercept": true}}
{"op_code": 5, "worker_id": "2a049da7-362d-4fe6-b121-ff8fe494467e-47818068719360", "trial_id": 5, "param_name": "alpha", "param_value_internal": 0.0028040136784989724, "distribution": "{\"name\": \"FloatDistribution\", \"attributes\": {\"step\": null, \"low\": 1e-05, \"high\": 0.1, \"log\": false}}"}
{"op_code": 5, "worker_id": "2a049da7-362d-4fe6-b121-ff8fe494467e-47818068719360", "trial_id": 5, "param_name": "l1_ratio", "param_value_internal": 0.7993244999927845, "distribution": "{\"name\": \"FloatDistribution\", \"attributes\": {\"step\": null, \"low\": 0.0, \"high\": 1.0, \"log\": false}}"}
{"op_code": 6, "worker_id": "2a049da7-362d-4fe6-b121-ff8fe494467e-47818068719360", "trial_id": 5, "state": 1, "values": [0.1272558063562119], "datetime_complete": "2023-11-14T15:07:47.349634"}
{"op_code": 0, "worker_id": "d9e3e75f-58e0-4e4e-a5b3-7c40367442cf-47817365380928", "study_name": "linear", "directions": [1]}
{"op_code": 4, "worker_id": "d9e3e75f-58e0-4e4e-a5b3-7c40367442cf-47818068719360", "study_id": 0, "datetime_start": "2023-11-14T15:14:23.109808"}
{"op_code": 8, "worker_id": "d9e3e75f-58e0-4e4e-a5b3-7c40367442cf-47818068719360", "trial_id": 6, "user_attr": {"fit_intercept": true}}
{"op_code": 5, "worker_id": "d9e3e75f-58e0-4e4e-a5b3-7c40367442cf-47818068719360", "trial_id": 6, "param_name": "alpha", "param_value_internal": 0.04579022359344771, "distribution": "{\"name\": \"FloatDistribution\", \"attributes\": {\"step\": null, \"low\": 1e-05, \"high\": 0.1, \"log\": false}}"}
{"op_code": 5, "worker_id": "d9e3e75f-58e0-4e4e-a5b3-7c40367442cf-47818068719360", "trial_id": 6, "param_name": "l1_ratio", "param_value_internal": 0.9972610483098313, "distribution": "{\"name\": \"FloatDistribution\", \"attributes\": {\"step\": null, \"low\": 0.0, \"high\": 1.0, \"log\": false}}"}
{"op_code": 6, "worker_id": "d9e3e75f-58e0-4e4e-a5b3-7c40367442cf-47818068719360", "trial_id": 6, "state": 1, "values": [0.12494348634242623], "datetime_complete": "2023-11-14T15:14:23.140845"}
{"op_code": 0, "worker_id": "a668e2fc-592b-4da4-b9e0-93c75bc61f2a-47817365380928", "study_name": "linear", "directions": [1]}
{"op_code": 4, "worker_id": "a668e2fc-592b-4da4-b9e0-93c75bc61f2a-47818068719360", "study_id": 0, "datetime_start": "2023-11-14T15:21:00.317673"}
{"op_code": 8, "worker_id": "a668e2fc-592b-4da4-b9e0-93c75bc61f2a-47818068719360", "trial_id": 7, "user_attr": {"fit_intercept": true}}
{"op_code": 5, "worker_id": "a668e2fc-592b-4da4-b9e0-93c75bc61f2a-47818068719360", "trial_id": 7, "param_name": "alpha", "param_value_internal": 0.01557665573107099, "distribution": "{\"name\": \"FloatDistribution\", \"attributes\": {\"step\": null, \"low\": 1e-05, \"high\": 0.1, \"log\": false}}"}
{"op_code": 5, "worker_id": "a668e2fc-592b-4da4-b9e0-93c75bc61f2a-47818068719360", "trial_id": 7, "param_name": "l1_ratio", "param_value_internal": 0.35731633528366213, "distribution": "{\"name\": \"FloatDistribution\", \"attributes\": {\"step\": null, \"low\": 0.0, \"high\": 1.0, \"log\": false}}"}
{"op_code": 6, "worker_id": "a668e2fc-592b-4da4-b9e0-93c75bc61f2a-47818068719360", "trial_id": 7, "state": 1, "values": [0.12483081994217478], "datetime_complete": "2023-11-14T15:21:00.351078"}
