{"op_code": 0, "worker_id": "7d422d7b-82b0-43ca-8f60-8b8df9f8a616-47279818202944", "study_name": "RF", "directions": [1]}
{"op_code": 4, "worker_id": "7d422d7b-82b0-43ca-8f60-8b8df9f8a616-47280521058048", "study_id": 0, "datetime_start": "2023-11-07T17:13:10.430749"}
{"op_code": 5, "worker_id": "7d422d7b-82b0-43ca-8f60-8b8df9f8a616-47280521058048", "trial_id": 0, "param_name": "n_estimators", "param_value_internal": 2, "distribution": "{\"name\": \"CategoricalDistribution\", \"attributes\": {\"choices\": [10, 20, 50, 200, 500]}}"}
{"op_code": 5, "worker_id": "7d422d7b-82b0-43ca-8f60-8b8df9f8a616-47280521058048", "trial_id": 0, "param_name": "max_features", "param_value_internal": 0, "distribution": "{\"name\": \"CategoricalDistribution\", \"attributes\": {\"choices\": [\"auto\", \"sqrt\", \"log2\"]}}"}
{"op_code": 5, "worker_id": "7d422d7b-82b0-43ca-8f60-8b8df9f8a616-47280521058048", "trial_id": 0, "param_name": "max_depth", "param_value_internal": 1, "distribution": "{\"name\": \"CategoricalDistribution\", \"attributes\": {\"choices\": [null, 2, 3, 4, 5, 10]}}"}
{"op_code": 6, "worker_id": "7d422d7b-82b0-43ca-8f60-8b8df9f8a616-47280521058048", "trial_id": 0, "state": 1, "values": [0.13428748274185373], "datetime_complete": "2023-11-07T17:13:12.538870"}
{"op_code": 0, "worker_id": "eb328c3b-521b-4560-9269-faedefd7c16b-47279818202944", "study_name": "RF", "directions": [1]}
{"op_code": 4, "worker_id": "eb328c3b-521b-4560-9269-faedefd7c16b-47280521058048", "study_id": 0, "datetime_start": "2023-11-07T17:19:56.236418"}
{"op_code": 5, "worker_id": "eb328c3b-521b-4560-9269-faedefd7c16b-47280521058048", "trial_id": 1, "param_name": "n_estimators", "param_value_internal": 3, "distribution": "{\"name\": \"CategoricalDistribution\", \"attributes\": {\"choices\": [10, 20, 50, 200, 500]}}"}
{"op_code": 5, "worker_id": "eb328c3b-521b-4560-9269-faedefd7c16b-47280521058048", "trial_id": 1, "param_name": "max_features", "param_value_internal": 2, "distribution": "{\"name\": \"CategoricalDistribution\", \"attributes\": {\"choices\": [\"auto\", \"sqrt\", \"log2\"]}}"}
{"op_code": 5, "worker_id": "eb328c3b-521b-4560-9269-faedefd7c16b-47280521058048", "trial_id": 1, "param_name": "max_depth", "param_value_internal": 1, "distribution": "{\"name\": \"CategoricalDistribution\", \"attributes\": {\"choices\": [null, 2, 3, 4, 5, 10]}}"}
{"op_code": 6, "worker_id": "eb328c3b-521b-4560-9269-faedefd7c16b-47280521058048", "trial_id": 1, "state": 1, "values": [0.13174026857100374], "datetime_complete": "2023-11-07T17:19:58.357163"}
{"op_code": 0, "worker_id": "a529f8d2-2d1f-49b5-ba50-51ffd4bbe54d-47279818202944", "study_name": "RF", "directions": [1]}
{"op_code": 4, "worker_id": "a529f8d2-2d1f-49b5-ba50-51ffd4bbe54d-47280521058048", "study_id": 0, "datetime_start": "2023-11-07T17:26:45.360140"}
{"op_code": 5, "worker_id": "a529f8d2-2d1f-49b5-ba50-51ffd4bbe54d-47280521058048", "trial_id": 2, "param_name": "n_estimators", "param_value_internal": 1, "distribution": "{\"name\": \"CategoricalDistribution\", \"attributes\": {\"choices\": [10, 20, 50, 200, 500]}}"}
{"op_code": 5, "worker_id": "a529f8d2-2d1f-49b5-ba50-51ffd4bbe54d-47280521058048", "trial_id": 2, "param_name": "max_features", "param_value_internal": 0, "distribution": "{\"name\": \"CategoricalDistribution\", \"attributes\": {\"choices\": [\"auto\", \"sqrt\", \"log2\"]}}"}
{"op_code": 5, "worker_id": "a529f8d2-2d1f-49b5-ba50-51ffd4bbe54d-47280521058048", "trial_id": 2, "param_name": "max_depth", "param_value_internal": 2, "distribution": "{\"name\": \"CategoricalDistribution\", \"attributes\": {\"choices\": [null, 2, 3, 4, 5, 10]}}"}
{"op_code": 6, "worker_id": "a529f8d2-2d1f-49b5-ba50-51ffd4bbe54d-47280521058048", "trial_id": 2, "state": 1, "values": [0.12788525672164364], "datetime_complete": "2023-11-07T17:26:47.499670"}
{"op_code": 0, "worker_id": "5b801bd4-f4cf-48af-9b13-4d3553254ba3-47279818202944", "study_name": "RF", "directions": [1]}
{"op_code": 4, "worker_id": "5b801bd4-f4cf-48af-9b13-4d3553254ba3-47280521058048", "study_id": 0, "datetime_start": "2023-11-07T17:33:33.624365"}
{"op_code": 5, "worker_id": "5b801bd4-f4cf-48af-9b13-4d3553254ba3-47280521058048", "trial_id": 3, "param_name": "n_estimators", "param_value_internal": 1, "distribution": "{\"name\": \"CategoricalDistribution\", \"attributes\": {\"choices\": [10, 20, 50, 200, 500]}}"}
{"op_code": 5, "worker_id": "5b801bd4-f4cf-48af-9b13-4d3553254ba3-47280521058048", "trial_id": 3, "param_name": "max_features", "param_value_internal": 1, "distribution": "{\"name\": \"CategoricalDistribution\", \"attributes\": {\"choices\": [\"auto\", \"sqrt\", \"log2\"]}}"}
{"op_code": 5, "worker_id": "5b801bd4-f4cf-48af-9b13-4d3553254ba3-47280521058048", "trial_id": 3, "param_name": "max_depth", "param_value_internal": 3, "distribution": "{\"name\": \"CategoricalDistribution\", \"attributes\": {\"choices\": [null, 2, 3, 4, 5, 10]}}"}
{"op_code": 6, "worker_id": "5b801bd4-f4cf-48af-9b13-4d3553254ba3-47280521058048", "trial_id": 3, "state": 1, "values": [0.12686756058808885], "datetime_complete": "2023-11-07T17:33:35.735510"}
{"op_code": 0, "worker_id": "052f820b-4cbc-44ea-aad8-738b56c21b12-6556", "study_name": "RF", "directions": [1]}
{"op_code": 0, "worker_id": "6d57563e-9928-42dc-8066-04f8eb747455-6556", "study_name": "RF", "directions": [1]}
{"op_code": 0, "worker_id": "531c3568-f3e0-419e-a22c-0e3370363c66-6556", "study_name": "RF", "directions": [1]}
{"op_code": 0, "worker_id": "559d6720-aaa5-4b0b-94fc-bfbe1e1c9504-6556", "study_name": "RF", "directions": [1]}
{"op_code": 0, "worker_id": "55fa7a48-cf06-4215-a9d0-cf5be0b05b69-6556", "study_name": "RF", "directions": [1]}
{"op_code": 0, "worker_id": "d7c6060f-5226-4e9f-bca0-9ede3b4eaedc-2012", "study_name": "RF", "directions": [1]}
{"op_code": 0, "worker_id": "efc2ac83-f776-4b50-8280-4fb7117840ba-2012", "study_name": "RF", "directions": [1]}
{"op_code": 0, "worker_id": "1a83352a-1327-48e8-a6f2-3f4648055280-2012", "study_name": "RF", "directions": [1]}
{"op_code": 0, "worker_id": "07f95923-63ae-4784-aee0-f8234a44eb53-2012", "study_name": "RF", "directions": [1]}
{"op_code": 0, "worker_id": "a47e801f-aa5c-4030-bba1-fc70b34f125c-2012", "study_name": "RF", "directions": [1]}
{"op_code": 4, "worker_id": "d7c6060f-5226-4e9f-bca0-9ede3b4eaedc-3744", "study_id": 0, "datetime_start": "2023-11-14T13:25:55.875751"}
{"op_code": 5, "worker_id": "d7c6060f-5226-4e9f-bca0-9ede3b4eaedc-3744", "trial_id": 4, "param_name": "n_estimators", "param_value_internal": 2, "distribution": "{\"name\": \"CategoricalDistribution\", \"attributes\": {\"choices\": [10, 20, 50, 200, 500]}}"}
{"op_code": 5, "worker_id": "d7c6060f-5226-4e9f-bca0-9ede3b4eaedc-3744", "trial_id": 4, "param_name": "max_features", "param_value_internal": 0, "distribution": "{\"name\": \"CategoricalDistribution\", \"attributes\": {\"choices\": [\"auto\", \"sqrt\", \"log2\"]}}"}
{"op_code": 5, "worker_id": "d7c6060f-5226-4e9f-bca0-9ede3b4eaedc-3744", "trial_id": 4, "param_name": "max_depth", "param_value_internal": 1, "distribution": "{\"name\": \"CategoricalDistribution\", \"attributes\": {\"choices\": [null, 2, 3, 4, 5, 10]}}"}
{"op_code": 6, "worker_id": "d7c6060f-5226-4e9f-bca0-9ede3b4eaedc-3744", "trial_id": 4, "state": 1, "values": [0.13260142804056152], "datetime_complete": "2023-11-14T13:26:08.790928"}
{"op_code": 0, "worker_id": "811277ca-17d6-4ceb-8f2c-7b1aede798ff-4160", "study_name": "RF", "directions": [1]}
{"op_code": 0, "worker_id": "3ab4445b-6062-4fdd-a356-96bfc68d0a79-4160", "study_name": "RF", "directions": [1]}
{"op_code": 0, "worker_id": "5a44fbeb-6266-40ae-a56c-c8897e0f2d64-4160", "study_name": "RF", "directions": [1]}
{"op_code": 0, "worker_id": "0a052b95-68e6-4baa-b7a9-7d4610a1eae8-4160", "study_name": "RF", "directions": [1]}
{"op_code": 0, "worker_id": "3c2c12c3-8ff4-449c-9626-e418638a0492-4160", "study_name": "RF", "directions": [1]}
{"op_code": 0, "worker_id": "e1868a52-d270-4c67-8e33-1d7942d46072-4160", "study_name": "RF", "directions": [1]}
{"op_code": 0, "worker_id": "8231e633-f570-40f7-a831-721e2f226c28-4160", "study_name": "RF", "directions": [1]}
{"op_code": 0, "worker_id": "b35d5c80-a47c-4559-80fb-116a15c2da1c-4160", "study_name": "RF", "directions": [1]}
{"op_code": 0, "worker_id": "eab90b0a-b6e5-4708-afa0-b87d7502b2bc-4160", "study_name": "RF", "directions": [1]}
{"op_code": 0, "worker_id": "1e38fb87-2f4f-4f44-b24b-bae042ee3d7e-4160", "study_name": "RF", "directions": [1]}
{"op_code": 0, "worker_id": "d189598c-6f14-43f3-8545-8e9ace0daea4-4160", "study_name": "RF", "directions": [1]}
{"op_code": 0, "worker_id": "d930053f-bcae-41b3-a703-522f43a7ca73-4160", "study_name": "RF", "directions": [1]}
{"op_code": 0, "worker_id": "9e3bc9cc-fbc7-4815-b562-abba926a9df7-4160", "study_name": "RF", "directions": [1]}
{"op_code": 0, "worker_id": "ed58acff-4147-4b60-97cc-1b65f2f2e9fe-4160", "study_name": "RF", "directions": [1]}
{"op_code": 0, "worker_id": "0ed6d2b3-c845-40a7-ab96-b238a0269a54-4160", "study_name": "RF", "directions": [1]}
{"op_code": 0, "worker_id": "e2d76553-1ec7-40b0-b49d-c698d60cf2e4-4160", "study_name": "RF", "directions": [1]}
{"op_code": 0, "worker_id": "f8694f7e-2fb1-4f24-9fbc-3eeab8a3fd05-4160", "study_name": "RF", "directions": [1]}
{"op_code": 0, "worker_id": "89682fa5-53b3-4bd6-bd18-e82a4cfe348d-4160", "study_name": "RF", "directions": [1]}
{"op_code": 0, "worker_id": "4603a989-ce3d-4ced-9374-85995d3ad640-4160", "study_name": "RF", "directions": [1]}
{"op_code": 0, "worker_id": "96ce04e9-f012-4b1e-9602-24e0b8cfd1c8-4160", "study_name": "RF", "directions": [1]}
{"op_code": 0, "worker_id": "4a692e9d-54b8-436d-bae6-48c6ea295d5c-4160", "study_name": "RF", "directions": [1]}
{"op_code": 0, "worker_id": "4640c22b-2c2a-4ffb-bfbf-cc41e0fbd376-4160", "study_name": "RF", "directions": [1]}
{"op_code": 0, "worker_id": "ac9e013c-0067-4f9c-832a-0ae6bd703948-4160", "study_name": "RF", "directions": [1]}
{"op_code": 0, "worker_id": "3a9ab965-2df5-4e59-840c-2f9b34c036cf-4160", "study_name": "RF", "directions": [1]}
{"op_code": 0, "worker_id": "0a635d39-82cf-46df-8fcb-ff56fb9fad36-4160", "study_name": "RF", "directions": [1]}
{"op_code": 0, "worker_id": "7c365ee3-60b5-463a-84b2-3adca2252c4a-4160", "study_name": "RF", "directions": [1]}
{"op_code": 0, "worker_id": "2f98f594-da2e-4ebc-818c-4653775e3f24-4160", "study_name": "RF", "directions": [1]}
{"op_code": 0, "worker_id": "6f9663c7-7e8c-42ad-af8d-49d889c2ee53-4160", "study_name": "RF", "directions": [1]}
{"op_code": 0, "worker_id": "37a77f25-e8f4-4398-a9ec-66529382fdff-4160", "study_name": "RF", "directions": [1]}
{"op_code": 0, "worker_id": "6a367697-946d-4535-ba7f-3d41b6ae857d-4160", "study_name": "RF", "directions": [1]}
{"op_code": 0, "worker_id": "eee783aa-c009-41b7-88d4-fcd76e15de17-4160", "study_name": "RF", "directions": [1]}
{"op_code": 0, "worker_id": "0f88bb79-925c-4630-8ee2-f44c96b67863-4160", "study_name": "RF", "directions": [1]}
{"op_code": 0, "worker_id": "9a23cbfa-0d85-445f-a287-fa2f1c953eb9-4160", "study_name": "RF", "directions": [1]}
{"op_code": 0, "worker_id": "82f43c75-6de4-4920-9d05-7f198d213323-4160", "study_name": "RF", "directions": [1]}
{"op_code": 0, "worker_id": "b3d467e0-39c0-4ff6-9cf0-707c565ade14-4160", "study_name": "RF", "directions": [1]}
{"op_code": 0, "worker_id": "600e1fbe-8158-4b5d-82b3-1850bf492715-4160", "study_name": "RF", "directions": [1]}
{"op_code": 0, "worker_id": "7110e202-b166-445a-a7ae-ad6939e67320-4160", "study_name": "RF", "directions": [1]}
{"op_code": 0, "worker_id": "7c41721f-0d6b-467d-aa99-c0a329573ca4-4160", "study_name": "RF", "directions": [1]}
{"op_code": 0, "worker_id": "cea98712-22d8-45bc-9bc3-20195b924ce0-4160", "study_name": "RF", "directions": [1]}
{"op_code": 0, "worker_id": "ac056ea7-7506-4759-8710-89c758067ee7-4160", "study_name": "RF", "directions": [1]}
{"op_code": 0, "worker_id": "8373432f-1e3c-4153-b3cc-2687d754a681-4160", "study_name": "RF", "directions": [1]}
{"op_code": 0, "worker_id": "1ee7ab48-f3a7-4990-8053-43e9c1bdf57d-4160", "study_name": "RF", "directions": [1]}
{"op_code": 0, "worker_id": "5396ca82-29f4-4fae-97a1-2bc5a7cd5b28-4160", "study_name": "RF", "directions": [1]}
{"op_code": 0, "worker_id": "117e48e8-daaf-4523-9d6a-a9fd18e12731-4160", "study_name": "RF", "directions": [1]}
{"op_code": 0, "worker_id": "2a4707ab-1d6e-4544-b30d-025cb6266f0e-4160", "study_name": "RF", "directions": [1]}
{"op_code": 0, "worker_id": "a92f97da-7122-4d8e-b063-9b5680022f76-4160", "study_name": "RF", "directions": [1]}
{"op_code": 0, "worker_id": "de75709b-edfa-449e-89fe-0925f552015e-4160", "study_name": "RF", "directions": [1]}
{"op_code": 0, "worker_id": "c3e7aeeb-b3b8-4d8c-8d0a-3466b4d26f2a-4160", "study_name": "RF", "directions": [1]}
{"op_code": 0, "worker_id": "9ede2504-8f25-4f8e-99bd-4e59d18db573-4160", "study_name": "RF", "directions": [1]}
{"op_code": 0, "worker_id": "69da1a27-5a4e-47b3-9013-8e5e2928ea44-4160", "study_name": "RF", "directions": [1]}
{"op_code": 0, "worker_id": "afa318ee-83c5-4eef-9764-12210ea833b8-4160", "study_name": "RF", "directions": [1]}
{"op_code": 0, "worker_id": "511ce502-8e64-431c-ba50-ffd022520303-4160", "study_name": "RF", "directions": [1]}
{"op_code": 0, "worker_id": "1dcf3048-4567-45d0-a550-6fb7132e283c-4160", "study_name": "RF", "directions": [1]}
{"op_code": 0, "worker_id": "f190531b-55bd-421e-9d7c-81bb31002057-4160", "study_name": "RF", "directions": [1]}
{"op_code": 0, "worker_id": "0a225202-7298-4b2a-9bb0-1db2c8ac0671-4160", "study_name": "RF", "directions": [1]}
{"op_code": 0, "worker_id": "9e3acd7a-383e-469f-8246-69edc131da10-4160", "study_name": "RF", "directions": [1]}
{"op_code": 0, "worker_id": "87b777ec-e0ea-4d17-afea-65267071187d-4160", "study_name": "RF", "directions": [1]}
{"op_code": 0, "worker_id": "3f9ffb45-1536-42ea-baae-33774f31f144-4160", "study_name": "RF", "directions": [1]}
{"op_code": 0, "worker_id": "4068aa66-7547-4280-91f1-de0dde4ac30e-4160", "study_name": "RF", "directions": [1]}
{"op_code": 0, "worker_id": "829fc09b-82cb-42c5-a8b7-ff25a7075dbc-4160", "study_name": "RF", "directions": [1]}
{"op_code": 0, "worker_id": "7a32841f-463f-40e2-8656-78fe9dcd1c6f-4160", "study_name": "RF", "directions": [1]}
{"op_code": 0, "worker_id": "ffb4d49f-5314-47ca-afff-003aa0121b0e-4160", "study_name": "RF", "directions": [1]}
{"op_code": 0, "worker_id": "228b9390-1d58-466b-84d0-33ffa59842f0-4160", "study_name": "RF", "directions": [1]}
{"op_code": 0, "worker_id": "ea011fc5-eff8-4021-9451-3e1320c7dfbf-4160", "study_name": "RF", "directions": [1]}
{"op_code": 0, "worker_id": "7cd3bcc9-58ca-415d-9e3c-c7a053ce8c48-4160", "study_name": "RF", "directions": [1]}
{"op_code": 0, "worker_id": "59040121-7e4d-4554-8739-c6d20a9779f8-4160", "study_name": "RF", "directions": [1]}
{"op_code": 0, "worker_id": "ccec0bf8-50be-46fe-b208-5dbbbe5359ce-4160", "study_name": "RF", "directions": [1]}
{"op_code": 0, "worker_id": "737a1619-62a8-444b-9f8c-1b046797789b-4160", "study_name": "RF", "directions": [1]}
{"op_code": 0, "worker_id": "738d317e-ff74-4ea7-b535-5c82993c0786-4160", "study_name": "RF", "directions": [1]}
{"op_code": 0, "worker_id": "a0d526dd-64b1-476f-8a0f-ba105ad3e00b-4160", "study_name": "RF", "directions": [1]}
{"op_code": 0, "worker_id": "f94afd80-c712-44b4-8aa0-1a4c034a9853-4160", "study_name": "RF", "directions": [1]}
{"op_code": 0, "worker_id": "e2ef09b1-4292-42ff-959e-8d5cdf64d188-4160", "study_name": "RF", "directions": [1]}
{"op_code": 0, "worker_id": "b04d0063-1f71-47cd-b881-56b755d2735f-4160", "study_name": "RF", "directions": [1]}
{"op_code": 0, "worker_id": "9e708a27-32c2-47c1-b74a-d133f4c48d20-4160", "study_name": "RF", "directions": [1]}
{"op_code": 0, "worker_id": "baab9724-5806-4fa8-9abd-4e5550b3b6da-4160", "study_name": "RF", "directions": [1]}
{"op_code": 0, "worker_id": "2145aa23-f5f4-4d3b-bf05-b5952bcaa3f4-4160", "study_name": "RF", "directions": [1]}
{"op_code": 0, "worker_id": "bf06c1fd-ca0a-47cb-861c-550da6ce1caf-4160", "study_name": "RF", "directions": [1]}
{"op_code": 0, "worker_id": "93b12fe6-d76a-4287-926c-3f442a17d0cf-4160", "study_name": "RF", "directions": [1]}
{"op_code": 0, "worker_id": "b13043df-5be1-4408-b4c5-3f396a4e8ff7-4160", "study_name": "RF", "directions": [1]}
{"op_code": 0, "worker_id": "e4074d60-b236-4057-91f6-54c0ebe13f9b-4160", "study_name": "RF", "directions": [1]}
{"op_code": 0, "worker_id": "fb902930-b2f0-4512-8a03-c6f97d53cea5-4160", "study_name": "RF", "directions": [1]}
{"op_code": 0, "worker_id": "b057bedf-6abd-4296-99bd-7b8b2d61f154-4160", "study_name": "RF", "directions": [1]}
{"op_code": 0, "worker_id": "1dfb3d88-1760-453e-9a09-3b791c3aaa8a-4160", "study_name": "RF", "directions": [1]}
{"op_code": 0, "worker_id": "6d4e3388-7386-4ad0-9b29-ef96f325ebe1-4160", "study_name": "RF", "directions": [1]}
{"op_code": 0, "worker_id": "aaf07995-8370-469a-9ad9-6981869af7b9-4160", "study_name": "RF", "directions": [1]}
{"op_code": 0, "worker_id": "751c829c-11a5-4bec-9db7-a4755e2eba09-4160", "study_name": "RF", "directions": [1]}
{"op_code": 0, "worker_id": "66fde1b5-d5a0-44bf-bc26-f1660f0d26f7-4160", "study_name": "RF", "directions": [1]}
{"op_code": 0, "worker_id": "822336ff-5710-42bb-8051-661f2943c63b-4160", "study_name": "RF", "directions": [1]}
{"op_code": 0, "worker_id": "c740fd17-740c-48aa-bccd-6a45b781a26f-4160", "study_name": "RF", "directions": [1]}
{"op_code": 0, "worker_id": "09da3c20-aef9-454d-9599-96cdf4104207-4160", "study_name": "RF", "directions": [1]}
{"op_code": 0, "worker_id": "06fc0adb-0944-4a40-8306-32008ea04659-4160", "study_name": "RF", "directions": [1]}
{"op_code": 0, "worker_id": "87300283-9a43-434b-b1fa-e0ccb329d235-4160", "study_name": "RF", "directions": [1]}
{"op_code": 0, "worker_id": "3f7ff8ac-f803-4403-8f6e-6f84725b3e86-4160", "study_name": "RF", "directions": [1]}
{"op_code": 0, "worker_id": "33e72f89-533b-4259-a1c2-4bee36e684da-4160", "study_name": "RF", "directions": [1]}
{"op_code": 0, "worker_id": "e3acbee3-a4c7-47db-a0f4-693248acdf1b-4160", "study_name": "RF", "directions": [1]}
{"op_code": 0, "worker_id": "6e8b4d2b-2362-48e1-9119-9008d3f28418-4160", "study_name": "RF", "directions": [1]}
{"op_code": 0, "worker_id": "d413c5e3-037b-46dd-a06c-5ffcd84d344e-4160", "study_name": "RF", "directions": [1]}
{"op_code": 0, "worker_id": "80a09d51-61a9-4caa-a93d-43825af37418-4160", "study_name": "RF", "directions": [1]}
{"op_code": 0, "worker_id": "dcd82e9a-fe69-4bb8-b49c-04a0faeb5d2c-4160", "study_name": "RF", "directions": [1]}
{"op_code": 0, "worker_id": "cd83ec08-0a1d-4b46-a061-4189d5d2a69f-4160", "study_name": "RF", "directions": [1]}
{"op_code": 0, "worker_id": "3f5e733f-4499-415a-a5e1-48dabcaa3d95-4160", "study_name": "RF", "directions": [1]}
{"op_code": 0, "worker_id": "d99466d4-b64f-46f9-8f75-51b4b99f6988-4160", "study_name": "RF", "directions": [1]}
{"op_code": 0, "worker_id": "8f6aaa89-8a91-49b7-b8af-d2c945c55c1d-4160", "study_name": "RF", "directions": [1]}
{"op_code": 0, "worker_id": "968488f4-e463-4e41-828d-f36edf41290b-4160", "study_name": "RF", "directions": [1]}
{"op_code": 0, "worker_id": "4476d549-177a-49a4-94aa-c5dba6a949a4-4160", "study_name": "RF", "directions": [1]}
{"op_code": 0, "worker_id": "0b9e9e8a-cec8-4544-800a-18e7e4d4f30f-4160", "study_name": "RF", "directions": [1]}
{"op_code": 0, "worker_id": "23fcaf2d-23a9-44ac-bbaa-3d2a77960d75-4160", "study_name": "RF", "directions": [1]}
{"op_code": 0, "worker_id": "1589677c-d960-452d-b4b6-3c813be6ea81-4160", "study_name": "RF", "directions": [1]}
{"op_code": 0, "worker_id": "47e611e1-6119-4138-9949-bf19ef8c4ae6-4160", "study_name": "RF", "directions": [1]}
{"op_code": 0, "worker_id": "b9ed07cd-46b4-4f2f-a8b7-09fefd24474b-4160", "study_name": "RF", "directions": [1]}
{"op_code": 0, "worker_id": "c9db0512-3776-4d85-9ccc-a4840e8503a8-4160", "study_name": "RF", "directions": [1]}
{"op_code": 0, "worker_id": "f69c3e70-d471-40c3-9fbe-b7ec5d40c1fc-4160", "study_name": "RF", "directions": [1]}
{"op_code": 0, "worker_id": "86e7e45b-ba80-4b10-9466-931530148938-4160", "study_name": "RF", "directions": [1]}
{"op_code": 0, "worker_id": "09958e1e-73f9-4d97-a910-3a3b6019bec2-4160", "study_name": "RF", "directions": [1]}
{"op_code": 0, "worker_id": "41db3841-5bcd-4b94-914f-8e337090f936-4160", "study_name": "RF", "directions": [1]}
{"op_code": 0, "worker_id": "8f52567e-a285-4428-9c3d-1db542467338-4160", "study_name": "RF", "directions": [1]}
{"op_code": 0, "worker_id": "cfcdad20-2816-45f2-9bbf-fedab9ab1db7-4160", "study_name": "RF", "directions": [1]}
{"op_code": 0, "worker_id": "0abc4d79-4a84-4e5d-af84-2fed31579077-4160", "study_name": "RF", "directions": [1]}
{"op_code": 0, "worker_id": "85215500-1b21-4e64-a6da-9a19f5a7e641-4160", "study_name": "RF", "directions": [1]}
{"op_code": 0, "worker_id": "801972a9-a709-4409-b3ef-8a4bfa618122-4160", "study_name": "RF", "directions": [1]}
{"op_code": 0, "worker_id": "cb1d9797-77ca-41b8-8db9-d5b09452be38-4160", "study_name": "RF", "directions": [1]}
{"op_code": 0, "worker_id": "3bbf39cf-d6a4-4e80-ae4b-2c473eb46e37-4160", "study_name": "RF", "directions": [1]}
{"op_code": 0, "worker_id": "c51705eb-5951-444f-96eb-f0f0b8121731-4160", "study_name": "RF", "directions": [1]}
{"op_code": 0, "worker_id": "6c68fee6-d71d-486a-ac72-03054c175f99-4160", "study_name": "RF", "directions": [1]}
{"op_code": 0, "worker_id": "a51b8e96-f104-4792-bcef-ef58dcbd2ee6-4160", "study_name": "RF", "directions": [1]}
{"op_code": 0, "worker_id": "c4f19aad-82bc-4b60-8489-e235a1001caf-4160", "study_name": "RF", "directions": [1]}
{"op_code": 0, "worker_id": "770b547c-9c34-4b72-a120-a73915d3699a-4160", "study_name": "RF", "directions": [1]}
{"op_code": 0, "worker_id": "18b747e4-9b15-46ef-a0b1-a802f12741e7-4160", "study_name": "RF", "directions": [1]}
{"op_code": 0, "worker_id": "1835dd05-9487-4b6b-8e35-e2723c8b90fc-4160", "study_name": "RF", "directions": [1]}
{"op_code": 0, "worker_id": "d063ce77-238c-470e-a5fa-db83e7682770-4160", "study_name": "RF", "directions": [1]}
{"op_code": 0, "worker_id": "b7791850-80e4-41ec-a20f-6c2d5d9c734e-4160", "study_name": "RF", "directions": [1]}
{"op_code": 0, "worker_id": "41b08cbf-0bbe-4b86-9730-eeab6575bf48-4160", "study_name": "RF", "directions": [1]}
{"op_code": 0, "worker_id": "80ef0e80-efea-4714-a81a-e79040511a55-4160", "study_name": "RF", "directions": [1]}
{"op_code": 0, "worker_id": "a8113ac8-02bd-4c8a-8128-54c7b3bf9c27-4160", "study_name": "RF", "directions": [1]}
{"op_code": 0, "worker_id": "63a31c0c-ac39-4902-8478-61b45d108c32-4160", "study_name": "RF", "directions": [1]}
{"op_code": 0, "worker_id": "d3f13a9d-61fc-4ae1-9014-084388fd07e4-4160", "study_name": "RF", "directions": [1]}
{"op_code": 0, "worker_id": "d7bf8fc2-6420-4947-a131-d2e6b5591e54-4160", "study_name": "RF", "directions": [1]}
{"op_code": 0, "worker_id": "e89ca937-9d24-45ff-abc2-2df63c176e70-4160", "study_name": "RF", "directions": [1]}
{"op_code": 0, "worker_id": "27d2c696-b671-46d4-8ce3-82d468c5da8e-4160", "study_name": "RF", "directions": [1]}
{"op_code": 0, "worker_id": "e7c99a28-bb07-4b4c-9dd9-981ada835f78-4160", "study_name": "RF", "directions": [1]}
{"op_code": 0, "worker_id": "4fa120e2-0808-4032-8495-833ec342f84f-4160", "study_name": "RF", "directions": [1]}
{"op_code": 0, "worker_id": "1c52a9f6-20c5-4f3b-941a-4b325e32a94a-4160", "study_name": "RF", "directions": [1]}
{"op_code": 0, "worker_id": "d4fccdb2-ba95-45c4-b908-65a188c4fb71-4160", "study_name": "RF", "directions": [1]}
{"op_code": 0, "worker_id": "9ddbe9cd-358a-43ef-9e03-1f4504a69b79-4160", "study_name": "RF", "directions": [1]}
{"op_code": 0, "worker_id": "0915ddd5-1f99-4597-85cb-17122dd9140f-4160", "study_name": "RF", "directions": [1]}
{"op_code": 0, "worker_id": "138e20db-3537-4712-aa09-125da29e475b-4160", "study_name": "RF", "directions": [1]}
{"op_code": 0, "worker_id": "04609ce5-04d4-4d73-ae5e-f8613e1aa3fb-4160", "study_name": "RF", "directions": [1]}
{"op_code": 0, "worker_id": "9a4c63ed-fbea-4966-ad1f-66c9ce817912-4160", "study_name": "RF", "directions": [1]}
{"op_code": 0, "worker_id": "2622e17c-b3e0-4df0-957f-a9d5de49eac2-4160", "study_name": "RF", "directions": [1]}
{"op_code": 0, "worker_id": "3b40568a-7b42-4a6e-92f6-025bb6e7dd25-4160", "study_name": "RF", "directions": [1]}
{"op_code": 0, "worker_id": "e44c91a2-999e-4d7a-b621-f52bec6b974d-4160", "study_name": "RF", "directions": [1]}
{"op_code": 0, "worker_id": "1d5c1c64-c241-4052-bfec-473608a3982d-4160", "study_name": "RF", "directions": [1]}
{"op_code": 0, "worker_id": "83bd6c7b-4796-4bcb-9a41-e03d7bc83028-4160", "study_name": "RF", "directions": [1]}
{"op_code": 0, "worker_id": "a90acea8-d444-4bbb-8ddd-e14705a0a439-4160", "study_name": "RF", "directions": [1]}
{"op_code": 0, "worker_id": "4a5dfc86-0d75-41ad-bc1c-bcb397f89ff4-4160", "study_name": "RF", "directions": [1]}
{"op_code": 0, "worker_id": "fd50da3d-1101-467d-960c-73204434799e-4160", "study_name": "RF", "directions": [1]}
{"op_code": 0, "worker_id": "aab7e563-2e0a-4d88-a3df-81ff0eda8d0e-4160", "study_name": "RF", "directions": [1]}
{"op_code": 0, "worker_id": "281c5b59-96e1-4cc4-978d-3e3cf3c54003-4160", "study_name": "RF", "directions": [1]}
{"op_code": 0, "worker_id": "169c4734-887f-4b0c-a8b4-64399639f74b-4160", "study_name": "RF", "directions": [1]}
{"op_code": 0, "worker_id": "b2bd8ec5-140c-4604-840a-f97120e897d4-4160", "study_name": "RF", "directions": [1]}
{"op_code": 0, "worker_id": "21e63828-7379-4673-a7b7-6c63e404a5d7-4160", "study_name": "RF", "directions": [1]}
{"op_code": 0, "worker_id": "795df119-a8bc-4d73-92e8-e74d1384966b-4160", "study_name": "RF", "directions": [1]}
{"op_code": 0, "worker_id": "119d7035-4182-43eb-871f-ba11daf70cf7-4160", "study_name": "RF", "directions": [1]}
{"op_code": 0, "worker_id": "8b5b84b8-470a-46b2-a345-67420d3736c3-4160", "study_name": "RF", "directions": [1]}
{"op_code": 0, "worker_id": "6b8dbfcc-ac03-4364-91fb-5b0e591468aa-4160", "study_name": "RF", "directions": [1]}
{"op_code": 0, "worker_id": "f13d7277-2cba-4d9b-ba0d-07b5459e55b2-4160", "study_name": "RF", "directions": [1]}
{"op_code": 0, "worker_id": "ed76820f-4d24-42a6-8438-98fa19987486-4160", "study_name": "RF", "directions": [1]}
{"op_code": 0, "worker_id": "e0ab82e5-bde7-452f-a8f4-163566656ada-4160", "study_name": "RF", "directions": [1]}
{"op_code": 0, "worker_id": "66c97060-2aa6-4d10-ab0c-2438279a5e51-4160", "study_name": "RF", "directions": [1]}
{"op_code": 0, "worker_id": "69cbe50d-de3a-44be-b95c-45abbf7897e4-4160", "study_name": "RF", "directions": [1]}
{"op_code": 0, "worker_id": "d0e54386-1ff0-4e0b-ac6d-ce5125aa78f0-4160", "study_name": "RF", "directions": [1]}
{"op_code": 0, "worker_id": "f67fdafe-ef13-4531-8445-9e38d5a71aba-4160", "study_name": "RF", "directions": [1]}
{"op_code": 0, "worker_id": "85b1ab5e-f1e5-404c-98d2-7fb874347466-4160", "study_name": "RF", "directions": [1]}
{"op_code": 0, "worker_id": "eb29cd15-964c-4fd2-8267-fd14b8f332a3-4160", "study_name": "RF", "directions": [1]}
{"op_code": 0, "worker_id": "b09b99e1-0f29-4e7a-9cf1-91e9c16ed95b-4160", "study_name": "RF", "directions": [1]}
{"op_code": 0, "worker_id": "85c02603-6ca5-4485-ba46-af80e023a545-4160", "study_name": "RF", "directions": [1]}
{"op_code": 0, "worker_id": "b0a834ed-f04a-4893-a04d-f2ba2205d891-4160", "study_name": "RF", "directions": [1]}
{"op_code": 0, "worker_id": "f91dd99a-698e-4c91-b50a-1058f961894b-4160", "study_name": "RF", "directions": [1]}
{"op_code": 0, "worker_id": "325c3beb-3494-47ad-83cb-6006c2f77c02-4160", "study_name": "RF", "directions": [1]}
{"op_code": 0, "worker_id": "4a211d58-353f-4953-a46c-b61dec0896f0-4160", "study_name": "RF", "directions": [1]}
{"op_code": 0, "worker_id": "46d8d231-4e28-44a8-8bf0-11a5d0609bec-4160", "study_name": "RF", "directions": [1]}
{"op_code": 0, "worker_id": "393194be-c768-4a3f-b499-30b2943d2359-4160", "study_name": "RF", "directions": [1]}
{"op_code": 0, "worker_id": "57ce3cf6-e549-4797-871f-0de38695d30a-4160", "study_name": "RF", "directions": [1]}
{"op_code": 0, "worker_id": "233e0ba2-2ec2-4066-9bfe-050f247dbbd9-4160", "study_name": "RF", "directions": [1]}
{"op_code": 0, "worker_id": "3cdc89ed-655b-480a-8bb4-240e975b060f-4160", "study_name": "RF", "directions": [1]}
{"op_code": 0, "worker_id": "2b90acbc-8344-42b4-b033-f9cb0023f427-4160", "study_name": "RF", "directions": [1]}
{"op_code": 0, "worker_id": "ac828acb-c1f1-488a-8066-1d82b79c5ce7-4160", "study_name": "RF", "directions": [1]}
{"op_code": 0, "worker_id": "58ac7bd8-19f6-4ac5-9bd1-a596409d2d73-4160", "study_name": "RF", "directions": [1]}
{"op_code": 0, "worker_id": "64561fa1-92f8-4df7-a298-55e912c0b682-4160", "study_name": "RF", "directions": [1]}
{"op_code": 0, "worker_id": "7edbd707-2232-433c-963c-1fd45bcbcc60-4160", "study_name": "RF", "directions": [1]}
{"op_code": 0, "worker_id": "d99f9d50-a7ce-4f6f-8c8d-27869f2985e5-4160", "study_name": "RF", "directions": [1]}
{"op_code": 0, "worker_id": "41f25463-d9ce-4455-a5f8-29e568dfefc8-4160", "study_name": "RF", "directions": [1]}
{"op_code": 0, "worker_id": "8cc4d1d4-668e-44b6-b4bf-5b616a591c5a-4160", "study_name": "RF", "directions": [1]}
{"op_code": 0, "worker_id": "3694ed60-076f-4f02-8181-556ca3e9a713-4160", "study_name": "RF", "directions": [1]}
{"op_code": 0, "worker_id": "fb3d036f-4da7-429a-95ed-66c3128ce88b-4160", "study_name": "RF", "directions": [1]}
{"op_code": 0, "worker_id": "fdb791b4-f2f8-4672-b18c-6071cba5fa50-4160", "study_name": "RF", "directions": [1]}
{"op_code": 0, "worker_id": "f2fc2b7f-6a5c-4815-a32b-af178c310d9b-4160", "study_name": "RF", "directions": [1]}
{"op_code": 0, "worker_id": "f36af33f-377e-4d47-94ae-66a7a88930a9-4160", "study_name": "RF", "directions": [1]}
{"op_code": 0, "worker_id": "10c60b6e-9967-49b2-bc8a-b2a2810f64d1-4160", "study_name": "RF", "directions": [1]}
{"op_code": 0, "worker_id": "0f7d2646-d15f-4f52-91b0-02bc07b8da4c-4160", "study_name": "RF", "directions": [1]}
{"op_code": 0, "worker_id": "221ab0b5-357d-48ae-8d0a-4b3a631466e2-4160", "study_name": "RF", "directions": [1]}
{"op_code": 0, "worker_id": "0914ba97-ba6f-4cd6-bdc0-4013c176623d-4160", "study_name": "RF", "directions": [1]}
{"op_code": 0, "worker_id": "b87fe5e8-4ade-469f-b413-22cbfadece1b-4160", "study_name": "RF", "directions": [1]}
{"op_code": 0, "worker_id": "0d09fe09-b808-4c44-8ad1-0bf0a253138c-4160", "study_name": "RF", "directions": [1]}
{"op_code": 0, "worker_id": "5c2df5d9-0463-45f0-ba07-d711fcbec301-4160", "study_name": "RF", "directions": [1]}
{"op_code": 0, "worker_id": "84e66f9e-12bf-478c-8c52-d0fef44c2275-4160", "study_name": "RF", "directions": [1]}
{"op_code": 0, "worker_id": "3d04f29e-3961-4bd3-9487-d3b6a9c7690f-4160", "study_name": "RF", "directions": [1]}
{"op_code": 0, "worker_id": "acafa8d2-8f0b-444d-bf62-2860ae412993-4160", "study_name": "RF", "directions": [1]}
{"op_code": 0, "worker_id": "427fbe72-7a37-416e-acb0-ddb3c46e6383-4160", "study_name": "RF", "directions": [1]}
{"op_code": 0, "worker_id": "1cb24574-543c-4348-98e6-c401e7f711a5-4160", "study_name": "RF", "directions": [1]}
{"op_code": 0, "worker_id": "6d4c61ee-58ac-4f68-8516-1eb49ea98733-4160", "study_name": "RF", "directions": [1]}
{"op_code": 0, "worker_id": "f64f12a4-b53e-4cf7-adc2-5903b3754d0a-4160", "study_name": "RF", "directions": [1]}
{"op_code": 0, "worker_id": "488d4420-0a76-4a11-b895-6b848e5caa2d-4160", "study_name": "RF", "directions": [1]}
{"op_code": 0, "worker_id": "f83fd1c6-0cf3-42c8-a2be-b2d5e1d583ae-4160", "study_name": "RF", "directions": [1]}
{"op_code": 0, "worker_id": "69ab1e32-386f-46ae-b4fc-be96e408bc1e-4160", "study_name": "RF", "directions": [1]}
{"op_code": 0, "worker_id": "c4abe41c-2a33-4217-8370-4a625a184533-4160", "study_name": "RF", "directions": [1]}
{"op_code": 0, "worker_id": "914643d4-d43a-458c-b771-38be00f46d9f-4160", "study_name": "RF", "directions": [1]}
{"op_code": 0, "worker_id": "8c689d8a-28d8-47e7-a10a-de1eeefaac15-4160", "study_name": "RF", "directions": [1]}
{"op_code": 0, "worker_id": "bb3a5ad2-668c-44d7-9fc8-529894fb7766-4160", "study_name": "RF", "directions": [1]}
{"op_code": 0, "worker_id": "6eeae79c-1ef2-43e8-9329-6d2f2acef3f3-4160", "study_name": "RF", "directions": [1]}
{"op_code": 0, "worker_id": "94010913-5936-4187-b92a-df724335aa7e-4160", "study_name": "RF", "directions": [1]}
{"op_code": 0, "worker_id": "b1b71adb-e828-4793-bee0-af554fa4de65-4160", "study_name": "RF", "directions": [1]}
{"op_code": 0, "worker_id": "3fb7b851-1a7d-4e10-bcdd-f964fcb61040-4160", "study_name": "RF", "directions": [1]}
{"op_code": 0, "worker_id": "04e7df88-2abc-430b-8c6f-bb18feb59787-4160", "study_name": "RF", "directions": [1]}
{"op_code": 0, "worker_id": "a8efd263-9689-484a-b8d3-45179bfe391a-4160", "study_name": "RF", "directions": [1]}
{"op_code": 0, "worker_id": "e467e39e-b5d5-4490-afb3-f6aabb222f29-4160", "study_name": "RF", "directions": [1]}
{"op_code": 0, "worker_id": "dc0eba09-951a-47e5-9018-6d6172b2b974-4160", "study_name": "RF", "directions": [1]}
{"op_code": 0, "worker_id": "e273f6db-1932-4e3b-8cb1-25ea44a00c3a-4160", "study_name": "RF", "directions": [1]}
{"op_code": 0, "worker_id": "10f9b96d-d840-4e3d-b542-ac2a9381de14-4160", "study_name": "RF", "directions": [1]}
{"op_code": 0, "worker_id": "c5670c4e-70e4-4726-ae93-b849bfae9572-4160", "study_name": "RF", "directions": [1]}
{"op_code": 0, "worker_id": "6ca617d6-fa16-422f-bbff-44af71692e40-4160", "study_name": "RF", "directions": [1]}
{"op_code": 0, "worker_id": "db586d81-fd1d-4f09-8d24-999aa597d8ad-4160", "study_name": "RF", "directions": [1]}
{"op_code": 0, "worker_id": "e6274729-879b-4cc4-b2b8-291d995758c5-4160", "study_name": "RF", "directions": [1]}
{"op_code": 0, "worker_id": "6f5914af-b188-448b-b108-d67ddbe79acf-4160", "study_name": "RF", "directions": [1]}
{"op_code": 0, "worker_id": "8efd7d6f-fba0-44c2-bbb3-ddfd4acd6c80-4160", "study_name": "RF", "directions": [1]}
{"op_code": 0, "worker_id": "526ffd84-d53c-4f52-8825-2deeeec648ba-4160", "study_name": "RF", "directions": [1]}
{"op_code": 0, "worker_id": "22d06c24-2545-477a-8884-8c6e3a7b95fd-4160", "study_name": "RF", "directions": [1]}
{"op_code": 0, "worker_id": "3263418c-de51-4032-bffa-de2253b56736-4160", "study_name": "RF", "directions": [1]}
{"op_code": 0, "worker_id": "4fb223ad-bbd4-4711-b5e3-681c7db51560-4160", "study_name": "RF", "directions": [1]}
{"op_code": 0, "worker_id": "44118634-6f17-4258-a197-8666691de6fe-4160", "study_name": "RF", "directions": [1]}
{"op_code": 0, "worker_id": "8236ab05-b460-4d4a-8719-4f7bf34a4ffe-4160", "study_name": "RF", "directions": [1]}
{"op_code": 0, "worker_id": "42bafa59-5184-404b-9e44-10f8b363f72e-4160", "study_name": "RF", "directions": [1]}
{"op_code": 0, "worker_id": "b501d998-5059-4cb8-9037-763bc5362a47-4160", "study_name": "RF", "directions": [1]}
{"op_code": 0, "worker_id": "5a5a2968-1624-47f1-9ece-5e48ea848e23-4160", "study_name": "RF", "directions": [1]}
{"op_code": 0, "worker_id": "076e8ef9-2d75-448e-bc52-bd444d9de2a3-4160", "study_name": "RF", "directions": [1]}
{"op_code": 0, "worker_id": "79011cb9-b3f1-43b4-81db-56d918fbc7d3-4160", "study_name": "RF", "directions": [1]}
{"op_code": 0, "worker_id": "d313056d-0ace-4867-8e96-727863349baa-4160", "study_name": "RF", "directions": [1]}
{"op_code": 0, "worker_id": "d533d293-6da3-477c-a51a-395cf1bce609-4160", "study_name": "RF", "directions": [1]}
{"op_code": 0, "worker_id": "46962f0a-7e9d-494e-aae7-902eeafc13aa-4160", "study_name": "RF", "directions": [1]}
{"op_code": 0, "worker_id": "e8f214d5-252a-4ac8-8358-9bf8576ab946-4160", "study_name": "RF", "directions": [1]}
{"op_code": 0, "worker_id": "d00df924-86af-4763-a317-d649381869b4-4160", "study_name": "RF", "directions": [1]}
{"op_code": 0, "worker_id": "c9eb3578-e795-4a22-a236-ba69cc7c4dd6-4160", "study_name": "RF", "directions": [1]}
{"op_code": 0, "worker_id": "f275a017-f758-4bc2-a978-e854c00f5f4e-4160", "study_name": "RF", "directions": [1]}
{"op_code": 0, "worker_id": "efe1a520-463f-42cb-bf2d-def7b77da2ce-4160", "study_name": "RF", "directions": [1]}
{"op_code": 0, "worker_id": "1c8927a2-672b-43a6-8f63-3aa8c8ff3b9e-4160", "study_name": "RF", "directions": [1]}
{"op_code": 0, "worker_id": "baa10ca6-9391-4dfa-89ac-b7e8048749d5-4160", "study_name": "RF", "directions": [1]}
{"op_code": 0, "worker_id": "b2a16575-8a99-425c-9a9b-ad16749fdccf-4160", "study_name": "RF", "directions": [1]}
{"op_code": 0, "worker_id": "22e4a03e-8b7b-451b-bc78-cddbcd95b590-4160", "study_name": "RF", "directions": [1]}
{"op_code": 0, "worker_id": "fda4e259-a3dd-4fc1-904f-23f4d40968c3-4160", "study_name": "RF", "directions": [1]}
{"op_code": 0, "worker_id": "49609db3-2d34-477c-8158-dffed1873560-4160", "study_name": "RF", "directions": [1]}
{"op_code": 0, "worker_id": "d7e02ec7-4564-4920-ad2a-0e885816c790-4160", "study_name": "RF", "directions": [1]}
{"op_code": 0, "worker_id": "06fe8dfd-f475-470a-bfb5-8e97b230d506-4160", "study_name": "RF", "directions": [1]}
{"op_code": 0, "worker_id": "a429ac24-a252-4069-aafd-02d246c35d72-4160", "study_name": "RF", "directions": [1]}
{"op_code": 0, "worker_id": "7f40d124-c09c-4db2-affd-766673364d68-4160", "study_name": "RF", "directions": [1]}
{"op_code": 0, "worker_id": "a6cac824-055d-4c18-8e64-dfe0b016561e-4160", "study_name": "RF", "directions": [1]}
{"op_code": 0, "worker_id": "475e6525-b2e7-447d-bfd9-d0d7cc453381-4160", "study_name": "RF", "directions": [1]}
{"op_code": 0, "worker_id": "c0463177-0dd6-4b31-b406-ad8a3e41a173-4160", "study_name": "RF", "directions": [1]}
{"op_code": 0, "worker_id": "2d356642-e4f1-441e-8ce3-de8b6233661d-4160", "study_name": "RF", "directions": [1]}
{"op_code": 0, "worker_id": "ab5c0914-4c71-4b59-a4e2-e3db8dcd33ef-4160", "study_name": "RF", "directions": [1]}
{"op_code": 0, "worker_id": "a0e2d2ca-0eef-424b-8694-0c0d3f36aefa-4160", "study_name": "RF", "directions": [1]}
{"op_code": 0, "worker_id": "e19d60c1-a341-4c07-9374-72afa00e021a-4160", "study_name": "RF", "directions": [1]}
{"op_code": 0, "worker_id": "b8b697da-bf85-4faa-92d9-304edf1667ac-4160", "study_name": "RF", "directions": [1]}
{"op_code": 0, "worker_id": "62379672-a55b-4f23-b79a-d972435a783a-4160", "study_name": "RF", "directions": [1]}
{"op_code": 0, "worker_id": "d2aa6ade-1c6e-454f-8b9d-117c2cf86e05-4160", "study_name": "RF", "directions": [1]}
{"op_code": 0, "worker_id": "cda027dd-6ade-453d-a61c-09c70d6d7786-4160", "study_name": "RF", "directions": [1]}
{"op_code": 0, "worker_id": "6b565a80-dd87-4150-83ae-0f47eeaea4d0-4160", "study_name": "RF", "directions": [1]}
{"op_code": 0, "worker_id": "eb52779e-2588-43a5-8ff1-af01f22354f7-4160", "study_name": "RF", "directions": [1]}
{"op_code": 0, "worker_id": "1c92520f-6343-44c4-bae2-a6a462604b48-4160", "study_name": "RF", "directions": [1]}
{"op_code": 0, "worker_id": "8b5781d9-4685-4af5-8326-93d0709ed820-4160", "study_name": "RF", "directions": [1]}
{"op_code": 0, "worker_id": "a084bc38-f907-49e3-a3e2-e3c5ad85372f-4160", "study_name": "RF", "directions": [1]}
{"op_code": 0, "worker_id": "33bc1870-a576-4502-9eaf-c5e2c7c7a325-4160", "study_name": "RF", "directions": [1]}
{"op_code": 0, "worker_id": "210dcb82-cf3e-4d7a-9235-50256bd25731-4160", "study_name": "RF", "directions": [1]}
{"op_code": 0, "worker_id": "9a343cbc-fdc0-4977-b6a8-f33b0a0ab0b2-4160", "study_name": "RF", "directions": [1]}
{"op_code": 0, "worker_id": "ab81bd23-f0e9-435b-bb09-3db513e7d7fa-4160", "study_name": "RF", "directions": [1]}
{"op_code": 0, "worker_id": "baac128c-5545-4753-bbb9-cf78bf139c7f-4160", "study_name": "RF", "directions": [1]}
{"op_code": 0, "worker_id": "8d7db638-133b-4938-96fb-f8ee30d40aa4-4160", "study_name": "RF", "directions": [1]}
{"op_code": 0, "worker_id": "c3baf27d-bff5-4c52-bdca-06f9f2c8a5b5-4160", "study_name": "RF", "directions": [1]}
{"op_code": 0, "worker_id": "e02e471c-bb64-446b-8e66-a20e32eb20a5-4160", "study_name": "RF", "directions": [1]}
{"op_code": 0, "worker_id": "734d9b9a-30f2-44af-b38c-c652cb142ab6-4160", "study_name": "RF", "directions": [1]}
{"op_code": 0, "worker_id": "ab311f23-00b2-421a-b399-1577c26b9888-4160", "study_name": "RF", "directions": [1]}
{"op_code": 0, "worker_id": "5e29f946-a2ee-477b-b0a0-e594322505be-4160", "study_name": "RF", "directions": [1]}
{"op_code": 0, "worker_id": "efcc7d46-1f4f-49f7-a97a-71e62c9736e5-4160", "study_name": "RF", "directions": [1]}
{"op_code": 0, "worker_id": "ce17a7f0-2eba-4118-a8f3-82806ec5d8c7-4160", "study_name": "RF", "directions": [1]}
{"op_code": 0, "worker_id": "7928b861-6c9f-403c-9702-ef9b30b331d4-4160", "study_name": "RF", "directions": [1]}
{"op_code": 0, "worker_id": "1a7d24e2-2206-42f6-9de7-e693f16e770d-4160", "study_name": "RF", "directions": [1]}
{"op_code": 0, "worker_id": "59fe7212-911e-46ca-911e-c78082e0399a-4160", "study_name": "RF", "directions": [1]}
