{"op_code": 0, "worker_id": "859b0fdf-a497-4ed9-8774-bb5dca516f4f-47614746832704", "study_name": "GB", "directions": [1]}
{"op_code": 4, "worker_id": "859b0fdf-a497-4ed9-8774-bb5dca516f4f-47615450679040", "study_id": 0, "datetime_start": "2023-11-07T07:02:33.633313"}
{"op_code": 5, "worker_id": "859b0fdf-a497-4ed9-8774-bb5dca516f4f-47615450679040", "trial_id": 0, "param_name": "n_estimators", "param_value_internal": 1, "distribution": "{\"name\": \"CategoricalDistribution\", \"attributes\": {\"choices\": [10, 20, 50, 200, 500]}}"}
{"op_code": 5, "worker_id": "859b0fdf-a497-4ed9-8774-bb5dca516f4f-47615450679040", "trial_id": 0, "param_name": "learning_rate", "param_value_internal": 0.899756339300291, "distribution": "{\"name\": \"FloatDistribution\", \"attributes\": {\"step\": null, \"low\": 0.005, \"high\": 1.0, \"log\": false}}"}
{"op_code": 5, "worker_id": "859b0fdf-a497-4ed9-8774-bb5dca516f4f-47615450679040", "trial_id": 0, "param_name": "max_depth", "param_value_internal": 1, "distribution": "{\"name\": \"CategoricalDistribution\", \"attributes\": {\"choices\": [1, 2, 3, 4, 5]}}"}
{"op_code": 6, "worker_id": "859b0fdf-a497-4ed9-8774-bb5dca516f4f-47615450679040", "trial_id": 0, "state": 1, "values": [0.13616886035963913], "datetime_complete": "2023-11-07T07:02:34.957431"}
{"op_code": 0, "worker_id": "20bd2c94-4afc-4b24-b9d6-60c6bc0d420d-47279818202944", "study_name": "GB", "directions": [1]}
{"op_code": 4, "worker_id": "20bd2c94-4afc-4b24-b9d6-60c6bc0d420d-47280521058048", "study_id": 0, "datetime_start": "2023-11-07T17:10:07.298572"}
{"op_code": 5, "worker_id": "20bd2c94-4afc-4b24-b9d6-60c6bc0d420d-47280521058048", "trial_id": 1, "param_name": "n_estimators", "param_value_internal": 4, "distribution": "{\"name\": \"CategoricalDistribution\", \"attributes\": {\"choices\": [10, 20, 50, 200, 500]}}"}
{"op_code": 5, "worker_id": "20bd2c94-4afc-4b24-b9d6-60c6bc0d420d-47280521058048", "trial_id": 1, "param_name": "learning_rate", "param_value_internal": 0.3279800015082921, "distribution": "{\"name\": \"FloatDistribution\", \"attributes\": {\"step\": null, \"low\": 0.005, \"high\": 1.0, \"log\": false}}"}
{"op_code": 5, "worker_id": "20bd2c94-4afc-4b24-b9d6-60c6bc0d420d-47280521058048", "trial_id": 1, "param_name": "max_depth", "param_value_internal": 2, "distribution": "{\"name\": \"CategoricalDistribution\", \"attributes\": {\"choices\": [1, 2, 3, 4, 5]}}"}
{"op_code": 6, "worker_id": "20bd2c94-4afc-4b24-b9d6-60c6bc0d420d-47280521058048", "trial_id": 1, "state": 1, "values": [0.13605880775044277], "datetime_complete": "2023-11-07T17:10:08.613307"}
{"op_code": 0, "worker_id": "0fde0c32-f40a-4ac9-8b86-dcaeb1c32c94-47279818202944", "study_name": "GB", "directions": [1]}
{"op_code": 4, "worker_id": "0fde0c32-f40a-4ac9-8b86-dcaeb1c32c94-47280521058048", "study_id": 0, "datetime_start": "2023-11-07T17:16:53.764894"}
{"op_code": 5, "worker_id": "0fde0c32-f40a-4ac9-8b86-dcaeb1c32c94-47280521058048", "trial_id": 2, "param_name": "n_estimators", "param_value_internal": 0, "distribution": "{\"name\": \"CategoricalDistribution\", \"attributes\": {\"choices\": [10, 20, 50, 200, 500]}}"}
{"op_code": 5, "worker_id": "0fde0c32-f40a-4ac9-8b86-dcaeb1c32c94-47280521058048", "trial_id": 2, "param_name": "learning_rate", "param_value_internal": 0.7611215461456278, "distribution": "{\"name\": \"FloatDistribution\", \"attributes\": {\"step\": null, \"low\": 0.005, \"high\": 1.0, \"log\": false}}"}
{"op_code": 5, "worker_id": "0fde0c32-f40a-4ac9-8b86-dcaeb1c32c94-47280521058048", "trial_id": 2, "param_name": "max_depth", "param_value_internal": 4, "distribution": "{\"name\": \"CategoricalDistribution\", \"attributes\": {\"choices\": [1, 2, 3, 4, 5]}}"}
{"op_code": 6, "worker_id": "0fde0c32-f40a-4ac9-8b86-dcaeb1c32c94-47280521058048", "trial_id": 2, "state": 1, "values": [0.15095145961871437], "datetime_complete": "2023-11-07T17:16:55.079141"}
{"op_code": 0, "worker_id": "d162d529-4477-450c-8b0e-7407ec1b5801-47279818202944", "study_name": "GB", "directions": [1]}
{"op_code": 4, "worker_id": "d162d529-4477-450c-8b0e-7407ec1b5801-47280521058048", "study_id": 0, "datetime_start": "2023-11-07T17:23:42.923599"}
{"op_code": 5, "worker_id": "d162d529-4477-450c-8b0e-7407ec1b5801-47280521058048", "trial_id": 3, "param_name": "n_estimators", "param_value_internal": 3, "distribution": "{\"name\": \"CategoricalDistribution\", \"attributes\": {\"choices\": [10, 20, 50, 200, 500]}}"}
{"op_code": 5, "worker_id": "d162d529-4477-450c-8b0e-7407ec1b5801-47280521058048", "trial_id": 3, "param_name": "learning_rate", "param_value_internal": 0.103276318928162, "distribution": "{\"name\": \"FloatDistribution\", \"attributes\": {\"step\": null, \"low\": 0.005, \"high\": 1.0, \"log\": false}}"}
{"op_code": 5, "worker_id": "d162d529-4477-450c-8b0e-7407ec1b5801-47280521058048", "trial_id": 3, "param_name": "max_depth", "param_value_internal": 4, "distribution": "{\"name\": \"CategoricalDistribution\", \"attributes\": {\"choices\": [1, 2, 3, 4, 5]}}"}
{"op_code": 6, "worker_id": "d162d529-4477-450c-8b0e-7407ec1b5801-47280521058048", "trial_id": 3, "state": 1, "values": [0.1379506776774223], "datetime_complete": "2023-11-07T17:23:44.269436"}
{"op_code": 0, "worker_id": "668a619c-4d5c-4e70-8bc9-f4bf2f548b41-47279818202944", "study_name": "GB", "directions": [1]}
{"op_code": 4, "worker_id": "668a619c-4d5c-4e70-8bc9-f4bf2f548b41-47280521058048", "study_id": 0, "datetime_start": "2023-11-07T17:30:30.360909"}
{"op_code": 5, "worker_id": "668a619c-4d5c-4e70-8bc9-f4bf2f548b41-47280521058048", "trial_id": 4, "param_name": "n_estimators", "param_value_internal": 4, "distribution": "{\"name\": \"CategoricalDistribution\", \"attributes\": {\"choices\": [10, 20, 50, 200, 500]}}"}
{"op_code": 5, "worker_id": "668a619c-4d5c-4e70-8bc9-f4bf2f548b41-47280521058048", "trial_id": 4, "param_name": "learning_rate", "param_value_internal": 0.7527223593578465, "distribution": "{\"name\": \"FloatDistribution\", \"attributes\": {\"step\": null, \"low\": 0.005, \"high\": 1.0, \"log\": false}}"}
{"op_code": 5, "worker_id": "668a619c-4d5c-4e70-8bc9-f4bf2f548b41-47280521058048", "trial_id": 4, "param_name": "max_depth", "param_value_internal": 1, "distribution": "{\"name\": \"CategoricalDistribution\", \"attributes\": {\"choices\": [1, 2, 3, 4, 5]}}"}
{"op_code": 6, "worker_id": "668a619c-4d5c-4e70-8bc9-f4bf2f548b41-47280521058048", "trial_id": 4, "state": 1, "values": [0.13698839977896451], "datetime_complete": "2023-11-07T17:30:31.688386"}
{"op_code": 0, "worker_id": "0fef1682-09b6-4b37-b34b-4d92ac1c37cf-47817365380928", "study_name": "GB", "directions": [1]}
{"op_code": 4, "worker_id": "0fef1682-09b6-4b37-b34b-4d92ac1c37cf-47818068719360", "study_id": 0, "datetime_start": "2023-11-14T14:58:20.269360"}
{"op_code": 5, "worker_id": "0fef1682-09b6-4b37-b34b-4d92ac1c37cf-47818068719360", "trial_id": 5, "param_name": "n_estimators", "param_value_internal": 3, "distribution": "{\"name\": \"CategoricalDistribution\", \"attributes\": {\"choices\": [10, 20, 50, 200, 500]}}"}
{"op_code": 5, "worker_id": "0fef1682-09b6-4b37-b34b-4d92ac1c37cf-47818068719360", "trial_id": 5, "param_name": "learning_rate", "param_value_internal": 0.778608871605829, "distribution": "{\"name\": \"FloatDistribution\", \"attributes\": {\"step\": null, \"low\": 0.005, \"high\": 1.0, \"log\": false}}"}
{"op_code": 5, "worker_id": "0fef1682-09b6-4b37-b34b-4d92ac1c37cf-47818068719360", "trial_id": 5, "param_name": "max_depth", "param_value_internal": 2, "distribution": "{\"name\": \"CategoricalDistribution\", \"attributes\": {\"choices\": [1, 2, 3, 4, 5]}}"}
{"op_code": 6, "worker_id": "0fef1682-09b6-4b37-b34b-4d92ac1c37cf-47818068719360", "trial_id": 5, "state": 1, "values": [0.13149128457297196], "datetime_complete": "2023-11-14T14:58:21.645675"}
{"op_code": 0, "worker_id": "c3ab6821-0d6b-47a1-8042-786ce287a355-47817365380928", "study_name": "GB", "directions": [1]}
{"op_code": 4, "worker_id": "c3ab6821-0d6b-47a1-8042-786ce287a355-47818068719360", "study_id": 0, "datetime_start": "2023-11-14T15:04:50.300605"}
{"op_code": 5, "worker_id": "c3ab6821-0d6b-47a1-8042-786ce287a355-47818068719360", "trial_id": 6, "param_name": "n_estimators", "param_value_internal": 2, "distribution": "{\"name\": \"CategoricalDistribution\", \"attributes\": {\"choices\": [10, 20, 50, 200, 500]}}"}
{"op_code": 5, "worker_id": "c3ab6821-0d6b-47a1-8042-786ce287a355-47818068719360", "trial_id": 6, "param_name": "learning_rate", "param_value_internal": 0.12332566064010546, "distribution": "{\"name\": \"FloatDistribution\", \"attributes\": {\"step\": null, \"low\": 0.005, \"high\": 1.0, \"log\": false}}"}
{"op_code": 5, "worker_id": "c3ab6821-0d6b-47a1-8042-786ce287a355-47818068719360", "trial_id": 6, "param_name": "max_depth", "param_value_internal": 4, "distribution": "{\"name\": \"CategoricalDistribution\", \"attributes\": {\"choices\": [1, 2, 3, 4, 5]}}"}
{"op_code": 6, "worker_id": "c3ab6821-0d6b-47a1-8042-786ce287a355-47818068719360", "trial_id": 6, "state": 1, "values": [0.14518313012047468], "datetime_complete": "2023-11-14T15:04:51.627105"}
{"op_code": 0, "worker_id": "65215d0c-836d-436c-b717-4a180a72be95-47817365380928", "study_name": "GB", "directions": [1]}
{"op_code": 4, "worker_id": "65215d0c-836d-436c-b717-4a180a72be95-47818068719360", "study_id": 0, "datetime_start": "2023-11-14T15:11:24.502708"}
{"op_code": 5, "worker_id": "65215d0c-836d-436c-b717-4a180a72be95-47818068719360", "trial_id": 7, "param_name": "n_estimators", "param_value_internal": 1, "distribution": "{\"name\": \"CategoricalDistribution\", \"attributes\": {\"choices\": [10, 20, 50, 200, 500]}}"}
{"op_code": 5, "worker_id": "65215d0c-836d-436c-b717-4a180a72be95-47818068719360", "trial_id": 7, "param_name": "learning_rate", "param_value_internal": 0.21365314716328115, "distribution": "{\"name\": \"FloatDistribution\", \"attributes\": {\"step\": null, \"low\": 0.005, \"high\": 1.0, \"log\": false}}"}
{"op_code": 5, "worker_id": "65215d0c-836d-436c-b717-4a180a72be95-47818068719360", "trial_id": 7, "param_name": "max_depth", "param_value_internal": 3, "distribution": "{\"name\": \"CategoricalDistribution\", \"attributes\": {\"choices\": [1, 2, 3, 4, 5]}}"}
{"op_code": 6, "worker_id": "65215d0c-836d-436c-b717-4a180a72be95-47818068719360", "trial_id": 7, "state": 1, "values": [0.13712238441842162], "datetime_complete": "2023-11-14T15:11:25.821719"}
{"op_code": 0, "worker_id": "1de7b7d2-d28d-497e-8c80-9ce912e87233-47817365380928", "study_name": "GB", "directions": [1]}
{"op_code": 4, "worker_id": "1de7b7d2-d28d-497e-8c80-9ce912e87233-47818068719360", "study_id": 0, "datetime_start": "2023-11-14T15:18:02.512738"}
{"op_code": 5, "worker_id": "1de7b7d2-d28d-497e-8c80-9ce912e87233-47818068719360", "trial_id": 8, "param_name": "n_estimators", "param_value_internal": 2, "distribution": "{\"name\": \"CategoricalDistribution\", \"attributes\": {\"choices\": [10, 20, 50, 200, 500]}}"}
{"op_code": 5, "worker_id": "1de7b7d2-d28d-497e-8c80-9ce912e87233-47818068719360", "trial_id": 8, "param_name": "learning_rate", "param_value_internal": 0.4899876137221785, "distribution": "{\"name\": \"FloatDistribution\", \"attributes\": {\"step\": null, \"low\": 0.005, \"high\": 1.0, \"log\": false}}"}
{"op_code": 5, "worker_id": "1de7b7d2-d28d-497e-8c80-9ce912e87233-47818068719360", "trial_id": 8, "param_name": "max_depth", "param_value_internal": 0, "distribution": "{\"name\": \"CategoricalDistribution\", \"attributes\": {\"choices\": [1, 2, 3, 4, 5]}}"}
{"op_code": 6, "worker_id": "1de7b7d2-d28d-497e-8c80-9ce912e87233-47818068719360", "trial_id": 8, "state": 1, "values": [0.14220337467020472], "datetime_complete": "2023-11-14T15:18:03.855097"}
{"op_code": 0, "worker_id": "73d5ca18-8d93-4191-9e82-180f6f8099a8-47817365380928", "study_name": "GB", "directions": [1]}
{"op_code": 4, "worker_id": "73d5ca18-8d93-4191-9e82-180f6f8099a8-47818068719360", "study_id": 0, "datetime_start": "2023-11-14T15:24:41.273986"}
{"op_code": 5, "worker_id": "73d5ca18-8d93-4191-9e82-180f6f8099a8-47818068719360", "trial_id": 9, "param_name": "n_estimators", "param_value_internal": 1, "distribution": "{\"name\": \"CategoricalDistribution\", \"attributes\": {\"choices\": [10, 20, 50, 200, 500]}}"}
{"op_code": 5, "worker_id": "73d5ca18-8d93-4191-9e82-180f6f8099a8-47818068719360", "trial_id": 9, "param_name": "learning_rate", "param_value_internal": 0.012700421446872508, "distribution": "{\"name\": \"FloatDistribution\", \"attributes\": {\"step\": null, \"low\": 0.005, \"high\": 1.0, \"log\": false}}"}
{"op_code": 5, "worker_id": "73d5ca18-8d93-4191-9e82-180f6f8099a8-47818068719360", "trial_id": 9, "param_name": "max_depth", "param_value_internal": 2, "distribution": "{\"name\": \"CategoricalDistribution\", \"attributes\": {\"choices\": [1, 2, 3, 4, 5]}}"}
{"op_code": 6, "worker_id": "73d5ca18-8d93-4191-9e82-180f6f8099a8-47818068719360", "trial_id": 9, "state": 1, "values": [0.13796995076469812], "datetime_complete": "2023-11-14T15:24:42.594635"}
