{"op_code": 0, "worker_id": "daf92d11-9ef0-448a-9773-db1c4d7addd5-47614746832704", "study_name": "KRR", "directions": [1]}
{"op_code": 4, "worker_id": "daf92d11-9ef0-448a-9773-db1c4d7addd5-47615450679040", "study_id": 0, "datetime_start": "2023-11-07T07:02:33.589139"}
{"op_code": 5, "worker_id": "daf92d11-9ef0-448a-9773-db1c4d7addd5-47615450679040", "trial_id": 0, "param_name": "alpha", "param_value_internal": 0.5763266809086227, "distribution": "{\"name\": \"FloatDistribution\", \"attributes\": {\"step\": null, \"low\": 0.0001, \"high\": 1.0, \"log\": false}}"}
{"op_code": 5, "worker_id": "daf92d11-9ef0-448a-9773-db1c4d7addd5-47615450679040", "trial_id": 0, "param_name": "gamma", "param_value_internal": 6.8627236957378135e-15, "distribution": "{\"name\": \"FloatDistribution\", \"attributes\": {\"step\": null, \"low\": 0.0, \"high\": 1e-14, \"log\": false}}"}
{"op_code": 5, "worker_id": "daf92d11-9ef0-448a-9773-db1c4d7addd5-47615450679040", "trial_id": 0, "param_name": "kernel", "param_value_internal": 0, "distribution": "{\"name\": \"CategoricalDistribution\", \"attributes\": {\"choices\": [\"linear\", \"laplacian\", \"rbf\"]}}"}
{"op_code": 6, "worker_id": "daf92d11-9ef0-448a-9773-db1c4d7addd5-47615450679040", "trial_id": 0, "state": 1, "values": [0.12996752468304476], "datetime_complete": "2023-11-07T07:02:33.623618"}
{"op_code": 0, "worker_id": "0108a479-8ac9-4a2c-b27d-b078845ca557-47279818202944", "study_name": "KRR", "directions": [1]}
{"op_code": 4, "worker_id": "0108a479-8ac9-4a2c-b27d-b078845ca557-47280521058048", "study_id": 0, "datetime_start": "2023-11-07T17:10:07.251556"}
{"op_code": 5, "worker_id": "0108a479-8ac9-4a2c-b27d-b078845ca557-47280521058048", "trial_id": 1, "param_name": "alpha", "param_value_internal": 0.5594231396035696, "distribution": "{\"name\": \"FloatDistribution\", \"attributes\": {\"step\": null, \"low\": 0.0001, \"high\": 1.0, \"log\": false}}"}
{"op_code": 5, "worker_id": "0108a479-8ac9-4a2c-b27d-b078845ca557-47280521058048", "trial_id": 1, "param_name": "gamma", "param_value_internal": 4.802611937449941e-16, "distribution": "{\"name\": \"FloatDistribution\", \"attributes\": {\"step\": null, \"low\": 0.0, \"high\": 1e-14, \"log\": false}}"}
{"op_code": 5, "worker_id": "0108a479-8ac9-4a2c-b27d-b078845ca557-47280521058048", "trial_id": 1, "param_name": "kernel", "param_value_internal": 2, "distribution": "{\"name\": \"CategoricalDistribution\", \"attributes\": {\"choices\": [\"linear\", \"laplacian\", \"rbf\"]}}"}
{"op_code": 6, "worker_id": "0108a479-8ac9-4a2c-b27d-b078845ca557-47280521058048", "trial_id": 1, "state": 1, "values": [0.12965926624604462], "datetime_complete": "2023-11-07T17:10:07.285268"}
{"op_code": 0, "worker_id": "9035f9a6-23a3-4287-8bc9-2def8e691987-47279818202944", "study_name": "KRR", "directions": [1]}
{"op_code": 4, "worker_id": "9035f9a6-23a3-4287-8bc9-2def8e691987-47280521058048", "study_id": 0, "datetime_start": "2023-11-07T17:16:53.720525"}
{"op_code": 5, "worker_id": "9035f9a6-23a3-4287-8bc9-2def8e691987-47280521058048", "trial_id": 2, "param_name": "alpha", "param_value_internal": 0.9471476065800032, "distribution": "{\"name\": \"FloatDistribution\", \"attributes\": {\"step\": null, \"low\": 0.0001, \"high\": 1.0, \"log\": false}}"}
{"op_code": 5, "worker_id": "9035f9a6-23a3-4287-8bc9-2def8e691987-47280521058048", "trial_id": 2, "param_name": "gamma", "param_value_internal": 7.388611237549744e-15, "distribution": "{\"name\": \"FloatDistribution\", \"attributes\": {\"step\": null, \"low\": 0.0, \"high\": 1e-14, \"log\": false}}"}
{"op_code": 5, "worker_id": "9035f9a6-23a3-4287-8bc9-2def8e691987-47280521058048", "trial_id": 2, "param_name": "kernel", "param_value_internal": 2, "distribution": "{\"name\": \"CategoricalDistribution\", \"attributes\": {\"choices\": [\"linear\", \"laplacian\", \"rbf\"]}}"}
{"op_code": 6, "worker_id": "9035f9a6-23a3-4287-8bc9-2def8e691987-47280521058048", "trial_id": 2, "state": 1, "values": [0.12511874037691656], "datetime_complete": "2023-11-07T17:16:53.755759"}
{"op_code": 0, "worker_id": "349072fa-5921-4f4d-8673-371ddde6843f-47279818202944", "study_name": "KRR", "directions": [1]}
{"op_code": 4, "worker_id": "349072fa-5921-4f4d-8673-371ddde6843f-47280521058048", "study_id": 0, "datetime_start": "2023-11-07T17:23:42.878653"}
{"op_code": 5, "worker_id": "349072fa-5921-4f4d-8673-371ddde6843f-47280521058048", "trial_id": 3, "param_name": "alpha", "param_value_internal": 0.6020469556459649, "distribution": "{\"name\": \"FloatDistribution\", \"attributes\": {\"step\": null, \"low\": 0.0001, \"high\": 1.0, \"log\": false}}"}
{"op_code": 5, "worker_id": "349072fa-5921-4f4d-8673-371ddde6843f-47280521058048", "trial_id": 3, "param_name": "gamma", "param_value_internal": 1.780850489548257e-15, "distribution": "{\"name\": \"FloatDistribution\", \"attributes\": {\"step\": null, \"low\": 0.0, \"high\": 1e-14, \"log\": false}}"}
{"op_code": 5, "worker_id": "349072fa-5921-4f4d-8673-371ddde6843f-47280521058048", "trial_id": 3, "param_name": "kernel", "param_value_internal": 2, "distribution": "{\"name\": \"CategoricalDistribution\", \"attributes\": {\"choices\": [\"linear\", \"laplacian\", \"rbf\"]}}"}
{"op_code": 6, "worker_id": "349072fa-5921-4f4d-8673-371ddde6843f-47280521058048", "trial_id": 3, "state": 1, "values": [0.1279567463927581], "datetime_complete": "2023-11-07T17:23:42.914186"}
{"op_code": 0, "worker_id": "cc1297ff-2361-499f-b11f-bb908e9cc5c7-47279818202944", "study_name": "KRR", "directions": [1]}
{"op_code": 4, "worker_id": "cc1297ff-2361-499f-b11f-bb908e9cc5c7-47280521058048", "study_id": 0, "datetime_start": "2023-11-07T17:30:30.287239"}
{"op_code": 5, "worker_id": "cc1297ff-2361-499f-b11f-bb908e9cc5c7-47280521058048", "trial_id": 4, "param_name": "alpha", "param_value_internal": 0.47813413727455295, "distribution": "{\"name\": \"FloatDistribution\", \"attributes\": {\"step\": null, \"low\": 0.0001, \"high\": 1.0, \"log\": false}}"}
{"op_code": 5, "worker_id": "cc1297ff-2361-499f-b11f-bb908e9cc5c7-47280521058048", "trial_id": 4, "param_name": "gamma", "param_value_internal": 3.4924215758672585e-15, "distribution": "{\"name\": \"FloatDistribution\", \"attributes\": {\"step\": null, \"low\": 0.0, \"high\": 1e-14, \"log\": false}}"}
{"op_code": 5, "worker_id": "cc1297ff-2361-499f-b11f-bb908e9cc5c7-47280521058048", "trial_id": 4, "param_name": "kernel", "param_value_internal": 1, "distribution": "{\"name\": \"CategoricalDistribution\", \"attributes\": {\"choices\": [\"linear\", \"laplacian\", \"rbf\"]}}"}
{"op_code": 6, "worker_id": "cc1297ff-2361-499f-b11f-bb908e9cc5c7-47280521058048", "trial_id": 4, "state": 1, "values": [0.1268053554465495], "datetime_complete": "2023-11-07T17:30:30.346410"}
