{"op_code": 0, "worker_id": "46732f5d-0c14-4a54-83a3-9847c28323fc-47614746832704", "study_name": "linear", "directions": [1]}
{"op_code": 4, "worker_id": "46732f5d-0c14-4a54-83a3-9847c28323fc-47615450679040", "study_id": 0, "datetime_start": "2023-11-07T07:02:33.549445"}
{"op_code": 8, "worker_id": "46732f5d-0c14-4a54-83a3-9847c28323fc-47615450679040", "trial_id": 0, "user_attr": {"fit_intercept": true}}
{"op_code": 5, "worker_id": "46732f5d-0c14-4a54-83a3-9847c28323fc-47615450679040", "trial_id": 0, "param_name": "alpha", "param_value_internal": 0.03951075987454764, "distribution": "{\"name\": \"FloatDistribution\", \"attributes\": {\"step\": null, \"low\": 1e-05, \"high\": 0.1, \"log\": false}}"}
{"op_code": 5, "worker_id": "46732f5d-0c14-4a54-83a3-9847c28323fc-47615450679040", "trial_id": 0, "param_name": "l1_ratio", "param_value_internal": 0.03600539452828899, "distribution": "{\"name\": \"FloatDistribution\", \"attributes\": {\"step\": null, \"low\": 0.0, \"high\": 1.0, \"log\": false}}"}
{"op_code": 6, "worker_id": "46732f5d-0c14-4a54-83a3-9847c28323fc-47615450679040", "trial_id": 0, "state": 1, "values": [0.1270292187149268], "datetime_complete": "2023-11-07T07:02:33.579407"}
{"op_code": 0, "worker_id": "54917bad-51e9-4909-97d6-e06abc3f6d27-47279818202944", "study_name": "linear", "directions": [1]}
{"op_code": 4, "worker_id": "54917bad-51e9-4909-97d6-e06abc3f6d27-47280521058048", "study_id": 0, "datetime_start": "2023-11-07T17:10:07.209577"}
{"op_code": 8, "worker_id": "54917bad-51e9-4909-97d6-e06abc3f6d27-47280521058048", "trial_id": 1, "user_attr": {"fit_intercept": true}}
{"op_code": 5, "worker_id": "54917bad-51e9-4909-97d6-e06abc3f6d27-47280521058048", "trial_id": 1, "param_name": "alpha", "param_value_internal": 0.04695207342540243, "distribution": "{\"name\": \"FloatDistribution\", \"attributes\": {\"step\": null, \"low\": 1e-05, \"high\": 0.1, \"log\": false}}"}
{"op_code": 5, "worker_id": "54917bad-51e9-4909-97d6-e06abc3f6d27-47280521058048", "trial_id": 1, "param_name": "l1_ratio", "param_value_internal": 0.6028679455720838, "distribution": "{\"name\": \"FloatDistribution\", \"attributes\": {\"step\": null, \"low\": 0.0, \"high\": 1.0, \"log\": false}}"}
{"op_code": 6, "worker_id": "54917bad-51e9-4909-97d6-e06abc3f6d27-47280521058048", "trial_id": 1, "state": 1, "values": [0.12714143589982208], "datetime_complete": "2023-11-07T17:10:07.239054"}
{"op_code": 0, "worker_id": "92fd3665-2b7b-4fbd-96bc-242d832921f9-47279818202944", "study_name": "linear", "directions": [1]}
{"op_code": 4, "worker_id": "92fd3665-2b7b-4fbd-96bc-242d832921f9-47280521058048", "study_id": 0, "datetime_start": "2023-11-07T17:16:53.682339"}
{"op_code": 8, "worker_id": "92fd3665-2b7b-4fbd-96bc-242d832921f9-47280521058048", "trial_id": 2, "user_attr": {"fit_intercept": true}}
{"op_code": 5, "worker_id": "92fd3665-2b7b-4fbd-96bc-242d832921f9-47280521058048", "trial_id": 2, "param_name": "alpha", "param_value_internal": 0.030278848448359583, "distribution": "{\"name\": \"FloatDistribution\", \"attributes\": {\"step\": null, \"low\": 1e-05, \"high\": 0.1, \"log\": false}}"}
{"op_code": 5, "worker_id": "92fd3665-2b7b-4fbd-96bc-242d832921f9-47280521058048", "trial_id": 2, "param_name": "l1_ratio", "param_value_internal": 0.39920293620898084, "distribution": "{\"name\": \"FloatDistribution\", \"attributes\": {\"step\": null, \"low\": 0.0, \"high\": 1.0, \"log\": false}}"}
{"op_code": 6, "worker_id": "92fd3665-2b7b-4fbd-96bc-242d832921f9-47280521058048", "trial_id": 2, "state": 1, "values": [0.1263750621900681], "datetime_complete": "2023-11-07T17:16:53.711534"}
{"op_code": 0, "worker_id": "8c7ec525-d579-4a56-9f58-d70c2455f7c9-47279818202944", "study_name": "linear", "directions": [1]}
{"op_code": 4, "worker_id": "8c7ec525-d579-4a56-9f58-d70c2455f7c9-47280521058048", "study_id": 0, "datetime_start": "2023-11-07T17:23:42.840497"}
{"op_code": 8, "worker_id": "8c7ec525-d579-4a56-9f58-d70c2455f7c9-47280521058048", "trial_id": 3, "user_attr": {"fit_intercept": true}}
{"op_code": 5, "worker_id": "8c7ec525-d579-4a56-9f58-d70c2455f7c9-47280521058048", "trial_id": 3, "param_name": "alpha", "param_value_internal": 0.01737919651129798, "distribution": "{\"name\": \"FloatDistribution\", \"attributes\": {\"step\": null, \"low\": 1e-05, \"high\": 0.1, \"log\": false}}"}
{"op_code": 5, "worker_id": "8c7ec525-d579-4a56-9f58-d70c2455f7c9-47280521058048", "trial_id": 3, "param_name": "l1_ratio", "param_value_internal": 0.9479438383085839, "distribution": "{\"name\": \"FloatDistribution\", \"attributes\": {\"step\": null, \"low\": 0.0, \"high\": 1.0, \"log\": false}}"}
{"op_code": 6, "worker_id": "8c7ec525-d579-4a56-9f58-d70c2455f7c9-47280521058048", "trial_id": 3, "state": 1, "values": [0.12693272622886986], "datetime_complete": "2023-11-07T17:23:42.869258"}
{"op_code": 0, "worker_id": "00d6902f-bd7e-47f0-bb5f-79262f9cc416-47279818202944", "study_name": "linear", "directions": [1]}
{"op_code": 4, "worker_id": "00d6902f-bd7e-47f0-bb5f-79262f9cc416-47280521058048", "study_id": 0, "datetime_start": "2023-11-07T17:30:30.240614"}
{"op_code": 8, "worker_id": "00d6902f-bd7e-47f0-bb5f-79262f9cc416-47280521058048", "trial_id": 4, "user_attr": {"fit_intercept": true}}
{"op_code": 5, "worker_id": "00d6902f-bd7e-47f0-bb5f-79262f9cc416-47280521058048", "trial_id": 4, "param_name": "alpha", "param_value_internal": 0.015154844471159511, "distribution": "{\"name\": \"FloatDistribution\", \"attributes\": {\"step\": null, \"low\": 1e-05, \"high\": 0.1, \"log\": false}}"}
{"op_code": 5, "worker_id": "00d6902f-bd7e-47f0-bb5f-79262f9cc416-47280521058048", "trial_id": 4, "param_name": "l1_ratio", "param_value_internal": 0.3964716569072958, "distribution": "{\"name\": \"FloatDistribution\", \"attributes\": {\"step\": null, \"low\": 0.0, \"high\": 1.0, \"log\": false}}"}
{"op_code": 6, "worker_id": "00d6902f-bd7e-47f0-bb5f-79262f9cc416-47280521058048", "trial_id": 4, "state": 1, "values": [0.1272921991610333], "datetime_complete": "2023-11-07T17:30:30.272532"}
{"op_code": 0, "worker_id": "ad918c27-7471-427e-aeec-7fd9f3ea3889-47817365380928", "study_name": "linear", "directions": [1]}
{"op_code": 4, "worker_id": "ad918c27-7471-427e-aeec-7fd9f3ea3889-47818068719360", "study_id": 0, "datetime_start": "2023-11-14T14:58:20.181015"}
{"op_code": 8, "worker_id": "ad918c27-7471-427e-aeec-7fd9f3ea3889-47818068719360", "trial_id": 5, "user_attr": {"fit_intercept": true}}
{"op_code": 5, "worker_id": "ad918c27-7471-427e-aeec-7fd9f3ea3889-47818068719360", "trial_id": 5, "param_name": "alpha", "param_value_internal": 0.05377363562613095, "distribution": "{\"name\": \"FloatDistribution\", \"attributes\": {\"step\": null, \"low\": 1e-05, \"high\": 0.1, \"log\": false}}"}
{"op_code": 5, "worker_id": "ad918c27-7471-427e-aeec-7fd9f3ea3889-47818068719360", "trial_id": 5, "param_name": "l1_ratio", "param_value_internal": 0.3749774206946429, "distribution": "{\"name\": \"FloatDistribution\", \"attributes\": {\"step\": null, \"low\": 0.0, \"high\": 1.0, \"log\": false}}"}
{"op_code": 6, "worker_id": "ad918c27-7471-427e-aeec-7fd9f3ea3889-47818068719360", "trial_id": 5, "state": 1, "values": [0.1259444608528341], "datetime_complete": "2023-11-14T14:58:20.209996"}
{"op_code": 0, "worker_id": "d305d242-10be-46c2-860b-cf6d9242633f-47817365380928", "study_name": "linear", "directions": [1]}
{"op_code": 4, "worker_id": "d305d242-10be-46c2-860b-cf6d9242633f-47818068719360", "study_id": 0, "datetime_start": "2023-11-14T15:04:50.185904"}
{"op_code": 8, "worker_id": "d305d242-10be-46c2-860b-cf6d9242633f-47818068719360", "trial_id": 6, "user_attr": {"fit_intercept": true}}
{"op_code": 5, "worker_id": "d305d242-10be-46c2-860b-cf6d9242633f-47818068719360", "trial_id": 6, "param_name": "alpha", "param_value_internal": 0.02402527993843727, "distribution": "{\"name\": \"FloatDistribution\", \"attributes\": {\"step\": null, \"low\": 1e-05, \"high\": 0.1, \"log\": false}}"}
{"op_code": 5, "worker_id": "d305d242-10be-46c2-860b-cf6d9242633f-47818068719360", "trial_id": 6, "param_name": "l1_ratio", "param_value_internal": 0.09564915011309583, "distribution": "{\"name\": \"FloatDistribution\", \"attributes\": {\"step\": null, \"low\": 0.0, \"high\": 1.0, \"log\": false}}"}
{"op_code": 6, "worker_id": "d305d242-10be-46c2-860b-cf6d9242633f-47818068719360", "trial_id": 6, "state": 1, "values": [0.1264656742511627], "datetime_complete": "2023-11-14T15:04:50.239229"}
{"op_code": 0, "worker_id": "c74728a3-30ef-4cac-a7cc-183264208f81-47817365380928", "study_name": "linear", "directions": [1]}
{"op_code": 4, "worker_id": "c74728a3-30ef-4cac-a7cc-183264208f81-47818068719360", "study_id": 0, "datetime_start": "2023-11-14T15:11:24.414735"}
{"op_code": 8, "worker_id": "c74728a3-30ef-4cac-a7cc-183264208f81-47818068719360", "trial_id": 7, "user_attr": {"fit_intercept": true}}
{"op_code": 5, "worker_id": "c74728a3-30ef-4cac-a7cc-183264208f81-47818068719360", "trial_id": 7, "param_name": "alpha", "param_value_internal": 0.09713018713848605, "distribution": "{\"name\": \"FloatDistribution\", \"attributes\": {\"step\": null, \"low\": 1e-05, \"high\": 0.1, \"log\": false}}"}
{"op_code": 5, "worker_id": "c74728a3-30ef-4cac-a7cc-183264208f81-47818068719360", "trial_id": 7, "param_name": "l1_ratio", "param_value_internal": 0.04496170290498869, "distribution": "{\"name\": \"FloatDistribution\", \"attributes\": {\"step\": null, \"low\": 0.0, \"high\": 1.0, \"log\": false}}"}
{"op_code": 6, "worker_id": "c74728a3-30ef-4cac-a7cc-183264208f81-47818068719360", "trial_id": 7, "state": 1, "values": [0.12638801506475905], "datetime_complete": "2023-11-14T15:11:24.445623"}
{"op_code": 0, "worker_id": "f31bd1d0-918c-4af7-bd88-5c2f98508db1-47817365380928", "study_name": "linear", "directions": [1]}
{"op_code": 4, "worker_id": "f31bd1d0-918c-4af7-bd88-5c2f98508db1-47818068719360", "study_id": 0, "datetime_start": "2023-11-14T15:18:02.382179"}
{"op_code": 8, "worker_id": "f31bd1d0-918c-4af7-bd88-5c2f98508db1-47818068719360", "trial_id": 8, "user_attr": {"fit_intercept": true}}
{"op_code": 5, "worker_id": "f31bd1d0-918c-4af7-bd88-5c2f98508db1-47818068719360", "trial_id": 8, "param_name": "alpha", "param_value_internal": 0.012300751407118447, "distribution": "{\"name\": \"FloatDistribution\", \"attributes\": {\"step\": null, \"low\": 1e-05, \"high\": 0.1, \"log\": false}}"}
{"op_code": 5, "worker_id": "f31bd1d0-918c-4af7-bd88-5c2f98508db1-47818068719360", "trial_id": 8, "param_name": "l1_ratio", "param_value_internal": 0.8388939168733128, "distribution": "{\"name\": \"FloatDistribution\", \"attributes\": {\"step\": null, \"low\": 0.0, \"high\": 1.0, \"log\": false}}"}
{"op_code": 6, "worker_id": "f31bd1d0-918c-4af7-bd88-5c2f98508db1-47818068719360", "trial_id": 8, "state": 1, "values": [0.12755937375925025], "datetime_complete": "2023-11-14T15:18:02.433082"}
{"op_code": 0, "worker_id": "a73326b0-6529-4023-9878-bb320a22b858-47817365380928", "study_name": "linear", "directions": [1]}
{"op_code": 4, "worker_id": "a73326b0-6529-4023-9878-bb320a22b858-47818068719360", "study_id": 0, "datetime_start": "2023-11-14T15:24:41.186128"}
{"op_code": 8, "worker_id": "a73326b0-6529-4023-9878-bb320a22b858-47818068719360", "trial_id": 9, "user_attr": {"fit_intercept": true}}
{"op_code": 5, "worker_id": "a73326b0-6529-4023-9878-bb320a22b858-47818068719360", "trial_id": 9, "param_name": "alpha", "param_value_internal": 0.03320922638332858, "distribution": "{\"name\": \"FloatDistribution\", \"attributes\": {\"step\": null, \"low\": 1e-05, \"high\": 0.1, \"log\": false}}"}
{"op_code": 5, "worker_id": "a73326b0-6529-4023-9878-bb320a22b858-47818068719360", "trial_id": 9, "param_name": "l1_ratio", "param_value_internal": 0.4284651944773623, "distribution": "{\"name\": \"FloatDistribution\", \"attributes\": {\"step\": null, \"low\": 0.0, \"high\": 1.0, \"log\": false}}"}
{"op_code": 6, "worker_id": "a73326b0-6529-4023-9878-bb320a22b858-47818068719360", "trial_id": 9, "state": 1, "values": [0.12627502464120763], "datetime_complete": "2023-11-14T15:24:41.216309"}
