{"op_code": 0, "worker_id": "a2aa3818-6139-43e2-9675-069de0e9ffc8-47614746832704", "study_name": "RF", "directions": [1]}
{"op_code": 4, "worker_id": "a2aa3818-6139-43e2-9675-069de0e9ffc8-47615450679040", "study_id": 0, "datetime_start": "2023-11-07T07:02:34.970755"}
{"op_code": 5, "worker_id": "a2aa3818-6139-43e2-9675-069de0e9ffc8-47615450679040", "trial_id": 0, "param_name": "n_estimators", "param_value_internal": 0, "distribution": "{\"name\": \"CategoricalDistribution\", \"attributes\": {\"choices\": [10, 20, 50, 200, 500]}}"}
{"op_code": 5, "worker_id": "a2aa3818-6139-43e2-9675-069de0e9ffc8-47615450679040", "trial_id": 0, "param_name": "max_features", "param_value_internal": 0, "distribution": "{\"name\": \"CategoricalDistribution\", \"attributes\": {\"choices\": [\"auto\", \"sqrt\", \"log2\"]}}"}
{"op_code": 5, "worker_id": "a2aa3818-6139-43e2-9675-069de0e9ffc8-47615450679040", "trial_id": 0, "param_name": "max_depth", "param_value_internal": 3, "distribution": "{\"name\": \"CategoricalDistribution\", \"attributes\": {\"choices\": [null, 2, 3, 4, 5, 10]}}"}
{"op_code": 6, "worker_id": "a2aa3818-6139-43e2-9675-069de0e9ffc8-47615450679040", "trial_id": 0, "state": 1, "values": [0.13238265975279348], "datetime_complete": "2023-11-07T07:02:37.956043"}
{"op_code": 0, "worker_id": "753b90b6-2009-49c3-b29e-acbb1f44e62d-47279818202944", "study_name": "RF", "directions": [1]}
{"op_code": 4, "worker_id": "753b90b6-2009-49c3-b29e-acbb1f44e62d-47280521058048", "study_id": 0, "datetime_start": "2023-11-07T17:10:08.624442"}
{"op_code": 5, "worker_id": "753b90b6-2009-49c3-b29e-acbb1f44e62d-47280521058048", "trial_id": 1, "param_name": "n_estimators", "param_value_internal": 3, "distribution": "{\"name\": \"CategoricalDistribution\", \"attributes\": {\"choices\": [10, 20, 50, 200, 500]}}"}
{"op_code": 5, "worker_id": "753b90b6-2009-49c3-b29e-acbb1f44e62d-47280521058048", "trial_id": 1, "param_name": "max_features", "param_value_internal": 1, "distribution": "{\"name\": \"CategoricalDistribution\", \"attributes\": {\"choices\": [\"auto\", \"sqrt\", \"log2\"]}}"}
{"op_code": 5, "worker_id": "753b90b6-2009-49c3-b29e-acbb1f44e62d-47280521058048", "trial_id": 1, "param_name": "max_depth", "param_value_internal": 5, "distribution": "{\"name\": \"CategoricalDistribution\", \"attributes\": {\"choices\": [null, 2, 3, 4, 5, 10]}}"}
{"op_code": 6, "worker_id": "753b90b6-2009-49c3-b29e-acbb1f44e62d-47280521058048", "trial_id": 1, "state": 1, "values": [0.13283602433240724], "datetime_complete": "2023-11-07T17:10:11.568975"}
{"op_code": 0, "worker_id": "3bca8b24-7302-4dcb-801f-ec249abd9944-47279818202944", "study_name": "RF", "directions": [1]}
{"op_code": 4, "worker_id": "3bca8b24-7302-4dcb-801f-ec249abd9944-47280521058048", "study_id": 0, "datetime_start": "2023-11-07T17:16:55.090543"}
{"op_code": 5, "worker_id": "3bca8b24-7302-4dcb-801f-ec249abd9944-47280521058048", "trial_id": 2, "param_name": "n_estimators", "param_value_internal": 0, "distribution": "{\"name\": \"CategoricalDistribution\", \"attributes\": {\"choices\": [10, 20, 50, 200, 500]}}"}
{"op_code": 5, "worker_id": "3bca8b24-7302-4dcb-801f-ec249abd9944-47280521058048", "trial_id": 2, "param_name": "max_features", "param_value_internal": 2, "distribution": "{\"name\": \"CategoricalDistribution\", \"attributes\": {\"choices\": [\"auto\", \"sqrt\", \"log2\"]}}"}
{"op_code": 5, "worker_id": "3bca8b24-7302-4dcb-801f-ec249abd9944-47280521058048", "trial_id": 2, "param_name": "max_depth", "param_value_internal": 0, "distribution": "{\"name\": \"CategoricalDistribution\", \"attributes\": {\"choices\": [null, 2, 3, 4, 5, 10]}}"}
{"op_code": 6, "worker_id": "3bca8b24-7302-4dcb-801f-ec249abd9944-47280521058048", "trial_id": 2, "state": 1, "values": [0.13531530977608128], "datetime_complete": "2023-11-07T17:16:58.039551"}
{"op_code": 0, "worker_id": "6e6a4517-6119-4f61-9c67-d06da650f6b8-47279818202944", "study_name": "RF", "directions": [1]}
{"op_code": 4, "worker_id": "6e6a4517-6119-4f61-9c67-d06da650f6b8-47280521058048", "study_id": 0, "datetime_start": "2023-11-07T17:23:44.281177"}
{"op_code": 5, "worker_id": "6e6a4517-6119-4f61-9c67-d06da650f6b8-47280521058048", "trial_id": 3, "param_name": "n_estimators", "param_value_internal": 3, "distribution": "{\"name\": \"CategoricalDistribution\", \"attributes\": {\"choices\": [10, 20, 50, 200, 500]}}"}
{"op_code": 5, "worker_id": "6e6a4517-6119-4f61-9c67-d06da650f6b8-47280521058048", "trial_id": 3, "param_name": "max_features", "param_value_internal": 2, "distribution": "{\"name\": \"CategoricalDistribution\", \"attributes\": {\"choices\": [\"auto\", \"sqrt\", \"log2\"]}}"}
{"op_code": 5, "worker_id": "6e6a4517-6119-4f61-9c67-d06da650f6b8-47280521058048", "trial_id": 3, "param_name": "max_depth", "param_value_internal": 4, "distribution": "{\"name\": \"CategoricalDistribution\", \"attributes\": {\"choices\": [null, 2, 3, 4, 5, 10]}}"}
{"op_code": 6, "worker_id": "6e6a4517-6119-4f61-9c67-d06da650f6b8-47280521058048", "trial_id": 3, "state": 1, "values": [0.12743251657173568], "datetime_complete": "2023-11-07T17:23:47.234974"}
{"op_code": 0, "worker_id": "5f907478-055e-4873-8416-2922ad576c0f-47279818202944", "study_name": "RF", "directions": [1]}
{"op_code": 4, "worker_id": "5f907478-055e-4873-8416-2922ad576c0f-47280521058048", "study_id": 0, "datetime_start": "2023-11-07T17:30:31.700392"}
{"op_code": 5, "worker_id": "5f907478-055e-4873-8416-2922ad576c0f-47280521058048", "trial_id": 4, "param_name": "n_estimators", "param_value_internal": 4, "distribution": "{\"name\": \"CategoricalDistribution\", \"attributes\": {\"choices\": [10, 20, 50, 200, 500]}}"}
{"op_code": 5, "worker_id": "5f907478-055e-4873-8416-2922ad576c0f-47280521058048", "trial_id": 4, "param_name": "max_features", "param_value_internal": 1, "distribution": "{\"name\": \"CategoricalDistribution\", \"attributes\": {\"choices\": [\"auto\", \"sqrt\", \"log2\"]}}"}
{"op_code": 5, "worker_id": "5f907478-055e-4873-8416-2922ad576c0f-47280521058048", "trial_id": 4, "param_name": "max_depth", "param_value_internal": 0, "distribution": "{\"name\": \"CategoricalDistribution\", \"attributes\": {\"choices\": [null, 2, 3, 4, 5, 10]}}"}
{"op_code": 6, "worker_id": "5f907478-055e-4873-8416-2922ad576c0f-47280521058048", "trial_id": 4, "state": 1, "values": [0.1268521525842666], "datetime_complete": "2023-11-07T17:30:34.654827"}
