{"op_code": 0, "worker_id": "5bb96af9-55c3-4220-845a-ece71c177e45-9760", "study_name": "ANN", "directions": [2]}
{"op_code": 4, "worker_id": "5bb96af9-55c3-4220-845a-ece71c177e45-7728", "study_id": 0, "datetime_start": "2024-03-19T11:12:05.849441"}
{"op_code": 5, "worker_id": "5bb96af9-55c3-4220-845a-ece71c177e45-7728", "trial_id": 0, "param_name": "learning_rate_init", "param_value_internal": 0.0657477399893637, "distribution": "{\"name\": \"FloatDistribution\", \"attributes\": {\"step\": null, \"low\": 0.05, \"high\": 0.15, \"log\": false}}"}
{"op_code": 5, "worker_id": "5bb96af9-55c3-4220-845a-ece71c177e45-7728", "trial_id": 0, "param_name": "hidden_layer_sizes", "param_value_internal": 0, "distribution": "{\"name\": \"CategoricalDistribution\", \"attributes\": {\"choices\": [[5, 5, 5], [5, 5, 5, 5, 5], [10, 10, 10]]}}"}
{"op_code": 7, "worker_id": "5bb96af9-55c3-4220-845a-ece71c177e45-7728", "trial_id": 0, "step": 0, "intermediate_value": 0.19544892634160374}
{"op_code": 7, "worker_id": "5bb96af9-55c3-4220-845a-ece71c177e45-7728", "trial_id": 0, "step": 1, "intermediate_value": 0.07096169617700633}
{"op_code": 7, "worker_id": "5bb96af9-55c3-4220-845a-ece71c177e45-7728", "trial_id": 0, "step": 2, "intermediate_value": 0.013023532436489682}
{"op_code": 6, "worker_id": "5bb96af9-55c3-4220-845a-ece71c177e45-7728", "trial_id": 0, "state": 1, "values": [0.09314471831836658], "datetime_complete": "2024-03-19T11:12:23.026465"}
{"op_code": 4, "worker_id": "5bb96af9-55c3-4220-845a-ece71c177e45-7728", "study_id": 0, "datetime_start": "2024-03-19T11:12:23.222479"}
{"op_code": 5, "worker_id": "5bb96af9-55c3-4220-845a-ece71c177e45-7728", "trial_id": 1, "param_name": "learning_rate_init", "param_value_internal": 0.06221009647681287, "distribution": "{\"name\": \"FloatDistribution\", \"attributes\": {\"step\": null, \"low\": 0.05, \"high\": 0.15, \"log\": false}}"}
{"op_code": 5, "worker_id": "5bb96af9-55c3-4220-845a-ece71c177e45-7728", "trial_id": 1, "param_name": "hidden_layer_sizes", "param_value_internal": 0, "distribution": "{\"name\": \"CategoricalDistribution\", \"attributes\": {\"choices\": [[5, 5, 5], [5, 5, 5, 5, 5], [10, 10, 10]]}}"}
{"op_code": 7, "worker_id": "5bb96af9-55c3-4220-845a-ece71c177e45-7728", "trial_id": 1, "step": 0, "intermediate_value": 0.03938960936360645}
{"op_code": 7, "worker_id": "5bb96af9-55c3-4220-845a-ece71c177e45-7728", "trial_id": 1, "step": 1, "intermediate_value": 0.04883824663683631}
{"op_code": 7, "worker_id": "5bb96af9-55c3-4220-845a-ece71c177e45-7728", "trial_id": 1, "step": 2, "intermediate_value": 0.17907357100173313}
{"op_code": 6, "worker_id": "5bb96af9-55c3-4220-845a-ece71c177e45-7728", "trial_id": 1, "state": 1, "values": [0.08910047566739195], "datetime_complete": "2024-03-19T11:12:57.034775"}
{"op_code": 4, "worker_id": "5bb96af9-55c3-4220-845a-ece71c177e45-7728", "study_id": 0, "datetime_start": "2024-03-19T11:12:57.216413"}
{"op_code": 5, "worker_id": "5bb96af9-55c3-4220-845a-ece71c177e45-7728", "trial_id": 2, "param_name": "learning_rate_init", "param_value_internal": 0.14830113474335324, "distribution": "{\"name\": \"FloatDistribution\", \"attributes\": {\"step\": null, \"low\": 0.05, \"high\": 0.15, \"log\": false}}"}
{"op_code": 5, "worker_id": "5bb96af9-55c3-4220-845a-ece71c177e45-7728", "trial_id": 2, "param_name": "hidden_layer_sizes", "param_value_internal": 0, "distribution": "{\"name\": \"CategoricalDistribution\", \"attributes\": {\"choices\": [[5, 5, 5], [5, 5, 5, 5, 5], [10, 10, 10]]}}"}
{"op_code": 7, "worker_id": "5bb96af9-55c3-4220-845a-ece71c177e45-7728", "trial_id": 2, "step": 0, "intermediate_value": 0.23268619096077803}
{"op_code": 7, "worker_id": "5bb96af9-55c3-4220-845a-ece71c177e45-7728", "trial_id": 2, "step": 1, "intermediate_value": 0.02417998609008736}
{"op_code": 7, "worker_id": "5bb96af9-55c3-4220-845a-ece71c177e45-7728", "trial_id": 2, "step": 2, "intermediate_value": 0.2456539109745136}
{"op_code": 6, "worker_id": "5bb96af9-55c3-4220-845a-ece71c177e45-7728", "trial_id": 2, "state": 1, "values": [0.1675066960084597], "datetime_complete": "2024-03-19T11:13:27.973373"}
{"op_code": 4, "worker_id": "5bb96af9-55c3-4220-845a-ece71c177e45-7728", "study_id": 0, "datetime_start": "2024-03-19T11:13:28.112202"}
{"op_code": 5, "worker_id": "5bb96af9-55c3-4220-845a-ece71c177e45-7728", "trial_id": 3, "param_name": "learning_rate_init", "param_value_internal": 0.1488873321995428, "distribution": "{\"name\": \"FloatDistribution\", \"attributes\": {\"step\": null, \"low\": 0.05, \"high\": 0.15, \"log\": false}}"}
{"op_code": 5, "worker_id": "5bb96af9-55c3-4220-845a-ece71c177e45-7728", "trial_id": 3, "param_name": "hidden_layer_sizes", "param_value_internal": 2, "distribution": "{\"name\": \"CategoricalDistribution\", \"attributes\": {\"choices\": [[5, 5, 5], [5, 5, 5, 5, 5], [10, 10, 10]]}}"}
{"op_code": 7, "worker_id": "5bb96af9-55c3-4220-845a-ece71c177e45-7728", "trial_id": 3, "step": 0, "intermediate_value": 0.06952939141458697}
{"op_code": 7, "worker_id": "5bb96af9-55c3-4220-845a-ece71c177e45-7728", "trial_id": 3, "step": 1, "intermediate_value": 0.06728812028928956}
{"op_code": 9, "worker_id": "5bb96af9-55c3-4220-845a-ece71c177e45-7728", "trial_id": 3, "system_attr": {"completed_rung_0": 0.06728812028928956}}
{"op_code": 7, "worker_id": "5bb96af9-55c3-4220-845a-ece71c177e45-7728", "trial_id": 3, "step": 2, "intermediate_value": 0.11597440527676188}
{"op_code": 6, "worker_id": "5bb96af9-55c3-4220-845a-ece71c177e45-7728", "trial_id": 3, "state": 1, "values": [0.08426397232687947], "datetime_complete": "2024-03-19T11:14:11.892867"}
{"op_code": 4, "worker_id": "5bb96af9-55c3-4220-845a-ece71c177e45-7728", "study_id": 0, "datetime_start": "2024-03-19T11:14:12.254886"}
{"op_code": 5, "worker_id": "5bb96af9-55c3-4220-845a-ece71c177e45-7728", "trial_id": 4, "param_name": "learning_rate_init", "param_value_internal": 0.14756623938264973, "distribution": "{\"name\": \"FloatDistribution\", \"attributes\": {\"step\": null, \"low\": 0.05, \"high\": 0.15, \"log\": false}}"}
{"op_code": 5, "worker_id": "5bb96af9-55c3-4220-845a-ece71c177e45-7728", "trial_id": 4, "param_name": "hidden_layer_sizes", "param_value_internal": 1, "distribution": "{\"name\": \"CategoricalDistribution\", \"attributes\": {\"choices\": [[5, 5, 5], [5, 5, 5, 5, 5], [10, 10, 10]]}}"}
{"op_code": 7, "worker_id": "5bb96af9-55c3-4220-845a-ece71c177e45-7728", "trial_id": 4, "step": 0, "intermediate_value": 0.12902283071294118}
{"op_code": 7, "worker_id": "5bb96af9-55c3-4220-845a-ece71c177e45-7728", "trial_id": 4, "step": 1, "intermediate_value": 0.15482739685552943}
{"op_code": 9, "worker_id": "5bb96af9-55c3-4220-845a-ece71c177e45-7728", "trial_id": 4, "system_attr": {"completed_rung_0": 0.15482739685552943}}
{"op_code": 7, "worker_id": "5bb96af9-55c3-4220-845a-ece71c177e45-7728", "trial_id": 4, "step": 2, "intermediate_value": 0.09584377925235908}
{"op_code": 6, "worker_id": "5bb96af9-55c3-4220-845a-ece71c177e45-7728", "trial_id": 4, "state": 1, "values": [0.12656466894027657], "datetime_complete": "2024-03-19T11:14:39.088067"}
{"op_code": 4, "worker_id": "5bb96af9-55c3-4220-845a-ece71c177e45-7728", "study_id": 0, "datetime_start": "2024-03-19T11:14:39.439539"}
{"op_code": 5, "worker_id": "5bb96af9-55c3-4220-845a-ece71c177e45-7728", "trial_id": 5, "param_name": "learning_rate_init", "param_value_internal": 0.11087523229866234, "distribution": "{\"name\": \"FloatDistribution\", \"attributes\": {\"step\": null, \"low\": 0.05, \"high\": 0.15, \"log\": false}}"}
{"op_code": 5, "worker_id": "5bb96af9-55c3-4220-845a-ece71c177e45-7728", "trial_id": 5, "param_name": "hidden_layer_sizes", "param_value_internal": 0, "distribution": "{\"name\": \"CategoricalDistribution\", \"attributes\": {\"choices\": [[5, 5, 5], [5, 5, 5, 5, 5], [10, 10, 10]]}}"}
{"op_code": 7, "worker_id": "5bb96af9-55c3-4220-845a-ece71c177e45-7728", "trial_id": 5, "step": 0, "intermediate_value": 0.1437205771242536}
{"op_code": 7, "worker_id": "5bb96af9-55c3-4220-845a-ece71c177e45-7728", "trial_id": 5, "step": 1, "intermediate_value": 0.08942508034427642}
{"op_code": 9, "worker_id": "5bb96af9-55c3-4220-845a-ece71c177e45-7728", "trial_id": 5, "system_attr": {"completed_rung_0": 0.08942508034427642}}
{"op_code": 6, "worker_id": "5bb96af9-55c3-4220-845a-ece71c177e45-7728", "trial_id": 5, "state": 2, "values": [0.08942508034427642], "datetime_complete": "2024-03-19T11:15:05.893782"}
{"op_code": 4, "worker_id": "5bb96af9-55c3-4220-845a-ece71c177e45-7728", "study_id": 0, "datetime_start": "2024-03-19T11:15:06.317681"}
{"op_code": 5, "worker_id": "5bb96af9-55c3-4220-845a-ece71c177e45-7728", "trial_id": 6, "param_name": "learning_rate_init", "param_value_internal": 0.12133741360250846, "distribution": "{\"name\": \"FloatDistribution\", \"attributes\": {\"step\": null, \"low\": 0.05, \"high\": 0.15, \"log\": false}}"}
{"op_code": 5, "worker_id": "5bb96af9-55c3-4220-845a-ece71c177e45-7728", "trial_id": 6, "param_name": "hidden_layer_sizes", "param_value_internal": 2, "distribution": "{\"name\": \"CategoricalDistribution\", \"attributes\": {\"choices\": [[5, 5, 5], [5, 5, 5, 5, 5], [10, 10, 10]]}}"}
{"op_code": 7, "worker_id": "5bb96af9-55c3-4220-845a-ece71c177e45-7728", "trial_id": 6, "step": 0, "intermediate_value": 0.020000626508575675}
{"op_code": 7, "worker_id": "5bb96af9-55c3-4220-845a-ece71c177e45-7728", "trial_id": 6, "step": 1, "intermediate_value": 0.06465216000596079}
{"op_code": 9, "worker_id": "5bb96af9-55c3-4220-845a-ece71c177e45-7728", "trial_id": 6, "system_attr": {"completed_rung_0": 0.06465216000596079}}
{"op_code": 6, "worker_id": "5bb96af9-55c3-4220-845a-ece71c177e45-7728", "trial_id": 6, "state": 2, "values": [0.06465216000596079], "datetime_complete": "2024-03-19T11:15:36.336604"}
{"op_code": 4, "worker_id": "5bb96af9-55c3-4220-845a-ece71c177e45-7728", "study_id": 0, "datetime_start": "2024-03-19T11:15:36.772948"}
{"op_code": 5, "worker_id": "5bb96af9-55c3-4220-845a-ece71c177e45-7728", "trial_id": 7, "param_name": "learning_rate_init", "param_value_internal": 0.09443300870452612, "distribution": "{\"name\": \"FloatDistribution\", \"attributes\": {\"step\": null, \"low\": 0.05, \"high\": 0.15, \"log\": false}}"}
{"op_code": 5, "worker_id": "5bb96af9-55c3-4220-845a-ece71c177e45-7728", "trial_id": 7, "param_name": "hidden_layer_sizes", "param_value_internal": 1, "distribution": "{\"name\": \"CategoricalDistribution\", \"attributes\": {\"choices\": [[5, 5, 5], [5, 5, 5, 5, 5], [10, 10, 10]]}}"}
{"op_code": 7, "worker_id": "5bb96af9-55c3-4220-845a-ece71c177e45-7728", "trial_id": 7, "step": 0, "intermediate_value": 0.03934493217722434}
{"op_code": 7, "worker_id": "5bb96af9-55c3-4220-845a-ece71c177e45-7728", "trial_id": 7, "step": 1, "intermediate_value": 0.04822748378061338}
{"op_code": 9, "worker_id": "5bb96af9-55c3-4220-845a-ece71c177e45-7728", "trial_id": 7, "system_attr": {"completed_rung_0": 0.04822748378061338}}
{"op_code": 6, "worker_id": "5bb96af9-55c3-4220-845a-ece71c177e45-7728", "trial_id": 7, "state": 2, "values": [0.04822748378061338], "datetime_complete": "2024-03-19T11:16:06.951888"}
{"op_code": 4, "worker_id": "5bb96af9-55c3-4220-845a-ece71c177e45-7728", "study_id": 0, "datetime_start": "2024-03-19T11:16:07.127082"}
{"op_code": 5, "worker_id": "5bb96af9-55c3-4220-845a-ece71c177e45-7728", "trial_id": 8, "param_name": "learning_rate_init", "param_value_internal": 0.12969539596662266, "distribution": "{\"name\": \"FloatDistribution\", \"attributes\": {\"step\": null, \"low\": 0.05, \"high\": 0.15, \"log\": false}}"}
{"op_code": 5, "worker_id": "5bb96af9-55c3-4220-845a-ece71c177e45-7728", "trial_id": 8, "param_name": "hidden_layer_sizes", "param_value_internal": 0, "distribution": "{\"name\": \"CategoricalDistribution\", \"attributes\": {\"choices\": [[5, 5, 5], [5, 5, 5, 5, 5], [10, 10, 10]]}}"}
{"op_code": 7, "worker_id": "5bb96af9-55c3-4220-845a-ece71c177e45-7728", "trial_id": 8, "step": 0, "intermediate_value": 0.2480718398060858}
{"op_code": 7, "worker_id": "5bb96af9-55c3-4220-845a-ece71c177e45-7728", "trial_id": 8, "step": 1, "intermediate_value": 0.4807809512060888}
{"op_code": 9, "worker_id": "5bb96af9-55c3-4220-845a-ece71c177e45-7728", "trial_id": 8, "system_attr": {"completed_rung_0": 0.4807809512060888}}
{"op_code": 7, "worker_id": "5bb96af9-55c3-4220-845a-ece71c177e45-7728", "trial_id": 8, "step": 2, "intermediate_value": 0.10152718863382411}
{"op_code": 6, "worker_id": "5bb96af9-55c3-4220-845a-ece71c177e45-7728", "trial_id": 8, "state": 1, "values": [0.27679332654866623], "datetime_complete": "2024-03-19T11:16:29.874365"}
{"op_code": 4, "worker_id": "5bb96af9-55c3-4220-845a-ece71c177e45-7728", "study_id": 0, "datetime_start": "2024-03-19T11:16:30.110054"}
{"op_code": 5, "worker_id": "5bb96af9-55c3-4220-845a-ece71c177e45-7728", "trial_id": 9, "param_name": "learning_rate_init", "param_value_internal": 0.12631759374237228, "distribution": "{\"name\": \"FloatDistribution\", \"attributes\": {\"step\": null, \"low\": 0.05, \"high\": 0.15, \"log\": false}}"}
{"op_code": 5, "worker_id": "5bb96af9-55c3-4220-845a-ece71c177e45-7728", "trial_id": 9, "param_name": "hidden_layer_sizes", "param_value_internal": 0, "distribution": "{\"name\": \"CategoricalDistribution\", \"attributes\": {\"choices\": [[5, 5, 5], [5, 5, 5, 5, 5], [10, 10, 10]]}}"}
{"op_code": 7, "worker_id": "5bb96af9-55c3-4220-845a-ece71c177e45-7728", "trial_id": 9, "step": 0, "intermediate_value": 0.2312180987290977}
{"op_code": 7, "worker_id": "5bb96af9-55c3-4220-845a-ece71c177e45-7728", "trial_id": 9, "step": 1, "intermediate_value": 0.3544439893165756}
{"op_code": 9, "worker_id": "5bb96af9-55c3-4220-845a-ece71c177e45-7728", "trial_id": 9, "system_attr": {"completed_rung_0": 0.3544439893165756}}
{"op_code": 7, "worker_id": "5bb96af9-55c3-4220-845a-ece71c177e45-7728", "trial_id": 9, "step": 2, "intermediate_value": 0.05861264081526951}
{"op_code": 6, "worker_id": "5bb96af9-55c3-4220-845a-ece71c177e45-7728", "trial_id": 9, "state": 1, "values": [0.21475824295364762], "datetime_complete": "2024-03-19T11:16:38.681580"}
{"op_code": 4, "worker_id": "5bb96af9-55c3-4220-845a-ece71c177e45-7728", "study_id": 0, "datetime_start": "2024-03-19T11:16:38.820541"}
{"op_code": 5, "worker_id": "5bb96af9-55c3-4220-845a-ece71c177e45-7728", "trial_id": 10, "param_name": "learning_rate_init", "param_value_internal": 0.09341292581152526, "distribution": "{\"name\": \"FloatDistribution\", \"attributes\": {\"step\": null, \"low\": 0.05, \"high\": 0.15, \"log\": false}}"}
{"op_code": 5, "worker_id": "5bb96af9-55c3-4220-845a-ece71c177e45-7728", "trial_id": 10, "param_name": "hidden_layer_sizes", "param_value_internal": 1, "distribution": "{\"name\": \"CategoricalDistribution\", \"attributes\": {\"choices\": [[5, 5, 5], [5, 5, 5, 5, 5], [10, 10, 10]]}}"}
{"op_code": 7, "worker_id": "5bb96af9-55c3-4220-845a-ece71c177e45-7728", "trial_id": 10, "step": 0, "intermediate_value": 0.04672380180187093}
{"op_code": 7, "worker_id": "5bb96af9-55c3-4220-845a-ece71c177e45-7728", "trial_id": 10, "step": 1, "intermediate_value": 0.25850496600123585}
{"op_code": 9, "worker_id": "5bb96af9-55c3-4220-845a-ece71c177e45-7728", "trial_id": 10, "system_attr": {"completed_rung_0": 0.25850496600123585}}
{"op_code": 6, "worker_id": "5bb96af9-55c3-4220-845a-ece71c177e45-7728", "trial_id": 10, "state": 2, "values": [0.25850496600123585], "datetime_complete": "2024-03-19T11:17:02.223530"}
{"op_code": 4, "worker_id": "5bb96af9-55c3-4220-845a-ece71c177e45-7728", "study_id": 0, "datetime_start": "2024-03-19T11:17:02.614537"}
{"op_code": 5, "worker_id": "5bb96af9-55c3-4220-845a-ece71c177e45-7728", "trial_id": 11, "param_name": "learning_rate_init", "param_value_internal": 0.12679227427512704, "distribution": "{\"name\": \"FloatDistribution\", \"attributes\": {\"step\": null, \"low\": 0.05, \"high\": 0.15, \"log\": false}}"}
{"op_code": 5, "worker_id": "5bb96af9-55c3-4220-845a-ece71c177e45-7728", "trial_id": 11, "param_name": "hidden_layer_sizes", "param_value_internal": 0, "distribution": "{\"name\": \"CategoricalDistribution\", \"attributes\": {\"choices\": [[5, 5, 5], [5, 5, 5, 5, 5], [10, 10, 10]]}}"}
{"op_code": 7, "worker_id": "5bb96af9-55c3-4220-845a-ece71c177e45-7728", "trial_id": 11, "step": 0, "intermediate_value": 0.16279415545612103}
{"op_code": 7, "worker_id": "5bb96af9-55c3-4220-845a-ece71c177e45-7728", "trial_id": 11, "step": 1, "intermediate_value": 0.18901821722820372}
{"op_code": 7, "worker_id": "5bb96af9-55c3-4220-845a-ece71c177e45-7728", "trial_id": 11, "step": 2, "intermediate_value": 0.17048229327150236}
{"op_code": 6, "worker_id": "5bb96af9-55c3-4220-845a-ece71c177e45-7728", "trial_id": 11, "state": 1, "values": [0.1740982219852757], "datetime_complete": "2024-03-19T11:17:25.390710"}
{"op_code": 4, "worker_id": "5bb96af9-55c3-4220-845a-ece71c177e45-7728", "study_id": 0, "datetime_start": "2024-03-19T11:17:25.745801"}
{"op_code": 5, "worker_id": "5bb96af9-55c3-4220-845a-ece71c177e45-7728", "trial_id": 12, "param_name": "learning_rate_init", "param_value_internal": 0.1274758590619487, "distribution": "{\"name\": \"FloatDistribution\", \"attributes\": {\"step\": null, \"low\": 0.05, \"high\": 0.15, \"log\": false}}"}
{"op_code": 5, "worker_id": "5bb96af9-55c3-4220-845a-ece71c177e45-7728", "trial_id": 12, "param_name": "hidden_layer_sizes", "param_value_internal": 0, "distribution": "{\"name\": \"CategoricalDistribution\", \"attributes\": {\"choices\": [[5, 5, 5], [5, 5, 5, 5, 5], [10, 10, 10]]}}"}
{"op_code": 7, "worker_id": "5bb96af9-55c3-4220-845a-ece71c177e45-7728", "trial_id": 12, "step": 0, "intermediate_value": 0.26483421079542757}
{"op_code": 7, "worker_id": "5bb96af9-55c3-4220-845a-ece71c177e45-7728", "trial_id": 12, "step": 1, "intermediate_value": 0.05428536350291986}
{"op_code": 9, "worker_id": "5bb96af9-55c3-4220-845a-ece71c177e45-7728", "trial_id": 12, "system_attr": {"completed_rung_0": 0.05428536350291986}}
{"op_code": 6, "worker_id": "5bb96af9-55c3-4220-845a-ece71c177e45-7728", "trial_id": 12, "state": 2, "values": [0.05428536350291986], "datetime_complete": "2024-03-19T11:17:53.493974"}
{"op_code": 4, "worker_id": "5bb96af9-55c3-4220-845a-ece71c177e45-7728", "study_id": 0, "datetime_start": "2024-03-19T11:17:53.677840"}
{"op_code": 5, "worker_id": "5bb96af9-55c3-4220-845a-ece71c177e45-7728", "trial_id": 13, "param_name": "learning_rate_init", "param_value_internal": 0.1343732080336152, "distribution": "{\"name\": \"FloatDistribution\", \"attributes\": {\"step\": null, \"low\": 0.05, \"high\": 0.15, \"log\": false}}"}
{"op_code": 5, "worker_id": "5bb96af9-55c3-4220-845a-ece71c177e45-7728", "trial_id": 13, "param_name": "hidden_layer_sizes", "param_value_internal": 0, "distribution": "{\"name\": \"CategoricalDistribution\", \"attributes\": {\"choices\": [[5, 5, 5], [5, 5, 5, 5, 5], [10, 10, 10]]}}"}
{"op_code": 7, "worker_id": "5bb96af9-55c3-4220-845a-ece71c177e45-7728", "trial_id": 13, "step": 0, "intermediate_value": 0.02460499044916883}
{"op_code": 7, "worker_id": "5bb96af9-55c3-4220-845a-ece71c177e45-7728", "trial_id": 13, "step": 1, "intermediate_value": 0.040604908289170835}
{"op_code": 9, "worker_id": "5bb96af9-55c3-4220-845a-ece71c177e45-7728", "trial_id": 13, "system_attr": {"completed_rung_0": 0.040604908289170835}}
{"op_code": 6, "worker_id": "5bb96af9-55c3-4220-845a-ece71c177e45-7728", "trial_id": 13, "state": 2, "values": [0.040604908289170835], "datetime_complete": "2024-03-19T11:18:06.019858"}
{"op_code": 4, "worker_id": "5bb96af9-55c3-4220-845a-ece71c177e45-7728", "study_id": 0, "datetime_start": "2024-03-19T11:18:06.289240"}
{"op_code": 5, "worker_id": "5bb96af9-55c3-4220-845a-ece71c177e45-7728", "trial_id": 14, "param_name": "learning_rate_init", "param_value_internal": 0.10530667039589246, "distribution": "{\"name\": \"FloatDistribution\", \"attributes\": {\"step\": null, \"low\": 0.05, \"high\": 0.15, \"log\": false}}"}
{"op_code": 5, "worker_id": "5bb96af9-55c3-4220-845a-ece71c177e45-7728", "trial_id": 14, "param_name": "hidden_layer_sizes", "param_value_internal": 0, "distribution": "{\"name\": \"CategoricalDistribution\", \"attributes\": {\"choices\": [[5, 5, 5], [5, 5, 5, 5, 5], [10, 10, 10]]}}"}
{"op_code": 7, "worker_id": "5bb96af9-55c3-4220-845a-ece71c177e45-7728", "trial_id": 14, "step": 0, "intermediate_value": 0.1177072361746865}
{"op_code": 7, "worker_id": "5bb96af9-55c3-4220-845a-ece71c177e45-7728", "trial_id": 14, "step": 1, "intermediate_value": 0.12332565682095904}
{"op_code": 9, "worker_id": "5bb96af9-55c3-4220-845a-ece71c177e45-7728", "trial_id": 14, "system_attr": {"completed_rung_0": 0.12332565682095904}}
{"op_code": 6, "worker_id": "5bb96af9-55c3-4220-845a-ece71c177e45-7728", "trial_id": 14, "state": 2, "values": [0.12332565682095904], "datetime_complete": "2024-03-19T11:18:25.538898"}
{"op_code": 4, "worker_id": "5bb96af9-55c3-4220-845a-ece71c177e45-7728", "study_id": 0, "datetime_start": "2024-03-19T11:18:25.646889"}
{"op_code": 5, "worker_id": "5bb96af9-55c3-4220-845a-ece71c177e45-7728", "trial_id": 15, "param_name": "learning_rate_init", "param_value_internal": 0.1167291601674508, "distribution": "{\"name\": \"FloatDistribution\", \"attributes\": {\"step\": null, \"low\": 0.05, \"high\": 0.15, \"log\": false}}"}
{"op_code": 5, "worker_id": "5bb96af9-55c3-4220-845a-ece71c177e45-7728", "trial_id": 15, "param_name": "hidden_layer_sizes", "param_value_internal": 2, "distribution": "{\"name\": \"CategoricalDistribution\", \"attributes\": {\"choices\": [[5, 5, 5], [5, 5, 5, 5, 5], [10, 10, 10]]}}"}
{"op_code": 7, "worker_id": "5bb96af9-55c3-4220-845a-ece71c177e45-7728", "trial_id": 15, "step": 0, "intermediate_value": 0.11143931924844268}
{"op_code": 7, "worker_id": "5bb96af9-55c3-4220-845a-ece71c177e45-7728", "trial_id": 15, "step": 1, "intermediate_value": 0.18420201219745633}
{"op_code": 7, "worker_id": "5bb96af9-55c3-4220-845a-ece71c177e45-7728", "trial_id": 15, "step": 2, "intermediate_value": 0.12198825011661155}
{"op_code": 6, "worker_id": "5bb96af9-55c3-4220-845a-ece71c177e45-7728", "trial_id": 15, "state": 1, "values": [0.13920986052083684], "datetime_complete": "2024-03-19T11:19:05.535855"}
{"op_code": 4, "worker_id": "5bb96af9-55c3-4220-845a-ece71c177e45-7728", "study_id": 0, "datetime_start": "2024-03-19T11:19:05.805997"}
{"op_code": 5, "worker_id": "5bb96af9-55c3-4220-845a-ece71c177e45-7728", "trial_id": 16, "param_name": "learning_rate_init", "param_value_internal": 0.13779758684699994, "distribution": "{\"name\": \"FloatDistribution\", \"attributes\": {\"step\": null, \"low\": 0.05, \"high\": 0.15, \"log\": false}}"}
{"op_code": 5, "worker_id": "5bb96af9-55c3-4220-845a-ece71c177e45-7728", "trial_id": 16, "param_name": "hidden_layer_sizes", "param_value_internal": 0, "distribution": "{\"name\": \"CategoricalDistribution\", \"attributes\": {\"choices\": [[5, 5, 5], [5, 5, 5, 5, 5], [10, 10, 10]]}}"}
{"op_code": 7, "worker_id": "5bb96af9-55c3-4220-845a-ece71c177e45-7728", "trial_id": 16, "step": 0, "intermediate_value": 0.12255551991970948}
{"op_code": 7, "worker_id": "5bb96af9-55c3-4220-845a-ece71c177e45-7728", "trial_id": 16, "step": 1, "intermediate_value": 0.020960990620678473}
{"op_code": 7, "worker_id": "5bb96af9-55c3-4220-845a-ece71c177e45-7728", "trial_id": 16, "step": 2, "intermediate_value": 0.13357044508219448}
{"op_code": 6, "worker_id": "5bb96af9-55c3-4220-845a-ece71c177e45-7728", "trial_id": 16, "state": 1, "values": [0.09236231854086081], "datetime_complete": "2024-03-19T11:19:21.493402"}
{"op_code": 4, "worker_id": "5bb96af9-55c3-4220-845a-ece71c177e45-7728", "study_id": 0, "datetime_start": "2024-03-19T11:19:21.665829"}
{"op_code": 5, "worker_id": "5bb96af9-55c3-4220-845a-ece71c177e45-7728", "trial_id": 17, "param_name": "learning_rate_init", "param_value_internal": 0.11384650973790728, "distribution": "{\"name\": \"FloatDistribution\", \"attributes\": {\"step\": null, \"low\": 0.05, \"high\": 0.15, \"log\": false}}"}
{"op_code": 5, "worker_id": "5bb96af9-55c3-4220-845a-ece71c177e45-7728", "trial_id": 17, "param_name": "hidden_layer_sizes", "param_value_internal": 0, "distribution": "{\"name\": \"CategoricalDistribution\", \"attributes\": {\"choices\": [[5, 5, 5], [5, 5, 5, 5, 5], [10, 10, 10]]}}"}
{"op_code": 7, "worker_id": "5bb96af9-55c3-4220-845a-ece71c177e45-7728", "trial_id": 17, "step": 0, "intermediate_value": 0.02485104035366052}
{"op_code": 7, "worker_id": "5bb96af9-55c3-4220-845a-ece71c177e45-7728", "trial_id": 17, "step": 1, "intermediate_value": 0.1269794412557744}
{"op_code": 9, "worker_id": "5bb96af9-55c3-4220-845a-ece71c177e45-7728", "trial_id": 17, "system_attr": {"completed_rung_0": 0.1269794412557744}}
{"op_code": 6, "worker_id": "5bb96af9-55c3-4220-845a-ece71c177e45-7728", "trial_id": 17, "state": 2, "values": [0.1269794412557744], "datetime_complete": "2024-03-19T11:19:33.041028"}
{"op_code": 4, "worker_id": "5bb96af9-55c3-4220-845a-ece71c177e45-7728", "study_id": 0, "datetime_start": "2024-03-19T11:19:33.210062"}
{"op_code": 5, "worker_id": "5bb96af9-55c3-4220-845a-ece71c177e45-7728", "trial_id": 18, "param_name": "learning_rate_init", "param_value_internal": 0.13524294228663905, "distribution": "{\"name\": \"FloatDistribution\", \"attributes\": {\"step\": null, \"low\": 0.05, \"high\": 0.15, \"log\": false}}"}
{"op_code": 5, "worker_id": "5bb96af9-55c3-4220-845a-ece71c177e45-7728", "trial_id": 18, "param_name": "hidden_layer_sizes", "param_value_internal": 2, "distribution": "{\"name\": \"CategoricalDistribution\", \"attributes\": {\"choices\": [[5, 5, 5], [5, 5, 5, 5, 5], [10, 10, 10]]}}"}
{"op_code": 7, "worker_id": "5bb96af9-55c3-4220-845a-ece71c177e45-7728", "trial_id": 18, "step": 0, "intermediate_value": 0.16515447385329396}
{"op_code": 7, "worker_id": "5bb96af9-55c3-4220-845a-ece71c177e45-7728", "trial_id": 18, "step": 1, "intermediate_value": 0.05010595367492862}
{"op_code": 7, "worker_id": "5bb96af9-55c3-4220-845a-ece71c177e45-7728", "trial_id": 18, "step": 2, "intermediate_value": 0.06808146455580925}
{"op_code": 6, "worker_id": "5bb96af9-55c3-4220-845a-ece71c177e45-7728", "trial_id": 18, "state": 1, "values": [0.09444729736134394], "datetime_complete": "2024-03-19T11:20:10.239888"}
{"op_code": 4, "worker_id": "5bb96af9-55c3-4220-845a-ece71c177e45-7728", "study_id": 0, "datetime_start": "2024-03-19T11:20:10.500060"}
{"op_code": 5, "worker_id": "5bb96af9-55c3-4220-845a-ece71c177e45-7728", "trial_id": 19, "param_name": "learning_rate_init", "param_value_internal": 0.10228556462293907, "distribution": "{\"name\": \"FloatDistribution\", \"attributes\": {\"step\": null, \"low\": 0.05, \"high\": 0.15, \"log\": false}}"}
{"op_code": 5, "worker_id": "5bb96af9-55c3-4220-845a-ece71c177e45-7728", "trial_id": 19, "param_name": "hidden_layer_sizes", "param_value_internal": 1, "distribution": "{\"name\": \"CategoricalDistribution\", \"attributes\": {\"choices\": [[5, 5, 5], [5, 5, 5, 5, 5], [10, 10, 10]]}}"}
{"op_code": 7, "worker_id": "5bb96af9-55c3-4220-845a-ece71c177e45-7728", "trial_id": 19, "step": 0, "intermediate_value": 0.20515235842083882}
{"op_code": 7, "worker_id": "5bb96af9-55c3-4220-845a-ece71c177e45-7728", "trial_id": 19, "step": 1, "intermediate_value": 0.1375114544136641}
{"op_code": 9, "worker_id": "5bb96af9-55c3-4220-845a-ece71c177e45-7728", "trial_id": 19, "system_attr": {"completed_rung_0": 0.1375114544136641}}
{"op_code": 6, "worker_id": "5bb96af9-55c3-4220-845a-ece71c177e45-7728", "trial_id": 19, "state": 2, "values": [0.1375114544136641], "datetime_complete": "2024-03-19T11:20:25.475245"}
