{"op_code": 0, "worker_id": "aab8bc56-e5b4-4d84-a400-b3fb13fc6aa9-9760", "study_name": "GB", "directions": [2]}
{"op_code": 4, "worker_id": "aab8bc56-e5b4-4d84-a400-b3fb13fc6aa9-14956", "study_id": 0, "datetime_start": "2024-03-19T11:12:05.523407"}
{"op_code": 5, "worker_id": "aab8bc56-e5b4-4d84-a400-b3fb13fc6aa9-14956", "trial_id": 0, "param_name": "n_estimators", "param_value_internal": 2, "distribution": "{\"name\": \"CategoricalDistribution\", \"attributes\": {\"choices\": [5, 10, 20, 50]}}"}
{"op_code": 5, "worker_id": "aab8bc56-e5b4-4d84-a400-b3fb13fc6aa9-14956", "trial_id": 0, "param_name": "learning_rate", "param_value_internal": 0.17286359849513466, "distribution": "{\"name\": \"FloatDistribution\", \"attributes\": {\"step\": null, \"low\": 0.05, \"high\": 0.175, \"log\": false}}"}
{"op_code": 5, "worker_id": "aab8bc56-e5b4-4d84-a400-b3fb13fc6aa9-14956", "trial_id": 0, "param_name": "max_depth", "param_value_internal": 0, "distribution": "{\"name\": \"CategoricalDistribution\", \"attributes\": {\"choices\": [1, 2, 3]}}"}
{"op_code": 7, "worker_id": "aab8bc56-e5b4-4d84-a400-b3fb13fc6aa9-14956", "trial_id": 0, "step": 0, "intermediate_value": 0.059163752156484166}
{"op_code": 7, "worker_id": "aab8bc56-e5b4-4d84-a400-b3fb13fc6aa9-14956", "trial_id": 0, "step": 1, "intermediate_value": 0.059163752156484166}
{"op_code": 7, "worker_id": "aab8bc56-e5b4-4d84-a400-b3fb13fc6aa9-14956", "trial_id": 0, "step": 2, "intermediate_value": 0.059163752156484166}
{"op_code": 6, "worker_id": "aab8bc56-e5b4-4d84-a400-b3fb13fc6aa9-14956", "trial_id": 0, "state": 1, "values": [0.059163752156484166], "datetime_complete": "2024-03-19T11:12:09.282193"}
{"op_code": 4, "worker_id": "aab8bc56-e5b4-4d84-a400-b3fb13fc6aa9-14956", "study_id": 0, "datetime_start": "2024-03-19T11:12:09.379453"}
{"op_code": 5, "worker_id": "aab8bc56-e5b4-4d84-a400-b3fb13fc6aa9-14956", "trial_id": 1, "param_name": "n_estimators", "param_value_internal": 2, "distribution": "{\"name\": \"CategoricalDistribution\", \"attributes\": {\"choices\": [5, 10, 20, 50]}}"}
{"op_code": 5, "worker_id": "aab8bc56-e5b4-4d84-a400-b3fb13fc6aa9-14956", "trial_id": 1, "param_name": "learning_rate", "param_value_internal": 0.16562015229067112, "distribution": "{\"name\": \"FloatDistribution\", \"attributes\": {\"step\": null, \"low\": 0.05, \"high\": 0.175, \"log\": false}}"}
{"op_code": 5, "worker_id": "aab8bc56-e5b4-4d84-a400-b3fb13fc6aa9-14956", "trial_id": 1, "param_name": "max_depth", "param_value_internal": 0, "distribution": "{\"name\": \"CategoricalDistribution\", \"attributes\": {\"choices\": [1, 2, 3]}}"}
{"op_code": 7, "worker_id": "aab8bc56-e5b4-4d84-a400-b3fb13fc6aa9-14956", "trial_id": 1, "step": 0, "intermediate_value": 0.058725270139443}
{"op_code": 7, "worker_id": "aab8bc56-e5b4-4d84-a400-b3fb13fc6aa9-14956", "trial_id": 1, "step": 1, "intermediate_value": 0.058725270139443}
{"op_code": 7, "worker_id": "aab8bc56-e5b4-4d84-a400-b3fb13fc6aa9-14956", "trial_id": 1, "step": 2, "intermediate_value": 0.058725270139443}
{"op_code": 6, "worker_id": "aab8bc56-e5b4-4d84-a400-b3fb13fc6aa9-14956", "trial_id": 1, "state": 1, "values": [0.058725270139443], "datetime_complete": "2024-03-19T11:12:13.336077"}
{"op_code": 4, "worker_id": "aab8bc56-e5b4-4d84-a400-b3fb13fc6aa9-14956", "study_id": 0, "datetime_start": "2024-03-19T11:12:13.769238"}
{"op_code": 5, "worker_id": "aab8bc56-e5b4-4d84-a400-b3fb13fc6aa9-14956", "trial_id": 2, "param_name": "n_estimators", "param_value_internal": 0, "distribution": "{\"name\": \"CategoricalDistribution\", \"attributes\": {\"choices\": [5, 10, 20, 50]}}"}
{"op_code": 5, "worker_id": "aab8bc56-e5b4-4d84-a400-b3fb13fc6aa9-14956", "trial_id": 2, "param_name": "learning_rate", "param_value_internal": 0.1736718383256933, "distribution": "{\"name\": \"FloatDistribution\", \"attributes\": {\"step\": null, \"low\": 0.05, \"high\": 0.175, \"log\": false}}"}
{"op_code": 5, "worker_id": "aab8bc56-e5b4-4d84-a400-b3fb13fc6aa9-14956", "trial_id": 2, "param_name": "max_depth", "param_value_internal": 2, "distribution": "{\"name\": \"CategoricalDistribution\", \"attributes\": {\"choices\": [1, 2, 3]}}"}
{"op_code": 7, "worker_id": "aab8bc56-e5b4-4d84-a400-b3fb13fc6aa9-14956", "trial_id": 2, "step": 0, "intermediate_value": 0.033634066964227105}
{"op_code": 7, "worker_id": "aab8bc56-e5b4-4d84-a400-b3fb13fc6aa9-14956", "trial_id": 2, "step": 1, "intermediate_value": 0.033634066964227105}
{"op_code": 9, "worker_id": "aab8bc56-e5b4-4d84-a400-b3fb13fc6aa9-14956", "trial_id": 2, "system_attr": {"completed_rung_0": 0.033634066964227105}}
{"op_code": 7, "worker_id": "aab8bc56-e5b4-4d84-a400-b3fb13fc6aa9-14956", "trial_id": 2, "step": 2, "intermediate_value": 0.033634066964227105}
{"op_code": 6, "worker_id": "aab8bc56-e5b4-4d84-a400-b3fb13fc6aa9-14956", "trial_id": 2, "state": 1, "values": [0.033634066964227105], "datetime_complete": "2024-03-19T11:12:15.672716"}
{"op_code": 4, "worker_id": "aab8bc56-e5b4-4d84-a400-b3fb13fc6aa9-14956", "study_id": 0, "datetime_start": "2024-03-19T11:12:15.875369"}
{"op_code": 5, "worker_id": "aab8bc56-e5b4-4d84-a400-b3fb13fc6aa9-14956", "trial_id": 3, "param_name": "n_estimators", "param_value_internal": 3, "distribution": "{\"name\": \"CategoricalDistribution\", \"attributes\": {\"choices\": [5, 10, 20, 50]}}"}
{"op_code": 5, "worker_id": "aab8bc56-e5b4-4d84-a400-b3fb13fc6aa9-14956", "trial_id": 3, "param_name": "learning_rate", "param_value_internal": 0.06907082247837779, "distribution": "{\"name\": \"FloatDistribution\", \"attributes\": {\"step\": null, \"low\": 0.05, \"high\": 0.175, \"log\": false}}"}
{"op_code": 5, "worker_id": "aab8bc56-e5b4-4d84-a400-b3fb13fc6aa9-14956", "trial_id": 3, "param_name": "max_depth", "param_value_internal": 0, "distribution": "{\"name\": \"CategoricalDistribution\", \"attributes\": {\"choices\": [1, 2, 3]}}"}
{"op_code": 7, "worker_id": "aab8bc56-e5b4-4d84-a400-b3fb13fc6aa9-14956", "trial_id": 3, "step": 0, "intermediate_value": 0.009166075090465717}
{"op_code": 7, "worker_id": "aab8bc56-e5b4-4d84-a400-b3fb13fc6aa9-14956", "trial_id": 3, "step": 1, "intermediate_value": 0.009166075090465717}
{"op_code": 9, "worker_id": "aab8bc56-e5b4-4d84-a400-b3fb13fc6aa9-14956", "trial_id": 3, "system_attr": {"completed_rung_0": 0.009166075090465717}}
{"op_code": 6, "worker_id": "aab8bc56-e5b4-4d84-a400-b3fb13fc6aa9-14956", "trial_id": 3, "state": 2, "values": [0.009166075090465717], "datetime_complete": "2024-03-19T11:12:18.058113"}
{"op_code": 4, "worker_id": "aab8bc56-e5b4-4d84-a400-b3fb13fc6aa9-14956", "study_id": 0, "datetime_start": "2024-03-19T11:12:18.413607"}
{"op_code": 5, "worker_id": "aab8bc56-e5b4-4d84-a400-b3fb13fc6aa9-14956", "trial_id": 4, "param_name": "n_estimators", "param_value_internal": 2, "distribution": "{\"name\": \"CategoricalDistribution\", \"attributes\": {\"choices\": [5, 10, 20, 50]}}"}
{"op_code": 5, "worker_id": "aab8bc56-e5b4-4d84-a400-b3fb13fc6aa9-14956", "trial_id": 4, "param_name": "learning_rate", "param_value_internal": 0.12581339932050528, "distribution": "{\"name\": \"FloatDistribution\", \"attributes\": {\"step\": null, \"low\": 0.05, \"high\": 0.175, \"log\": false}}"}
{"op_code": 5, "worker_id": "aab8bc56-e5b4-4d84-a400-b3fb13fc6aa9-14956", "trial_id": 4, "param_name": "max_depth", "param_value_internal": 1, "distribution": "{\"name\": \"CategoricalDistribution\", \"attributes\": {\"choices\": [1, 2, 3]}}"}
{"op_code": 7, "worker_id": "aab8bc56-e5b4-4d84-a400-b3fb13fc6aa9-14956", "trial_id": 4, "step": 0, "intermediate_value": 0.11517543086336822}
{"op_code": 7, "worker_id": "aab8bc56-e5b4-4d84-a400-b3fb13fc6aa9-14956", "trial_id": 4, "step": 1, "intermediate_value": 0.11517543086336822}
{"op_code": 7, "worker_id": "aab8bc56-e5b4-4d84-a400-b3fb13fc6aa9-14956", "trial_id": 4, "step": 2, "intermediate_value": 0.11517543086336822}
{"op_code": 6, "worker_id": "aab8bc56-e5b4-4d84-a400-b3fb13fc6aa9-14956", "trial_id": 4, "state": 1, "values": [0.11517543086336822], "datetime_complete": "2024-03-19T11:12:23.173983"}
{"op_code": 4, "worker_id": "aab8bc56-e5b4-4d84-a400-b3fb13fc6aa9-14956", "study_id": 0, "datetime_start": "2024-03-19T11:12:23.480778"}
{"op_code": 5, "worker_id": "aab8bc56-e5b4-4d84-a400-b3fb13fc6aa9-14956", "trial_id": 5, "param_name": "n_estimators", "param_value_internal": 1, "distribution": "{\"name\": \"CategoricalDistribution\", \"attributes\": {\"choices\": [5, 10, 20, 50]}}"}
{"op_code": 5, "worker_id": "aab8bc56-e5b4-4d84-a400-b3fb13fc6aa9-14956", "trial_id": 5, "param_name": "learning_rate", "param_value_internal": 0.1195614978980553, "distribution": "{\"name\": \"FloatDistribution\", \"attributes\": {\"step\": null, \"low\": 0.05, \"high\": 0.175, \"log\": false}}"}
{"op_code": 5, "worker_id": "aab8bc56-e5b4-4d84-a400-b3fb13fc6aa9-14956", "trial_id": 5, "param_name": "max_depth", "param_value_internal": 1, "distribution": "{\"name\": \"CategoricalDistribution\", \"attributes\": {\"choices\": [1, 2, 3]}}"}
{"op_code": 7, "worker_id": "aab8bc56-e5b4-4d84-a400-b3fb13fc6aa9-14956", "trial_id": 5, "step": 0, "intermediate_value": 0.09502082933003113}
{"op_code": 7, "worker_id": "aab8bc56-e5b4-4d84-a400-b3fb13fc6aa9-14956", "trial_id": 5, "step": 1, "intermediate_value": 0.09502082933003113}
{"op_code": 7, "worker_id": "aab8bc56-e5b4-4d84-a400-b3fb13fc6aa9-14956", "trial_id": 5, "step": 2, "intermediate_value": 0.09502082933003113}
{"op_code": 6, "worker_id": "aab8bc56-e5b4-4d84-a400-b3fb13fc6aa9-14956", "trial_id": 5, "state": 1, "values": [0.09502082933003113], "datetime_complete": "2024-03-19T11:12:25.196019"}
{"op_code": 4, "worker_id": "aab8bc56-e5b4-4d84-a400-b3fb13fc6aa9-14956", "study_id": 0, "datetime_start": "2024-03-19T11:12:25.392030"}
{"op_code": 5, "worker_id": "aab8bc56-e5b4-4d84-a400-b3fb13fc6aa9-14956", "trial_id": 6, "param_name": "n_estimators", "param_value_internal": 2, "distribution": "{\"name\": \"CategoricalDistribution\", \"attributes\": {\"choices\": [5, 10, 20, 50]}}"}
{"op_code": 5, "worker_id": "aab8bc56-e5b4-4d84-a400-b3fb13fc6aa9-14956", "trial_id": 6, "param_name": "learning_rate", "param_value_internal": 0.11573079764870509, "distribution": "{\"name\": \"FloatDistribution\", \"attributes\": {\"step\": null, \"low\": 0.05, \"high\": 0.175, \"log\": false}}"}
{"op_code": 5, "worker_id": "aab8bc56-e5b4-4d84-a400-b3fb13fc6aa9-14956", "trial_id": 6, "param_name": "max_depth", "param_value_internal": 1, "distribution": "{\"name\": \"CategoricalDistribution\", \"attributes\": {\"choices\": [1, 2, 3]}}"}
{"op_code": 7, "worker_id": "aab8bc56-e5b4-4d84-a400-b3fb13fc6aa9-14956", "trial_id": 6, "step": 0, "intermediate_value": 0.07792926367580617}
{"op_code": 7, "worker_id": "aab8bc56-e5b4-4d84-a400-b3fb13fc6aa9-14956", "trial_id": 6, "step": 1, "intermediate_value": 0.07792926367580617}
{"op_code": 7, "worker_id": "aab8bc56-e5b4-4d84-a400-b3fb13fc6aa9-14956", "trial_id": 6, "step": 2, "intermediate_value": 0.07792926367580617}
{"op_code": 6, "worker_id": "aab8bc56-e5b4-4d84-a400-b3fb13fc6aa9-14956", "trial_id": 6, "state": 1, "values": [0.07792926367580617], "datetime_complete": "2024-03-19T11:12:28.831042"}
{"op_code": 4, "worker_id": "aab8bc56-e5b4-4d84-a400-b3fb13fc6aa9-14956", "study_id": 0, "datetime_start": "2024-03-19T11:12:29.127068"}
{"op_code": 5, "worker_id": "aab8bc56-e5b4-4d84-a400-b3fb13fc6aa9-14956", "trial_id": 7, "param_name": "n_estimators", "param_value_internal": 0, "distribution": "{\"name\": \"CategoricalDistribution\", \"attributes\": {\"choices\": [5, 10, 20, 50]}}"}
{"op_code": 5, "worker_id": "aab8bc56-e5b4-4d84-a400-b3fb13fc6aa9-14956", "trial_id": 7, "param_name": "learning_rate", "param_value_internal": 0.05197839959912343, "distribution": "{\"name\": \"FloatDistribution\", \"attributes\": {\"step\": null, \"low\": 0.05, \"high\": 0.175, \"log\": false}}"}
{"op_code": 5, "worker_id": "aab8bc56-e5b4-4d84-a400-b3fb13fc6aa9-14956", "trial_id": 7, "param_name": "max_depth", "param_value_internal": 1, "distribution": "{\"name\": \"CategoricalDistribution\", \"attributes\": {\"choices\": [1, 2, 3]}}"}
{"op_code": 7, "worker_id": "aab8bc56-e5b4-4d84-a400-b3fb13fc6aa9-14956", "trial_id": 7, "step": 0, "intermediate_value": 0.04725681337222934}
{"op_code": 7, "worker_id": "aab8bc56-e5b4-4d84-a400-b3fb13fc6aa9-14956", "trial_id": 7, "step": 1, "intermediate_value": 0.04725681337222934}
{"op_code": 9, "worker_id": "aab8bc56-e5b4-4d84-a400-b3fb13fc6aa9-14956", "trial_id": 7, "system_attr": {"completed_rung_0": 0.04725681337222934}}
{"op_code": 7, "worker_id": "aab8bc56-e5b4-4d84-a400-b3fb13fc6aa9-14956", "trial_id": 7, "step": 2, "intermediate_value": 0.04725681337222934}
{"op_code": 6, "worker_id": "aab8bc56-e5b4-4d84-a400-b3fb13fc6aa9-14956", "trial_id": 7, "state": 1, "values": [0.04725681337222934], "datetime_complete": "2024-03-19T11:12:32.935513"}
{"op_code": 4, "worker_id": "aab8bc56-e5b4-4d84-a400-b3fb13fc6aa9-14956", "study_id": 0, "datetime_start": "2024-03-19T11:12:33.247647"}
{"op_code": 5, "worker_id": "aab8bc56-e5b4-4d84-a400-b3fb13fc6aa9-14956", "trial_id": 8, "param_name": "n_estimators", "param_value_internal": 3, "distribution": "{\"name\": \"CategoricalDistribution\", \"attributes\": {\"choices\": [5, 10, 20, 50]}}"}
{"op_code": 5, "worker_id": "aab8bc56-e5b4-4d84-a400-b3fb13fc6aa9-14956", "trial_id": 8, "param_name": "learning_rate", "param_value_internal": 0.13474979885952948, "distribution": "{\"name\": \"FloatDistribution\", \"attributes\": {\"step\": null, \"low\": 0.05, \"high\": 0.175, \"log\": false}}"}
{"op_code": 5, "worker_id": "aab8bc56-e5b4-4d84-a400-b3fb13fc6aa9-14956", "trial_id": 8, "param_name": "max_depth", "param_value_internal": 2, "distribution": "{\"name\": \"CategoricalDistribution\", \"attributes\": {\"choices\": [1, 2, 3]}}"}
{"op_code": 7, "worker_id": "aab8bc56-e5b4-4d84-a400-b3fb13fc6aa9-14956", "trial_id": 8, "step": 0, "intermediate_value": 0.09937680812194177}
{"op_code": 7, "worker_id": "aab8bc56-e5b4-4d84-a400-b3fb13fc6aa9-14956", "trial_id": 8, "step": 1, "intermediate_value": 0.09937680812194177}
{"op_code": 9, "worker_id": "aab8bc56-e5b4-4d84-a400-b3fb13fc6aa9-14956", "trial_id": 8, "system_attr": {"completed_rung_0": 0.09937680812194177}}
{"op_code": 7, "worker_id": "aab8bc56-e5b4-4d84-a400-b3fb13fc6aa9-14956", "trial_id": 8, "step": 2, "intermediate_value": 0.09937680812194177}
{"op_code": 6, "worker_id": "aab8bc56-e5b4-4d84-a400-b3fb13fc6aa9-14956", "trial_id": 8, "state": 1, "values": [0.09937680812194177], "datetime_complete": "2024-03-19T11:12:41.788012"}
{"op_code": 4, "worker_id": "aab8bc56-e5b4-4d84-a400-b3fb13fc6aa9-14956", "study_id": 0, "datetime_start": "2024-03-19T11:12:42.027290"}
{"op_code": 5, "worker_id": "aab8bc56-e5b4-4d84-a400-b3fb13fc6aa9-14956", "trial_id": 9, "param_name": "n_estimators", "param_value_internal": 1, "distribution": "{\"name\": \"CategoricalDistribution\", \"attributes\": {\"choices\": [5, 10, 20, 50]}}"}
{"op_code": 5, "worker_id": "aab8bc56-e5b4-4d84-a400-b3fb13fc6aa9-14956", "trial_id": 9, "param_name": "learning_rate", "param_value_internal": 0.09609045676173761, "distribution": "{\"name\": \"FloatDistribution\", \"attributes\": {\"step\": null, \"low\": 0.05, \"high\": 0.175, \"log\": false}}"}
{"op_code": 5, "worker_id": "aab8bc56-e5b4-4d84-a400-b3fb13fc6aa9-14956", "trial_id": 9, "param_name": "max_depth", "param_value_internal": 1, "distribution": "{\"name\": \"CategoricalDistribution\", \"attributes\": {\"choices\": [1, 2, 3]}}"}
{"op_code": 7, "worker_id": "aab8bc56-e5b4-4d84-a400-b3fb13fc6aa9-14956", "trial_id": 9, "step": 0, "intermediate_value": 0.026197866523446092}
{"op_code": 7, "worker_id": "aab8bc56-e5b4-4d84-a400-b3fb13fc6aa9-14956", "trial_id": 9, "step": 1, "intermediate_value": 0.026197866523446092}
{"op_code": 9, "worker_id": "aab8bc56-e5b4-4d84-a400-b3fb13fc6aa9-14956", "trial_id": 9, "system_attr": {"completed_rung_0": 0.026197866523446092}}
{"op_code": 6, "worker_id": "aab8bc56-e5b4-4d84-a400-b3fb13fc6aa9-14956", "trial_id": 9, "state": 2, "values": [0.026197866523446092], "datetime_complete": "2024-03-19T11:12:43.681613"}
{"op_code": 4, "worker_id": "aab8bc56-e5b4-4d84-a400-b3fb13fc6aa9-14956", "study_id": 0, "datetime_start": "2024-03-19T11:12:43.785520"}
{"op_code": 5, "worker_id": "aab8bc56-e5b4-4d84-a400-b3fb13fc6aa9-14956", "trial_id": 10, "param_name": "n_estimators", "param_value_internal": 2, "distribution": "{\"name\": \"CategoricalDistribution\", \"attributes\": {\"choices\": [5, 10, 20, 50]}}"}
{"op_code": 5, "worker_id": "aab8bc56-e5b4-4d84-a400-b3fb13fc6aa9-14956", "trial_id": 10, "param_name": "learning_rate", "param_value_internal": 0.14291718892876812, "distribution": "{\"name\": \"FloatDistribution\", \"attributes\": {\"step\": null, \"low\": 0.05, \"high\": 0.175, \"log\": false}}"}
{"op_code": 5, "worker_id": "aab8bc56-e5b4-4d84-a400-b3fb13fc6aa9-14956", "trial_id": 10, "param_name": "max_depth", "param_value_internal": 1, "distribution": "{\"name\": \"CategoricalDistribution\", \"attributes\": {\"choices\": [1, 2, 3]}}"}
{"op_code": 7, "worker_id": "aab8bc56-e5b4-4d84-a400-b3fb13fc6aa9-14956", "trial_id": 10, "step": 0, "intermediate_value": 0.12875814309141237}
{"op_code": 7, "worker_id": "aab8bc56-e5b4-4d84-a400-b3fb13fc6aa9-14956", "trial_id": 10, "step": 1, "intermediate_value": 0.12875814309141237}
{"op_code": 9, "worker_id": "aab8bc56-e5b4-4d84-a400-b3fb13fc6aa9-14956", "trial_id": 10, "system_attr": {"completed_rung_0": 0.12875814309141237}}
{"op_code": 7, "worker_id": "aab8bc56-e5b4-4d84-a400-b3fb13fc6aa9-14956", "trial_id": 10, "step": 2, "intermediate_value": 0.12875814309141237}
{"op_code": 6, "worker_id": "aab8bc56-e5b4-4d84-a400-b3fb13fc6aa9-14956", "trial_id": 10, "state": 1, "values": [0.12875814309141237], "datetime_complete": "2024-03-19T11:12:47.628633"}
{"op_code": 4, "worker_id": "aab8bc56-e5b4-4d84-a400-b3fb13fc6aa9-14956", "study_id": 0, "datetime_start": "2024-03-19T11:12:47.986046"}
{"op_code": 5, "worker_id": "aab8bc56-e5b4-4d84-a400-b3fb13fc6aa9-14956", "trial_id": 11, "param_name": "n_estimators", "param_value_internal": 2, "distribution": "{\"name\": \"CategoricalDistribution\", \"attributes\": {\"choices\": [5, 10, 20, 50]}}"}
{"op_code": 5, "worker_id": "aab8bc56-e5b4-4d84-a400-b3fb13fc6aa9-14956", "trial_id": 11, "param_name": "learning_rate", "param_value_internal": 0.14364511101529778, "distribution": "{\"name\": \"FloatDistribution\", \"attributes\": {\"step\": null, \"low\": 0.05, \"high\": 0.175, \"log\": false}}"}
{"op_code": 5, "worker_id": "aab8bc56-e5b4-4d84-a400-b3fb13fc6aa9-14956", "trial_id": 11, "param_name": "max_depth", "param_value_internal": 1, "distribution": "{\"name\": \"CategoricalDistribution\", \"attributes\": {\"choices\": [1, 2, 3]}}"}
{"op_code": 7, "worker_id": "aab8bc56-e5b4-4d84-a400-b3fb13fc6aa9-14956", "trial_id": 11, "step": 0, "intermediate_value": 0.12875814309141237}
{"op_code": 7, "worker_id": "aab8bc56-e5b4-4d84-a400-b3fb13fc6aa9-14956", "trial_id": 11, "step": 1, "intermediate_value": 0.12875814309141237}
{"op_code": 7, "worker_id": "aab8bc56-e5b4-4d84-a400-b3fb13fc6aa9-14956", "trial_id": 11, "step": 2, "intermediate_value": 0.12875814309141237}
{"op_code": 6, "worker_id": "aab8bc56-e5b4-4d84-a400-b3fb13fc6aa9-14956", "trial_id": 11, "state": 1, "values": [0.12875814309141237], "datetime_complete": "2024-03-19T11:12:52.815927"}
{"op_code": 4, "worker_id": "aab8bc56-e5b4-4d84-a400-b3fb13fc6aa9-14956", "study_id": 0, "datetime_start": "2024-03-19T11:12:52.903599"}
{"op_code": 5, "worker_id": "aab8bc56-e5b4-4d84-a400-b3fb13fc6aa9-14956", "trial_id": 12, "param_name": "n_estimators", "param_value_internal": 2, "distribution": "{\"name\": \"CategoricalDistribution\", \"attributes\": {\"choices\": [5, 10, 20, 50]}}"}
{"op_code": 5, "worker_id": "aab8bc56-e5b4-4d84-a400-b3fb13fc6aa9-14956", "trial_id": 12, "param_name": "learning_rate", "param_value_internal": 0.1468184358508637, "distribution": "{\"name\": \"FloatDistribution\", \"attributes\": {\"step\": null, \"low\": 0.05, \"high\": 0.175, \"log\": false}}"}
{"op_code": 5, "worker_id": "aab8bc56-e5b4-4d84-a400-b3fb13fc6aa9-14956", "trial_id": 12, "param_name": "max_depth", "param_value_internal": 1, "distribution": "{\"name\": \"CategoricalDistribution\", \"attributes\": {\"choices\": [1, 2, 3]}}"}
{"op_code": 7, "worker_id": "aab8bc56-e5b4-4d84-a400-b3fb13fc6aa9-14956", "trial_id": 12, "step": 0, "intermediate_value": 0.1303031572942281}
{"op_code": 7, "worker_id": "aab8bc56-e5b4-4d84-a400-b3fb13fc6aa9-14956", "trial_id": 12, "step": 1, "intermediate_value": 0.1303031572942281}
{"op_code": 9, "worker_id": "aab8bc56-e5b4-4d84-a400-b3fb13fc6aa9-14956", "trial_id": 12, "system_attr": {"completed_rung_0": 0.1303031572942281}}
{"op_code": 7, "worker_id": "aab8bc56-e5b4-4d84-a400-b3fb13fc6aa9-14956", "trial_id": 12, "step": 2, "intermediate_value": 0.1303031572942281}
{"op_code": 6, "worker_id": "aab8bc56-e5b4-4d84-a400-b3fb13fc6aa9-14956", "trial_id": 12, "state": 1, "values": [0.1303031572942281], "datetime_complete": "2024-03-19T11:12:56.661828"}
{"op_code": 4, "worker_id": "aab8bc56-e5b4-4d84-a400-b3fb13fc6aa9-14956", "study_id": 0, "datetime_start": "2024-03-19T11:12:57.028217"}
{"op_code": 5, "worker_id": "aab8bc56-e5b4-4d84-a400-b3fb13fc6aa9-14956", "trial_id": 13, "param_name": "n_estimators", "param_value_internal": 2, "distribution": "{\"name\": \"CategoricalDistribution\", \"attributes\": {\"choices\": [5, 10, 20, 50]}}"}
{"op_code": 5, "worker_id": "aab8bc56-e5b4-4d84-a400-b3fb13fc6aa9-14956", "trial_id": 13, "param_name": "learning_rate", "param_value_internal": 0.1422707959111716, "distribution": "{\"name\": \"FloatDistribution\", \"attributes\": {\"step\": null, \"low\": 0.05, \"high\": 0.175, \"log\": false}}"}
{"op_code": 5, "worker_id": "aab8bc56-e5b4-4d84-a400-b3fb13fc6aa9-14956", "trial_id": 13, "param_name": "max_depth", "param_value_internal": 1, "distribution": "{\"name\": \"CategoricalDistribution\", \"attributes\": {\"choices\": [1, 2, 3]}}"}
{"op_code": 7, "worker_id": "aab8bc56-e5b4-4d84-a400-b3fb13fc6aa9-14956", "trial_id": 13, "step": 0, "intermediate_value": 0.13629530697271608}
{"op_code": 7, "worker_id": "aab8bc56-e5b4-4d84-a400-b3fb13fc6aa9-14956", "trial_id": 13, "step": 1, "intermediate_value": 0.13629530697271608}
{"op_code": 9, "worker_id": "aab8bc56-e5b4-4d84-a400-b3fb13fc6aa9-14956", "trial_id": 13, "system_attr": {"completed_rung_0": 0.13629530697271608}}
{"op_code": 7, "worker_id": "aab8bc56-e5b4-4d84-a400-b3fb13fc6aa9-14956", "trial_id": 13, "step": 2, "intermediate_value": 0.13629530697271608}
{"op_code": 6, "worker_id": "aab8bc56-e5b4-4d84-a400-b3fb13fc6aa9-14956", "trial_id": 13, "state": 1, "values": [0.13629530697271608], "datetime_complete": "2024-03-19T11:13:01.891065"}
{"op_code": 4, "worker_id": "aab8bc56-e5b4-4d84-a400-b3fb13fc6aa9-14956", "study_id": 0, "datetime_start": "2024-03-19T11:13:02.219302"}
{"op_code": 5, "worker_id": "aab8bc56-e5b4-4d84-a400-b3fb13fc6aa9-14956", "trial_id": 14, "param_name": "n_estimators", "param_value_internal": 2, "distribution": "{\"name\": \"CategoricalDistribution\", \"attributes\": {\"choices\": [5, 10, 20, 50]}}"}
{"op_code": 5, "worker_id": "aab8bc56-e5b4-4d84-a400-b3fb13fc6aa9-14956", "trial_id": 14, "param_name": "learning_rate", "param_value_internal": 0.15267435496101134, "distribution": "{\"name\": \"FloatDistribution\", \"attributes\": {\"step\": null, \"low\": 0.05, \"high\": 0.175, \"log\": false}}"}
{"op_code": 5, "worker_id": "aab8bc56-e5b4-4d84-a400-b3fb13fc6aa9-14956", "trial_id": 14, "param_name": "max_depth", "param_value_internal": 1, "distribution": "{\"name\": \"CategoricalDistribution\", \"attributes\": {\"choices\": [1, 2, 3]}}"}
{"op_code": 7, "worker_id": "aab8bc56-e5b4-4d84-a400-b3fb13fc6aa9-14956", "trial_id": 14, "step": 0, "intermediate_value": 0.1086241636740641}
{"op_code": 7, "worker_id": "aab8bc56-e5b4-4d84-a400-b3fb13fc6aa9-14956", "trial_id": 14, "step": 1, "intermediate_value": 0.1086241636740641}
{"op_code": 9, "worker_id": "aab8bc56-e5b4-4d84-a400-b3fb13fc6aa9-14956", "trial_id": 14, "system_attr": {"completed_rung_0": 0.1086241636740641}}
{"op_code": 6, "worker_id": "aab8bc56-e5b4-4d84-a400-b3fb13fc6aa9-14956", "trial_id": 14, "state": 2, "values": [0.1086241636740641], "datetime_complete": "2024-03-19T11:13:05.630530"}
{"op_code": 4, "worker_id": "aab8bc56-e5b4-4d84-a400-b3fb13fc6aa9-14956", "study_id": 0, "datetime_start": "2024-03-19T11:13:05.918114"}
{"op_code": 5, "worker_id": "aab8bc56-e5b4-4d84-a400-b3fb13fc6aa9-14956", "trial_id": 15, "param_name": "n_estimators", "param_value_internal": 2, "distribution": "{\"name\": \"CategoricalDistribution\", \"attributes\": {\"choices\": [5, 10, 20, 50]}}"}
{"op_code": 5, "worker_id": "aab8bc56-e5b4-4d84-a400-b3fb13fc6aa9-14956", "trial_id": 15, "param_name": "learning_rate", "param_value_internal": 0.15554634725670627, "distribution": "{\"name\": \"FloatDistribution\", \"attributes\": {\"step\": null, \"low\": 0.05, \"high\": 0.175, \"log\": false}}"}
{"op_code": 5, "worker_id": "aab8bc56-e5b4-4d84-a400-b3fb13fc6aa9-14956", "trial_id": 15, "param_name": "max_depth", "param_value_internal": 2, "distribution": "{\"name\": \"CategoricalDistribution\", \"attributes\": {\"choices\": [1, 2, 3]}}"}
{"op_code": 7, "worker_id": "aab8bc56-e5b4-4d84-a400-b3fb13fc6aa9-14956", "trial_id": 15, "step": 0, "intermediate_value": 0.12548540747332326}
{"op_code": 7, "worker_id": "aab8bc56-e5b4-4d84-a400-b3fb13fc6aa9-14956", "trial_id": 15, "step": 1, "intermediate_value": 0.12548540747332326}
{"op_code": 9, "worker_id": "aab8bc56-e5b4-4d84-a400-b3fb13fc6aa9-14956", "trial_id": 15, "system_attr": {"completed_rung_0": 0.12548540747332326}}
{"op_code": 6, "worker_id": "aab8bc56-e5b4-4d84-a400-b3fb13fc6aa9-14956", "trial_id": 15, "state": 2, "values": [0.12548540747332326], "datetime_complete": "2024-03-19T11:13:10.186177"}
{"op_code": 4, "worker_id": "aab8bc56-e5b4-4d84-a400-b3fb13fc6aa9-14956", "study_id": 0, "datetime_start": "2024-03-19T11:13:10.269316"}
{"op_code": 5, "worker_id": "aab8bc56-e5b4-4d84-a400-b3fb13fc6aa9-14956", "trial_id": 16, "param_name": "n_estimators", "param_value_internal": 1, "distribution": "{\"name\": \"CategoricalDistribution\", \"attributes\": {\"choices\": [5, 10, 20, 50]}}"}
{"op_code": 5, "worker_id": "aab8bc56-e5b4-4d84-a400-b3fb13fc6aa9-14956", "trial_id": 16, "param_name": "learning_rate", "param_value_internal": 0.13381108286177015, "distribution": "{\"name\": \"FloatDistribution\", \"attributes\": {\"step\": null, \"low\": 0.05, \"high\": 0.175, \"log\": false}}"}
{"op_code": 5, "worker_id": "aab8bc56-e5b4-4d84-a400-b3fb13fc6aa9-14956", "trial_id": 16, "param_name": "max_depth", "param_value_internal": 1, "distribution": "{\"name\": \"CategoricalDistribution\", \"attributes\": {\"choices\": [1, 2, 3]}}"}
{"op_code": 7, "worker_id": "aab8bc56-e5b4-4d84-a400-b3fb13fc6aa9-14956", "trial_id": 16, "step": 0, "intermediate_value": 0.051791290092193853}
{"op_code": 7, "worker_id": "aab8bc56-e5b4-4d84-a400-b3fb13fc6aa9-14956", "trial_id": 16, "step": 1, "intermediate_value": 0.051791290092193853}
{"op_code": 7, "worker_id": "aab8bc56-e5b4-4d84-a400-b3fb13fc6aa9-14956", "trial_id": 16, "step": 2, "intermediate_value": 0.051791290092193853}
{"op_code": 6, "worker_id": "aab8bc56-e5b4-4d84-a400-b3fb13fc6aa9-14956", "trial_id": 16, "state": 1, "values": [0.051791290092193853], "datetime_complete": "2024-03-19T11:13:14.421695"}
{"op_code": 4, "worker_id": "aab8bc56-e5b4-4d84-a400-b3fb13fc6aa9-14956", "study_id": 0, "datetime_start": "2024-03-19T11:13:14.684139"}
{"op_code": 5, "worker_id": "aab8bc56-e5b4-4d84-a400-b3fb13fc6aa9-14956", "trial_id": 17, "param_name": "n_estimators", "param_value_internal": 0, "distribution": "{\"name\": \"CategoricalDistribution\", \"attributes\": {\"choices\": [5, 10, 20, 50]}}"}
{"op_code": 5, "worker_id": "aab8bc56-e5b4-4d84-a400-b3fb13fc6aa9-14956", "trial_id": 17, "param_name": "learning_rate", "param_value_internal": 0.10049989543156886, "distribution": "{\"name\": \"FloatDistribution\", \"attributes\": {\"step\": null, \"low\": 0.05, \"high\": 0.175, \"log\": false}}"}
{"op_code": 5, "worker_id": "aab8bc56-e5b4-4d84-a400-b3fb13fc6aa9-14956", "trial_id": 17, "param_name": "max_depth", "param_value_internal": 1, "distribution": "{\"name\": \"CategoricalDistribution\", \"attributes\": {\"choices\": [1, 2, 3]}}"}
{"op_code": 7, "worker_id": "aab8bc56-e5b4-4d84-a400-b3fb13fc6aa9-14956", "trial_id": 17, "step": 0, "intermediate_value": 0.04491002283523014}
{"op_code": 7, "worker_id": "aab8bc56-e5b4-4d84-a400-b3fb13fc6aa9-14956", "trial_id": 17, "step": 1, "intermediate_value": 0.04491002283523014}
{"op_code": 7, "worker_id": "aab8bc56-e5b4-4d84-a400-b3fb13fc6aa9-14956", "trial_id": 17, "step": 2, "intermediate_value": 0.04491002283523014}
{"op_code": 6, "worker_id": "aab8bc56-e5b4-4d84-a400-b3fb13fc6aa9-14956", "trial_id": 17, "state": 1, "values": [0.044910022835230136], "datetime_complete": "2024-03-19T11:13:16.657317"}
{"op_code": 4, "worker_id": "aab8bc56-e5b4-4d84-a400-b3fb13fc6aa9-14956", "study_id": 0, "datetime_start": "2024-03-19T11:13:17.298970"}
{"op_code": 5, "worker_id": "aab8bc56-e5b4-4d84-a400-b3fb13fc6aa9-14956", "trial_id": 18, "param_name": "n_estimators", "param_value_internal": 3, "distribution": "{\"name\": \"CategoricalDistribution\", \"attributes\": {\"choices\": [5, 10, 20, 50]}}"}
{"op_code": 5, "worker_id": "aab8bc56-e5b4-4d84-a400-b3fb13fc6aa9-14956", "trial_id": 18, "param_name": "learning_rate", "param_value_internal": 0.15904002051963623, "distribution": "{\"name\": \"FloatDistribution\", \"attributes\": {\"step\": null, \"low\": 0.05, \"high\": 0.175, \"log\": false}}"}
{"op_code": 5, "worker_id": "aab8bc56-e5b4-4d84-a400-b3fb13fc6aa9-14956", "trial_id": 18, "param_name": "max_depth", "param_value_internal": 2, "distribution": "{\"name\": \"CategoricalDistribution\", \"attributes\": {\"choices\": [1, 2, 3]}}"}
{"op_code": 7, "worker_id": "aab8bc56-e5b4-4d84-a400-b3fb13fc6aa9-14956", "trial_id": 18, "step": 0, "intermediate_value": 0.12305187123334556}
{"op_code": 7, "worker_id": "aab8bc56-e5b4-4d84-a400-b3fb13fc6aa9-14956", "trial_id": 18, "step": 1, "intermediate_value": 0.12305187123334556}
{"op_code": 9, "worker_id": "aab8bc56-e5b4-4d84-a400-b3fb13fc6aa9-14956", "trial_id": 18, "system_attr": {"completed_rung_0": 0.12305187123334556}}
{"op_code": 6, "worker_id": "aab8bc56-e5b4-4d84-a400-b3fb13fc6aa9-14956", "trial_id": 18, "state": 2, "values": [0.12305187123334556], "datetime_complete": "2024-03-19T11:13:26.982266"}
{"op_code": 4, "worker_id": "aab8bc56-e5b4-4d84-a400-b3fb13fc6aa9-14956", "study_id": 0, "datetime_start": "2024-03-19T11:13:27.492247"}
{"op_code": 5, "worker_id": "aab8bc56-e5b4-4d84-a400-b3fb13fc6aa9-14956", "trial_id": 19, "param_name": "n_estimators", "param_value_internal": 2, "distribution": "{\"name\": \"CategoricalDistribution\", \"attributes\": {\"choices\": [5, 10, 20, 50]}}"}
{"op_code": 5, "worker_id": "aab8bc56-e5b4-4d84-a400-b3fb13fc6aa9-14956", "trial_id": 19, "param_name": "learning_rate", "param_value_internal": 0.14379939370024944, "distribution": "{\"name\": \"FloatDistribution\", \"attributes\": {\"step\": null, \"low\": 0.05, \"high\": 0.175, \"log\": false}}"}
{"op_code": 5, "worker_id": "aab8bc56-e5b4-4d84-a400-b3fb13fc6aa9-14956", "trial_id": 19, "param_name": "max_depth", "param_value_internal": 0, "distribution": "{\"name\": \"CategoricalDistribution\", \"attributes\": {\"choices\": [1, 2, 3]}}"}
{"op_code": 7, "worker_id": "aab8bc56-e5b4-4d84-a400-b3fb13fc6aa9-14956", "trial_id": 19, "step": 0, "intermediate_value": 0.013333059584845671}
{"op_code": 7, "worker_id": "aab8bc56-e5b4-4d84-a400-b3fb13fc6aa9-14956", "trial_id": 19, "step": 1, "intermediate_value": 0.013333059584845671}
{"op_code": 7, "worker_id": "aab8bc56-e5b4-4d84-a400-b3fb13fc6aa9-14956", "trial_id": 19, "step": 2, "intermediate_value": 0.013333059584845671}
{"op_code": 6, "worker_id": "aab8bc56-e5b4-4d84-a400-b3fb13fc6aa9-14956", "trial_id": 19, "state": 1, "values": [0.013333059584845671], "datetime_complete": "2024-03-19T11:13:31.294181"}
