{"op_code": 0, "worker_id": "5a08b03f-e28f-40b9-9cd5-aff3d4e12fe3-9760", "study_name": "KRR", "directions": [2]}
{"op_code": 4, "worker_id": "5a08b03f-e28f-40b9-9cd5-aff3d4e12fe3-5336", "study_id": 0, "datetime_start": "2024-03-19T11:12:05.491918"}
{"op_code": 5, "worker_id": "5a08b03f-e28f-40b9-9cd5-aff3d4e12fe3-5336", "trial_id": 0, "param_name": "alpha", "param_value_internal": 0.5545262853204351, "distribution": "{\"name\": \"FloatDistribution\", \"attributes\": {\"step\": null, \"low\": 0.3, \"high\": 1.0, \"log\": false}}"}
{"op_code": 5, "worker_id": "5a08b03f-e28f-40b9-9cd5-aff3d4e12fe3-5336", "trial_id": 0, "param_name": "gamma", "param_value_internal": 0.2477606148771775, "distribution": "{\"name\": \"FloatDistribution\", \"attributes\": {\"step\": null, \"low\": 0.1, \"high\": 0.3, \"log\": false}}"}
{"op_code": 5, "worker_id": "5a08b03f-e28f-40b9-9cd5-aff3d4e12fe3-5336", "trial_id": 0, "param_name": "kernel", "param_value_internal": 0, "distribution": "{\"name\": \"CategoricalDistribution\", \"attributes\": {\"choices\": [\"laplacian\", \"rbf\"]}}"}
{"op_code": 7, "worker_id": "5a08b03f-e28f-40b9-9cd5-aff3d4e12fe3-5336", "trial_id": 0, "step": 0, "intermediate_value": 0.09219495476186866}
{"op_code": 7, "worker_id": "5a08b03f-e28f-40b9-9cd5-aff3d4e12fe3-5336", "trial_id": 0, "step": 1, "intermediate_value": 0.09219495476186866}
{"op_code": 7, "worker_id": "5a08b03f-e28f-40b9-9cd5-aff3d4e12fe3-5336", "trial_id": 0, "step": 2, "intermediate_value": 0.09219495476186866}
{"op_code": 6, "worker_id": "5a08b03f-e28f-40b9-9cd5-aff3d4e12fe3-5336", "trial_id": 0, "state": 1, "values": [0.09219495476186866], "datetime_complete": "2024-03-19T11:12:07.760766"}
{"op_code": 4, "worker_id": "5a08b03f-e28f-40b9-9cd5-aff3d4e12fe3-5336", "study_id": 0, "datetime_start": "2024-03-19T11:12:07.943183"}
{"op_code": 5, "worker_id": "5a08b03f-e28f-40b9-9cd5-aff3d4e12fe3-5336", "trial_id": 1, "param_name": "alpha", "param_value_internal": 0.5688847415063785, "distribution": "{\"name\": \"FloatDistribution\", \"attributes\": {\"step\": null, \"low\": 0.3, \"high\": 1.0, \"log\": false}}"}
{"op_code": 5, "worker_id": "5a08b03f-e28f-40b9-9cd5-aff3d4e12fe3-5336", "trial_id": 1, "param_name": "gamma", "param_value_internal": 0.2536915925845899, "distribution": "{\"name\": \"FloatDistribution\", \"attributes\": {\"step\": null, \"low\": 0.1, \"high\": 0.3, \"log\": false}}"}
{"op_code": 5, "worker_id": "5a08b03f-e28f-40b9-9cd5-aff3d4e12fe3-5336", "trial_id": 1, "param_name": "kernel", "param_value_internal": 0, "distribution": "{\"name\": \"CategoricalDistribution\", \"attributes\": {\"choices\": [\"laplacian\", \"rbf\"]}}"}
{"op_code": 7, "worker_id": "5a08b03f-e28f-40b9-9cd5-aff3d4e12fe3-5336", "trial_id": 1, "step": 0, "intermediate_value": 0.09006545173068418}
{"op_code": 7, "worker_id": "5a08b03f-e28f-40b9-9cd5-aff3d4e12fe3-5336", "trial_id": 1, "step": 1, "intermediate_value": 0.09006545173068418}
{"op_code": 9, "worker_id": "5a08b03f-e28f-40b9-9cd5-aff3d4e12fe3-5336", "trial_id": 1, "system_attr": {"completed_rung_0": 0.09006545173068418}}
{"op_code": 7, "worker_id": "5a08b03f-e28f-40b9-9cd5-aff3d4e12fe3-5336", "trial_id": 1, "step": 2, "intermediate_value": 0.09006545173068418}
{"op_code": 6, "worker_id": "5a08b03f-e28f-40b9-9cd5-aff3d4e12fe3-5336", "trial_id": 1, "state": 1, "values": [0.09006545173068418], "datetime_complete": "2024-03-19T11:12:10.228344"}
{"op_code": 4, "worker_id": "5a08b03f-e28f-40b9-9cd5-aff3d4e12fe3-5336", "study_id": 0, "datetime_start": "2024-03-19T11:12:10.539924"}
{"op_code": 5, "worker_id": "5a08b03f-e28f-40b9-9cd5-aff3d4e12fe3-5336", "trial_id": 2, "param_name": "alpha", "param_value_internal": 0.302653891390065, "distribution": "{\"name\": \"FloatDistribution\", \"attributes\": {\"step\": null, \"low\": 0.3, \"high\": 1.0, \"log\": false}}"}
{"op_code": 5, "worker_id": "5a08b03f-e28f-40b9-9cd5-aff3d4e12fe3-5336", "trial_id": 2, "param_name": "gamma", "param_value_internal": 0.16381242906527327, "distribution": "{\"name\": \"FloatDistribution\", \"attributes\": {\"step\": null, \"low\": 0.1, \"high\": 0.3, \"log\": false}}"}
{"op_code": 5, "worker_id": "5a08b03f-e28f-40b9-9cd5-aff3d4e12fe3-5336", "trial_id": 2, "param_name": "kernel", "param_value_internal": 1, "distribution": "{\"name\": \"CategoricalDistribution\", \"attributes\": {\"choices\": [\"laplacian\", \"rbf\"]}}"}
{"op_code": 7, "worker_id": "5a08b03f-e28f-40b9-9cd5-aff3d4e12fe3-5336", "trial_id": 2, "step": 0, "intermediate_value": 0.16770880244612568}
{"op_code": 7, "worker_id": "5a08b03f-e28f-40b9-9cd5-aff3d4e12fe3-5336", "trial_id": 2, "step": 1, "intermediate_value": 0.16770880244612568}
{"op_code": 9, "worker_id": "5a08b03f-e28f-40b9-9cd5-aff3d4e12fe3-5336", "trial_id": 2, "system_attr": {"completed_rung_0": 0.16770880244612568}}
{"op_code": 7, "worker_id": "5a08b03f-e28f-40b9-9cd5-aff3d4e12fe3-5336", "trial_id": 2, "step": 2, "intermediate_value": 0.16770880244612568}
{"op_code": 6, "worker_id": "5a08b03f-e28f-40b9-9cd5-aff3d4e12fe3-5336", "trial_id": 2, "state": 1, "values": [0.16770880244612565], "datetime_complete": "2024-03-19T11:12:14.220242"}
{"op_code": 4, "worker_id": "5a08b03f-e28f-40b9-9cd5-aff3d4e12fe3-5336", "study_id": 0, "datetime_start": "2024-03-19T11:12:14.415353"}
{"op_code": 5, "worker_id": "5a08b03f-e28f-40b9-9cd5-aff3d4e12fe3-5336", "trial_id": 3, "param_name": "alpha", "param_value_internal": 0.3300434602422502, "distribution": "{\"name\": \"FloatDistribution\", \"attributes\": {\"step\": null, \"low\": 0.3, \"high\": 1.0, \"log\": false}}"}
{"op_code": 5, "worker_id": "5a08b03f-e28f-40b9-9cd5-aff3d4e12fe3-5336", "trial_id": 3, "param_name": "gamma", "param_value_internal": 0.12549492176840657, "distribution": "{\"name\": \"FloatDistribution\", \"attributes\": {\"step\": null, \"low\": 0.1, \"high\": 0.3, \"log\": false}}"}
{"op_code": 5, "worker_id": "5a08b03f-e28f-40b9-9cd5-aff3d4e12fe3-5336", "trial_id": 3, "param_name": "kernel", "param_value_internal": 1, "distribution": "{\"name\": \"CategoricalDistribution\", \"attributes\": {\"choices\": [\"laplacian\", \"rbf\"]}}"}
{"op_code": 7, "worker_id": "5a08b03f-e28f-40b9-9cd5-aff3d4e12fe3-5336", "trial_id": 3, "step": 0, "intermediate_value": 0.23219934032189837}
{"op_code": 7, "worker_id": "5a08b03f-e28f-40b9-9cd5-aff3d4e12fe3-5336", "trial_id": 3, "step": 1, "intermediate_value": 0.23219934032189837}
{"op_code": 9, "worker_id": "5a08b03f-e28f-40b9-9cd5-aff3d4e12fe3-5336", "trial_id": 3, "system_attr": {"completed_rung_0": 0.23219934032189837}}
{"op_code": 7, "worker_id": "5a08b03f-e28f-40b9-9cd5-aff3d4e12fe3-5336", "trial_id": 3, "step": 2, "intermediate_value": 0.23219934032189837}
{"op_code": 6, "worker_id": "5a08b03f-e28f-40b9-9cd5-aff3d4e12fe3-5336", "trial_id": 3, "state": 1, "values": [0.23219934032189837], "datetime_complete": "2024-03-19T11:12:17.262676"}
{"op_code": 4, "worker_id": "5a08b03f-e28f-40b9-9cd5-aff3d4e12fe3-5336", "study_id": 0, "datetime_start": "2024-03-19T11:12:17.754196"}
{"op_code": 5, "worker_id": "5a08b03f-e28f-40b9-9cd5-aff3d4e12fe3-5336", "trial_id": 4, "param_name": "alpha", "param_value_internal": 0.9405835648893468, "distribution": "{\"name\": \"FloatDistribution\", \"attributes\": {\"step\": null, \"low\": 0.3, \"high\": 1.0, \"log\": false}}"}
{"op_code": 5, "worker_id": "5a08b03f-e28f-40b9-9cd5-aff3d4e12fe3-5336", "trial_id": 4, "param_name": "gamma", "param_value_internal": 0.10935714898690704, "distribution": "{\"name\": \"FloatDistribution\", \"attributes\": {\"step\": null, \"low\": 0.1, \"high\": 0.3, \"log\": false}}"}
{"op_code": 5, "worker_id": "5a08b03f-e28f-40b9-9cd5-aff3d4e12fe3-5336", "trial_id": 4, "param_name": "kernel", "param_value_internal": 1, "distribution": "{\"name\": \"CategoricalDistribution\", \"attributes\": {\"choices\": [\"laplacian\", \"rbf\"]}}"}
{"op_code": 7, "worker_id": "5a08b03f-e28f-40b9-9cd5-aff3d4e12fe3-5336", "trial_id": 4, "step": 0, "intermediate_value": 0.21856634542617823}
{"op_code": 7, "worker_id": "5a08b03f-e28f-40b9-9cd5-aff3d4e12fe3-5336", "trial_id": 4, "step": 1, "intermediate_value": 0.21856634542617823}
{"op_code": 7, "worker_id": "5a08b03f-e28f-40b9-9cd5-aff3d4e12fe3-5336", "trial_id": 4, "step": 2, "intermediate_value": 0.21856634542617823}
{"op_code": 6, "worker_id": "5a08b03f-e28f-40b9-9cd5-aff3d4e12fe3-5336", "trial_id": 4, "state": 1, "values": [0.21856634542617823], "datetime_complete": "2024-03-19T11:12:21.581632"}
{"op_code": 4, "worker_id": "5a08b03f-e28f-40b9-9cd5-aff3d4e12fe3-5336", "study_id": 0, "datetime_start": "2024-03-19T11:12:22.249368"}
{"op_code": 5, "worker_id": "5a08b03f-e28f-40b9-9cd5-aff3d4e12fe3-5336", "trial_id": 5, "param_name": "alpha", "param_value_internal": 0.33459515186649397, "distribution": "{\"name\": \"FloatDistribution\", \"attributes\": {\"step\": null, \"low\": 0.3, \"high\": 1.0, \"log\": false}}"}
{"op_code": 5, "worker_id": "5a08b03f-e28f-40b9-9cd5-aff3d4e12fe3-5336", "trial_id": 5, "param_name": "gamma", "param_value_internal": 0.11410659394429933, "distribution": "{\"name\": \"FloatDistribution\", \"attributes\": {\"step\": null, \"low\": 0.1, \"high\": 0.3, \"log\": false}}"}
{"op_code": 5, "worker_id": "5a08b03f-e28f-40b9-9cd5-aff3d4e12fe3-5336", "trial_id": 5, "param_name": "kernel", "param_value_internal": 1, "distribution": "{\"name\": \"CategoricalDistribution\", \"attributes\": {\"choices\": [\"laplacian\", \"rbf\"]}}"}
{"op_code": 7, "worker_id": "5a08b03f-e28f-40b9-9cd5-aff3d4e12fe3-5336", "trial_id": 5, "step": 0, "intermediate_value": 0.22351430835157743}
{"op_code": 7, "worker_id": "5a08b03f-e28f-40b9-9cd5-aff3d4e12fe3-5336", "trial_id": 5, "step": 1, "intermediate_value": 0.22351430835157743}
{"op_code": 9, "worker_id": "5a08b03f-e28f-40b9-9cd5-aff3d4e12fe3-5336", "trial_id": 5, "system_attr": {"completed_rung_0": 0.22351430835157743}}
{"op_code": 6, "worker_id": "5a08b03f-e28f-40b9-9cd5-aff3d4e12fe3-5336", "trial_id": 5, "state": 2, "values": [0.22351430835157743], "datetime_complete": "2024-03-19T11:12:24.822683"}
{"op_code": 4, "worker_id": "5a08b03f-e28f-40b9-9cd5-aff3d4e12fe3-5336", "study_id": 0, "datetime_start": "2024-03-19T11:12:25.089981"}
{"op_code": 5, "worker_id": "5a08b03f-e28f-40b9-9cd5-aff3d4e12fe3-5336", "trial_id": 6, "param_name": "alpha", "param_value_internal": 0.7548261897204603, "distribution": "{\"name\": \"FloatDistribution\", \"attributes\": {\"step\": null, \"low\": 0.3, \"high\": 1.0, \"log\": false}}"}
{"op_code": 5, "worker_id": "5a08b03f-e28f-40b9-9cd5-aff3d4e12fe3-5336", "trial_id": 6, "param_name": "gamma", "param_value_internal": 0.18950756498887317, "distribution": "{\"name\": \"FloatDistribution\", \"attributes\": {\"step\": null, \"low\": 0.1, \"high\": 0.3, \"log\": false}}"}
{"op_code": 5, "worker_id": "5a08b03f-e28f-40b9-9cd5-aff3d4e12fe3-5336", "trial_id": 6, "param_name": "kernel", "param_value_internal": 1, "distribution": "{\"name\": \"CategoricalDistribution\", \"attributes\": {\"choices\": [\"laplacian\", \"rbf\"]}}"}
{"op_code": 7, "worker_id": "5a08b03f-e28f-40b9-9cd5-aff3d4e12fe3-5336", "trial_id": 6, "step": 0, "intermediate_value": 0.12931511544271163}
{"op_code": 7, "worker_id": "5a08b03f-e28f-40b9-9cd5-aff3d4e12fe3-5336", "trial_id": 6, "step": 1, "intermediate_value": 0.12931511544271163}
{"op_code": 9, "worker_id": "5a08b03f-e28f-40b9-9cd5-aff3d4e12fe3-5336", "trial_id": 6, "system_attr": {"completed_rung_0": 0.12931511544271163}}
{"op_code": 6, "worker_id": "5a08b03f-e28f-40b9-9cd5-aff3d4e12fe3-5336", "trial_id": 6, "state": 2, "values": [0.12931511544271163], "datetime_complete": "2024-03-19T11:12:27.652436"}
{"op_code": 4, "worker_id": "5a08b03f-e28f-40b9-9cd5-aff3d4e12fe3-5336", "study_id": 0, "datetime_start": "2024-03-19T11:12:27.829777"}
{"op_code": 5, "worker_id": "5a08b03f-e28f-40b9-9cd5-aff3d4e12fe3-5336", "trial_id": 7, "param_name": "alpha", "param_value_internal": 0.4367092274371049, "distribution": "{\"name\": \"FloatDistribution\", \"attributes\": {\"step\": null, \"low\": 0.3, \"high\": 1.0, \"log\": false}}"}
{"op_code": 5, "worker_id": "5a08b03f-e28f-40b9-9cd5-aff3d4e12fe3-5336", "trial_id": 7, "param_name": "gamma", "param_value_internal": 0.29581799580884904, "distribution": "{\"name\": \"FloatDistribution\", \"attributes\": {\"step\": null, \"low\": 0.1, \"high\": 0.3, \"log\": false}}"}
{"op_code": 5, "worker_id": "5a08b03f-e28f-40b9-9cd5-aff3d4e12fe3-5336", "trial_id": 7, "param_name": "kernel", "param_value_internal": 1, "distribution": "{\"name\": \"CategoricalDistribution\", \"attributes\": {\"choices\": [\"laplacian\", \"rbf\"]}}"}
{"op_code": 7, "worker_id": "5a08b03f-e28f-40b9-9cd5-aff3d4e12fe3-5336", "trial_id": 7, "step": 0, "intermediate_value": 0.04056494499599429}
{"op_code": 7, "worker_id": "5a08b03f-e28f-40b9-9cd5-aff3d4e12fe3-5336", "trial_id": 7, "step": 1, "intermediate_value": 0.04056494499599429}
{"op_code": 9, "worker_id": "5a08b03f-e28f-40b9-9cd5-aff3d4e12fe3-5336", "trial_id": 7, "system_attr": {"completed_rung_0": 0.04056494499599429}}
{"op_code": 6, "worker_id": "5a08b03f-e28f-40b9-9cd5-aff3d4e12fe3-5336", "trial_id": 7, "state": 2, "values": [0.04056494499599429], "datetime_complete": "2024-03-19T11:12:31.694387"}
{"op_code": 4, "worker_id": "5a08b03f-e28f-40b9-9cd5-aff3d4e12fe3-5336", "study_id": 0, "datetime_start": "2024-03-19T11:12:31.898393"}
{"op_code": 5, "worker_id": "5a08b03f-e28f-40b9-9cd5-aff3d4e12fe3-5336", "trial_id": 8, "param_name": "alpha", "param_value_internal": 0.45773965248370757, "distribution": "{\"name\": \"FloatDistribution\", \"attributes\": {\"step\": null, \"low\": 0.3, \"high\": 1.0, \"log\": false}}"}
{"op_code": 5, "worker_id": "5a08b03f-e28f-40b9-9cd5-aff3d4e12fe3-5336", "trial_id": 8, "param_name": "gamma", "param_value_internal": 0.14627256896870872, "distribution": "{\"name\": \"FloatDistribution\", \"attributes\": {\"step\": null, \"low\": 0.1, \"high\": 0.3, \"log\": false}}"}
{"op_code": 5, "worker_id": "5a08b03f-e28f-40b9-9cd5-aff3d4e12fe3-5336", "trial_id": 8, "param_name": "kernel", "param_value_internal": 0, "distribution": "{\"name\": \"CategoricalDistribution\", \"attributes\": {\"choices\": [\"laplacian\", \"rbf\"]}}"}
{"op_code": 7, "worker_id": "5a08b03f-e28f-40b9-9cd5-aff3d4e12fe3-5336", "trial_id": 8, "step": 0, "intermediate_value": 0.19599778879176247}
{"op_code": 7, "worker_id": "5a08b03f-e28f-40b9-9cd5-aff3d4e12fe3-5336", "trial_id": 8, "step": 1, "intermediate_value": 0.19599778879176247}
{"op_code": 7, "worker_id": "5a08b03f-e28f-40b9-9cd5-aff3d4e12fe3-5336", "trial_id": 8, "step": 2, "intermediate_value": 0.19599778879176247}
{"op_code": 6, "worker_id": "5a08b03f-e28f-40b9-9cd5-aff3d4e12fe3-5336", "trial_id": 8, "state": 1, "values": [0.19599778879176247], "datetime_complete": "2024-03-19T11:12:34.742792"}
{"op_code": 4, "worker_id": "5a08b03f-e28f-40b9-9cd5-aff3d4e12fe3-5336", "study_id": 0, "datetime_start": "2024-03-19T11:12:34.972594"}
{"op_code": 5, "worker_id": "5a08b03f-e28f-40b9-9cd5-aff3d4e12fe3-5336", "trial_id": 9, "param_name": "alpha", "param_value_internal": 0.7069453806474402, "distribution": "{\"name\": \"FloatDistribution\", \"attributes\": {\"step\": null, \"low\": 0.3, \"high\": 1.0, \"log\": false}}"}
{"op_code": 5, "worker_id": "5a08b03f-e28f-40b9-9cd5-aff3d4e12fe3-5336", "trial_id": 9, "param_name": "gamma", "param_value_internal": 0.10126417582234148, "distribution": "{\"name\": \"FloatDistribution\", \"attributes\": {\"step\": null, \"low\": 0.1, \"high\": 0.3, \"log\": false}}"}
{"op_code": 5, "worker_id": "5a08b03f-e28f-40b9-9cd5-aff3d4e12fe3-5336", "trial_id": 9, "param_name": "kernel", "param_value_internal": 1, "distribution": "{\"name\": \"CategoricalDistribution\", \"attributes\": {\"choices\": [\"laplacian\", \"rbf\"]}}"}
{"op_code": 7, "worker_id": "5a08b03f-e28f-40b9-9cd5-aff3d4e12fe3-5336", "trial_id": 9, "step": 0, "intermediate_value": 0.21380627982706002}
{"op_code": 7, "worker_id": "5a08b03f-e28f-40b9-9cd5-aff3d4e12fe3-5336", "trial_id": 9, "step": 1, "intermediate_value": 0.21380627982706002}
{"op_code": 7, "worker_id": "5a08b03f-e28f-40b9-9cd5-aff3d4e12fe3-5336", "trial_id": 9, "step": 2, "intermediate_value": 0.21380627982706002}
{"op_code": 6, "worker_id": "5a08b03f-e28f-40b9-9cd5-aff3d4e12fe3-5336", "trial_id": 9, "state": 1, "values": [0.21380627982706002], "datetime_complete": "2024-03-19T11:12:37.131695"}
{"op_code": 4, "worker_id": "5a08b03f-e28f-40b9-9cd5-aff3d4e12fe3-5336", "study_id": 0, "datetime_start": "2024-03-19T11:12:37.534549"}
{"op_code": 5, "worker_id": "5a08b03f-e28f-40b9-9cd5-aff3d4e12fe3-5336", "trial_id": 10, "param_name": "alpha", "param_value_internal": 0.3047762048494536, "distribution": "{\"name\": \"FloatDistribution\", \"attributes\": {\"step\": null, \"low\": 0.3, \"high\": 1.0, \"log\": false}}"}
{"op_code": 5, "worker_id": "5a08b03f-e28f-40b9-9cd5-aff3d4e12fe3-5336", "trial_id": 10, "param_name": "gamma", "param_value_internal": 0.15345624579497308, "distribution": "{\"name\": \"FloatDistribution\", \"attributes\": {\"step\": null, \"low\": 0.1, \"high\": 0.3, \"log\": false}}"}
{"op_code": 5, "worker_id": "5a08b03f-e28f-40b9-9cd5-aff3d4e12fe3-5336", "trial_id": 10, "param_name": "kernel", "param_value_internal": 0, "distribution": "{\"name\": \"CategoricalDistribution\", \"attributes\": {\"choices\": [\"laplacian\", \"rbf\"]}}"}
{"op_code": 7, "worker_id": "5a08b03f-e28f-40b9-9cd5-aff3d4e12fe3-5336", "trial_id": 10, "step": 0, "intermediate_value": 0.19564287161989838}
{"op_code": 7, "worker_id": "5a08b03f-e28f-40b9-9cd5-aff3d4e12fe3-5336", "trial_id": 10, "step": 1, "intermediate_value": 0.19564287161989838}
{"op_code": 7, "worker_id": "5a08b03f-e28f-40b9-9cd5-aff3d4e12fe3-5336", "trial_id": 10, "step": 2, "intermediate_value": 0.19564287161989838}
{"op_code": 6, "worker_id": "5a08b03f-e28f-40b9-9cd5-aff3d4e12fe3-5336", "trial_id": 10, "state": 1, "values": [0.19564287161989838], "datetime_complete": "2024-03-19T11:12:40.261946"}
{"op_code": 4, "worker_id": "5a08b03f-e28f-40b9-9cd5-aff3d4e12fe3-5336", "study_id": 0, "datetime_start": "2024-03-19T11:12:40.618150"}
{"op_code": 5, "worker_id": "5a08b03f-e28f-40b9-9cd5-aff3d4e12fe3-5336", "trial_id": 11, "param_name": "alpha", "param_value_internal": 0.9819206761456152, "distribution": "{\"name\": \"FloatDistribution\", \"attributes\": {\"step\": null, \"low\": 0.3, \"high\": 1.0, \"log\": false}}"}
{"op_code": 5, "worker_id": "5a08b03f-e28f-40b9-9cd5-aff3d4e12fe3-5336", "trial_id": 11, "param_name": "gamma", "param_value_internal": 0.12093073983652677, "distribution": "{\"name\": \"FloatDistribution\", \"attributes\": {\"step\": null, \"low\": 0.1, \"high\": 0.3, \"log\": false}}"}
{"op_code": 5, "worker_id": "5a08b03f-e28f-40b9-9cd5-aff3d4e12fe3-5336", "trial_id": 11, "param_name": "kernel", "param_value_internal": 1, "distribution": "{\"name\": \"CategoricalDistribution\", \"attributes\": {\"choices\": [\"laplacian\", \"rbf\"]}}"}
{"op_code": 7, "worker_id": "5a08b03f-e28f-40b9-9cd5-aff3d4e12fe3-5336", "trial_id": 11, "step": 0, "intermediate_value": 0.2228879839306408}
{"op_code": 7, "worker_id": "5a08b03f-e28f-40b9-9cd5-aff3d4e12fe3-5336", "trial_id": 11, "step": 1, "intermediate_value": 0.2228879839306408}
{"op_code": 7, "worker_id": "5a08b03f-e28f-40b9-9cd5-aff3d4e12fe3-5336", "trial_id": 11, "step": 2, "intermediate_value": 0.2228879839306408}
{"op_code": 6, "worker_id": "5a08b03f-e28f-40b9-9cd5-aff3d4e12fe3-5336", "trial_id": 11, "state": 1, "values": [0.2228879839306408], "datetime_complete": "2024-03-19T11:12:43.473792"}
{"op_code": 4, "worker_id": "5a08b03f-e28f-40b9-9cd5-aff3d4e12fe3-5336", "study_id": 0, "datetime_start": "2024-03-19T11:12:43.736101"}
{"op_code": 5, "worker_id": "5a08b03f-e28f-40b9-9cd5-aff3d4e12fe3-5336", "trial_id": 12, "param_name": "alpha", "param_value_internal": 0.8262570865488363, "distribution": "{\"name\": \"FloatDistribution\", \"attributes\": {\"step\": null, \"low\": 0.3, \"high\": 1.0, \"log\": false}}"}
{"op_code": 5, "worker_id": "5a08b03f-e28f-40b9-9cd5-aff3d4e12fe3-5336", "trial_id": 12, "param_name": "gamma", "param_value_internal": 0.13205988736707747, "distribution": "{\"name\": \"FloatDistribution\", \"attributes\": {\"step\": null, \"low\": 0.1, \"high\": 0.3, \"log\": false}}"}
{"op_code": 5, "worker_id": "5a08b03f-e28f-40b9-9cd5-aff3d4e12fe3-5336", "trial_id": 12, "param_name": "kernel", "param_value_internal": 1, "distribution": "{\"name\": \"CategoricalDistribution\", \"attributes\": {\"choices\": [\"laplacian\", \"rbf\"]}}"}
{"op_code": 7, "worker_id": "5a08b03f-e28f-40b9-9cd5-aff3d4e12fe3-5336", "trial_id": 12, "step": 0, "intermediate_value": 0.20938025391910794}
{"op_code": 7, "worker_id": "5a08b03f-e28f-40b9-9cd5-aff3d4e12fe3-5336", "trial_id": 12, "step": 1, "intermediate_value": 0.20938025391910794}
{"op_code": 7, "worker_id": "5a08b03f-e28f-40b9-9cd5-aff3d4e12fe3-5336", "trial_id": 12, "step": 2, "intermediate_value": 0.20938025391910794}
{"op_code": 6, "worker_id": "5a08b03f-e28f-40b9-9cd5-aff3d4e12fe3-5336", "trial_id": 12, "state": 1, "values": [0.20938025391910794], "datetime_complete": "2024-03-19T11:12:47.111484"}
{"op_code": 4, "worker_id": "5a08b03f-e28f-40b9-9cd5-aff3d4e12fe3-5336", "study_id": 0, "datetime_start": "2024-03-19T11:12:47.318216"}
{"op_code": 5, "worker_id": "5a08b03f-e28f-40b9-9cd5-aff3d4e12fe3-5336", "trial_id": 13, "param_name": "alpha", "param_value_internal": 0.9993623619013359, "distribution": "{\"name\": \"FloatDistribution\", \"attributes\": {\"step\": null, \"low\": 0.3, \"high\": 1.0, \"log\": false}}"}
{"op_code": 5, "worker_id": "5a08b03f-e28f-40b9-9cd5-aff3d4e12fe3-5336", "trial_id": 13, "param_name": "gamma", "param_value_internal": 0.172868854129047, "distribution": "{\"name\": \"FloatDistribution\", \"attributes\": {\"step\": null, \"low\": 0.1, \"high\": 0.3, \"log\": false}}"}
{"op_code": 5, "worker_id": "5a08b03f-e28f-40b9-9cd5-aff3d4e12fe3-5336", "trial_id": 13, "param_name": "kernel", "param_value_internal": 1, "distribution": "{\"name\": \"CategoricalDistribution\", \"attributes\": {\"choices\": [\"laplacian\", \"rbf\"]}}"}
{"op_code": 7, "worker_id": "5a08b03f-e28f-40b9-9cd5-aff3d4e12fe3-5336", "trial_id": 13, "step": 0, "intermediate_value": 0.14065158746166423}
{"op_code": 7, "worker_id": "5a08b03f-e28f-40b9-9cd5-aff3d4e12fe3-5336", "trial_id": 13, "step": 1, "intermediate_value": 0.14065158746166423}
{"op_code": 9, "worker_id": "5a08b03f-e28f-40b9-9cd5-aff3d4e12fe3-5336", "trial_id": 13, "system_attr": {"completed_rung_0": 0.14065158746166423}}
{"op_code": 6, "worker_id": "5a08b03f-e28f-40b9-9cd5-aff3d4e12fe3-5336", "trial_id": 13, "state": 2, "values": [0.14065158746166423], "datetime_complete": "2024-03-19T11:12:49.993037"}
{"op_code": 4, "worker_id": "5a08b03f-e28f-40b9-9cd5-aff3d4e12fe3-5336", "study_id": 0, "datetime_start": "2024-03-19T11:12:50.149493"}
{"op_code": 5, "worker_id": "5a08b03f-e28f-40b9-9cd5-aff3d4e12fe3-5336", "trial_id": 14, "param_name": "alpha", "param_value_internal": 0.855302564154301, "distribution": "{\"name\": \"FloatDistribution\", \"attributes\": {\"step\": null, \"low\": 0.3, \"high\": 1.0, \"log\": false}}"}
{"op_code": 5, "worker_id": "5a08b03f-e28f-40b9-9cd5-aff3d4e12fe3-5336", "trial_id": 14, "param_name": "gamma", "param_value_internal": 0.13339390758894054, "distribution": "{\"name\": \"FloatDistribution\", \"attributes\": {\"step\": null, \"low\": 0.1, \"high\": 0.3, \"log\": false}}"}
{"op_code": 5, "worker_id": "5a08b03f-e28f-40b9-9cd5-aff3d4e12fe3-5336", "trial_id": 14, "param_name": "kernel", "param_value_internal": 1, "distribution": "{\"name\": \"CategoricalDistribution\", \"attributes\": {\"choices\": [\"laplacian\", \"rbf\"]}}"}
{"op_code": 7, "worker_id": "5a08b03f-e28f-40b9-9cd5-aff3d4e12fe3-5336", "trial_id": 14, "step": 0, "intermediate_value": 0.20537177762511372}
{"op_code": 7, "worker_id": "5a08b03f-e28f-40b9-9cd5-aff3d4e12fe3-5336", "trial_id": 14, "step": 1, "intermediate_value": 0.20537177762511372}
{"op_code": 7, "worker_id": "5a08b03f-e28f-40b9-9cd5-aff3d4e12fe3-5336", "trial_id": 14, "step": 2, "intermediate_value": 0.20537177762511372}
{"op_code": 6, "worker_id": "5a08b03f-e28f-40b9-9cd5-aff3d4e12fe3-5336", "trial_id": 14, "state": 1, "values": [0.20537177762511372], "datetime_complete": "2024-03-19T11:12:53.484623"}
{"op_code": 4, "worker_id": "5a08b03f-e28f-40b9-9cd5-aff3d4e12fe3-5336", "study_id": 0, "datetime_start": "2024-03-19T11:12:53.558170"}
{"op_code": 5, "worker_id": "5a08b03f-e28f-40b9-9cd5-aff3d4e12fe3-5336", "trial_id": 15, "param_name": "alpha", "param_value_internal": 0.6488426856943353, "distribution": "{\"name\": \"FloatDistribution\", \"attributes\": {\"step\": null, \"low\": 0.3, \"high\": 1.0, \"log\": false}}"}
{"op_code": 5, "worker_id": "5a08b03f-e28f-40b9-9cd5-aff3d4e12fe3-5336", "trial_id": 15, "param_name": "gamma", "param_value_internal": 0.12841150964583084, "distribution": "{\"name\": \"FloatDistribution\", \"attributes\": {\"step\": null, \"low\": 0.1, \"high\": 0.3, \"log\": false}}"}
{"op_code": 5, "worker_id": "5a08b03f-e28f-40b9-9cd5-aff3d4e12fe3-5336", "trial_id": 15, "param_name": "kernel", "param_value_internal": 1, "distribution": "{\"name\": \"CategoricalDistribution\", \"attributes\": {\"choices\": [\"laplacian\", \"rbf\"]}}"}
{"op_code": 7, "worker_id": "5a08b03f-e28f-40b9-9cd5-aff3d4e12fe3-5336", "trial_id": 15, "step": 0, "intermediate_value": 0.21867073282966767}
{"op_code": 7, "worker_id": "5a08b03f-e28f-40b9-9cd5-aff3d4e12fe3-5336", "trial_id": 15, "step": 1, "intermediate_value": 0.21867073282966767}
{"op_code": 7, "worker_id": "5a08b03f-e28f-40b9-9cd5-aff3d4e12fe3-5336", "trial_id": 15, "step": 2, "intermediate_value": 0.21867073282966767}
{"op_code": 6, "worker_id": "5a08b03f-e28f-40b9-9cd5-aff3d4e12fe3-5336", "trial_id": 15, "state": 1, "values": [0.21867073282966767], "datetime_complete": "2024-03-19T11:12:56.338185"}
{"op_code": 4, "worker_id": "5a08b03f-e28f-40b9-9cd5-aff3d4e12fe3-5336", "study_id": 0, "datetime_start": "2024-03-19T11:12:56.648977"}
{"op_code": 5, "worker_id": "5a08b03f-e28f-40b9-9cd5-aff3d4e12fe3-5336", "trial_id": 16, "param_name": "alpha", "param_value_internal": 0.8907828320309901, "distribution": "{\"name\": \"FloatDistribution\", \"attributes\": {\"step\": null, \"low\": 0.3, \"high\": 1.0, \"log\": false}}"}
{"op_code": 5, "worker_id": "5a08b03f-e28f-40b9-9cd5-aff3d4e12fe3-5336", "trial_id": 16, "param_name": "gamma", "param_value_internal": 0.10078667985547486, "distribution": "{\"name\": \"FloatDistribution\", \"attributes\": {\"step\": null, \"low\": 0.1, \"high\": 0.3, \"log\": false}}"}
{"op_code": 5, "worker_id": "5a08b03f-e28f-40b9-9cd5-aff3d4e12fe3-5336", "trial_id": 16, "param_name": "kernel", "param_value_internal": 1, "distribution": "{\"name\": \"CategoricalDistribution\", \"attributes\": {\"choices\": [\"laplacian\", \"rbf\"]}}"}
{"op_code": 7, "worker_id": "5a08b03f-e28f-40b9-9cd5-aff3d4e12fe3-5336", "trial_id": 16, "step": 0, "intermediate_value": 0.2085451546911925}
{"op_code": 7, "worker_id": "5a08b03f-e28f-40b9-9cd5-aff3d4e12fe3-5336", "trial_id": 16, "step": 1, "intermediate_value": 0.2085451546911925}
{"op_code": 9, "worker_id": "5a08b03f-e28f-40b9-9cd5-aff3d4e12fe3-5336", "trial_id": 16, "system_attr": {"completed_rung_0": 0.2085451546911925}}
{"op_code": 6, "worker_id": "5a08b03f-e28f-40b9-9cd5-aff3d4e12fe3-5336", "trial_id": 16, "state": 2, "values": [0.2085451546911925], "datetime_complete": "2024-03-19T11:12:59.408699"}
{"op_code": 4, "worker_id": "5a08b03f-e28f-40b9-9cd5-aff3d4e12fe3-5336", "study_id": 0, "datetime_start": "2024-03-19T11:12:59.727155"}
{"op_code": 5, "worker_id": "5a08b03f-e28f-40b9-9cd5-aff3d4e12fe3-5336", "trial_id": 17, "param_name": "alpha", "param_value_internal": 0.7886205833915656, "distribution": "{\"name\": \"FloatDistribution\", \"attributes\": {\"step\": null, \"low\": 0.3, \"high\": 1.0, \"log\": false}}"}
{"op_code": 5, "worker_id": "5a08b03f-e28f-40b9-9cd5-aff3d4e12fe3-5336", "trial_id": 17, "param_name": "gamma", "param_value_internal": 0.18043485366157427, "distribution": "{\"name\": \"FloatDistribution\", \"attributes\": {\"step\": null, \"low\": 0.1, \"high\": 0.3, \"log\": false}}"}
{"op_code": 5, "worker_id": "5a08b03f-e28f-40b9-9cd5-aff3d4e12fe3-5336", "trial_id": 17, "param_name": "kernel", "param_value_internal": 1, "distribution": "{\"name\": \"CategoricalDistribution\", \"attributes\": {\"choices\": [\"laplacian\", \"rbf\"]}}"}
{"op_code": 7, "worker_id": "5a08b03f-e28f-40b9-9cd5-aff3d4e12fe3-5336", "trial_id": 17, "step": 0, "intermediate_value": 0.13791663749024102}
{"op_code": 7, "worker_id": "5a08b03f-e28f-40b9-9cd5-aff3d4e12fe3-5336", "trial_id": 17, "step": 1, "intermediate_value": 0.13791663749024102}
{"op_code": 7, "worker_id": "5a08b03f-e28f-40b9-9cd5-aff3d4e12fe3-5336", "trial_id": 17, "step": 2, "intermediate_value": 0.13791663749024102}
{"op_code": 6, "worker_id": "5a08b03f-e28f-40b9-9cd5-aff3d4e12fe3-5336", "trial_id": 17, "state": 1, "values": [0.13791663749024102], "datetime_complete": "2024-03-19T11:13:03.297500"}
{"op_code": 4, "worker_id": "5a08b03f-e28f-40b9-9cd5-aff3d4e12fe3-5336", "study_id": 0, "datetime_start": "2024-03-19T11:13:03.582320"}
{"op_code": 5, "worker_id": "5a08b03f-e28f-40b9-9cd5-aff3d4e12fe3-5336", "trial_id": 18, "param_name": "alpha", "param_value_internal": 0.9141657074352967, "distribution": "{\"name\": \"FloatDistribution\", \"attributes\": {\"step\": null, \"low\": 0.3, \"high\": 1.0, \"log\": false}}"}
{"op_code": 5, "worker_id": "5a08b03f-e28f-40b9-9cd5-aff3d4e12fe3-5336", "trial_id": 18, "param_name": "gamma", "param_value_internal": 0.15225343688349902, "distribution": "{\"name\": \"FloatDistribution\", \"attributes\": {\"step\": null, \"low\": 0.1, \"high\": 0.3, \"log\": false}}"}
{"op_code": 5, "worker_id": "5a08b03f-e28f-40b9-9cd5-aff3d4e12fe3-5336", "trial_id": 18, "param_name": "kernel", "param_value_internal": 0, "distribution": "{\"name\": \"CategoricalDistribution\", \"attributes\": {\"choices\": [\"laplacian\", \"rbf\"]}}"}
{"op_code": 7, "worker_id": "5a08b03f-e28f-40b9-9cd5-aff3d4e12fe3-5336", "trial_id": 18, "step": 0, "intermediate_value": 0.16643527612355458}
{"op_code": 7, "worker_id": "5a08b03f-e28f-40b9-9cd5-aff3d4e12fe3-5336", "trial_id": 18, "step": 1, "intermediate_value": 0.16643527612355458}
{"op_code": 9, "worker_id": "5a08b03f-e28f-40b9-9cd5-aff3d4e12fe3-5336", "trial_id": 18, "system_attr": {"completed_rung_0": 0.16643527612355458}}
{"op_code": 6, "worker_id": "5a08b03f-e28f-40b9-9cd5-aff3d4e12fe3-5336", "trial_id": 18, "state": 2, "values": [0.16643527612355458], "datetime_complete": "2024-03-19T11:13:06.310958"}
{"op_code": 4, "worker_id": "5a08b03f-e28f-40b9-9cd5-aff3d4e12fe3-5336", "study_id": 0, "datetime_start": "2024-03-19T11:13:06.459366"}
{"op_code": 5, "worker_id": "5a08b03f-e28f-40b9-9cd5-aff3d4e12fe3-5336", "trial_id": 19, "param_name": "alpha", "param_value_internal": 0.7164734131004552, "distribution": "{\"name\": \"FloatDistribution\", \"attributes\": {\"step\": null, \"low\": 0.3, \"high\": 1.0, \"log\": false}}"}
{"op_code": 5, "worker_id": "5a08b03f-e28f-40b9-9cd5-aff3d4e12fe3-5336", "trial_id": 19, "param_name": "gamma", "param_value_internal": 0.19769369301021625, "distribution": "{\"name\": \"FloatDistribution\", \"attributes\": {\"step\": null, \"low\": 0.1, \"high\": 0.3, \"log\": false}}"}
{"op_code": 5, "worker_id": "5a08b03f-e28f-40b9-9cd5-aff3d4e12fe3-5336", "trial_id": 19, "param_name": "kernel", "param_value_internal": 1, "distribution": "{\"name\": \"CategoricalDistribution\", \"attributes\": {\"choices\": [\"laplacian\", \"rbf\"]}}"}
{"op_code": 7, "worker_id": "5a08b03f-e28f-40b9-9cd5-aff3d4e12fe3-5336", "trial_id": 19, "step": 0, "intermediate_value": 0.12369907313498002}
{"op_code": 7, "worker_id": "5a08b03f-e28f-40b9-9cd5-aff3d4e12fe3-5336", "trial_id": 19, "step": 1, "intermediate_value": 0.12369907313498002}
{"op_code": 7, "worker_id": "5a08b03f-e28f-40b9-9cd5-aff3d4e12fe3-5336", "trial_id": 19, "step": 2, "intermediate_value": 0.12369907313498002}
{"op_code": 6, "worker_id": "5a08b03f-e28f-40b9-9cd5-aff3d4e12fe3-5336", "trial_id": 19, "state": 1, "values": [0.12369907313498002], "datetime_complete": "2024-03-19T11:13:09.154981"}
