{"op_code": 0, "worker_id": "6ad4fc18-5f50-4e9e-8802-1d97eee26134-9760", "study_name": "linear", "directions": [2]}
{"op_code": 4, "worker_id": "6ad4fc18-5f50-4e9e-8802-1d97eee26134-17724", "study_id": 0, "datetime_start": "2024-03-19T11:12:05.454376"}
{"op_code": 5, "worker_id": "6ad4fc18-5f50-4e9e-8802-1d97eee26134-17724", "trial_id": 0, "param_name": "alpha", "param_value_internal": 0.016451642012311772, "distribution": "{\"name\": \"FloatDistribution\", \"attributes\": {\"step\": null, \"low\": 0.005, \"high\": 0.1, \"log\": false}}"}
{"op_code": 5, "worker_id": "6ad4fc18-5f50-4e9e-8802-1d97eee26134-17724", "trial_id": 0, "param_name": "l1_ratio", "param_value_internal": 0.04284916602665009, "distribution": "{\"name\": \"FloatDistribution\", \"attributes\": {\"step\": null, \"low\": 0.0, \"high\": 0.05, \"log\": false}}"}
{"op_code": 7, "worker_id": "6ad4fc18-5f50-4e9e-8802-1d97eee26134-17724", "trial_id": 0, "step": 0, "intermediate_value": 0.11217470378974645}
{"op_code": 7, "worker_id": "6ad4fc18-5f50-4e9e-8802-1d97eee26134-17724", "trial_id": 0, "step": 1, "intermediate_value": 0.11217470378974645}
{"op_code": 7, "worker_id": "6ad4fc18-5f50-4e9e-8802-1d97eee26134-17724", "trial_id": 0, "step": 2, "intermediate_value": 0.11217470378974645}
{"op_code": 6, "worker_id": "6ad4fc18-5f50-4e9e-8802-1d97eee26134-17724", "trial_id": 0, "state": 1, "values": [0.11217470378974644], "datetime_complete": "2024-03-19T11:12:07.280055"}
{"op_code": 4, "worker_id": "6ad4fc18-5f50-4e9e-8802-1d97eee26134-17724", "study_id": 0, "datetime_start": "2024-03-19T11:12:07.760766"}
{"op_code": 5, "worker_id": "6ad4fc18-5f50-4e9e-8802-1d97eee26134-17724", "trial_id": 1, "param_name": "alpha", "param_value_internal": 0.012452431392373765, "distribution": "{\"name\": \"FloatDistribution\", \"attributes\": {\"step\": null, \"low\": 0.005, \"high\": 0.1, \"log\": false}}"}
{"op_code": 5, "worker_id": "6ad4fc18-5f50-4e9e-8802-1d97eee26134-17724", "trial_id": 1, "param_name": "l1_ratio", "param_value_internal": 0.04531839774607901, "distribution": "{\"name\": \"FloatDistribution\", \"attributes\": {\"step\": null, \"low\": 0.0, \"high\": 0.05, \"log\": false}}"}
{"op_code": 7, "worker_id": "6ad4fc18-5f50-4e9e-8802-1d97eee26134-17724", "trial_id": 1, "step": 0, "intermediate_value": 0.1093771213762296}
{"op_code": 7, "worker_id": "6ad4fc18-5f50-4e9e-8802-1d97eee26134-17724", "trial_id": 1, "step": 1, "intermediate_value": 0.1093771213762296}
{"op_code": 7, "worker_id": "6ad4fc18-5f50-4e9e-8802-1d97eee26134-17724", "trial_id": 1, "step": 2, "intermediate_value": 0.1093771213762296}
{"op_code": 6, "worker_id": "6ad4fc18-5f50-4e9e-8802-1d97eee26134-17724", "trial_id": 1, "state": 1, "values": [0.10937712137622961], "datetime_complete": "2024-03-19T11:12:09.396716"}
{"op_code": 4, "worker_id": "6ad4fc18-5f50-4e9e-8802-1d97eee26134-17724", "study_id": 0, "datetime_start": "2024-03-19T11:12:09.462721"}
{"op_code": 5, "worker_id": "6ad4fc18-5f50-4e9e-8802-1d97eee26134-17724", "trial_id": 2, "param_name": "alpha", "param_value_internal": 0.03985059002054103, "distribution": "{\"name\": \"FloatDistribution\", \"attributes\": {\"step\": null, \"low\": 0.005, \"high\": 0.1, \"log\": false}}"}
{"op_code": 5, "worker_id": "6ad4fc18-5f50-4e9e-8802-1d97eee26134-17724", "trial_id": 2, "param_name": "l1_ratio", "param_value_internal": 0.0011876884362788317, "distribution": "{\"name\": \"FloatDistribution\", \"attributes\": {\"step\": null, \"low\": 0.0, \"high\": 0.05, \"log\": false}}"}
{"op_code": 7, "worker_id": "6ad4fc18-5f50-4e9e-8802-1d97eee26134-17724", "trial_id": 2, "step": 0, "intermediate_value": 0.09653747074702913}
{"op_code": 7, "worker_id": "6ad4fc18-5f50-4e9e-8802-1d97eee26134-17724", "trial_id": 2, "step": 1, "intermediate_value": 0.09653747074702913}
{"op_code": 7, "worker_id": "6ad4fc18-5f50-4e9e-8802-1d97eee26134-17724", "trial_id": 2, "step": 2, "intermediate_value": 0.09653747074702913}
{"op_code": 6, "worker_id": "6ad4fc18-5f50-4e9e-8802-1d97eee26134-17724", "trial_id": 2, "state": 1, "values": [0.09653747074702913], "datetime_complete": "2024-03-19T11:12:11.711293"}
{"op_code": 4, "worker_id": "6ad4fc18-5f50-4e9e-8802-1d97eee26134-17724", "study_id": 0, "datetime_start": "2024-03-19T11:12:12.002050"}
{"op_code": 5, "worker_id": "6ad4fc18-5f50-4e9e-8802-1d97eee26134-17724", "trial_id": 3, "param_name": "alpha", "param_value_internal": 0.09853910417022, "distribution": "{\"name\": \"FloatDistribution\", \"attributes\": {\"step\": null, \"low\": 0.005, \"high\": 0.1, \"log\": false}}"}
{"op_code": 5, "worker_id": "6ad4fc18-5f50-4e9e-8802-1d97eee26134-17724", "trial_id": 3, "param_name": "l1_ratio", "param_value_internal": 0.046621020191206834, "distribution": "{\"name\": \"FloatDistribution\", \"attributes\": {\"step\": null, \"low\": 0.0, \"high\": 0.05, \"log\": false}}"}
{"op_code": 7, "worker_id": "6ad4fc18-5f50-4e9e-8802-1d97eee26134-17724", "trial_id": 3, "step": 0, "intermediate_value": 0.13200482426445903}
{"op_code": 7, "worker_id": "6ad4fc18-5f50-4e9e-8802-1d97eee26134-17724", "trial_id": 3, "step": 1, "intermediate_value": 0.13200482426445903}
{"op_code": 9, "worker_id": "6ad4fc18-5f50-4e9e-8802-1d97eee26134-17724", "trial_id": 3, "system_attr": {"completed_rung_0": 0.13200482426445903}}
{"op_code": 7, "worker_id": "6ad4fc18-5f50-4e9e-8802-1d97eee26134-17724", "trial_id": 3, "step": 2, "intermediate_value": 0.13200482426445903}
{"op_code": 6, "worker_id": "6ad4fc18-5f50-4e9e-8802-1d97eee26134-17724", "trial_id": 3, "state": 1, "values": [0.13200482426445903], "datetime_complete": "2024-03-19T11:12:14.734585"}
{"op_code": 4, "worker_id": "6ad4fc18-5f50-4e9e-8802-1d97eee26134-17724", "study_id": 0, "datetime_start": "2024-03-19T11:12:14.939083"}
{"op_code": 5, "worker_id": "6ad4fc18-5f50-4e9e-8802-1d97eee26134-17724", "trial_id": 4, "param_name": "alpha", "param_value_internal": 0.09771709347924545, "distribution": "{\"name\": \"FloatDistribution\", \"attributes\": {\"step\": null, \"low\": 0.005, \"high\": 0.1, \"log\": false}}"}
{"op_code": 5, "worker_id": "6ad4fc18-5f50-4e9e-8802-1d97eee26134-17724", "trial_id": 4, "param_name": "l1_ratio", "param_value_internal": 0.04828997171971272, "distribution": "{\"name\": \"FloatDistribution\", \"attributes\": {\"step\": null, \"low\": 0.0, \"high\": 0.05, \"log\": false}}"}
{"op_code": 7, "worker_id": "6ad4fc18-5f50-4e9e-8802-1d97eee26134-17724", "trial_id": 4, "step": 0, "intermediate_value": 0.13200482426445903}
{"op_code": 7, "worker_id": "6ad4fc18-5f50-4e9e-8802-1d97eee26134-17724", "trial_id": 4, "step": 1, "intermediate_value": 0.13200482426445903}
{"op_code": 9, "worker_id": "6ad4fc18-5f50-4e9e-8802-1d97eee26134-17724", "trial_id": 4, "system_attr": {"completed_rung_0": 0.13200482426445903}}
{"op_code": 7, "worker_id": "6ad4fc18-5f50-4e9e-8802-1d97eee26134-17724", "trial_id": 4, "step": 2, "intermediate_value": 0.13200482426445903}
{"op_code": 6, "worker_id": "6ad4fc18-5f50-4e9e-8802-1d97eee26134-17724", "trial_id": 4, "state": 1, "values": [0.13200482426445903], "datetime_complete": "2024-03-19T11:12:16.720277"}
{"op_code": 4, "worker_id": "6ad4fc18-5f50-4e9e-8802-1d97eee26134-17724", "study_id": 0, "datetime_start": "2024-03-19T11:12:16.816008"}
{"op_code": 5, "worker_id": "6ad4fc18-5f50-4e9e-8802-1d97eee26134-17724", "trial_id": 5, "param_name": "alpha", "param_value_internal": 0.0962941143437786, "distribution": "{\"name\": \"FloatDistribution\", \"attributes\": {\"step\": null, \"low\": 0.005, \"high\": 0.1, \"log\": false}}"}
{"op_code": 5, "worker_id": "6ad4fc18-5f50-4e9e-8802-1d97eee26134-17724", "trial_id": 5, "param_name": "l1_ratio", "param_value_internal": 0.026842849054106603, "distribution": "{\"name\": \"FloatDistribution\", \"attributes\": {\"step\": null, \"low\": 0.0, \"high\": 0.05, \"log\": false}}"}
{"op_code": 7, "worker_id": "6ad4fc18-5f50-4e9e-8802-1d97eee26134-17724", "trial_id": 5, "step": 0, "intermediate_value": 0.05221948474089922}
{"op_code": 7, "worker_id": "6ad4fc18-5f50-4e9e-8802-1d97eee26134-17724", "trial_id": 5, "step": 1, "intermediate_value": 0.05221948474089922}
{"op_code": 7, "worker_id": "6ad4fc18-5f50-4e9e-8802-1d97eee26134-17724", "trial_id": 5, "step": 2, "intermediate_value": 0.05221948474089922}
{"op_code": 6, "worker_id": "6ad4fc18-5f50-4e9e-8802-1d97eee26134-17724", "trial_id": 5, "state": 1, "values": [0.05221948474089922], "datetime_complete": "2024-03-19T11:12:18.736883"}
{"op_code": 4, "worker_id": "6ad4fc18-5f50-4e9e-8802-1d97eee26134-17724", "study_id": 0, "datetime_start": "2024-03-19T11:12:18.992018"}
{"op_code": 5, "worker_id": "6ad4fc18-5f50-4e9e-8802-1d97eee26134-17724", "trial_id": 6, "param_name": "alpha", "param_value_internal": 0.07112698965569259, "distribution": "{\"name\": \"FloatDistribution\", \"attributes\": {\"step\": null, \"low\": 0.005, \"high\": 0.1, \"log\": false}}"}
{"op_code": 5, "worker_id": "6ad4fc18-5f50-4e9e-8802-1d97eee26134-17724", "trial_id": 6, "param_name": "l1_ratio", "param_value_internal": 0.02797990463361321, "distribution": "{\"name\": \"FloatDistribution\", \"attributes\": {\"step\": null, \"low\": 0.0, \"high\": 0.05, \"log\": false}}"}
{"op_code": 7, "worker_id": "6ad4fc18-5f50-4e9e-8802-1d97eee26134-17724", "trial_id": 6, "step": 0, "intermediate_value": 0.11689423449682006}
{"op_code": 7, "worker_id": "6ad4fc18-5f50-4e9e-8802-1d97eee26134-17724", "trial_id": 6, "step": 1, "intermediate_value": 0.11689423449682006}
{"op_code": 9, "worker_id": "6ad4fc18-5f50-4e9e-8802-1d97eee26134-17724", "trial_id": 6, "system_attr": {"completed_rung_0": 0.11689423449682006}}
{"op_code": 6, "worker_id": "6ad4fc18-5f50-4e9e-8802-1d97eee26134-17724", "trial_id": 6, "state": 2, "values": [0.11689423449682006], "datetime_complete": "2024-03-19T11:12:21.383778"}
{"op_code": 4, "worker_id": "6ad4fc18-5f50-4e9e-8802-1d97eee26134-17724", "study_id": 0, "datetime_start": "2024-03-19T11:12:21.671577"}
{"op_code": 5, "worker_id": "6ad4fc18-5f50-4e9e-8802-1d97eee26134-17724", "trial_id": 7, "param_name": "alpha", "param_value_internal": 0.06810755977550215, "distribution": "{\"name\": \"FloatDistribution\", \"attributes\": {\"step\": null, \"low\": 0.005, \"high\": 0.1, \"log\": false}}"}
{"op_code": 5, "worker_id": "6ad4fc18-5f50-4e9e-8802-1d97eee26134-17724", "trial_id": 7, "param_name": "l1_ratio", "param_value_internal": 0.03611060044164191, "distribution": "{\"name\": \"FloatDistribution\", \"attributes\": {\"step\": null, \"low\": 0.0, \"high\": 0.05, \"log\": false}}"}
{"op_code": 7, "worker_id": "6ad4fc18-5f50-4e9e-8802-1d97eee26134-17724", "trial_id": 7, "step": 0, "intermediate_value": 0.06821171325626615}
{"op_code": 7, "worker_id": "6ad4fc18-5f50-4e9e-8802-1d97eee26134-17724", "trial_id": 7, "step": 1, "intermediate_value": 0.06821171325626615}
{"op_code": 9, "worker_id": "6ad4fc18-5f50-4e9e-8802-1d97eee26134-17724", "trial_id": 7, "system_attr": {"completed_rung_0": 0.06821171325626615}}
{"op_code": 6, "worker_id": "6ad4fc18-5f50-4e9e-8802-1d97eee26134-17724", "trial_id": 7, "state": 2, "values": [0.06821171325626615], "datetime_complete": "2024-03-19T11:12:23.182978"}
{"op_code": 4, "worker_id": "6ad4fc18-5f50-4e9e-8802-1d97eee26134-17724", "study_id": 0, "datetime_start": "2024-03-19T11:12:23.271523"}
{"op_code": 5, "worker_id": "6ad4fc18-5f50-4e9e-8802-1d97eee26134-17724", "trial_id": 8, "param_name": "alpha", "param_value_internal": 0.08117313524978634, "distribution": "{\"name\": \"FloatDistribution\", \"attributes\": {\"step\": null, \"low\": 0.005, \"high\": 0.1, \"log\": false}}"}
{"op_code": 5, "worker_id": "6ad4fc18-5f50-4e9e-8802-1d97eee26134-17724", "trial_id": 8, "param_name": "l1_ratio", "param_value_internal": 0.04978472009610126, "distribution": "{\"name\": \"FloatDistribution\", \"attributes\": {\"step\": null, \"low\": 0.0, \"high\": 0.05, \"log\": false}}"}
{"op_code": 7, "worker_id": "6ad4fc18-5f50-4e9e-8802-1d97eee26134-17724", "trial_id": 8, "step": 0, "intermediate_value": 0.12899316321579196}
{"op_code": 7, "worker_id": "6ad4fc18-5f50-4e9e-8802-1d97eee26134-17724", "trial_id": 8, "step": 1, "intermediate_value": 0.12899316321579196}
{"op_code": 9, "worker_id": "6ad4fc18-5f50-4e9e-8802-1d97eee26134-17724", "trial_id": 8, "system_attr": {"completed_rung_0": 0.12899316321579196}}
{"op_code": 6, "worker_id": "6ad4fc18-5f50-4e9e-8802-1d97eee26134-17724", "trial_id": 8, "state": 2, "values": [0.12899316321579196], "datetime_complete": "2024-03-19T11:12:24.929639"}
{"op_code": 4, "worker_id": "6ad4fc18-5f50-4e9e-8802-1d97eee26134-17724", "study_id": 0, "datetime_start": "2024-03-19T11:12:25.171321"}
{"op_code": 5, "worker_id": "6ad4fc18-5f50-4e9e-8802-1d97eee26134-17724", "trial_id": 9, "param_name": "alpha", "param_value_internal": 0.056787651922813626, "distribution": "{\"name\": \"FloatDistribution\", \"attributes\": {\"step\": null, \"low\": 0.005, \"high\": 0.1, \"log\": false}}"}
{"op_code": 5, "worker_id": "6ad4fc18-5f50-4e9e-8802-1d97eee26134-17724", "trial_id": 9, "param_name": "l1_ratio", "param_value_internal": 0.03514959179788527, "distribution": "{\"name\": \"FloatDistribution\", \"attributes\": {\"step\": null, \"low\": 0.0, \"high\": 0.05, \"log\": false}}"}
{"op_code": 7, "worker_id": "6ad4fc18-5f50-4e9e-8802-1d97eee26134-17724", "trial_id": 9, "step": 0, "intermediate_value": 0.10929475220411734}
{"op_code": 7, "worker_id": "6ad4fc18-5f50-4e9e-8802-1d97eee26134-17724", "trial_id": 9, "step": 1, "intermediate_value": 0.10929475220411734}
{"op_code": 7, "worker_id": "6ad4fc18-5f50-4e9e-8802-1d97eee26134-17724", "trial_id": 9, "step": 2, "intermediate_value": 0.10929475220411734}
{"op_code": 6, "worker_id": "6ad4fc18-5f50-4e9e-8802-1d97eee26134-17724", "trial_id": 9, "state": 1, "values": [0.10929475220411734], "datetime_complete": "2024-03-19T11:12:26.820086"}
{"op_code": 4, "worker_id": "6ad4fc18-5f50-4e9e-8802-1d97eee26134-17724", "study_id": 0, "datetime_start": "2024-03-19T11:12:27.156665"}
{"op_code": 5, "worker_id": "6ad4fc18-5f50-4e9e-8802-1d97eee26134-17724", "trial_id": 10, "param_name": "alpha", "param_value_internal": 0.03825928814865071, "distribution": "{\"name\": \"FloatDistribution\", \"attributes\": {\"step\": null, \"low\": 0.005, \"high\": 0.1, \"log\": false}}"}
{"op_code": 5, "worker_id": "6ad4fc18-5f50-4e9e-8802-1d97eee26134-17724", "trial_id": 10, "param_name": "l1_ratio", "param_value_internal": 0.01266315822215945, "distribution": "{\"name\": \"FloatDistribution\", \"attributes\": {\"step\": null, \"low\": 0.0, \"high\": 0.05, \"log\": false}}"}
{"op_code": 7, "worker_id": "6ad4fc18-5f50-4e9e-8802-1d97eee26134-17724", "trial_id": 10, "step": 0, "intermediate_value": 0.11083854502508168}
{"op_code": 7, "worker_id": "6ad4fc18-5f50-4e9e-8802-1d97eee26134-17724", "trial_id": 10, "step": 1, "intermediate_value": 0.11083854502508168}
{"op_code": 9, "worker_id": "6ad4fc18-5f50-4e9e-8802-1d97eee26134-17724", "trial_id": 10, "system_attr": {"completed_rung_0": 0.11083854502508168}}
{"op_code": 6, "worker_id": "6ad4fc18-5f50-4e9e-8802-1d97eee26134-17724", "trial_id": 10, "state": 2, "values": [0.11083854502508168], "datetime_complete": "2024-03-19T11:12:28.822712"}
{"op_code": 4, "worker_id": "6ad4fc18-5f50-4e9e-8802-1d97eee26134-17724", "study_id": 0, "datetime_start": "2024-03-19T11:12:29.241475"}
{"op_code": 5, "worker_id": "6ad4fc18-5f50-4e9e-8802-1d97eee26134-17724", "trial_id": 11, "param_name": "alpha", "param_value_internal": 0.0977763453711215, "distribution": "{\"name\": \"FloatDistribution\", \"attributes\": {\"step\": null, \"low\": 0.005, \"high\": 0.1, \"log\": false}}"}
{"op_code": 5, "worker_id": "6ad4fc18-5f50-4e9e-8802-1d97eee26134-17724", "trial_id": 11, "param_name": "l1_ratio", "param_value_internal": 0.049747570378647854, "distribution": "{\"name\": \"FloatDistribution\", \"attributes\": {\"step\": null, \"low\": 0.0, \"high\": 0.05, \"log\": false}}"}
{"op_code": 7, "worker_id": "6ad4fc18-5f50-4e9e-8802-1d97eee26134-17724", "trial_id": 11, "step": 0, "intermediate_value": 0.13200482426445903}
{"op_code": 7, "worker_id": "6ad4fc18-5f50-4e9e-8802-1d97eee26134-17724", "trial_id": 11, "step": 1, "intermediate_value": 0.13200482426445903}
{"op_code": 9, "worker_id": "6ad4fc18-5f50-4e9e-8802-1d97eee26134-17724", "trial_id": 11, "system_attr": {"completed_rung_0": 0.13200482426445903}}
{"op_code": 7, "worker_id": "6ad4fc18-5f50-4e9e-8802-1d97eee26134-17724", "trial_id": 11, "step": 2, "intermediate_value": 0.13200482426445903}
{"op_code": 6, "worker_id": "6ad4fc18-5f50-4e9e-8802-1d97eee26134-17724", "trial_id": 11, "state": 1, "values": [0.13200482426445903], "datetime_complete": "2024-03-19T11:12:32.461846"}
{"op_code": 4, "worker_id": "6ad4fc18-5f50-4e9e-8802-1d97eee26134-17724", "study_id": 0, "datetime_start": "2024-03-19T11:12:32.656730"}
{"op_code": 5, "worker_id": "6ad4fc18-5f50-4e9e-8802-1d97eee26134-17724", "trial_id": 12, "param_name": "alpha", "param_value_internal": 0.08749896349318688, "distribution": "{\"name\": \"FloatDistribution\", \"attributes\": {\"step\": null, \"low\": 0.005, \"high\": 0.1, \"log\": false}}"}
{"op_code": 5, "worker_id": "6ad4fc18-5f50-4e9e-8802-1d97eee26134-17724", "trial_id": 12, "param_name": "l1_ratio", "param_value_internal": 0.039057851479608746, "distribution": "{\"name\": \"FloatDistribution\", \"attributes\": {\"step\": null, \"low\": 0.0, \"high\": 0.05, \"log\": false}}"}
{"op_code": 7, "worker_id": "6ad4fc18-5f50-4e9e-8802-1d97eee26134-17724", "trial_id": 12, "step": 0, "intermediate_value": 0.08665987355022375}
{"op_code": 7, "worker_id": "6ad4fc18-5f50-4e9e-8802-1d97eee26134-17724", "trial_id": 12, "step": 1, "intermediate_value": 0.08665987355022375}
{"op_code": 7, "worker_id": "6ad4fc18-5f50-4e9e-8802-1d97eee26134-17724", "trial_id": 12, "step": 2, "intermediate_value": 0.08665987355022375}
{"op_code": 6, "worker_id": "6ad4fc18-5f50-4e9e-8802-1d97eee26134-17724", "trial_id": 12, "state": 1, "values": [0.08665987355022375], "datetime_complete": "2024-03-19T11:12:34.865361"}
{"op_code": 4, "worker_id": "6ad4fc18-5f50-4e9e-8802-1d97eee26134-17724", "study_id": 0, "datetime_start": "2024-03-19T11:12:35.144704"}
{"op_code": 5, "worker_id": "6ad4fc18-5f50-4e9e-8802-1d97eee26134-17724", "trial_id": 13, "param_name": "alpha", "param_value_internal": 0.09867602025738201, "distribution": "{\"name\": \"FloatDistribution\", \"attributes\": {\"step\": null, \"low\": 0.005, \"high\": 0.1, \"log\": false}}"}
{"op_code": 5, "worker_id": "6ad4fc18-5f50-4e9e-8802-1d97eee26134-17724", "trial_id": 13, "param_name": "l1_ratio", "param_value_internal": 0.04224531882395928, "distribution": "{\"name\": \"FloatDistribution\", \"attributes\": {\"step\": null, \"low\": 0.0, \"high\": 0.05, \"log\": false}}"}
{"op_code": 7, "worker_id": "6ad4fc18-5f50-4e9e-8802-1d97eee26134-17724", "trial_id": 13, "step": 0, "intermediate_value": 0.13200482426445903}
{"op_code": 7, "worker_id": "6ad4fc18-5f50-4e9e-8802-1d97eee26134-17724", "trial_id": 13, "step": 1, "intermediate_value": 0.13200482426445903}
{"op_code": 7, "worker_id": "6ad4fc18-5f50-4e9e-8802-1d97eee26134-17724", "trial_id": 13, "step": 2, "intermediate_value": 0.13200482426445903}
{"op_code": 6, "worker_id": "6ad4fc18-5f50-4e9e-8802-1d97eee26134-17724", "trial_id": 13, "state": 1, "values": [0.13200482426445903], "datetime_complete": "2024-03-19T11:12:36.819783"}
{"op_code": 4, "worker_id": "6ad4fc18-5f50-4e9e-8802-1d97eee26134-17724", "study_id": 0, "datetime_start": "2024-03-19T11:12:37.106379"}
{"op_code": 5, "worker_id": "6ad4fc18-5f50-4e9e-8802-1d97eee26134-17724", "trial_id": 14, "param_name": "alpha", "param_value_internal": 0.07966407964418329, "distribution": "{\"name\": \"FloatDistribution\", \"attributes\": {\"step\": null, \"low\": 0.005, \"high\": 0.1, \"log\": false}}"}
{"op_code": 5, "worker_id": "6ad4fc18-5f50-4e9e-8802-1d97eee26134-17724", "trial_id": 14, "param_name": "l1_ratio", "param_value_internal": 0.033066095786047675, "distribution": "{\"name\": \"FloatDistribution\", \"attributes\": {\"step\": null, \"low\": 0.0, \"high\": 0.05, \"log\": false}}"}
{"op_code": 7, "worker_id": "6ad4fc18-5f50-4e9e-8802-1d97eee26134-17724", "trial_id": 14, "step": 0, "intermediate_value": 0.05320081852051629}
{"op_code": 7, "worker_id": "6ad4fc18-5f50-4e9e-8802-1d97eee26134-17724", "trial_id": 14, "step": 1, "intermediate_value": 0.05320081852051629}
{"op_code": 9, "worker_id": "6ad4fc18-5f50-4e9e-8802-1d97eee26134-17724", "trial_id": 14, "system_attr": {"completed_rung_0": 0.05320081852051629}}
{"op_code": 6, "worker_id": "6ad4fc18-5f50-4e9e-8802-1d97eee26134-17724", "trial_id": 14, "state": 2, "values": [0.05320081852051629], "datetime_complete": "2024-03-19T11:12:38.670713"}
{"op_code": 4, "worker_id": "6ad4fc18-5f50-4e9e-8802-1d97eee26134-17724", "study_id": 0, "datetime_start": "2024-03-19T11:12:39.180521"}
{"op_code": 5, "worker_id": "6ad4fc18-5f50-4e9e-8802-1d97eee26134-17724", "trial_id": 15, "param_name": "alpha", "param_value_internal": 0.08808077787628532, "distribution": "{\"name\": \"FloatDistribution\", \"attributes\": {\"step\": null, \"low\": 0.005, \"high\": 0.1, \"log\": false}}"}
{"op_code": 5, "worker_id": "6ad4fc18-5f50-4e9e-8802-1d97eee26134-17724", "trial_id": 15, "param_name": "l1_ratio", "param_value_internal": 0.04447664557871896, "distribution": "{\"name\": \"FloatDistribution\", \"attributes\": {\"step\": null, \"low\": 0.0, \"high\": 0.05, \"log\": false}}"}
{"op_code": 7, "worker_id": "6ad4fc18-5f50-4e9e-8802-1d97eee26134-17724", "trial_id": 15, "step": 0, "intermediate_value": 0.12899316321579196}
{"op_code": 7, "worker_id": "6ad4fc18-5f50-4e9e-8802-1d97eee26134-17724", "trial_id": 15, "step": 1, "intermediate_value": 0.12899316321579196}
{"op_code": 9, "worker_id": "6ad4fc18-5f50-4e9e-8802-1d97eee26134-17724", "trial_id": 15, "system_attr": {"completed_rung_0": 0.12899316321579196}}
{"op_code": 6, "worker_id": "6ad4fc18-5f50-4e9e-8802-1d97eee26134-17724", "trial_id": 15, "state": 2, "values": [0.12899316321579196], "datetime_complete": "2024-03-19T11:12:40.789590"}
{"op_code": 4, "worker_id": "6ad4fc18-5f50-4e9e-8802-1d97eee26134-17724", "study_id": 0, "datetime_start": "2024-03-19T11:12:41.084870"}
{"op_code": 5, "worker_id": "6ad4fc18-5f50-4e9e-8802-1d97eee26134-17724", "trial_id": 16, "param_name": "alpha", "param_value_internal": 0.07015853672312178, "distribution": "{\"name\": \"FloatDistribution\", \"attributes\": {\"step\": null, \"low\": 0.005, \"high\": 0.1, \"log\": false}}"}
{"op_code": 5, "worker_id": "6ad4fc18-5f50-4e9e-8802-1d97eee26134-17724", "trial_id": 16, "param_name": "l1_ratio", "param_value_internal": 0.049503741594448904, "distribution": "{\"name\": \"FloatDistribution\", \"attributes\": {\"step\": null, \"low\": 0.0, \"high\": 0.05, \"log\": false}}"}
{"op_code": 7, "worker_id": "6ad4fc18-5f50-4e9e-8802-1d97eee26134-17724", "trial_id": 16, "step": 0, "intermediate_value": 0.08665987355022375}
{"op_code": 7, "worker_id": "6ad4fc18-5f50-4e9e-8802-1d97eee26134-17724", "trial_id": 16, "step": 1, "intermediate_value": 0.08665987355022375}
{"op_code": 9, "worker_id": "6ad4fc18-5f50-4e9e-8802-1d97eee26134-17724", "trial_id": 16, "system_attr": {"completed_rung_0": 0.08665987355022375}}
{"op_code": 6, "worker_id": "6ad4fc18-5f50-4e9e-8802-1d97eee26134-17724", "trial_id": 16, "state": 2, "values": [0.08665987355022375], "datetime_complete": "2024-03-19T11:12:42.880181"}
{"op_code": 4, "worker_id": "6ad4fc18-5f50-4e9e-8802-1d97eee26134-17724", "study_id": 0, "datetime_start": "2024-03-19T11:12:42.967510"}
{"op_code": 5, "worker_id": "6ad4fc18-5f50-4e9e-8802-1d97eee26134-17724", "trial_id": 17, "param_name": "alpha", "param_value_internal": 0.09859474639968842, "distribution": "{\"name\": \"FloatDistribution\", \"attributes\": {\"step\": null, \"low\": 0.005, \"high\": 0.1, \"log\": false}}"}
{"op_code": 5, "worker_id": "6ad4fc18-5f50-4e9e-8802-1d97eee26134-17724", "trial_id": 17, "param_name": "l1_ratio", "param_value_internal": 0.03159420527532929, "distribution": "{\"name\": \"FloatDistribution\", \"attributes\": {\"step\": null, \"low\": 0.0, \"high\": 0.05, \"log\": false}}"}
{"op_code": 7, "worker_id": "6ad4fc18-5f50-4e9e-8802-1d97eee26134-17724", "trial_id": 17, "step": 0, "intermediate_value": 0.08560685312255471}
{"op_code": 7, "worker_id": "6ad4fc18-5f50-4e9e-8802-1d97eee26134-17724", "trial_id": 17, "step": 1, "intermediate_value": 0.08560685312255471}
{"op_code": 9, "worker_id": "6ad4fc18-5f50-4e9e-8802-1d97eee26134-17724", "trial_id": 17, "system_attr": {"completed_rung_0": 0.08560685312255471}}
{"op_code": 6, "worker_id": "6ad4fc18-5f50-4e9e-8802-1d97eee26134-17724", "trial_id": 17, "state": 2, "values": [0.08560685312255471], "datetime_complete": "2024-03-19T11:12:43.143862"}
{"op_code": 4, "worker_id": "6ad4fc18-5f50-4e9e-8802-1d97eee26134-17724", "study_id": 0, "datetime_start": "2024-03-19T11:12:43.160935"}
{"op_code": 5, "worker_id": "6ad4fc18-5f50-4e9e-8802-1d97eee26134-17724", "trial_id": 18, "param_name": "alpha", "param_value_internal": 0.08646748150490705, "distribution": "{\"name\": \"FloatDistribution\", \"attributes\": {\"step\": null, \"low\": 0.005, \"high\": 0.1, \"log\": false}}"}
{"op_code": 5, "worker_id": "6ad4fc18-5f50-4e9e-8802-1d97eee26134-17724", "trial_id": 18, "param_name": "l1_ratio", "param_value_internal": 0.03928250313031117, "distribution": "{\"name\": \"FloatDistribution\", \"attributes\": {\"step\": null, \"low\": 0.0, \"high\": 0.05, \"log\": false}}"}
{"op_code": 7, "worker_id": "6ad4fc18-5f50-4e9e-8802-1d97eee26134-17724", "trial_id": 18, "step": 0, "intermediate_value": 0.08665987355022375}
{"op_code": 7, "worker_id": "6ad4fc18-5f50-4e9e-8802-1d97eee26134-17724", "trial_id": 18, "step": 1, "intermediate_value": 0.08665987355022375}
{"op_code": 7, "worker_id": "6ad4fc18-5f50-4e9e-8802-1d97eee26134-17724", "trial_id": 18, "step": 2, "intermediate_value": 0.08665987355022375}
{"op_code": 6, "worker_id": "6ad4fc18-5f50-4e9e-8802-1d97eee26134-17724", "trial_id": 18, "state": 1, "values": [0.08665987355022375], "datetime_complete": "2024-03-19T11:12:43.991628"}
{"op_code": 4, "worker_id": "6ad4fc18-5f50-4e9e-8802-1d97eee26134-17724", "study_id": 0, "datetime_start": "2024-03-19T11:12:44.312675"}
{"op_code": 5, "worker_id": "6ad4fc18-5f50-4e9e-8802-1d97eee26134-17724", "trial_id": 19, "param_name": "alpha", "param_value_internal": 0.07701328614917614, "distribution": "{\"name\": \"FloatDistribution\", \"attributes\": {\"step\": null, \"low\": 0.005, \"high\": 0.1, \"log\": false}}"}
{"op_code": 5, "worker_id": "6ad4fc18-5f50-4e9e-8802-1d97eee26134-17724", "trial_id": 19, "param_name": "l1_ratio", "param_value_internal": 0.021081030073854135, "distribution": "{\"name\": \"FloatDistribution\", \"attributes\": {\"step\": null, \"low\": 0.0, \"high\": 0.05, \"log\": false}}"}
{"op_code": 7, "worker_id": "6ad4fc18-5f50-4e9e-8802-1d97eee26134-17724", "trial_id": 19, "step": 0, "intermediate_value": 0.16027641931767794}
{"op_code": 7, "worker_id": "6ad4fc18-5f50-4e9e-8802-1d97eee26134-17724", "trial_id": 19, "step": 1, "intermediate_value": 0.16027641931767794}
{"op_code": 9, "worker_id": "6ad4fc18-5f50-4e9e-8802-1d97eee26134-17724", "trial_id": 19, "system_attr": {"completed_rung_0": 0.16027641931767794}}
{"op_code": 7, "worker_id": "6ad4fc18-5f50-4e9e-8802-1d97eee26134-17724", "trial_id": 19, "step": 2, "intermediate_value": 0.16027641931767794}
{"op_code": 6, "worker_id": "6ad4fc18-5f50-4e9e-8802-1d97eee26134-17724", "trial_id": 19, "state": 1, "values": [0.16027641931767794], "datetime_complete": "2024-03-19T11:12:45.963035"}
