{"op_code": 0, "worker_id": "632626dc-0660-40d4-aae7-38971072e454-9760", "study_name": "RF", "directions": [2]}
{"op_code": 4, "worker_id": "632626dc-0660-40d4-aae7-38971072e454-21112", "study_id": 0, "datetime_start": "2024-03-19T11:12:05.613380"}
{"op_code": 5, "worker_id": "632626dc-0660-40d4-aae7-38971072e454-21112", "trial_id": 0, "param_name": "n_estimators", "param_value_internal": 0, "distribution": "{\"name\": \"CategoricalDistribution\", \"attributes\": {\"choices\": [500, 750, 1000]}}"}
{"op_code": 5, "worker_id": "632626dc-0660-40d4-aae7-38971072e454-21112", "trial_id": 0, "param_name": "max_features", "param_value_internal": 0, "distribution": "{\"name\": \"CategoricalDistribution\", \"attributes\": {\"choices\": [\"sqrt\", \"log2\"]}}"}
{"op_code": 5, "worker_id": "632626dc-0660-40d4-aae7-38971072e454-21112", "trial_id": 0, "param_name": "max_depth", "param_value_internal": 1, "distribution": "{\"name\": \"CategoricalDistribution\", \"attributes\": {\"choices\": [null, 2, 5, 10, 20]}}"}
{"op_code": 7, "worker_id": "632626dc-0660-40d4-aae7-38971072e454-21112", "trial_id": 0, "step": 0, "intermediate_value": 0.2356232471563518}
{"op_code": 7, "worker_id": "632626dc-0660-40d4-aae7-38971072e454-21112", "trial_id": 0, "step": 1, "intermediate_value": 0.2334311116830737}
{"op_code": 7, "worker_id": "632626dc-0660-40d4-aae7-38971072e454-21112", "trial_id": 0, "step": 2, "intermediate_value": 0.19718780519154203}
{"op_code": 6, "worker_id": "632626dc-0660-40d4-aae7-38971072e454-21112", "trial_id": 0, "state": 1, "values": [0.22208072134365583], "datetime_complete": "2024-03-19T11:12:36.680505"}
{"op_code": 4, "worker_id": "632626dc-0660-40d4-aae7-38971072e454-21112", "study_id": 0, "datetime_start": "2024-03-19T11:12:36.798804"}
{"op_code": 5, "worker_id": "632626dc-0660-40d4-aae7-38971072e454-21112", "trial_id": 1, "param_name": "n_estimators", "param_value_internal": 0, "distribution": "{\"name\": \"CategoricalDistribution\", \"attributes\": {\"choices\": [500, 750, 1000]}}"}
{"op_code": 5, "worker_id": "632626dc-0660-40d4-aae7-38971072e454-21112", "trial_id": 1, "param_name": "max_features", "param_value_internal": 0, "distribution": "{\"name\": \"CategoricalDistribution\", \"attributes\": {\"choices\": [\"sqrt\", \"log2\"]}}"}
{"op_code": 5, "worker_id": "632626dc-0660-40d4-aae7-38971072e454-21112", "trial_id": 1, "param_name": "max_depth", "param_value_internal": 1, "distribution": "{\"name\": \"CategoricalDistribution\", \"attributes\": {\"choices\": [null, 2, 5, 10, 20]}}"}
{"op_code": 7, "worker_id": "632626dc-0660-40d4-aae7-38971072e454-21112", "trial_id": 1, "step": 0, "intermediate_value": 0.20249068528880532}
{"op_code": 7, "worker_id": "632626dc-0660-40d4-aae7-38971072e454-21112", "trial_id": 1, "step": 1, "intermediate_value": 0.167834067330313}
{"op_code": 9, "worker_id": "632626dc-0660-40d4-aae7-38971072e454-21112", "trial_id": 1, "system_attr": {"completed_rung_0": 0.167834067330313}}
{"op_code": 7, "worker_id": "632626dc-0660-40d4-aae7-38971072e454-21112", "trial_id": 1, "step": 2, "intermediate_value": 0.24042506771686584}
{"op_code": 6, "worker_id": "632626dc-0660-40d4-aae7-38971072e454-21112", "trial_id": 1, "state": 1, "values": [0.2035832734453281], "datetime_complete": "2024-03-19T11:13:07.401406"}
{"op_code": 4, "worker_id": "632626dc-0660-40d4-aae7-38971072e454-21112", "study_id": 0, "datetime_start": "2024-03-19T11:13:07.706661"}
{"op_code": 5, "worker_id": "632626dc-0660-40d4-aae7-38971072e454-21112", "trial_id": 2, "param_name": "n_estimators", "param_value_internal": 2, "distribution": "{\"name\": \"CategoricalDistribution\", \"attributes\": {\"choices\": [500, 750, 1000]}}"}
{"op_code": 5, "worker_id": "632626dc-0660-40d4-aae7-38971072e454-21112", "trial_id": 2, "param_name": "max_features", "param_value_internal": 0, "distribution": "{\"name\": \"CategoricalDistribution\", \"attributes\": {\"choices\": [\"sqrt\", \"log2\"]}}"}
{"op_code": 5, "worker_id": "632626dc-0660-40d4-aae7-38971072e454-21112", "trial_id": 2, "param_name": "max_depth", "param_value_internal": 2, "distribution": "{\"name\": \"CategoricalDistribution\", \"attributes\": {\"choices\": [null, 2, 5, 10, 20]}}"}
{"op_code": 7, "worker_id": "632626dc-0660-40d4-aae7-38971072e454-21112", "trial_id": 2, "step": 0, "intermediate_value": 0.31631471005368483}
{"op_code": 7, "worker_id": "632626dc-0660-40d4-aae7-38971072e454-21112", "trial_id": 2, "step": 1, "intermediate_value": 0.36030356188413254}
{"op_code": 9, "worker_id": "632626dc-0660-40d4-aae7-38971072e454-21112", "trial_id": 2, "system_attr": {"completed_rung_0": 0.36030356188413254}}
{"op_code": 7, "worker_id": "632626dc-0660-40d4-aae7-38971072e454-21112", "trial_id": 2, "step": 2, "intermediate_value": 0.3303652545633627}
{"op_code": 6, "worker_id": "632626dc-0660-40d4-aae7-38971072e454-21112", "trial_id": 2, "state": 1, "values": [0.3356611755003933], "datetime_complete": "2024-03-19T11:14:58.018432"}
{"op_code": 4, "worker_id": "632626dc-0660-40d4-aae7-38971072e454-21112", "study_id": 0, "datetime_start": "2024-03-19T11:14:58.148863"}
{"op_code": 5, "worker_id": "632626dc-0660-40d4-aae7-38971072e454-21112", "trial_id": 3, "param_name": "n_estimators", "param_value_internal": 2, "distribution": "{\"name\": \"CategoricalDistribution\", \"attributes\": {\"choices\": [500, 750, 1000]}}"}
{"op_code": 5, "worker_id": "632626dc-0660-40d4-aae7-38971072e454-21112", "trial_id": 3, "param_name": "max_features", "param_value_internal": 1, "distribution": "{\"name\": \"CategoricalDistribution\", \"attributes\": {\"choices\": [\"sqrt\", \"log2\"]}}"}
{"op_code": 5, "worker_id": "632626dc-0660-40d4-aae7-38971072e454-21112", "trial_id": 3, "param_name": "max_depth", "param_value_internal": 2, "distribution": "{\"name\": \"CategoricalDistribution\", \"attributes\": {\"choices\": [null, 2, 5, 10, 20]}}"}
{"op_code": 7, "worker_id": "632626dc-0660-40d4-aae7-38971072e454-21112", "trial_id": 3, "step": 0, "intermediate_value": 0.2578577640996014}
{"op_code": 7, "worker_id": "632626dc-0660-40d4-aae7-38971072e454-21112", "trial_id": 3, "step": 1, "intermediate_value": 0.24437091156876645}
{"op_code": 7, "worker_id": "632626dc-0660-40d4-aae7-38971072e454-21112", "trial_id": 3, "step": 2, "intermediate_value": 0.254245959938867}
{"op_code": 6, "worker_id": "632626dc-0660-40d4-aae7-38971072e454-21112", "trial_id": 3, "state": 1, "values": [0.2521582118690783], "datetime_complete": "2024-03-19T11:16:19.804427"}
{"op_code": 4, "worker_id": "632626dc-0660-40d4-aae7-38971072e454-21112", "study_id": 0, "datetime_start": "2024-03-19T11:16:20.128605"}
{"op_code": 5, "worker_id": "632626dc-0660-40d4-aae7-38971072e454-21112", "trial_id": 4, "param_name": "n_estimators", "param_value_internal": 2, "distribution": "{\"name\": \"CategoricalDistribution\", \"attributes\": {\"choices\": [500, 750, 1000]}}"}
{"op_code": 5, "worker_id": "632626dc-0660-40d4-aae7-38971072e454-21112", "trial_id": 4, "param_name": "max_features", "param_value_internal": 0, "distribution": "{\"name\": \"CategoricalDistribution\", \"attributes\": {\"choices\": [\"sqrt\", \"log2\"]}}"}
{"op_code": 5, "worker_id": "632626dc-0660-40d4-aae7-38971072e454-21112", "trial_id": 4, "param_name": "max_depth", "param_value_internal": 3, "distribution": "{\"name\": \"CategoricalDistribution\", \"attributes\": {\"choices\": [null, 2, 5, 10, 20]}}"}
{"op_code": 7, "worker_id": "632626dc-0660-40d4-aae7-38971072e454-21112", "trial_id": 4, "step": 0, "intermediate_value": 0.36573170686558315}
{"op_code": 7, "worker_id": "632626dc-0660-40d4-aae7-38971072e454-21112", "trial_id": 4, "step": 1, "intermediate_value": 0.3386536144004238}
{"op_code": 7, "worker_id": "632626dc-0660-40d4-aae7-38971072e454-21112", "trial_id": 4, "step": 2, "intermediate_value": 0.34669144446911027}
{"op_code": 6, "worker_id": "632626dc-0660-40d4-aae7-38971072e454-21112", "trial_id": 4, "state": 1, "values": [0.35035892191170576], "datetime_complete": "2024-03-19T11:19:07.282118"}
{"op_code": 4, "worker_id": "632626dc-0660-40d4-aae7-38971072e454-21112", "study_id": 0, "datetime_start": "2024-03-19T11:19:07.485440"}
{"op_code": 5, "worker_id": "632626dc-0660-40d4-aae7-38971072e454-21112", "trial_id": 5, "param_name": "n_estimators", "param_value_internal": 2, "distribution": "{\"name\": \"CategoricalDistribution\", \"attributes\": {\"choices\": [500, 750, 1000]}}"}
{"op_code": 5, "worker_id": "632626dc-0660-40d4-aae7-38971072e454-21112", "trial_id": 5, "param_name": "max_features", "param_value_internal": 1, "distribution": "{\"name\": \"CategoricalDistribution\", \"attributes\": {\"choices\": [\"sqrt\", \"log2\"]}}"}
{"op_code": 5, "worker_id": "632626dc-0660-40d4-aae7-38971072e454-21112", "trial_id": 5, "param_name": "max_depth", "param_value_internal": 3, "distribution": "{\"name\": \"CategoricalDistribution\", \"attributes\": {\"choices\": [null, 2, 5, 10, 20]}}"}
{"op_code": 7, "worker_id": "632626dc-0660-40d4-aae7-38971072e454-21112", "trial_id": 5, "step": 0, "intermediate_value": 0.3204693287125643}
{"op_code": 7, "worker_id": "632626dc-0660-40d4-aae7-38971072e454-21112", "trial_id": 5, "step": 1, "intermediate_value": 0.3525162615838207}
{"op_code": 9, "worker_id": "632626dc-0660-40d4-aae7-38971072e454-21112", "trial_id": 5, "system_attr": {"completed_rung_0": 0.3525162615838207}}
{"op_code": 6, "worker_id": "632626dc-0660-40d4-aae7-38971072e454-21112", "trial_id": 5, "state": 2, "values": [0.3525162615838207], "datetime_complete": "2024-03-19T11:20:36.634669"}
{"op_code": 4, "worker_id": "632626dc-0660-40d4-aae7-38971072e454-21112", "study_id": 0, "datetime_start": "2024-03-19T11:20:36.903900"}
{"op_code": 5, "worker_id": "632626dc-0660-40d4-aae7-38971072e454-21112", "trial_id": 6, "param_name": "n_estimators", "param_value_internal": 1, "distribution": "{\"name\": \"CategoricalDistribution\", \"attributes\": {\"choices\": [500, 750, 1000]}}"}
{"op_code": 5, "worker_id": "632626dc-0660-40d4-aae7-38971072e454-21112", "trial_id": 6, "param_name": "max_features", "param_value_internal": 0, "distribution": "{\"name\": \"CategoricalDistribution\", \"attributes\": {\"choices\": [\"sqrt\", \"log2\"]}}"}
{"op_code": 5, "worker_id": "632626dc-0660-40d4-aae7-38971072e454-21112", "trial_id": 6, "param_name": "max_depth", "param_value_internal": 0, "distribution": "{\"name\": \"CategoricalDistribution\", \"attributes\": {\"choices\": [null, 2, 5, 10, 20]}}"}
{"op_code": 7, "worker_id": "632626dc-0660-40d4-aae7-38971072e454-21112", "trial_id": 6, "step": 0, "intermediate_value": 0.2863555252522171}
{"op_code": 7, "worker_id": "632626dc-0660-40d4-aae7-38971072e454-21112", "trial_id": 6, "step": 1, "intermediate_value": 0.31829807071998406}
{"op_code": 7, "worker_id": "632626dc-0660-40d4-aae7-38971072e454-21112", "trial_id": 6, "step": 2, "intermediate_value": 0.38326879065180824}
{"op_code": 6, "worker_id": "632626dc-0660-40d4-aae7-38971072e454-21112", "trial_id": 6, "state": 1, "values": [0.32930746220800317], "datetime_complete": "2024-03-19T11:22:48.363693"}
{"op_code": 4, "worker_id": "632626dc-0660-40d4-aae7-38971072e454-21112", "study_id": 0, "datetime_start": "2024-03-19T11:22:48.760392"}
{"op_code": 5, "worker_id": "632626dc-0660-40d4-aae7-38971072e454-21112", "trial_id": 7, "param_name": "n_estimators", "param_value_internal": 1, "distribution": "{\"name\": \"CategoricalDistribution\", \"attributes\": {\"choices\": [500, 750, 1000]}}"}
{"op_code": 5, "worker_id": "632626dc-0660-40d4-aae7-38971072e454-21112", "trial_id": 7, "param_name": "max_features", "param_value_internal": 0, "distribution": "{\"name\": \"CategoricalDistribution\", \"attributes\": {\"choices\": [\"sqrt\", \"log2\"]}}"}
{"op_code": 5, "worker_id": "632626dc-0660-40d4-aae7-38971072e454-21112", "trial_id": 7, "param_name": "max_depth", "param_value_internal": 3, "distribution": "{\"name\": \"CategoricalDistribution\", \"attributes\": {\"choices\": [null, 2, 5, 10, 20]}}"}
{"op_code": 7, "worker_id": "632626dc-0660-40d4-aae7-38971072e454-21112", "trial_id": 7, "step": 0, "intermediate_value": 0.36913473621933873}
{"op_code": 7, "worker_id": "632626dc-0660-40d4-aae7-38971072e454-21112", "trial_id": 7, "step": 1, "intermediate_value": 0.29629320606441123}
{"op_code": 9, "worker_id": "632626dc-0660-40d4-aae7-38971072e454-21112", "trial_id": 7, "system_attr": {"completed_rung_0": 0.29629320606441123}}
{"op_code": 6, "worker_id": "632626dc-0660-40d4-aae7-38971072e454-21112", "trial_id": 7, "state": 2, "values": [0.29629320606441123], "datetime_complete": "2024-03-19T11:24:04.332171"}
{"op_code": 4, "worker_id": "632626dc-0660-40d4-aae7-38971072e454-21112", "study_id": 0, "datetime_start": "2024-03-19T11:24:04.490955"}
{"op_code": 5, "worker_id": "632626dc-0660-40d4-aae7-38971072e454-21112", "trial_id": 8, "param_name": "n_estimators", "param_value_internal": 2, "distribution": "{\"name\": \"CategoricalDistribution\", \"attributes\": {\"choices\": [500, 750, 1000]}}"}
{"op_code": 5, "worker_id": "632626dc-0660-40d4-aae7-38971072e454-21112", "trial_id": 8, "param_name": "max_features", "param_value_internal": 1, "distribution": "{\"name\": \"CategoricalDistribution\", \"attributes\": {\"choices\": [\"sqrt\", \"log2\"]}}"}
{"op_code": 5, "worker_id": "632626dc-0660-40d4-aae7-38971072e454-21112", "trial_id": 8, "param_name": "max_depth", "param_value_internal": 4, "distribution": "{\"name\": \"CategoricalDistribution\", \"attributes\": {\"choices\": [null, 2, 5, 10, 20]}}"}
{"op_code": 7, "worker_id": "632626dc-0660-40d4-aae7-38971072e454-21112", "trial_id": 8, "step": 0, "intermediate_value": 0.32272409662793605}
{"op_code": 7, "worker_id": "632626dc-0660-40d4-aae7-38971072e454-21112", "trial_id": 8, "step": 1, "intermediate_value": 0.3357933995448133}
{"op_code": 7, "worker_id": "632626dc-0660-40d4-aae7-38971072e454-21112", "trial_id": 8, "step": 2, "intermediate_value": 0.3419105013892942}
{"op_code": 6, "worker_id": "632626dc-0660-40d4-aae7-38971072e454-21112", "trial_id": 8, "state": 1, "values": [0.3334759991873479], "datetime_complete": "2024-03-19T11:26:28.812815"}
{"op_code": 4, "worker_id": "632626dc-0660-40d4-aae7-38971072e454-21112", "study_id": 0, "datetime_start": "2024-03-19T11:26:29.236738"}
{"op_code": 5, "worker_id": "632626dc-0660-40d4-aae7-38971072e454-21112", "trial_id": 9, "param_name": "n_estimators", "param_value_internal": 2, "distribution": "{\"name\": \"CategoricalDistribution\", \"attributes\": {\"choices\": [500, 750, 1000]}}"}
{"op_code": 5, "worker_id": "632626dc-0660-40d4-aae7-38971072e454-21112", "trial_id": 9, "param_name": "max_features", "param_value_internal": 0, "distribution": "{\"name\": \"CategoricalDistribution\", \"attributes\": {\"choices\": [\"sqrt\", \"log2\"]}}"}
{"op_code": 5, "worker_id": "632626dc-0660-40d4-aae7-38971072e454-21112", "trial_id": 9, "param_name": "max_depth", "param_value_internal": 3, "distribution": "{\"name\": \"CategoricalDistribution\", \"attributes\": {\"choices\": [null, 2, 5, 10, 20]}}"}
{"op_code": 7, "worker_id": "632626dc-0660-40d4-aae7-38971072e454-21112", "trial_id": 9, "step": 0, "intermediate_value": 0.33088719158080987}
{"op_code": 7, "worker_id": "632626dc-0660-40d4-aae7-38971072e454-21112", "trial_id": 9, "step": 1, "intermediate_value": 0.36539766717441696}
