{"op_code": 0, "worker_id": "c8cdd641-7cf6-42fe-9e3d-2957f67d8da5-47614746832704", "study_name": "ANN", "directions": [1]}
{"op_code": 4, "worker_id": "c8cdd641-7cf6-42fe-9e3d-2957f67d8da5-47615450679040", "study_id": 0, "datetime_start": "2023-11-07T07:04:07.371021"}
{"op_code": 5, "worker_id": "c8cdd641-7cf6-42fe-9e3d-2957f67d8da5-47615450679040", "trial_id": 0, "param_name": "learning_rate_init", "param_value_internal": 0.0943461092886708, "distribution": "{\"name\": \"FloatDistribution\", \"attributes\": {\"step\": null, \"low\": 0.001, \"high\": 0.1, \"log\": false}}"}
{"op_code": 5, "worker_id": "c8cdd641-7cf6-42fe-9e3d-2957f67d8da5-47615450679040", "trial_id": 0, "param_name": "hidden_layer_sizes", "param_value_internal": 6, "distribution": "{\"name\": \"CategoricalDistribution\", \"attributes\": {\"choices\": [[5], [10], [20], [50], [5, 5], [10, 10], [20, 20], [50, 50], [5, 5, 5], [10, 10, 10], [50, 50, 50]]}}"}
{"op_code": 6, "worker_id": "c8cdd641-7cf6-42fe-9e3d-2957f67d8da5-47615450679040", "trial_id": 0, "state": 1, "values": [4.12118224260929], "datetime_complete": "2023-11-07T07:04:08.168496"}
{"op_code": 0, "worker_id": "1a600486-cbbc-4631-8556-11b48563ad92-47279818202944", "study_name": "ANN", "directions": [1]}
{"op_code": 4, "worker_id": "1a600486-cbbc-4631-8556-11b48563ad92-47280521058048", "study_id": 0, "datetime_start": "2023-11-07T17:11:38.170598"}
{"op_code": 5, "worker_id": "1a600486-cbbc-4631-8556-11b48563ad92-47280521058048", "trial_id": 1, "param_name": "learning_rate_init", "param_value_internal": 0.029652303543019478, "distribution": "{\"name\": \"FloatDistribution\", \"attributes\": {\"step\": null, \"low\": 0.001, \"high\": 0.1, \"log\": false}}"}
{"op_code": 5, "worker_id": "1a600486-cbbc-4631-8556-11b48563ad92-47280521058048", "trial_id": 1, "param_name": "hidden_layer_sizes", "param_value_internal": 8, "distribution": "{\"name\": \"CategoricalDistribution\", \"attributes\": {\"choices\": [[5], [10], [20], [50], [5, 5], [10, 10], [20, 20], [50, 50], [5, 5, 5], [10, 10, 10], [50, 50, 50]]}}"}
{"op_code": 6, "worker_id": "1a600486-cbbc-4631-8556-11b48563ad92-47280521058048", "trial_id": 1, "state": 1, "values": [3.9561638962655734], "datetime_complete": "2023-11-07T17:11:39.065195"}
{"op_code": 0, "worker_id": "fc5e7a8d-e11c-4542-9a16-4d1fe595f069-47279818202944", "study_name": "ANN", "directions": [1]}
{"op_code": 4, "worker_id": "fc5e7a8d-e11c-4542-9a16-4d1fe595f069-47280521058048", "study_id": 0, "datetime_start": "2023-11-07T17:18:27.003149"}
{"op_code": 5, "worker_id": "fc5e7a8d-e11c-4542-9a16-4d1fe595f069-47280521058048", "trial_id": 2, "param_name": "learning_rate_init", "param_value_internal": 0.01698671974741526, "distribution": "{\"name\": \"FloatDistribution\", \"attributes\": {\"step\": null, \"low\": 0.001, \"high\": 0.1, \"log\": false}}"}
{"op_code": 5, "worker_id": "fc5e7a8d-e11c-4542-9a16-4d1fe595f069-47280521058048", "trial_id": 2, "param_name": "hidden_layer_sizes", "param_value_internal": 8, "distribution": "{\"name\": \"CategoricalDistribution\", \"attributes\": {\"choices\": [[5], [10], [20], [50], [5, 5], [10, 10], [20, 20], [50, 50], [5, 5, 5], [10, 10, 10], [50, 50, 50]]}}"}
{"op_code": 6, "worker_id": "fc5e7a8d-e11c-4542-9a16-4d1fe595f069-47280521058048", "trial_id": 2, "state": 1, "values": [4.226267461403045], "datetime_complete": "2023-11-07T17:18:27.856516"}
{"op_code": 0, "worker_id": "ecb213fb-8a08-4ce0-9736-51f3db509311-47279818202944", "study_name": "ANN", "directions": [1]}
{"op_code": 4, "worker_id": "ecb213fb-8a08-4ce0-9736-51f3db509311-47280521058048", "study_id": 0, "datetime_start": "2023-11-07T17:25:14.751232"}
{"op_code": 5, "worker_id": "ecb213fb-8a08-4ce0-9736-51f3db509311-47280521058048", "trial_id": 3, "param_name": "learning_rate_init", "param_value_internal": 0.04789916701470101, "distribution": "{\"name\": \"FloatDistribution\", \"attributes\": {\"step\": null, \"low\": 0.001, \"high\": 0.1, \"log\": false}}"}
{"op_code": 5, "worker_id": "ecb213fb-8a08-4ce0-9736-51f3db509311-47280521058048", "trial_id": 3, "param_name": "hidden_layer_sizes", "param_value_internal": 2, "distribution": "{\"name\": \"CategoricalDistribution\", \"attributes\": {\"choices\": [[5], [10], [20], [50], [5, 5], [10, 10], [20, 20], [50, 50], [5, 5, 5], [10, 10, 10], [50, 50, 50]]}}"}
{"op_code": 6, "worker_id": "ecb213fb-8a08-4ce0-9736-51f3db509311-47280521058048", "trial_id": 3, "state": 1, "values": [3.5108689877220614], "datetime_complete": "2023-11-07T17:25:15.546076"}
{"op_code": 0, "worker_id": "62c46043-3ac1-46f4-b7ed-162435fa0cdb-47279818202944", "study_name": "ANN", "directions": [1]}
{"op_code": 4, "worker_id": "62c46043-3ac1-46f4-b7ed-162435fa0cdb-47280521058048", "study_id": 0, "datetime_start": "2023-11-07T17:32:03.075666"}
{"op_code": 5, "worker_id": "62c46043-3ac1-46f4-b7ed-162435fa0cdb-47280521058048", "trial_id": 4, "param_name": "learning_rate_init", "param_value_internal": 0.016595671700565834, "distribution": "{\"name\": \"FloatDistribution\", \"attributes\": {\"step\": null, \"low\": 0.001, \"high\": 0.1, \"log\": false}}"}
{"op_code": 5, "worker_id": "62c46043-3ac1-46f4-b7ed-162435fa0cdb-47280521058048", "trial_id": 4, "param_name": "hidden_layer_sizes", "param_value_internal": 0, "distribution": "{\"name\": \"CategoricalDistribution\", \"attributes\": {\"choices\": [[5], [10], [20], [50], [5, 5], [10, 10], [20, 20], [50, 50], [5, 5, 5], [10, 10, 10], [50, 50, 50]]}}"}
{"op_code": 6, "worker_id": "62c46043-3ac1-46f4-b7ed-162435fa0cdb-47280521058048", "trial_id": 4, "state": 1, "values": [3.822510171793938], "datetime_complete": "2023-11-07T17:32:03.794088"}
