{"op_code": 0, "worker_id": "76bab98e-43f5-449c-b7c7-61d88177019a-47614746832704", "study_name": "GB", "directions": [1]}
{"op_code": 4, "worker_id": "76bab98e-43f5-449c-b7c7-61d88177019a-47615450679040", "study_id": 0, "datetime_start": "2023-11-07T07:04:04.323510"}
{"op_code": 5, "worker_id": "76bab98e-43f5-449c-b7c7-61d88177019a-47615450679040", "trial_id": 0, "param_name": "n_estimators", "param_value_internal": 0, "distribution": "{\"name\": \"CategoricalDistribution\", \"attributes\": {\"choices\": [10, 20, 50, 200, 500]}}"}
{"op_code": 5, "worker_id": "76bab98e-43f5-449c-b7c7-61d88177019a-47615450679040", "trial_id": 0, "param_name": "learning_rate", "param_value_internal": 0.837583654903212, "distribution": "{\"name\": \"FloatDistribution\", \"attributes\": {\"step\": null, \"low\": 0.005, \"high\": 1.0, \"log\": false}}"}
{"op_code": 5, "worker_id": "76bab98e-43f5-449c-b7c7-61d88177019a-47615450679040", "trial_id": 0, "param_name": "max_depth", "param_value_internal": 2, "distribution": "{\"name\": \"CategoricalDistribution\", \"attributes\": {\"choices\": [1, 2, 3, 4, 5]}}"}
{"op_code": 6, "worker_id": "76bab98e-43f5-449c-b7c7-61d88177019a-47615450679040", "trial_id": 0, "state": 1, "values": [0.14471192506911032], "datetime_complete": "2023-11-07T07:04:05.220877"}
{"op_code": 0, "worker_id": "8e7ae9bf-1a50-4ce2-8813-35d0c62b0454-47279818202944", "study_name": "GB", "directions": [1]}
{"op_code": 4, "worker_id": "8e7ae9bf-1a50-4ce2-8813-35d0c62b0454-47280521058048", "study_id": 0, "datetime_start": "2023-11-07T17:11:35.087938"}
{"op_code": 5, "worker_id": "8e7ae9bf-1a50-4ce2-8813-35d0c62b0454-47280521058048", "trial_id": 1, "param_name": "n_estimators", "param_value_internal": 1, "distribution": "{\"name\": \"CategoricalDistribution\", \"attributes\": {\"choices\": [10, 20, 50, 200, 500]}}"}
{"op_code": 5, "worker_id": "8e7ae9bf-1a50-4ce2-8813-35d0c62b0454-47280521058048", "trial_id": 1, "param_name": "learning_rate", "param_value_internal": 0.6086855629867898, "distribution": "{\"name\": \"FloatDistribution\", \"attributes\": {\"step\": null, \"low\": 0.005, \"high\": 1.0, \"log\": false}}"}
{"op_code": 5, "worker_id": "8e7ae9bf-1a50-4ce2-8813-35d0c62b0454-47280521058048", "trial_id": 1, "param_name": "max_depth", "param_value_internal": 2, "distribution": "{\"name\": \"CategoricalDistribution\", \"attributes\": {\"choices\": [1, 2, 3, 4, 5]}}"}
{"op_code": 6, "worker_id": "8e7ae9bf-1a50-4ce2-8813-35d0c62b0454-47280521058048", "trial_id": 1, "state": 1, "values": [0.13159168021514525], "datetime_complete": "2023-11-07T17:11:35.986823"}
{"op_code": 0, "worker_id": "e0b6427f-e394-45e0-80a2-e8a21a68949c-47279818202944", "study_name": "GB", "directions": [1]}
{"op_code": 4, "worker_id": "e0b6427f-e394-45e0-80a2-e8a21a68949c-47280521058048", "study_id": 0, "datetime_start": "2023-11-07T17:18:23.990738"}
{"op_code": 5, "worker_id": "e0b6427f-e394-45e0-80a2-e8a21a68949c-47280521058048", "trial_id": 2, "param_name": "n_estimators", "param_value_internal": 2, "distribution": "{\"name\": \"CategoricalDistribution\", \"attributes\": {\"choices\": [10, 20, 50, 200, 500]}}"}
{"op_code": 5, "worker_id": "e0b6427f-e394-45e0-80a2-e8a21a68949c-47280521058048", "trial_id": 2, "param_name": "learning_rate", "param_value_internal": 0.0287892823604815, "distribution": "{\"name\": \"FloatDistribution\", \"attributes\": {\"step\": null, \"low\": 0.005, \"high\": 1.0, \"log\": false}}"}
{"op_code": 5, "worker_id": "e0b6427f-e394-45e0-80a2-e8a21a68949c-47280521058048", "trial_id": 2, "param_name": "max_depth", "param_value_internal": 2, "distribution": "{\"name\": \"CategoricalDistribution\", \"attributes\": {\"choices\": [1, 2, 3, 4, 5]}}"}
{"op_code": 6, "worker_id": "e0b6427f-e394-45e0-80a2-e8a21a68949c-47280521058048", "trial_id": 2, "state": 1, "values": [0.12689456394233786], "datetime_complete": "2023-11-07T17:18:24.878495"}
{"op_code": 0, "worker_id": "130c26c3-2039-498b-88f7-e0c2f3ee8aac-47279818202944", "study_name": "GB", "directions": [1]}
{"op_code": 4, "worker_id": "130c26c3-2039-498b-88f7-e0c2f3ee8aac-47280521058048", "study_id": 0, "datetime_start": "2023-11-07T17:25:11.750309"}
{"op_code": 5, "worker_id": "130c26c3-2039-498b-88f7-e0c2f3ee8aac-47280521058048", "trial_id": 3, "param_name": "n_estimators", "param_value_internal": 1, "distribution": "{\"name\": \"CategoricalDistribution\", \"attributes\": {\"choices\": [10, 20, 50, 200, 500]}}"}
{"op_code": 5, "worker_id": "130c26c3-2039-498b-88f7-e0c2f3ee8aac-47280521058048", "trial_id": 3, "param_name": "learning_rate", "param_value_internal": 0.6970787942422865, "distribution": "{\"name\": \"FloatDistribution\", \"attributes\": {\"step\": null, \"low\": 0.005, \"high\": 1.0, \"log\": false}}"}
{"op_code": 5, "worker_id": "130c26c3-2039-498b-88f7-e0c2f3ee8aac-47280521058048", "trial_id": 3, "param_name": "max_depth", "param_value_internal": 1, "distribution": "{\"name\": \"CategoricalDistribution\", \"attributes\": {\"choices\": [1, 2, 3, 4, 5]}}"}
{"op_code": 6, "worker_id": "130c26c3-2039-498b-88f7-e0c2f3ee8aac-47280521058048", "trial_id": 3, "state": 1, "values": [0.12436507346202648], "datetime_complete": "2023-11-07T17:25:12.636546"}
{"op_code": 0, "worker_id": "175d5143-7fda-481b-98b6-08cf580ae769-47279818202944", "study_name": "GB", "directions": [1]}
{"op_code": 4, "worker_id": "175d5143-7fda-481b-98b6-08cf580ae769-47280521058048", "study_id": 0, "datetime_start": "2023-11-07T17:32:00.008530"}
{"op_code": 5, "worker_id": "175d5143-7fda-481b-98b6-08cf580ae769-47280521058048", "trial_id": 4, "param_name": "n_estimators", "param_value_internal": 2, "distribution": "{\"name\": \"CategoricalDistribution\", \"attributes\": {\"choices\": [10, 20, 50, 200, 500]}}"}
{"op_code": 5, "worker_id": "175d5143-7fda-481b-98b6-08cf580ae769-47280521058048", "trial_id": 4, "param_name": "learning_rate", "param_value_internal": 0.4737382900534533, "distribution": "{\"name\": \"FloatDistribution\", \"attributes\": {\"step\": null, \"low\": 0.005, \"high\": 1.0, \"log\": false}}"}
{"op_code": 5, "worker_id": "175d5143-7fda-481b-98b6-08cf580ae769-47280521058048", "trial_id": 4, "param_name": "max_depth", "param_value_internal": 0, "distribution": "{\"name\": \"CategoricalDistribution\", \"attributes\": {\"choices\": [1, 2, 3, 4, 5]}}"}
{"op_code": 6, "worker_id": "175d5143-7fda-481b-98b6-08cf580ae769-47280521058048", "trial_id": 4, "state": 1, "values": [0.12758161460096343], "datetime_complete": "2023-11-07T17:32:00.930173"}
