{"op_code": 0, "worker_id": "9226392d-1000-4d8b-931a-700e712d4c4e-47614746832704", "study_name": "KRR", "directions": [1]}
{"op_code": 4, "worker_id": "9226392d-1000-4d8b-931a-700e712d4c4e-47615450679040", "study_id": 0, "datetime_start": "2023-11-07T07:04:04.278818"}
{"op_code": 5, "worker_id": "9226392d-1000-4d8b-931a-700e712d4c4e-47615450679040", "trial_id": 0, "param_name": "alpha", "param_value_internal": 0.8270970626615225, "distribution": "{\"name\": \"FloatDistribution\", \"attributes\": {\"step\": null, \"low\": 0.0001, \"high\": 1.0, \"log\": false}}"}
{"op_code": 5, "worker_id": "9226392d-1000-4d8b-931a-700e712d4c4e-47615450679040", "trial_id": 0, "param_name": "gamma", "param_value_internal": 3.0589451358579677e-15, "distribution": "{\"name\": \"FloatDistribution\", \"attributes\": {\"step\": null, \"low\": 0.0, \"high\": 1e-14, \"log\": false}}"}
{"op_code": 5, "worker_id": "9226392d-1000-4d8b-931a-700e712d4c4e-47615450679040", "trial_id": 0, "param_name": "kernel", "param_value_internal": 1, "distribution": "{\"name\": \"CategoricalDistribution\", \"attributes\": {\"choices\": [\"linear\", \"laplacian\", \"rbf\"]}}"}
{"op_code": 6, "worker_id": "9226392d-1000-4d8b-931a-700e712d4c4e-47615450679040", "trial_id": 0, "state": 1, "values": [0.22161596581278975], "datetime_complete": "2023-11-07T07:04:04.312531"}
{"op_code": 0, "worker_id": "0a00a0f0-55ca-47f6-91a5-621447e3ec92-47279818202944", "study_name": "KRR", "directions": [1]}
{"op_code": 4, "worker_id": "0a00a0f0-55ca-47f6-91a5-621447e3ec92-47280521058048", "study_id": 0, "datetime_start": "2023-11-07T17:11:35.047548"}
{"op_code": 5, "worker_id": "0a00a0f0-55ca-47f6-91a5-621447e3ec92-47280521058048", "trial_id": 1, "param_name": "alpha", "param_value_internal": 0.933132161423501, "distribution": "{\"name\": \"FloatDistribution\", \"attributes\": {\"step\": null, \"low\": 0.0001, \"high\": 1.0, \"log\": false}}"}
{"op_code": 5, "worker_id": "0a00a0f0-55ca-47f6-91a5-621447e3ec92-47280521058048", "trial_id": 1, "param_name": "gamma", "param_value_internal": 8.68674974953187e-15, "distribution": "{\"name\": \"FloatDistribution\", \"attributes\": {\"step\": null, \"low\": 0.0, \"high\": 1e-14, \"log\": false}}"}
{"op_code": 5, "worker_id": "0a00a0f0-55ca-47f6-91a5-621447e3ec92-47280521058048", "trial_id": 1, "param_name": "kernel", "param_value_internal": 1, "distribution": "{\"name\": \"CategoricalDistribution\", \"attributes\": {\"choices\": [\"linear\", \"laplacian\", \"rbf\"]}}"}
{"op_code": 6, "worker_id": "0a00a0f0-55ca-47f6-91a5-621447e3ec92-47280521058048", "trial_id": 1, "state": 1, "values": [0.22688651749213243], "datetime_complete": "2023-11-07T17:11:35.079044"}
{"op_code": 0, "worker_id": "c7c96d07-6e02-4675-a11a-0f5065217ec1-47279818202944", "study_name": "KRR", "directions": [1]}
{"op_code": 4, "worker_id": "c7c96d07-6e02-4675-a11a-0f5065217ec1-47280521058048", "study_id": 0, "datetime_start": "2023-11-07T17:18:23.948545"}
{"op_code": 5, "worker_id": "c7c96d07-6e02-4675-a11a-0f5065217ec1-47280521058048", "trial_id": 2, "param_name": "alpha", "param_value_internal": 0.8686024361298195, "distribution": "{\"name\": \"FloatDistribution\", \"attributes\": {\"step\": null, \"low\": 0.0001, \"high\": 1.0, \"log\": false}}"}
{"op_code": 5, "worker_id": "c7c96d07-6e02-4675-a11a-0f5065217ec1-47280521058048", "trial_id": 2, "param_name": "gamma", "param_value_internal": 5.860881345714592e-15, "distribution": "{\"name\": \"FloatDistribution\", \"attributes\": {\"step\": null, \"low\": 0.0, \"high\": 1e-14, \"log\": false}}"}
{"op_code": 5, "worker_id": "c7c96d07-6e02-4675-a11a-0f5065217ec1-47280521058048", "trial_id": 2, "param_name": "kernel", "param_value_internal": 2, "distribution": "{\"name\": \"CategoricalDistribution\", \"attributes\": {\"choices\": [\"linear\", \"laplacian\", \"rbf\"]}}"}
{"op_code": 6, "worker_id": "c7c96d07-6e02-4675-a11a-0f5065217ec1-47280521058048", "trial_id": 2, "state": 1, "values": [0.22383012676846092], "datetime_complete": "2023-11-07T17:18:23.981321"}
{"op_code": 0, "worker_id": "ba7c9836-d1aa-420c-8a11-a5c4ad168851-47279818202944", "study_name": "KRR", "directions": [1]}
{"op_code": 4, "worker_id": "ba7c9836-d1aa-420c-8a11-a5c4ad168851-47280521058048", "study_id": 0, "datetime_start": "2023-11-07T17:25:11.708825"}
{"op_code": 5, "worker_id": "ba7c9836-d1aa-420c-8a11-a5c4ad168851-47280521058048", "trial_id": 3, "param_name": "alpha", "param_value_internal": 0.041170844793178236, "distribution": "{\"name\": \"FloatDistribution\", \"attributes\": {\"step\": null, \"low\": 0.0001, \"high\": 1.0, \"log\": false}}"}
{"op_code": 5, "worker_id": "ba7c9836-d1aa-420c-8a11-a5c4ad168851-47280521058048", "trial_id": 3, "param_name": "gamma", "param_value_internal": 7.396881065056474e-15, "distribution": "{\"name\": \"FloatDistribution\", \"attributes\": {\"step\": null, \"low\": 0.0, \"high\": 1e-14, \"log\": false}}"}
{"op_code": 5, "worker_id": "ba7c9836-d1aa-420c-8a11-a5c4ad168851-47280521058048", "trial_id": 3, "param_name": "kernel", "param_value_internal": 2, "distribution": "{\"name\": \"CategoricalDistribution\", \"attributes\": {\"choices\": [\"linear\", \"laplacian\", \"rbf\"]}}"}
{"op_code": 6, "worker_id": "ba7c9836-d1aa-420c-8a11-a5c4ad168851-47280521058048", "trial_id": 3, "state": 1, "values": [0.22537095117352612], "datetime_complete": "2023-11-07T17:25:11.740934"}
{"op_code": 0, "worker_id": "4b4585c3-df84-477c-b2cd-645dfc00a12f-47279818202944", "study_name": "KRR", "directions": [1]}
{"op_code": 4, "worker_id": "4b4585c3-df84-477c-b2cd-645dfc00a12f-47280521058048", "study_id": 0, "datetime_start": "2023-11-07T17:31:59.949848"}
{"op_code": 5, "worker_id": "4b4585c3-df84-477c-b2cd-645dfc00a12f-47280521058048", "trial_id": 4, "param_name": "alpha", "param_value_internal": 0.8518935463023871, "distribution": "{\"name\": \"FloatDistribution\", \"attributes\": {\"step\": null, \"low\": 0.0001, \"high\": 1.0, \"log\": false}}"}
{"op_code": 5, "worker_id": "4b4585c3-df84-477c-b2cd-645dfc00a12f-47280521058048", "trial_id": 4, "param_name": "gamma", "param_value_internal": 7.779576480908023e-16, "distribution": "{\"name\": \"FloatDistribution\", \"attributes\": {\"step\": null, \"low\": 0.0, \"high\": 1e-14, \"log\": false}}"}
{"op_code": 5, "worker_id": "4b4585c3-df84-477c-b2cd-645dfc00a12f-47280521058048", "trial_id": 4, "param_name": "kernel", "param_value_internal": 1, "distribution": "{\"name\": \"CategoricalDistribution\", \"attributes\": {\"choices\": [\"linear\", \"laplacian\", \"rbf\"]}}"}
{"op_code": 6, "worker_id": "4b4585c3-df84-477c-b2cd-645dfc00a12f-47280521058048", "trial_id": 4, "state": 1, "values": [0.2209701483536418], "datetime_complete": "2023-11-07T17:31:59.989595"}
{"op_code": 0, "worker_id": "4fa7bc48-8e93-4425-b86b-3c01f2cfc103-4812", "study_name": "KRR", "directions": [1]}
{"op_code": 4, "worker_id": "4fa7bc48-8e93-4425-b86b-3c01f2cfc103-21296", "study_id": 0, "datetime_start": "2023-11-13T20:41:02.572329"}
{"op_code": 5, "worker_id": "4fa7bc48-8e93-4425-b86b-3c01f2cfc103-21296", "trial_id": 5, "param_name": "alpha", "param_value_internal": 0.71442210219391, "distribution": "{\"name\": \"FloatDistribution\", \"attributes\": {\"step\": null, \"low\": 0.0001, \"high\": 1.0, \"log\": false}}"}
{"op_code": 5, "worker_id": "4fa7bc48-8e93-4425-b86b-3c01f2cfc103-21296", "trial_id": 5, "param_name": "gamma", "param_value_internal": 4.833762813915745e-15, "distribution": "{\"name\": \"FloatDistribution\", \"attributes\": {\"step\": null, \"low\": 0.0, \"high\": 1e-14, \"log\": false}}"}
{"op_code": 5, "worker_id": "4fa7bc48-8e93-4425-b86b-3c01f2cfc103-21296", "trial_id": 5, "param_name": "kernel", "param_value_internal": 2, "distribution": "{\"name\": \"CategoricalDistribution\", \"attributes\": {\"choices\": [\"linear\", \"laplacian\", \"rbf\"]}}"}
{"op_code": 6, "worker_id": "4fa7bc48-8e93-4425-b86b-3c01f2cfc103-21296", "trial_id": 5, "state": 1, "values": [0.2212977826047068], "datetime_complete": "2023-11-13T20:41:02.621340"}
{"op_code": 0, "worker_id": "072de286-f138-4816-aad7-01c9d10266ad-9840", "study_name": "KRR", "directions": [1]}
{"op_code": 4, "worker_id": "072de286-f138-4816-aad7-01c9d10266ad-21160", "study_id": 0, "datetime_start": "2023-11-13T20:41:05.008992"}
{"op_code": 5, "worker_id": "072de286-f138-4816-aad7-01c9d10266ad-21160", "trial_id": 6, "param_name": "alpha", "param_value_internal": 0.3743589654582676, "distribution": "{\"name\": \"FloatDistribution\", \"attributes\": {\"step\": null, \"low\": 0.0001, \"high\": 1.0, \"log\": false}}"}
{"op_code": 5, "worker_id": "072de286-f138-4816-aad7-01c9d10266ad-21160", "trial_id": 6, "param_name": "gamma", "param_value_internal": 2.384992314116392e-15, "distribution": "{\"name\": \"FloatDistribution\", \"attributes\": {\"step\": null, \"low\": 0.0, \"high\": 1e-14, \"log\": false}}"}
{"op_code": 5, "worker_id": "072de286-f138-4816-aad7-01c9d10266ad-21160", "trial_id": 6, "param_name": "kernel", "param_value_internal": 0, "distribution": "{\"name\": \"CategoricalDistribution\", \"attributes\": {\"choices\": [\"linear\", \"laplacian\", \"rbf\"]}}"}
{"op_code": 6, "worker_id": "072de286-f138-4816-aad7-01c9d10266ad-21160", "trial_id": 6, "state": 1, "values": [0.22202631445896456], "datetime_complete": "2023-11-13T20:41:05.051001"}
{"op_code": 0, "worker_id": "083d2f2f-927c-4c42-86e9-c6c22d8a9602-6556", "study_name": "KRR", "directions": [1]}
{"op_code": 0, "worker_id": "5ae43e67-a25e-4a89-ad48-8c4227f8ec1b-6556", "study_name": "KRR", "directions": [1]}
{"op_code": 0, "worker_id": "540e1be6-4fb0-4188-b102-74dde2958ed3-6556", "study_name": "KRR", "directions": [1]}
{"op_code": 0, "worker_id": "78fb3b51-2293-48f6-b558-04589688e3d5-6556", "study_name": "KRR", "directions": [1]}
{"op_code": 0, "worker_id": "bb074da7-99fd-4a2f-88fe-d8f83607a547-6556", "study_name": "KRR", "directions": [1]}
{"op_code": 0, "worker_id": "fa1e0150-5a3a-402c-99ba-bbee30b8cd70-2012", "study_name": "KRR", "directions": [1]}
{"op_code": 0, "worker_id": "f97fc003-af0d-4019-90c7-ab7c9a0a2704-2012", "study_name": "KRR", "directions": [1]}
{"op_code": 0, "worker_id": "c53aeada-5d4d-4b63-814a-3f9207a8dec6-2012", "study_name": "KRR", "directions": [1]}
{"op_code": 0, "worker_id": "60e06b98-09c9-447f-8448-f98339b71f2c-2012", "study_name": "KRR", "directions": [1]}
{"op_code": 0, "worker_id": "4f779f27-0fb1-4819-a2bd-99b5227678ad-2012", "study_name": "KRR", "directions": [1]}
{"op_code": 0, "worker_id": "b2d51ff7-c282-4530-96bf-57ac5359f085-2012", "study_name": "KRR", "directions": [1]}
{"op_code": 4, "worker_id": "fa1e0150-5a3a-402c-99ba-bbee30b8cd70-10796", "study_id": 0, "datetime_start": "2023-11-14T13:25:28.369408"}
{"op_code": 5, "worker_id": "fa1e0150-5a3a-402c-99ba-bbee30b8cd70-10796", "trial_id": 7, "param_name": "alpha", "param_value_internal": 0.9697871951490539, "distribution": "{\"name\": \"FloatDistribution\", \"attributes\": {\"step\": null, \"low\": 0.0001, \"high\": 1.0, \"log\": false}}"}
{"op_code": 5, "worker_id": "fa1e0150-5a3a-402c-99ba-bbee30b8cd70-10796", "trial_id": 7, "param_name": "gamma", "param_value_internal": 5.077493714945389e-15, "distribution": "{\"name\": \"FloatDistribution\", \"attributes\": {\"step\": null, \"low\": 0.0, \"high\": 1e-14, \"log\": false}}"}
{"op_code": 5, "worker_id": "fa1e0150-5a3a-402c-99ba-bbee30b8cd70-10796", "trial_id": 7, "param_name": "kernel", "param_value_internal": 2, "distribution": "{\"name\": \"CategoricalDistribution\", \"attributes\": {\"choices\": [\"linear\", \"laplacian\", \"rbf\"]}}"}
{"op_code": 6, "worker_id": "fa1e0150-5a3a-402c-99ba-bbee30b8cd70-10796", "trial_id": 7, "state": 1, "values": [0.22551415093003513], "datetime_complete": "2023-11-14T13:25:28.488435"}
{"op_code": 4, "worker_id": "f97fc003-af0d-4019-90c7-ab7c9a0a2704-3744", "study_id": 0, "datetime_start": "2023-11-14T13:27:07.244614"}
{"op_code": 5, "worker_id": "f97fc003-af0d-4019-90c7-ab7c9a0a2704-3744", "trial_id": 8, "param_name": "alpha", "param_value_internal": 0.9494632784301723, "distribution": "{\"name\": \"FloatDistribution\", \"attributes\": {\"step\": null, \"low\": 0.0001, \"high\": 1.0, \"log\": false}}"}
{"op_code": 5, "worker_id": "f97fc003-af0d-4019-90c7-ab7c9a0a2704-3744", "trial_id": 8, "param_name": "gamma", "param_value_internal": 9.450397289932423e-15, "distribution": "{\"name\": \"FloatDistribution\", \"attributes\": {\"step\": null, \"low\": 0.0, \"high\": 1e-14, \"log\": false}}"}
{"op_code": 5, "worker_id": "f97fc003-af0d-4019-90c7-ab7c9a0a2704-3744", "trial_id": 8, "param_name": "kernel", "param_value_internal": 2, "distribution": "{\"name\": \"CategoricalDistribution\", \"attributes\": {\"choices\": [\"linear\", \"laplacian\", \"rbf\"]}}"}
{"op_code": 6, "worker_id": "f97fc003-af0d-4019-90c7-ab7c9a0a2704-3744", "trial_id": 8, "state": 1, "values": [0.22608326674412557], "datetime_complete": "2023-11-14T13:27:07.360640"}
{"op_code": 0, "worker_id": "e63bfc4d-1d85-4e85-904c-c29738e8fff3-4160", "study_name": "KRR", "directions": [1]}
{"op_code": 0, "worker_id": "46552b3a-9bb3-4159-a56f-f2b2cb719b75-4160", "study_name": "KRR", "directions": [1]}
{"op_code": 0, "worker_id": "bb6fe8d8-537c-460c-a372-9de2768da35f-4160", "study_name": "KRR", "directions": [1]}
{"op_code": 0, "worker_id": "1e0852e9-2865-4758-8d74-5e516a864b76-4160", "study_name": "KRR", "directions": [1]}
{"op_code": 0, "worker_id": "9ad3a14f-8daa-4a04-aa77-1c4ed99dfb2a-4160", "study_name": "KRR", "directions": [1]}
{"op_code": 0, "worker_id": "f959a359-84d5-488b-a8c7-8df4a34a760c-4160", "study_name": "KRR", "directions": [1]}
{"op_code": 0, "worker_id": "8c79f244-473f-4a97-823a-353001e4e850-4160", "study_name": "KRR", "directions": [1]}
{"op_code": 0, "worker_id": "f29d552b-edfb-48b6-a870-5153e747c362-4160", "study_name": "KRR", "directions": [1]}
{"op_code": 0, "worker_id": "25d6de0b-f26d-4226-97b0-d1afacae91bb-4160", "study_name": "KRR", "directions": [1]}
{"op_code": 0, "worker_id": "ae5f5169-45f9-46f1-a4c9-40ea0c82eb9c-4160", "study_name": "KRR", "directions": [1]}
{"op_code": 0, "worker_id": "ba206260-2a3c-470a-8454-78896f667c41-4160", "study_name": "KRR", "directions": [1]}
{"op_code": 0, "worker_id": "12199bc6-efd2-4081-afc4-bd8a99cbccaa-4160", "study_name": "KRR", "directions": [1]}
{"op_code": 0, "worker_id": "e0a66909-505b-433d-a754-51175eb0ba6a-4160", "study_name": "KRR", "directions": [1]}
{"op_code": 0, "worker_id": "927a398f-567e-4688-8035-5a047ddb0bd6-4160", "study_name": "KRR", "directions": [1]}
{"op_code": 0, "worker_id": "e3841ca9-a88c-49e9-9b94-0dbec7a19e45-4160", "study_name": "KRR", "directions": [1]}
{"op_code": 0, "worker_id": "fe91d7b6-5ce7-4bcc-90bc-6de04297d88f-4160", "study_name": "KRR", "directions": [1]}
{"op_code": 0, "worker_id": "f4d1bb0d-70a7-4469-9e7e-fd3854629da1-4160", "study_name": "KRR", "directions": [1]}
{"op_code": 0, "worker_id": "2f9fc50a-7a04-49d3-b0e2-fe55d2862f95-4160", "study_name": "KRR", "directions": [1]}
{"op_code": 0, "worker_id": "55d3cacb-d283-4740-b9cb-d3303900072e-4160", "study_name": "KRR", "directions": [1]}
{"op_code": 0, "worker_id": "255a8a27-f2cf-49ca-8b76-3a0f4d9bf8b9-4160", "study_name": "KRR", "directions": [1]}
{"op_code": 0, "worker_id": "e20bf9eb-53a7-4461-8961-68fce82ae2f5-4160", "study_name": "KRR", "directions": [1]}
{"op_code": 0, "worker_id": "62da9370-645f-411b-98d7-6e10c579d471-4160", "study_name": "KRR", "directions": [1]}
{"op_code": 0, "worker_id": "ef1544b0-66ea-4091-8646-4dc2fc45a6b9-4160", "study_name": "KRR", "directions": [1]}
{"op_code": 0, "worker_id": "6303899a-1446-4db2-8555-c120486591dc-4160", "study_name": "KRR", "directions": [1]}
{"op_code": 0, "worker_id": "654e614f-3acf-41cb-8776-378642811abd-4160", "study_name": "KRR", "directions": [1]}
{"op_code": 0, "worker_id": "b3fda6f1-440b-4742-90f4-b4e97813f6d9-4160", "study_name": "KRR", "directions": [1]}
{"op_code": 0, "worker_id": "f5b7615b-58bf-4176-988f-3671ac579dd1-4160", "study_name": "KRR", "directions": [1]}
{"op_code": 0, "worker_id": "f107edd2-8c9b-4a3b-b7e6-613de2a16cf7-4160", "study_name": "KRR", "directions": [1]}
{"op_code": 0, "worker_id": "043a7bcb-06b8-47cf-b806-7bd61a7d13a9-4160", "study_name": "KRR", "directions": [1]}
{"op_code": 0, "worker_id": "1da1a86c-18a0-4209-92e7-ea8094c3096a-4160", "study_name": "KRR", "directions": [1]}
{"op_code": 0, "worker_id": "f3581891-b963-4fd6-853b-8514537b6f54-4160", "study_name": "KRR", "directions": [1]}
{"op_code": 0, "worker_id": "1a477259-2338-46d0-b266-e3b58c9111e8-4160", "study_name": "KRR", "directions": [1]}
{"op_code": 0, "worker_id": "48adf8ff-3ccc-41b2-8f04-30244568d55a-4160", "study_name": "KRR", "directions": [1]}
{"op_code": 0, "worker_id": "42ed3d54-115b-4c61-9fa5-cfe1b293ee70-4160", "study_name": "KRR", "directions": [1]}
{"op_code": 0, "worker_id": "b31f6a9e-770e-4f31-b712-3d9c00af201f-4160", "study_name": "KRR", "directions": [1]}
{"op_code": 0, "worker_id": "71abaa02-4d11-41d7-bf18-bbd020655f6d-4160", "study_name": "KRR", "directions": [1]}
{"op_code": 0, "worker_id": "7b23daef-c239-4670-bcaf-e1c729ef537f-4160", "study_name": "KRR", "directions": [1]}
{"op_code": 0, "worker_id": "885ea3f2-0023-4ed5-b2cf-abc47f6ef55b-4160", "study_name": "KRR", "directions": [1]}
{"op_code": 0, "worker_id": "8972ffbc-2903-43e0-9f42-34729e12c019-4160", "study_name": "KRR", "directions": [1]}
{"op_code": 0, "worker_id": "f56900de-3446-4199-8ec8-8c2c8d3d0de9-4160", "study_name": "KRR", "directions": [1]}
{"op_code": 0, "worker_id": "cced2cd6-912e-468a-ab26-dbe5043ad5fe-4160", "study_name": "KRR", "directions": [1]}
{"op_code": 0, "worker_id": "5e723ead-4d6b-401f-9f01-558aca037b65-4160", "study_name": "KRR", "directions": [1]}
{"op_code": 0, "worker_id": "ec5fcb84-a29a-4266-85e9-d9312e298f40-4160", "study_name": "KRR", "directions": [1]}
{"op_code": 0, "worker_id": "0dbd302c-6084-4d57-8724-49dcf7fcc316-4160", "study_name": "KRR", "directions": [1]}
{"op_code": 0, "worker_id": "4769f94d-634a-4e25-9375-3a1dfe262cc8-4160", "study_name": "KRR", "directions": [1]}
{"op_code": 0, "worker_id": "bc2257d2-3a9d-4c0d-944f-b76b17a2ea02-4160", "study_name": "KRR", "directions": [1]}
{"op_code": 0, "worker_id": "cd8d73b1-1df9-47b9-94a3-b766423b195c-4160", "study_name": "KRR", "directions": [1]}
{"op_code": 0, "worker_id": "a98f6f98-a348-4210-9145-b18621215d21-4160", "study_name": "KRR", "directions": [1]}
{"op_code": 0, "worker_id": "b4714a69-2817-4abd-a204-d59598326f4f-4160", "study_name": "KRR", "directions": [1]}
{"op_code": 0, "worker_id": "04458afe-9fe5-4593-b47d-849bbde958ba-4160", "study_name": "KRR", "directions": [1]}
{"op_code": 0, "worker_id": "0b9e82f0-03f6-4fc7-85e1-4bdf5bc1eafa-4160", "study_name": "KRR", "directions": [1]}
{"op_code": 0, "worker_id": "e6b5f0a1-e605-43b7-8977-8c5aba308b10-4160", "study_name": "KRR", "directions": [1]}
{"op_code": 0, "worker_id": "29557542-fde4-4adf-b93d-a33adbe13f5d-4160", "study_name": "KRR", "directions": [1]}
{"op_code": 0, "worker_id": "bfba1774-24fb-4ce7-b7e7-34f7f4443c80-4160", "study_name": "KRR", "directions": [1]}
{"op_code": 0, "worker_id": "ea9bfaa0-7297-41b4-b625-fa162ef5db5a-4160", "study_name": "KRR", "directions": [1]}
{"op_code": 0, "worker_id": "4b702575-44df-4aa6-b24a-527262669c99-4160", "study_name": "KRR", "directions": [1]}
{"op_code": 0, "worker_id": "ee43c81b-95c9-467e-8184-6fae7118c512-4160", "study_name": "KRR", "directions": [1]}
{"op_code": 0, "worker_id": "2f75e1e9-8046-439a-9425-ac072a870a6c-4160", "study_name": "KRR", "directions": [1]}
{"op_code": 0, "worker_id": "1e5d8ddd-9a4d-40e4-ac5c-c75e21448228-4160", "study_name": "KRR", "directions": [1]}
{"op_code": 0, "worker_id": "875499bd-7dfc-4b0b-86c4-98758aca6541-4160", "study_name": "KRR", "directions": [1]}
{"op_code": 0, "worker_id": "b0d516d7-b009-4f07-a9d6-265058f470e0-4160", "study_name": "KRR", "directions": [1]}
{"op_code": 0, "worker_id": "97edfdee-6176-4630-8771-4038faae021d-4160", "study_name": "KRR", "directions": [1]}
{"op_code": 0, "worker_id": "12e45bb4-c7b0-42f8-a1a5-9beb77fcad4e-4160", "study_name": "KRR", "directions": [1]}
{"op_code": 0, "worker_id": "d4f54297-62a7-4012-a12a-1edd5b60ec54-4160", "study_name": "KRR", "directions": [1]}
{"op_code": 0, "worker_id": "1ec51b9a-6dbf-4450-92a1-e41f30b7ff74-4160", "study_name": "KRR", "directions": [1]}
{"op_code": 0, "worker_id": "5f2378dd-01e0-4e0d-9856-2b0b46d01111-4160", "study_name": "KRR", "directions": [1]}
{"op_code": 0, "worker_id": "e7828efb-ee0a-42cf-8ac9-e6dd916e42cd-4160", "study_name": "KRR", "directions": [1]}
{"op_code": 0, "worker_id": "b2ce8e20-8ff9-4df3-9371-c0de7472261e-4160", "study_name": "KRR", "directions": [1]}
{"op_code": 0, "worker_id": "1c64434c-5af9-49da-921e-3134123c042a-4160", "study_name": "KRR", "directions": [1]}
{"op_code": 0, "worker_id": "d7e01778-e580-4764-9c41-142bb94a7932-4160", "study_name": "KRR", "directions": [1]}
{"op_code": 0, "worker_id": "150e0056-a16e-4532-bfa2-c41e6185d8eb-4160", "study_name": "KRR", "directions": [1]}
{"op_code": 0, "worker_id": "1223f575-5f3a-4701-9310-63f85e1d6107-4160", "study_name": "KRR", "directions": [1]}
{"op_code": 0, "worker_id": "d9d6e1fb-9aab-4403-9d90-76449d12f89b-4160", "study_name": "KRR", "directions": [1]}
{"op_code": 0, "worker_id": "9bd09709-b429-49f8-8dbd-61dfc9ce6599-4160", "study_name": "KRR", "directions": [1]}
{"op_code": 0, "worker_id": "31c70aef-1771-4960-bc86-417405c47dc0-4160", "study_name": "KRR", "directions": [1]}
{"op_code": 0, "worker_id": "2567d3cf-8f1c-4ec8-b0c6-0d495fd3b69c-4160", "study_name": "KRR", "directions": [1]}
{"op_code": 0, "worker_id": "1a91528e-07cc-4bbd-9bdb-933cea8d2b09-4160", "study_name": "KRR", "directions": [1]}
{"op_code": 0, "worker_id": "2a319187-07ed-408a-9361-abedfb1b8afd-4160", "study_name": "KRR", "directions": [1]}
{"op_code": 0, "worker_id": "9844df32-143b-43e9-ab3a-5b39f98bd246-4160", "study_name": "KRR", "directions": [1]}
{"op_code": 0, "worker_id": "2b173df1-8b63-4a69-a2fd-afea00c8d638-4160", "study_name": "KRR", "directions": [1]}
{"op_code": 0, "worker_id": "162dfe94-8e6c-4279-ac05-b0a21213efaa-4160", "study_name": "KRR", "directions": [1]}
{"op_code": 0, "worker_id": "bcb9b5e9-b020-47c1-843b-680c5ad81f25-4160", "study_name": "KRR", "directions": [1]}
{"op_code": 0, "worker_id": "9104295d-4fb4-446f-97de-f0b3afddfa5f-4160", "study_name": "KRR", "directions": [1]}
{"op_code": 0, "worker_id": "d573d0f6-fd4b-45ff-b386-6cbd20f0f1da-4160", "study_name": "KRR", "directions": [1]}
{"op_code": 0, "worker_id": "e5e4cd1e-df91-429f-967d-4d23bfe8251c-4160", "study_name": "KRR", "directions": [1]}
{"op_code": 0, "worker_id": "a520060a-72b1-4ad1-b95d-2b45da4d1bb2-4160", "study_name": "KRR", "directions": [1]}
{"op_code": 0, "worker_id": "801373ff-eff5-45c6-9165-cc8b8287dfc9-4160", "study_name": "KRR", "directions": [1]}
{"op_code": 0, "worker_id": "81f860a0-89e6-4381-aed7-baebd8308bfc-4160", "study_name": "KRR", "directions": [1]}
{"op_code": 0, "worker_id": "91060c87-ae6b-4a9d-a473-55e9d8066b47-4160", "study_name": "KRR", "directions": [1]}
{"op_code": 0, "worker_id": "626dae82-04fa-4c8b-8dbd-bd69cca095cd-4160", "study_name": "KRR", "directions": [1]}
{"op_code": 0, "worker_id": "260948c8-5f71-41d5-8d7d-87c72aa56161-4160", "study_name": "KRR", "directions": [1]}
{"op_code": 0, "worker_id": "52b909cb-263b-47c9-a2fb-af04134d8cf1-4160", "study_name": "KRR", "directions": [1]}
{"op_code": 0, "worker_id": "2afe7eee-e282-4c7c-ba92-56bc024ab855-4160", "study_name": "KRR", "directions": [1]}
{"op_code": 0, "worker_id": "c76d043e-555a-4187-a694-a82ccc3ccc16-4160", "study_name": "KRR", "directions": [1]}
{"op_code": 0, "worker_id": "6f727b32-572d-472a-91fd-71463261074a-4160", "study_name": "KRR", "directions": [1]}
{"op_code": 0, "worker_id": "dc345d50-d2b1-4866-8f65-d1e6e3283956-4160", "study_name": "KRR", "directions": [1]}
{"op_code": 0, "worker_id": "c08b0687-192c-4a70-9608-7819d76d9520-4160", "study_name": "KRR", "directions": [1]}
{"op_code": 0, "worker_id": "45dc4f78-253b-48ba-a22d-096dc0b9511d-4160", "study_name": "KRR", "directions": [1]}
{"op_code": 0, "worker_id": "21fc68c7-6c1d-43bc-84d2-a80a6499d552-4160", "study_name": "KRR", "directions": [1]}
{"op_code": 0, "worker_id": "6cb84f7e-5333-4188-ad29-5a462d74a48b-4160", "study_name": "KRR", "directions": [1]}
{"op_code": 0, "worker_id": "ee0fc8a6-80bb-4de6-92f5-2a5b4f5581d7-4160", "study_name": "KRR", "directions": [1]}
{"op_code": 0, "worker_id": "2ea724f3-c822-4020-b16d-280331983adb-4160", "study_name": "KRR", "directions": [1]}
{"op_code": 0, "worker_id": "f5ff294e-fe65-44f5-bcf1-8916cb83e3d5-4160", "study_name": "KRR", "directions": [1]}
{"op_code": 0, "worker_id": "e61cf80b-2ef0-4014-8594-7e7e25a3a923-4160", "study_name": "KRR", "directions": [1]}
{"op_code": 0, "worker_id": "d06c368d-488e-437e-88fc-23a356050416-4160", "study_name": "KRR", "directions": [1]}
{"op_code": 0, "worker_id": "468909e8-2db8-4292-8bbc-fcf8676889c7-4160", "study_name": "KRR", "directions": [1]}
{"op_code": 0, "worker_id": "b661f944-a4b4-4d11-b902-72a5158ce473-4160", "study_name": "KRR", "directions": [1]}
{"op_code": 0, "worker_id": "72c021e1-5d60-405a-9df1-1f09680870e7-4160", "study_name": "KRR", "directions": [1]}
{"op_code": 0, "worker_id": "4dda3ade-0c16-4b9a-ae36-be1f5e220a53-4160", "study_name": "KRR", "directions": [1]}
{"op_code": 0, "worker_id": "416b826f-bd07-44ea-baf6-df7a99009244-4160", "study_name": "KRR", "directions": [1]}
{"op_code": 0, "worker_id": "16074c22-f2d5-4075-a438-4e318fac73d1-4160", "study_name": "KRR", "directions": [1]}
{"op_code": 0, "worker_id": "cc0f3f70-fb03-406f-afb7-793d528c9db2-4160", "study_name": "KRR", "directions": [1]}
{"op_code": 0, "worker_id": "63e9da5d-f081-4ef5-9e9e-0360c25968c4-4160", "study_name": "KRR", "directions": [1]}
{"op_code": 0, "worker_id": "e4427333-67de-48c8-9a59-3d102a533d02-4160", "study_name": "KRR", "directions": [1]}
{"op_code": 0, "worker_id": "3731a5e0-eb7b-4c19-ac27-5297abb10ac2-4160", "study_name": "KRR", "directions": [1]}
{"op_code": 0, "worker_id": "0c7b74a7-ff99-4c65-8555-af15b546f293-4160", "study_name": "KRR", "directions": [1]}
{"op_code": 0, "worker_id": "1870b0f3-3fd0-4214-8500-958cee901a25-4160", "study_name": "KRR", "directions": [1]}
{"op_code": 0, "worker_id": "42a47c2d-a2a9-4639-bd32-910e1ae65d70-4160", "study_name": "KRR", "directions": [1]}
{"op_code": 0, "worker_id": "c846ca92-9ffb-43dd-bb71-db0fea805d92-4160", "study_name": "KRR", "directions": [1]}
{"op_code": 0, "worker_id": "d27b47f9-d9d5-454c-a403-afb1cb9a3579-4160", "study_name": "KRR", "directions": [1]}
{"op_code": 0, "worker_id": "3e60bb58-493e-4acf-bdba-eb19edc4025d-4160", "study_name": "KRR", "directions": [1]}
{"op_code": 0, "worker_id": "881a93ae-9fe3-4e66-adb8-4bd486c678a9-4160", "study_name": "KRR", "directions": [1]}
{"op_code": 0, "worker_id": "702e3e1e-18fe-45d6-91c6-9c34468f2cf6-4160", "study_name": "KRR", "directions": [1]}
{"op_code": 0, "worker_id": "0bef66f1-aaa0-419f-9de0-d0d08997e4c1-4160", "study_name": "KRR", "directions": [1]}
{"op_code": 0, "worker_id": "31c9160e-7feb-4d7e-8ee2-e8b3902e80ca-4160", "study_name": "KRR", "directions": [1]}
{"op_code": 0, "worker_id": "8ef446d2-8820-4d44-8ae5-e036a265163d-4160", "study_name": "KRR", "directions": [1]}
{"op_code": 0, "worker_id": "1374a2fe-2035-476d-843f-50fbc69cbd2a-4160", "study_name": "KRR", "directions": [1]}
{"op_code": 0, "worker_id": "2a6679a2-8007-40ca-b75e-5ca0fcf3965e-4160", "study_name": "KRR", "directions": [1]}
{"op_code": 0, "worker_id": "54fce8b7-a268-4060-aba7-7ca8510e1606-4160", "study_name": "KRR", "directions": [1]}
{"op_code": 0, "worker_id": "89fdb79a-e548-4a05-9f3b-422d8ee35b6a-4160", "study_name": "KRR", "directions": [1]}
{"op_code": 0, "worker_id": "124c3935-eb81-4b58-8902-cfc89d0a96aa-4160", "study_name": "KRR", "directions": [1]}
{"op_code": 0, "worker_id": "21bde8af-903b-4d87-beac-60310c2098d1-4160", "study_name": "KRR", "directions": [1]}
{"op_code": 0, "worker_id": "ce8e9f2a-2a08-4229-a9f3-a2bbe6989d0d-4160", "study_name": "KRR", "directions": [1]}
{"op_code": 0, "worker_id": "d7a10159-f612-4f7b-b878-eed066e792d0-4160", "study_name": "KRR", "directions": [1]}
{"op_code": 0, "worker_id": "2d5f76e0-2f20-4063-bc32-79fc11fbd639-4160", "study_name": "KRR", "directions": [1]}
{"op_code": 0, "worker_id": "2ad1e492-d9f1-413d-8e2b-0dde3b1badd4-4160", "study_name": "KRR", "directions": [1]}
{"op_code": 0, "worker_id": "7c5e2727-8024-48df-a310-862b781fff41-4160", "study_name": "KRR", "directions": [1]}
{"op_code": 0, "worker_id": "179a775f-0002-4dcb-8d85-81aaa7c9c770-4160", "study_name": "KRR", "directions": [1]}
{"op_code": 0, "worker_id": "c37a0b12-6ea0-4ec6-ab37-506c4374e2b1-4160", "study_name": "KRR", "directions": [1]}
{"op_code": 0, "worker_id": "bac3c409-750e-44e9-a700-7ad5126b805a-4160", "study_name": "KRR", "directions": [1]}
{"op_code": 0, "worker_id": "58b18f9e-4719-4975-8c58-190c8bb4c591-4160", "study_name": "KRR", "directions": [1]}
{"op_code": 0, "worker_id": "46ee9780-6d15-47b2-9b3d-9d6877544917-4160", "study_name": "KRR", "directions": [1]}
{"op_code": 0, "worker_id": "5293d23b-ac97-47f0-aa1d-c84da8365264-4160", "study_name": "KRR", "directions": [1]}
{"op_code": 0, "worker_id": "d0b09af5-cf35-4e05-b96d-a867c64d9490-4160", "study_name": "KRR", "directions": [1]}
{"op_code": 0, "worker_id": "2aff511d-a142-4a4e-9682-d1b91f8c81c2-4160", "study_name": "KRR", "directions": [1]}
{"op_code": 0, "worker_id": "a86e568c-fa96-4252-87bd-06ecbe808c74-4160", "study_name": "KRR", "directions": [1]}
{"op_code": 0, "worker_id": "b8e25f7b-487e-4223-902f-f4af8ab4666b-4160", "study_name": "KRR", "directions": [1]}
{"op_code": 0, "worker_id": "e8512fc8-1688-4158-83a8-a3247e9d529f-4160", "study_name": "KRR", "directions": [1]}
{"op_code": 0, "worker_id": "cf8b6e7a-41d5-436b-bcb0-60a6af237eea-4160", "study_name": "KRR", "directions": [1]}
{"op_code": 0, "worker_id": "dfe889db-a94c-42ba-b039-c04e1370f235-4160", "study_name": "KRR", "directions": [1]}
{"op_code": 0, "worker_id": "050d1587-4632-474d-aa4d-941de2cd9bcb-4160", "study_name": "KRR", "directions": [1]}
{"op_code": 0, "worker_id": "7fd78e06-cfb9-4b87-bd2b-e894bbc547a0-4160", "study_name": "KRR", "directions": [1]}
{"op_code": 0, "worker_id": "c04b85e3-1dd4-4c72-ae61-a6cec6ba2b81-4160", "study_name": "KRR", "directions": [1]}
{"op_code": 0, "worker_id": "c7c9ddcc-2571-4eab-bbf6-983218159d7b-4160", "study_name": "KRR", "directions": [1]}
{"op_code": 0, "worker_id": "3804a3ef-85cc-4810-bdd7-5cc11ec53880-4160", "study_name": "KRR", "directions": [1]}
{"op_code": 0, "worker_id": "f02bdfbd-e5f9-4d2d-a21c-db5cf24ce4a1-4160", "study_name": "KRR", "directions": [1]}
{"op_code": 0, "worker_id": "03c2b30d-1c81-49c9-b443-aaed2659ff6f-4160", "study_name": "KRR", "directions": [1]}
{"op_code": 0, "worker_id": "b279419c-cc29-4fa8-83fa-1663feb0474d-4160", "study_name": "KRR", "directions": [1]}
{"op_code": 0, "worker_id": "c7a77796-f635-4409-80a5-4bc5d2ce2336-4160", "study_name": "KRR", "directions": [1]}
{"op_code": 0, "worker_id": "c97fc623-ccf6-4b53-b311-151cd31f4dad-4160", "study_name": "KRR", "directions": [1]}
{"op_code": 0, "worker_id": "abbfe140-731a-486f-b122-6e8d9458b401-4160", "study_name": "KRR", "directions": [1]}
{"op_code": 0, "worker_id": "15a6648c-8e3f-4a01-8d6d-0ccbdc023f79-4160", "study_name": "KRR", "directions": [1]}
{"op_code": 0, "worker_id": "b45d8ad8-1cf5-4d06-88b2-7594ef52e196-4160", "study_name": "KRR", "directions": [1]}
{"op_code": 0, "worker_id": "99bb8257-41ad-4be6-9f97-e17ef790bdb5-4160", "study_name": "KRR", "directions": [1]}
{"op_code": 0, "worker_id": "a58bd5c9-26be-4ad0-8765-8c912d935cb6-4160", "study_name": "KRR", "directions": [1]}
{"op_code": 0, "worker_id": "b855f345-36cc-4b33-8e91-b30fd2012f2a-4160", "study_name": "KRR", "directions": [1]}
{"op_code": 0, "worker_id": "c5dd3217-f12e-4c67-b0d5-41145923924e-4160", "study_name": "KRR", "directions": [1]}
{"op_code": 0, "worker_id": "cd4136ca-ea22-4402-b83b-65aa9469c818-4160", "study_name": "KRR", "directions": [1]}
{"op_code": 0, "worker_id": "511eb44c-771d-4cc7-b406-423d47187a53-4160", "study_name": "KRR", "directions": [1]}
{"op_code": 0, "worker_id": "793abb68-1413-4ddf-9a1d-d4bfcdb6a066-4160", "study_name": "KRR", "directions": [1]}
{"op_code": 0, "worker_id": "db6e405b-20df-45bb-b9f9-353747520bb8-4160", "study_name": "KRR", "directions": [1]}
{"op_code": 0, "worker_id": "e4df0a2d-85de-4974-aebc-8c7a2c45bf6a-4160", "study_name": "KRR", "directions": [1]}
{"op_code": 0, "worker_id": "09000d4d-3442-4170-97c6-9221405423d2-4160", "study_name": "KRR", "directions": [1]}
{"op_code": 0, "worker_id": "505afab3-e7de-4536-ad13-650e661d6009-4160", "study_name": "KRR", "directions": [1]}
{"op_code": 0, "worker_id": "e2c7180d-2771-4501-8bc1-8ef68a78bce9-4160", "study_name": "KRR", "directions": [1]}
{"op_code": 0, "worker_id": "ef40bc51-e68c-4f88-943f-1a53966f8277-4160", "study_name": "KRR", "directions": [1]}
{"op_code": 0, "worker_id": "7840021e-29ef-49f0-a57f-bea0b8023964-4160", "study_name": "KRR", "directions": [1]}
{"op_code": 0, "worker_id": "b758e98f-6d8b-4986-bdca-d771f1befd76-4160", "study_name": "KRR", "directions": [1]}
{"op_code": 0, "worker_id": "5610e53f-c280-47f6-b628-3996c908fb4f-4160", "study_name": "KRR", "directions": [1]}
{"op_code": 0, "worker_id": "44ab622c-6363-4534-b873-a5a8970bcdcb-4160", "study_name": "KRR", "directions": [1]}
{"op_code": 0, "worker_id": "26b00658-37ed-4f38-a7f8-8bfae07a6449-4160", "study_name": "KRR", "directions": [1]}
{"op_code": 0, "worker_id": "74da1455-bb5a-40f6-87c8-a379806dda38-4160", "study_name": "KRR", "directions": [1]}
{"op_code": 0, "worker_id": "49c26c5c-4af4-4a6d-a0e9-08b39111f29e-4160", "study_name": "KRR", "directions": [1]}
{"op_code": 0, "worker_id": "6c51d778-e541-40e8-9e01-bc21b6d4a6e2-4160", "study_name": "KRR", "directions": [1]}
{"op_code": 0, "worker_id": "4568159f-5633-436d-b60c-0eb461cf6ba4-4160", "study_name": "KRR", "directions": [1]}
{"op_code": 0, "worker_id": "e4f330c2-6b3c-4b90-983f-8c77842d5d1e-4160", "study_name": "KRR", "directions": [1]}
{"op_code": 0, "worker_id": "4b0a258c-fc68-4239-9f57-5de08942104f-4160", "study_name": "KRR", "directions": [1]}
{"op_code": 0, "worker_id": "60149076-c363-4f5a-bc72-28b1c9ff70be-4160", "study_name": "KRR", "directions": [1]}
{"op_code": 0, "worker_id": "c648a10a-eadd-4f78-8b96-0d3b8d5a225c-4160", "study_name": "KRR", "directions": [1]}
{"op_code": 0, "worker_id": "c40646b0-c116-48ec-b79c-0046cf2d0157-4160", "study_name": "KRR", "directions": [1]}
{"op_code": 0, "worker_id": "75e51582-9665-4463-8d81-93e43eaac3f7-4160", "study_name": "KRR", "directions": [1]}
{"op_code": 0, "worker_id": "3d261c81-dfc3-4e27-b1e4-8836ccbe5f76-4160", "study_name": "KRR", "directions": [1]}
{"op_code": 0, "worker_id": "456d88ff-fa68-4469-a115-7b19e8ddcb6e-4160", "study_name": "KRR", "directions": [1]}
{"op_code": 0, "worker_id": "2dfcbf77-80ec-47be-a8e2-3080dd048fad-4160", "study_name": "KRR", "directions": [1]}
{"op_code": 0, "worker_id": "ca3c2dab-fe3e-499a-9ea9-d32115cc9466-4160", "study_name": "KRR", "directions": [1]}
{"op_code": 0, "worker_id": "d388269a-4109-49c1-a163-d4bf26b80bf4-4160", "study_name": "KRR", "directions": [1]}
{"op_code": 0, "worker_id": "f70fe244-bf93-4022-a5aa-13039ca59a67-4160", "study_name": "KRR", "directions": [1]}
{"op_code": 0, "worker_id": "26adb7fd-ee12-4722-9772-bddd276e2b4c-4160", "study_name": "KRR", "directions": [1]}
{"op_code": 0, "worker_id": "594483a7-fda8-47d6-939f-e531f2eecda1-4160", "study_name": "KRR", "directions": [1]}
{"op_code": 0, "worker_id": "495e52ed-a57b-41a7-981c-ee9433901a3d-4160", "study_name": "KRR", "directions": [1]}
{"op_code": 0, "worker_id": "5dbdea4d-daf3-448d-9670-7656a01950ed-4160", "study_name": "KRR", "directions": [1]}
{"op_code": 0, "worker_id": "57349e97-ac0f-46d7-ad1f-88fc2451b8b4-4160", "study_name": "KRR", "directions": [1]}
{"op_code": 0, "worker_id": "6d2b6e72-50e6-44d6-bbb5-830f378f3c98-4160", "study_name": "KRR", "directions": [1]}
{"op_code": 0, "worker_id": "cd7ecd18-5dc4-4b60-a6ff-65ba8f04c88f-4160", "study_name": "KRR", "directions": [1]}
{"op_code": 0, "worker_id": "bfc0057a-a047-493e-8b23-090113f59880-4160", "study_name": "KRR", "directions": [1]}
{"op_code": 0, "worker_id": "d8613cfa-5347-4418-a59a-ff98bdfdbc3b-4160", "study_name": "KRR", "directions": [1]}
{"op_code": 0, "worker_id": "1369931c-eed0-4ec6-b0d0-bf05a5e3145a-4160", "study_name": "KRR", "directions": [1]}
{"op_code": 0, "worker_id": "edc6d41a-d7d0-4d4a-a9d5-7e8a944a4654-4160", "study_name": "KRR", "directions": [1]}
{"op_code": 0, "worker_id": "5457c68b-2ba8-4231-8faa-78d9cfa603df-4160", "study_name": "KRR", "directions": [1]}
{"op_code": 0, "worker_id": "3bc579dc-2aa5-4c2b-bfcb-c28494d07587-4160", "study_name": "KRR", "directions": [1]}
{"op_code": 0, "worker_id": "65ed1822-7f13-4aa1-836c-43b52dcaafaa-4160", "study_name": "KRR", "directions": [1]}
{"op_code": 0, "worker_id": "38d9a768-7be1-4364-9c26-08a3fb778d26-4160", "study_name": "KRR", "directions": [1]}
{"op_code": 0, "worker_id": "ccad39cf-e27d-4c26-95df-634a33f21062-4160", "study_name": "KRR", "directions": [1]}
{"op_code": 0, "worker_id": "22ac2f83-59e3-4561-972d-9e95167176c7-4160", "study_name": "KRR", "directions": [1]}
{"op_code": 0, "worker_id": "3880dd74-dbf6-4bb9-97bf-9aaa80cfc12c-4160", "study_name": "KRR", "directions": [1]}
{"op_code": 0, "worker_id": "81610e86-7cf0-425f-b4e0-4ce8bd6a5d41-4160", "study_name": "KRR", "directions": [1]}
{"op_code": 0, "worker_id": "5f8afd49-035f-4ad4-a330-37df4dd83c84-4160", "study_name": "KRR", "directions": [1]}
{"op_code": 0, "worker_id": "e894f4d5-7cbf-4291-ba88-a2050083d660-4160", "study_name": "KRR", "directions": [1]}
{"op_code": 0, "worker_id": "0abbd0fc-a0c2-40bc-9e66-7062ae463a02-4160", "study_name": "KRR", "directions": [1]}
{"op_code": 0, "worker_id": "4e8a5522-13e1-488b-b527-f825d7ea7c18-4160", "study_name": "KRR", "directions": [1]}
{"op_code": 0, "worker_id": "8d2defea-0a21-4fd2-bc63-bda8e90c5c5c-4160", "study_name": "KRR", "directions": [1]}
{"op_code": 0, "worker_id": "8e57328f-95e2-4403-b35b-8f06a0c9c3d9-4160", "study_name": "KRR", "directions": [1]}
{"op_code": 0, "worker_id": "a31d6b04-7dcc-4327-90b8-4d795e8c67db-4160", "study_name": "KRR", "directions": [1]}
{"op_code": 0, "worker_id": "47e9b9bb-99de-4832-b440-dd7e31da5bad-4160", "study_name": "KRR", "directions": [1]}
{"op_code": 0, "worker_id": "dc98b2e2-7979-446e-8c50-a72c3a3b59b1-4160", "study_name": "KRR", "directions": [1]}
{"op_code": 0, "worker_id": "d3d6497e-6889-45c2-b195-7ed9824cfeaa-4160", "study_name": "KRR", "directions": [1]}
{"op_code": 0, "worker_id": "c923f930-f4b8-4def-99bf-94dc9535f9d2-4160", "study_name": "KRR", "directions": [1]}
{"op_code": 0, "worker_id": "6ebacbf5-397c-4245-809a-1f74a561b670-4160", "study_name": "KRR", "directions": [1]}
{"op_code": 0, "worker_id": "0c0439ed-0a50-46ea-859e-10cda379fc4c-4160", "study_name": "KRR", "directions": [1]}
{"op_code": 0, "worker_id": "70b578de-b883-4cef-9c6b-13446d61b1f1-4160", "study_name": "KRR", "directions": [1]}
{"op_code": 0, "worker_id": "e7d74647-8b40-495e-950d-dbab7b4884e6-4160", "study_name": "KRR", "directions": [1]}
{"op_code": 0, "worker_id": "0a9d0c87-984a-4bbe-b024-ff5142b292af-4160", "study_name": "KRR", "directions": [1]}
{"op_code": 0, "worker_id": "1f3fa298-f4a2-4326-b6a3-eda7868f750b-4160", "study_name": "KRR", "directions": [1]}
{"op_code": 0, "worker_id": "f1122779-7b47-45db-bd7b-3312ecceb2f2-4160", "study_name": "KRR", "directions": [1]}
{"op_code": 0, "worker_id": "b3694f59-2ed1-401e-99c6-3d46a16a623d-4160", "study_name": "KRR", "directions": [1]}
{"op_code": 0, "worker_id": "c1ed3742-83ce-4e6f-941e-c22d7bc6ca32-4160", "study_name": "KRR", "directions": [1]}
{"op_code": 0, "worker_id": "d68e1bac-8cb4-4e17-af61-3aadec7582a2-4160", "study_name": "KRR", "directions": [1]}
{"op_code": 0, "worker_id": "6c5c3c40-ab89-4cb4-aa71-13f449f1faa0-4160", "study_name": "KRR", "directions": [1]}
{"op_code": 0, "worker_id": "c4361c02-83f3-4af4-97ed-6502a7955e19-4160", "study_name": "KRR", "directions": [1]}
{"op_code": 0, "worker_id": "1b7f5a02-8ddf-40d2-947b-1f681184719d-4160", "study_name": "KRR", "directions": [1]}
{"op_code": 0, "worker_id": "881faf2a-8d9a-478b-bcff-7778a810f4c1-4160", "study_name": "KRR", "directions": [1]}
{"op_code": 0, "worker_id": "191c05ac-bae4-499b-845b-9b3fc66798db-4160", "study_name": "KRR", "directions": [1]}
{"op_code": 0, "worker_id": "efb43636-002d-412e-ae01-54c0a9b86cec-4160", "study_name": "KRR", "directions": [1]}
{"op_code": 0, "worker_id": "14e4c7eb-db71-4f03-bd30-231f219bfde2-4160", "study_name": "KRR", "directions": [1]}
{"op_code": 0, "worker_id": "18b99c7a-f425-4085-84ae-18af833946a7-4160", "study_name": "KRR", "directions": [1]}
{"op_code": 0, "worker_id": "85d942ce-d853-4ce0-b015-e7adc669758a-4160", "study_name": "KRR", "directions": [1]}
{"op_code": 0, "worker_id": "8f3f13cb-7e39-4e65-a802-ebdf0ed527db-4160", "study_name": "KRR", "directions": [1]}
{"op_code": 0, "worker_id": "c05d2ad2-8d78-40c4-8bb8-3e002cb41c30-4160", "study_name": "KRR", "directions": [1]}
{"op_code": 0, "worker_id": "e3be130e-7475-4af0-b209-e0cea88d2735-4160", "study_name": "KRR", "directions": [1]}
{"op_code": 0, "worker_id": "5764cba2-2ba5-493b-bbd9-ceba3bfc9cc0-4160", "study_name": "KRR", "directions": [1]}
{"op_code": 0, "worker_id": "1300cfae-d4af-43dc-9c3d-64533dedf18b-4160", "study_name": "KRR", "directions": [1]}
{"op_code": 0, "worker_id": "9779c585-a7f0-4d9f-a8c3-7939f7fb6901-4160", "study_name": "KRR", "directions": [1]}
{"op_code": 0, "worker_id": "3e262c1b-195b-45a1-9c96-04a5514f72d7-4160", "study_name": "KRR", "directions": [1]}
{"op_code": 0, "worker_id": "fcd09800-2b8a-4922-bcd4-3bb5fe8cd87c-4160", "study_name": "KRR", "directions": [1]}
{"op_code": 0, "worker_id": "a78a0e26-2540-44bb-bea6-a55dc42adf5b-4160", "study_name": "KRR", "directions": [1]}
{"op_code": 0, "worker_id": "dcc74ea0-975b-41a8-ab2e-1e84e713d564-4160", "study_name": "KRR", "directions": [1]}
{"op_code": 0, "worker_id": "c7ffaada-3019-45e8-87e7-15d12ef2ff21-4160", "study_name": "KRR", "directions": [1]}
{"op_code": 0, "worker_id": "b9b32da0-4fcb-4913-8bf8-7e1a8cd0ba2d-4160", "study_name": "KRR", "directions": [1]}
{"op_code": 0, "worker_id": "136c2020-1d38-44e6-8221-07d8bc511c07-4160", "study_name": "KRR", "directions": [1]}
{"op_code": 0, "worker_id": "3bb22772-d82c-48d0-b954-7ca026449164-4160", "study_name": "KRR", "directions": [1]}
{"op_code": 0, "worker_id": "3647eabf-5131-4ea3-aa2a-ca40a1dd5304-4160", "study_name": "KRR", "directions": [1]}
{"op_code": 0, "worker_id": "1a4dc1ac-e9be-4f55-b74f-dc07656fd20a-4160", "study_name": "KRR", "directions": [1]}
{"op_code": 0, "worker_id": "9be2444b-81f3-44d3-9274-dd3e092ddb62-4160", "study_name": "KRR", "directions": [1]}
{"op_code": 0, "worker_id": "5cc087b1-8c36-4997-a1cd-329cb383a08d-4160", "study_name": "KRR", "directions": [1]}
{"op_code": 0, "worker_id": "b5c9c241-3f2e-469a-8d57-13fe47d904c3-4160", "study_name": "KRR", "directions": [1]}
{"op_code": 0, "worker_id": "b43807e3-aae6-4701-8668-2680690de68b-4160", "study_name": "KRR", "directions": [1]}
{"op_code": 0, "worker_id": "c2be2c90-b455-4a8e-a31d-3b7764e36ff4-4160", "study_name": "KRR", "directions": [1]}
{"op_code": 0, "worker_id": "5696ccb9-93bd-4a73-9f44-624504a830c8-4160", "study_name": "KRR", "directions": [1]}
{"op_code": 0, "worker_id": "ec2deb47-20a2-4206-9f4d-34a096d039d1-4160", "study_name": "KRR", "directions": [1]}
{"op_code": 0, "worker_id": "c3f817d0-fd9a-463d-a7a3-1c87605c3969-4160", "study_name": "KRR", "directions": [1]}
{"op_code": 0, "worker_id": "0c7ae1de-45a1-4225-ac58-5b6b505a2e2f-4160", "study_name": "KRR", "directions": [1]}
{"op_code": 0, "worker_id": "897e0668-598d-4565-b0dd-c2bed19570c9-4160", "study_name": "KRR", "directions": [1]}
{"op_code": 0, "worker_id": "06e8327f-61d7-4d66-85ca-f2048dd9a1ac-4160", "study_name": "KRR", "directions": [1]}
{"op_code": 0, "worker_id": "4ae50014-07ee-469c-97fb-613a8c52f202-4160", "study_name": "KRR", "directions": [1]}
{"op_code": 0, "worker_id": "91ba8e9d-93b3-47ec-b9a0-b596b7525391-4160", "study_name": "KRR", "directions": [1]}
{"op_code": 0, "worker_id": "492b1365-c605-4fe0-b381-03ff76e76140-4160", "study_name": "KRR", "directions": [1]}
{"op_code": 0, "worker_id": "e5b25ece-7605-451b-b15f-aeacb72486c5-4160", "study_name": "KRR", "directions": [1]}
{"op_code": 0, "worker_id": "1d02b1ec-eb31-42ab-89c1-22ec80383af0-4160", "study_name": "KRR", "directions": [1]}
{"op_code": 0, "worker_id": "4828a471-d2a2-42be-93ae-dbf6777e966b-4160", "study_name": "KRR", "directions": [1]}
{"op_code": 0, "worker_id": "73a1f349-d2af-43b3-b2e5-4b3912243875-4160", "study_name": "KRR", "directions": [1]}
{"op_code": 0, "worker_id": "f3deff4f-49ed-4052-b2cd-1bf4d4e4e519-4160", "study_name": "KRR", "directions": [1]}
{"op_code": 0, "worker_id": "441731b6-3001-47e0-a2c3-b54baa6660a0-4160", "study_name": "KRR", "directions": [1]}
{"op_code": 0, "worker_id": "cedf3031-936f-48ba-b044-e91939f29c59-4160", "study_name": "KRR", "directions": [1]}
{"op_code": 0, "worker_id": "2ddaa1db-e3eb-4605-9329-224404396067-4160", "study_name": "KRR", "directions": [1]}
{"op_code": 0, "worker_id": "c828d07e-eb54-4903-b8fd-88aba3caf3fa-4160", "study_name": "KRR", "directions": [1]}
{"op_code": 0, "worker_id": "95f74515-a0b9-4352-a1ac-8700ff5679d1-4160", "study_name": "KRR", "directions": [1]}
{"op_code": 0, "worker_id": "cda716d4-25dc-46e1-af8a-1d6785bfb3fd-4160", "study_name": "KRR", "directions": [1]}
{"op_code": 0, "worker_id": "64373f38-05e0-405c-8c8a-27965c869ce1-4160", "study_name": "KRR", "directions": [1]}
{"op_code": 0, "worker_id": "eea71386-199e-4276-bcc1-f558ab802915-4160", "study_name": "KRR", "directions": [1]}
{"op_code": 0, "worker_id": "add39359-d033-4e39-919d-86732237ef8a-4160", "study_name": "KRR", "directions": [1]}
{"op_code": 0, "worker_id": "9711ab06-eb57-40ac-b55a-bd1da35ca0c0-4160", "study_name": "KRR", "directions": [1]}
{"op_code": 0, "worker_id": "83448438-6c7a-4c29-a5fd-ce71b827a426-4160", "study_name": "KRR", "directions": [1]}
{"op_code": 0, "worker_id": "825d865c-f132-407f-8b03-676eba80d49d-4160", "study_name": "KRR", "directions": [1]}
{"op_code": 0, "worker_id": "76427d51-2503-4f47-b1be-940c7469f42b-4160", "study_name": "KRR", "directions": [1]}
{"op_code": 0, "worker_id": "536a1d43-b251-4014-97ad-ed63289664c3-4160", "study_name": "KRR", "directions": [1]}
{"op_code": 0, "worker_id": "6ee4b1bb-b66f-46d1-a20d-14b5edb6acf2-4160", "study_name": "KRR", "directions": [1]}
