{"op_code": 0, "worker_id": "9b7556ff-d3d9-49e1-8dcc-d81ad4980ec4-47614746832704", "study_name": "linear", "directions": [1]}
{"op_code": 4, "worker_id": "9b7556ff-d3d9-49e1-8dcc-d81ad4980ec4-47615450679040", "study_id": 0, "datetime_start": "2023-11-07T07:04:04.235208"}
{"op_code": 8, "worker_id": "9b7556ff-d3d9-49e1-8dcc-d81ad4980ec4-47615450679040", "trial_id": 0, "user_attr": {"fit_intercept": true}}
{"op_code": 5, "worker_id": "9b7556ff-d3d9-49e1-8dcc-d81ad4980ec4-47615450679040", "trial_id": 0, "param_name": "alpha", "param_value_internal": 0.05450426601166995, "distribution": "{\"name\": \"FloatDistribution\", \"attributes\": {\"step\": null, \"low\": 1e-05, \"high\": 0.1, \"log\": false}}"}
{"op_code": 5, "worker_id": "9b7556ff-d3d9-49e1-8dcc-d81ad4980ec4-47615450679040", "trial_id": 0, "param_name": "l1_ratio", "param_value_internal": 0.3278058238470488, "distribution": "{\"name\": \"FloatDistribution\", \"attributes\": {\"step\": null, \"low\": 0.0, \"high\": 1.0, \"log\": false}}"}
{"op_code": 6, "worker_id": "9b7556ff-d3d9-49e1-8dcc-d81ad4980ec4-47615450679040", "trial_id": 0, "state": 1, "values": [0.2229106222958482], "datetime_complete": "2023-11-07T07:04:04.266080"}
{"op_code": 0, "worker_id": "8a4cd5aa-ebc2-4528-870f-e00817e3a675-47279818202944", "study_name": "linear", "directions": [1]}
{"op_code": 4, "worker_id": "8a4cd5aa-ebc2-4528-870f-e00817e3a675-47280521058048", "study_id": 0, "datetime_start": "2023-11-07T17:11:35.000523"}
{"op_code": 8, "worker_id": "8a4cd5aa-ebc2-4528-870f-e00817e3a675-47280521058048", "trial_id": 1, "user_attr": {"fit_intercept": true}}
{"op_code": 5, "worker_id": "8a4cd5aa-ebc2-4528-870f-e00817e3a675-47280521058048", "trial_id": 1, "param_name": "alpha", "param_value_internal": 0.04250969933248896, "distribution": "{\"name\": \"FloatDistribution\", \"attributes\": {\"step\": null, \"low\": 1e-05, \"high\": 0.1, \"log\": false}}"}
{"op_code": 5, "worker_id": "8a4cd5aa-ebc2-4528-870f-e00817e3a675-47280521058048", "trial_id": 1, "param_name": "l1_ratio", "param_value_internal": 0.22612473141533374, "distribution": "{\"name\": \"FloatDistribution\", \"attributes\": {\"step\": null, \"low\": 0.0, \"high\": 1.0, \"log\": false}}"}
{"op_code": 6, "worker_id": "8a4cd5aa-ebc2-4528-870f-e00817e3a675-47280521058048", "trial_id": 1, "state": 1, "values": [0.21201947379903233], "datetime_complete": "2023-11-07T17:11:35.038659"}
{"op_code": 0, "worker_id": "a3d075d6-ea55-4ba0-90a1-2ec98e48bccb-47279818202944", "study_name": "linear", "directions": [1]}
{"op_code": 4, "worker_id": "a3d075d6-ea55-4ba0-90a1-2ec98e48bccb-47280521058048", "study_id": 0, "datetime_start": "2023-11-07T17:18:23.911342"}
{"op_code": 8, "worker_id": "a3d075d6-ea55-4ba0-90a1-2ec98e48bccb-47280521058048", "trial_id": 2, "user_attr": {"fit_intercept": true}}
{"op_code": 5, "worker_id": "a3d075d6-ea55-4ba0-90a1-2ec98e48bccb-47280521058048", "trial_id": 2, "param_name": "alpha", "param_value_internal": 0.017687613173125304, "distribution": "{\"name\": \"FloatDistribution\", \"attributes\": {\"step\": null, \"low\": 1e-05, \"high\": 0.1, \"log\": false}}"}
{"op_code": 5, "worker_id": "a3d075d6-ea55-4ba0-90a1-2ec98e48bccb-47280521058048", "trial_id": 2, "param_name": "l1_ratio", "param_value_internal": 0.6333611743187618, "distribution": "{\"name\": \"FloatDistribution\", \"attributes\": {\"step\": null, \"low\": 0.0, \"high\": 1.0, \"log\": false}}"}
{"op_code": 6, "worker_id": "a3d075d6-ea55-4ba0-90a1-2ec98e48bccb-47280521058048", "trial_id": 2, "state": 1, "values": [0.21611834234273689], "datetime_complete": "2023-11-07T17:18:23.939303"}
{"op_code": 0, "worker_id": "91221c9c-aca8-4fd9-a518-861520e724ba-47279818202944", "study_name": "linear", "directions": [1]}
{"op_code": 4, "worker_id": "91221c9c-aca8-4fd9-a518-861520e724ba-47280521058048", "study_id": 0, "datetime_start": "2023-11-07T17:25:11.671117"}
{"op_code": 8, "worker_id": "91221c9c-aca8-4fd9-a518-861520e724ba-47280521058048", "trial_id": 3, "user_attr": {"fit_intercept": true}}
{"op_code": 5, "worker_id": "91221c9c-aca8-4fd9-a518-861520e724ba-47280521058048", "trial_id": 3, "param_name": "alpha", "param_value_internal": 0.0020923412059401523, "distribution": "{\"name\": \"FloatDistribution\", \"attributes\": {\"step\": null, \"low\": 1e-05, \"high\": 0.1, \"log\": false}}"}
{"op_code": 5, "worker_id": "91221c9c-aca8-4fd9-a518-861520e724ba-47280521058048", "trial_id": 3, "param_name": "l1_ratio", "param_value_internal": 0.1622480477206485, "distribution": "{\"name\": \"FloatDistribution\", \"attributes\": {\"step\": null, \"low\": 0.0, \"high\": 1.0, \"log\": false}}"}
{"op_code": 6, "worker_id": "91221c9c-aca8-4fd9-a518-861520e724ba-47280521058048", "trial_id": 3, "state": 1, "values": [0.2109055857294363], "datetime_complete": "2023-11-07T17:25:11.699616"}
{"op_code": 0, "worker_id": "c6c480b8-6d45-458e-ac60-90d9d8d75521-47279818202944", "study_name": "linear", "directions": [1]}
{"op_code": 4, "worker_id": "c6c480b8-6d45-458e-ac60-90d9d8d75521-47280521058048", "study_id": 0, "datetime_start": "2023-11-07T17:31:59.911174"}
{"op_code": 8, "worker_id": "c6c480b8-6d45-458e-ac60-90d9d8d75521-47280521058048", "trial_id": 4, "user_attr": {"fit_intercept": true}}
{"op_code": 5, "worker_id": "c6c480b8-6d45-458e-ac60-90d9d8d75521-47280521058048", "trial_id": 4, "param_name": "alpha", "param_value_internal": 0.08973917535024016, "distribution": "{\"name\": \"FloatDistribution\", \"attributes\": {\"step\": null, \"low\": 1e-05, \"high\": 0.1, \"log\": false}}"}
{"op_code": 5, "worker_id": "c6c480b8-6d45-458e-ac60-90d9d8d75521-47280521058048", "trial_id": 4, "param_name": "l1_ratio", "param_value_internal": 0.7394773254730714, "distribution": "{\"name\": \"FloatDistribution\", \"attributes\": {\"step\": null, \"low\": 0.0, \"high\": 1.0, \"log\": false}}"}
{"op_code": 6, "worker_id": "c6c480b8-6d45-458e-ac60-90d9d8d75521-47280521058048", "trial_id": 4, "state": 1, "values": [0.2175575561816678], "datetime_complete": "2023-11-07T17:31:59.939298"}
