{"op_code": 0, "worker_id": "7162eb08-06d9-4be7-bea6-43275b57608b-47614746832704", "study_name": "RF", "directions": [1]}
{"op_code": 4, "worker_id": "7162eb08-06d9-4be7-bea6-43275b57608b-47615450679040", "study_id": 0, "datetime_start": "2023-11-07T07:04:05.234078"}
{"op_code": 5, "worker_id": "7162eb08-06d9-4be7-bea6-43275b57608b-47615450679040", "trial_id": 0, "param_name": "n_estimators", "param_value_internal": 1, "distribution": "{\"name\": \"CategoricalDistribution\", \"attributes\": {\"choices\": [10, 20, 50, 200, 500]}}"}
{"op_code": 5, "worker_id": "7162eb08-06d9-4be7-bea6-43275b57608b-47615450679040", "trial_id": 0, "param_name": "max_features", "param_value_internal": 1, "distribution": "{\"name\": \"CategoricalDistribution\", \"attributes\": {\"choices\": [\"auto\", \"sqrt\", \"log2\"]}}"}
{"op_code": 5, "worker_id": "7162eb08-06d9-4be7-bea6-43275b57608b-47615450679040", "trial_id": 0, "param_name": "max_depth", "param_value_internal": 5, "distribution": "{\"name\": \"CategoricalDistribution\", \"attributes\": {\"choices\": [null, 2, 3, 4, 5, 10]}}"}
{"op_code": 6, "worker_id": "7162eb08-06d9-4be7-bea6-43275b57608b-47615450679040", "trial_id": 0, "state": 1, "values": [0.16680822595852254], "datetime_complete": "2023-11-07T07:04:07.356751"}
{"op_code": 0, "worker_id": "cf2ae683-bcf6-4674-abb4-9390ac55e2e4-47279818202944", "study_name": "RF", "directions": [1]}
{"op_code": 4, "worker_id": "cf2ae683-bcf6-4674-abb4-9390ac55e2e4-47280521058048", "study_id": 0, "datetime_start": "2023-11-07T17:11:35.998230"}
{"op_code": 5, "worker_id": "cf2ae683-bcf6-4674-abb4-9390ac55e2e4-47280521058048", "trial_id": 1, "param_name": "n_estimators", "param_value_internal": 1, "distribution": "{\"name\": \"CategoricalDistribution\", \"attributes\": {\"choices\": [10, 20, 50, 200, 500]}}"}
{"op_code": 5, "worker_id": "cf2ae683-bcf6-4674-abb4-9390ac55e2e4-47280521058048", "trial_id": 1, "param_name": "max_features", "param_value_internal": 1, "distribution": "{\"name\": \"CategoricalDistribution\", \"attributes\": {\"choices\": [\"auto\", \"sqrt\", \"log2\"]}}"}
{"op_code": 5, "worker_id": "cf2ae683-bcf6-4674-abb4-9390ac55e2e4-47280521058048", "trial_id": 1, "param_name": "max_depth", "param_value_internal": 4, "distribution": "{\"name\": \"CategoricalDistribution\", \"attributes\": {\"choices\": [null, 2, 3, 4, 5, 10]}}"}
{"op_code": 6, "worker_id": "cf2ae683-bcf6-4674-abb4-9390ac55e2e4-47280521058048", "trial_id": 1, "state": 1, "values": [0.14719727685027684], "datetime_complete": "2023-11-07T17:11:38.159410"}
{"op_code": 0, "worker_id": "124f5eb2-34b2-4912-b6b1-bff71e80158d-47279818202944", "study_name": "RF", "directions": [1]}
{"op_code": 4, "worker_id": "124f5eb2-34b2-4912-b6b1-bff71e80158d-47280521058048", "study_id": 0, "datetime_start": "2023-11-07T17:18:24.890067"}
{"op_code": 5, "worker_id": "124f5eb2-34b2-4912-b6b1-bff71e80158d-47280521058048", "trial_id": 2, "param_name": "n_estimators", "param_value_internal": 3, "distribution": "{\"name\": \"CategoricalDistribution\", \"attributes\": {\"choices\": [10, 20, 50, 200, 500]}}"}
{"op_code": 5, "worker_id": "124f5eb2-34b2-4912-b6b1-bff71e80158d-47280521058048", "trial_id": 2, "param_name": "max_features", "param_value_internal": 2, "distribution": "{\"name\": \"CategoricalDistribution\", \"attributes\": {\"choices\": [\"auto\", \"sqrt\", \"log2\"]}}"}
{"op_code": 5, "worker_id": "124f5eb2-34b2-4912-b6b1-bff71e80158d-47280521058048", "trial_id": 2, "param_name": "max_depth", "param_value_internal": 5, "distribution": "{\"name\": \"CategoricalDistribution\", \"attributes\": {\"choices\": [null, 2, 3, 4, 5, 10]}}"}
{"op_code": 6, "worker_id": "124f5eb2-34b2-4912-b6b1-bff71e80158d-47280521058048", "trial_id": 2, "state": 1, "values": [0.1368294480595562], "datetime_complete": "2023-11-07T17:18:26.990942"}
{"op_code": 0, "worker_id": "2cad2cfe-e54d-4067-9cec-a778ea37e6f0-47279818202944", "study_name": "RF", "directions": [1]}
{"op_code": 4, "worker_id": "2cad2cfe-e54d-4067-9cec-a778ea37e6f0-47280521058048", "study_id": 0, "datetime_start": "2023-11-07T17:25:12.648141"}
{"op_code": 5, "worker_id": "2cad2cfe-e54d-4067-9cec-a778ea37e6f0-47280521058048", "trial_id": 3, "param_name": "n_estimators", "param_value_internal": 3, "distribution": "{\"name\": \"CategoricalDistribution\", \"attributes\": {\"choices\": [10, 20, 50, 200, 500]}}"}
{"op_code": 5, "worker_id": "2cad2cfe-e54d-4067-9cec-a778ea37e6f0-47280521058048", "trial_id": 3, "param_name": "max_features", "param_value_internal": 2, "distribution": "{\"name\": \"CategoricalDistribution\", \"attributes\": {\"choices\": [\"auto\", \"sqrt\", \"log2\"]}}"}
{"op_code": 5, "worker_id": "2cad2cfe-e54d-4067-9cec-a778ea37e6f0-47280521058048", "trial_id": 3, "param_name": "max_depth", "param_value_internal": 0, "distribution": "{\"name\": \"CategoricalDistribution\", \"attributes\": {\"choices\": [null, 2, 3, 4, 5, 10]}}"}
{"op_code": 6, "worker_id": "2cad2cfe-e54d-4067-9cec-a778ea37e6f0-47280521058048", "trial_id": 3, "state": 1, "values": [0.15807346197006575], "datetime_complete": "2023-11-07T17:25:14.739646"}
{"op_code": 0, "worker_id": "9c4654f0-d9e4-4ea2-907d-b0ee72319623-47279818202944", "study_name": "RF", "directions": [1]}
{"op_code": 4, "worker_id": "9c4654f0-d9e4-4ea2-907d-b0ee72319623-47280521058048", "study_id": 0, "datetime_start": "2023-11-07T17:32:00.942873"}
{"op_code": 5, "worker_id": "9c4654f0-d9e4-4ea2-907d-b0ee72319623-47280521058048", "trial_id": 4, "param_name": "n_estimators", "param_value_internal": 4, "distribution": "{\"name\": \"CategoricalDistribution\", \"attributes\": {\"choices\": [10, 20, 50, 200, 500]}}"}
{"op_code": 5, "worker_id": "9c4654f0-d9e4-4ea2-907d-b0ee72319623-47280521058048", "trial_id": 4, "param_name": "max_features", "param_value_internal": 2, "distribution": "{\"name\": \"CategoricalDistribution\", \"attributes\": {\"choices\": [\"auto\", \"sqrt\", \"log2\"]}}"}
{"op_code": 5, "worker_id": "9c4654f0-d9e4-4ea2-907d-b0ee72319623-47280521058048", "trial_id": 4, "param_name": "max_depth", "param_value_internal": 5, "distribution": "{\"name\": \"CategoricalDistribution\", \"attributes\": {\"choices\": [null, 2, 3, 4, 5, 10]}}"}
{"op_code": 6, "worker_id": "9c4654f0-d9e4-4ea2-907d-b0ee72319623-47280521058048", "trial_id": 4, "state": 1, "values": [0.15637231466325943], "datetime_complete": "2023-11-07T17:32:03.063488"}
{"op_code": 0, "worker_id": "9c72091c-4cd2-4cea-a0ca-f3f3af32e5a2-47817365380928", "study_name": "RF", "directions": [1]}
{"op_code": 4, "worker_id": "9c72091c-4cd2-4cea-a0ca-f3f3af32e5a2-47818068719360", "study_id": 0, "datetime_start": "2023-11-14T14:59:46.399358"}
{"op_code": 5, "worker_id": "9c72091c-4cd2-4cea-a0ca-f3f3af32e5a2-47818068719360", "trial_id": 5, "param_name": "n_estimators", "param_value_internal": 2, "distribution": "{\"name\": \"CategoricalDistribution\", \"attributes\": {\"choices\": [10, 20, 50, 200, 500]}}"}
{"op_code": 5, "worker_id": "9c72091c-4cd2-4cea-a0ca-f3f3af32e5a2-47818068719360", "trial_id": 5, "param_name": "max_features", "param_value_internal": 0, "distribution": "{\"name\": \"CategoricalDistribution\", \"attributes\": {\"choices\": [\"auto\", \"sqrt\", \"log2\"]}}"}
{"op_code": 5, "worker_id": "9c72091c-4cd2-4cea-a0ca-f3f3af32e5a2-47818068719360", "trial_id": 5, "param_name": "max_depth", "param_value_internal": 3, "distribution": "{\"name\": \"CategoricalDistribution\", \"attributes\": {\"choices\": [null, 2, 3, 4, 5, 10]}}"}
{"op_code": 6, "worker_id": "9c72091c-4cd2-4cea-a0ca-f3f3af32e5a2-47818068719360", "trial_id": 5, "state": 1, "values": [0.15317814279919673], "datetime_complete": "2023-11-14T14:59:48.506498"}
{"op_code": 0, "worker_id": "ee31bd24-976c-4bfc-ac06-e9a5a43efc0a-47817365380928", "study_name": "RF", "directions": [1]}
{"op_code": 4, "worker_id": "ee31bd24-976c-4bfc-ac06-e9a5a43efc0a-47818068719360", "study_id": 0, "datetime_start": "2023-11-14T15:06:16.607426"}
{"op_code": 5, "worker_id": "ee31bd24-976c-4bfc-ac06-e9a5a43efc0a-47818068719360", "trial_id": 6, "param_name": "n_estimators", "param_value_internal": 1, "distribution": "{\"name\": \"CategoricalDistribution\", \"attributes\": {\"choices\": [10, 20, 50, 200, 500]}}"}
{"op_code": 5, "worker_id": "ee31bd24-976c-4bfc-ac06-e9a5a43efc0a-47818068719360", "trial_id": 6, "param_name": "max_features", "param_value_internal": 2, "distribution": "{\"name\": \"CategoricalDistribution\", \"attributes\": {\"choices\": [\"auto\", \"sqrt\", \"log2\"]}}"}
{"op_code": 5, "worker_id": "ee31bd24-976c-4bfc-ac06-e9a5a43efc0a-47818068719360", "trial_id": 6, "param_name": "max_depth", "param_value_internal": 3, "distribution": "{\"name\": \"CategoricalDistribution\", \"attributes\": {\"choices\": [null, 2, 3, 4, 5, 10]}}"}
{"op_code": 6, "worker_id": "ee31bd24-976c-4bfc-ac06-e9a5a43efc0a-47818068719360", "trial_id": 6, "state": 1, "values": [0.1501235285665042], "datetime_complete": "2023-11-14T15:06:18.731835"}
{"op_code": 0, "worker_id": "732479ec-f661-4817-b1dd-47ca3442e8f6-47817365380928", "study_name": "RF", "directions": [1]}
{"op_code": 4, "worker_id": "732479ec-f661-4817-b1dd-47ca3442e8f6-47818068719360", "study_id": 0, "datetime_start": "2023-11-14T15:12:52.488729"}
{"op_code": 5, "worker_id": "732479ec-f661-4817-b1dd-47ca3442e8f6-47818068719360", "trial_id": 7, "param_name": "n_estimators", "param_value_internal": 2, "distribution": "{\"name\": \"CategoricalDistribution\", \"attributes\": {\"choices\": [10, 20, 50, 200, 500]}}"}
{"op_code": 5, "worker_id": "732479ec-f661-4817-b1dd-47ca3442e8f6-47818068719360", "trial_id": 7, "param_name": "max_features", "param_value_internal": 2, "distribution": "{\"name\": \"CategoricalDistribution\", \"attributes\": {\"choices\": [\"auto\", \"sqrt\", \"log2\"]}}"}
{"op_code": 5, "worker_id": "732479ec-f661-4817-b1dd-47ca3442e8f6-47818068719360", "trial_id": 7, "param_name": "max_depth", "param_value_internal": 2, "distribution": "{\"name\": \"CategoricalDistribution\", \"attributes\": {\"choices\": [null, 2, 3, 4, 5, 10]}}"}
{"op_code": 6, "worker_id": "732479ec-f661-4817-b1dd-47ca3442e8f6-47818068719360", "trial_id": 7, "state": 1, "values": [0.15672153666576846], "datetime_complete": "2023-11-14T15:12:54.624572"}
{"op_code": 0, "worker_id": "e1fd1532-e087-4323-8043-6b55ada431e6-47817365380928", "study_name": "RF", "directions": [1]}
{"op_code": 4, "worker_id": "e1fd1532-e087-4323-8043-6b55ada431e6-47818068719360", "study_id": 0, "datetime_start": "2023-11-14T15:19:31.201063"}
{"op_code": 5, "worker_id": "e1fd1532-e087-4323-8043-6b55ada431e6-47818068719360", "trial_id": 8, "param_name": "n_estimators", "param_value_internal": 3, "distribution": "{\"name\": \"CategoricalDistribution\", \"attributes\": {\"choices\": [10, 20, 50, 200, 500]}}"}
{"op_code": 5, "worker_id": "e1fd1532-e087-4323-8043-6b55ada431e6-47818068719360", "trial_id": 8, "param_name": "max_features", "param_value_internal": 2, "distribution": "{\"name\": \"CategoricalDistribution\", \"attributes\": {\"choices\": [\"auto\", \"sqrt\", \"log2\"]}}"}
{"op_code": 5, "worker_id": "e1fd1532-e087-4323-8043-6b55ada431e6-47818068719360", "trial_id": 8, "param_name": "max_depth", "param_value_internal": 0, "distribution": "{\"name\": \"CategoricalDistribution\", \"attributes\": {\"choices\": [null, 2, 3, 4, 5, 10]}}"}
{"op_code": 6, "worker_id": "e1fd1532-e087-4323-8043-6b55ada431e6-47818068719360", "trial_id": 8, "state": 1, "values": [0.16312306608576052], "datetime_complete": "2023-11-14T15:19:33.316658"}
